2026-02-12 17:01:17,322 : INFO : root : Loading config.
2026-02-12 17:01:17,322 : INFO : YamlMultifileConfigLoader : Machine config file #1: config.yaml
2026-02-12 17:01:17,322 : INFO : ConfigProcessor : Loading config from cache: C:\Users\tl\AppData\Local\Temp\86f932e179f318f5dae29f066573dee9.mpf_cache
2026-02-12 17:01:17,416 : DEBUG : YamlMultifileConfigLoader : Loading mode attract from C:\mpf\Lib\site-packages\mpf\modes\attract\config\attract.yaml
2026-02-12 17:01:17,416 : DEBUG : YamlMultifileConfigLoader : Loading mode attract from C:\mpf\Lib\site-packages\mpf\modes\attract\config\attract.yaml
2026-02-12 17:01:17,416 : INFO : ConfigProcessor : Loading config from cache: C:\Users\tl\AppData\Local\Temp\5e7e3dd8e04e0aa46ea76018297218da.mpf_cache
2026-02-12 17:01:17,416 : DEBUG : YamlMultifileConfigLoader : Loading mode game from C:\mpf\Lib\site-packages\mpf\modes\game\config\game.yaml
2026-02-12 17:01:17,416 : INFO : ConfigProcessor : Loading config from cache: C:\Users\tl\AppData\Local\Temp\af6ad0dab2f43bd9cbdac83e0b2786ac.mpf_cache
2026-02-12 17:01:17,416 : DEBUG : YamlMultifileConfigLoader : Loading mode attract from C:\mpf\Lib\site-packages\mpf\modes\attract\config\attract.yaml
2026-02-12 17:01:17,416 : DEBUG : YamlMultifileConfigLoader : Loading mode attract from C:\mpf\Lib\site-packages\mpf\modes\attract\config\attract.yaml
2026-02-12 17:01:17,416 : INFO : ConfigProcessor : Loading config from cache: C:\Users\tl\AppData\Local\Temp\5e7e3dd8e04e0aa46ea76018297218da.mpf_cache
2026-02-12 17:01:17,416 : DEBUG : YamlMultifileConfigLoader : Loading mode service from C:\mpf\Lib\site-packages\mpf\modes\service\config\service.yaml
2026-02-12 17:01:17,431 : INFO : ConfigProcessor : Loading config from cache: C:\Users\tl\AppData\Local\Temp\5d3b5ebc494e9a7257164cf172f94bef.mpf_cache
2026-02-12 17:01:17,431 : INFO : ConfigProcessor : Loading config from cache: C:\Users\tl\AppData\Local\Temp\5d4a31ba12353a8d97b779019117e810.mpf_cache
2026-02-12 17:01:17,431 : INFO : Machine : Mission Pinball Framework Core Engine v0.80.0.dev12
2026-02-12 17:01:17,431 : INFO : Machine : Command line arguments: {'no_load_cache': False, 'create_config_cache': True, 'bcp': False, 'configfile': ['config.yaml'], 'force_assets_load': False, 'platform_integration_test': False, 'jsonlogging': False, 'logfile': 'logs\\2026-02-12-17-01-17-mpf-DESKTOP-HV85DRD.log', 'pause': False, 'production': False, 'text_ui': True, 'loglevel': 10, 'consoleloglevel': 20, 'force_platform': None, 'syslog_address': None, 'full_logfile_path': 'C:\\Users\\tl\\Documents\\tl-pinball\\logs\\2026-02-12-17-01-17-mpf-DESKTOP-HV85DRD.log'}
2026-02-12 17:01:17,431 : INFO : Machine : MPF path: C:\mpf\Lib\site-packages\mpf
2026-02-12 17:01:17,431 : INFO : Machine : Machine path: C:\Users\tl\Documents\tl-pinball
2026-02-12 17:01:17,431 : INFO : Machine : Platform: win32
2026-02-12 17:01:17,431 : INFO : Machine : Python executable location: C:\mpf\Scripts\python.exe
2026-02-12 17:01:17,431 : INFO : Machine : Python version: 3.12.7 (64-bit)
2026-02-12 17:01:17,431 : DEBUG : asyncio : Using proactor: IocpProactor
2026-02-12 17:01:17,431 : INFO : Machine : Initializing MPF...
2026-02-12 17:01:17,540 : DEBUG : asciimatics.widgets.layout : Updating: None
2026-02-12 17:01:17,540 : DEBUG : asciimatics.widgets.layout : Updating: None
2026-02-12 17:01:17,540 : DEBUG : asciimatics.widgets.layout : Updating: None
2026-02-12 17:01:17,540 : DEBUG : asciimatics.widgets.layout : Updating: None
2026-02-12 17:01:17,540 : DEBUG : asciimatics.widgets.layout : Updating: None
2026-02-12 17:01:17,540 : DEBUG : asciimatics.widgets.layout : Updating: None
2026-02-12 17:01:17,540 : DEBUG : asciimatics.widgets.layout : Updating: None
2026-02-12 17:01:17,540 : DEBUG : asciimatics.widgets.layout : Updating: None
2026-02-12 17:01:17,540 : DEBUG : asciimatics.widgets.layout : Updating: None
2026-02-12 17:01:17,540 : DEBUG : asciimatics.widgets.layout : Updating: None
2026-02-12 17:01:17,540 : DEBUG : asciimatics.widgets.layout : Updating: None
2026-02-12 17:01:17,540 : DEBUG : asciimatics.widgets.layout : Updating: None
2026-02-12 17:01:17,540 : DEBUG : asciimatics.widgets.widget : Widget blur: <asciimatics.widgets.label.Label object at 0x0000021F11069F20>
2026-02-12 17:01:17,540 : DEBUG : asciimatics.widgets.widget : Widget blur: <asciimatics.widgets.label.Label object at 0x0000021F1128E0C0>
2026-02-12 17:01:17,540 : DEBUG : asciimatics.widgets.widget : Widget blur: <asciimatics.widgets.label.Label object at 0x0000021F1128E260>
2026-02-12 17:01:17,540 : DEBUG : asciimatics.widgets.layout : Blur: <asciimatics.widgets.layout.Layout object at 0x0000021F1128B1C0>
2026-02-12 17:01:17,540 : DEBUG : asciimatics.widgets.layout : Blur: <mpf.core.text_ui.MpfLayout object at 0x0000021F110E86E0>
2026-02-12 17:01:17,540 : DEBUG : asciimatics.widgets.layout : Updating: None
2026-02-12 17:01:17,540 : DEBUG : asciimatics.widgets.layout : Updating: None
2026-02-12 17:01:17,540 : DEBUG : asciimatics.widgets.layout : Updating: None
2026-02-12 17:01:17,540 : DEBUG : asciimatics.widgets.layout : Updating: None
2026-02-12 17:01:17,540 : DEBUG : asciimatics.widgets.layout : Updating: None
2026-02-12 17:01:17,540 : DEBUG : asciimatics.widgets.layout : Updating: None
2026-02-12 17:01:17,540 : DEBUG : asciimatics.widgets.widget : Widget blur: <asciimatics.widgets.label.Label object at 0x0000021F1128E670>
2026-02-12 17:01:17,540 : DEBUG : asciimatics.widgets.widget : Widget blur: <asciimatics.widgets.label.Label object at 0x0000021F1128E5A0>
2026-02-12 17:01:17,540 : DEBUG : asciimatics.widgets.widget : Widget blur: <asciimatics.widgets.label.Label object at 0x0000021F1128E740>
2026-02-12 17:01:17,540 : DEBUG : asciimatics.widgets.widget : Widget blur: <asciimatics.widgets.label.Label object at 0x0000021F1128E4D0>
2026-02-12 17:01:17,540 : DEBUG : asciimatics.widgets.widget : Widget blur: <asciimatics.widgets.label.Label object at 0x0000021F1128E400>
2026-02-12 17:01:17,540 : DEBUG : asciimatics.widgets.widget : Widget blur: <asciimatics.widgets.label.Label object at 0x0000021F1128E330>
2026-02-12 17:01:17,540 : DEBUG : asciimatics.widgets.layout : Blur: <asciimatics.widgets.layout.Layout object at 0x0000021F1128B220>
2026-02-12 17:01:17,540 : DEBUG : asciimatics.widgets.layout : Focus: <asciimatics.widgets.layout.Layout object at 0x0000021F1128B1C0>
2026-02-12 17:01:17,540 : DEBUG : asciimatics.widgets.layout : Focus: <mpf.core.text_ui.MpfLayout object at 0x0000021F110E86E0>
2026-02-12 17:01:17,540 : DEBUG : asciimatics.widgets.layout : Focus: <asciimatics.widgets.layout.Layout object at 0x0000021F1128B220>
2026-02-12 17:01:17,540 : DEBUG : asciimatics.widgets.frame : Cloning: Test
2026-02-12 17:01:17,540 : DEBUG : asciimatics.widgets.layout : Updating: None
2026-02-12 17:01:17,540 : DEBUG : asciimatics.widgets.layout : Updating: None
2026-02-12 17:01:17,540 : DEBUG : asciimatics.widgets.layout : Updating: None
2026-02-12 17:01:17,540 : DEBUG : asciimatics.widgets.layout : Updating: None
2026-02-12 17:01:17,540 : DEBUG : asciimatics.widgets.layout : Updating: None
2026-02-12 17:01:17,540 : DEBUG : asciimatics.widgets.layout : Updating: None
2026-02-12 17:01:17,540 : DEBUG : asciimatics.widgets.layout : Updating: None
2026-02-12 17:01:17,540 : DEBUG : asciimatics.widgets.layout : Updating: None
2026-02-12 17:01:17,540 : DEBUG : asciimatics.widgets.layout : Updating: None
2026-02-12 17:01:17,540 : DEBUG : asciimatics.widgets.layout : Updating: None
2026-02-12 17:01:17,540 : DEBUG : asciimatics.widgets.layout : Updating: None
2026-02-12 17:01:17,540 : DEBUG : asciimatics.widgets.layout : Updating: None
2026-02-12 17:01:17,540 : DEBUG : asciimatics.widgets.layout : Updating: None
2026-02-12 17:01:17,540 : DEBUG : asciimatics.widgets.layout : Updating: None
2026-02-12 17:01:17,540 : DEBUG : asciimatics.widgets.layout : Updating: None
2026-02-12 17:01:17,540 : DEBUG : asciimatics.widgets.layout : Updating: None
2026-02-12 17:01:17,540 : DEBUG : asciimatics.widgets.layout : Updating: None
2026-02-12 17:01:17,540 : DEBUG : asciimatics.widgets.layout : Updating: None
2026-02-12 17:01:17,540 : DEBUG : asciimatics.screen : Processing key: d
2026-02-12 17:01:17,869 : INFO : FAST : Auto-detecting ports for the following connections: ['net', 'exp']
2026-02-12 17:01:17,869 : DEBUG : FAST : Port COM3 is connected to a FAST Neuron Controller.
2026-02-12 17:01:17,869 : DEBUG : FAST : Port COM5 is connected to a FAST Neuron Controller.
2026-02-12 17:01:17,869 : DEBUG : FAST : Port COM4 is connected to a FAST Neuron Controller.
2026-02-12 17:01:17,901 : INFO : FAST : Detected NET on port COM4
2026-02-12 17:01:17,916 : INFO : FAST : Detected EXP on port COM5
2026-02-12 17:01:18,026 : INFO : FAST [NET] : Trying to connect to COM4 at 921600bps
2026-02-12 17:01:18,030 : INFO : FAST [NET] : Connected to COM4 at 921600bps
2026-02-12 17:01:18,041 : INFO : FAST [NET] : Connected to FP-CPU-2000 with firmware v02.26
2026-02-12 17:01:18,072 : INFO : FAST [NET] : Registered I/O Board 0: Model: FP-I/O-0804, Firmware: 01.10, Switches: 8, Drivers: 4
2026-02-12 17:01:18,088 : INFO : FAST [NET] : Registered I/O Board 1: Model: FP-I/O-1616, Firmware: 01.10, Switches: 16, Drivers: 16
2026-02-12 17:01:18,104 : INFO : FAST [NET] : Registered I/O Board 2: Model: FP-I/O-3208, Firmware: 01.10, Switches: 32, Drivers: 8
2026-02-12 17:01:18,119 : INFO : FAST [NET] : Registered I/O Board 3: Model: FP-I/O-1616, Firmware: 01.10, Switches: 16, Drivers: 16
2026-02-12 17:01:18,119 : INFO : FAST [EXP] : Trying to connect to COM5 at 921600bps
2026-02-12 17:01:18,119 : INFO : FAST [EXP] : Connected to COM5 at 921600bps
2026-02-12 17:01:18,119 : DEBUG : FAST [EXP] : Creating FAST Expansion Board "ledneuron" (FP-EXP-2000 Address: 48)
2026-02-12 17:01:18,119 : DEBUG : FAST [EXP] : Creating FAST Breakout Board 0 on EXP "ledneuron" (FP-EXP-2000, @48)
2026-02-12 17:01:18,135 : INFO : FAST [EXP] : Verifying hardware for EXP "ledneuron" (FP-EXP-2000, @48) with ID string "EXP FP-EXP-2000  0.42", board address 48
2026-02-12 17:01:18,165 : INFO : FAST [EXP] : Verifying hardware for EXP "ledneuron" (FP-EXP-2000, @48) with ID string "BRK FP-EXP-2000  0.42", board address 480
2026-02-12 17:01:18,181 : DEBUG : FAST [EXP] : Creating FAST Expansion Board "ledpf1" (FP-EXP-0081 Address: 84)
2026-02-12 17:01:18,181 : DEBUG : FAST [EXP] : Creating FAST Breakout Board 0 on EXP "ledpf1" (FP-EXP-0081, @84)
2026-02-12 17:01:18,181 : DEBUG : FAST [EXP] : Creating FAST Breakout Board 1 on EXP "ledpf1" (FP-EXP-0081, @84)
2026-02-12 17:01:18,197 : INFO : FAST [EXP] : Verifying hardware for EXP "ledpf1" (FP-EXP-0081, @84) with ID string "EXP FP-EXP-0081  0.38", board address 84
2026-02-12 17:01:18,212 : INFO : FAST [EXP] : Verifying hardware for EXP "ledpf1" (FP-EXP-0081, @84) with ID string "BRK FP-EXP-0081  0.38", board address 840
2026-02-12 17:01:18,228 : INFO : FAST [EXP] : Verifying hardware for EXP "ledpf1" (FP-EXP-0081, @84) with ID string "BRK FP-EXP-0081  0.38", board address 841
2026-02-12 17:01:18,244 : INFO : EventManager : Event: ======'machine_var_credits_string'====== Args={'value': 'FREE PLAY', 'prev_value': None, 'change': True}
2026-02-12 17:01:18,260 : DEBUG : YAML File Interface : Loading file: C:\Users\tl\Documents\tl-pinball\data/machine_vars.yaml
2026-02-12 17:01:18,260 : INFO : EventManager : Event: ======'machine_var_master_volume'====== Args={'value': 0.5, 'prev_value': None, 'change': True}
2026-02-12 17:01:18,260 : INFO : EventManager : Event: ======'machine_var_player1_score'====== Args={'value': 0, 'prev_value': None, 'change': True}
2026-02-12 17:01:18,260 : INFO : EventManager : Event: ======'machine_var_mpf_version'====== Args={'value': 'Mission Pinball Framework v0.80.0.dev12', 'prev_value': None, 'change': True}
2026-02-12 17:01:18,260 : INFO : EventManager : Event: ======'machine_var_mpf_extended_version'====== Args={'value': 'Mission Pinball Framework v0.80.0.dev12, Config version:6, Show version: 6, BCP version:1.1', 'prev_value': None, 'change': True}
2026-02-12 17:01:18,260 : INFO : EventManager : Event: ======'machine_var_python_version'====== Args={'value': '3.12.7', 'prev_value': None, 'change': True}
2026-02-12 17:01:18,371 : INFO : EventManager : Event: ======'machine_var_platform'====== Args={'value': 'Windows-10-10.0.19044-SP0', 'prev_value': None, 'change': True}
2026-02-12 17:01:18,371 : INFO : EventManager : Event: ======'machine_var_platform_system'====== Args={'value': 'Windows', 'prev_value': None, 'change': True}
2026-02-12 17:01:18,371 : INFO : EventManager : Event: ======'machine_var_platform_release'====== Args={'value': '10', 'prev_value': None, 'change': True}
2026-02-12 17:01:18,371 : INFO : EventManager : Event: ======'machine_var_platform_version'====== Args={'value': '10.0.19044', 'prev_value': None, 'change': True}
2026-02-12 17:01:18,371 : INFO : EventManager : Event: ======'machine_var_platform_machine'====== Args={'value': 'AMD64', 'prev_value': None, 'change': True}
2026-02-12 17:01:18,371 : INFO : EventManager : Event: ======'machine_var_log_file_path'====== Args={'value': 'C:\\Users\\tl\\Documents\\tl-pinball\\logs\\2026-02-12-17-01-17-mpf-DESKTOP-HV85DRD.log', 'prev_value': None, 'change': True}
2026-02-12 17:01:18,371 : INFO : EventManager : Event: ======'init_phase_1'====== Args={}
2026-02-12 17:01:18,376 : DEBUG : ModeController : Loaded mode game
2026-02-12 17:01:18,381 : DEBUG : ModeController : Loaded mode attract
2026-02-12 17:01:18,385 : DEBUG : ModeController : Loaded mode service
2026-02-12 17:01:18,400 : DEBUG : FASTLED : Creating FAST RGB LED on expansion board at hardware address: 48000
2026-02-12 17:01:18,400 : DEBUG : FASTLED : Creating FAST RGB LED on expansion board at hardware address: 48001
2026-02-12 17:01:18,400 : INFO : EventManager : Event: ======'drop_target_bank_dtb_characters_up'====== Args={}
2026-02-12 17:01:18,400 : INFO : EventManager : Event: ======'drop_target_bank_dtb_rollover_up'====== Args={}
2026-02-12 17:01:20,916 : INFO : SwitchController : <<<<<<< 's_24_trough_1' active >>>>>>>
2026-02-12 17:01:20,916 : INFO : SwitchController : <<<<<<< 's_71_spinner_left' active >>>>>>>
2026-02-12 17:01:20,916 : INFO : SwitchController : <<<<<<< 's_72_single_drop_1' active >>>>>>>
2026-02-12 17:01:20,916 : INFO : SwitchController : <<<<<<< 's_74_fourbank_drop_2' active >>>>>>>
2026-02-12 17:01:20,916 : INFO : SwitchController : <<<<<<< 's_75_fourbank_drop_3' active >>>>>>>
2026-02-12 17:01:20,916 : INFO : SwitchController : <<<<<<< 's_77_threebank_drop_1' active >>>>>>>
2026-02-12 17:01:20,916 : INFO : SwitchController : <<<<<<< 's_78_threebank_drop_2' active >>>>>>>
2026-02-12 17:01:20,916 : INFO : SwitchController : <<<<<<< 's_79_threebank_drop_3' active >>>>>>>
2026-02-12 17:01:20,962 : INFO : EventManager : Event: ======'init_phase_2'====== Args={}
2026-02-12 17:01:20,962 : INFO : SwitchController : Found active switch: (24, [FAST Platform Interface]) <switch.s_24_trough_1>
2026-02-12 17:01:20,962 : INFO : SwitchController : Found active switch: (23, [FAST Platform Interface]) <switch.s_71_spinner_left>
2026-02-12 17:01:20,962 : INFO : SwitchController : Found active switch: (56, [FAST Platform Interface]) <switch.s_72_single_drop_1>
2026-02-12 17:01:20,962 : INFO : SwitchController : Found active switch: (58, [FAST Platform Interface]) <switch.s_74_fourbank_drop_2>
2026-02-12 17:01:20,962 : INFO : SwitchController : Found active switch: (59, [FAST Platform Interface]) <switch.s_75_fourbank_drop_3>
2026-02-12 17:01:20,962 : INFO : SwitchController : Found active switch: (61, [FAST Platform Interface]) <switch.s_77_threebank_drop_1>
2026-02-12 17:01:20,962 : INFO : SwitchController : Found active switch: (62, [FAST Platform Interface]) <switch.s_78_threebank_drop_2>
2026-02-12 17:01:20,962 : INFO : SwitchController : Found active switch: (63, [FAST Platform Interface]) <switch.s_79_threebank_drop_3>
2026-02-12 17:01:20,962 : INFO : ball_device.bd_plunger : BCH: Initial count: 0
2026-02-12 17:01:20,962 : INFO : ball_device.bd_plunger : State: idle
2026-02-12 17:01:21,417 : INFO : ball_device.bd_trough : BCH: Initial count: 1
2026-02-12 17:01:21,417 : INFO : ball_device.bd_trough : State: idle
2026-02-12 17:01:21,419 : DEBUG : YAML File Interface : Loading file: C:\Users\tl\Documents\tl-pinball\data/audits.yaml
2026-02-12 17:01:21,427 : DEBUG : Machine : "info_lights:" section not found in machine configuration, so the InfoLights will not be used.
2026-02-12 17:01:21,429 : DEBUG : Machine : "switch_player:" section not found in machine configuration, so the SwitchPlayer will not be used.
2026-02-12 17:01:21,431 : DEBUG : Machine : "twitch_client:" section not found in machine configuration, so the TwitchBot will not be used.
2026-02-12 17:01:21,431 : DEBUG : Machine : "virtual_segment_display_connector:" section not found in machine configuration, so the VirtualSegmentDisplayConnector will not be used.
2026-02-12 17:01:21,431 : INFO : EventManager : Event: ======'init_phase_3'====== Args={}
2026-02-12 17:01:21,431 : DEBUG : ShowController : Loading show: flash
2026-02-12 17:01:21,431 : DEBUG : ShowController : Loading show: on
2026-02-12 17:01:21,431 : DEBUG : ShowController : Loading show: off
2026-02-12 17:01:21,431 : DEBUG : ShowController : Loading show: led_color
2026-02-12 17:01:21,431 : DEBUG : ShowController : Loading show: bl_color
2026-02-12 17:01:21,431 : DEBUG : ShowController : Loading show: flash_color
2026-02-12 17:01:21,431 : DEBUG : ShowController : Loading show: output7
2026-02-12 17:01:21,431 : INFO : EventManager : Event: ======'init_phase_4'====== Args={}
2026-02-12 17:01:21,431 : INFO : EventManager : Event: ======'drop_target_dt_character_2_down'====== Args={'device': <drop_target.dt_character_2>}
2026-02-12 17:01:21,431 : INFO : EventManager : Event: ======'drop_target_dt_character_3_down'====== Args={'device': <drop_target.dt_character_3>}
2026-02-12 17:01:21,431 : INFO : EventManager : Event: ======'drop_target_dt_character_5_down'====== Args={'device': <drop_target.dt_character_5>}
2026-02-12 17:01:21,431 : INFO : EventManager : Event: ======'drop_target_dt_character_6_down'====== Args={'device': <drop_target.dt_character_6>}
2026-02-12 17:01:21,431 : INFO : EventManager : Event: ======'drop_target_dt_character_7_down'====== Args={'device': <drop_target.dt_character_7>}
2026-02-12 17:01:21,431 : INFO : EventManager : Event: ======'drop_target_dt_single_1_down'====== Args={'device': <drop_target.dt_single_1>}
2026-02-12 17:01:21,431 : INFO : BallController : Initial balls found: 1
2026-02-12 17:01:21,431 : INFO : EventManager : Event: ======'machine_var_audits_events_game_ended'====== Args={'value': 2, 'prev_value': None, 'change': True}
2026-02-12 17:01:21,431 : INFO : EventManager : Event: ======'machine_var_audits_events_game_started'====== Args={'value': 19, 'prev_value': None, 'change': True}
2026-02-12 17:01:21,431 : INFO : EventManager : Event: ======'machine_var_audits_missing_switches_s_0_service_esc'====== Args={'value': 19, 'prev_value': None, 'change': True}
2026-02-12 17:01:21,431 : INFO : EventManager : Event: ======'machine_var_audits_missing_switches_s_11_start_button'====== Args={'value': 4, 'prev_value': None, 'change': True}
2026-02-12 17:01:21,431 : INFO : EventManager : Event: ======'machine_var_audits_missing_switches_s_12_tilt_bob'====== Args={'value': 3, 'prev_value': None, 'change': True}
2026-02-12 17:01:21,431 : INFO : EventManager : Event: ======'machine_var_audits_missing_switches_s_13_coin_door'====== Args={'value': 3, 'prev_value': None, 'change': True}
2026-02-12 17:01:21,431 : INFO : EventManager : Event: ======'machine_var_audits_missing_switches_s_19_cab_arrow_left'====== Args={'value': 3, 'prev_value': None, 'change': True}
2026-02-12 17:01:21,431 : INFO : EventManager : Event: ======'machine_var_audits_missing_switches_s_1_service_up'====== Args={'value': 19, 'prev_value': None, 'change': True}
2026-02-12 17:01:21,431 : INFO : EventManager : Event: ======'machine_var_audits_missing_switches_s_20_cab_arrow_right'====== Args={'value': 3, 'prev_value': None, 'change': True}
2026-02-12 17:01:21,431 : INFO : EventManager : Event: ======'machine_var_audits_missing_switches_s_24_trough_1'====== Args={'value': 4, 'prev_value': None, 'change': True}
2026-02-12 17:01:21,431 : INFO : EventManager : Event: ======'machine_var_audits_missing_switches_s_25_trough_2'====== Args={'value': 4, 'prev_value': None, 'change': True}
2026-02-12 17:01:21,431 : INFO : EventManager : Event: ======'machine_var_audits_missing_switches_s_25_trough_jam'====== Args={'value': 2, 'prev_value': None, 'change': True}
2026-02-12 17:01:21,431 : INFO : EventManager : Event: ======'machine_var_audits_missing_switches_s_26_trough_1'====== Args={'value': 1, 'prev_value': None, 'change': True}
2026-02-12 17:01:21,431 : INFO : EventManager : Event: ======'machine_var_audits_missing_switches_s_26_trough_3'====== Args={'value': 4, 'prev_value': None, 'change': True}
2026-02-12 17:01:21,431 : INFO : EventManager : Event: ======'machine_var_audits_missing_switches_s_27_trough_4'====== Args={'value': 4, 'prev_value': None, 'change': True}
2026-02-12 17:01:21,431 : INFO : EventManager : Event: ======'machine_var_audits_missing_switches_s_28_trough_3'====== Args={'value': 1, 'prev_value': None, 'change': True}
2026-02-12 17:01:21,431 : INFO : EventManager : Event: ======'machine_var_audits_missing_switches_s_28_trough_5'====== Args={'value': 4, 'prev_value': None, 'change': True}
2026-02-12 17:01:21,431 : INFO : EventManager : Event: ======'machine_var_audits_missing_switches_s_29_trough_4'====== Args={'value': 1, 'prev_value': None, 'change': True}
2026-02-12 17:01:21,431 : INFO : EventManager : Event: ======'machine_var_audits_missing_switches_s_29_trough_6'====== Args={'value': 4, 'prev_value': None, 'change': True}
2026-02-12 17:01:21,431 : INFO : EventManager : Event: ======'machine_var_audits_missing_switches_s_2_service_down'====== Args={'value': 19, 'prev_value': None, 'change': True}
2026-02-12 17:01:21,431 : INFO : EventManager : Event: ======'machine_var_audits_missing_switches_s_32_right_inlane'====== Args={'value': 17, 'prev_value': None, 'change': True}
2026-02-12 17:01:21,431 : INFO : EventManager : Event: ======'machine_var_audits_missing_switches_s_33_right_outlane'====== Args={'value': 19, 'prev_value': None, 'change': True}
2026-02-12 17:01:21,431 : INFO : EventManager : Event: ======'machine_var_audits_missing_switches_s_34_right_sling'====== Args={'value': 11, 'prev_value': None, 'change': True}
2026-02-12 17:01:21,431 : INFO : EventManager : Event: ======'machine_var_audits_missing_switches_s_35_left_inlane'====== Args={'value': 11, 'prev_value': None, 'change': True}
2026-02-12 17:01:21,431 : INFO : EventManager : Event: ======'machine_var_audits_missing_switches_s_36_left_outlane'====== Args={'value': 4, 'prev_value': None, 'change': True}
2026-02-12 17:01:21,431 : INFO : EventManager : Event: ======'machine_var_audits_missing_switches_s_37_left_sling'====== Args={'value': 6, 'prev_value': None, 'change': True}
2026-02-12 17:01:21,431 : INFO : EventManager : Event: ======'machine_var_audits_missing_switches_s_38_star_rollover_bottom'====== Args={'value': 16, 'prev_value': None, 'change': True}
2026-02-12 17:01:21,431 : INFO : EventManager : Event: ======'machine_var_audits_missing_switches_s_38_top_lane_a'====== Args={'value': 3, 'prev_value': None, 'change': True}
2026-02-12 17:01:21,431 : INFO : EventManager : Event: ======'machine_var_audits_missing_switches_s_39_star_rollover_top'====== Args={'value': 11, 'prev_value': None, 'change': True}
2026-02-12 17:01:21,431 : INFO : EventManager : Event: ======'machine_var_audits_missing_switches_s_39_top_lane_b'====== Args={'value': 3, 'prev_value': None, 'change': True}
2026-02-12 17:01:21,431 : INFO : EventManager : Event: ======'machine_var_audits_missing_switches_s_3_service_enter'====== Args={'value': 19, 'prev_value': None, 'change': True}
2026-02-12 17:01:21,431 : INFO : EventManager : Event: ======'machine_var_audits_missing_switches_s_40_stand_up_target_7'====== Args={'value': 11, 'prev_value': None, 'change': True}
2026-02-12 17:01:21,431 : INFO : EventManager : Event: ======'machine_var_audits_missing_switches_s_40_top_lane_c'====== Args={'value': 3, 'prev_value': None, 'change': True}
2026-02-12 17:01:21,431 : INFO : EventManager : Event: ======'machine_var_audits_missing_switches_s_41_pop_bumper_1'====== Args={'value': 2, 'prev_value': None, 'change': True}
2026-02-12 17:01:21,431 : INFO : EventManager : Event: ======'machine_var_audits_missing_switches_s_41_stand_up_target_8'====== Args={'value': 11, 'prev_value': None, 'change': True}
2026-02-12 17:01:21,431 : INFO : EventManager : Event: ======'machine_var_audits_missing_switches_s_42_pop_bumper_2'====== Args={'value': 3, 'prev_value': None, 'change': True}
2026-02-12 17:01:21,431 : INFO : EventManager : Event: ======'machine_var_audits_missing_switches_s_42_stand_up_target_9'====== Args={'value': 13, 'prev_value': None, 'change': True}
2026-02-12 17:01:21,431 : INFO : EventManager : Event: ======'machine_var_audits_missing_switches_s_43_stand_up_target_10'====== Args={'value': 16, 'prev_value': None, 'change': True}
2026-02-12 17:01:21,431 : INFO : EventManager : Event: ======'machine_var_audits_missing_switches_s_44_spinner_left'====== Args={'value': 1, 'prev_value': None, 'change': True}
2026-02-12 17:01:21,431 : INFO : EventManager : Event: ======'machine_var_audits_missing_switches_s_44_spinner_right'====== Args={'value': 1, 'prev_value': None, 'change': True}
2026-02-12 17:01:21,431 : INFO : EventManager : Event: ======'machine_var_audits_missing_switches_s_45_spinner_right'====== Args={'value': 3, 'prev_value': None, 'change': True}
2026-02-12 17:01:21,431 : INFO : EventManager : Event: ======'machine_var_audits_missing_switches_s_45_varitarget_poisition_1'====== Args={'value': 3, 'prev_value': None, 'change': True}
2026-02-12 17:01:21,431 : INFO : EventManager : Event: ======'machine_var_audits_missing_switches_s_46_varitarget_poisition_2'====== Args={'value': 3, 'prev_value': None, 'change': True}
2026-02-12 17:01:21,431 : INFO : EventManager : Event: ======'machine_var_audits_missing_switches_s_47_varitarget_poisition_3'====== Args={'value': 3, 'prev_value': None, 'change': True}
2026-02-12 17:01:21,431 : INFO : EventManager : Event: ======'machine_var_audits_missing_switches_s_48_varitarget_poisition_4'====== Args={'value': 3, 'prev_value': None, 'change': True}
2026-02-12 17:01:21,431 : INFO : EventManager : Event: ======'machine_var_audits_missing_switches_s_49_varitarget_poisition_5'====== Args={'value': 3, 'prev_value': None, 'change': True}
2026-02-12 17:01:21,431 : INFO : EventManager : Event: ======'machine_var_audits_missing_switches_s_50_saucer_left'====== Args={'value': 3, 'prev_value': None, 'change': True}
2026-02-12 17:01:21,431 : INFO : EventManager : Event: ======'machine_var_audits_missing_switches_s_51_saucer_right'====== Args={'value': 2, 'prev_value': None, 'change': True}
2026-02-12 17:01:21,431 : INFO : EventManager : Event: ======'machine_var_audits_missing_switches_s_52_star_rollover_top'====== Args={'value': 3, 'prev_value': None, 'change': True}
2026-02-12 17:01:21,431 : INFO : EventManager : Event: ======'machine_var_audits_missing_switches_s_53_star_rollover_bottom'====== Args={'value': 3, 'prev_value': None, 'change': True}
2026-02-12 17:01:21,431 : INFO : EventManager : Event: ======'machine_var_audits_missing_switches_s_54_single_drop_1'====== Args={'value': 3, 'prev_value': None, 'change': True}
2026-02-12 17:01:21,431 : INFO : EventManager : Event: ======'machine_var_audits_missing_switches_s_55_fourbank_drop_1'====== Args={'value': 3, 'prev_value': None, 'change': True}
2026-02-12 17:01:21,431 : INFO : EventManager : Event: ======'machine_var_audits_missing_switches_s_56_fourbank_drop_2'====== Args={'value': 3, 'prev_value': None, 'change': True}
2026-02-12 17:01:21,431 : INFO : EventManager : Event: ======'machine_var_audits_missing_switches_s_56_pop_bumper_right'====== Args={'value': 6, 'prev_value': None, 'change': True}
2026-02-12 17:01:21,431 : INFO : EventManager : Event: ======'machine_var_audits_missing_switches_s_57_fourbank_drop_3'====== Args={'value': 2, 'prev_value': None, 'change': True}
2026-02-12 17:01:21,431 : INFO : EventManager : Event: ======'machine_var_audits_missing_switches_s_57_pop_bumper_center'====== Args={'value': 16, 'prev_value': None, 'change': True}
2026-02-12 17:01:21,431 : INFO : EventManager : Event: ======'machine_var_audits_missing_switches_s_58_fourbank_drop_4'====== Args={'value': 2, 'prev_value': None, 'change': True}
2026-02-12 17:01:21,431 : INFO : EventManager : Event: ======'machine_var_audits_missing_switches_s_58_pop_bumper_left'====== Args={'value': 6, 'prev_value': None, 'change': True}
2026-02-12 17:01:21,431 : INFO : EventManager : Event: ======'machine_var_audits_missing_switches_s_59_saucer_right'====== Args={'value': 6, 'prev_value': None, 'change': True}
2026-02-12 17:01:21,431 : INFO : EventManager : Event: ======'machine_var_audits_missing_switches_s_59_threebank_drop_1'====== Args={'value': 2, 'prev_value': None, 'change': True}
2026-02-12 17:01:21,431 : INFO : EventManager : Event: ======'machine_var_audits_missing_switches_s_60_threebank_drop_2'====== Args={'value': 2, 'prev_value': None, 'change': True}
2026-02-12 17:01:21,431 : INFO : EventManager : Event: ======'machine_var_audits_missing_switches_s_60_top_lane_c'====== Args={'value': 11, 'prev_value': None, 'change': True}
2026-02-12 17:01:21,431 : INFO : EventManager : Event: ======'machine_var_audits_missing_switches_s_61_threebank_drop_3'====== Args={'value': 3, 'prev_value': None, 'change': True}
2026-02-12 17:01:21,431 : INFO : EventManager : Event: ======'machine_var_audits_missing_switches_s_61_top_lane_b'====== Args={'value': 16, 'prev_value': None, 'change': True}
2026-02-12 17:01:21,431 : INFO : EventManager : Event: ======'machine_var_audits_missing_switches_s_62_stand_up_target_1'====== Args={'value': 3, 'prev_value': None, 'change': True}
2026-02-12 17:01:21,431 : INFO : EventManager : Event: ======'machine_var_audits_missing_switches_s_62_top_lane_a'====== Args={'value': 8, 'prev_value': None, 'change': True}
2026-02-12 17:01:21,431 : INFO : EventManager : Event: ======'machine_var_audits_missing_switches_s_63_stand_up_target_11'====== Args={'value': 7, 'prev_value': None, 'change': True}
2026-02-12 17:01:21,431 : INFO : EventManager : Event: ======'machine_var_audits_missing_switches_s_63_stand_up_target_2'====== Args={'value': 2, 'prev_value': None, 'change': True}
2026-02-12 17:01:21,431 : INFO : EventManager : Event: ======'machine_var_audits_missing_switches_s_64_stand_up_target_3'====== Args={'value': 2, 'prev_value': None, 'change': True}
2026-02-12 17:01:21,431 : INFO : EventManager : Event: ======'machine_var_audits_missing_switches_s_65_stand_up_target_4'====== Args={'value': 3, 'prev_value': None, 'change': True}
2026-02-12 17:01:21,431 : INFO : EventManager : Event: ======'machine_var_audits_missing_switches_s_65_varitarget_poisition_2'====== Args={'value': 16, 'prev_value': None, 'change': True}
2026-02-12 17:01:21,431 : INFO : EventManager : Event: ======'machine_var_audits_missing_switches_s_66_stand_up_target_5'====== Args={'value': 3, 'prev_value': None, 'change': True}
2026-02-12 17:01:21,431 : INFO : EventManager : Event: ======'machine_var_audits_missing_switches_s_66_varitarget_poisition_3'====== Args={'value': 16, 'prev_value': None, 'change': True}
2026-02-12 17:01:21,431 : INFO : EventManager : Event: ======'machine_var_audits_missing_switches_s_67_stand_up_target_6'====== Args={'value': 3, 'prev_value': None, 'change': True}
2026-02-12 17:01:21,431 : INFO : EventManager : Event: ======'machine_var_audits_missing_switches_s_67_varitarget_poisition_4'====== Args={'value': 11, 'prev_value': None, 'change': True}
2026-02-12 17:01:21,431 : INFO : EventManager : Event: ======'machine_var_audits_missing_switches_s_68_stand_up_target_7'====== Args={'value': 2, 'prev_value': None, 'change': True}
2026-02-12 17:01:21,431 : INFO : EventManager : Event: ======'machine_var_audits_missing_switches_s_68_varitarget_poisition_5'====== Args={'value': 16, 'prev_value': None, 'change': True}
2026-02-12 17:01:21,431 : INFO : EventManager : Event: ======'machine_var_audits_missing_switches_s_69_stand_up_target_8'====== Args={'value': 1, 'prev_value': None, 'change': True}
2026-02-12 17:01:21,431 : INFO : EventManager : Event: ======'machine_var_audits_missing_switches_s_69_varitarget_poisition_6'====== Args={'value': 16, 'prev_value': None, 'change': True}
2026-02-12 17:01:21,431 : INFO : EventManager : Event: ======'machine_var_audits_missing_switches_s_70_stand_up_target_9'====== Args={'value': 3, 'prev_value': None, 'change': True}
2026-02-12 17:01:21,431 : INFO : EventManager : Event: ======'machine_var_audits_missing_switches_s_70_varitarget_poisition_7'====== Args={'value': 9, 'prev_value': None, 'change': True}
2026-02-12 17:01:21,431 : INFO : EventManager : Event: ======'machine_var_audits_missing_switches_s_71_spinner_left'====== Args={'value': 16, 'prev_value': None, 'change': True}
2026-02-12 17:01:21,431 : INFO : EventManager : Event: ======'machine_var_audits_missing_switches_s_71_stand_up_target_10'====== Args={'value': 3, 'prev_value': None, 'change': True}
2026-02-12 17:01:21,431 : INFO : EventManager : Event: ======'machine_var_audits_missing_switches_s_72_single_drop_1'====== Args={'value': 16, 'prev_value': None, 'change': True}
2026-02-12 17:01:21,431 : INFO : EventManager : Event: ======'machine_var_audits_missing_switches_s_72_stand_up_target_11'====== Args={'value': 3, 'prev_value': None, 'change': True}
2026-02-12 17:01:21,431 : INFO : EventManager : Event: ======'machine_var_audits_missing_switches_s_73_fourbank_drop_1'====== Args={'value': 4, 'prev_value': None, 'change': True}
2026-02-12 17:01:21,431 : INFO : EventManager : Event: ======'machine_var_audits_missing_switches_s_74_fourbank_drop_2'====== Args={'value': 4, 'prev_value': None, 'change': True}
2026-02-12 17:01:21,431 : INFO : EventManager : Event: ======'machine_var_audits_missing_switches_s_75_fourbank_drop_3'====== Args={'value': 11, 'prev_value': None, 'change': True}
2026-02-12 17:01:21,431 : INFO : EventManager : Event: ======'machine_var_audits_missing_switches_s_76_fourbank_drop_4'====== Args={'value': 16, 'prev_value': None, 'change': True}
2026-02-12 17:01:21,431 : INFO : EventManager : Event: ======'machine_var_audits_missing_switches_s_77_threebank_drop_1'====== Args={'value': 4, 'prev_value': None, 'change': True}
2026-02-12 17:01:21,431 : INFO : EventManager : Event: ======'machine_var_audits_missing_switches_s_78_threebank_drop_2'====== Args={'value': 14, 'prev_value': None, 'change': True}
2026-02-12 17:01:21,431 : INFO : EventManager : Event: ======'machine_var_audits_missing_switches_s_79_threebank_drop_3'====== Args={'value': 14, 'prev_value': None, 'change': True}
2026-02-12 17:01:21,431 : INFO : EventManager : Event: ======'machine_var_audits_missing_switches_s_80_stand_up_target_1'====== Args={'value': 6, 'prev_value': None, 'change': True}
2026-02-12 17:01:21,431 : INFO : EventManager : Event: ======'machine_var_audits_missing_switches_s_81_saucer_left'====== Args={'value': 6, 'prev_value': None, 'change': True}
2026-02-12 17:01:21,431 : INFO : EventManager : Event: ======'machine_var_audits_missing_switches_s_82_stand_up_target_bank_1'====== Args={'value': 13, 'prev_value': None, 'change': True}
2026-02-12 17:01:21,431 : INFO : EventManager : Event: ======'machine_var_audits_missing_switches_s_83_stand_up_target_bank_2'====== Args={'value': 13, 'prev_value': None, 'change': True}
2026-02-12 17:01:21,431 : INFO : EventManager : Event: ======'machine_var_audits_missing_switches_s_84_stand_up_target_bank_3'====== Args={'value': 13, 'prev_value': None, 'change': True}
2026-02-12 17:01:21,431 : INFO : EventManager : Event: ======'machine_var_audits_missing_switches_s_85_stand_up_target_bank_4'====== Args={'value': 13, 'prev_value': None, 'change': True}
2026-02-12 17:01:21,431 : INFO : EventManager : Event: ======'machine_var_audits_missing_switches_s_86_stand_up_target_bank_5'====== Args={'value': 13, 'prev_value': None, 'change': True}
2026-02-12 17:01:21,431 : INFO : EventManager : Event: ======'machine_var_audits_missing_switches_s_87_stand_up_target_bank_6'====== Args={'value': 13, 'prev_value': None, 'change': True}
2026-02-12 17:01:21,431 : INFO : EventManager : Event: ======'machine_var_audits_player_score'====== Args={'value': {'average': 0, 'top': [0, 0], 'total': 2}, 'prev_value': None, 'change': True}
2026-02-12 17:01:21,431 : INFO : EventManager : Event: ======'machine_var_audits_switches_s_0_service_esc'====== Args={'value': 0, 'prev_value': None, 'change': True}
2026-02-12 17:01:21,431 : INFO : EventManager : Event: ======'machine_var_audits_switches_s_11_start_button'====== Args={'value': 22, 'prev_value': None, 'change': True}
2026-02-12 17:01:21,431 : INFO : EventManager : Event: ======'machine_var_audits_switches_s_12_tilt_bob'====== Args={'value': 0, 'prev_value': None, 'change': True}
2026-02-12 17:01:21,431 : INFO : EventManager : Event: ======'machine_var_audits_switches_s_13_coin_door'====== Args={'value': 0, 'prev_value': None, 'change': True}
2026-02-12 17:01:21,431 : INFO : EventManager : Event: ======'machine_var_audits_switches_s_16_right_flipper'====== Args={'value': 441, 'prev_value': None, 'change': True}
2026-02-12 17:01:21,431 : INFO : EventManager : Event: ======'machine_var_audits_switches_s_17_right_flipper_upper'====== Args={'value': 400, 'prev_value': None, 'change': True}
2026-02-12 17:01:21,431 : INFO : EventManager : Event: ======'machine_var_audits_switches_s_19_cab_arrow_left'====== Args={'value': 0, 'prev_value': None, 'change': True}
2026-02-12 17:01:21,431 : INFO : EventManager : Event: ======'machine_var_audits_switches_s_1_service_up'====== Args={'value': 0, 'prev_value': None, 'change': True}
2026-02-12 17:01:21,431 : INFO : EventManager : Event: ======'machine_var_audits_switches_s_20_cab_arrow_right'====== Args={'value': 0, 'prev_value': None, 'change': True}
2026-02-12 17:01:21,431 : INFO : EventManager : Event: ======'machine_var_audits_switches_s_24_plunger_lane'====== Args={'value': 19, 'prev_value': None, 'change': True}
2026-02-12 17:01:21,431 : INFO : EventManager : Event: ======'machine_var_audits_switches_s_24_trough_1'====== Args={'value': 13, 'prev_value': None, 'change': True}
2026-02-12 17:01:21,431 : INFO : EventManager : Event: ======'machine_var_audits_switches_s_25_trough_2'====== Args={'value': 14, 'prev_value': None, 'change': True}
2026-02-12 17:01:21,431 : INFO : EventManager : Event: ======'machine_var_audits_switches_s_25_trough_jam'====== Args={'value': 3, 'prev_value': None, 'change': True}
2026-02-12 17:01:21,431 : INFO : EventManager : Event: ======'machine_var_audits_switches_s_26_trough_1'====== Args={'value': 21, 'prev_value': None, 'change': True}
2026-02-12 17:01:21,431 : INFO : EventManager : Event: ======'machine_var_audits_switches_s_26_trough_3'====== Args={'value': 14, 'prev_value': None, 'change': True}
2026-02-12 17:01:21,431 : INFO : EventManager : Event: ======'machine_var_audits_switches_s_27_trough_2'====== Args={'value': 19, 'prev_value': None, 'change': True}
2026-02-12 17:01:21,431 : INFO : EventManager : Event: ======'machine_var_audits_switches_s_27_trough_4'====== Args={'value': 11, 'prev_value': None, 'change': True}
2026-02-12 17:01:21,431 : INFO : EventManager : Event: ======'machine_var_audits_switches_s_28_trough_3'====== Args={'value': 2, 'prev_value': None, 'change': True}
2026-02-12 17:01:21,431 : INFO : EventManager : Event: ======'machine_var_audits_switches_s_28_trough_5'====== Args={'value': 12, 'prev_value': None, 'change': True}
2026-02-12 17:01:21,431 : INFO : EventManager : Event: ======'machine_var_audits_switches_s_29_trough_4'====== Args={'value': 2, 'prev_value': None, 'change': True}
2026-02-12 17:01:21,431 : INFO : EventManager : Event: ======'machine_var_audits_switches_s_29_trough_6'====== Args={'value': 9, 'prev_value': None, 'change': True}
2026-02-12 17:01:21,431 : INFO : EventManager : Event: ======'machine_var_audits_switches_s_2_service_down'====== Args={'value': 0, 'prev_value': None, 'change': True}
2026-02-12 17:01:21,431 : INFO : EventManager : Event: ======'machine_var_audits_switches_s_30_trough_jam'====== Args={'value': 26, 'prev_value': None, 'change': True}
2026-02-12 17:01:21,431 : INFO : EventManager : Event: ======'machine_var_audits_switches_s_31_plunger_lane'====== Args={'value': 23, 'prev_value': None, 'change': True}
2026-02-12 17:01:21,431 : INFO : EventManager : Event: ======'machine_var_audits_switches_s_32_right_inlane'====== Args={'value': 11, 'prev_value': None, 'change': True}
2026-02-12 17:01:21,431 : INFO : EventManager : Event: ======'machine_var_audits_switches_s_33_right_outlane'====== Args={'value': 0, 'prev_value': None, 'change': True}
2026-02-12 17:01:21,431 : INFO : EventManager : Event: ======'machine_var_audits_switches_s_34_right_sling'====== Args={'value': 424, 'prev_value': None, 'change': True}
2026-02-12 17:01:21,431 : INFO : EventManager : Event: ======'machine_var_audits_switches_s_35_left_inlane'====== Args={'value': 10, 'prev_value': None, 'change': True}
2026-02-12 17:01:21,431 : INFO : EventManager : Event: ======'machine_var_audits_switches_s_36_left_outlane'====== Args={'value': 55, 'prev_value': None, 'change': True}
2026-02-12 17:01:21,431 : INFO : EventManager : Event: ======'machine_var_audits_switches_s_37_left_sling'====== Args={'value': 21, 'prev_value': None, 'change': True}
2026-02-12 17:01:21,431 : INFO : EventManager : Event: ======'machine_var_audits_switches_s_38_star_rollover_bottom'====== Args={'value': 0, 'prev_value': None, 'change': True}
2026-02-12 17:01:21,431 : INFO : EventManager : Event: ======'machine_var_audits_switches_s_38_top_lane_a'====== Args={'value': 0, 'prev_value': None, 'change': True}
2026-02-12 17:01:21,447 : INFO : EventManager : Event: ======'machine_var_audits_switches_s_39_star_rollover_top'====== Args={'value': 1, 'prev_value': None, 'change': True}
2026-02-12 17:01:21,447 : INFO : EventManager : Event: ======'machine_var_audits_switches_s_39_top_lane_b'====== Args={'value': 0, 'prev_value': None, 'change': True}
2026-02-12 17:01:21,447 : INFO : EventManager : Event: ======'machine_var_audits_switches_s_3_service_enter'====== Args={'value': 0, 'prev_value': None, 'change': True}
2026-02-12 17:01:21,447 : INFO : EventManager : Event: ======'machine_var_audits_switches_s_40_stand_up_target_7'====== Args={'value': 1, 'prev_value': None, 'change': True}
2026-02-12 17:01:21,447 : INFO : EventManager : Event: ======'machine_var_audits_switches_s_40_top_lane_c'====== Args={'value': 0, 'prev_value': None, 'change': True}
2026-02-12 17:01:21,447 : INFO : EventManager : Event: ======'machine_var_audits_switches_s_41_pop_bumper_1'====== Args={'value': 1, 'prev_value': None, 'change': True}
2026-02-12 17:01:21,447 : INFO : EventManager : Event: ======'machine_var_audits_switches_s_41_stand_up_target_8'====== Args={'value': 1, 'prev_value': None, 'change': True}
2026-02-12 17:01:21,447 : INFO : EventManager : Event: ======'machine_var_audits_switches_s_42_pop_bumper_2'====== Args={'value': 0, 'prev_value': None, 'change': True}
2026-02-12 17:01:21,447 : INFO : EventManager : Event: ======'machine_var_audits_switches_s_42_stand_up_target_9'====== Args={'value': 4, 'prev_value': None, 'change': True}
2026-02-12 17:01:21,447 : INFO : EventManager : Event: ======'machine_var_audits_switches_s_43_pop_bumper_3'====== Args={'value': 16, 'prev_value': None, 'change': True}
2026-02-12 17:01:21,447 : INFO : EventManager : Event: ======'machine_var_audits_switches_s_43_stand_up_target_10'====== Args={'value': 0, 'prev_value': None, 'change': True}
2026-02-12 17:01:21,447 : INFO : EventManager : Event: ======'machine_var_audits_switches_s_44_spinner_left'====== Args={'value': 8, 'prev_value': None, 'change': True}
2026-02-12 17:01:21,447 : INFO : EventManager : Event: ======'machine_var_audits_switches_s_44_spinner_right'====== Args={'value': 87, 'prev_value': None, 'change': True}
2026-02-12 17:01:21,447 : INFO : EventManager : Event: ======'machine_var_audits_switches_s_45_spinner_right'====== Args={'value': 0, 'prev_value': None, 'change': True}
2026-02-12 17:01:21,447 : INFO : EventManager : Event: ======'machine_var_audits_switches_s_45_varitarget_poisition_1'====== Args={'value': 0, 'prev_value': None, 'change': True}
2026-02-12 17:01:21,447 : INFO : EventManager : Event: ======'machine_var_audits_switches_s_46_varitarget_poisition_2'====== Args={'value': 0, 'prev_value': None, 'change': True}
2026-02-12 17:01:21,447 : INFO : EventManager : Event: ======'machine_var_audits_switches_s_47_varitarget_poisition_3'====== Args={'value': 0, 'prev_value': None, 'change': True}
2026-02-12 17:01:21,447 : INFO : EventManager : Event: ======'machine_var_audits_switches_s_48_varitarget_poisition_4'====== Args={'value': 0, 'prev_value': None, 'change': True}
2026-02-12 17:01:21,447 : INFO : EventManager : Event: ======'machine_var_audits_switches_s_49_varitarget_poisition_5'====== Args={'value': 0, 'prev_value': None, 'change': True}
2026-02-12 17:01:21,447 : INFO : EventManager : Event: ======'machine_var_audits_switches_s_50_saucer_left'====== Args={'value': 0, 'prev_value': None, 'change': True}
2026-02-12 17:01:21,447 : INFO : EventManager : Event: ======'machine_var_audits_switches_s_51_saucer_right'====== Args={'value': 2, 'prev_value': None, 'change': True}
2026-02-12 17:01:21,447 : INFO : EventManager : Event: ======'machine_var_audits_switches_s_52_star_rollover_top'====== Args={'value': 0, 'prev_value': None, 'change': True}
2026-02-12 17:01:21,447 : INFO : EventManager : Event: ======'machine_var_audits_switches_s_53_star_rollover_bottom'====== Args={'value': 0, 'prev_value': None, 'change': True}
2026-02-12 17:01:21,447 : INFO : EventManager : Event: ======'machine_var_audits_switches_s_54_single_drop_1'====== Args={'value': 0, 'prev_value': None, 'change': True}
2026-02-12 17:01:21,447 : INFO : EventManager : Event: ======'machine_var_audits_switches_s_55_fourbank_drop_1'====== Args={'value': 0, 'prev_value': None, 'change': True}
2026-02-12 17:01:21,447 : INFO : EventManager : Event: ======'machine_var_audits_switches_s_56_fourbank_drop_2'====== Args={'value': 0, 'prev_value': None, 'change': True}
2026-02-12 17:01:21,447 : INFO : EventManager : Event: ======'machine_var_audits_switches_s_56_pop_bumper_right'====== Args={'value': 18, 'prev_value': None, 'change': True}
2026-02-12 17:01:21,447 : INFO : EventManager : Event: ======'machine_var_audits_switches_s_57_fourbank_drop_3'====== Args={'value': 1, 'prev_value': None, 'change': True}
2026-02-12 17:01:21,447 : INFO : EventManager : Event: ======'machine_var_audits_switches_s_57_pop_bumper_center'====== Args={'value': 0, 'prev_value': None, 'change': True}
2026-02-12 17:01:21,447 : INFO : EventManager : Event: ======'machine_var_audits_switches_s_58_fourbank_drop_4'====== Args={'value': 1, 'prev_value': None, 'change': True}
2026-02-12 17:01:21,447 : INFO : EventManager : Event: ======'machine_var_audits_switches_s_58_pop_bumper_left'====== Args={'value': 3, 'prev_value': None, 'change': True}
2026-02-12 17:01:21,447 : INFO : EventManager : Event: ======'machine_var_audits_switches_s_59_saucer_right'====== Args={'value': 6, 'prev_value': None, 'change': True}
2026-02-12 17:01:21,447 : INFO : EventManager : Event: ======'machine_var_audits_switches_s_59_threebank_drop_1'====== Args={'value': 1, 'prev_value': None, 'change': True}
2026-02-12 17:01:21,447 : INFO : EventManager : Event: ======'machine_var_audits_switches_s_60_threebank_drop_2'====== Args={'value': 1, 'prev_value': None, 'change': True}
2026-02-12 17:01:21,447 : INFO : EventManager : Event: ======'machine_var_audits_switches_s_60_top_lane_c'====== Args={'value': 4, 'prev_value': None, 'change': True}
2026-02-12 17:01:21,447 : INFO : EventManager : Event: ======'machine_var_audits_switches_s_61_threebank_drop_3'====== Args={'value': 0, 'prev_value': None, 'change': True}
2026-02-12 17:01:21,447 : INFO : EventManager : Event: ======'machine_var_audits_switches_s_61_top_lane_b'====== Args={'value': 0, 'prev_value': None, 'change': True}
2026-02-12 17:01:21,447 : INFO : EventManager : Event: ======'machine_var_audits_switches_s_62_stand_up_target_1'====== Args={'value': 0, 'prev_value': None, 'change': True}
2026-02-12 17:01:21,447 : INFO : EventManager : Event: ======'machine_var_audits_switches_s_62_top_lane_a'====== Args={'value': 24, 'prev_value': None, 'change': True}
2026-02-12 17:01:21,447 : INFO : EventManager : Event: ======'machine_var_audits_switches_s_63_stand_up_target_11'====== Args={'value': 9, 'prev_value': None, 'change': True}
2026-02-12 17:01:21,447 : INFO : EventManager : Event: ======'machine_var_audits_switches_s_63_stand_up_target_2'====== Args={'value': 1, 'prev_value': None, 'change': True}
2026-02-12 17:01:21,447 : INFO : EventManager : Event: ======'machine_var_audits_switches_s_64_stand_up_target_3'====== Args={'value': 1, 'prev_value': None, 'change': True}
2026-02-12 17:01:21,447 : INFO : EventManager : Event: ======'machine_var_audits_switches_s_64_varitarget_poisition_1'====== Args={'value': 616, 'prev_value': None, 'change': True}
2026-02-12 17:01:21,447 : INFO : EventManager : Event: ======'machine_var_audits_switches_s_65_stand_up_target_4'====== Args={'value': 0, 'prev_value': None, 'change': True}
2026-02-12 17:01:21,447 : INFO : EventManager : Event: ======'machine_var_audits_switches_s_65_varitarget_poisition_2'====== Args={'value': 0, 'prev_value': None, 'change': True}
2026-02-12 17:01:21,447 : INFO : EventManager : Event: ======'machine_var_audits_switches_s_66_stand_up_target_5'====== Args={'value': 0, 'prev_value': None, 'change': True}
2026-02-12 17:01:21,447 : INFO : EventManager : Event: ======'machine_var_audits_switches_s_66_varitarget_poisition_3'====== Args={'value': 0, 'prev_value': None, 'change': True}
2026-02-12 17:01:21,447 : INFO : EventManager : Event: ======'machine_var_audits_switches_s_67_stand_up_target_6'====== Args={'value': 0, 'prev_value': None, 'change': True}
2026-02-12 17:01:21,447 : INFO : EventManager : Event: ======'machine_var_audits_switches_s_67_varitarget_poisition_4'====== Args={'value': 1, 'prev_value': None, 'change': True}
2026-02-12 17:01:21,447 : INFO : EventManager : Event: ======'machine_var_audits_switches_s_68_stand_up_target_7'====== Args={'value': 1, 'prev_value': None, 'change': True}
2026-02-12 17:01:21,447 : INFO : EventManager : Event: ======'machine_var_audits_switches_s_68_varitarget_poisition_5'====== Args={'value': 0, 'prev_value': None, 'change': True}
2026-02-12 17:01:21,447 : INFO : EventManager : Event: ======'machine_var_audits_switches_s_69_stand_up_target_8'====== Args={'value': 2, 'prev_value': None, 'change': True}
2026-02-12 17:01:21,447 : INFO : EventManager : Event: ======'machine_var_audits_switches_s_69_varitarget_poisition_6'====== Args={'value': 0, 'prev_value': None, 'change': True}
2026-02-12 17:01:21,447 : INFO : EventManager : Event: ======'machine_var_audits_switches_s_70_stand_up_target_9'====== Args={'value': 0, 'prev_value': None, 'change': True}
2026-02-12 17:01:21,447 : INFO : EventManager : Event: ======'machine_var_audits_switches_s_70_varitarget_poisition_7'====== Args={'value': 38, 'prev_value': None, 'change': True}
2026-02-12 17:01:21,447 : INFO : EventManager : Event: ======'machine_var_audits_switches_s_71_spinner_left'====== Args={'value': 0, 'prev_value': None, 'change': True}
2026-02-12 17:01:21,447 : INFO : EventManager : Event: ======'machine_var_audits_switches_s_71_stand_up_target_10'====== Args={'value': 0, 'prev_value': None, 'change': True}
2026-02-12 17:01:21,447 : INFO : EventManager : Event: ======'machine_var_audits_switches_s_72_single_drop_1'====== Args={'value': 0, 'prev_value': None, 'change': True}
2026-02-12 17:01:21,447 : INFO : EventManager : Event: ======'machine_var_audits_switches_s_72_stand_up_target_11'====== Args={'value': 0, 'prev_value': None, 'change': True}
2026-02-12 17:01:21,447 : INFO : EventManager : Event: ======'machine_var_audits_switches_s_73_fourbank_drop_1'====== Args={'value': 97, 'prev_value': None, 'change': True}
2026-02-12 17:01:21,447 : INFO : EventManager : Event: ======'machine_var_audits_switches_s_74_fourbank_drop_2'====== Args={'value': 7, 'prev_value': None, 'change': True}
2026-02-12 17:01:21,447 : INFO : EventManager : Event: ======'machine_var_audits_switches_s_75_fourbank_drop_3'====== Args={'value': 7, 'prev_value': None, 'change': True}
2026-02-12 17:01:21,447 : INFO : EventManager : Event: ======'machine_var_audits_switches_s_76_fourbank_drop_4'====== Args={'value': 0, 'prev_value': None, 'change': True}
2026-02-12 17:01:21,447 : INFO : EventManager : Event: ======'machine_var_audits_switches_s_77_threebank_drop_1'====== Args={'value': 5, 'prev_value': None, 'change': True}
2026-02-12 17:01:21,447 : INFO : EventManager : Event: ======'machine_var_audits_switches_s_78_threebank_drop_2'====== Args={'value': 2, 'prev_value': None, 'change': True}
2026-02-12 17:01:21,447 : INFO : EventManager : Event: ======'machine_var_audits_switches_s_79_threebank_drop_3'====== Args={'value': 1, 'prev_value': None, 'change': True}
2026-02-12 17:01:21,447 : INFO : EventManager : Event: ======'machine_var_audits_switches_s_80_stand_up_target_1'====== Args={'value': 10, 'prev_value': None, 'change': True}
2026-02-12 17:01:21,447 : INFO : EventManager : Event: ======'machine_var_audits_switches_s_81_saucer_left'====== Args={'value': 13, 'prev_value': None, 'change': True}
2026-02-12 17:01:21,447 : INFO : EventManager : Event: ======'machine_var_audits_switches_s_82_stand_up_target_bank_1'====== Args={'value': 4, 'prev_value': None, 'change': True}
2026-02-12 17:01:21,447 : INFO : EventManager : Event: ======'machine_var_audits_switches_s_83_stand_up_target_bank_2'====== Args={'value': 6, 'prev_value': None, 'change': True}
2026-02-12 17:01:21,447 : INFO : EventManager : Event: ======'machine_var_audits_switches_s_84_stand_up_target_bank_3'====== Args={'value': 4, 'prev_value': None, 'change': True}
2026-02-12 17:01:21,447 : INFO : EventManager : Event: ======'machine_var_audits_switches_s_85_stand_up_target_bank_4'====== Args={'value': 6, 'prev_value': None, 'change': True}
2026-02-12 17:01:21,447 : INFO : EventManager : Event: ======'machine_var_audits_switches_s_86_stand_up_target_bank_5'====== Args={'value': 2, 'prev_value': None, 'change': True}
2026-02-12 17:01:21,447 : INFO : EventManager : Event: ======'machine_var_audits_switches_s_87_stand_up_target_bank_6'====== Args={'value': 7, 'prev_value': None, 'change': True}
2026-02-12 17:01:21,447 : INFO : EventManager : Event: ======'machine_var_audits_switches_s_8_left_flipper'====== Args={'value': 243, 'prev_value': None, 'change': True}
2026-02-12 17:01:21,447 : INFO : EventManager : Event: ======'init_phase_5'====== Args={}
2026-02-12 17:01:21,509 : INFO : EventManager : Event: ======'init_done'====== Args={}
2026-02-12 17:01:21,509 : INFO : EventManager : Event: ======'machine_reset_phase_1'====== Args={}
2026-02-12 17:01:21,509 : INFO : EventManager : Event: ======'machine_reset_phase_2'====== Args={}
2026-02-12 17:01:21,509 : INFO : EventManager : Event: ======'machine_reset_phase_3'====== Args={}
2026-02-12 17:01:21,525 : INFO : EventManager : Event: ======'reset_complete'====== Args={}
2026-02-12 17:01:21,525 : INFO : EventManager : Event: ======'mode_service_will_start'====== Args={}
2026-02-12 17:01:21,525 : INFO : EventManager : Event: ======'mode_service_starting'====== Args={}
2026-02-12 17:01:21,525 : INFO : EventManager : Event: ======'mode_attract_will_start'====== Args={}
2026-02-12 17:01:21,525 : INFO : Timer.attract_carousel_timer : Starting Timer.
2026-02-12 17:01:21,525 : INFO : EventManager : Event: ======'timer_attract_carousel_timer_started'====== Args={'ticks': 0, 'ticks_remaining': 1}
2026-02-12 17:01:21,525 : INFO : EventManager : Event: ======'timer_attract_carousel_timer_tick'====== Args={'ticks': 0, 'ticks_remaining': 1}
2026-02-12 17:01:21,528 : INFO : EventManager : Event: ======'mode_attract_starting'====== Args={}
2026-02-12 17:01:21,528 : INFO : Mode.service : Started. Priority: 100000
2026-02-12 17:01:21,528 : INFO : EventManager : Event: ======'modes_active_modes_changed'====== Args={}
2026-02-12 17:01:21,528 : INFO : EventManager : Event: ======'mode_service_started'====== Args={}
2026-02-12 17:01:21,528 : INFO : drop_target_bank.dtb_characters : 5 targets are down. Will reset those.
2026-02-12 17:01:21,529 : INFO : coil.c_32_threebank_drop_reset : Pulsing Driver for 1ms (1.0 pulse_power)
2026-02-12 17:01:21,529 : DEBUG : FAST Driver : Pulsing driver 35 with pulse_settings: PulseSettings(power=1.0, duration=1).
2026-02-12 17:01:21,529 : INFO : drop_target_bank.dtb_rollover : 1 targets are down. Will reset those.
2026-02-12 17:01:21,529 : INFO : Mode.attract : Started. Priority: 10
2026-02-12 17:01:21,529 : INFO : EventManager : Event: ======'modes_active_modes_changed'====== Args={}
2026-02-12 17:01:21,529 : INFO : EventManager : Event: ======'mode_attract_started'====== Args={}
2026-02-12 17:01:21,529 : INFO : EventManager : Event: ======'collecting_balls_complete'====== Args={}
2026-02-12 17:01:21,530 : INFO : EventManager : Event: ======'carousel_item_highlighted'====== Args={'carousel': 'attract', 'direction': None, 'item': 'title'}
2026-02-12 17:01:21,541 : INFO : coil.c_40_fourbank_drop_reset : Pulsing Driver for 1ms (1.0 pulse_power)
2026-02-12 17:01:21,541 : DEBUG : FAST Driver : Pulsing driver 43 with pulse_settings: PulseSettings(power=1.0, duration=1).
2026-02-12 17:01:21,541 : INFO : coil.c_31_single_drop_1_reset : Pulsing Driver for 1ms (1.0 pulse_power)
2026-02-12 17:01:21,541 : DEBUG : FAST Driver : Pulsing driver 34 with pulse_settings: PulseSettings(power=1.0, duration=1).
2026-02-12 17:01:21,541 : INFO : Machine : Starting the main run loop with active modes: [<Mode.service>, <Mode.attract>]
2026-02-12 17:01:22,026 : INFO : EventManager : Event: ======'drop_target_bank_dtb_characters_mixed'====== Args={'prev_value': <DropTargetBankState.UP: 'up'>, 'down': 5}
2026-02-12 17:01:22,041 : INFO : EventManager : Event: ======'drop_target_bank_dtb_rollover_down'====== Args={}
2026-02-12 17:01:24,525 : DEBUG : asciimatics.screen : Processing key: 60
2026-02-12 17:01:24,525 : DEBUG : asciimatics.widgets.frame : New event: KeyboardEvent: 96
2026-02-12 17:01:24,525 : DEBUG : asciimatics.screen : Processing key: 60
2026-02-12 17:01:25,526 : DEBUG : asciimatics.screen : Processing key: 60
2026-02-12 17:01:25,526 : DEBUG : asciimatics.widgets.frame : New event: KeyboardEvent: 96
2026-02-12 17:01:25,526 : DEBUG : asciimatics.screen : Processing key: 60
2026-02-12 17:01:25,526 : DEBUG : asciimatics.screen : Processing key: 60
2026-02-12 17:01:25,526 : DEBUG : asciimatics.widgets.frame : New event: KeyboardEvent: 96
2026-02-12 17:01:25,526 : DEBUG : asciimatics.screen : Processing key: 60
2026-02-12 17:01:25,526 : DEBUG : asciimatics.screen : Processing key: 60
2026-02-12 17:01:25,526 : DEBUG : asciimatics.widgets.frame : New event: KeyboardEvent: 96
2026-02-12 17:01:25,526 : DEBUG : asciimatics.screen : Processing key: 60
2026-02-12 17:01:26,510 : INFO : Timer.attract_carousel_timer : Timer Complete
2026-02-12 17:01:26,510 : INFO : Timer.attract_carousel_timer : Stopping Timer
2026-02-12 17:01:26,510 : INFO : EventManager : Event: ======'timer_attract_carousel_timer_stopped'====== Args={'ticks': 1, 'ticks_remaining': 1}
2026-02-12 17:01:26,510 : INFO : EventManager : Event: ======'timer_attract_carousel_timer_complete'====== Args={'ticks': 1, 'ticks_remaining': 1}
2026-02-12 17:01:26,510 : INFO : EventManager : Event: ======'carousel_item_highlighted'====== Args={'carousel': 'attract', 'direction': 'forwards', 'item': 'credits'}
2026-02-12 17:01:28,525 : DEBUG : asciimatics.screen : Processing mouse: 69, 44
2026-02-12 17:01:28,525 : DEBUG : asciimatics.widgets.frame : New event: MouseEvent (69, 44) 0
2026-02-12 17:01:29,525 : DEBUG : asciimatics.screen : Processing mouse: 66, 49
2026-02-12 17:01:29,525 : DEBUG : asciimatics.widgets.frame : New event: MouseEvent (66, 49) 0
2026-02-12 17:01:29,525 : DEBUG : asciimatics.screen : Processing mouse: 66, 49
2026-02-12 17:01:29,525 : DEBUG : asciimatics.widgets.frame : New event: MouseEvent (66, 49) 1
2026-02-12 17:01:29,525 : DEBUG : asciimatics.widgets.frame : Blurring: [<asciimatics.widgets.frame.Frame object at 0x0000021F103A9610>]
2026-02-12 17:01:29,525 : DEBUG : asciimatics.screen : Processing mouse: 66, 49
2026-02-12 17:01:29,526 : DEBUG : asciimatics.widgets.frame : New event: MouseEvent (66, 49) 0
2026-02-12 17:01:29,526 : DEBUG : asciimatics.screen : Processing mouse: 66, 49
2026-02-12 17:01:29,526 : DEBUG : asciimatics.widgets.frame : New event: MouseEvent (66, 49) 0
2026-02-12 17:01:29,526 : DEBUG : asciimatics.screen : Processing key: 60
2026-02-12 17:01:29,526 : DEBUG : asciimatics.widgets.frame : New event: KeyboardEvent: 96
2026-02-12 17:01:29,526 : DEBUG : asciimatics.screen : Processing key: 60
2026-02-12 17:01:29,526 : DEBUG : asciimatics.screen : Processing key: 60
2026-02-12 17:01:29,526 : DEBUG : asciimatics.widgets.frame : New event: KeyboardEvent: 96
2026-02-12 17:01:29,526 : DEBUG : asciimatics.screen : Processing key: 60
2026-02-12 17:01:29,526 : DEBUG : asciimatics.screen : Processing mouse: 53, 39
2026-02-12 17:01:29,526 : DEBUG : asciimatics.widgets.frame : New event: MouseEvent (53, 39) 0
2026-02-12 17:01:30,525 : DEBUG : asciimatics.screen : Processing mouse: 15, 8
2026-02-12 17:01:30,525 : DEBUG : asciimatics.widgets.frame : New event: MouseEvent (15, 8) 0
2026-02-12 17:01:30,525 : DEBUG : asciimatics.screen : Processing mouse: 15, 8
2026-02-12 17:01:30,525 : DEBUG : asciimatics.widgets.frame : New event: MouseEvent (15, 8) 1
2026-02-12 17:01:30,525 : DEBUG : asciimatics.widgets.frame : Blurring: [<asciimatics.widgets.frame.Frame object at 0x0000021F103A9610>]
2026-02-12 17:01:30,525 : DEBUG : asciimatics.screen : Processing mouse: 15, 8
2026-02-12 17:01:30,525 : DEBUG : asciimatics.widgets.frame : New event: MouseEvent (15, 8) 0
2026-02-12 17:01:30,525 : DEBUG : asciimatics.screen : Processing mouse: 15, 8
2026-02-12 17:01:30,525 : DEBUG : asciimatics.widgets.frame : New event: MouseEvent (15, 8) 0
2026-02-12 17:01:30,525 : DEBUG : asciimatics.screen : Processing mouse: 15, 8
2026-02-12 17:01:30,525 : DEBUG : asciimatics.widgets.frame : New event: MouseEvent (15, 8) 0
2026-02-12 17:01:31,541 : DEBUG : asciimatics.screen : Processing mouse: 15, 16
2026-02-12 17:01:31,541 : DEBUG : asciimatics.widgets.frame : New event: MouseEvent (15, 16) 0
2026-02-12 17:01:31,541 : DEBUG : asciimatics.screen : Processing mouse: 15, 16
2026-02-12 17:01:31,541 : DEBUG : asciimatics.widgets.frame : New event: MouseEvent (15, 16) 1
2026-02-12 17:01:31,541 : DEBUG : asciimatics.widgets.frame : Blurring: [<asciimatics.widgets.frame.Frame object at 0x0000021F103A9610>]
2026-02-12 17:01:31,541 : DEBUG : asciimatics.screen : Processing mouse: 15, 16
2026-02-12 17:01:31,541 : DEBUG : asciimatics.widgets.frame : New event: MouseEvent (15, 16) 0
2026-02-12 17:01:31,541 : DEBUG : asciimatics.screen : Processing mouse: 8, 3
2026-02-12 17:01:31,541 : DEBUG : asciimatics.widgets.frame : New event: MouseEvent (8, 3) 0
2026-02-12 17:01:32,527 : DEBUG : asciimatics.screen : Processing mouse: 11, 3
2026-02-12 17:01:32,527 : DEBUG : asciimatics.widgets.frame : New event: MouseEvent (11, 3) 0
2026-02-12 17:01:33,525 : DEBUG : asciimatics.screen : Processing mouse: 145, 6
2026-02-12 17:01:33,525 : DEBUG : asciimatics.widgets.frame : New event: MouseEvent (145, 6) 0
2026-02-12 17:01:34,525 : DEBUG : asciimatics.screen : Processing mouse: 144, 11
2026-02-12 17:01:34,525 : DEBUG : asciimatics.widgets.frame : New event: MouseEvent (144, 11) 0
2026-02-12 17:01:34,525 : DEBUG : asciimatics.screen : Processing key: 60
2026-02-12 17:01:34,525 : DEBUG : asciimatics.widgets.frame : New event: KeyboardEvent: 96
2026-02-12 17:01:34,525 : DEBUG : asciimatics.screen : Processing mouse: 146, 15
2026-02-12 17:01:34,525 : DEBUG : asciimatics.widgets.frame : New event: MouseEvent (146, 15) 0
2026-02-12 17:01:34,525 : DEBUG : asciimatics.screen : Processing key: 60
2026-02-12 17:01:34,525 : DEBUG : asciimatics.screen : Processing mouse: 147, 25
2026-02-12 17:01:34,525 : DEBUG : asciimatics.widgets.frame : New event: MouseEvent (147, 25) 0
2026-02-12 17:01:34,525 : DEBUG : asciimatics.screen : Processing mouse: 147, 25
2026-02-12 17:01:34,525 : DEBUG : asciimatics.widgets.frame : New event: MouseEvent (147, 25) 1
2026-02-12 17:01:34,525 : DEBUG : asciimatics.widgets.frame : Blurring: [<asciimatics.widgets.frame.Frame object at 0x0000021F103A9610>]
2026-02-12 17:01:34,525 : DEBUG : asciimatics.screen : Processing mouse: 147, 25
2026-02-12 17:01:34,525 : DEBUG : asciimatics.widgets.frame : New event: MouseEvent (147, 25) 0
2026-02-12 17:01:34,525 : DEBUG : asciimatics.screen : Processing mouse: 147, 25
2026-02-12 17:01:34,525 : DEBUG : asciimatics.widgets.frame : New event: MouseEvent (147, 25) 0
2026-02-12 17:01:34,525 : DEBUG : asciimatics.screen : Processing mouse: 147, 25
2026-02-12 17:01:34,525 : DEBUG : asciimatics.widgets.frame : New event: MouseEvent (147, 25) 0
2026-02-12 17:01:34,525 : DEBUG : asciimatics.screen : Processing key: 60
2026-02-12 17:01:34,525 : DEBUG : asciimatics.widgets.frame : New event: KeyboardEvent: 96
2026-02-12 17:01:34,525 : DEBUG : asciimatics.screen : Processing key: 60
2026-02-12 17:01:35,525 : DEBUG : asciimatics.screen : Processing key: 60
2026-02-12 17:01:35,525 : DEBUG : asciimatics.widgets.frame : New event: KeyboardEvent: 96
2026-02-12 17:01:35,525 : DEBUG : asciimatics.screen : Processing key: 60
2026-02-12 17:01:35,525 : DEBUG : asciimatics.screen : Processing key: 60
2026-02-12 17:01:35,525 : DEBUG : asciimatics.widgets.frame : New event: KeyboardEvent: 96
2026-02-12 17:01:35,525 : DEBUG : asciimatics.screen : Processing key: 60
2026-02-12 17:01:35,526 : DEBUG : asciimatics.screen : Processing mouse: 57, 27
2026-02-12 17:01:35,526 : DEBUG : asciimatics.widgets.frame : New event: MouseEvent (57, 27) 0
2026-02-12 17:01:36,525 : DEBUG : asciimatics.screen : Processing mouse: 106, 39
2026-02-12 17:01:36,525 : DEBUG : asciimatics.widgets.frame : New event: MouseEvent (106, 39) 0
2026-02-12 17:01:36,525 : DEBUG : asciimatics.screen : Processing mouse: 106, 39
2026-02-12 17:01:36,525 : DEBUG : asciimatics.widgets.frame : New event: MouseEvent (106, 39) 1
2026-02-12 17:01:36,525 : DEBUG : asciimatics.widgets.frame : Blurring: [<asciimatics.widgets.frame.Frame object at 0x0000021F103A9610>]
2026-02-12 17:01:36,525 : DEBUG : asciimatics.screen : Processing mouse: 106, 39
2026-02-12 17:01:36,525 : DEBUG : asciimatics.widgets.frame : New event: MouseEvent (106, 39) 0
2026-02-12 17:01:36,526 : DEBUG : asciimatics.screen : Processing mouse: 76, 13
2026-02-12 17:01:36,526 : DEBUG : asciimatics.widgets.frame : New event: MouseEvent (76, 13) 0
2026-02-12 17:01:37,525 : DEBUG : asciimatics.screen : Processing mouse: 68, 3
2026-02-12 17:01:37,525 : DEBUG : asciimatics.widgets.frame : New event: MouseEvent (68, 3) 0
2026-02-12 17:01:38,525 : DEBUG : asciimatics.screen : Processing mouse: 68, 3
2026-02-12 17:01:38,525 : DEBUG : asciimatics.widgets.frame : New event: MouseEvent (68, 3) 0
2026-02-12 17:01:39,525 : DEBUG : asciimatics.screen : Processing mouse: 67, 3
2026-02-12 17:01:39,525 : DEBUG : asciimatics.widgets.frame : New event: MouseEvent (67, 3) 0
2026-02-12 17:01:39,525 : DEBUG : asciimatics.screen : Processing key: 1b
2026-02-12 17:01:39,525 : DEBUG : asciimatics.widgets.frame : New event: KeyboardEvent: -1
2026-02-12 17:01:39,525 : DEBUG : asciimatics.screen : Processing mouse: 67, 3
2026-02-12 17:01:39,525 : DEBUG : asciimatics.widgets.frame : New event: MouseEvent (67, 3) 0
2026-02-12 17:01:39,525 : DEBUG : asciimatics.screen : Processing key: 1b
2026-02-12 17:01:39,525 : DEBUG : asciimatics.screen : Processing mouse: 64, 27
2026-02-12 17:01:39,525 : DEBUG : asciimatics.widgets.frame : New event: MouseEvent (64, 27) 0
2026-02-12 17:01:40,525 : DEBUG : asciimatics.screen : Processing mouse: 64, 27
2026-02-12 17:01:40,525 : DEBUG : asciimatics.widgets.frame : New event: MouseEvent (64, 27) 1
2026-02-12 17:01:40,525 : DEBUG : asciimatics.widgets.frame : Blurring: [<asciimatics.widgets.frame.Frame object at 0x0000021F103A9610>]
2026-02-12 17:01:40,525 : DEBUG : asciimatics.screen : Processing mouse: 64, 27
2026-02-12 17:01:40,525 : DEBUG : asciimatics.widgets.frame : New event: MouseEvent (64, 27) 0
2026-02-12 17:01:40,525 : DEBUG : asciimatics.screen : Processing mouse: 60, 26
2026-02-12 17:01:40,525 : DEBUG : asciimatics.widgets.frame : New event: MouseEvent (60, 26) 0
2026-02-12 17:01:40,525 : DEBUG : asciimatics.screen : Processing key: 1b
2026-02-12 17:01:40,525 : DEBUG : asciimatics.widgets.frame : New event: KeyboardEvent: -1
2026-02-12 17:01:40,525 : DEBUG : asciimatics.screen : Processing mouse: 50, 23
2026-02-12 17:01:40,525 : DEBUG : asciimatics.widgets.frame : New event: MouseEvent (50, 23) 0
2026-02-12 17:01:40,525 : DEBUG : asciimatics.screen : Processing key: 1b
2026-02-12 17:01:40,525 : DEBUG : asciimatics.screen : Processing mouse: 20, 14
2026-02-12 17:01:40,525 : DEBUG : asciimatics.widgets.frame : New event: MouseEvent (20, 14) 0
2026-02-12 17:01:40,525 : DEBUG : asciimatics.screen : Processing key: 1b
2026-02-12 17:01:40,525 : DEBUG : asciimatics.widgets.frame : New event: KeyboardEvent: -1
2026-02-12 17:01:40,525 : DEBUG : asciimatics.screen : Processing mouse: 11, 8
2026-02-12 17:01:40,525 : DEBUG : asciimatics.widgets.frame : New event: MouseEvent (11, 8) 0
2026-02-12 17:01:40,525 : DEBUG : asciimatics.screen : Processing key: 1b
2026-02-12 17:01:40,525 : DEBUG : asciimatics.screen : Processing mouse: 11, 8
2026-02-12 17:01:40,525 : DEBUG : asciimatics.widgets.frame : New event: MouseEvent (11, 8) 0
2026-02-12 17:01:40,525 : DEBUG : asciimatics.screen : Processing mouse: 11, 8
2026-02-12 17:01:40,525 : DEBUG : asciimatics.widgets.frame : New event: MouseEvent (11, 8) 1
2026-02-12 17:01:40,525 : DEBUG : asciimatics.widgets.frame : Blurring: [<asciimatics.widgets.frame.Frame object at 0x0000021F103A9610>]
2026-02-12 17:01:40,525 : DEBUG : asciimatics.screen : Processing mouse: 11, 8
2026-02-12 17:01:40,525 : DEBUG : asciimatics.widgets.frame : New event: MouseEvent (11, 8) 0
2026-02-12 17:01:40,525 : DEBUG : asciimatics.screen : Processing mouse: 11, 8
2026-02-12 17:01:40,525 : DEBUG : asciimatics.widgets.frame : New event: MouseEvent (11, 8) 0
2026-02-12 17:01:40,525 : DEBUG : asciimatics.screen : Processing mouse: 14, 8
2026-02-12 17:01:40,525 : DEBUG : asciimatics.widgets.frame : New event: MouseEvent (14, 8) 0
2026-02-12 17:01:40,525 : DEBUG : asciimatics.screen : Processing key: 1b
2026-02-12 17:01:40,525 : DEBUG : asciimatics.widgets.frame : New event: KeyboardEvent: -1
2026-02-12 17:01:40,525 : DEBUG : asciimatics.screen : Processing mouse: 18, 10
2026-02-12 17:01:40,525 : DEBUG : asciimatics.widgets.frame : New event: MouseEvent (18, 10) 0
2026-02-12 17:01:41,525 : DEBUG : asciimatics.screen : Processing mouse: 39, 15
2026-02-12 17:01:41,525 : DEBUG : asciimatics.widgets.frame : New event: MouseEvent (39, 15) 0
2026-02-12 17:01:41,525 : DEBUG : asciimatics.screen : Processing key: 1b
2026-02-12 17:01:41,525 : DEBUG : asciimatics.screen : Processing mouse: 52, 18
2026-02-12 17:01:41,525 : DEBUG : asciimatics.widgets.frame : New event: MouseEvent (52, 18) 0
2026-02-12 17:01:41,525 : DEBUG : asciimatics.screen : Processing key: 1b
2026-02-12 17:01:41,525 : DEBUG : asciimatics.widgets.frame : New event: KeyboardEvent: -1
2026-02-12 17:01:41,525 : DEBUG : asciimatics.screen : Processing mouse: 57, 20
2026-02-12 17:01:41,525 : DEBUG : asciimatics.widgets.frame : New event: MouseEvent (57, 20) 0
2026-02-12 17:01:41,525 : DEBUG : asciimatics.screen : Processing key: 1b
2026-02-12 17:01:41,525 : DEBUG : asciimatics.screen : Processing mouse: 39, 63
2026-02-12 17:01:41,525 : DEBUG : asciimatics.widgets.frame : New event: MouseEvent (39, 63) 0
2026-02-12 17:01:42,525 : DEBUG : asciimatics.screen : Processing mouse: 32, 62
2026-02-12 17:01:42,525 : DEBUG : asciimatics.widgets.frame : New event: MouseEvent (32, 62) 0
2026-02-12 17:01:42,525 : DEBUG : asciimatics.screen : Processing mouse: 32, 62
2026-02-12 17:01:42,525 : DEBUG : asciimatics.widgets.frame : New event: MouseEvent (32, 62) 1
2026-02-12 17:01:42,525 : DEBUG : asciimatics.widgets.frame : Blurring: [<asciimatics.widgets.frame.Frame object at 0x0000021F103A9610>]
2026-02-12 17:01:42,525 : DEBUG : asciimatics.screen : Processing mouse: 32, 62
2026-02-12 17:01:42,525 : DEBUG : asciimatics.widgets.frame : New event: MouseEvent (32, 62) 0
2026-02-12 17:01:42,525 : DEBUG : asciimatics.screen : Processing mouse: 33, 62
2026-02-12 17:01:42,525 : DEBUG : asciimatics.widgets.frame : New event: MouseEvent (33, 62) 0
2026-02-12 17:01:43,525 : DEBUG : asciimatics.screen : Processing key: 64
2026-02-12 17:01:43,525 : DEBUG : asciimatics.widgets.frame : New event: KeyboardEvent: 100
2026-02-12 17:01:43,525 : DEBUG : asciimatics.screen : Processing key: 66
2026-02-12 17:01:43,525 : DEBUG : asciimatics.widgets.frame : New event: KeyboardEvent: 102
2026-02-12 17:01:43,525 : DEBUG : asciimatics.screen : Processing key: 64
2026-02-12 17:01:43,525 : DEBUG : asciimatics.screen : Processing key: 66
2026-02-12 17:01:43,526 : DEBUG : asciimatics.screen : Processing key: 64
2026-02-12 17:01:43,526 : DEBUG : asciimatics.widgets.frame : New event: KeyboardEvent: 100
2026-02-12 17:01:43,526 : DEBUG : asciimatics.screen : Processing key: 64
2026-02-12 17:01:43,526 : DEBUG : asciimatics.screen : Processing key: 76
2026-02-12 17:01:43,526 : DEBUG : asciimatics.widgets.frame : New event: KeyboardEvent: 118
2026-02-12 17:01:43,526 : DEBUG : asciimatics.screen : Processing key: 76
2026-02-12 17:01:43,526 : DEBUG : asciimatics.screen : Processing key: 64
2026-02-12 17:01:43,526 : DEBUG : asciimatics.widgets.frame : New event: KeyboardEvent: 100
2026-02-12 17:01:43,526 : DEBUG : asciimatics.screen : Processing key: 76
2026-02-12 17:01:43,526 : DEBUG : asciimatics.widgets.frame : New event: KeyboardEvent: 118
2026-02-12 17:01:43,526 : DEBUG : asciimatics.screen : Processing key: 64
2026-02-12 17:01:43,526 : DEBUG : asciimatics.screen : Processing key: 64
2026-02-12 17:01:43,526 : DEBUG : asciimatics.widgets.frame : New event: KeyboardEvent: 100
2026-02-12 17:01:43,527 : DEBUG : asciimatics.screen : Processing key: 76
2026-02-12 17:01:43,527 : DEBUG : asciimatics.screen : Processing key: 64
2026-02-12 17:01:43,527 : DEBUG : asciimatics.screen : Processing key: 76
2026-02-12 17:01:43,527 : DEBUG : asciimatics.widgets.frame : New event: KeyboardEvent: 118
2026-02-12 17:01:43,527 : DEBUG : asciimatics.screen : Processing key: 64
2026-02-12 17:01:43,527 : DEBUG : asciimatics.widgets.frame : New event: KeyboardEvent: 100
2026-02-12 17:01:43,527 : DEBUG : asciimatics.screen : Processing key: 76
2026-02-12 17:01:44,540 : DEBUG : asciimatics.screen : Processing key: 76
2026-02-12 17:01:44,540 : DEBUG : asciimatics.widgets.frame : New event: KeyboardEvent: 118
2026-02-12 17:01:44,540 : DEBUG : asciimatics.screen : Processing key: 64
2026-02-12 17:01:44,540 : DEBUG : asciimatics.screen : Processing key: 64
2026-02-12 17:01:44,540 : DEBUG : asciimatics.widgets.frame : New event: KeyboardEvent: 100
2026-02-12 17:01:44,540 : DEBUG : asciimatics.screen : Processing key: 76
2026-02-12 17:01:44,540 : DEBUG : asciimatics.screen : Processing key: 66
2026-02-12 17:01:44,540 : DEBUG : asciimatics.widgets.frame : New event: KeyboardEvent: 102
2026-02-12 17:01:44,540 : DEBUG : asciimatics.screen : Processing key: 64
2026-02-12 17:01:44,540 : DEBUG : asciimatics.screen : Processing key: 66
2026-02-12 17:01:44,540 : DEBUG : asciimatics.screen : Processing key: 76
2026-02-12 17:01:44,540 : DEBUG : asciimatics.widgets.frame : New event: KeyboardEvent: 118
2026-02-12 17:01:44,540 : DEBUG : asciimatics.screen : Processing key: 76
2026-02-12 17:01:44,540 : DEBUG : asciimatics.screen : Processing mouse: 64, 29
2026-02-12 17:01:44,540 : DEBUG : asciimatics.widgets.frame : New event: MouseEvent (64, 29) 0
2026-02-12 17:01:46,525 : DEBUG : asciimatics.screen : Processing mouse: 93, 16
2026-02-12 17:01:46,525 : DEBUG : asciimatics.widgets.frame : New event: MouseEvent (93, 16) 0
2026-02-12 17:01:47,525 : DEBUG : asciimatics.screen : Processing mouse: 91, 17
2026-02-12 17:01:47,525 : DEBUG : asciimatics.widgets.frame : New event: MouseEvent (91, 17) 0
2026-02-12 17:01:47,525 : DEBUG : asciimatics.screen : Processing key: 9
2026-02-12 17:01:47,525 : DEBUG : asciimatics.widgets.frame : New event: KeyboardEvent: -301
2026-02-12 17:01:47,525 : DEBUG : asciimatics.screen : Processing mouse: 90, 17
2026-02-12 17:01:47,525 : DEBUG : asciimatics.widgets.frame : New event: MouseEvent (90, 17) 0
2026-02-12 17:01:47,525 : DEBUG : asciimatics.screen : Processing key: 9
2026-02-12 17:01:47,525 : DEBUG : asciimatics.screen : Processing mouse: 89, 18
2026-02-12 17:01:47,525 : DEBUG : asciimatics.widgets.frame : New event: MouseEvent (89, 18) 0
2026-02-12 17:01:48,525 : DEBUG : asciimatics.screen : Processing key: 0
2026-02-12 17:03:00,526 : DEBUG : asciimatics.screen : Processing mouse: 21, 62
2026-02-12 17:03:00,526 : DEBUG : asciimatics.widgets.frame : New event: MouseEvent (21, 62) 0
2026-02-12 17:03:01,527 : DEBUG : asciimatics.screen : Processing mouse: 21, 62
2026-02-12 17:03:01,527 : DEBUG : asciimatics.widgets.frame : New event: MouseEvent (21, 62) 0
2026-02-12 17:03:01,527 : DEBUG : asciimatics.screen : Processing key: 0
2026-02-12 17:03:01,925 : INFO : Machine : Shutting down...
2026-02-12 17:03:01,925 : INFO : EventManager : Event: ======'shutdown'====== Args={}
2026-02-12 17:03:01,925 : INFO : EventManager : Event: ======'mode_service_will_stop'====== Args={}
2026-02-12 17:03:01,925 : INFO : EventManager : Event: ======'mode_service_stopping'====== Args={}
2026-02-12 17:03:01,932 : INFO : Mode.service : Stopped.
2026-02-12 17:03:01,932 : INFO : EventManager : Event: ======'modes_active_modes_changed'====== Args={}
2026-02-12 17:03:01,932 : INFO : EventManager : Event: ======'mode_service_stopped'====== Args={}
2026-02-12 17:03:01,932 : INFO : EventManager : Event: ======'clear'====== Args={'key': 'service'}
2026-02-12 17:03:02,025 : DEBUG : FAST [NET] : Stop called on serial connection NET
2026-02-12 17:03:02,025 : DEBUG : FAST [EXP] : Stop called on serial connection EXP
2026-02-12 17:03:02,026 : INFO : root : MPF run loop ended.
