2026-06-13 20:52:58,289 : INFO : root : Loading config.
2026-06-13 20:52:58,294 : INFO : YamlMultifileConfigLoader : Machine config file #1: config.yaml
2026-06-13 20:52:58,295 : INFO : ConfigProcessor : Loading config from cache: C:\Users\tl\AppData\Local\Temp\86f932e179f318f5dae29f066573dee9.mpf_cache
2026-06-13 20:52:58,401 : INFO : ConfigProcessor : Loading config from cache: C:\Users\tl\AppData\Local\Temp\5e7e3dd8e04e0aa46ea76018297218da.mpf_cache
2026-06-13 20:52:58,403 : INFO : ConfigProcessor : Loading config from cache: C:\Users\tl\AppData\Local\Temp\af6ad0dab2f43bd9cbdac83e0b2786ac.mpf_cache
2026-06-13 20:52:58,404 : INFO : ConfigProcessor : Loading config from cache: C:\Users\tl\AppData\Local\Temp\5e7e3dd8e04e0aa46ea76018297218da.mpf_cache
2026-06-13 20:52:58,404 : INFO : ConfigProcessor : Loading config from cache: C:\Users\tl\AppData\Local\Temp\078e3f4c59f1cd1bf0ff8685cc9e7ff5.mpf_cache
2026-06-13 20:52:58,406 : INFO : ConfigProcessor : Loading config from cache: C:\Users\tl\AppData\Local\Temp\279434e09bc5e8b073f441f36778b3c5.mpf_cache
2026-06-13 20:52:58,407 : INFO : ConfigProcessor : Loading config from cache: C:\Users\tl\AppData\Local\Temp\f7ef3217062c4a128670875e2cb05ce9.mpf_cache
2026-06-13 20:52:58,408 : INFO : ConfigProcessor : Loading config from cache: C:\Users\tl\AppData\Local\Temp\e0885cd80287b6cf2bdb3b3b7e551419.mpf_cache
2026-06-13 20:52:58,409 : INFO : ConfigProcessor : Loading config from cache: C:\Users\tl\AppData\Local\Temp\21a3b6af72788c31c1bb21496f7d3280.mpf_cache
2026-06-13 20:52:58,410 : INFO : ConfigProcessor : Loading config from cache: C:\Users\tl\AppData\Local\Temp\5ad868424699ac3c9402d8d89c5742fa.mpf_cache
2026-06-13 20:52:58,411 : INFO : ConfigProcessor : Loading config from cache: C:\Users\tl\AppData\Local\Temp\b41aec6702196d0bd650320fa331266f.mpf_cache
2026-06-13 20:52:58,412 : INFO : ConfigProcessor : Loading config from cache: C:\Users\tl\AppData\Local\Temp\a951eeea2c167365e5a009cce33f51d8.mpf_cache
2026-06-13 20:52:58,413 : INFO : ConfigProcessor : Loading config from cache: C:\Users\tl\AppData\Local\Temp\f020dca9eec5e09763b9289397e6c32f.mpf_cache
2026-06-13 20:52:58,414 : INFO : ConfigProcessor : Loading config from cache: C:\Users\tl\AppData\Local\Temp\edce5a74ebf86ee6330810859c361ede.mpf_cache
2026-06-13 20:52:58,415 : INFO : ConfigProcessor : Loading config from cache: C:\Users\tl\AppData\Local\Temp\7c825e76f3d981841c3099d018a06a8f.mpf_cache
2026-06-13 20:52:58,415 : INFO : ConfigProcessor : Loading config from cache: C:\Users\tl\AppData\Local\Temp\4c1252d1f04cb61ecc91110937cfd225.mpf_cache
2026-06-13 20:52:58,416 : INFO : ConfigProcessor : Loading config from cache: C:\Users\tl\AppData\Local\Temp\8d6d681afe5a7b6e9186321cd98f18ca.mpf_cache
2026-06-13 20:52:58,418 : INFO : ConfigProcessor : Loading config from cache: C:\Users\tl\AppData\Local\Temp\271b31ea91f7fc416a689202738fcb25.mpf_cache
2026-06-13 20:52:58,420 : INFO : ConfigProcessor : Loading config from cache: C:\Users\tl\AppData\Local\Temp\d5113bae71fe9b2600b29bf116525aac.mpf_cache
2026-06-13 20:52:58,421 : INFO : ConfigProcessor : Loading config from cache: C:\Users\tl\AppData\Local\Temp\ae5d383473e063efe671bf30ab478239.mpf_cache
2026-06-13 20:52:58,423 : INFO : ConfigProcessor : Loading config from cache: C:\Users\tl\AppData\Local\Temp\46870b44a1c011c86a746a823adf6b5a.mpf_cache
2026-06-13 20:52:58,425 : INFO : ConfigProcessor : Loading config from cache: C:\Users\tl\AppData\Local\Temp\0cf169c51710e2e034dc49f1aab9dfdd.mpf_cache
2026-06-13 20:52:58,431 : INFO : ConfigProcessor : Loading config from cache: C:\Users\tl\AppData\Local\Temp\1a8067b3018dc540f40ee09fbd30147e.mpf_cache
2026-06-13 20:52:58,433 : INFO : ConfigProcessor : Loading config from cache: C:\Users\tl\AppData\Local\Temp\34d2c1cbec8fdaa1db7761a61cc7c1b6.mpf_cache
2026-06-13 20:52:58,434 : INFO : ConfigProcessor : Loading config from cache: C:\Users\tl\AppData\Local\Temp\4065fa59aedcbd523b942a40672a4db1.mpf_cache
2026-06-13 20:52:58,440 : INFO : ConfigProcessor : Loading config from cache: C:\Users\tl\AppData\Local\Temp\911efd7252939128e304c2322100ac37.mpf_cache
2026-06-13 20:52:58,441 : INFO : ConfigProcessor : Loading config from cache: C:\Users\tl\AppData\Local\Temp\95a50568c399a025ef217996526f3494.mpf_cache
2026-06-13 20:52:58,442 : INFO : ConfigProcessor : Loading config from cache: C:\Users\tl\AppData\Local\Temp\4fa9cf92dccc774be532e383b837572e.mpf_cache
2026-06-13 20:52:58,443 : INFO : ConfigProcessor : Loading config from cache: C:\Users\tl\AppData\Local\Temp\7d6afe43d2cd59003bd26d29f6951346.mpf_cache
2026-06-13 20:52:58,444 : INFO : ConfigProcessor : Loading config from cache: C:\Users\tl\AppData\Local\Temp\3ec53097f46dd8f92da5caf7a9362729.mpf_cache
2026-06-13 20:52:58,449 : INFO : ConfigProcessor : Loading config from cache: C:\Users\tl\AppData\Local\Temp\c36da47bad15180a41187d147cb7917e.mpf_cache
2026-06-13 20:52:58,450 : INFO : ConfigProcessor : Loading config from cache: C:\Users\tl\AppData\Local\Temp\ca9866041621d35ab6358609b63e90d5.mpf_cache
2026-06-13 20:52:58,451 : INFO : ConfigProcessor : Loading config from cache: C:\Users\tl\AppData\Local\Temp\d3b229dc9cb99a8202099f03c2a43090.mpf_cache
2026-06-13 20:52:58,451 : INFO : ConfigProcessor : Loading config from cache: C:\Users\tl\AppData\Local\Temp\81582981e74d3995e366d06d8338d799.mpf_cache
2026-06-13 20:52:58,457 : INFO : ConfigProcessor : Loading config from cache: C:\Users\tl\AppData\Local\Temp\5b34afe52ee194dd00e9309f3b7b7351.mpf_cache
2026-06-13 20:52:58,466 : INFO : ConfigProcessor : Loading config from cache: C:\Users\tl\AppData\Local\Temp\879969db85bf719d2fcb9e04ce9b1f2c.mpf_cache
2026-06-13 20:52:58,471 : INFO : ConfigProcessor : Loading config from cache: C:\Users\tl\AppData\Local\Temp\b4093eb1dd81447678927dbfa4b9c600.mpf_cache
2026-06-13 20:52:58,479 : INFO : ConfigProcessor : Loading config from cache: C:\Users\tl\AppData\Local\Temp\e35a82f552c222d594bf16e07246473c.mpf_cache
2026-06-13 20:52:58,480 : INFO : ConfigProcessor : Loading config from cache: C:\Users\tl\AppData\Local\Temp\a4723462ff8ee54e9440eae8a1a4781c.mpf_cache
2026-06-13 20:52:58,485 : INFO : ConfigProcessor : Loading config from cache: C:\Users\tl\AppData\Local\Temp\33800f163ed2f7721971ef060d638387.mpf_cache
2026-06-13 20:52:58,500 : INFO : ConfigProcessor : Loading config from cache: C:\Users\tl\AppData\Local\Temp\cfac8a12b8c870509d27980bb08852ae.mpf_cache
2026-06-13 20:52:58,505 : INFO : ConfigProcessor : Loading config from cache: C:\Users\tl\AppData\Local\Temp\83c76c71cb0df61411f4c0eb7dea7353.mpf_cache
2026-06-13 20:52:58,510 : INFO : ConfigProcessor : Loading config from cache: C:\Users\tl\AppData\Local\Temp\7db44b334d172168fab831ef3c57ff8b.mpf_cache
2026-06-13 20:52:58,563 : INFO : ConfigProcessor : Loading config from cache: C:\Users\tl\AppData\Local\Temp\0209fa69c7ceb7b65d8e49418413a2d4.mpf_cache
2026-06-13 20:52:58,671 : INFO : ConfigProcessor : Loading config from cache: C:\Users\tl\AppData\Local\Temp\9eec954e3a0a7462dea03c8c17cb64d9.mpf_cache
2026-06-13 20:52:58,806 : INFO : ConfigProcessor : Loading config from cache: C:\Users\tl\AppData\Local\Temp\456118bf1ce6b85e98a4b068670426da.mpf_cache
2026-06-13 20:52:58,886 : INFO : ConfigProcessor : Loading config from cache: C:\Users\tl\AppData\Local\Temp\5d7ea21ac1dbbe8d902c44335cb580f3.mpf_cache
2026-06-13 20:52:59,110 : INFO : ConfigProcessor : Loading config from cache: C:\Users\tl\AppData\Local\Temp\3c338cf0a5e3d861413d7d2f266c3053.mpf_cache
2026-06-13 20:52:59,151 : WARNING : ConfigProcessor : Config file in cache changed: C:\Users\tl\Documents\tl-pinball\shows\.\show_koc_vocal_orange_fullmachine_ramps.yaml
2026-06-13 20:52:59,151 : INFO : ConfigProcessor : Loading config from file C:\Users\tl\Documents\tl-pinball\shows\.\show_koc_vocal_orange_fullmachine_ramps.yaml.
2026-06-13 20:53:00,670 : INFO : ConfigProcessor : Loading config: C:\Users\tl\Documents\tl-pinball\shows\.\show_koc_vocal_orange_fullmachine_ramps.yaml
2026-06-13 20:53:00,695 : INFO : ConfigProcessor : Config file cache created: C:\Users\tl\AppData\Local\Temp\4fe2cc0468161c674ca476b86514e28e.mpf_cache
2026-06-13 20:53:00,695 : INFO : ConfigProcessor : Loading config from cache: C:\Users\tl\AppData\Local\Temp\08e4cfee44032ad50b613fdfc1c76afd.mpf_cache
2026-06-13 20:53:00,696 : INFO : ConfigProcessor : Loading config from cache: C:\Users\tl\AppData\Local\Temp\8f542fdb27a9c7af6359517ab8d171a1.mpf_cache
2026-06-13 20:53:00,697 : INFO : ConfigProcessor : Loading config from cache: C:\Users\tl\AppData\Local\Temp\c899bce83960d7b8a909fd30af5ba34c.mpf_cache
2026-06-13 20:53:00,697 : INFO : ConfigProcessor : Loading config from cache: C:\Users\tl\AppData\Local\Temp\e3f8c10279e680757f03e6b0889aa739.mpf_cache
2026-06-13 20:53:00,698 : INFO : ConfigProcessor : Loading config from cache: C:\Users\tl\AppData\Local\Temp\ff087817282734556151e8020b1fd49c.mpf_cache
2026-06-13 20:53:00,699 : INFO : ConfigProcessor : Loading config from cache: C:\Users\tl\AppData\Local\Temp\17b17d6e70b510a409968e15bd8ba63c.mpf_cache
2026-06-13 20:53:00,788 : INFO : ConfigProcessor : Loading config from cache: C:\Users\tl\AppData\Local\Temp\7597473749050946854e5e52d7c2d79a.mpf_cache
2026-06-13 20:53:00,808 : INFO : ConfigProcessor : Loading config from cache: C:\Users\tl\AppData\Local\Temp\31f3b89ebad27aaf6ad1cb7b6e8c1ae3.mpf_cache
2026-06-13 20:53:00,809 : INFO : ConfigProcessor : Loading config from cache: C:\Users\tl\AppData\Local\Temp\5bdc262ac811f8916946a10b325faaed.mpf_cache
2026-06-13 20:53:00,917 : INFO : ConfigProcessor : Loading config from cache: C:\Users\tl\AppData\Local\Temp\4262986a441bb7754780f112bb0e0c56.mpf_cache
2026-06-13 20:53:00,919 : INFO : ConfigProcessor : Loading config from cache: C:\Users\tl\AppData\Local\Temp\d572a2de143bf480090a737668938cb0.mpf_cache
2026-06-13 20:53:00,920 : INFO : ConfigProcessor : Loading config from cache: C:\Users\tl\AppData\Local\Temp\2e7beac76d3bca457a3a521575ba4ead.mpf_cache
2026-06-13 20:53:00,920 : INFO : ConfigProcessor : Loading config from cache: C:\Users\tl\AppData\Local\Temp\7c0931ffc6b13496fd8fae8b9d1b7a08.mpf_cache
2026-06-13 20:53:00,921 : INFO : ConfigProcessor : Loading config from cache: C:\Users\tl\AppData\Local\Temp\62404ae2e9ee2b95d65f52fccac154f0.mpf_cache
2026-06-13 20:53:00,922 : INFO : ConfigProcessor : Loading config from cache: C:\Users\tl\AppData\Local\Temp\537cd9276618929e3a64b374ceb3437f.mpf_cache
2026-06-13 20:53:00,924 : INFO : ConfigProcessor : Loading config from cache: C:\Users\tl\AppData\Local\Temp\cf29873bc64cfbd46b5a5b4c47c95532.mpf_cache
2026-06-13 20:53:00,925 : INFO : ConfigProcessor : Loading config from cache: C:\Users\tl\AppData\Local\Temp\16182b247314d06896cbae33110acd4c.mpf_cache
2026-06-13 20:53:00,926 : INFO : ConfigProcessor : Loading config from cache: C:\Users\tl\AppData\Local\Temp\13826b94a4b36b65ca4171a1d326006f.mpf_cache
2026-06-13 20:53:00,927 : INFO : ConfigProcessor : Loading config from cache: C:\Users\tl\AppData\Local\Temp\34a4b7622c4ff26b43be2fcb96c6a855.mpf_cache
2026-06-13 20:53:00,931 : INFO : ConfigProcessor : Loading config from cache: C:\Users\tl\AppData\Local\Temp\0560061596499ba9c1490154fdcef2ca.mpf_cache
2026-06-13 20:53:00,931 : INFO : ConfigProcessor : Loading config from cache: C:\Users\tl\AppData\Local\Temp\33a0313dc768edabc6062a57466c6435.mpf_cache
2026-06-13 20:53:00,932 : INFO : ConfigProcessor : Loading config from cache: C:\Users\tl\AppData\Local\Temp\51d1034df3c2d8154cfea3abae2369be.mpf_cache
2026-06-13 20:53:00,933 : INFO : ConfigProcessor : Loading config from cache: C:\Users\tl\AppData\Local\Temp\2904ce8d8b78981642dc8b63141b390e.mpf_cache
2026-06-13 20:53:00,934 : INFO : ConfigProcessor : Loading config from cache: C:\Users\tl\AppData\Local\Temp\3ef5173c7a910a36727c66b6285f9c3e.mpf_cache
2026-06-13 20:53:00,935 : INFO : ConfigProcessor : Loading config from cache: C:\Users\tl\AppData\Local\Temp\1671f2a7e01818367d14934820caa625.mpf_cache
2026-06-13 20:53:00,935 : INFO : ConfigProcessor : Loading config from cache: C:\Users\tl\AppData\Local\Temp\f222a647edf3886b9afe02940fb5218b.mpf_cache
2026-06-13 20:53:00,936 : INFO : ConfigProcessor : Loading config from cache: C:\Users\tl\AppData\Local\Temp\2856cb3dd9823be7f227bcd3e9e74d9c.mpf_cache
2026-06-13 20:53:00,936 : INFO : ConfigProcessor : Loading config from cache: C:\Users\tl\AppData\Local\Temp\7bc597beac49bd83589c0f432d6df3a7.mpf_cache
2026-06-13 20:53:00,938 : INFO : ConfigProcessor : Loading config from cache: C:\Users\tl\AppData\Local\Temp\701f2c032cd9e807d4fb3fa2828f9b37.mpf_cache
2026-06-13 20:53:00,938 : INFO : ConfigProcessor : Loading config from cache: C:\Users\tl\AppData\Local\Temp\c801690053c2da5c09f6d10b42ee9917.mpf_cache
2026-06-13 20:53:00,940 : INFO : ConfigProcessor : Loading config from cache: C:\Users\tl\AppData\Local\Temp\2e335ca9623f971cc8240d357e9bde21.mpf_cache
2026-06-13 20:53:00,941 : INFO : ConfigProcessor : Loading config from cache: C:\Users\tl\AppData\Local\Temp\291432155100441a6a6d1cc35a9827e6.mpf_cache
2026-06-13 20:53:00,942 : INFO : ConfigProcessor : Loading config from cache: C:\Users\tl\AppData\Local\Temp\3a13ce866f38c1bdfd88cdf5d8a37b57.mpf_cache
2026-06-13 20:53:00,943 : INFO : ConfigProcessor : Loading config from cache: C:\Users\tl\AppData\Local\Temp\67766e06be15afe44bf4653d2e0643ac.mpf_cache
2026-06-13 20:53:00,943 : INFO : ConfigProcessor : Loading config from cache: C:\Users\tl\AppData\Local\Temp\4d0875bd28a5b9899fb2c6e9ca5fbaa0.mpf_cache
2026-06-13 20:53:00,944 : INFO : Machine : Mission Pinball Framework Core Engine v0.80.0.dev12
2026-06-13 20:53:00,944 : INFO : Machine : Command line arguments: {'no_load_cache': False, 'create_config_cache': True, 'bcp': True, 'configfile': ['config.yaml'], 'force_assets_load': False, 'platform_integration_test': False, 'jsonlogging': False, 'logfile': 'logs\\2026-06-13-20-52-58-mpf-DESKTOP-HV85DRD.log', 'pause': False, 'production': False, 'text_ui': False, 'loglevel': 15, 'consoleloglevel': 20, 'force_platform': None, 'syslog_address': None, 'full_logfile_path': 'C:\\Users\\tl\\Documents\\tl-pinball\\logs\\2026-06-13-20-52-58-mpf-DESKTOP-HV85DRD.log'}
2026-06-13 20:53:00,944 : INFO : Machine : MPF path: C:\mpf\Lib\site-packages\mpf
2026-06-13 20:53:00,944 : INFO : Machine : Machine path: C:\Users\tl\Documents\tl-pinball
2026-06-13 20:53:00,944 : INFO : Machine : Platform: win32
2026-06-13 20:53:00,944 : INFO : Machine : Python executable location: C:\mpf\Scripts\python.exe
2026-06-13 20:53:00,944 : INFO : Machine : Python version: 3.12.7 (64-bit)
2026-06-13 20:53:00,946 : INFO : Machine : Initializing MPF...
2026-06-13 20:53:01,069 : INFO : FAST [NET] : Trying to connect to COM4 at 921600bps
2026-06-13 20:53:01,073 : INFO : FAST [NET] : Connected to COM4 at 921600bps
2026-06-13 20:53:01,090 : INFO : FAST [NET] : Connected to FP-CPU-2000 with firmware v02.26
2026-06-13 20:53:01,121 : INFO : FAST [NET] : Registered I/O Board 0: Model: FP-I/O-0024, Firmware: 01.10, Switches: 24, Drivers: 8
2026-06-13 20:53:01,137 : INFO : FAST [NET] : Registered I/O Board 1: Model: FP-I/O-1616, Firmware: 01.10, Switches: 16, Drivers: 16
2026-06-13 20:53:01,153 : INFO : FAST [NET] : Registered I/O Board 2: Model: FP-I/O-3208, Firmware: 01.10, Switches: 32, Drivers: 8
2026-06-13 20:53:01,169 : INFO : FAST [NET] : Registered I/O Board 3: Model: FP-I/O-1616, Firmware: 01.10, Switches: 16, Drivers: 16
2026-06-13 20:53:01,171 : INFO : FAST [EXP] : Trying to connect to COM5 at 921600bps
2026-06-13 20:53:01,177 : INFO : FAST [EXP] : Connected to COM5 at 921600bps
2026-06-13 20:53:01,185 : INFO : FAST [EXP] : Verifying hardware for EXP "ledcab" (FP-EXP-2000, @48) with ID string "EXP FP-EXP-2000  0.42", board address 48
2026-06-13 20:53:01,201 : INFO : FAST [EXP] : Verifying hardware for EXP "ledcab" (FP-EXP-2000, @48) with ID string "BRK FP-EXP-2000  0.42", board address 480
2026-06-13 20:53:01,233 : INFO : FAST [EXP] : Verifying hardware for EXP "ledpf1" (FP-EXP-0081, @84) with ID string "EXP FP-EXP-0081  0.38", board address 84
2026-06-13 20:53:01,249 : INFO : FAST [EXP] : Verifying hardware for EXP "ledpf1" (FP-EXP-0081, @84) with ID string "BRK FP-EXP-0081  0.38", board address 840
2026-06-13 20:53:01,265 : INFO : FAST [EXP] : Verifying hardware for EXP "ledpf1" (FP-EXP-0081, @84) with ID string "BRK FP-EXP-0081  0.38", board address 841
2026-06-13 20:53:01,297 : INFO : FAST [EXP] : Verifying hardware for EXP "ledpf2" (FP-EXP-0081, @85) with ID string "EXP FP-EXP-0081  0.48", board address 85
2026-06-13 20:53:01,313 : INFO : FAST [EXP] : Verifying hardware for EXP "ledpf2" (FP-EXP-0081, @85) with ID string "BRK FP-EXP-0081  0.48", board address 850
2026-06-13 20:53:01,329 : INFO : FAST [EXP] : Verifying hardware for EXP "ledpf2" (FP-EXP-0081, @85) with ID string "BRK FP-EXP-0081  0.48", board address 851
2026-06-13 20:53:01,345 : INFO : EventManager : Event: ======'machine_var_credits_string'====== Args={'value': 'FREE PLAY', 'prev_value': None, 'change': True}
2026-06-13 20:53:01,380 : INFO : EventManager : Event: ======'machine_var_last_game_score'====== Args={'value': 4097142, 'prev_value': None, 'change': True}
2026-06-13 20:53:01,380 : INFO : EventManager : Event: ======'machine_var_master_volume'====== Args={'value': 0.5, 'prev_value': None, 'change': True}
2026-06-13 20:53:01,380 : INFO : EventManager : Event: ======'machine_var_player1_score'====== Args={'value': 4097142, 'prev_value': None, 'change': True}
2026-06-13 20:53:01,380 : INFO : EventManager : Event: ======'machine_var_mpf_version'====== Args={'value': 'Mission Pinball Framework v0.80.0.dev12', 'prev_value': None, 'change': True}
2026-06-13 20:53:01,380 : INFO : EventManager : Event: ======'machine_var_mpf_extended_version'====== Args={'value': 'Mission Pinball Framework v0.80.0.dev12, Config version:6, Show version: 6, BCP version:1.1', 'prev_value': None, 'change': True}
2026-06-13 20:53:01,380 : INFO : EventManager : Event: ======'machine_var_python_version'====== Args={'value': '3.12.7', 'prev_value': None, 'change': True}
2026-06-13 20:53:01,412 : INFO : EventManager : Event: ======'machine_var_platform'====== Args={'value': 'Windows-10-10.0.19044-SP0', 'prev_value': None, 'change': True}
2026-06-13 20:53:01,412 : INFO : EventManager : Event: ======'machine_var_platform_system'====== Args={'value': 'Windows', 'prev_value': None, 'change': True}
2026-06-13 20:53:01,412 : INFO : EventManager : Event: ======'machine_var_platform_release'====== Args={'value': '10', 'prev_value': None, 'change': True}
2026-06-13 20:53:01,412 : INFO : EventManager : Event: ======'machine_var_platform_version'====== Args={'value': '10.0.19044', 'prev_value': None, 'change': True}
2026-06-13 20:53:01,412 : INFO : EventManager : Event: ======'machine_var_platform_machine'====== Args={'value': 'AMD64', 'prev_value': None, 'change': True}
2026-06-13 20:53:01,412 : INFO : EventManager : Event: ======'machine_var_log_file_path'====== Args={'value': 'C:\\Users\\tl\\Documents\\tl-pinball\\logs\\2026-06-13-20-52-58-mpf-DESKTOP-HV85DRD.log', 'prev_value': None, 'change': True}
2026-06-13 20:53:01,412 : INFO : EventManager : Event: ======'init_phase_1'====== Args={}
2026-06-13 20:53:01,569 : INFO : EventManager : Event: ======'drop_target_bank_dt_bank_1_4_up'====== Args={}
2026-06-13 20:53:01,569 : INFO : EventManager : Event: ======'drop_target_bank_dt_bank_5_7_up'====== Args={}
2026-06-13 20:53:04,152 : INFO : SwitchController : <<<<<<< 's_24_trough_1' active >>>>>>>
2026-06-13 20:53:04,152 : INFO : SwitchController : <<<<<<< 's_44_spinner_right' active >>>>>>>
2026-06-13 20:53:04,152 : INFO : SwitchController : <<<<<<< 's_71_spinner_left' active >>>>>>>
2026-06-13 20:53:04,235 : INFO : EventManager : Event: ======'init_phase_2'====== Args={}
2026-06-13 20:53:04,235 : INFO : SwitchController : Found active switch: (40, [FAST Platform Interface]) <switch.s_24_trough_1>
2026-06-13 20:53:04,235 : INFO : SwitchController : Found active switch: (60, [FAST Platform Interface]) <switch.s_44_spinner_right>
2026-06-13 20:53:04,235 : INFO : SwitchController : Found active switch: (39, [FAST Platform Interface]) <switch.s_71_spinner_left>
2026-06-13 20:53:04,267 : INFO : EventManager : Event: ======'bcp_connection_attempt'====== Args={'name': 'local_display', 'host': 'localhost', 'port': 5050}
2026-06-13 20:53:04,269 : INFO : BCPClientSocket : Connecting BCP to 'local_display' at localhost:5050...
2026-06-13 20:53:08,923 : INFO : BCPClientSocket : Connected BCP to 'local_display' localhost:5050
2026-06-13 20:53:08,925 : INFO : EventManager : Event: ======'bcp_clients_connected'====== Args={}
2026-06-13 20:53:08,927 : INFO : ball_device.bd_plunger : BCH: Initial count: 0
2026-06-13 20:53:08,928 : INFO : ball_device.bd_plunger : State: idle
2026-06-13 20:53:08,929 : INFO : ball_device.bd_trough : BCH: Initial count: 1
2026-06-13 20:53:08,929 : INFO : ball_device.bd_trough : State: idle
2026-06-13 20:53:08,930 : INFO : ball_device.bd_left_vuk : BCH: Initial count: 0
2026-06-13 20:53:08,930 : INFO : ball_device.bd_left_vuk : State: idle
2026-06-13 20:53:08,931 : INFO : ball_device.bd_right_vuk : BCH: Initial count: 0
2026-06-13 20:53:08,931 : INFO : ball_device.bd_right_vuk : State: idle
2026-06-13 20:53:08,961 : INFO : EventManager : Event: ======'init_phase_3'====== Args={}
2026-06-13 20:54:41,207 : INFO : EventManager : Event: ======'init_phase_4'====== Args={}
2026-06-13 20:54:41,208 : INFO : BallController : Initial balls found: 1
2026-06-13 20:54:41,211 : INFO : EventManager : Event: ======'machine_var_audits_events_game_ended'====== Args={'value': 183, 'prev_value': None, 'change': True}
2026-06-13 20:54:41,211 : INFO : EventManager : Event: ======'machine_var_audits_events_game_started'====== Args={'value': 242, 'prev_value': None, 'change': True}
2026-06-13 20:54:41,211 : INFO : EventManager : Event: ======'machine_var_audits_missing_switches_s_00_service_esc'====== Args={'value': 242, 'prev_value': None, 'change': True}
2026-06-13 20:54:41,211 : INFO : EventManager : Event: ======'machine_var_audits_missing_switches_s_01_service_up'====== Args={'value': 242, 'prev_value': None, 'change': True}
2026-06-13 20:54:41,211 : INFO : EventManager : Event: ======'machine_var_audits_missing_switches_s_02_service_down'====== Args={'value': 242, 'prev_value': None, 'change': True}
2026-06-13 20:54:41,211 : INFO : EventManager : Event: ======'machine_var_audits_missing_switches_s_03_service_enter'====== Args={'value': 242, 'prev_value': None, 'change': True}
2026-06-13 20:54:41,211 : INFO : EventManager : Event: ======'machine_var_audits_missing_switches_s_08_left_flipper'====== Args={'value': 6, 'prev_value': None, 'change': True}
2026-06-13 20:54:41,211 : INFO : EventManager : Event: ======'machine_var_audits_missing_switches_s_11_start_button'====== Args={'value': 8, 'prev_value': None, 'change': True}
2026-06-13 20:54:41,211 : INFO : EventManager : Event: ======'machine_var_audits_missing_switches_s_17_right_flipper_upper'====== Args={'value': 6, 'prev_value': None, 'change': True}
2026-06-13 20:54:41,211 : INFO : EventManager : Event: ======'machine_var_audits_missing_switches_s_19_cab_arrow_left'====== Args={'value': 6, 'prev_value': None, 'change': True}
2026-06-13 20:54:41,211 : INFO : EventManager : Event: ======'machine_var_audits_missing_switches_s_20_cab_arrow_right'====== Args={'value': 6, 'prev_value': None, 'change': True}
2026-06-13 20:54:41,211 : INFO : EventManager : Event: ======'machine_var_audits_missing_switches_s_32_right_inlane'====== Args={'value': 3, 'prev_value': None, 'change': True}
2026-06-13 20:54:41,211 : INFO : EventManager : Event: ======'machine_var_audits_missing_switches_s_33_right_outlane'====== Args={'value': 6, 'prev_value': None, 'change': True}
2026-06-13 20:54:41,212 : INFO : EventManager : Event: ======'machine_var_audits_missing_switches_s_34_right_sling'====== Args={'value': 1, 'prev_value': None, 'change': True}
2026-06-13 20:54:41,212 : INFO : EventManager : Event: ======'machine_var_audits_missing_switches_s_35_left_inlane'====== Args={'value': 2, 'prev_value': None, 'change': True}
2026-06-13 20:54:41,212 : INFO : EventManager : Event: ======'machine_var_audits_missing_switches_s_36_left_outlane'====== Args={'value': 6, 'prev_value': None, 'change': True}
2026-06-13 20:54:41,212 : INFO : EventManager : Event: ======'machine_var_audits_missing_switches_s_37_left_sling'====== Args={'value': 6, 'prev_value': None, 'change': True}
2026-06-13 20:54:41,212 : INFO : EventManager : Event: ======'machine_var_audits_missing_switches_s_38_star_rollover_bottom'====== Args={'value': 242, 'prev_value': None, 'change': True}
2026-06-13 20:54:41,212 : INFO : EventManager : Event: ======'machine_var_audits_missing_switches_s_39_star_rollover_top'====== Args={'value': 6, 'prev_value': None, 'change': True}
2026-06-13 20:54:41,212 : INFO : EventManager : Event: ======'machine_var_audits_missing_switches_s_40_stand_up_target_5'====== Args={'value': 2, 'prev_value': None, 'change': True}
2026-06-13 20:54:41,212 : INFO : EventManager : Event: ======'machine_var_audits_missing_switches_s_41_stand_up_target_6'====== Args={'value': 2, 'prev_value': None, 'change': True}
2026-06-13 20:54:41,212 : INFO : EventManager : Event: ======'machine_var_audits_missing_switches_s_43_stand_up_target_4'====== Args={'value': 2, 'prev_value': None, 'change': True}
2026-06-13 20:54:41,212 : INFO : EventManager : Event: ======'machine_var_audits_missing_switches_s_44_spinner_right'====== Args={'value': 6, 'prev_value': None, 'change': True}
2026-06-13 20:54:41,212 : INFO : EventManager : Event: ======'machine_var_audits_missing_switches_s_59_saucer_right'====== Args={'value': 6, 'prev_value': None, 'change': True}
2026-06-13 20:54:41,212 : INFO : EventManager : Event: ======'machine_var_audits_missing_switches_s_62_top_lane_a'====== Args={'value': 6, 'prev_value': None, 'change': True}
2026-06-13 20:54:41,212 : INFO : EventManager : Event: ======'machine_var_audits_missing_switches_s_65_varitarget_position_2'====== Args={'value': 2, 'prev_value': None, 'change': True}
2026-06-13 20:54:41,212 : INFO : EventManager : Event: ======'machine_var_audits_missing_switches_s_66_varitarget_position_3'====== Args={'value': 6, 'prev_value': None, 'change': True}
2026-06-13 20:54:41,212 : INFO : EventManager : Event: ======'machine_var_audits_missing_switches_s_67_varitarget_position_4'====== Args={'value': 6, 'prev_value': None, 'change': True}
2026-06-13 20:54:41,212 : INFO : EventManager : Event: ======'machine_var_audits_missing_switches_s_68_varitarget_position_5'====== Args={'value': 6, 'prev_value': None, 'change': True}
2026-06-13 20:54:41,212 : INFO : EventManager : Event: ======'machine_var_audits_missing_switches_s_69_varitarget_position_6'====== Args={'value': 6, 'prev_value': None, 'change': True}
2026-06-13 20:54:41,212 : INFO : EventManager : Event: ======'machine_var_audits_missing_switches_s_70_varitarget_position_7'====== Args={'value': 6, 'prev_value': None, 'change': True}
2026-06-13 20:54:41,212 : INFO : EventManager : Event: ======'machine_var_audits_missing_switches_s_72_single_drop_1'====== Args={'value': 6, 'prev_value': None, 'change': True}
2026-06-13 20:54:41,212 : INFO : EventManager : Event: ======'machine_var_audits_missing_switches_s_74_fourbank_drop_2'====== Args={'value': 6, 'prev_value': None, 'change': True}
2026-06-13 20:54:41,212 : INFO : EventManager : Event: ======'machine_var_audits_missing_switches_s_75_fourbank_drop_3'====== Args={'value': 6, 'prev_value': None, 'change': True}
2026-06-13 20:54:41,212 : INFO : EventManager : Event: ======'machine_var_audits_missing_switches_s_76_fourbank_drop_4'====== Args={'value': 6, 'prev_value': None, 'change': True}
2026-06-13 20:54:41,213 : INFO : EventManager : Event: ======'machine_var_audits_missing_switches_s_77_threebank_drop_1'====== Args={'value': 6, 'prev_value': None, 'change': True}
2026-06-13 20:54:41,213 : INFO : EventManager : Event: ======'machine_var_audits_missing_switches_s_78_threebank_drop_2'====== Args={'value': 6, 'prev_value': None, 'change': True}
2026-06-13 20:54:41,213 : INFO : EventManager : Event: ======'machine_var_audits_missing_switches_s_79_threebank_drop_3'====== Args={'value': 6, 'prev_value': None, 'change': True}
2026-06-13 20:54:41,213 : INFO : EventManager : Event: ======'machine_var_audits_missing_switches_s_80_stand_up_target_2'====== Args={'value': 6, 'prev_value': None, 'change': True}
2026-06-13 20:54:41,213 : INFO : EventManager : Event: ======'machine_var_audits_missing_switches_s_81_saucer_left'====== Args={'value': 6, 'prev_value': None, 'change': True}
2026-06-13 20:54:41,213 : INFO : EventManager : Event: ======'machine_var_audits_missing_switches_s_82_stand_up_target_bank_1'====== Args={'value': 6, 'prev_value': None, 'change': True}
2026-06-13 20:54:41,213 : INFO : EventManager : Event: ======'machine_var_audits_missing_switches_s_83_stand_up_target_bank_2'====== Args={'value': 6, 'prev_value': None, 'change': True}
2026-06-13 20:54:41,213 : INFO : EventManager : Event: ======'machine_var_audits_missing_switches_s_84_stand_up_target_bank_3'====== Args={'value': 6, 'prev_value': None, 'change': True}
2026-06-13 20:54:41,213 : INFO : EventManager : Event: ======'machine_var_audits_missing_switches_s_85_stand_up_target_bank_4'====== Args={'value': 6, 'prev_value': None, 'change': True}
2026-06-13 20:54:41,213 : INFO : EventManager : Event: ======'machine_var_audits_missing_switches_s_86_stand_up_target_bank_5'====== Args={'value': 6, 'prev_value': None, 'change': True}
2026-06-13 20:54:41,213 : INFO : EventManager : Event: ======'machine_var_audits_missing_switches_s_87_stand_up_target_bank_6'====== Args={'value': 6, 'prev_value': None, 'change': True}
2026-06-13 20:54:41,213 : INFO : EventManager : Event: ======'machine_var_audits_player_score'====== Args={'value': {'average': 2563034, 'top': [60018463, 42237405, 11039719, 9095170, 8670083, 7765415, 5913676, 5598024, 4821134, 4591092], 'total': 183}, 'prev_value': None, 'change': True}
2026-06-13 20:54:41,213 : INFO : EventManager : Event: ======'machine_var_audits_shots_resistance_qualify_target_5'====== Args={'value': 12, 'prev_value': None, 'change': True}
2026-06-13 20:54:41,213 : INFO : EventManager : Event: ======'machine_var_audits_shots_resistance_qualify_target_6'====== Args={'value': 19, 'prev_value': None, 'change': True}
2026-06-13 20:54:41,213 : INFO : EventManager : Event: ======'machine_var_audits_shots_resistance_right_inlane_start'====== Args={'value': 10, 'prev_value': None, 'change': True}
2026-06-13 20:54:41,213 : INFO : EventManager : Event: ======'machine_var_audits_shots_resistance_saucer_stage_5'====== Args={'value': 4, 'prev_value': None, 'change': True}
2026-06-13 20:54:41,213 : INFO : EventManager : Event: ======'machine_var_audits_shots_resistance_single_drop_stage_5'====== Args={'value': 4, 'prev_value': None, 'change': True}
2026-06-13 20:54:41,213 : INFO : EventManager : Event: ======'machine_var_audits_shots_resistance_top_lane_stage_2'====== Args={'value': 13, 'prev_value': None, 'change': True}
2026-06-13 20:54:41,213 : INFO : EventManager : Event: ======'machine_var_audits_shots_resistance_top_lane_stage_3'====== Args={'value': 9, 'prev_value': None, 'change': True}
2026-06-13 20:54:41,213 : INFO : EventManager : Event: ======'machine_var_audits_shots_resistance_top_lane_stage_4'====== Args={'value': 7, 'prev_value': None, 'change': True}
2026-06-13 20:54:41,213 : INFO : EventManager : Event: ======'machine_var_audits_shots_shot_dt_1'====== Args={'value': 336, 'prev_value': None, 'change': True}
2026-06-13 20:54:41,213 : INFO : EventManager : Event: ======'machine_var_audits_shots_shot_dt_2'====== Args={'value': 350, 'prev_value': None, 'change': True}
2026-06-13 20:54:41,214 : INFO : EventManager : Event: ======'machine_var_audits_shots_shot_dt_3'====== Args={'value': 360, 'prev_value': None, 'change': True}
2026-06-13 20:54:41,214 : INFO : EventManager : Event: ======'machine_var_audits_shots_shot_dt_4'====== Args={'value': 393, 'prev_value': None, 'change': True}
2026-06-13 20:54:41,214 : INFO : EventManager : Event: ======'machine_var_audits_shots_shot_dt_5'====== Args={'value': 169, 'prev_value': None, 'change': True}
2026-06-13 20:54:41,214 : INFO : EventManager : Event: ======'machine_var_audits_shots_shot_dt_6'====== Args={'value': 165, 'prev_value': None, 'change': True}
2026-06-13 20:54:41,214 : INFO : EventManager : Event: ======'machine_var_audits_shots_shot_dt_7'====== Args={'value': 150, 'prev_value': None, 'change': True}
2026-06-13 20:54:41,214 : INFO : EventManager : Event: ======'machine_var_audits_shots_shot_impossible'====== Args={'value': 105, 'prev_value': None, 'change': True}
2026-06-13 20:54:41,214 : INFO : EventManager : Event: ======'machine_var_audits_shots_shot_rollover_top'====== Args={'value': 53, 'prev_value': None, 'change': True}
2026-06-13 20:54:41,214 : INFO : EventManager : Event: ======'machine_var_audits_shots_shot_slingshot_l'====== Args={'value': 226, 'prev_value': None, 'change': True}
2026-06-13 20:54:41,214 : INFO : EventManager : Event: ======'machine_var_audits_shots_shot_slingshot_r'====== Args={'value': 473, 'prev_value': None, 'change': True}
2026-06-13 20:54:41,214 : INFO : EventManager : Event: ======'machine_var_audits_shots_shot_sut_1'====== Args={'value': 119, 'prev_value': None, 'change': True}
2026-06-13 20:54:41,214 : INFO : EventManager : Event: ======'machine_var_audits_shots_shot_sut_2'====== Args={'value': 259, 'prev_value': None, 'change': True}
2026-06-13 20:54:41,214 : INFO : EventManager : Event: ======'machine_var_audits_shots_shot_sut_3'====== Args={'value': 141, 'prev_value': None, 'change': True}
2026-06-13 20:54:41,214 : INFO : EventManager : Event: ======'machine_var_audits_shots_shot_sut_4'====== Args={'value': 167, 'prev_value': None, 'change': True}
2026-06-13 20:54:41,214 : INFO : EventManager : Event: ======'machine_var_audits_shots_shot_sut_5'====== Args={'value': 234, 'prev_value': None, 'change': True}
2026-06-13 20:54:41,214 : INFO : EventManager : Event: ======'machine_var_audits_shots_shot_sut_6'====== Args={'value': 138, 'prev_value': None, 'change': True}
2026-06-13 20:54:41,214 : INFO : EventManager : Event: ======'machine_var_audits_shots_shot_sut_blue'====== Args={'value': 493, 'prev_value': None, 'change': True}
2026-06-13 20:54:41,214 : INFO : EventManager : Event: ======'machine_var_audits_shots_shot_sut_green'====== Args={'value': 257, 'prev_value': None, 'change': True}
2026-06-13 20:54:41,214 : INFO : EventManager : Event: ======'machine_var_audits_shots_shot_sut_red'====== Args={'value': 308, 'prev_value': None, 'change': True}
2026-06-13 20:54:41,215 : INFO : EventManager : Event: ======'machine_var_audits_shots_spinner_left'====== Args={'value': 1671, 'prev_value': None, 'change': True}
2026-06-13 20:54:41,215 : INFO : EventManager : Event: ======'machine_var_audits_shots_spinner_right'====== Args={'value': 887, 'prev_value': None, 'change': True}
2026-06-13 20:54:41,215 : INFO : EventManager : Event: ======'machine_var_audits_shots_varitarget_p1'====== Args={'value': 3608, 'prev_value': None, 'change': True}
2026-06-13 20:54:41,215 : INFO : EventManager : Event: ======'machine_var_audits_shots_varitarget_p2'====== Args={'value': 64, 'prev_value': None, 'change': True}
2026-06-13 20:54:41,215 : INFO : EventManager : Event: ======'machine_var_audits_shots_varitarget_p3'====== Args={'value': 86, 'prev_value': None, 'change': True}
2026-06-13 20:54:41,215 : INFO : EventManager : Event: ======'machine_var_audits_shots_varitarget_p4'====== Args={'value': 48, 'prev_value': None, 'change': True}
2026-06-13 20:54:41,215 : INFO : EventManager : Event: ======'machine_var_audits_shots_varitarget_p5'====== Args={'value': 166, 'prev_value': None, 'change': True}
2026-06-13 20:54:41,215 : INFO : EventManager : Event: ======'machine_var_audits_shots_varitarget_p6'====== Args={'value': 370, 'prev_value': None, 'change': True}
2026-06-13 20:54:41,215 : INFO : EventManager : Event: ======'machine_var_audits_shots_varitarget_p7'====== Args={'value': 259, 'prev_value': None, 'change': True}
2026-06-13 20:54:41,215 : INFO : EventManager : Event: ======'machine_var_audits_switches_s_00_service_esc'====== Args={'value': 0, 'prev_value': None, 'change': True}
2026-06-13 20:54:41,215 : INFO : EventManager : Event: ======'machine_var_audits_switches_s_01_service_up'====== Args={'value': 0, 'prev_value': None, 'change': True}
2026-06-13 20:54:41,215 : INFO : EventManager : Event: ======'machine_var_audits_switches_s_02_service_down'====== Args={'value': 0, 'prev_value': None, 'change': True}
2026-06-13 20:54:41,215 : INFO : EventManager : Event: ======'machine_var_audits_switches_s_03_service_enter'====== Args={'value': 0, 'prev_value': None, 'change': True}
2026-06-13 20:54:41,215 : INFO : EventManager : Event: ======'machine_var_audits_switches_s_08_left_flipper'====== Args={'value': 2499, 'prev_value': None, 'change': True}
2026-06-13 20:54:41,215 : INFO : EventManager : Event: ======'machine_var_audits_switches_s_11_start_button'====== Args={'value': 199, 'prev_value': None, 'change': True}
2026-06-13 20:54:41,215 : INFO : EventManager : Event: ======'machine_var_audits_switches_s_16_right_flipper'====== Args={'value': 3616, 'prev_value': None, 'change': True}
2026-06-13 20:54:41,215 : INFO : EventManager : Event: ======'machine_var_audits_switches_s_17_right_flipper_upper'====== Args={'value': 2829, 'prev_value': None, 'change': True}
2026-06-13 20:54:41,215 : INFO : EventManager : Event: ======'machine_var_audits_switches_s_19_cab_arrow_left'====== Args={'value': 13, 'prev_value': None, 'change': True}
2026-06-13 20:54:41,215 : INFO : EventManager : Event: ======'machine_var_audits_switches_s_20_cab_arrow_right'====== Args={'value': 9, 'prev_value': None, 'change': True}
2026-06-13 20:54:41,215 : INFO : EventManager : Event: ======'machine_var_audits_switches_s_24_trough_1'====== Args={'value': 385, 'prev_value': None, 'change': True}
2026-06-13 20:54:41,216 : INFO : EventManager : Event: ======'machine_var_audits_switches_s_25_trough_2'====== Args={'value': 361, 'prev_value': None, 'change': True}
2026-06-13 20:54:41,216 : INFO : EventManager : Event: ======'machine_var_audits_switches_s_26_trough_3'====== Args={'value': 315, 'prev_value': None, 'change': True}
2026-06-13 20:54:41,216 : INFO : EventManager : Event: ======'machine_var_audits_switches_s_27_trough_4'====== Args={'value': 296, 'prev_value': None, 'change': True}
2026-06-13 20:54:41,216 : INFO : EventManager : Event: ======'machine_var_audits_switches_s_28_trough_5'====== Args={'value': 305, 'prev_value': None, 'change': True}
2026-06-13 20:54:41,216 : INFO : EventManager : Event: ======'machine_var_audits_switches_s_29_trough_6'====== Args={'value': 370, 'prev_value': None, 'change': True}
2026-06-13 20:54:41,216 : INFO : EventManager : Event: ======'machine_var_audits_switches_s_30_trough_jam'====== Args={'value': 428, 'prev_value': None, 'change': True}
2026-06-13 20:54:41,216 : INFO : EventManager : Event: ======'machine_var_audits_switches_s_31_plunger_lane'====== Args={'value': 606, 'prev_value': None, 'change': True}
2026-06-13 20:54:41,216 : INFO : EventManager : Event: ======'machine_var_audits_switches_s_32_right_inlane'====== Args={'value': 154, 'prev_value': None, 'change': True}
2026-06-13 20:54:41,216 : INFO : EventManager : Event: ======'machine_var_audits_switches_s_33_right_outlane'====== Args={'value': 14, 'prev_value': None, 'change': True}
2026-06-13 20:54:41,216 : INFO : EventManager : Event: ======'machine_var_audits_switches_s_34_right_sling'====== Args={'value': 475, 'prev_value': None, 'change': True}
2026-06-13 20:54:41,216 : INFO : EventManager : Event: ======'machine_var_audits_switches_s_35_left_inlane'====== Args={'value': 205, 'prev_value': None, 'change': True}
2026-06-13 20:54:41,216 : INFO : EventManager : Event: ======'machine_var_audits_switches_s_36_left_outlane'====== Args={'value': 110, 'prev_value': None, 'change': True}
2026-06-13 20:54:41,216 : INFO : EventManager : Event: ======'machine_var_audits_switches_s_37_left_sling'====== Args={'value': 228, 'prev_value': None, 'change': True}
2026-06-13 20:54:41,216 : INFO : EventManager : Event: ======'machine_var_audits_switches_s_38_star_rollover_bottom'====== Args={'value': 0, 'prev_value': None, 'change': True}
2026-06-13 20:54:41,216 : INFO : EventManager : Event: ======'machine_var_audits_switches_s_39_star_rollover_top'====== Args={'value': 53, 'prev_value': None, 'change': True}
2026-06-13 20:54:41,216 : INFO : EventManager : Event: ======'machine_var_audits_switches_s_40_stand_up_target_5'====== Args={'value': 175, 'prev_value': None, 'change': True}
2026-06-13 20:54:41,216 : INFO : EventManager : Event: ======'machine_var_audits_switches_s_41_stand_up_target_6'====== Args={'value': 226, 'prev_value': None, 'change': True}
2026-06-13 20:54:41,216 : INFO : EventManager : Event: ======'machine_var_audits_switches_s_42_stand_up_target_1'====== Args={'value': 105, 'prev_value': None, 'change': True}
2026-06-13 20:54:41,217 : INFO : EventManager : Event: ======'machine_var_audits_switches_s_43_stand_up_target_4'====== Args={'value': 296, 'prev_value': None, 'change': True}
2026-06-13 20:54:41,217 : INFO : EventManager : Event: ======'machine_var_audits_switches_s_44_spinner_right'====== Args={'value': 902, 'prev_value': None, 'change': True}
2026-06-13 20:54:41,217 : INFO : EventManager : Event: ======'machine_var_audits_switches_s_56_pop_bumper_right'====== Args={'value': 503, 'prev_value': None, 'change': True}
2026-06-13 20:54:41,217 : INFO : EventManager : Event: ======'machine_var_audits_switches_s_57_pop_bumper_center'====== Args={'value': 922, 'prev_value': None, 'change': True}
2026-06-13 20:54:41,217 : INFO : EventManager : Event: ======'machine_var_audits_switches_s_58_pop_bumper_left'====== Args={'value': 1660, 'prev_value': None, 'change': True}
2026-06-13 20:54:41,217 : INFO : EventManager : Event: ======'machine_var_audits_switches_s_59_saucer_right'====== Args={'value': 43, 'prev_value': None, 'change': True}
2026-06-13 20:54:41,217 : INFO : EventManager : Event: ======'machine_var_audits_switches_s_60_top_lane_c'====== Args={'value': 509, 'prev_value': None, 'change': True}
2026-06-13 20:54:41,217 : INFO : EventManager : Event: ======'machine_var_audits_switches_s_61_top_lane_b'====== Args={'value': 807, 'prev_value': None, 'change': True}
2026-06-13 20:54:41,217 : INFO : EventManager : Event: ======'machine_var_audits_switches_s_62_top_lane_a'====== Args={'value': 629, 'prev_value': None, 'change': True}
2026-06-13 20:54:41,217 : INFO : EventManager : Event: ======'machine_var_audits_switches_s_63_stand_up_target_3'====== Args={'value': 167, 'prev_value': None, 'change': True}
2026-06-13 20:54:41,217 : INFO : EventManager : Event: ======'machine_var_audits_switches_s_64_varitarget_position_1'====== Args={'value': 3648, 'prev_value': None, 'change': True}
2026-06-13 20:54:41,217 : INFO : EventManager : Event: ======'machine_var_audits_switches_s_65_varitarget_position_2'====== Args={'value': 64, 'prev_value': None, 'change': True}
2026-06-13 20:54:41,217 : INFO : EventManager : Event: ======'machine_var_audits_switches_s_66_varitarget_position_3'====== Args={'value': 86, 'prev_value': None, 'change': True}
2026-06-13 20:54:41,217 : INFO : EventManager : Event: ======'machine_var_audits_switches_s_67_varitarget_position_4'====== Args={'value': 48, 'prev_value': None, 'change': True}
2026-06-13 20:54:41,217 : INFO : EventManager : Event: ======'machine_var_audits_switches_s_68_varitarget_position_5'====== Args={'value': 166, 'prev_value': None, 'change': True}
2026-06-13 20:54:41,217 : INFO : EventManager : Event: ======'machine_var_audits_switches_s_69_varitarget_position_6'====== Args={'value': 370, 'prev_value': None, 'change': True}
2026-06-13 20:54:41,217 : INFO : EventManager : Event: ======'machine_var_audits_switches_s_70_varitarget_position_7'====== Args={'value': 259, 'prev_value': None, 'change': True}
2026-06-13 20:54:41,217 : INFO : EventManager : Event: ======'machine_var_audits_switches_s_71_spinner_left'====== Args={'value': 1676, 'prev_value': None, 'change': True}
2026-06-13 20:54:41,217 : INFO : EventManager : Event: ======'machine_var_audits_switches_s_72_single_drop_1'====== Args={'value': 101, 'prev_value': None, 'change': True}
2026-06-13 20:54:41,217 : INFO : EventManager : Event: ======'machine_var_audits_switches_s_73_fourbank_drop_1'====== Args={'value': 337, 'prev_value': None, 'change': True}
2026-06-13 20:54:41,218 : INFO : EventManager : Event: ======'machine_var_audits_switches_s_74_fourbank_drop_2'====== Args={'value': 353, 'prev_value': None, 'change': True}
2026-06-13 20:54:41,218 : INFO : EventManager : Event: ======'machine_var_audits_switches_s_75_fourbank_drop_3'====== Args={'value': 367, 'prev_value': None, 'change': True}
2026-06-13 20:54:41,218 : INFO : EventManager : Event: ======'machine_var_audits_switches_s_76_fourbank_drop_4'====== Args={'value': 417, 'prev_value': None, 'change': True}
2026-06-13 20:54:41,218 : INFO : EventManager : Event: ======'machine_var_audits_switches_s_77_threebank_drop_1'====== Args={'value': 259, 'prev_value': None, 'change': True}
2026-06-13 20:54:41,218 : INFO : EventManager : Event: ======'machine_var_audits_switches_s_78_threebank_drop_2'====== Args={'value': 176, 'prev_value': None, 'change': True}
2026-06-13 20:54:41,218 : INFO : EventManager : Event: ======'machine_var_audits_switches_s_79_threebank_drop_3'====== Args={'value': 152, 'prev_value': None, 'change': True}
2026-06-13 20:54:41,218 : INFO : EventManager : Event: ======'machine_var_audits_switches_s_80_stand_up_target_2'====== Args={'value': 43, 'prev_value': None, 'change': True}
2026-06-13 20:54:41,218 : INFO : EventManager : Event: ======'machine_var_audits_switches_s_81_saucer_left'====== Args={'value': 138, 'prev_value': None, 'change': True}
2026-06-13 20:54:41,218 : INFO : EventManager : Event: ======'machine_var_audits_switches_s_82_stand_up_target_bank_1'====== Args={'value': 119, 'prev_value': None, 'change': True}
2026-06-13 20:54:41,218 : INFO : EventManager : Event: ======'machine_var_audits_switches_s_83_stand_up_target_bank_2'====== Args={'value': 259, 'prev_value': None, 'change': True}
2026-06-13 20:54:41,218 : INFO : EventManager : Event: ======'machine_var_audits_switches_s_84_stand_up_target_bank_3'====== Args={'value': 141, 'prev_value': None, 'change': True}
2026-06-13 20:54:41,218 : INFO : EventManager : Event: ======'machine_var_audits_switches_s_85_stand_up_target_bank_4'====== Args={'value': 167, 'prev_value': None, 'change': True}
2026-06-13 20:54:41,218 : INFO : EventManager : Event: ======'machine_var_audits_switches_s_86_stand_up_target_bank_5'====== Args={'value': 234, 'prev_value': None, 'change': True}
2026-06-13 20:54:41,218 : INFO : EventManager : Event: ======'machine_var_audits_switches_s_87_stand_up_target_bank_6'====== Args={'value': 138, 'prev_value': None, 'change': True}
2026-06-13 20:54:41,219 : INFO : EventManager : Event: ======'init_phase_5'====== Args={}
2026-06-13 20:54:41,219 : INFO : EventManager : Event: ======'init_done'====== Args={}
2026-06-13 20:54:41,220 : INFO : EventManager : Event: ======'machine_reset_phase_1'====== Args={}
2026-06-13 20:54:41,233 : INFO : EventManager : Event: ======'machine_reset_phase_2'====== Args={}
2026-06-13 20:54:41,234 : INFO : EventManager : Event: ======'machine_reset_phase_3'====== Args={}
2026-06-13 20:54:41,234 : INFO : drop_target_bank.dt_bank_1_4 : All targets are already up. Will not reset bank.
2026-06-13 20:54:41,234 : INFO : drop_target_bank.dt_bank_5_7 : All targets are already up. Will not reset bank.
2026-06-13 20:54:41,235 : INFO : EventManager : Event: ======'reset_complete'====== Args={}
2026-06-13 20:54:41,235 : INFO : EventManager : Event: ======'mode_attract_will_start'====== Args={}
2026-06-13 20:54:41,235 : INFO : Timer.attract_carousel_timer : Starting Timer.
2026-06-13 20:54:41,235 : INFO : EventManager : Event: ======'timer_attract_carousel_timer_started'====== Args={'ticks': 0, 'ticks_remaining': 1}
2026-06-13 20:54:41,235 : INFO : EventManager : Event: ======'timer_attract_carousel_timer_tick'====== Args={'ticks': 0, 'ticks_remaining': 1}
2026-06-13 20:54:41,236 : INFO : EventManager : Event: ======'mode_attract_starting'====== Args={}
2026-06-13 20:54:41,236 : INFO : Mode.attract : Started. Priority: 10
2026-06-13 20:54:41,236 : INFO : EventManager : Event: ======'modes_active_modes_changed'====== Args={}
2026-06-13 20:54:41,236 : INFO : EventManager : Event: ======'mode_attract_started'====== Args={}
2026-06-13 20:54:41,237 : INFO : EventManager : Event: ======'start_mode_attract_scores'====== Args={'priority': 0}
2026-06-13 20:54:41,237 : INFO : EventManager : Event: ======'start_mode_attract_credits'====== Args={'priority': 0}
2026-06-13 20:54:41,238 : INFO : EventManager : Event: ======'mode_attract_scores_will_start'====== Args={'priority': 0}
2026-06-13 20:54:41,239 : INFO : Timer.attract_scores_carousel_timer : Starting Timer.
2026-06-13 20:54:41,239 : INFO : EventManager : Event: ======'timer_attract_scores_carousel_timer_started'====== Args={'ticks': 0, 'ticks_remaining': 1}
2026-06-13 20:54:41,239 : INFO : EventManager : Event: ======'timer_attract_scores_carousel_timer_tick'====== Args={'ticks': 0, 'ticks_remaining': 1}
2026-06-13 20:54:41,239 : INFO : EventManager : Event: ======'mode_attract_scores_starting'====== Args={'priority': 0}
2026-06-13 20:54:41,239 : INFO : EventManager : Event: ======'mode_attract_credits_will_start'====== Args={'priority': 0}
2026-06-13 20:54:41,239 : INFO : Timer.attract_credits_carousel_timer : Starting Timer.
2026-06-13 20:54:41,240 : INFO : EventManager : Event: ======'timer_attract_credits_carousel_timer_started'====== Args={'ticks': 0, 'ticks_remaining': 1}
2026-06-13 20:54:41,240 : INFO : EventManager : Event: ======'timer_attract_credits_carousel_timer_tick'====== Args={'ticks': 0, 'ticks_remaining': 1}
2026-06-13 20:54:41,240 : INFO : EventManager : Event: ======'mode_attract_credits_starting'====== Args={'priority': 0}
2026-06-13 20:54:41,240 : INFO : Mode.attract_credits : Started. Priority: 8
2026-06-13 20:54:41,240 : INFO : EventManager : Event: ======'modes_active_modes_changed'====== Args={}
2026-06-13 20:54:41,240 : INFO : EventManager : Event: ======'mode_attract_credits_started'====== Args={'priority': 0}
2026-06-13 20:54:41,240 : INFO : EventManager : Event: ======'carousel_item_highlighted'====== Args={'carousel': 'attract_credits', 'direction': None, 'item': 'credits_sfx'}
2026-06-13 20:54:41,240 : INFO : Mode.attract_scores : Started. Priority: 9
2026-06-13 20:54:41,240 : INFO : EventManager : Event: ======'modes_active_modes_changed'====== Args={}
2026-06-13 20:54:41,240 : INFO : EventManager : Event: ======'mode_attract_scores_started'====== Args={'priority': 0}
2026-06-13 20:54:41,241 : INFO : EventManager : Event: ======'carousel_item_highlighted'====== Args={'carousel': 'attract_scores', 'direction': None, 'item': 'last_game_score'}
2026-06-13 20:54:41,241 : INFO : EventManager : Event: ======'collecting_balls_complete'====== Args={}
2026-06-13 20:54:41,241 : INFO : EventManager : Event: ======'carousel_item_highlighted'====== Args={'carousel': 'attract', 'direction': None, 'item': 'title'}
2026-06-13 20:54:41,244 : INFO : Machine : Starting the main run loop with active modes: [<Mode.attract>, <Mode.attract_scores>, <Mode.attract_credits>]
2026-06-13 20:54:41,379 : INFO : EventManager : Event: ======'slide_attract_created'====== Args={'_from_bcp': True}
2026-06-13 20:54:41,379 : INFO : EventManager : Event: ======'slide__removed'====== Args={'_from_bcp': True}
2026-06-13 20:54:41,380 : INFO : EventManager : Event: ======'slide_attract_active'====== Args={'original_context': 'attract', 'original_calling_context': 'mode_attract_started', 'priority': 10.0, 'cmd': 'slides_play', '_from_bcp': True}
2026-06-13 20:54:46,216 : INFO : Timer.attract_carousel_timer : Timer Complete
2026-06-13 20:54:46,217 : INFO : Timer.attract_carousel_timer : Stopping Timer
2026-06-13 20:54:46,217 : INFO : EventManager : Event: ======'timer_attract_carousel_timer_stopped'====== Args={'ticks': 1, 'ticks_remaining': 1}
2026-06-13 20:54:46,217 : INFO : EventManager : Event: ======'timer_attract_carousel_timer_complete'====== Args={'ticks': 1, 'ticks_remaining': 1}
2026-06-13 20:54:46,218 : INFO : EventManager : Event: ======'carousel_item_highlighted'====== Args={'carousel': 'attract', 'direction': 'forwards', 'item': 'title2'}
2026-06-13 20:54:46,218 : INFO : Timer.attract_carousel_timer : Starting Timer.
2026-06-13 20:54:46,218 : INFO : EventManager : Event: ======'timer_attract_carousel_timer_started'====== Args={'ticks': 0, 'ticks_remaining': 1}
2026-06-13 20:54:46,218 : INFO : EventManager : Event: ======'timer_attract_carousel_timer_tick'====== Args={'ticks': 0, 'ticks_remaining': 1}
2026-06-13 20:54:46,248 : INFO : Timer.attract_scores_carousel_timer : Timer Complete
2026-06-13 20:54:46,248 : INFO : Timer.attract_scores_carousel_timer : Stopping Timer
2026-06-13 20:54:46,248 : INFO : EventManager : Event: ======'timer_attract_scores_carousel_timer_stopped'====== Args={'ticks': 1, 'ticks_remaining': 1}
2026-06-13 20:54:46,248 : INFO : EventManager : Event: ======'timer_attract_scores_carousel_timer_complete'====== Args={'ticks': 1, 'ticks_remaining': 1}
2026-06-13 20:54:46,248 : INFO : Timer.attract_credits_carousel_timer : Timer Complete
2026-06-13 20:54:46,248 : INFO : Timer.attract_credits_carousel_timer : Stopping Timer
2026-06-13 20:54:46,249 : INFO : EventManager : Event: ======'timer_attract_credits_carousel_timer_stopped'====== Args={'ticks': 1, 'ticks_remaining': 1}
2026-06-13 20:54:46,249 : INFO : EventManager : Event: ======'timer_attract_credits_carousel_timer_complete'====== Args={'ticks': 1, 'ticks_remaining': 1}
2026-06-13 20:54:46,249 : INFO : EventManager : Event: ======'carousel_item_highlighted'====== Args={'carousel': 'attract_scores', 'direction': 'forwards', 'item': 'grand_champion'}
2026-06-13 20:54:46,250 : INFO : EventManager : Event: ======'carousel_item_highlighted'====== Args={'carousel': 'attract_credits', 'direction': 'forwards', 'item': 'credits_mpf'}
2026-06-13 20:54:51,209 : INFO : Timer.attract_carousel_timer : Timer Complete
2026-06-13 20:54:51,209 : INFO : Timer.attract_carousel_timer : Stopping Timer
2026-06-13 20:54:51,209 : INFO : EventManager : Event: ======'timer_attract_carousel_timer_stopped'====== Args={'ticks': 1, 'ticks_remaining': 1}
2026-06-13 20:54:51,209 : INFO : EventManager : Event: ======'timer_attract_carousel_timer_complete'====== Args={'ticks': 1, 'ticks_remaining': 1}
2026-06-13 20:54:51,210 : INFO : EventManager : Event: ======'carousel_item_highlighted'====== Args={'carousel': 'attract', 'direction': 'forwards', 'item': 'title'}
2026-06-13 20:54:51,210 : INFO : Timer.attract_carousel_timer : Starting Timer.
2026-06-13 20:54:51,210 : INFO : EventManager : Event: ======'timer_attract_carousel_timer_started'====== Args={'ticks': 0, 'ticks_remaining': 1}
2026-06-13 20:54:51,210 : INFO : EventManager : Event: ======'timer_attract_carousel_timer_tick'====== Args={'ticks': 0, 'ticks_remaining': 1}
2026-06-13 20:54:56,211 : INFO : Timer.attract_carousel_timer : Timer Complete
2026-06-13 20:54:56,211 : INFO : Timer.attract_carousel_timer : Stopping Timer
2026-06-13 20:54:56,211 : INFO : EventManager : Event: ======'timer_attract_carousel_timer_stopped'====== Args={'ticks': 1, 'ticks_remaining': 1}
2026-06-13 20:54:56,211 : INFO : EventManager : Event: ======'timer_attract_carousel_timer_complete'====== Args={'ticks': 1, 'ticks_remaining': 1}
2026-06-13 20:54:56,212 : INFO : EventManager : Event: ======'carousel_item_highlighted'====== Args={'carousel': 'attract', 'direction': 'forwards', 'item': 'title2'}
2026-06-13 20:54:56,212 : INFO : Timer.attract_carousel_timer : Starting Timer.
2026-06-13 20:54:56,212 : INFO : EventManager : Event: ======'timer_attract_carousel_timer_started'====== Args={'ticks': 0, 'ticks_remaining': 1}
2026-06-13 20:54:56,212 : INFO : EventManager : Event: ======'timer_attract_carousel_timer_tick'====== Args={'ticks': 0, 'ticks_remaining': 1}
2026-06-13 20:55:01,213 : INFO : Timer.attract_carousel_timer : Timer Complete
2026-06-13 20:55:01,213 : INFO : Timer.attract_carousel_timer : Stopping Timer
2026-06-13 20:55:01,213 : INFO : EventManager : Event: ======'timer_attract_carousel_timer_stopped'====== Args={'ticks': 1, 'ticks_remaining': 1}
2026-06-13 20:55:01,213 : INFO : EventManager : Event: ======'timer_attract_carousel_timer_complete'====== Args={'ticks': 1, 'ticks_remaining': 1}
2026-06-13 20:55:01,214 : INFO : EventManager : Event: ======'carousel_item_highlighted'====== Args={'carousel': 'attract', 'direction': 'forwards', 'item': 'title'}
2026-06-13 20:55:01,214 : INFO : Timer.attract_carousel_timer : Starting Timer.
2026-06-13 20:55:01,214 : INFO : EventManager : Event: ======'timer_attract_carousel_timer_started'====== Args={'ticks': 0, 'ticks_remaining': 1}
2026-06-13 20:55:01,214 : INFO : EventManager : Event: ======'timer_attract_carousel_timer_tick'====== Args={'ticks': 0, 'ticks_remaining': 1}
2026-06-13 20:55:06,221 : INFO : Timer.attract_carousel_timer : Timer Complete
2026-06-13 20:55:06,221 : INFO : Timer.attract_carousel_timer : Stopping Timer
2026-06-13 20:55:06,221 : INFO : EventManager : Event: ======'timer_attract_carousel_timer_stopped'====== Args={'ticks': 1, 'ticks_remaining': 1}
2026-06-13 20:55:06,221 : INFO : EventManager : Event: ======'timer_attract_carousel_timer_complete'====== Args={'ticks': 1, 'ticks_remaining': 1}
2026-06-13 20:55:06,222 : INFO : EventManager : Event: ======'carousel_item_highlighted'====== Args={'carousel': 'attract', 'direction': 'forwards', 'item': 'title2'}
2026-06-13 20:55:06,223 : INFO : Timer.attract_carousel_timer : Starting Timer.
2026-06-13 20:55:06,223 : INFO : EventManager : Event: ======'timer_attract_carousel_timer_started'====== Args={'ticks': 0, 'ticks_remaining': 1}
2026-06-13 20:55:06,223 : INFO : EventManager : Event: ======'timer_attract_carousel_timer_tick'====== Args={'ticks': 0, 'ticks_remaining': 1}
2026-06-13 20:55:11,212 : INFO : Timer.attract_carousel_timer : Timer Complete
2026-06-13 20:55:11,212 : INFO : Timer.attract_carousel_timer : Stopping Timer
2026-06-13 20:55:11,212 : INFO : EventManager : Event: ======'timer_attract_carousel_timer_stopped'====== Args={'ticks': 1, 'ticks_remaining': 1}
2026-06-13 20:55:11,212 : INFO : EventManager : Event: ======'timer_attract_carousel_timer_complete'====== Args={'ticks': 1, 'ticks_remaining': 1}
2026-06-13 20:55:11,213 : INFO : EventManager : Event: ======'carousel_item_highlighted'====== Args={'carousel': 'attract', 'direction': 'forwards', 'item': 'title'}
2026-06-13 20:55:11,213 : INFO : Timer.attract_carousel_timer : Starting Timer.
2026-06-13 20:55:11,213 : INFO : EventManager : Event: ======'timer_attract_carousel_timer_started'====== Args={'ticks': 0, 'ticks_remaining': 1}
2026-06-13 20:55:11,213 : INFO : EventManager : Event: ======'timer_attract_carousel_timer_tick'====== Args={'ticks': 0, 'ticks_remaining': 1}
2026-06-13 20:55:16,219 : INFO : Timer.attract_carousel_timer : Timer Complete
2026-06-13 20:55:16,219 : INFO : Timer.attract_carousel_timer : Stopping Timer
2026-06-13 20:55:16,219 : INFO : EventManager : Event: ======'timer_attract_carousel_timer_stopped'====== Args={'ticks': 1, 'ticks_remaining': 1}
2026-06-13 20:55:16,219 : INFO : EventManager : Event: ======'timer_attract_carousel_timer_complete'====== Args={'ticks': 1, 'ticks_remaining': 1}
2026-06-13 20:55:16,220 : INFO : EventManager : Event: ======'carousel_item_highlighted'====== Args={'carousel': 'attract', 'direction': 'forwards', 'item': 'title2'}
2026-06-13 20:55:16,220 : INFO : Timer.attract_carousel_timer : Starting Timer.
2026-06-13 20:55:16,220 : INFO : EventManager : Event: ======'timer_attract_carousel_timer_started'====== Args={'ticks': 0, 'ticks_remaining': 1}
2026-06-13 20:55:16,220 : INFO : EventManager : Event: ======'timer_attract_carousel_timer_tick'====== Args={'ticks': 0, 'ticks_remaining': 1}
2026-06-13 20:55:21,209 : INFO : Timer.attract_carousel_timer : Timer Complete
2026-06-13 20:55:21,209 : INFO : Timer.attract_carousel_timer : Stopping Timer
2026-06-13 20:55:21,209 : INFO : EventManager : Event: ======'timer_attract_carousel_timer_stopped'====== Args={'ticks': 1, 'ticks_remaining': 1}
2026-06-13 20:55:21,209 : INFO : EventManager : Event: ======'timer_attract_carousel_timer_complete'====== Args={'ticks': 1, 'ticks_remaining': 1}
2026-06-13 20:55:21,210 : INFO : EventManager : Event: ======'carousel_item_highlighted'====== Args={'carousel': 'attract', 'direction': 'forwards', 'item': 'title'}
2026-06-13 20:55:21,210 : INFO : Timer.attract_carousel_timer : Starting Timer.
2026-06-13 20:55:21,210 : INFO : EventManager : Event: ======'timer_attract_carousel_timer_started'====== Args={'ticks': 0, 'ticks_remaining': 1}
2026-06-13 20:55:21,210 : INFO : EventManager : Event: ======'timer_attract_carousel_timer_tick'====== Args={'ticks': 0, 'ticks_remaining': 1}
2026-06-13 20:55:26,211 : INFO : Timer.attract_carousel_timer : Timer Complete
2026-06-13 20:55:26,211 : INFO : Timer.attract_carousel_timer : Stopping Timer
2026-06-13 20:55:26,211 : INFO : EventManager : Event: ======'timer_attract_carousel_timer_stopped'====== Args={'ticks': 1, 'ticks_remaining': 1}
2026-06-13 20:55:26,211 : INFO : EventManager : Event: ======'timer_attract_carousel_timer_complete'====== Args={'ticks': 1, 'ticks_remaining': 1}
2026-06-13 20:55:26,212 : INFO : EventManager : Event: ======'carousel_item_highlighted'====== Args={'carousel': 'attract', 'direction': 'forwards', 'item': 'title2'}
2026-06-13 20:55:26,212 : INFO : Timer.attract_carousel_timer : Starting Timer.
2026-06-13 20:55:26,212 : INFO : EventManager : Event: ======'timer_attract_carousel_timer_started'====== Args={'ticks': 0, 'ticks_remaining': 1}
2026-06-13 20:55:26,212 : INFO : EventManager : Event: ======'timer_attract_carousel_timer_tick'====== Args={'ticks': 0, 'ticks_remaining': 1}
2026-06-13 20:55:31,219 : INFO : Timer.attract_carousel_timer : Timer Complete
2026-06-13 20:55:31,219 : INFO : Timer.attract_carousel_timer : Stopping Timer
2026-06-13 20:55:31,219 : INFO : EventManager : Event: ======'timer_attract_carousel_timer_stopped'====== Args={'ticks': 1, 'ticks_remaining': 1}
2026-06-13 20:55:31,219 : INFO : EventManager : Event: ======'timer_attract_carousel_timer_complete'====== Args={'ticks': 1, 'ticks_remaining': 1}
2026-06-13 20:55:31,221 : INFO : EventManager : Event: ======'carousel_item_highlighted'====== Args={'carousel': 'attract', 'direction': 'forwards', 'item': 'title'}
2026-06-13 20:55:31,221 : INFO : Timer.attract_carousel_timer : Starting Timer.
2026-06-13 20:55:31,221 : INFO : EventManager : Event: ======'timer_attract_carousel_timer_started'====== Args={'ticks': 0, 'ticks_remaining': 1}
2026-06-13 20:55:31,221 : INFO : EventManager : Event: ======'timer_attract_carousel_timer_tick'====== Args={'ticks': 0, 'ticks_remaining': 1}
2026-06-13 20:55:36,219 : INFO : Timer.attract_carousel_timer : Timer Complete
2026-06-13 20:55:36,219 : INFO : Timer.attract_carousel_timer : Stopping Timer
2026-06-13 20:55:36,219 : INFO : EventManager : Event: ======'timer_attract_carousel_timer_stopped'====== Args={'ticks': 1, 'ticks_remaining': 1}
2026-06-13 20:55:36,219 : INFO : EventManager : Event: ======'timer_attract_carousel_timer_complete'====== Args={'ticks': 1, 'ticks_remaining': 1}
2026-06-13 20:55:36,221 : INFO : EventManager : Event: ======'carousel_item_highlighted'====== Args={'carousel': 'attract', 'direction': 'forwards', 'item': 'title2'}
2026-06-13 20:55:36,221 : INFO : Timer.attract_carousel_timer : Starting Timer.
2026-06-13 20:55:36,221 : INFO : EventManager : Event: ======'timer_attract_carousel_timer_started'====== Args={'ticks': 0, 'ticks_remaining': 1}
2026-06-13 20:55:36,221 : INFO : EventManager : Event: ======'timer_attract_carousel_timer_tick'====== Args={'ticks': 0, 'ticks_remaining': 1}
2026-06-13 20:55:41,208 : INFO : Timer.attract_carousel_timer : Timer Complete
2026-06-13 20:55:41,208 : INFO : Timer.attract_carousel_timer : Stopping Timer
2026-06-13 20:55:41,208 : INFO : EventManager : Event: ======'timer_attract_carousel_timer_stopped'====== Args={'ticks': 1, 'ticks_remaining': 1}
2026-06-13 20:55:41,208 : INFO : EventManager : Event: ======'timer_attract_carousel_timer_complete'====== Args={'ticks': 1, 'ticks_remaining': 1}
2026-06-13 20:55:41,209 : INFO : EventManager : Event: ======'carousel_item_highlighted'====== Args={'carousel': 'attract', 'direction': 'forwards', 'item': 'title'}
2026-06-13 20:55:41,209 : INFO : Timer.attract_carousel_timer : Starting Timer.
2026-06-13 20:55:41,210 : INFO : EventManager : Event: ======'timer_attract_carousel_timer_started'====== Args={'ticks': 0, 'ticks_remaining': 1}
2026-06-13 20:55:41,210 : INFO : EventManager : Event: ======'timer_attract_carousel_timer_tick'====== Args={'ticks': 0, 'ticks_remaining': 1}
2026-06-13 20:55:46,212 : INFO : Timer.attract_carousel_timer : Timer Complete
2026-06-13 20:55:46,212 : INFO : Timer.attract_carousel_timer : Stopping Timer
2026-06-13 20:55:46,212 : INFO : EventManager : Event: ======'timer_attract_carousel_timer_stopped'====== Args={'ticks': 1, 'ticks_remaining': 1}
2026-06-13 20:55:46,212 : INFO : EventManager : Event: ======'timer_attract_carousel_timer_complete'====== Args={'ticks': 1, 'ticks_remaining': 1}
2026-06-13 20:55:46,213 : INFO : EventManager : Event: ======'carousel_item_highlighted'====== Args={'carousel': 'attract', 'direction': 'forwards', 'item': 'title2'}
2026-06-13 20:55:46,214 : INFO : Timer.attract_carousel_timer : Starting Timer.
2026-06-13 20:55:46,214 : INFO : EventManager : Event: ======'timer_attract_carousel_timer_started'====== Args={'ticks': 0, 'ticks_remaining': 1}
2026-06-13 20:55:46,214 : INFO : EventManager : Event: ======'timer_attract_carousel_timer_tick'====== Args={'ticks': 0, 'ticks_remaining': 1}
2026-06-13 20:55:51,219 : INFO : Timer.attract_carousel_timer : Timer Complete
2026-06-13 20:55:51,219 : INFO : Timer.attract_carousel_timer : Stopping Timer
2026-06-13 20:55:51,219 : INFO : EventManager : Event: ======'timer_attract_carousel_timer_stopped'====== Args={'ticks': 1, 'ticks_remaining': 1}
2026-06-13 20:55:51,219 : INFO : EventManager : Event: ======'timer_attract_carousel_timer_complete'====== Args={'ticks': 1, 'ticks_remaining': 1}
2026-06-13 20:55:51,220 : INFO : EventManager : Event: ======'carousel_item_highlighted'====== Args={'carousel': 'attract', 'direction': 'forwards', 'item': 'title'}
2026-06-13 20:55:51,221 : INFO : Timer.attract_carousel_timer : Starting Timer.
2026-06-13 20:55:51,221 : INFO : EventManager : Event: ======'timer_attract_carousel_timer_started'====== Args={'ticks': 0, 'ticks_remaining': 1}
2026-06-13 20:55:51,221 : INFO : EventManager : Event: ======'timer_attract_carousel_timer_tick'====== Args={'ticks': 0, 'ticks_remaining': 1}
2026-06-13 20:55:56,220 : INFO : Timer.attract_carousel_timer : Timer Complete
2026-06-13 20:55:56,220 : INFO : Timer.attract_carousel_timer : Stopping Timer
2026-06-13 20:55:56,220 : INFO : EventManager : Event: ======'timer_attract_carousel_timer_stopped'====== Args={'ticks': 1, 'ticks_remaining': 1}
2026-06-13 20:55:56,220 : INFO : EventManager : Event: ======'timer_attract_carousel_timer_complete'====== Args={'ticks': 1, 'ticks_remaining': 1}
2026-06-13 20:55:56,223 : INFO : EventManager : Event: ======'carousel_item_highlighted'====== Args={'carousel': 'attract', 'direction': 'forwards', 'item': 'title2'}
2026-06-13 20:55:56,224 : INFO : Timer.attract_carousel_timer : Starting Timer.
2026-06-13 20:55:56,224 : INFO : EventManager : Event: ======'timer_attract_carousel_timer_started'====== Args={'ticks': 0, 'ticks_remaining': 1}
2026-06-13 20:55:56,225 : INFO : EventManager : Event: ======'timer_attract_carousel_timer_tick'====== Args={'ticks': 0, 'ticks_remaining': 1}
2026-06-13 20:56:01,212 : INFO : Timer.attract_carousel_timer : Timer Complete
2026-06-13 20:56:01,212 : INFO : Timer.attract_carousel_timer : Stopping Timer
2026-06-13 20:56:01,212 : INFO : EventManager : Event: ======'timer_attract_carousel_timer_stopped'====== Args={'ticks': 1, 'ticks_remaining': 1}
2026-06-13 20:56:01,212 : INFO : EventManager : Event: ======'timer_attract_carousel_timer_complete'====== Args={'ticks': 1, 'ticks_remaining': 1}
2026-06-13 20:56:01,215 : INFO : EventManager : Event: ======'carousel_item_highlighted'====== Args={'carousel': 'attract', 'direction': 'forwards', 'item': 'title'}
2026-06-13 20:56:01,215 : INFO : Timer.attract_carousel_timer : Starting Timer.
2026-06-13 20:56:01,216 : INFO : EventManager : Event: ======'timer_attract_carousel_timer_started'====== Args={'ticks': 0, 'ticks_remaining': 1}
2026-06-13 20:56:01,216 : INFO : EventManager : Event: ======'timer_attract_carousel_timer_tick'====== Args={'ticks': 0, 'ticks_remaining': 1}
2026-06-13 20:56:06,222 : INFO : Timer.attract_carousel_timer : Timer Complete
2026-06-13 20:56:06,222 : INFO : Timer.attract_carousel_timer : Stopping Timer
2026-06-13 20:56:06,222 : INFO : EventManager : Event: ======'timer_attract_carousel_timer_stopped'====== Args={'ticks': 1, 'ticks_remaining': 1}
2026-06-13 20:56:06,222 : INFO : EventManager : Event: ======'timer_attract_carousel_timer_complete'====== Args={'ticks': 1, 'ticks_remaining': 1}
2026-06-13 20:56:06,223 : INFO : EventManager : Event: ======'carousel_item_highlighted'====== Args={'carousel': 'attract', 'direction': 'forwards', 'item': 'title2'}
2026-06-13 20:56:06,224 : INFO : Timer.attract_carousel_timer : Starting Timer.
2026-06-13 20:56:06,224 : INFO : EventManager : Event: ======'timer_attract_carousel_timer_started'====== Args={'ticks': 0, 'ticks_remaining': 1}
2026-06-13 20:56:06,224 : INFO : EventManager : Event: ======'timer_attract_carousel_timer_tick'====== Args={'ticks': 0, 'ticks_remaining': 1}
2026-06-13 20:56:11,219 : INFO : Timer.attract_carousel_timer : Timer Complete
2026-06-13 20:56:11,219 : INFO : Timer.attract_carousel_timer : Stopping Timer
2026-06-13 20:56:11,219 : INFO : EventManager : Event: ======'timer_attract_carousel_timer_stopped'====== Args={'ticks': 1, 'ticks_remaining': 1}
2026-06-13 20:56:11,219 : INFO : EventManager : Event: ======'timer_attract_carousel_timer_complete'====== Args={'ticks': 1, 'ticks_remaining': 1}
2026-06-13 20:56:11,220 : INFO : EventManager : Event: ======'carousel_item_highlighted'====== Args={'carousel': 'attract', 'direction': 'forwards', 'item': 'title'}
2026-06-13 20:56:11,220 : INFO : Timer.attract_carousel_timer : Starting Timer.
2026-06-13 20:56:11,220 : INFO : EventManager : Event: ======'timer_attract_carousel_timer_started'====== Args={'ticks': 0, 'ticks_remaining': 1}
2026-06-13 20:56:11,220 : INFO : EventManager : Event: ======'timer_attract_carousel_timer_tick'====== Args={'ticks': 0, 'ticks_remaining': 1}
2026-06-13 20:56:16,218 : INFO : Timer.attract_carousel_timer : Timer Complete
2026-06-13 20:56:16,218 : INFO : Timer.attract_carousel_timer : Stopping Timer
2026-06-13 20:56:16,218 : INFO : EventManager : Event: ======'timer_attract_carousel_timer_stopped'====== Args={'ticks': 1, 'ticks_remaining': 1}
2026-06-13 20:56:16,218 : INFO : EventManager : Event: ======'timer_attract_carousel_timer_complete'====== Args={'ticks': 1, 'ticks_remaining': 1}
2026-06-13 20:56:16,219 : INFO : EventManager : Event: ======'carousel_item_highlighted'====== Args={'carousel': 'attract', 'direction': 'forwards', 'item': 'title2'}
2026-06-13 20:56:16,219 : INFO : Timer.attract_carousel_timer : Starting Timer.
2026-06-13 20:56:16,219 : INFO : EventManager : Event: ======'timer_attract_carousel_timer_started'====== Args={'ticks': 0, 'ticks_remaining': 1}
2026-06-13 20:56:16,219 : INFO : EventManager : Event: ======'timer_attract_carousel_timer_tick'====== Args={'ticks': 0, 'ticks_remaining': 1}
2026-06-13 20:56:21,213 : INFO : Timer.attract_carousel_timer : Timer Complete
2026-06-13 20:56:21,213 : INFO : Timer.attract_carousel_timer : Stopping Timer
2026-06-13 20:56:21,213 : INFO : EventManager : Event: ======'timer_attract_carousel_timer_stopped'====== Args={'ticks': 1, 'ticks_remaining': 1}
2026-06-13 20:56:21,213 : INFO : EventManager : Event: ======'timer_attract_carousel_timer_complete'====== Args={'ticks': 1, 'ticks_remaining': 1}
2026-06-13 20:56:21,214 : INFO : EventManager : Event: ======'carousel_item_highlighted'====== Args={'carousel': 'attract', 'direction': 'forwards', 'item': 'title'}
2026-06-13 20:56:21,215 : INFO : Timer.attract_carousel_timer : Starting Timer.
2026-06-13 20:56:21,215 : INFO : EventManager : Event: ======'timer_attract_carousel_timer_started'====== Args={'ticks': 0, 'ticks_remaining': 1}
2026-06-13 20:56:21,215 : INFO : EventManager : Event: ======'timer_attract_carousel_timer_tick'====== Args={'ticks': 0, 'ticks_remaining': 1}
2026-06-13 20:56:26,210 : INFO : Timer.attract_carousel_timer : Timer Complete
2026-06-13 20:56:26,210 : INFO : Timer.attract_carousel_timer : Stopping Timer
2026-06-13 20:56:26,210 : INFO : EventManager : Event: ======'timer_attract_carousel_timer_stopped'====== Args={'ticks': 1, 'ticks_remaining': 1}
2026-06-13 20:56:26,210 : INFO : EventManager : Event: ======'timer_attract_carousel_timer_complete'====== Args={'ticks': 1, 'ticks_remaining': 1}
2026-06-13 20:56:26,211 : INFO : EventManager : Event: ======'carousel_item_highlighted'====== Args={'carousel': 'attract', 'direction': 'forwards', 'item': 'title2'}
2026-06-13 20:56:26,211 : INFO : Timer.attract_carousel_timer : Starting Timer.
2026-06-13 20:56:26,211 : INFO : EventManager : Event: ======'timer_attract_carousel_timer_started'====== Args={'ticks': 0, 'ticks_remaining': 1}
2026-06-13 20:56:26,211 : INFO : EventManager : Event: ======'timer_attract_carousel_timer_tick'====== Args={'ticks': 0, 'ticks_remaining': 1}
2026-06-13 20:56:31,207 : INFO : Timer.attract_carousel_timer : Timer Complete
2026-06-13 20:56:31,207 : INFO : Timer.attract_carousel_timer : Stopping Timer
2026-06-13 20:56:31,207 : INFO : EventManager : Event: ======'timer_attract_carousel_timer_stopped'====== Args={'ticks': 1, 'ticks_remaining': 1}
2026-06-13 20:56:31,207 : INFO : EventManager : Event: ======'timer_attract_carousel_timer_complete'====== Args={'ticks': 1, 'ticks_remaining': 1}
2026-06-13 20:56:31,209 : INFO : EventManager : Event: ======'carousel_item_highlighted'====== Args={'carousel': 'attract', 'direction': 'forwards', 'item': 'title'}
2026-06-13 20:56:31,209 : INFO : Timer.attract_carousel_timer : Starting Timer.
2026-06-13 20:56:31,209 : INFO : EventManager : Event: ======'timer_attract_carousel_timer_started'====== Args={'ticks': 0, 'ticks_remaining': 1}
2026-06-13 20:56:31,209 : INFO : EventManager : Event: ======'timer_attract_carousel_timer_tick'====== Args={'ticks': 0, 'ticks_remaining': 1}
2026-06-13 20:56:36,210 : INFO : Timer.attract_carousel_timer : Timer Complete
2026-06-13 20:56:36,210 : INFO : Timer.attract_carousel_timer : Stopping Timer
2026-06-13 20:56:36,210 : INFO : EventManager : Event: ======'timer_attract_carousel_timer_stopped'====== Args={'ticks': 1, 'ticks_remaining': 1}
2026-06-13 20:56:36,210 : INFO : EventManager : Event: ======'timer_attract_carousel_timer_complete'====== Args={'ticks': 1, 'ticks_remaining': 1}
2026-06-13 20:56:36,211 : INFO : EventManager : Event: ======'carousel_item_highlighted'====== Args={'carousel': 'attract', 'direction': 'forwards', 'item': 'title2'}
2026-06-13 20:56:36,211 : INFO : Timer.attract_carousel_timer : Starting Timer.
2026-06-13 20:56:36,212 : INFO : EventManager : Event: ======'timer_attract_carousel_timer_started'====== Args={'ticks': 0, 'ticks_remaining': 1}
2026-06-13 20:56:36,212 : INFO : EventManager : Event: ======'timer_attract_carousel_timer_tick'====== Args={'ticks': 0, 'ticks_remaining': 1}
2026-06-13 20:56:41,215 : INFO : Timer.attract_carousel_timer : Timer Complete
2026-06-13 20:56:41,215 : INFO : Timer.attract_carousel_timer : Stopping Timer
2026-06-13 20:56:41,215 : INFO : EventManager : Event: ======'timer_attract_carousel_timer_stopped'====== Args={'ticks': 1, 'ticks_remaining': 1}
2026-06-13 20:56:41,215 : INFO : EventManager : Event: ======'timer_attract_carousel_timer_complete'====== Args={'ticks': 1, 'ticks_remaining': 1}
2026-06-13 20:56:41,216 : INFO : EventManager : Event: ======'carousel_item_highlighted'====== Args={'carousel': 'attract', 'direction': 'forwards', 'item': 'title'}
2026-06-13 20:56:41,216 : INFO : Timer.attract_carousel_timer : Starting Timer.
2026-06-13 20:56:41,216 : INFO : EventManager : Event: ======'timer_attract_carousel_timer_started'====== Args={'ticks': 0, 'ticks_remaining': 1}
2026-06-13 20:56:41,216 : INFO : EventManager : Event: ======'timer_attract_carousel_timer_tick'====== Args={'ticks': 0, 'ticks_remaining': 1}
2026-06-13 20:56:46,218 : INFO : Timer.attract_carousel_timer : Timer Complete
2026-06-13 20:56:46,218 : INFO : Timer.attract_carousel_timer : Stopping Timer
2026-06-13 20:56:46,218 : INFO : EventManager : Event: ======'timer_attract_carousel_timer_stopped'====== Args={'ticks': 1, 'ticks_remaining': 1}
2026-06-13 20:56:46,218 : INFO : EventManager : Event: ======'timer_attract_carousel_timer_complete'====== Args={'ticks': 1, 'ticks_remaining': 1}
2026-06-13 20:56:46,219 : INFO : EventManager : Event: ======'carousel_item_highlighted'====== Args={'carousel': 'attract', 'direction': 'forwards', 'item': 'title2'}
2026-06-13 20:56:46,219 : INFO : Timer.attract_carousel_timer : Starting Timer.
2026-06-13 20:56:46,219 : INFO : EventManager : Event: ======'timer_attract_carousel_timer_started'====== Args={'ticks': 0, 'ticks_remaining': 1}
2026-06-13 20:56:46,219 : INFO : EventManager : Event: ======'timer_attract_carousel_timer_tick'====== Args={'ticks': 0, 'ticks_remaining': 1}
2026-06-13 20:56:51,214 : INFO : Timer.attract_carousel_timer : Timer Complete
2026-06-13 20:56:51,214 : INFO : Timer.attract_carousel_timer : Stopping Timer
2026-06-13 20:56:51,214 : INFO : EventManager : Event: ======'timer_attract_carousel_timer_stopped'====== Args={'ticks': 1, 'ticks_remaining': 1}
2026-06-13 20:56:51,214 : INFO : EventManager : Event: ======'timer_attract_carousel_timer_complete'====== Args={'ticks': 1, 'ticks_remaining': 1}
2026-06-13 20:56:51,215 : INFO : EventManager : Event: ======'carousel_item_highlighted'====== Args={'carousel': 'attract', 'direction': 'forwards', 'item': 'title'}
2026-06-13 20:56:51,215 : INFO : Timer.attract_carousel_timer : Starting Timer.
2026-06-13 20:56:51,216 : INFO : EventManager : Event: ======'timer_attract_carousel_timer_started'====== Args={'ticks': 0, 'ticks_remaining': 1}
2026-06-13 20:56:51,216 : INFO : EventManager : Event: ======'timer_attract_carousel_timer_tick'====== Args={'ticks': 0, 'ticks_remaining': 1}
2026-06-13 20:56:56,208 : INFO : Timer.attract_carousel_timer : Timer Complete
2026-06-13 20:56:56,208 : INFO : Timer.attract_carousel_timer : Stopping Timer
2026-06-13 20:56:56,208 : INFO : EventManager : Event: ======'timer_attract_carousel_timer_stopped'====== Args={'ticks': 1, 'ticks_remaining': 1}
2026-06-13 20:56:56,208 : INFO : EventManager : Event: ======'timer_attract_carousel_timer_complete'====== Args={'ticks': 1, 'ticks_remaining': 1}
2026-06-13 20:56:56,209 : INFO : EventManager : Event: ======'carousel_item_highlighted'====== Args={'carousel': 'attract', 'direction': 'forwards', 'item': 'title2'}
2026-06-13 20:56:56,209 : INFO : Timer.attract_carousel_timer : Starting Timer.
2026-06-13 20:56:56,209 : INFO : EventManager : Event: ======'timer_attract_carousel_timer_started'====== Args={'ticks': 0, 'ticks_remaining': 1}
2026-06-13 20:56:56,209 : INFO : EventManager : Event: ======'timer_attract_carousel_timer_tick'====== Args={'ticks': 0, 'ticks_remaining': 1}
2026-06-13 20:57:01,210 : INFO : Timer.attract_carousel_timer : Timer Complete
2026-06-13 20:57:01,210 : INFO : Timer.attract_carousel_timer : Stopping Timer
2026-06-13 20:57:01,210 : INFO : EventManager : Event: ======'timer_attract_carousel_timer_stopped'====== Args={'ticks': 1, 'ticks_remaining': 1}
2026-06-13 20:57:01,210 : INFO : EventManager : Event: ======'timer_attract_carousel_timer_complete'====== Args={'ticks': 1, 'ticks_remaining': 1}
2026-06-13 20:57:01,211 : INFO : EventManager : Event: ======'carousel_item_highlighted'====== Args={'carousel': 'attract', 'direction': 'forwards', 'item': 'title'}
2026-06-13 20:57:01,212 : INFO : Timer.attract_carousel_timer : Starting Timer.
2026-06-13 20:57:01,212 : INFO : EventManager : Event: ======'timer_attract_carousel_timer_started'====== Args={'ticks': 0, 'ticks_remaining': 1}
2026-06-13 20:57:01,212 : INFO : EventManager : Event: ======'timer_attract_carousel_timer_tick'====== Args={'ticks': 0, 'ticks_remaining': 1}
2026-06-13 20:57:06,218 : INFO : Timer.attract_carousel_timer : Timer Complete
2026-06-13 20:57:06,218 : INFO : Timer.attract_carousel_timer : Stopping Timer
2026-06-13 20:57:06,218 : INFO : EventManager : Event: ======'timer_attract_carousel_timer_stopped'====== Args={'ticks': 1, 'ticks_remaining': 1}
2026-06-13 20:57:06,218 : INFO : EventManager : Event: ======'timer_attract_carousel_timer_complete'====== Args={'ticks': 1, 'ticks_remaining': 1}
2026-06-13 20:57:06,219 : INFO : EventManager : Event: ======'carousel_item_highlighted'====== Args={'carousel': 'attract', 'direction': 'forwards', 'item': 'title2'}
2026-06-13 20:57:06,220 : INFO : Timer.attract_carousel_timer : Starting Timer.
2026-06-13 20:57:06,220 : INFO : EventManager : Event: ======'timer_attract_carousel_timer_started'====== Args={'ticks': 0, 'ticks_remaining': 1}
2026-06-13 20:57:06,220 : INFO : EventManager : Event: ======'timer_attract_carousel_timer_tick'====== Args={'ticks': 0, 'ticks_remaining': 1}
2026-06-13 20:57:11,206 : INFO : Timer.attract_carousel_timer : Timer Complete
2026-06-13 20:57:11,206 : INFO : Timer.attract_carousel_timer : Stopping Timer
2026-06-13 20:57:11,206 : INFO : EventManager : Event: ======'timer_attract_carousel_timer_stopped'====== Args={'ticks': 1, 'ticks_remaining': 1}
2026-06-13 20:57:11,206 : INFO : EventManager : Event: ======'timer_attract_carousel_timer_complete'====== Args={'ticks': 1, 'ticks_remaining': 1}
2026-06-13 20:57:11,207 : INFO : EventManager : Event: ======'carousel_item_highlighted'====== Args={'carousel': 'attract', 'direction': 'forwards', 'item': 'title'}
2026-06-13 20:57:11,208 : INFO : Timer.attract_carousel_timer : Starting Timer.
2026-06-13 20:57:11,208 : INFO : EventManager : Event: ======'timer_attract_carousel_timer_started'====== Args={'ticks': 0, 'ticks_remaining': 1}
2026-06-13 20:57:11,208 : INFO : EventManager : Event: ======'timer_attract_carousel_timer_tick'====== Args={'ticks': 0, 'ticks_remaining': 1}
2026-06-13 20:57:16,207 : INFO : Timer.attract_carousel_timer : Timer Complete
2026-06-13 20:57:16,207 : INFO : Timer.attract_carousel_timer : Stopping Timer
2026-06-13 20:57:16,207 : INFO : EventManager : Event: ======'timer_attract_carousel_timer_stopped'====== Args={'ticks': 1, 'ticks_remaining': 1}
2026-06-13 20:57:16,207 : INFO : EventManager : Event: ======'timer_attract_carousel_timer_complete'====== Args={'ticks': 1, 'ticks_remaining': 1}
2026-06-13 20:57:16,208 : INFO : EventManager : Event: ======'carousel_item_highlighted'====== Args={'carousel': 'attract', 'direction': 'forwards', 'item': 'title2'}
2026-06-13 20:57:16,208 : INFO : Timer.attract_carousel_timer : Starting Timer.
2026-06-13 20:57:16,208 : INFO : EventManager : Event: ======'timer_attract_carousel_timer_started'====== Args={'ticks': 0, 'ticks_remaining': 1}
2026-06-13 20:57:16,208 : INFO : EventManager : Event: ======'timer_attract_carousel_timer_tick'====== Args={'ticks': 0, 'ticks_remaining': 1}
2026-06-13 20:57:21,216 : INFO : Timer.attract_carousel_timer : Timer Complete
2026-06-13 20:57:21,216 : INFO : Timer.attract_carousel_timer : Stopping Timer
2026-06-13 20:57:21,216 : INFO : EventManager : Event: ======'timer_attract_carousel_timer_stopped'====== Args={'ticks': 1, 'ticks_remaining': 1}
2026-06-13 20:57:21,216 : INFO : EventManager : Event: ======'timer_attract_carousel_timer_complete'====== Args={'ticks': 1, 'ticks_remaining': 1}
2026-06-13 20:57:21,217 : INFO : EventManager : Event: ======'carousel_item_highlighted'====== Args={'carousel': 'attract', 'direction': 'forwards', 'item': 'title'}
2026-06-13 20:57:21,218 : INFO : Timer.attract_carousel_timer : Starting Timer.
2026-06-13 20:57:21,218 : INFO : EventManager : Event: ======'timer_attract_carousel_timer_started'====== Args={'ticks': 0, 'ticks_remaining': 1}
2026-06-13 20:57:21,218 : INFO : EventManager : Event: ======'timer_attract_carousel_timer_tick'====== Args={'ticks': 0, 'ticks_remaining': 1}
2026-06-13 20:57:26,218 : INFO : Timer.attract_carousel_timer : Timer Complete
2026-06-13 20:57:26,218 : INFO : Timer.attract_carousel_timer : Stopping Timer
2026-06-13 20:57:26,218 : INFO : EventManager : Event: ======'timer_attract_carousel_timer_stopped'====== Args={'ticks': 1, 'ticks_remaining': 1}
2026-06-13 20:57:26,218 : INFO : EventManager : Event: ======'timer_attract_carousel_timer_complete'====== Args={'ticks': 1, 'ticks_remaining': 1}
2026-06-13 20:57:26,219 : INFO : EventManager : Event: ======'carousel_item_highlighted'====== Args={'carousel': 'attract', 'direction': 'forwards', 'item': 'title2'}
2026-06-13 20:57:26,219 : INFO : Timer.attract_carousel_timer : Starting Timer.
2026-06-13 20:57:26,219 : INFO : EventManager : Event: ======'timer_attract_carousel_timer_started'====== Args={'ticks': 0, 'ticks_remaining': 1}
2026-06-13 20:57:26,220 : INFO : EventManager : Event: ======'timer_attract_carousel_timer_tick'====== Args={'ticks': 0, 'ticks_remaining': 1}
2026-06-13 20:57:31,208 : INFO : Timer.attract_carousel_timer : Timer Complete
2026-06-13 20:57:31,208 : INFO : Timer.attract_carousel_timer : Stopping Timer
2026-06-13 20:57:31,208 : INFO : EventManager : Event: ======'timer_attract_carousel_timer_stopped'====== Args={'ticks': 1, 'ticks_remaining': 1}
2026-06-13 20:57:31,208 : INFO : EventManager : Event: ======'timer_attract_carousel_timer_complete'====== Args={'ticks': 1, 'ticks_remaining': 1}
2026-06-13 20:57:31,210 : INFO : EventManager : Event: ======'carousel_item_highlighted'====== Args={'carousel': 'attract', 'direction': 'forwards', 'item': 'title'}
2026-06-13 20:57:31,210 : INFO : Timer.attract_carousel_timer : Starting Timer.
2026-06-13 20:57:31,210 : INFO : EventManager : Event: ======'timer_attract_carousel_timer_started'====== Args={'ticks': 0, 'ticks_remaining': 1}
2026-06-13 20:57:31,210 : INFO : EventManager : Event: ======'timer_attract_carousel_timer_tick'====== Args={'ticks': 0, 'ticks_remaining': 1}
2026-06-13 20:57:36,215 : INFO : Timer.attract_carousel_timer : Timer Complete
2026-06-13 20:57:36,215 : INFO : Timer.attract_carousel_timer : Stopping Timer
2026-06-13 20:57:36,215 : INFO : EventManager : Event: ======'timer_attract_carousel_timer_stopped'====== Args={'ticks': 1, 'ticks_remaining': 1}
2026-06-13 20:57:36,215 : INFO : EventManager : Event: ======'timer_attract_carousel_timer_complete'====== Args={'ticks': 1, 'ticks_remaining': 1}
2026-06-13 20:57:36,216 : INFO : EventManager : Event: ======'carousel_item_highlighted'====== Args={'carousel': 'attract', 'direction': 'forwards', 'item': 'title2'}
2026-06-13 20:57:36,216 : INFO : Timer.attract_carousel_timer : Starting Timer.
2026-06-13 20:57:36,216 : INFO : EventManager : Event: ======'timer_attract_carousel_timer_started'====== Args={'ticks': 0, 'ticks_remaining': 1}
2026-06-13 20:57:36,216 : INFO : EventManager : Event: ======'timer_attract_carousel_timer_tick'====== Args={'ticks': 0, 'ticks_remaining': 1}
2026-06-13 20:57:41,209 : INFO : Timer.attract_carousel_timer : Timer Complete
2026-06-13 20:57:41,209 : INFO : Timer.attract_carousel_timer : Stopping Timer
2026-06-13 20:57:41,209 : INFO : EventManager : Event: ======'timer_attract_carousel_timer_stopped'====== Args={'ticks': 1, 'ticks_remaining': 1}
2026-06-13 20:57:41,209 : INFO : EventManager : Event: ======'timer_attract_carousel_timer_complete'====== Args={'ticks': 1, 'ticks_remaining': 1}
2026-06-13 20:57:41,210 : INFO : EventManager : Event: ======'carousel_item_highlighted'====== Args={'carousel': 'attract', 'direction': 'forwards', 'item': 'title'}
2026-06-13 20:57:41,210 : INFO : Timer.attract_carousel_timer : Starting Timer.
2026-06-13 20:57:41,210 : INFO : EventManager : Event: ======'timer_attract_carousel_timer_started'====== Args={'ticks': 0, 'ticks_remaining': 1}
2026-06-13 20:57:41,210 : INFO : EventManager : Event: ======'timer_attract_carousel_timer_tick'====== Args={'ticks': 0, 'ticks_remaining': 1}
2026-06-13 20:57:46,085 : INFO : Machine : Shutting down...
2026-06-13 20:57:46,085 : INFO : EventManager : Event: ======'shutdown'====== Args={}
2026-06-13 20:57:46,189 : INFO : root : MPF run loop ended.
