2026-06-12 20:15:48,880 : INFO : root : Loading config.
2026-06-12 20:15:48,885 : INFO : YamlMultifileConfigLoader : Machine config file #1: config.yaml
2026-06-12 20:15:48,886 : INFO : ConfigProcessor : Loading config from cache: C:\Users\tl\AppData\Local\Temp\86f932e179f318f5dae29f066573dee9.mpf_cache
2026-06-12 20:15:48,977 : INFO : ConfigProcessor : Loading config from cache: C:\Users\tl\AppData\Local\Temp\5e7e3dd8e04e0aa46ea76018297218da.mpf_cache
2026-06-12 20:15:48,977 : INFO : ConfigProcessor : Loading config from cache: C:\Users\tl\AppData\Local\Temp\af6ad0dab2f43bd9cbdac83e0b2786ac.mpf_cache
2026-06-12 20:15:48,978 : INFO : ConfigProcessor : Loading config from cache: C:\Users\tl\AppData\Local\Temp\5e7e3dd8e04e0aa46ea76018297218da.mpf_cache
2026-06-12 20:15:48,979 : INFO : ConfigProcessor : Loading config from cache: C:\Users\tl\AppData\Local\Temp\078e3f4c59f1cd1bf0ff8685cc9e7ff5.mpf_cache
2026-06-12 20:15:48,980 : INFO : ConfigProcessor : Loading config from cache: C:\Users\tl\AppData\Local\Temp\279434e09bc5e8b073f441f36778b3c5.mpf_cache
2026-06-12 20:15:48,980 : INFO : ConfigProcessor : Loading config from cache: C:\Users\tl\AppData\Local\Temp\f7ef3217062c4a128670875e2cb05ce9.mpf_cache
2026-06-12 20:15:49,000 : INFO : ConfigProcessor : Loading config from cache: C:\Users\tl\AppData\Local\Temp\e0885cd80287b6cf2bdb3b3b7e551419.mpf_cache
2026-06-12 20:15:49,000 : INFO : ConfigProcessor : Loading config from cache: C:\Users\tl\AppData\Local\Temp\21a3b6af72788c31c1bb21496f7d3280.mpf_cache
2026-06-12 20:15:49,001 : INFO : ConfigProcessor : Loading config from cache: C:\Users\tl\AppData\Local\Temp\5ad868424699ac3c9402d8d89c5742fa.mpf_cache
2026-06-12 20:15:49,003 : INFO : ConfigProcessor : Loading config from cache: C:\Users\tl\AppData\Local\Temp\b41aec6702196d0bd650320fa331266f.mpf_cache
2026-06-12 20:15:49,004 : INFO : ConfigProcessor : Loading config from cache: C:\Users\tl\AppData\Local\Temp\a951eeea2c167365e5a009cce33f51d8.mpf_cache
2026-06-12 20:15:49,005 : INFO : ConfigProcessor : Loading config from cache: C:\Users\tl\AppData\Local\Temp\f020dca9eec5e09763b9289397e6c32f.mpf_cache
2026-06-12 20:15:49,006 : INFO : ConfigProcessor : Loading config from cache: C:\Users\tl\AppData\Local\Temp\edce5a74ebf86ee6330810859c361ede.mpf_cache
2026-06-12 20:15:49,007 : INFO : ConfigProcessor : Loading config from cache: C:\Users\tl\AppData\Local\Temp\7c825e76f3d981841c3099d018a06a8f.mpf_cache
2026-06-12 20:15:49,008 : INFO : ConfigProcessor : Loading config from cache: C:\Users\tl\AppData\Local\Temp\4c1252d1f04cb61ecc91110937cfd225.mpf_cache
2026-06-12 20:15:49,008 : INFO : ConfigProcessor : Loading config from cache: C:\Users\tl\AppData\Local\Temp\8d6d681afe5a7b6e9186321cd98f18ca.mpf_cache
2026-06-12 20:15:49,009 : INFO : ConfigProcessor : Loading config from cache: C:\Users\tl\AppData\Local\Temp\271b31ea91f7fc416a689202738fcb25.mpf_cache
2026-06-12 20:15:49,011 : INFO : ConfigProcessor : Loading config from cache: C:\Users\tl\AppData\Local\Temp\d5113bae71fe9b2600b29bf116525aac.mpf_cache
2026-06-12 20:15:49,012 : INFO : ConfigProcessor : Loading config from cache: C:\Users\tl\AppData\Local\Temp\ae5d383473e063efe671bf30ab478239.mpf_cache
2026-06-12 20:15:49,013 : INFO : ConfigProcessor : Loading config from cache: C:\Users\tl\AppData\Local\Temp\46870b44a1c011c86a746a823adf6b5a.mpf_cache
2026-06-12 20:15:49,014 : INFO : ConfigProcessor : Loading config from cache: C:\Users\tl\AppData\Local\Temp\0cf169c51710e2e034dc49f1aab9dfdd.mpf_cache
2026-06-12 20:15:49,020 : INFO : ConfigProcessor : Loading config from cache: C:\Users\tl\AppData\Local\Temp\1a8067b3018dc540f40ee09fbd30147e.mpf_cache
2026-06-12 20:15:49,021 : INFO : ConfigProcessor : Loading config from cache: C:\Users\tl\AppData\Local\Temp\34d2c1cbec8fdaa1db7761a61cc7c1b6.mpf_cache
2026-06-12 20:15:49,022 : INFO : ConfigProcessor : Loading config from cache: C:\Users\tl\AppData\Local\Temp\4065fa59aedcbd523b942a40672a4db1.mpf_cache
2026-06-12 20:15:49,027 : INFO : ConfigProcessor : Loading config from cache: C:\Users\tl\AppData\Local\Temp\911efd7252939128e304c2322100ac37.mpf_cache
2026-06-12 20:15:49,028 : INFO : ConfigProcessor : Loading config from cache: C:\Users\tl\AppData\Local\Temp\95a50568c399a025ef217996526f3494.mpf_cache
2026-06-12 20:15:49,029 : INFO : ConfigProcessor : Loading config from cache: C:\Users\tl\AppData\Local\Temp\4fa9cf92dccc774be532e383b837572e.mpf_cache
2026-06-12 20:15:49,030 : INFO : ConfigProcessor : Loading config from cache: C:\Users\tl\AppData\Local\Temp\7d6afe43d2cd59003bd26d29f6951346.mpf_cache
2026-06-12 20:15:49,030 : INFO : ConfigProcessor : Loading config from cache: C:\Users\tl\AppData\Local\Temp\3ec53097f46dd8f92da5caf7a9362729.mpf_cache
2026-06-12 20:15:49,036 : INFO : ConfigProcessor : Loading config from cache: C:\Users\tl\AppData\Local\Temp\c36da47bad15180a41187d147cb7917e.mpf_cache
2026-06-12 20:15:49,037 : INFO : ConfigProcessor : Loading config from cache: C:\Users\tl\AppData\Local\Temp\ca9866041621d35ab6358609b63e90d5.mpf_cache
2026-06-12 20:15:49,038 : INFO : ConfigProcessor : Loading config from cache: C:\Users\tl\AppData\Local\Temp\d3b229dc9cb99a8202099f03c2a43090.mpf_cache
2026-06-12 20:15:49,039 : INFO : ConfigProcessor : Loading config from cache: C:\Users\tl\AppData\Local\Temp\08e4cfee44032ad50b613fdfc1c76afd.mpf_cache
2026-06-12 20:15:49,039 : INFO : ConfigProcessor : Loading config from cache: C:\Users\tl\AppData\Local\Temp\8f542fdb27a9c7af6359517ab8d171a1.mpf_cache
2026-06-12 20:15:49,040 : INFO : ConfigProcessor : Loading config from cache: C:\Users\tl\AppData\Local\Temp\c899bce83960d7b8a909fd30af5ba34c.mpf_cache
2026-06-12 20:15:49,040 : INFO : ConfigProcessor : Loading config from cache: C:\Users\tl\AppData\Local\Temp\e3f8c10279e680757f03e6b0889aa739.mpf_cache
2026-06-12 20:15:49,041 : INFO : ConfigProcessor : Loading config from cache: C:\Users\tl\AppData\Local\Temp\ff087817282734556151e8020b1fd49c.mpf_cache
2026-06-12 20:15:49,042 : INFO : ConfigProcessor : Loading config from cache: C:\Users\tl\AppData\Local\Temp\17b17d6e70b510a409968e15bd8ba63c.mpf_cache
2026-06-12 20:15:49,129 : INFO : ConfigProcessor : Loading config from cache: C:\Users\tl\AppData\Local\Temp\4262986a441bb7754780f112bb0e0c56.mpf_cache
2026-06-12 20:15:49,130 : INFO : ConfigProcessor : Loading config from cache: C:\Users\tl\AppData\Local\Temp\d572a2de143bf480090a737668938cb0.mpf_cache
2026-06-12 20:15:49,131 : INFO : ConfigProcessor : Loading config from cache: C:\Users\tl\AppData\Local\Temp\2e7beac76d3bca457a3a521575ba4ead.mpf_cache
2026-06-12 20:15:49,132 : INFO : ConfigProcessor : Loading config from cache: C:\Users\tl\AppData\Local\Temp\7c0931ffc6b13496fd8fae8b9d1b7a08.mpf_cache
2026-06-12 20:15:49,133 : INFO : ConfigProcessor : Loading config from cache: C:\Users\tl\AppData\Local\Temp\62404ae2e9ee2b95d65f52fccac154f0.mpf_cache
2026-06-12 20:15:49,133 : INFO : ConfigProcessor : Loading config from cache: C:\Users\tl\AppData\Local\Temp\537cd9276618929e3a64b374ceb3437f.mpf_cache
2026-06-12 20:15:49,134 : INFO : ConfigProcessor : Loading config from cache: C:\Users\tl\AppData\Local\Temp\cf29873bc64cfbd46b5a5b4c47c95532.mpf_cache
2026-06-12 20:15:49,135 : INFO : ConfigProcessor : Loading config from cache: C:\Users\tl\AppData\Local\Temp\16182b247314d06896cbae33110acd4c.mpf_cache
2026-06-12 20:15:49,136 : INFO : ConfigProcessor : Loading config from cache: C:\Users\tl\AppData\Local\Temp\13826b94a4b36b65ca4171a1d326006f.mpf_cache
2026-06-12 20:15:49,137 : INFO : ConfigProcessor : Loading config from cache: C:\Users\tl\AppData\Local\Temp\34a4b7622c4ff26b43be2fcb96c6a855.mpf_cache
2026-06-12 20:15:49,138 : INFO : ConfigProcessor : Loading config from cache: C:\Users\tl\AppData\Local\Temp\0560061596499ba9c1490154fdcef2ca.mpf_cache
2026-06-12 20:15:49,138 : INFO : ConfigProcessor : Loading config from cache: C:\Users\tl\AppData\Local\Temp\33a0313dc768edabc6062a57466c6435.mpf_cache
2026-06-12 20:15:49,139 : INFO : ConfigProcessor : Loading config from cache: C:\Users\tl\AppData\Local\Temp\51d1034df3c2d8154cfea3abae2369be.mpf_cache
2026-06-12 20:15:49,139 : INFO : ConfigProcessor : Loading config from cache: C:\Users\tl\AppData\Local\Temp\2904ce8d8b78981642dc8b63141b390e.mpf_cache
2026-06-12 20:15:49,140 : INFO : ConfigProcessor : Loading config from cache: C:\Users\tl\AppData\Local\Temp\3ef5173c7a910a36727c66b6285f9c3e.mpf_cache
2026-06-12 20:15:49,141 : INFO : ConfigProcessor : Loading config from cache: C:\Users\tl\AppData\Local\Temp\1671f2a7e01818367d14934820caa625.mpf_cache
2026-06-12 20:15:49,141 : INFO : ConfigProcessor : Loading config from cache: C:\Users\tl\AppData\Local\Temp\f222a647edf3886b9afe02940fb5218b.mpf_cache
2026-06-12 20:15:49,142 : INFO : ConfigProcessor : Loading config from cache: C:\Users\tl\AppData\Local\Temp\2856cb3dd9823be7f227bcd3e9e74d9c.mpf_cache
2026-06-12 20:15:49,142 : INFO : ConfigProcessor : Loading config from cache: C:\Users\tl\AppData\Local\Temp\7bc597beac49bd83589c0f432d6df3a7.mpf_cache
2026-06-12 20:15:49,143 : INFO : ConfigProcessor : Loading config from cache: C:\Users\tl\AppData\Local\Temp\701f2c032cd9e807d4fb3fa2828f9b37.mpf_cache
2026-06-12 20:15:49,144 : INFO : ConfigProcessor : Loading config from cache: C:\Users\tl\AppData\Local\Temp\c801690053c2da5c09f6d10b42ee9917.mpf_cache
2026-06-12 20:15:49,145 : INFO : ConfigProcessor : Loading config from cache: C:\Users\tl\AppData\Local\Temp\2e335ca9623f971cc8240d357e9bde21.mpf_cache
2026-06-12 20:15:49,145 : INFO : ConfigProcessor : Loading config from cache: C:\Users\tl\AppData\Local\Temp\291432155100441a6a6d1cc35a9827e6.mpf_cache
2026-06-12 20:15:49,146 : INFO : ConfigProcessor : Loading config from cache: C:\Users\tl\AppData\Local\Temp\3a13ce866f38c1bdfd88cdf5d8a37b57.mpf_cache
2026-06-12 20:15:49,146 : INFO : ConfigProcessor : Loading config from cache: C:\Users\tl\AppData\Local\Temp\67766e06be15afe44bf4653d2e0643ac.mpf_cache
2026-06-12 20:15:49,147 : INFO : ConfigProcessor : Loading config from cache: C:\Users\tl\AppData\Local\Temp\4d0875bd28a5b9899fb2c6e9ca5fbaa0.mpf_cache
2026-06-12 20:15:49,148 : INFO : Machine : Mission Pinball Framework Core Engine v0.80.0.dev12
2026-06-12 20:15:49,148 : INFO : Machine : Command line arguments: {'no_load_cache': False, 'create_config_cache': True, 'bcp': True, 'configfile': ['config.yaml'], 'force_assets_load': False, 'platform_integration_test': False, 'jsonlogging': False, 'logfile': 'logs\\2026-06-12-20-15-48-mpf-DESKTOP-HV85DRD.log', 'pause': False, 'production': False, 'text_ui': False, 'loglevel': 15, 'consoleloglevel': 20, 'force_platform': None, 'syslog_address': None, 'full_logfile_path': 'C:\\Users\\tl\\Documents\\tl-pinball\\logs\\2026-06-12-20-15-48-mpf-DESKTOP-HV85DRD.log'}
2026-06-12 20:15:49,148 : INFO : Machine : MPF path: C:\mpf\Lib\site-packages\mpf
2026-06-12 20:15:49,148 : INFO : Machine : Machine path: C:\Users\tl\Documents\tl-pinball
2026-06-12 20:15:49,148 : INFO : Machine : Platform: win32
2026-06-12 20:15:49,148 : INFO : Machine : Python executable location: C:\mpf\Scripts\python.exe
2026-06-12 20:15:49,148 : INFO : Machine : Python version: 3.12.7 (64-bit)
2026-06-12 20:15:49,150 : INFO : Machine : Initializing MPF...
2026-06-12 20:15:49,258 : INFO : FAST [NET] : Trying to connect to COM4 at 921600bps
2026-06-12 20:15:49,263 : INFO : FAST [NET] : Connected to COM4 at 921600bps
2026-06-12 20:15:49,270 : INFO : FAST [NET] : Connected to FP-CPU-2000 with firmware v02.26
2026-06-12 20:15:49,302 : INFO : FAST [NET] : Registered I/O Board 0: Model: FP-I/O-0024, Firmware: 01.10, Switches: 24, Drivers: 8
2026-06-12 20:15:49,318 : INFO : FAST [NET] : Registered I/O Board 1: Model: FP-I/O-1616, Firmware: 01.10, Switches: 16, Drivers: 16
2026-06-12 20:15:49,334 : INFO : FAST [NET] : Registered I/O Board 2: Model: FP-I/O-3208, Firmware: 01.10, Switches: 32, Drivers: 8
2026-06-12 20:15:49,350 : INFO : FAST [NET] : Registered I/O Board 3: Model: FP-I/O-1616, Firmware: 01.10, Switches: 16, Drivers: 16
2026-06-12 20:15:49,352 : INFO : FAST [EXP] : Trying to connect to COM5 at 921600bps
2026-06-12 20:15:49,357 : INFO : FAST [EXP] : Connected to COM5 at 921600bps
2026-06-12 20:15:49,366 : INFO : FAST [EXP] : Verifying hardware for EXP "ledcab" (FP-EXP-2000, @48) with ID string "EXP FP-EXP-2000  0.42", board address 48
2026-06-12 20:15:49,382 : INFO : FAST [EXP] : Verifying hardware for EXP "ledcab" (FP-EXP-2000, @48) with ID string "BRK FP-EXP-2000  0.42", board address 480
2026-06-12 20:15:49,412 : INFO : FAST [EXP] : Verifying hardware for EXP "ledpf1" (FP-EXP-0081, @84) with ID string "EXP FP-EXP-0081  0.38", board address 84
2026-06-12 20:15:49,428 : INFO : FAST [EXP] : Verifying hardware for EXP "ledpf1" (FP-EXP-0081, @84) with ID string "BRK FP-EXP-0081  0.38", board address 840
2026-06-12 20:15:49,444 : INFO : FAST [EXP] : Verifying hardware for EXP "ledpf1" (FP-EXP-0081, @84) with ID string "BRK FP-EXP-0081  0.38", board address 841
2026-06-12 20:15:49,476 : INFO : FAST [EXP] : Verifying hardware for EXP "ledpf2" (FP-EXP-0081, @85) with ID string "EXP FP-EXP-0081  0.48", board address 85
2026-06-12 20:15:49,492 : INFO : FAST [EXP] : Verifying hardware for EXP "ledpf2" (FP-EXP-0081, @85) with ID string "BRK FP-EXP-0081  0.48", board address 850
2026-06-12 20:15:49,508 : INFO : FAST [EXP] : Verifying hardware for EXP "ledpf2" (FP-EXP-0081, @85) with ID string "BRK FP-EXP-0081  0.48", board address 851
2026-06-12 20:15:49,523 : INFO : EventManager : Event: ======'machine_var_credits_string'====== Args={'value': 'FREE PLAY', 'prev_value': None, 'change': True}
2026-06-12 20:15:49,558 : INFO : EventManager : Event: ======'machine_var_master_volume'====== Args={'value': 0.5, 'prev_value': None, 'change': True}
2026-06-12 20:15:49,559 : INFO : EventManager : Event: ======'machine_var_player1_score'====== Args={'value': 3273780, 'prev_value': None, 'change': True}
2026-06-12 20:15:49,559 : INFO : EventManager : Event: ======'machine_var_last_game_score'====== Args={'value': 0, 'prev_value': None, 'change': True}
2026-06-12 20:15:49,559 : INFO : EventManager : Event: ======'machine_var_mpf_version'====== Args={'value': 'Mission Pinball Framework v0.80.0.dev12', 'prev_value': None, 'change': True}
2026-06-12 20:15:49,559 : INFO : EventManager : Event: ======'machine_var_mpf_extended_version'====== Args={'value': 'Mission Pinball Framework v0.80.0.dev12, Config version:6, Show version: 6, BCP version:1.1', 'prev_value': None, 'change': True}
2026-06-12 20:15:49,559 : INFO : EventManager : Event: ======'machine_var_python_version'====== Args={'value': '3.12.7', 'prev_value': None, 'change': True}
2026-06-12 20:15:49,588 : INFO : EventManager : Event: ======'machine_var_platform'====== Args={'value': 'Windows-10-10.0.19044-SP0', 'prev_value': None, 'change': True}
2026-06-12 20:15:49,589 : INFO : EventManager : Event: ======'machine_var_platform_system'====== Args={'value': 'Windows', 'prev_value': None, 'change': True}
2026-06-12 20:15:49,589 : INFO : EventManager : Event: ======'machine_var_platform_release'====== Args={'value': '10', 'prev_value': None, 'change': True}
2026-06-12 20:15:49,589 : INFO : EventManager : Event: ======'machine_var_platform_version'====== Args={'value': '10.0.19044', 'prev_value': None, 'change': True}
2026-06-12 20:15:49,589 : INFO : EventManager : Event: ======'machine_var_platform_machine'====== Args={'value': 'AMD64', 'prev_value': None, 'change': True}
2026-06-12 20:15:49,589 : INFO : EventManager : Event: ======'machine_var_log_file_path'====== Args={'value': 'C:\\Users\\tl\\Documents\\tl-pinball\\logs\\2026-06-12-20-15-48-mpf-DESKTOP-HV85DRD.log', 'prev_value': None, 'change': True}
2026-06-12 20:15:49,589 : INFO : EventManager : Event: ======'init_phase_1'====== Args={}
2026-06-12 20:15:49,752 : INFO : EventManager : Event: ======'drop_target_bank_dt_bank_1_4_up'====== Args={}
2026-06-12 20:15:49,752 : INFO : EventManager : Event: ======'drop_target_bank_dt_bank_5_7_up'====== Args={}
2026-06-12 20:15:52,327 : INFO : SwitchController : <<<<<<< 's_24_trough_1' active >>>>>>>
2026-06-12 20:15:52,327 : INFO : SwitchController : <<<<<<< 's_44_spinner_right' active >>>>>>>
2026-06-12 20:15:52,327 : INFO : SwitchController : <<<<<<< 's_71_spinner_left' active >>>>>>>
2026-06-12 20:15:52,327 : INFO : SwitchController : <<<<<<< 's_79_threebank_drop_3' active >>>>>>>
2026-06-12 20:15:52,409 : INFO : EventManager : Event: ======'init_phase_2'====== Args={}
2026-06-12 20:15:52,410 : INFO : SwitchController : Found active switch: (40, [FAST Platform Interface]) <switch.s_24_trough_1>
2026-06-12 20:15:52,410 : INFO : SwitchController : Found active switch: (60, [FAST Platform Interface]) <switch.s_44_spinner_right>
2026-06-12 20:15:52,410 : INFO : SwitchController : Found active switch: (39, [FAST Platform Interface]) <switch.s_71_spinner_left>
2026-06-12 20:15:52,410 : INFO : SwitchController : Found active switch: (79, [FAST Platform Interface]) <switch.s_79_threebank_drop_3>
2026-06-12 20:15:52,436 : INFO : EventManager : Event: ======'bcp_connection_attempt'====== Args={'name': 'local_display', 'host': 'localhost', 'port': 5050}
2026-06-12 20:15:52,438 : INFO : BCPClientSocket : Connecting BCP to 'local_display' at localhost:5050...
2026-06-12 20:15:52,446 : INFO : BCPClientSocket : Connected BCP to 'local_display' localhost:5050
2026-06-12 20:15:52,447 : INFO : EventManager : Event: ======'bcp_clients_connected'====== Args={}
2026-06-12 20:15:52,448 : INFO : ball_device.bd_plunger : BCH: Initial count: 0
2026-06-12 20:15:52,448 : INFO : ball_device.bd_plunger : State: idle
2026-06-12 20:15:52,831 : INFO : ball_device.bd_trough : BCH: Initial count: 1
2026-06-12 20:15:52,831 : INFO : ball_device.bd_trough : State: idle
2026-06-12 20:15:52,832 : INFO : ball_device.bd_left_vuk : BCH: Initial count: 0
2026-06-12 20:15:52,832 : INFO : ball_device.bd_left_vuk : State: idle
2026-06-12 20:15:52,833 : INFO : ball_device.bd_right_vuk : BCH: Initial count: 0
2026-06-12 20:15:52,833 : INFO : ball_device.bd_right_vuk : State: idle
2026-06-12 20:15:52,856 : INFO : EventManager : Event: ======'init_phase_3'====== Args={}
2026-06-12 20:16:04,610 : INFO : EventManager : Event: ======'init_phase_4'====== Args={}
2026-06-12 20:16:04,611 : INFO : EventManager : Event: ======'drop_target_dt_7_down'====== Args={'device': <drop_target.dt_7>}
2026-06-12 20:16:04,613 : INFO : BallController : Initial balls found: 1
2026-06-12 20:16:04,614 : INFO : Machine : Starting the main run loop with active modes: []
2026-06-12 20:16:04,614 : WARNING : Machine : Attract mode is not active, game will not be playable. Please check your attract mode configuration.
2026-06-12 20:16:04,614 : INFO : Machine : Shutting down...
2026-06-12 20:16:04,614 : INFO : EventManager : Event: ======'shutdown'====== Args={}
2026-06-12 20:16:04,616 : INFO : EventManager : Event: ======'machine_var_audits_events_game_ended'====== Args={'value': 156, 'prev_value': None, 'change': True}
2026-06-12 20:16:04,616 : INFO : EventManager : Event: ======'machine_var_audits_events_game_started'====== Args={'value': 208, 'prev_value': None, 'change': True}
2026-06-12 20:16:04,617 : INFO : EventManager : Event: ======'machine_var_audits_missing_switches_s_00_service_esc'====== Args={'value': 208, 'prev_value': None, 'change': True}
2026-06-12 20:16:04,617 : INFO : EventManager : Event: ======'machine_var_audits_missing_switches_s_01_service_up'====== Args={'value': 208, 'prev_value': None, 'change': True}
2026-06-12 20:16:04,617 : INFO : EventManager : Event: ======'machine_var_audits_missing_switches_s_02_service_down'====== Args={'value': 208, 'prev_value': None, 'change': True}
2026-06-12 20:16:04,617 : INFO : EventManager : Event: ======'machine_var_audits_missing_switches_s_03_service_enter'====== Args={'value': 208, 'prev_value': None, 'change': True}
2026-06-12 20:16:04,617 : INFO : EventManager : Event: ======'machine_var_audits_missing_switches_s_08_left_flipper'====== Args={'value': 2, 'prev_value': None, 'change': True}
2026-06-12 20:16:04,617 : INFO : EventManager : Event: ======'machine_var_audits_missing_switches_s_11_start_button'====== Args={'value': 1, 'prev_value': None, 'change': True}
2026-06-12 20:16:04,617 : INFO : EventManager : Event: ======'machine_var_audits_missing_switches_s_16_right_flipper'====== Args={'value': 1, 'prev_value': None, 'change': True}
2026-06-12 20:16:04,617 : INFO : EventManager : Event: ======'machine_var_audits_missing_switches_s_17_right_flipper_upper'====== Args={'value': 1, 'prev_value': None, 'change': True}
2026-06-12 20:16:04,617 : INFO : EventManager : Event: ======'machine_var_audits_missing_switches_s_19_cab_arrow_left'====== Args={'value': 1, 'prev_value': None, 'change': True}
2026-06-12 20:16:04,617 : INFO : EventManager : Event: ======'machine_var_audits_missing_switches_s_20_cab_arrow_right'====== Args={'value': 1, 'prev_value': None, 'change': True}
2026-06-12 20:16:04,617 : INFO : EventManager : Event: ======'machine_var_audits_missing_switches_s_32_right_inlane'====== Args={'value': 4, 'prev_value': None, 'change': True}
2026-06-12 20:16:04,617 : INFO : EventManager : Event: ======'machine_var_audits_missing_switches_s_33_right_outlane'====== Args={'value': 6, 'prev_value': None, 'change': True}
2026-06-12 20:16:04,617 : INFO : EventManager : Event: ======'machine_var_audits_missing_switches_s_34_right_sling'====== Args={'value': 1, 'prev_value': None, 'change': True}
2026-06-12 20:16:04,617 : INFO : EventManager : Event: ======'machine_var_audits_missing_switches_s_35_left_inlane'====== Args={'value': 5, 'prev_value': None, 'change': True}
2026-06-12 20:16:04,617 : INFO : EventManager : Event: ======'machine_var_audits_missing_switches_s_36_left_outlane'====== Args={'value': 1, 'prev_value': None, 'change': True}
2026-06-12 20:16:04,618 : INFO : EventManager : Event: ======'machine_var_audits_missing_switches_s_37_left_sling'====== Args={'value': 3, 'prev_value': None, 'change': True}
2026-06-12 20:16:04,618 : INFO : EventManager : Event: ======'machine_var_audits_missing_switches_s_38_star_rollover_bottom'====== Args={'value': 208, 'prev_value': None, 'change': True}
2026-06-12 20:16:04,618 : INFO : EventManager : Event: ======'machine_var_audits_missing_switches_s_39_star_rollover_top'====== Args={'value': 8, 'prev_value': None, 'change': True}
2026-06-12 20:16:04,618 : INFO : EventManager : Event: ======'machine_var_audits_missing_switches_s_40_stand_up_target_5'====== Args={'value': 2, 'prev_value': None, 'change': True}
2026-06-12 20:16:04,618 : INFO : EventManager : Event: ======'machine_var_audits_missing_switches_s_41_stand_up_target_6'====== Args={'value': 2, 'prev_value': None, 'change': True}
2026-06-12 20:16:04,618 : INFO : EventManager : Event: ======'machine_var_audits_missing_switches_s_42_stand_up_target_1'====== Args={'value': 2, 'prev_value': None, 'change': True}
2026-06-12 20:16:04,618 : INFO : EventManager : Event: ======'machine_var_audits_missing_switches_s_43_stand_up_target_4'====== Args={'value': 2, 'prev_value': None, 'change': True}
2026-06-12 20:16:04,618 : INFO : EventManager : Event: ======'machine_var_audits_missing_switches_s_44_spinner_right'====== Args={'value': 4, 'prev_value': None, 'change': True}
2026-06-12 20:16:04,618 : INFO : EventManager : Event: ======'machine_var_audits_missing_switches_s_59_saucer_right'====== Args={'value': 5, 'prev_value': None, 'change': True}
2026-06-12 20:16:04,618 : INFO : EventManager : Event: ======'machine_var_audits_missing_switches_s_65_varitarget_position_2'====== Args={'value': 5, 'prev_value': None, 'change': True}
2026-06-12 20:16:04,618 : INFO : EventManager : Event: ======'machine_var_audits_missing_switches_s_66_varitarget_position_3'====== Args={'value': 5, 'prev_value': None, 'change': True}
2026-06-12 20:16:04,618 : INFO : EventManager : Event: ======'machine_var_audits_missing_switches_s_67_varitarget_position_4'====== Args={'value': 5, 'prev_value': None, 'change': True}
2026-06-12 20:16:04,618 : INFO : EventManager : Event: ======'machine_var_audits_missing_switches_s_68_varitarget_position_5'====== Args={'value': 5, 'prev_value': None, 'change': True}
2026-06-12 20:16:04,618 : INFO : EventManager : Event: ======'machine_var_audits_missing_switches_s_69_varitarget_position_6'====== Args={'value': 6, 'prev_value': None, 'change': True}
2026-06-12 20:16:04,618 : INFO : EventManager : Event: ======'machine_var_audits_missing_switches_s_70_varitarget_position_7'====== Args={'value': 6, 'prev_value': None, 'change': True}
2026-06-12 20:16:04,618 : INFO : EventManager : Event: ======'machine_var_audits_missing_switches_s_71_spinner_left'====== Args={'value': 1, 'prev_value': None, 'change': True}
2026-06-12 20:16:04,618 : INFO : EventManager : Event: ======'machine_var_audits_missing_switches_s_72_single_drop_1'====== Args={'value': 1, 'prev_value': None, 'change': True}
2026-06-12 20:16:04,619 : INFO : EventManager : Event: ======'machine_var_audits_missing_switches_s_80_stand_up_target_2'====== Args={'value': 6, 'prev_value': None, 'change': True}
2026-06-12 20:16:04,619 : INFO : EventManager : Event: ======'machine_var_audits_missing_switches_s_81_saucer_left'====== Args={'value': 6, 'prev_value': None, 'change': True}
2026-06-12 20:16:04,619 : INFO : EventManager : Event: ======'machine_var_audits_missing_switches_s_82_stand_up_target_bank_1'====== Args={'value': 2, 'prev_value': None, 'change': True}
2026-06-12 20:16:04,619 : INFO : EventManager : Event: ======'machine_var_audits_missing_switches_s_83_stand_up_target_bank_2'====== Args={'value': 2, 'prev_value': None, 'change': True}
2026-06-12 20:16:04,619 : INFO : EventManager : Event: ======'machine_var_audits_missing_switches_s_84_stand_up_target_bank_3'====== Args={'value': 6, 'prev_value': None, 'change': True}
2026-06-12 20:16:04,619 : INFO : EventManager : Event: ======'machine_var_audits_missing_switches_s_85_stand_up_target_bank_4'====== Args={'value': 2, 'prev_value': None, 'change': True}
2026-06-12 20:16:04,619 : INFO : EventManager : Event: ======'machine_var_audits_missing_switches_s_86_stand_up_target_bank_5'====== Args={'value': 2, 'prev_value': None, 'change': True}
2026-06-12 20:16:04,619 : INFO : EventManager : Event: ======'machine_var_audits_missing_switches_s_87_stand_up_target_bank_6'====== Args={'value': 2, 'prev_value': None, 'change': True}
2026-06-12 20:16:04,619 : INFO : EventManager : Event: ======'machine_var_audits_player_score'====== Args={'value': {'average': 1917162, 'top': [60018463, 8670083, 5598024, 4381705, 4371392, 4031932, 3273780, 3120756, 2808297, 2790258], 'total': 156}, 'prev_value': None, 'change': True}
2026-06-12 20:16:04,619 : INFO : EventManager : Event: ======'machine_var_audits_shots_resistance_qualify_target_5'====== Args={'value': 3, 'prev_value': None, 'change': True}
2026-06-12 20:16:04,619 : INFO : EventManager : Event: ======'machine_var_audits_shots_resistance_qualify_target_6'====== Args={'value': 19, 'prev_value': None, 'change': True}
2026-06-12 20:16:04,619 : INFO : EventManager : Event: ======'machine_var_audits_shots_resistance_right_inlane_start'====== Args={'value': 10, 'prev_value': None, 'change': True}
2026-06-12 20:16:04,619 : INFO : EventManager : Event: ======'machine_var_audits_shots_resistance_saucer_stage_5'====== Args={'value': 4, 'prev_value': None, 'change': True}
2026-06-12 20:16:04,619 : INFO : EventManager : Event: ======'machine_var_audits_shots_resistance_single_drop_stage_5'====== Args={'value': 4, 'prev_value': None, 'change': True}
2026-06-12 20:16:04,619 : INFO : EventManager : Event: ======'machine_var_audits_shots_resistance_top_lane_stage_2'====== Args={'value': 10, 'prev_value': None, 'change': True}
2026-06-12 20:16:04,619 : INFO : EventManager : Event: ======'machine_var_audits_shots_resistance_top_lane_stage_3'====== Args={'value': 8, 'prev_value': None, 'change': True}
2026-06-12 20:16:04,619 : INFO : EventManager : Event: ======'machine_var_audits_shots_resistance_top_lane_stage_4'====== Args={'value': 6, 'prev_value': None, 'change': True}
2026-06-12 20:16:04,619 : INFO : EventManager : Event: ======'machine_var_audits_shots_shot_dt_1'====== Args={'value': 301, 'prev_value': None, 'change': True}
2026-06-12 20:16:04,619 : INFO : EventManager : Event: ======'machine_var_audits_shots_shot_dt_2'====== Args={'value': 315, 'prev_value': None, 'change': True}
2026-06-12 20:16:04,619 : INFO : EventManager : Event: ======'machine_var_audits_shots_shot_dt_3'====== Args={'value': 326, 'prev_value': None, 'change': True}
2026-06-12 20:16:04,619 : INFO : EventManager : Event: ======'machine_var_audits_shots_shot_dt_4'====== Args={'value': 347, 'prev_value': None, 'change': True}
2026-06-12 20:16:04,619 : INFO : EventManager : Event: ======'machine_var_audits_shots_shot_dt_5'====== Args={'value': 138, 'prev_value': None, 'change': True}
2026-06-12 20:16:04,620 : INFO : EventManager : Event: ======'machine_var_audits_shots_shot_dt_6'====== Args={'value': 137, 'prev_value': None, 'change': True}
2026-06-12 20:16:04,620 : INFO : EventManager : Event: ======'machine_var_audits_shots_shot_dt_7'====== Args={'value': 121, 'prev_value': None, 'change': True}
2026-06-12 20:16:04,620 : INFO : EventManager : Event: ======'machine_var_audits_shots_shot_impossible'====== Args={'value': 47, 'prev_value': None, 'change': True}
2026-06-12 20:16:04,620 : INFO : EventManager : Event: ======'machine_var_audits_shots_shot_rollover_top'====== Args={'value': 38, 'prev_value': None, 'change': True}
2026-06-12 20:16:04,620 : INFO : EventManager : Event: ======'machine_var_audits_shots_shot_slingshot_l'====== Args={'value': 158, 'prev_value': None, 'change': True}
2026-06-12 20:16:04,620 : INFO : EventManager : Event: ======'machine_var_audits_shots_shot_slingshot_r'====== Args={'value': 318, 'prev_value': None, 'change': True}
2026-06-12 20:16:04,620 : INFO : EventManager : Event: ======'machine_var_audits_shots_shot_sut_1'====== Args={'value': 80, 'prev_value': None, 'change': True}
2026-06-12 20:16:04,620 : INFO : EventManager : Event: ======'machine_var_audits_shots_shot_sut_2'====== Args={'value': 164, 'prev_value': None, 'change': True}
2026-06-12 20:16:04,620 : INFO : EventManager : Event: ======'machine_var_audits_shots_shot_sut_3'====== Args={'value': 89, 'prev_value': None, 'change': True}
2026-06-12 20:16:04,620 : INFO : EventManager : Event: ======'machine_var_audits_shots_shot_sut_4'====== Args={'value': 102, 'prev_value': None, 'change': True}
2026-06-12 20:16:04,620 : INFO : EventManager : Event: ======'machine_var_audits_shots_shot_sut_5'====== Args={'value': 162, 'prev_value': None, 'change': True}
2026-06-12 20:16:04,620 : INFO : EventManager : Event: ======'machine_var_audits_shots_shot_sut_6'====== Args={'value': 87, 'prev_value': None, 'change': True}
2026-06-12 20:16:04,620 : INFO : EventManager : Event: ======'machine_var_audits_shots_shot_sut_blue'====== Args={'value': 326, 'prev_value': None, 'change': True}
2026-06-12 20:16:04,620 : INFO : EventManager : Event: ======'machine_var_audits_shots_shot_sut_green'====== Args={'value': 167, 'prev_value': None, 'change': True}
2026-06-12 20:16:04,621 : INFO : EventManager : Event: ======'machine_var_audits_shots_shot_sut_red'====== Args={'value': 191, 'prev_value': None, 'change': True}
2026-06-12 20:16:04,621 : INFO : EventManager : Event: ======'machine_var_audits_shots_spinner_left'====== Args={'value': 974, 'prev_value': None, 'change': True}
2026-06-12 20:16:04,621 : INFO : EventManager : Event: ======'machine_var_audits_shots_spinner_right'====== Args={'value': 588, 'prev_value': None, 'change': True}
2026-06-12 20:16:04,621 : INFO : EventManager : Event: ======'machine_var_audits_shots_varitarget_p1'====== Args={'value': 2397, 'prev_value': None, 'change': True}
2026-06-12 20:16:04,621 : INFO : EventManager : Event: ======'machine_var_audits_shots_varitarget_p2'====== Args={'value': 39, 'prev_value': None, 'change': True}
2026-06-12 20:16:04,621 : INFO : EventManager : Event: ======'machine_var_audits_shots_varitarget_p3'====== Args={'value': 46, 'prev_value': None, 'change': True}
2026-06-12 20:16:04,621 : INFO : EventManager : Event: ======'machine_var_audits_shots_varitarget_p4'====== Args={'value': 31, 'prev_value': None, 'change': True}
2026-06-12 20:16:04,621 : INFO : EventManager : Event: ======'machine_var_audits_shots_varitarget_p5'====== Args={'value': 129, 'prev_value': None, 'change': True}
2026-06-12 20:16:04,621 : INFO : EventManager : Event: ======'machine_var_audits_shots_varitarget_p6'====== Args={'value': 338, 'prev_value': None, 'change': True}
2026-06-12 20:16:04,621 : INFO : EventManager : Event: ======'machine_var_audits_shots_varitarget_p7'====== Args={'value': 96, 'prev_value': None, 'change': True}
2026-06-12 20:16:04,621 : INFO : EventManager : Event: ======'machine_var_audits_switches_s_00_service_esc'====== Args={'value': 0, 'prev_value': None, 'change': True}
2026-06-12 20:16:04,621 : INFO : EventManager : Event: ======'machine_var_audits_switches_s_01_service_up'====== Args={'value': 0, 'prev_value': None, 'change': True}
2026-06-12 20:16:04,621 : INFO : EventManager : Event: ======'machine_var_audits_switches_s_02_service_down'====== Args={'value': 0, 'prev_value': None, 'change': True}
2026-06-12 20:16:04,621 : INFO : EventManager : Event: ======'machine_var_audits_switches_s_03_service_enter'====== Args={'value': 0, 'prev_value': None, 'change': True}
2026-06-12 20:16:04,621 : INFO : EventManager : Event: ======'machine_var_audits_switches_s_08_left_flipper'====== Args={'value': 1938, 'prev_value': None, 'change': True}
2026-06-12 20:16:04,621 : INFO : EventManager : Event: ======'machine_var_audits_switches_s_11_start_button'====== Args={'value': 199, 'prev_value': None, 'change': True}
2026-06-12 20:16:04,621 : INFO : EventManager : Event: ======'machine_var_audits_switches_s_16_right_flipper'====== Args={'value': 2863, 'prev_value': None, 'change': True}
2026-06-12 20:16:04,621 : INFO : EventManager : Event: ======'machine_var_audits_switches_s_17_right_flipper_upper'====== Args={'value': 2235, 'prev_value': None, 'change': True}
2026-06-12 20:16:04,621 : INFO : EventManager : Event: ======'machine_var_audits_switches_s_19_cab_arrow_left'====== Args={'value': 6, 'prev_value': None, 'change': True}
2026-06-12 20:16:04,622 : INFO : EventManager : Event: ======'machine_var_audits_switches_s_20_cab_arrow_right'====== Args={'value': 4, 'prev_value': None, 'change': True}
2026-06-12 20:16:04,622 : INFO : EventManager : Event: ======'machine_var_audits_switches_s_24_trough_1'====== Args={'value': 282, 'prev_value': None, 'change': True}
2026-06-12 20:16:04,622 : INFO : EventManager : Event: ======'machine_var_audits_switches_s_25_trough_2'====== Args={'value': 259, 'prev_value': None, 'change': True}
2026-06-12 20:16:04,622 : INFO : EventManager : Event: ======'machine_var_audits_switches_s_26_trough_3'====== Args={'value': 215, 'prev_value': None, 'change': True}
2026-06-12 20:16:04,622 : INFO : EventManager : Event: ======'machine_var_audits_switches_s_27_trough_4'====== Args={'value': 198, 'prev_value': None, 'change': True}
2026-06-12 20:16:04,622 : INFO : EventManager : Event: ======'machine_var_audits_switches_s_28_trough_5'====== Args={'value': 205, 'prev_value': None, 'change': True}
2026-06-12 20:16:04,622 : INFO : EventManager : Event: ======'machine_var_audits_switches_s_29_trough_6'====== Args={'value': 233, 'prev_value': None, 'change': True}
2026-06-12 20:16:04,622 : INFO : EventManager : Event: ======'machine_var_audits_switches_s_30_trough_jam'====== Args={'value': 318, 'prev_value': None, 'change': True}
2026-06-12 20:16:04,622 : INFO : EventManager : Event: ======'machine_var_audits_switches_s_31_plunger_lane'====== Args={'value': 428, 'prev_value': None, 'change': True}
2026-06-12 20:16:04,622 : INFO : EventManager : Event: ======'machine_var_audits_switches_s_32_right_inlane'====== Args={'value': 106, 'prev_value': None, 'change': True}
2026-06-12 20:16:04,622 : INFO : EventManager : Event: ======'machine_var_audits_switches_s_33_right_outlane'====== Args={'value': 7, 'prev_value': None, 'change': True}
2026-06-12 20:16:04,622 : INFO : EventManager : Event: ======'machine_var_audits_switches_s_34_right_sling'====== Args={'value': 320, 'prev_value': None, 'change': True}
2026-06-12 20:16:04,622 : INFO : EventManager : Event: ======'machine_var_audits_switches_s_35_left_inlane'====== Args={'value': 134, 'prev_value': None, 'change': True}
2026-06-12 20:16:04,622 : INFO : EventManager : Event: ======'machine_var_audits_switches_s_36_left_outlane'====== Args={'value': 62, 'prev_value': None, 'change': True}
2026-06-12 20:16:04,622 : INFO : EventManager : Event: ======'machine_var_audits_switches_s_37_left_sling'====== Args={'value': 160, 'prev_value': None, 'change': True}
2026-06-12 20:16:04,622 : INFO : EventManager : Event: ======'machine_var_audits_switches_s_38_star_rollover_bottom'====== Args={'value': 0, 'prev_value': None, 'change': True}
2026-06-12 20:16:04,622 : INFO : EventManager : Event: ======'machine_var_audits_switches_s_39_star_rollover_top'====== Args={'value': 38, 'prev_value': None, 'change': True}
2026-06-12 20:16:04,622 : INFO : EventManager : Event: ======'machine_var_audits_switches_s_40_stand_up_target_5'====== Args={'value': 122, 'prev_value': None, 'change': True}
2026-06-12 20:16:04,622 : INFO : EventManager : Event: ======'machine_var_audits_switches_s_41_stand_up_target_6'====== Args={'value': 182, 'prev_value': None, 'change': True}
2026-06-12 20:16:04,622 : INFO : EventManager : Event: ======'machine_var_audits_switches_s_42_stand_up_target_1'====== Args={'value': 47, 'prev_value': None, 'change': True}
2026-06-12 20:16:04,622 : INFO : EventManager : Event: ======'machine_var_audits_switches_s_43_stand_up_target_4'====== Args={'value': 176, 'prev_value': None, 'change': True}
2026-06-12 20:16:04,622 : INFO : EventManager : Event: ======'machine_var_audits_switches_s_44_spinner_right'====== Args={'value': 603, 'prev_value': None, 'change': True}
2026-06-12 20:16:04,623 : INFO : EventManager : Event: ======'machine_var_audits_switches_s_56_pop_bumper_right'====== Args={'value': 328, 'prev_value': None, 'change': True}
2026-06-12 20:16:04,623 : INFO : EventManager : Event: ======'machine_var_audits_switches_s_57_pop_bumper_center'====== Args={'value': 595, 'prev_value': None, 'change': True}
2026-06-12 20:16:04,623 : INFO : EventManager : Event: ======'machine_var_audits_switches_s_58_pop_bumper_left'====== Args={'value': 1101, 'prev_value': None, 'change': True}
2026-06-12 20:16:04,623 : INFO : EventManager : Event: ======'machine_var_audits_switches_s_59_saucer_right'====== Args={'value': 24, 'prev_value': None, 'change': True}
2026-06-12 20:16:04,623 : INFO : EventManager : Event: ======'machine_var_audits_switches_s_60_top_lane_c'====== Args={'value': 333, 'prev_value': None, 'change': True}
2026-06-12 20:16:04,623 : INFO : EventManager : Event: ======'machine_var_audits_switches_s_61_top_lane_b'====== Args={'value': 707, 'prev_value': None, 'change': True}
2026-06-12 20:16:04,623 : INFO : EventManager : Event: ======'machine_var_audits_switches_s_62_top_lane_a'====== Args={'value': 608, 'prev_value': None, 'change': True}
2026-06-12 20:16:04,623 : INFO : EventManager : Event: ======'machine_var_audits_switches_s_63_stand_up_target_3'====== Args={'value': 120, 'prev_value': None, 'change': True}
2026-06-12 20:16:04,623 : INFO : EventManager : Event: ======'machine_var_audits_switches_s_64_varitarget_position_1'====== Args={'value': 2437, 'prev_value': None, 'change': True}
2026-06-12 20:16:04,623 : INFO : EventManager : Event: ======'machine_var_audits_switches_s_65_varitarget_position_2'====== Args={'value': 39, 'prev_value': None, 'change': True}
2026-06-12 20:16:04,623 : INFO : EventManager : Event: ======'machine_var_audits_switches_s_66_varitarget_position_3'====== Args={'value': 46, 'prev_value': None, 'change': True}
2026-06-12 20:16:04,623 : INFO : EventManager : Event: ======'machine_var_audits_switches_s_67_varitarget_position_4'====== Args={'value': 31, 'prev_value': None, 'change': True}
2026-06-12 20:16:04,623 : INFO : EventManager : Event: ======'machine_var_audits_switches_s_68_varitarget_position_5'====== Args={'value': 129, 'prev_value': None, 'change': True}
2026-06-12 20:16:04,623 : INFO : EventManager : Event: ======'machine_var_audits_switches_s_69_varitarget_position_6'====== Args={'value': 338, 'prev_value': None, 'change': True}
2026-06-12 20:16:04,623 : INFO : EventManager : Event: ======'machine_var_audits_switches_s_70_varitarget_position_7'====== Args={'value': 96, 'prev_value': None, 'change': True}
2026-06-12 20:16:04,623 : INFO : EventManager : Event: ======'machine_var_audits_switches_s_71_spinner_left'====== Args={'value': 979, 'prev_value': None, 'change': True}
2026-06-12 20:16:04,623 : INFO : EventManager : Event: ======'machine_var_audits_switches_s_72_single_drop_1'====== Args={'value': 75, 'prev_value': None, 'change': True}
2026-06-12 20:16:04,623 : INFO : EventManager : Event: ======'machine_var_audits_switches_s_73_fourbank_drop_1'====== Args={'value': 302, 'prev_value': None, 'change': True}
2026-06-12 20:16:04,623 : INFO : EventManager : Event: ======'machine_var_audits_switches_s_74_fourbank_drop_2'====== Args={'value': 318, 'prev_value': None, 'change': True}
2026-06-12 20:16:04,623 : INFO : EventManager : Event: ======'machine_var_audits_switches_s_75_fourbank_drop_3'====== Args={'value': 332, 'prev_value': None, 'change': True}
2026-06-12 20:16:04,623 : INFO : EventManager : Event: ======'machine_var_audits_switches_s_76_fourbank_drop_4'====== Args={'value': 364, 'prev_value': None, 'change': True}
2026-06-12 20:16:04,624 : INFO : EventManager : Event: ======'machine_var_audits_switches_s_77_threebank_drop_1'====== Args={'value': 216, 'prev_value': None, 'change': True}
2026-06-12 20:16:04,624 : INFO : EventManager : Event: ======'machine_var_audits_switches_s_78_threebank_drop_2'====== Args={'value': 147, 'prev_value': None, 'change': True}
2026-06-12 20:16:04,624 : INFO : EventManager : Event: ======'machine_var_audits_switches_s_79_threebank_drop_3'====== Args={'value': 123, 'prev_value': None, 'change': True}
2026-06-12 20:16:04,624 : INFO : EventManager : Event: ======'machine_var_audits_switches_s_80_stand_up_target_2'====== Args={'value': 27, 'prev_value': None, 'change': True}
2026-06-12 20:16:04,624 : INFO : EventManager : Event: ======'machine_var_audits_switches_s_81_saucer_left'====== Args={'value': 85, 'prev_value': None, 'change': True}
2026-06-12 20:16:04,624 : INFO : EventManager : Event: ======'machine_var_audits_switches_s_82_stand_up_target_bank_1'====== Args={'value': 80, 'prev_value': None, 'change': True}
2026-06-12 20:16:04,624 : INFO : EventManager : Event: ======'machine_var_audits_switches_s_83_stand_up_target_bank_2'====== Args={'value': 164, 'prev_value': None, 'change': True}
2026-06-12 20:16:04,624 : INFO : EventManager : Event: ======'machine_var_audits_switches_s_84_stand_up_target_bank_3'====== Args={'value': 89, 'prev_value': None, 'change': True}
2026-06-12 20:16:04,624 : INFO : EventManager : Event: ======'machine_var_audits_switches_s_85_stand_up_target_bank_4'====== Args={'value': 102, 'prev_value': None, 'change': True}
2026-06-12 20:16:04,624 : INFO : EventManager : Event: ======'machine_var_audits_switches_s_86_stand_up_target_bank_5'====== Args={'value': 162, 'prev_value': None, 'change': True}
2026-06-12 20:16:04,624 : INFO : EventManager : Event: ======'machine_var_audits_switches_s_87_stand_up_target_bank_6'====== Args={'value': 87, 'prev_value': None, 'change': True}
2026-06-12 20:16:04,625 : INFO : EventManager : Event: ======'init_phase_5'====== Args={}
2026-06-12 20:16:04,626 : INFO : EventManager : Event: ======'init_done'====== Args={}
2026-06-12 20:16:04,627 : INFO : EventManager : Event: ======'machine_reset_phase_1'====== Args={}
2026-06-12 20:16:04,627 : INFO : EventManager : Event: ======'machine_reset_phase_2'====== Args={}
2026-06-12 20:16:04,628 : INFO : EventManager : Event: ======'machine_reset_phase_3'====== Args={}
2026-06-12 20:16:04,628 : INFO : drop_target_bank.dt_bank_1_4 : All targets are already up. Will not reset bank.
2026-06-12 20:16:04,628 : INFO : drop_target_bank.dt_bank_5_7 : 1 targets are down. Will reset those.
2026-06-12 20:16:04,628 : INFO : coil.c_32_threebank_drop_reset : Pulsing Driver for 10ms (1.0 pulse_power)
2026-06-12 20:16:04,629 : INFO : EventManager : Event: ======'reset_complete'====== Args={}
2026-06-12 20:16:04,629 : INFO : EventManager : Event: ======'mode_attract_will_start'====== Args={}
2026-06-12 20:16:04,630 : INFO : Timer.attract_carousel_timer : Starting Timer.
2026-06-12 20:16:04,630 : INFO : EventManager : Event: ======'timer_attract_carousel_timer_started'====== Args={'ticks': 0, 'ticks_remaining': 1}
2026-06-12 20:16:04,630 : INFO : EventManager : Event: ======'timer_attract_carousel_timer_tick'====== Args={'ticks': 0, 'ticks_remaining': 1}
2026-06-12 20:16:04,630 : INFO : EventManager : Event: ======'mode_attract_starting'====== Args={}
2026-06-12 20:16:04,630 : INFO : Mode.attract : Will not start because machine is shutting down.
2026-06-12 20:16:04,642 : INFO : coil.c_32_threebank_drop_reset : Pulsing Driver for 10ms (1.0 pulse_power)
2026-06-12 20:16:05,116 : INFO : EventManager : Event: ======'drop_target_bank_dt_bank_5_7_mixed'====== Args={'prev_value': <DropTargetBankState.UP: 'up'>, 'down': 1}
2026-06-12 20:16:05,731 : ERROR : asyncio : Task was destroyed but it is pending!
task: <Task pending name='Task-831' coro=<IocpProactor.accept.<locals>.accept_coro() running at C:\Users\tl\AppData\Local\Programs\Python\Python312\Lib\asyncio\windows_events.py:566> wait_for=<_OverlappedFuture cancelled>>
2026-06-12 20:16:05,731 : INFO : root : MPF run loop ended.
