2026-02-15 14:35:29,185 : INFO : root : Loading config.
2026-02-15 14:35:29,189 : INFO : YamlMultifileConfigLoader : Machine config file #1: config.yaml
2026-02-15 14:35:29,189 : INFO : ConfigProcessor : Loading config from cache: C:\Users\tl\AppData\Local\Temp\86f932e179f318f5dae29f066573dee9.mpf_cache
2026-02-15 14:35:29,284 : INFO : ConfigProcessor : Loading config from cache: C:\Users\tl\AppData\Local\Temp\5e7e3dd8e04e0aa46ea76018297218da.mpf_cache
2026-02-15 14:35:29,285 : INFO : ConfigProcessor : Loading config from cache: C:\Users\tl\AppData\Local\Temp\af6ad0dab2f43bd9cbdac83e0b2786ac.mpf_cache
2026-02-15 14:35:29,286 : INFO : ConfigProcessor : Loading config from cache: C:\Users\tl\AppData\Local\Temp\5e7e3dd8e04e0aa46ea76018297218da.mpf_cache
2026-02-15 14:35:29,287 : INFO : Machine : Mission Pinball Framework Core Engine v0.80.0.dev12
2026-02-15 14:35:29,287 : INFO : Machine : Command line arguments: {'no_load_cache': False, 'create_config_cache': True, 'bcp': True, 'configfile': ['config.yaml'], 'force_assets_load': False, 'platform_integration_test': False, 'jsonlogging': False, 'logfile': 'logs\\2026-02-15-14-35-29-mpf-DESKTOP-HV85DRD.log', 'pause': False, 'production': False, 'text_ui': False, 'loglevel': 15, 'consoleloglevel': 20, 'force_platform': 'virtual', 'syslog_address': None, 'full_logfile_path': 'C:\\Users\\tl\\Documents\\tl-pinball\\logs\\2026-02-15-14-35-29-mpf-DESKTOP-HV85DRD.log'}
2026-02-15 14:35:29,287 : INFO : Machine : MPF path: C:\mpf\Lib\site-packages\mpf
2026-02-15 14:35:29,287 : INFO : Machine : Machine path: C:\Users\tl\Documents\tl-pinball
2026-02-15 14:35:29,287 : INFO : Machine : Platform: win32
2026-02-15 14:35:29,287 : INFO : Machine : Python executable location: C:\mpf\Scripts\python.exe
2026-02-15 14:35:29,287 : INFO : Machine : Python version: 3.12.7 (64-bit)
2026-02-15 14:35:29,290 : INFO : Machine : Initializing MPF...
2026-02-15 14:35:29,384 : INFO : EventManager : Event: ======'machine_var_credits_string'====== Args={'value': 'FREE PLAY', 'prev_value': None, 'change': True}
2026-02-15 14:35:29,409 : INFO : EventManager : Event: ======'machine_var_master_volume'====== Args={'value': 0.55, 'prev_value': None, 'change': True}
2026-02-15 14:35:29,409 : INFO : EventManager : Event: ======'machine_var_player1_score'====== Args={'value': 0, 'prev_value': None, 'change': True}
2026-02-15 14:35:29,409 : INFO : EventManager : Event: ======'machine_var_mpf_version'====== Args={'value': 'Mission Pinball Framework v0.80.0.dev12', 'prev_value': None, 'change': True}
2026-02-15 14:35:29,409 : INFO : EventManager : Event: ======'machine_var_mpf_extended_version'====== Args={'value': 'Mission Pinball Framework v0.80.0.dev12, Config version:6, Show version: 6, BCP version:1.1', 'prev_value': None, 'change': True}
2026-02-15 14:35:29,409 : INFO : EventManager : Event: ======'machine_var_python_version'====== Args={'value': '3.12.7', 'prev_value': None, 'change': True}
2026-02-15 14:35:29,510 : INFO : EventManager : Event: ======'machine_var_platform'====== Args={'value': 'Windows-10-10.0.19044-SP0', 'prev_value': None, 'change': True}
2026-02-15 14:35:29,511 : INFO : EventManager : Event: ======'machine_var_platform_system'====== Args={'value': 'Windows', 'prev_value': None, 'change': True}
2026-02-15 14:35:29,511 : INFO : EventManager : Event: ======'machine_var_platform_release'====== Args={'value': '10', 'prev_value': None, 'change': True}
2026-02-15 14:35:29,511 : INFO : EventManager : Event: ======'machine_var_platform_version'====== Args={'value': '10.0.19044', 'prev_value': None, 'change': True}
2026-02-15 14:35:29,511 : INFO : EventManager : Event: ======'machine_var_platform_machine'====== Args={'value': 'AMD64', 'prev_value': None, 'change': True}
2026-02-15 14:35:29,511 : INFO : EventManager : Event: ======'machine_var_log_file_path'====== Args={'value': 'C:\\Users\\tl\\Documents\\tl-pinball\\logs\\2026-02-15-14-35-29-mpf-DESKTOP-HV85DRD.log', 'prev_value': None, 'change': True}
2026-02-15 14:35:29,511 : INFO : EventManager : Event: ======'init_phase_1'====== Args={}
2026-02-15 14:35:29,540 : INFO : EventManager : Event: ======'drop_target_bank_dt_bank_1_4_up'====== Args={}
2026-02-15 14:35:29,540 : INFO : EventManager : Event: ======'drop_target_bank_dt_bank_5_7_up'====== Args={}
2026-02-15 14:35:29,541 : INFO : EventManager : Event: ======'init_phase_2'====== Args={}
2026-02-15 14:35:29,544 : INFO : EventManager : Event: ======'bcp_connection_attempt'====== Args={'name': 'local_display', 'host': 'localhost', 'port': 5050}
2026-02-15 14:35:29,545 : INFO : BCPClientSocket : Connecting BCP to 'local_display' at localhost:5050...
2026-02-15 14:35:29,553 : INFO : BCPClientSocket : Connected BCP to 'local_display' localhost:5050
2026-02-15 14:35:29,554 : INFO : EventManager : Event: ======'bcp_clients_connected'====== Args={}
2026-02-15 14:35:29,554 : INFO : ball_device.bd_plunger : BCH: Initial count: 0
2026-02-15 14:35:29,554 : INFO : ball_device.bd_plunger : State: idle
2026-02-15 14:35:29,555 : INFO : ball_device.bd_trough : BCH: Initial count: 0
2026-02-15 14:35:29,555 : INFO : ball_device.bd_trough : State: idle
2026-02-15 14:35:29,571 : INFO : EventManager : Event: ======'init_phase_3'====== Args={}
2026-02-15 14:35:29,573 : INFO : EventManager : Event: ======'init_phase_4'====== Args={}
2026-02-15 14:35:29,574 : INFO : BallController : Initial balls found: 0
2026-02-15 14:35:29,575 : INFO : EventManager : Event: ======'machine_var_audits_events_game_ended'====== Args={'value': 10, 'prev_value': None, 'change': True}
2026-02-15 14:35:29,575 : INFO : EventManager : Event: ======'machine_var_audits_events_game_started'====== Args={'value': 57, 'prev_value': None, 'change': True}
2026-02-15 14:35:29,575 : INFO : EventManager : Event: ======'machine_var_audits_missing_switches_s_00_service_esc'====== Args={'value': 11, 'prev_value': None, 'change': True}
2026-02-15 14:35:29,575 : INFO : EventManager : Event: ======'machine_var_audits_missing_switches_s_01_service_up'====== Args={'value': 11, 'prev_value': None, 'change': True}
2026-02-15 14:35:29,575 : INFO : EventManager : Event: ======'machine_var_audits_missing_switches_s_02_service_down'====== Args={'value': 11, 'prev_value': None, 'change': True}
2026-02-15 14:35:29,575 : INFO : EventManager : Event: ======'machine_var_audits_missing_switches_s_03_service_enter'====== Args={'value': 11, 'prev_value': None, 'change': True}
2026-02-15 14:35:29,575 : INFO : EventManager : Event: ======'machine_var_audits_missing_switches_s_08_left_flipper'====== Args={'value': 11, 'prev_value': None, 'change': True}
2026-02-15 14:35:29,575 : INFO : EventManager : Event: ======'machine_var_audits_missing_switches_s_0_service_esc'====== Args={'value': 46, 'prev_value': None, 'change': True}
2026-02-15 14:35:29,575 : INFO : EventManager : Event: ======'machine_var_audits_missing_switches_s_11_start_button'====== Args={'value': 8, 'prev_value': None, 'change': True}
2026-02-15 14:35:29,575 : INFO : EventManager : Event: ======'machine_var_audits_missing_switches_s_12_tilt_bob'====== Args={'value': 3, 'prev_value': None, 'change': True}
2026-02-15 14:35:29,575 : INFO : EventManager : Event: ======'machine_var_audits_missing_switches_s_13_coin_door'====== Args={'value': 3, 'prev_value': None, 'change': True}
2026-02-15 14:35:29,575 : INFO : EventManager : Event: ======'machine_var_audits_missing_switches_s_16_right_flipper'====== Args={'value': 27, 'prev_value': None, 'change': True}
2026-02-15 14:35:29,575 : INFO : EventManager : Event: ======'machine_var_audits_missing_switches_s_17_right_flipper_upper'====== Args={'value': 27, 'prev_value': None, 'change': True}
2026-02-15 14:35:29,575 : INFO : EventManager : Event: ======'machine_var_audits_missing_switches_s_19_cab_arrow_left'====== Args={'value': 3, 'prev_value': None, 'change': True}
2026-02-15 14:35:29,575 : INFO : EventManager : Event: ======'machine_var_audits_missing_switches_s_1_service_up'====== Args={'value': 46, 'prev_value': None, 'change': True}
2026-02-15 14:35:29,575 : INFO : EventManager : Event: ======'machine_var_audits_missing_switches_s_20_cab_arrow_right'====== Args={'value': 3, 'prev_value': None, 'change': True}
2026-02-15 14:35:29,575 : INFO : EventManager : Event: ======'machine_var_audits_missing_switches_s_24_trough_1'====== Args={'value': 7, 'prev_value': None, 'change': True}
2026-02-15 14:35:29,576 : INFO : EventManager : Event: ======'machine_var_audits_missing_switches_s_25_trough_2'====== Args={'value': 7, 'prev_value': None, 'change': True}
2026-02-15 14:35:29,576 : INFO : EventManager : Event: ======'machine_var_audits_missing_switches_s_25_trough_jam'====== Args={'value': 2, 'prev_value': None, 'change': True}
2026-02-15 14:35:29,576 : INFO : EventManager : Event: ======'machine_var_audits_missing_switches_s_26_trough_1'====== Args={'value': 1, 'prev_value': None, 'change': True}
2026-02-15 14:35:29,576 : INFO : EventManager : Event: ======'machine_var_audits_missing_switches_s_26_trough_3'====== Args={'value': 7, 'prev_value': None, 'change': True}
2026-02-15 14:35:29,576 : INFO : EventManager : Event: ======'machine_var_audits_missing_switches_s_27_trough_4'====== Args={'value': 7, 'prev_value': None, 'change': True}
2026-02-15 14:35:29,576 : INFO : EventManager : Event: ======'machine_var_audits_missing_switches_s_28_trough_3'====== Args={'value': 1, 'prev_value': None, 'change': True}
2026-02-15 14:35:29,576 : INFO : EventManager : Event: ======'machine_var_audits_missing_switches_s_28_trough_5'====== Args={'value': 7, 'prev_value': None, 'change': True}
2026-02-15 14:35:29,576 : INFO : EventManager : Event: ======'machine_var_audits_missing_switches_s_29_trough_4'====== Args={'value': 1, 'prev_value': None, 'change': True}
2026-02-15 14:35:29,576 : INFO : EventManager : Event: ======'machine_var_audits_missing_switches_s_29_trough_6'====== Args={'value': 7, 'prev_value': None, 'change': True}
2026-02-15 14:35:29,576 : INFO : EventManager : Event: ======'machine_var_audits_missing_switches_s_2_service_down'====== Args={'value': 46, 'prev_value': None, 'change': True}
2026-02-15 14:35:29,576 : INFO : EventManager : Event: ======'machine_var_audits_missing_switches_s_32_right_inlane'====== Args={'value': 12, 'prev_value': None, 'change': True}
2026-02-15 14:35:29,576 : INFO : EventManager : Event: ======'machine_var_audits_missing_switches_s_33_right_outlane'====== Args={'value': 19, 'prev_value': None, 'change': True}
2026-02-15 14:35:29,576 : INFO : EventManager : Event: ======'machine_var_audits_missing_switches_s_34_right_sling'====== Args={'value': 12, 'prev_value': None, 'change': True}
2026-02-15 14:35:29,576 : INFO : EventManager : Event: ======'machine_var_audits_missing_switches_s_35_left_inlane'====== Args={'value': 12, 'prev_value': None, 'change': True}
2026-02-15 14:35:29,576 : INFO : EventManager : Event: ======'machine_var_audits_missing_switches_s_36_left_outlane'====== Args={'value': 10, 'prev_value': None, 'change': True}
2026-02-15 14:35:29,576 : INFO : EventManager : Event: ======'machine_var_audits_missing_switches_s_37_left_sling'====== Args={'value': 17, 'prev_value': None, 'change': True}
2026-02-15 14:35:29,576 : INFO : EventManager : Event: ======'machine_var_audits_missing_switches_s_38_star_rollover_bottom'====== Args={'value': 54, 'prev_value': None, 'change': True}
2026-02-15 14:35:29,576 : INFO : EventManager : Event: ======'machine_var_audits_missing_switches_s_38_top_lane_a'====== Args={'value': 3, 'prev_value': None, 'change': True}
2026-02-15 14:35:29,576 : INFO : EventManager : Event: ======'machine_var_audits_missing_switches_s_39_star_rollover_top'====== Args={'value': 18, 'prev_value': None, 'change': True}
2026-02-15 14:35:29,576 : INFO : EventManager : Event: ======'machine_var_audits_missing_switches_s_39_top_lane_b'====== Args={'value': 3, 'prev_value': None, 'change': True}
2026-02-15 14:35:29,577 : INFO : EventManager : Event: ======'machine_var_audits_missing_switches_s_3_service_enter'====== Args={'value': 46, 'prev_value': None, 'change': True}
2026-02-15 14:35:29,577 : INFO : EventManager : Event: ======'machine_var_audits_missing_switches_s_40_stand_up_target_5'====== Args={'value': 1, 'prev_value': None, 'change': True}
2026-02-15 14:35:29,577 : INFO : EventManager : Event: ======'machine_var_audits_missing_switches_s_40_top_lane_c'====== Args={'value': 3, 'prev_value': None, 'change': True}
2026-02-15 14:35:29,577 : INFO : EventManager : Event: ======'machine_var_audits_missing_switches_s_41_pop_bumper_1'====== Args={'value': 2, 'prev_value': None, 'change': True}
2026-02-15 14:35:29,577 : INFO : EventManager : Event: ======'machine_var_audits_missing_switches_s_41_stand_up_target_6'====== Args={'value': 12, 'prev_value': None, 'change': True}
2026-02-15 14:35:29,577 : INFO : EventManager : Event: ======'machine_var_audits_missing_switches_s_42_pop_bumper_2'====== Args={'value': 3, 'prev_value': None, 'change': True}
2026-02-15 14:35:29,577 : INFO : EventManager : Event: ======'machine_var_audits_missing_switches_s_42_stand_up_target_1'====== Args={'value': 12, 'prev_value': None, 'change': True}
2026-02-15 14:35:29,577 : INFO : EventManager : Event: ======'machine_var_audits_missing_switches_s_43_stand_up_target_4'====== Args={'value': 12, 'prev_value': None, 'change': True}
2026-02-15 14:35:29,577 : INFO : EventManager : Event: ======'machine_var_audits_missing_switches_s_44_spinner_left'====== Args={'value': 1, 'prev_value': None, 'change': True}
2026-02-15 14:35:29,577 : INFO : EventManager : Event: ======'machine_var_audits_missing_switches_s_44_spinner_right'====== Args={'value': 2, 'prev_value': None, 'change': True}
2026-02-15 14:35:29,577 : INFO : EventManager : Event: ======'machine_var_audits_missing_switches_s_45_spinner_right'====== Args={'value': 3, 'prev_value': None, 'change': True}
2026-02-15 14:35:29,577 : INFO : EventManager : Event: ======'machine_var_audits_missing_switches_s_45_varitarget_poisition_1'====== Args={'value': 3, 'prev_value': None, 'change': True}
2026-02-15 14:35:29,577 : INFO : EventManager : Event: ======'machine_var_audits_missing_switches_s_46_varitarget_poisition_2'====== Args={'value': 3, 'prev_value': None, 'change': True}
2026-02-15 14:35:29,577 : INFO : EventManager : Event: ======'machine_var_audits_missing_switches_s_47_varitarget_poisition_3'====== Args={'value': 3, 'prev_value': None, 'change': True}
2026-02-15 14:35:29,577 : INFO : EventManager : Event: ======'machine_var_audits_missing_switches_s_48_varitarget_poisition_4'====== Args={'value': 3, 'prev_value': None, 'change': True}
2026-02-15 14:35:29,577 : INFO : EventManager : Event: ======'machine_var_audits_missing_switches_s_49_varitarget_poisition_5'====== Args={'value': 3, 'prev_value': None, 'change': True}
2026-02-15 14:35:29,577 : INFO : EventManager : Event: ======'machine_var_audits_missing_switches_s_50_saucer_left'====== Args={'value': 3, 'prev_value': None, 'change': True}
2026-02-15 14:35:29,577 : INFO : EventManager : Event: ======'machine_var_audits_missing_switches_s_51_saucer_right'====== Args={'value': 2, 'prev_value': None, 'change': True}
2026-02-15 14:35:29,577 : INFO : EventManager : Event: ======'machine_var_audits_missing_switches_s_52_star_rollover_top'====== Args={'value': 3, 'prev_value': None, 'change': True}
2026-02-15 14:35:29,577 : INFO : EventManager : Event: ======'machine_var_audits_missing_switches_s_53_star_rollover_bottom'====== Args={'value': 3, 'prev_value': None, 'change': True}
2026-02-15 14:35:29,577 : INFO : EventManager : Event: ======'machine_var_audits_missing_switches_s_54_single_drop_1'====== Args={'value': 3, 'prev_value': None, 'change': True}
2026-02-15 14:35:29,577 : INFO : EventManager : Event: ======'machine_var_audits_missing_switches_s_55_fourbank_drop_1'====== Args={'value': 3, 'prev_value': None, 'change': True}
2026-02-15 14:35:29,578 : INFO : EventManager : Event: ======'machine_var_audits_missing_switches_s_56_fourbank_drop_2'====== Args={'value': 3, 'prev_value': None, 'change': True}
2026-02-15 14:35:29,578 : INFO : EventManager : Event: ======'machine_var_audits_missing_switches_s_56_pop_bumper_right'====== Args={'value': 4, 'prev_value': None, 'change': True}
2026-02-15 14:35:29,578 : INFO : EventManager : Event: ======'machine_var_audits_missing_switches_s_57_fourbank_drop_3'====== Args={'value': 2, 'prev_value': None, 'change': True}
2026-02-15 14:35:29,578 : INFO : EventManager : Event: ======'machine_var_audits_missing_switches_s_57_pop_bumper_center'====== Args={'value': 4, 'prev_value': None, 'change': True}
2026-02-15 14:35:29,578 : INFO : EventManager : Event: ======'machine_var_audits_missing_switches_s_58_fourbank_drop_4'====== Args={'value': 2, 'prev_value': None, 'change': True}
2026-02-15 14:35:29,578 : INFO : EventManager : Event: ======'machine_var_audits_missing_switches_s_58_pop_bumper_left'====== Args={'value': 1, 'prev_value': None, 'change': True}
2026-02-15 14:35:29,578 : INFO : EventManager : Event: ======'machine_var_audits_missing_switches_s_59_saucer_right'====== Args={'value': 30, 'prev_value': None, 'change': True}
2026-02-15 14:35:29,578 : INFO : EventManager : Event: ======'machine_var_audits_missing_switches_s_59_threebank_drop_1'====== Args={'value': 2, 'prev_value': None, 'change': True}
2026-02-15 14:35:29,578 : INFO : EventManager : Event: ======'machine_var_audits_missing_switches_s_60_threebank_drop_2'====== Args={'value': 2, 'prev_value': None, 'change': True}
2026-02-15 14:35:29,578 : INFO : EventManager : Event: ======'machine_var_audits_missing_switches_s_60_top_lane_c'====== Args={'value': 7, 'prev_value': None, 'change': True}
2026-02-15 14:35:29,578 : INFO : EventManager : Event: ======'machine_var_audits_missing_switches_s_61_threebank_drop_3'====== Args={'value': 3, 'prev_value': None, 'change': True}
2026-02-15 14:35:29,578 : INFO : EventManager : Event: ======'machine_var_audits_missing_switches_s_61_top_lane_b'====== Args={'value': 8, 'prev_value': None, 'change': True}
2026-02-15 14:35:29,578 : INFO : EventManager : Event: ======'machine_var_audits_missing_switches_s_62_stand_up_target_1'====== Args={'value': 3, 'prev_value': None, 'change': True}
2026-02-15 14:35:29,578 : INFO : EventManager : Event: ======'machine_var_audits_missing_switches_s_62_top_lane_a'====== Args={'value': 12, 'prev_value': None, 'change': True}
2026-02-15 14:35:29,578 : INFO : EventManager : Event: ======'machine_var_audits_missing_switches_s_63_stand_up_target_2'====== Args={'value': 2, 'prev_value': None, 'change': True}
2026-02-15 14:35:29,578 : INFO : EventManager : Event: ======'machine_var_audits_missing_switches_s_64_stand_up_target_3'====== Args={'value': 2, 'prev_value': None, 'change': True}
2026-02-15 14:35:29,578 : INFO : EventManager : Event: ======'machine_var_audits_missing_switches_s_65_stand_up_target_4'====== Args={'value': 3, 'prev_value': None, 'change': True}
2026-02-15 14:35:29,578 : INFO : EventManager : Event: ======'machine_var_audits_missing_switches_s_65_varitarget_poisition_2'====== Args={'value': 32, 'prev_value': None, 'change': True}
2026-02-15 14:35:29,578 : INFO : EventManager : Event: ======'machine_var_audits_missing_switches_s_66_stand_up_target_5'====== Args={'value': 3, 'prev_value': None, 'change': True}
2026-02-15 14:35:29,579 : INFO : EventManager : Event: ======'machine_var_audits_missing_switches_s_66_varitarget_poisition_3'====== Args={'value': 32, 'prev_value': None, 'change': True}
2026-02-15 14:35:29,579 : INFO : EventManager : Event: ======'machine_var_audits_missing_switches_s_67_stand_up_target_6'====== Args={'value': 3, 'prev_value': None, 'change': True}
2026-02-15 14:35:29,579 : INFO : EventManager : Event: ======'machine_var_audits_missing_switches_s_67_varitarget_poisition_4'====== Args={'value': 32, 'prev_value': None, 'change': True}
2026-02-15 14:35:29,579 : INFO : EventManager : Event: ======'machine_var_audits_missing_switches_s_68_stand_up_target_7'====== Args={'value': 2, 'prev_value': None, 'change': True}
2026-02-15 14:35:29,579 : INFO : EventManager : Event: ======'machine_var_audits_missing_switches_s_68_varitarget_poisition_5'====== Args={'value': 32, 'prev_value': None, 'change': True}
2026-02-15 14:35:29,579 : INFO : EventManager : Event: ======'machine_var_audits_missing_switches_s_69_stand_up_target_8'====== Args={'value': 1, 'prev_value': None, 'change': True}
2026-02-15 14:35:29,579 : INFO : EventManager : Event: ======'machine_var_audits_missing_switches_s_69_varitarget_poisition_6'====== Args={'value': 32, 'prev_value': None, 'change': True}
2026-02-15 14:35:29,579 : INFO : EventManager : Event: ======'machine_var_audits_missing_switches_s_70_stand_up_target_9'====== Args={'value': 3, 'prev_value': None, 'change': True}
2026-02-15 14:35:29,579 : INFO : EventManager : Event: ======'machine_var_audits_missing_switches_s_70_varitarget_poisition_7'====== Args={'value': 15, 'prev_value': None, 'change': True}
2026-02-15 14:35:29,579 : INFO : EventManager : Event: ======'machine_var_audits_missing_switches_s_71_spinner_left'====== Args={'value': 2, 'prev_value': None, 'change': True}
2026-02-15 14:35:29,579 : INFO : EventManager : Event: ======'machine_var_audits_missing_switches_s_71_stand_up_target_10'====== Args={'value': 3, 'prev_value': None, 'change': True}
2026-02-15 14:35:29,579 : INFO : EventManager : Event: ======'machine_var_audits_missing_switches_s_72_stand_up_target_11'====== Args={'value': 3, 'prev_value': None, 'change': True}
2026-02-15 14:35:29,579 : INFO : EventManager : Event: ======'machine_var_audits_missing_switches_s_73_fourbank_drop_1'====== Args={'value': 8, 'prev_value': None, 'change': True}
2026-02-15 14:35:29,579 : INFO : EventManager : Event: ======'machine_var_audits_missing_switches_s_74_fourbank_drop_2'====== Args={'value': 2, 'prev_value': None, 'change': True}
2026-02-15 14:35:29,579 : INFO : EventManager : Event: ======'machine_var_audits_missing_switches_s_75_fourbank_drop_3'====== Args={'value': 16, 'prev_value': None, 'change': True}
2026-02-15 14:35:29,579 : INFO : EventManager : Event: ======'machine_var_audits_missing_switches_s_76_fourbank_drop_4'====== Args={'value': 21, 'prev_value': None, 'change': True}
2026-02-15 14:35:29,579 : INFO : EventManager : Event: ======'machine_var_audits_missing_switches_s_77_threebank_drop_1'====== Args={'value': 15, 'prev_value': None, 'change': True}
2026-02-15 14:35:29,579 : INFO : EventManager : Event: ======'machine_var_audits_missing_switches_s_79_threebank_drop_3'====== Args={'value': 8, 'prev_value': None, 'change': True}
2026-02-15 14:35:29,579 : INFO : EventManager : Event: ======'machine_var_audits_missing_switches_s_80_stand_up_target_2'====== Args={'value': 12, 'prev_value': None, 'change': True}
2026-02-15 14:35:29,579 : INFO : EventManager : Event: ======'machine_var_audits_missing_switches_s_81_saucer_left'====== Args={'value': 44, 'prev_value': None, 'change': True}
2026-02-15 14:35:29,579 : INFO : EventManager : Event: ======'machine_var_audits_missing_switches_s_82_stand_up_target_bank_1'====== Args={'value': 18, 'prev_value': None, 'change': True}
2026-02-15 14:35:29,579 : INFO : EventManager : Event: ======'machine_var_audits_missing_switches_s_83_stand_up_target_bank_2'====== Args={'value': 3, 'prev_value': None, 'change': True}
2026-02-15 14:35:29,580 : INFO : EventManager : Event: ======'machine_var_audits_missing_switches_s_84_stand_up_target_bank_3'====== Args={'value': 17, 'prev_value': None, 'change': True}
2026-02-15 14:35:29,580 : INFO : EventManager : Event: ======'machine_var_audits_missing_switches_s_85_stand_up_target_bank_4'====== Args={'value': 12, 'prev_value': None, 'change': True}
2026-02-15 14:35:29,580 : INFO : EventManager : Event: ======'machine_var_audits_missing_switches_s_86_stand_up_target_bank_5'====== Args={'value': 12, 'prev_value': None, 'change': True}
2026-02-15 14:35:29,580 : INFO : EventManager : Event: ======'machine_var_audits_missing_switches_s_87_stand_up_target_bank_6'====== Args={'value': 18, 'prev_value': None, 'change': True}
2026-02-15 14:35:29,580 : INFO : EventManager : Event: ======'machine_var_audits_missing_switches_s_8_left_flipper'====== Args={'value': 19, 'prev_value': None, 'change': True}
2026-02-15 14:35:29,580 : INFO : EventManager : Event: ======'machine_var_audits_player_score'====== Args={'value': {'average': 0, 'top': [0, 0, 0, 0, 0, 0, 0, 0, 0, 0], 'total': 10}, 'prev_value': None, 'change': True}
2026-02-15 14:35:29,580 : INFO : EventManager : Event: ======'machine_var_audits_switches_s_00_service_esc'====== Args={'value': 0, 'prev_value': None, 'change': True}
2026-02-15 14:35:29,580 : INFO : EventManager : Event: ======'machine_var_audits_switches_s_01_service_up'====== Args={'value': 0, 'prev_value': None, 'change': True}
2026-02-15 14:35:29,580 : INFO : EventManager : Event: ======'machine_var_audits_switches_s_02_service_down'====== Args={'value': 0, 'prev_value': None, 'change': True}
2026-02-15 14:35:29,580 : INFO : EventManager : Event: ======'machine_var_audits_switches_s_03_service_enter'====== Args={'value': 0, 'prev_value': None, 'change': True}
2026-02-15 14:35:29,580 : INFO : EventManager : Event: ======'machine_var_audits_switches_s_08_left_flipper'====== Args={'value': 0, 'prev_value': None, 'change': True}
2026-02-15 14:35:29,580 : INFO : EventManager : Event: ======'machine_var_audits_switches_s_0_service_esc'====== Args={'value': 0, 'prev_value': None, 'change': True}
2026-02-15 14:35:29,580 : INFO : EventManager : Event: ======'machine_var_audits_switches_s_11_start_button'====== Args={'value': 22, 'prev_value': None, 'change': True}
2026-02-15 14:35:29,580 : INFO : EventManager : Event: ======'machine_var_audits_switches_s_12_tilt_bob'====== Args={'value': 0, 'prev_value': None, 'change': True}
2026-02-15 14:35:29,580 : INFO : EventManager : Event: ======'machine_var_audits_switches_s_13_coin_door'====== Args={'value': 0, 'prev_value': None, 'change': True}
2026-02-15 14:35:29,580 : INFO : EventManager : Event: ======'machine_var_audits_switches_s_16_right_flipper'====== Args={'value': 621, 'prev_value': None, 'change': True}
2026-02-15 14:35:29,580 : INFO : EventManager : Event: ======'machine_var_audits_switches_s_17_right_flipper_upper'====== Args={'value': 537, 'prev_value': None, 'change': True}
2026-02-15 14:35:29,580 : INFO : EventManager : Event: ======'machine_var_audits_switches_s_19_cab_arrow_left'====== Args={'value': 0, 'prev_value': None, 'change': True}
2026-02-15 14:35:29,580 : INFO : EventManager : Event: ======'machine_var_audits_switches_s_1_service_up'====== Args={'value': 0, 'prev_value': None, 'change': True}
2026-02-15 14:35:29,580 : INFO : EventManager : Event: ======'machine_var_audits_switches_s_20_cab_arrow_right'====== Args={'value': 0, 'prev_value': None, 'change': True}
2026-02-15 14:35:29,580 : INFO : EventManager : Event: ======'machine_var_audits_switches_s_24_plunger_lane'====== Args={'value': 19, 'prev_value': None, 'change': True}
2026-02-15 14:35:29,580 : INFO : EventManager : Event: ======'machine_var_audits_switches_s_24_trough_1'====== Args={'value': 56, 'prev_value': None, 'change': True}
2026-02-15 14:35:29,580 : INFO : EventManager : Event: ======'machine_var_audits_switches_s_25_trough_2'====== Args={'value': 49, 'prev_value': None, 'change': True}
2026-02-15 14:35:29,581 : INFO : EventManager : Event: ======'machine_var_audits_switches_s_25_trough_jam'====== Args={'value': 3, 'prev_value': None, 'change': True}
2026-02-15 14:35:29,581 : INFO : EventManager : Event: ======'machine_var_audits_switches_s_26_trough_1'====== Args={'value': 21, 'prev_value': None, 'change': True}
2026-02-15 14:35:29,581 : INFO : EventManager : Event: ======'machine_var_audits_switches_s_26_trough_3'====== Args={'value': 46, 'prev_value': None, 'change': True}
2026-02-15 14:35:29,581 : INFO : EventManager : Event: ======'machine_var_audits_switches_s_27_trough_2'====== Args={'value': 19, 'prev_value': None, 'change': True}
2026-02-15 14:35:29,581 : INFO : EventManager : Event: ======'machine_var_audits_switches_s_27_trough_4'====== Args={'value': 38, 'prev_value': None, 'change': True}
2026-02-15 14:35:29,581 : INFO : EventManager : Event: ======'machine_var_audits_switches_s_28_trough_3'====== Args={'value': 2, 'prev_value': None, 'change': True}
2026-02-15 14:35:29,581 : INFO : EventManager : Event: ======'machine_var_audits_switches_s_28_trough_5'====== Args={'value': 40, 'prev_value': None, 'change': True}
2026-02-15 14:35:29,581 : INFO : EventManager : Event: ======'machine_var_audits_switches_s_29_trough_4'====== Args={'value': 2, 'prev_value': None, 'change': True}
2026-02-15 14:35:29,581 : INFO : EventManager : Event: ======'machine_var_audits_switches_s_29_trough_6'====== Args={'value': 58, 'prev_value': None, 'change': True}
2026-02-15 14:35:29,581 : INFO : EventManager : Event: ======'machine_var_audits_switches_s_2_service_down'====== Args={'value': 0, 'prev_value': None, 'change': True}
2026-02-15 14:35:29,581 : INFO : EventManager : Event: ======'machine_var_audits_switches_s_30_trough_jam'====== Args={'value': 87, 'prev_value': None, 'change': True}
2026-02-15 14:35:29,581 : INFO : EventManager : Event: ======'machine_var_audits_switches_s_31_plunger_lane'====== Args={'value': 86, 'prev_value': None, 'change': True}
2026-02-15 14:35:29,581 : INFO : EventManager : Event: ======'machine_var_audits_switches_s_32_right_inlane'====== Args={'value': 13, 'prev_value': None, 'change': True}
2026-02-15 14:35:29,581 : INFO : EventManager : Event: ======'machine_var_audits_switches_s_33_right_outlane'====== Args={'value': 1, 'prev_value': None, 'change': True}
2026-02-15 14:35:29,581 : INFO : EventManager : Event: ======'machine_var_audits_switches_s_34_right_sling'====== Args={'value': 622, 'prev_value': None, 'change': True}
2026-02-15 14:35:29,581 : INFO : EventManager : Event: ======'machine_var_audits_switches_s_35_left_inlane'====== Args={'value': 44, 'prev_value': None, 'change': True}
2026-02-15 14:35:29,581 : INFO : EventManager : Event: ======'machine_var_audits_switches_s_36_left_outlane'====== Args={'value': 257, 'prev_value': None, 'change': True}
2026-02-15 14:35:29,581 : INFO : EventManager : Event: ======'machine_var_audits_switches_s_37_left_sling'====== Args={'value': 94, 'prev_value': None, 'change': True}
2026-02-15 14:35:29,581 : INFO : EventManager : Event: ======'machine_var_audits_switches_s_38_star_rollover_bottom'====== Args={'value': 0, 'prev_value': None, 'change': True}
2026-02-15 14:35:29,581 : INFO : EventManager : Event: ======'machine_var_audits_switches_s_38_top_lane_a'====== Args={'value': 0, 'prev_value': None, 'change': True}
2026-02-15 14:35:29,581 : INFO : EventManager : Event: ======'machine_var_audits_switches_s_39_star_rollover_top'====== Args={'value': 12, 'prev_value': None, 'change': True}
2026-02-15 14:35:29,581 : INFO : EventManager : Event: ======'machine_var_audits_switches_s_39_top_lane_b'====== Args={'value': 0, 'prev_value': None, 'change': True}
2026-02-15 14:35:29,581 : INFO : EventManager : Event: ======'machine_var_audits_switches_s_3_service_enter'====== Args={'value': 0, 'prev_value': None, 'change': True}
2026-02-15 14:35:29,582 : INFO : EventManager : Event: ======'machine_var_audits_switches_s_40_stand_up_target_5'====== Args={'value': 1, 'prev_value': None, 'change': True}
2026-02-15 14:35:29,582 : INFO : EventManager : Event: ======'machine_var_audits_switches_s_40_stand_up_target_7'====== Args={'value': 26, 'prev_value': None, 'change': True}
2026-02-15 14:35:29,582 : INFO : EventManager : Event: ======'machine_var_audits_switches_s_40_top_lane_c'====== Args={'value': 0, 'prev_value': None, 'change': True}
2026-02-15 14:35:29,582 : INFO : EventManager : Event: ======'machine_var_audits_switches_s_41_pop_bumper_1'====== Args={'value': 1, 'prev_value': None, 'change': True}
2026-02-15 14:35:29,582 : INFO : EventManager : Event: ======'machine_var_audits_switches_s_41_stand_up_target_6'====== Args={'value': 0, 'prev_value': None, 'change': True}
2026-02-15 14:35:29,582 : INFO : EventManager : Event: ======'machine_var_audits_switches_s_41_stand_up_target_8'====== Args={'value': 32, 'prev_value': None, 'change': True}
2026-02-15 14:35:29,582 : INFO : EventManager : Event: ======'machine_var_audits_switches_s_42_pop_bumper_2'====== Args={'value': 0, 'prev_value': None, 'change': True}
2026-02-15 14:35:29,582 : INFO : EventManager : Event: ======'machine_var_audits_switches_s_42_stand_up_target_1'====== Args={'value': 0, 'prev_value': None, 'change': True}
2026-02-15 14:35:29,582 : INFO : EventManager : Event: ======'machine_var_audits_switches_s_42_stand_up_target_9'====== Args={'value': 69, 'prev_value': None, 'change': True}
2026-02-15 14:35:29,582 : INFO : EventManager : Event: ======'machine_var_audits_switches_s_43_pop_bumper_3'====== Args={'value': 16, 'prev_value': None, 'change': True}
2026-02-15 14:35:29,582 : INFO : EventManager : Event: ======'machine_var_audits_switches_s_43_stand_up_target_10'====== Args={'value': 40, 'prev_value': None, 'change': True}
2026-02-15 14:35:29,582 : INFO : EventManager : Event: ======'machine_var_audits_switches_s_43_stand_up_target_4'====== Args={'value': 0, 'prev_value': None, 'change': True}
2026-02-15 14:35:29,582 : INFO : EventManager : Event: ======'machine_var_audits_switches_s_44_spinner_left'====== Args={'value': 8, 'prev_value': None, 'change': True}
2026-02-15 14:35:29,582 : INFO : EventManager : Event: ======'machine_var_audits_switches_s_44_spinner_right'====== Args={'value': 179, 'prev_value': None, 'change': True}
2026-02-15 14:35:29,582 : INFO : EventManager : Event: ======'machine_var_audits_switches_s_45_spinner_right'====== Args={'value': 0, 'prev_value': None, 'change': True}
2026-02-15 14:35:29,582 : INFO : EventManager : Event: ======'machine_var_audits_switches_s_45_varitarget_poisition_1'====== Args={'value': 0, 'prev_value': None, 'change': True}
2026-02-15 14:35:29,582 : INFO : EventManager : Event: ======'machine_var_audits_switches_s_46_varitarget_poisition_2'====== Args={'value': 0, 'prev_value': None, 'change': True}
2026-02-15 14:35:29,582 : INFO : EventManager : Event: ======'machine_var_audits_switches_s_47_varitarget_poisition_3'====== Args={'value': 0, 'prev_value': None, 'change': True}
2026-02-15 14:35:29,582 : INFO : EventManager : Event: ======'machine_var_audits_switches_s_48_varitarget_poisition_4'====== Args={'value': 0, 'prev_value': None, 'change': True}
2026-02-15 14:35:29,582 : INFO : EventManager : Event: ======'machine_var_audits_switches_s_49_varitarget_poisition_5'====== Args={'value': 0, 'prev_value': None, 'change': True}
2026-02-15 14:35:29,582 : INFO : EventManager : Event: ======'machine_var_audits_switches_s_50_saucer_left'====== Args={'value': 0, 'prev_value': None, 'change': True}
2026-02-15 14:35:29,582 : INFO : EventManager : Event: ======'machine_var_audits_switches_s_51_saucer_right'====== Args={'value': 2, 'prev_value': None, 'change': True}
2026-02-15 14:35:29,582 : INFO : EventManager : Event: ======'machine_var_audits_switches_s_52_star_rollover_top'====== Args={'value': 0, 'prev_value': None, 'change': True}
2026-02-15 14:35:29,583 : INFO : EventManager : Event: ======'machine_var_audits_switches_s_53_star_rollover_bottom'====== Args={'value': 0, 'prev_value': None, 'change': True}
2026-02-15 14:35:29,583 : INFO : EventManager : Event: ======'machine_var_audits_switches_s_54_single_drop_1'====== Args={'value': 0, 'prev_value': None, 'change': True}
2026-02-15 14:35:29,583 : INFO : EventManager : Event: ======'machine_var_audits_switches_s_55_fourbank_drop_1'====== Args={'value': 0, 'prev_value': None, 'change': True}
2026-02-15 14:35:29,583 : INFO : EventManager : Event: ======'machine_var_audits_switches_s_56_fourbank_drop_2'====== Args={'value': 0, 'prev_value': None, 'change': True}
2026-02-15 14:35:29,583 : INFO : EventManager : Event: ======'machine_var_audits_switches_s_56_pop_bumper_right'====== Args={'value': 57, 'prev_value': None, 'change': True}
2026-02-15 14:35:29,583 : INFO : EventManager : Event: ======'machine_var_audits_switches_s_57_fourbank_drop_3'====== Args={'value': 1, 'prev_value': None, 'change': True}
2026-02-15 14:35:29,584 : INFO : EventManager : Event: ======'machine_var_audits_switches_s_57_pop_bumper_center'====== Args={'value': 158, 'prev_value': None, 'change': True}
2026-02-15 14:35:29,584 : INFO : EventManager : Event: ======'machine_var_audits_switches_s_58_fourbank_drop_4'====== Args={'value': 1, 'prev_value': None, 'change': True}
2026-02-15 14:35:29,584 : INFO : EventManager : Event: ======'machine_var_audits_switches_s_58_pop_bumper_left'====== Args={'value': 98, 'prev_value': None, 'change': True}
2026-02-15 14:35:29,584 : INFO : EventManager : Event: ======'machine_var_audits_switches_s_59_saucer_right'====== Args={'value': 7, 'prev_value': None, 'change': True}
2026-02-15 14:35:29,584 : INFO : EventManager : Event: ======'machine_var_audits_switches_s_59_threebank_drop_1'====== Args={'value': 1, 'prev_value': None, 'change': True}
2026-02-15 14:35:29,584 : INFO : EventManager : Event: ======'machine_var_audits_switches_s_60_threebank_drop_2'====== Args={'value': 1, 'prev_value': None, 'change': True}
2026-02-15 14:35:29,584 : INFO : EventManager : Event: ======'machine_var_audits_switches_s_60_top_lane_c'====== Args={'value': 65, 'prev_value': None, 'change': True}
2026-02-15 14:35:29,584 : INFO : EventManager : Event: ======'machine_var_audits_switches_s_61_threebank_drop_3'====== Args={'value': 0, 'prev_value': None, 'change': True}
2026-02-15 14:35:29,584 : INFO : EventManager : Event: ======'machine_var_audits_switches_s_61_top_lane_b'====== Args={'value': 31, 'prev_value': None, 'change': True}
2026-02-15 14:35:29,584 : INFO : EventManager : Event: ======'machine_var_audits_switches_s_62_stand_up_target_1'====== Args={'value': 0, 'prev_value': None, 'change': True}
2026-02-15 14:35:29,584 : INFO : EventManager : Event: ======'machine_var_audits_switches_s_62_top_lane_a'====== Args={'value': 124, 'prev_value': None, 'change': True}
2026-02-15 14:35:29,584 : INFO : EventManager : Event: ======'machine_var_audits_switches_s_63_stand_up_target_11'====== Args={'value': 43, 'prev_value': None, 'change': True}
2026-02-15 14:35:29,584 : INFO : EventManager : Event: ======'machine_var_audits_switches_s_63_stand_up_target_2'====== Args={'value': 1, 'prev_value': None, 'change': True}
2026-02-15 14:35:29,584 : INFO : EventManager : Event: ======'machine_var_audits_switches_s_63_stand_up_target_3'====== Args={'value': 6, 'prev_value': None, 'change': True}
2026-02-15 14:35:29,584 : INFO : EventManager : Event: ======'machine_var_audits_switches_s_64_stand_up_target_3'====== Args={'value': 1, 'prev_value': None, 'change': True}
2026-02-15 14:35:29,584 : INFO : EventManager : Event: ======'machine_var_audits_switches_s_64_varitarget_poisition_1'====== Args={'value': 872, 'prev_value': None, 'change': True}
2026-02-15 14:35:29,584 : INFO : EventManager : Event: ======'machine_var_audits_switches_s_65_stand_up_target_4'====== Args={'value': 0, 'prev_value': None, 'change': True}
2026-02-15 14:35:29,584 : INFO : EventManager : Event: ======'machine_var_audits_switches_s_65_varitarget_poisition_2'====== Args={'value': 11, 'prev_value': None, 'change': True}
2026-02-15 14:35:29,584 : INFO : EventManager : Event: ======'machine_var_audits_switches_s_66_stand_up_target_5'====== Args={'value': 0, 'prev_value': None, 'change': True}
2026-02-15 14:35:29,584 : INFO : EventManager : Event: ======'machine_var_audits_switches_s_66_varitarget_poisition_3'====== Args={'value': 6, 'prev_value': None, 'change': True}
2026-02-15 14:35:29,584 : INFO : EventManager : Event: ======'machine_var_audits_switches_s_67_stand_up_target_6'====== Args={'value': 0, 'prev_value': None, 'change': True}
2026-02-15 14:35:29,584 : INFO : EventManager : Event: ======'machine_var_audits_switches_s_67_varitarget_poisition_4'====== Args={'value': 11, 'prev_value': None, 'change': True}
2026-02-15 14:35:29,584 : INFO : EventManager : Event: ======'machine_var_audits_switches_s_68_stand_up_target_7'====== Args={'value': 1, 'prev_value': None, 'change': True}
2026-02-15 14:35:29,585 : INFO : EventManager : Event: ======'machine_var_audits_switches_s_68_varitarget_poisition_5'====== Args={'value': 5, 'prev_value': None, 'change': True}
2026-02-15 14:35:29,585 : INFO : EventManager : Event: ======'machine_var_audits_switches_s_69_stand_up_target_8'====== Args={'value': 2, 'prev_value': None, 'change': True}
2026-02-15 14:35:29,585 : INFO : EventManager : Event: ======'machine_var_audits_switches_s_69_varitarget_poisition_6'====== Args={'value': 4, 'prev_value': None, 'change': True}
2026-02-15 14:35:29,585 : INFO : EventManager : Event: ======'machine_var_audits_switches_s_70_stand_up_target_9'====== Args={'value': 0, 'prev_value': None, 'change': True}
2026-02-15 14:35:29,585 : INFO : EventManager : Event: ======'machine_var_audits_switches_s_70_varitarget_poisition_7'====== Args={'value': 66, 'prev_value': None, 'change': True}
2026-02-15 14:35:29,585 : INFO : EventManager : Event: ======'machine_var_audits_switches_s_71_spinner_left'====== Args={'value': 2109, 'prev_value': None, 'change': True}
2026-02-15 14:35:29,585 : INFO : EventManager : Event: ======'machine_var_audits_switches_s_71_stand_up_target_10'====== Args={'value': 0, 'prev_value': None, 'change': True}
2026-02-15 14:35:29,585 : INFO : EventManager : Event: ======'machine_var_audits_switches_s_72_single_drop_1'====== Args={'value': 38, 'prev_value': None, 'change': True}
2026-02-15 14:35:29,585 : INFO : EventManager : Event: ======'machine_var_audits_switches_s_72_stand_up_target_11'====== Args={'value': 0, 'prev_value': None, 'change': True}
2026-02-15 14:35:29,585 : INFO : EventManager : Event: ======'machine_var_audits_switches_s_73_fourbank_drop_1'====== Args={'value': 251, 'prev_value': None, 'change': True}
2026-02-15 14:35:29,585 : INFO : EventManager : Event: ======'machine_var_audits_switches_s_74_fourbank_drop_2'====== Args={'value': 95, 'prev_value': None, 'change': True}
2026-02-15 14:35:29,585 : INFO : EventManager : Event: ======'machine_var_audits_switches_s_75_fourbank_drop_3'====== Args={'value': 99, 'prev_value': None, 'change': True}
2026-02-15 14:35:29,585 : INFO : EventManager : Event: ======'machine_var_audits_switches_s_76_fourbank_drop_4'====== Args={'value': 3, 'prev_value': None, 'change': True}
2026-02-15 14:35:29,585 : INFO : EventManager : Event: ======'machine_var_audits_switches_s_77_threebank_drop_1'====== Args={'value': 93, 'prev_value': None, 'change': True}
2026-02-15 14:35:29,585 : INFO : EventManager : Event: ======'machine_var_audits_switches_s_78_threebank_drop_2'====== Args={'value': 1056, 'prev_value': None, 'change': True}
2026-02-15 14:35:29,585 : INFO : EventManager : Event: ======'machine_var_audits_switches_s_79_threebank_drop_3'====== Args={'value': 307, 'prev_value': None, 'change': True}
2026-02-15 14:35:29,585 : INFO : EventManager : Event: ======'machine_var_audits_switches_s_80_stand_up_target_1'====== Args={'value': 72, 'prev_value': None, 'change': True}
2026-02-15 14:35:29,585 : INFO : EventManager : Event: ======'machine_var_audits_switches_s_80_stand_up_target_2'====== Args={'value': 0, 'prev_value': None, 'change': True}
2026-02-15 14:35:29,585 : INFO : EventManager : Event: ======'machine_var_audits_switches_s_81_saucer_left'====== Args={'value': 13, 'prev_value': None, 'change': True}
2026-02-15 14:35:29,585 : INFO : EventManager : Event: ======'machine_var_audits_switches_s_82_stand_up_target_bank_1'====== Args={'value': 25, 'prev_value': None, 'change': True}
2026-02-15 14:35:29,585 : INFO : EventManager : Event: ======'machine_var_audits_switches_s_83_stand_up_target_bank_2'====== Args={'value': 56, 'prev_value': None, 'change': True}
2026-02-15 14:35:29,585 : INFO : EventManager : Event: ======'machine_var_audits_switches_s_84_stand_up_target_bank_3'====== Args={'value': 41, 'prev_value': None, 'change': True}
2026-02-15 14:35:29,586 : INFO : EventManager : Event: ======'machine_var_audits_switches_s_85_stand_up_target_bank_4'====== Args={'value': 56, 'prev_value': None, 'change': True}
2026-02-15 14:35:29,586 : INFO : EventManager : Event: ======'machine_var_audits_switches_s_86_stand_up_target_bank_5'====== Args={'value': 215, 'prev_value': None, 'change': True}
2026-02-15 14:35:29,586 : INFO : EventManager : Event: ======'machine_var_audits_switches_s_87_stand_up_target_bank_6'====== Args={'value': 142, 'prev_value': None, 'change': True}
2026-02-15 14:35:29,586 : INFO : EventManager : Event: ======'machine_var_audits_switches_s_8_left_flipper'====== Args={'value': 455, 'prev_value': None, 'change': True}
2026-02-15 14:35:29,586 : INFO : EventManager : Event: ======'init_phase_5'====== Args={}
2026-02-15 14:35:29,586 : INFO : EventManager : Event: ======'init_done'====== Args={}
2026-02-15 14:35:29,586 : INFO : EventManager : Event: ======'machine_reset_phase_1'====== Args={}
2026-02-15 14:35:29,596 : INFO : EventManager : Event: ======'machine_reset_phase_2'====== Args={}
2026-02-15 14:35:29,597 : INFO : EventManager : Event: ======'machine_reset_phase_3'====== Args={}
2026-02-15 14:35:29,597 : INFO : drop_target_bank.dt_bank_1_4 : All targets are already up. Will not reset bank.
2026-02-15 14:35:29,597 : INFO : drop_target_bank.dt_bank_5_7 : All targets are already up. Will not reset bank.
2026-02-15 14:35:29,597 : INFO : EventManager : Event: ======'reset_complete'====== Args={}
2026-02-15 14:35:29,597 : INFO : EventManager : Event: ======'mode_attract_will_start'====== Args={}
2026-02-15 14:35:29,597 : INFO : Timer.attract_carousel_timer : Starting Timer.
2026-02-15 14:35:29,597 : INFO : EventManager : Event: ======'timer_attract_carousel_timer_started'====== Args={'ticks': 0, 'ticks_remaining': 1}
2026-02-15 14:35:29,597 : INFO : EventManager : Event: ======'timer_attract_carousel_timer_tick'====== Args={'ticks': 0, 'ticks_remaining': 1}
2026-02-15 14:35:29,598 : INFO : EventManager : Event: ======'mode_attract_starting'====== Args={}
2026-02-15 14:35:29,598 : INFO : Mode.attract : Started. Priority: 10
2026-02-15 14:35:29,598 : INFO : EventManager : Event: ======'modes_active_modes_changed'====== Args={}
2026-02-15 14:35:29,598 : INFO : EventManager : Event: ======'mode_attract_started'====== Args={}
2026-02-15 14:35:29,599 : INFO : EventManager : Event: ======'collecting_balls_complete'====== Args={}
2026-02-15 14:35:29,599 : INFO : EventManager : Event: ======'carousel_item_highlighted'====== Args={'carousel': 'attract', 'direction': None, 'item': 'title'}
2026-02-15 14:35:29,599 : INFO : Machine : Starting the main run loop with active modes: [<Mode.attract>]
2026-02-15 14:35:29,630 : INFO : EventManager : Event: ======'slide_attract_created'====== Args={'_from_bcp': True}
2026-02-15 14:35:29,630 : INFO : EventManager : Event: ======'slide__removed'====== Args={'_from_bcp': True}
2026-02-15 14:35:29,630 : INFO : EventManager : Event: ======'slide_attract_active'====== Args={'original_context': 'attract', 'original_calling_context': 'mode_attract_started', 'priority': 10.0, 'cmd': 'slides_play', '_from_bcp': True}
2026-02-15 14:35:33,806 : INFO : SwitchController : <<<<<<< 's_16_right_flipper' active >>>>>>>
2026-02-15 14:35:33,806 : INFO : EventManager : Event: ======'s_16_right_flipper_active'====== Args={}
2026-02-15 14:35:33,806 : INFO : EventManager : Event: ======'carousel_item_highlighted'====== Args={'carousel': 'attract', 'direction': 'forwards', 'item': 'credits'}
2026-02-15 14:35:33,906 : INFO : SwitchController : <<<<<<< 's_08_left_flipper' active >>>>>>>
2026-02-15 14:35:33,906 : INFO : EventManager : Event: ======'s_08_left_flipper_active'====== Args={}
2026-02-15 14:35:33,906 : INFO : EventManager : Event: ======'flipper_cancel'====== Args={'triggering_group': 1, 'triggering_switch': 's_08_left_flipper'}
2026-02-15 14:35:33,906 : INFO : EventManager : Event: ======'carousel_item_highlighted'====== Args={'carousel': 'attract', 'direction': 'backwards', 'item': 'title'}
2026-02-15 14:35:33,989 : INFO : SwitchController : <<<<<<< 's_16_right_flipper' inactive >>>>>>>
2026-02-15 14:35:33,989 : INFO : EventManager : Event: ======'both_flippers_one'====== Args={'triggering_group': 2, 'triggering_switch': 's_16_right_flipper'}
2026-02-15 14:35:34,072 : INFO : SwitchController : <<<<<<< 's_08_left_flipper' inactive >>>>>>>
2026-02-15 14:35:34,072 : INFO : EventManager : Event: ======'both_flippers_inactive'====== Args={'triggering_group': 1, 'triggering_switch': 's_08_left_flipper'}
2026-02-15 14:35:34,539 : INFO : SwitchController : <<<<<<< 's_16_right_flipper' active >>>>>>>
2026-02-15 14:35:34,539 : INFO : EventManager : Event: ======'s_16_right_flipper_active'====== Args={}
2026-02-15 14:35:34,539 : INFO : EventManager : Event: ======'carousel_item_highlighted'====== Args={'carousel': 'attract', 'direction': 'forwards', 'item': 'credits'}
2026-02-15 14:35:34,612 : INFO : Timer.attract_carousel_timer : Timer Complete
2026-02-15 14:35:34,612 : INFO : Timer.attract_carousel_timer : Stopping Timer
2026-02-15 14:35:34,612 : INFO : EventManager : Event: ======'timer_attract_carousel_timer_stopped'====== Args={'ticks': 1, 'ticks_remaining': 1}
2026-02-15 14:35:34,612 : INFO : EventManager : Event: ======'timer_attract_carousel_timer_complete'====== Args={'ticks': 1, 'ticks_remaining': 1}
2026-02-15 14:35:34,612 : INFO : EventManager : Event: ======'carousel_item_highlighted'====== Args={'carousel': 'attract', 'direction': 'forwards', 'item': 'mpf_logo'}
2026-02-15 14:35:34,622 : INFO : SwitchController : <<<<<<< 's_08_left_flipper' active >>>>>>>
2026-02-15 14:35:34,622 : INFO : EventManager : Event: ======'s_08_left_flipper_active'====== Args={}
2026-02-15 14:35:34,623 : INFO : EventManager : Event: ======'flipper_cancel'====== Args={'triggering_group': 1, 'triggering_switch': 's_08_left_flipper'}
2026-02-15 14:35:34,623 : INFO : EventManager : Event: ======'carousel_item_highlighted'====== Args={'carousel': 'attract', 'direction': 'backwards', 'item': 'credits'}
2026-02-15 14:35:34,705 : INFO : SwitchController : <<<<<<< 's_16_right_flipper' inactive >>>>>>>
2026-02-15 14:35:34,705 : INFO : EventManager : Event: ======'both_flippers_one'====== Args={'triggering_group': 2, 'triggering_switch': 's_16_right_flipper'}
2026-02-15 14:35:34,772 : INFO : SwitchController : <<<<<<< 's_08_left_flipper' inactive >>>>>>>
2026-02-15 14:35:34,772 : INFO : EventManager : Event: ======'both_flippers_inactive'====== Args={'triggering_group': 1, 'triggering_switch': 's_08_left_flipper'}
2026-02-15 14:35:34,955 : INFO : SwitchController : <<<<<<< 's_16_right_flipper' active >>>>>>>
2026-02-15 14:35:34,955 : INFO : EventManager : Event: ======'s_16_right_flipper_active'====== Args={}
2026-02-15 14:35:34,956 : INFO : EventManager : Event: ======'carousel_item_highlighted'====== Args={'carousel': 'attract', 'direction': 'forwards', 'item': 'mpf_logo'}
2026-02-15 14:35:35,039 : INFO : SwitchController : <<<<<<< 's_16_right_flipper' inactive >>>>>>>
2026-02-15 14:35:35,155 : INFO : SwitchController : <<<<<<< 's_16_right_flipper' active >>>>>>>
2026-02-15 14:35:35,155 : INFO : EventManager : Event: ======'s_16_right_flipper_active'====== Args={}
2026-02-15 14:35:35,156 : INFO : EventManager : Event: ======'carousel_item_highlighted'====== Args={'carousel': 'attract', 'direction': 'forwards', 'item': 'title'}
2026-02-15 14:35:35,222 : INFO : SwitchController : <<<<<<< 's_16_right_flipper' inactive >>>>>>>
2026-02-15 14:35:35,322 : INFO : SwitchController : <<<<<<< 's_16_right_flipper' active >>>>>>>
2026-02-15 14:35:35,322 : INFO : EventManager : Event: ======'s_16_right_flipper_active'====== Args={}
2026-02-15 14:35:35,322 : INFO : EventManager : Event: ======'carousel_item_highlighted'====== Args={'carousel': 'attract', 'direction': 'forwards', 'item': 'credits'}
2026-02-15 14:35:35,372 : INFO : SwitchController : <<<<<<< 's_16_right_flipper' inactive >>>>>>>
2026-02-15 14:35:35,489 : INFO : SwitchController : <<<<<<< 's_16_right_flipper' active >>>>>>>
2026-02-15 14:35:35,489 : INFO : EventManager : Event: ======'s_16_right_flipper_active'====== Args={}
2026-02-15 14:35:35,489 : INFO : EventManager : Event: ======'carousel_item_highlighted'====== Args={'carousel': 'attract', 'direction': 'forwards', 'item': 'mpf_logo'}
2026-02-15 14:35:35,539 : INFO : SwitchController : <<<<<<< 's_16_right_flipper' inactive >>>>>>>
2026-02-15 14:35:35,655 : INFO : SwitchController : <<<<<<< 's_16_right_flipper' active >>>>>>>
2026-02-15 14:35:35,655 : INFO : EventManager : Event: ======'s_16_right_flipper_active'====== Args={}
2026-02-15 14:35:35,656 : INFO : EventManager : Event: ======'carousel_item_highlighted'====== Args={'carousel': 'attract', 'direction': 'forwards', 'item': 'title'}
2026-02-15 14:35:35,705 : INFO : SwitchController : <<<<<<< 's_16_right_flipper' inactive >>>>>>>
2026-02-15 14:35:35,822 : INFO : SwitchController : <<<<<<< 's_16_right_flipper' active >>>>>>>
2026-02-15 14:35:35,822 : INFO : EventManager : Event: ======'s_16_right_flipper_active'====== Args={}
2026-02-15 14:35:35,822 : INFO : EventManager : Event: ======'carousel_item_highlighted'====== Args={'carousel': 'attract', 'direction': 'forwards', 'item': 'credits'}
2026-02-15 14:35:35,872 : INFO : SwitchController : <<<<<<< 's_16_right_flipper' inactive >>>>>>>
2026-02-15 14:35:36,005 : INFO : SwitchController : <<<<<<< 's_16_right_flipper' active >>>>>>>
2026-02-15 14:35:36,005 : INFO : EventManager : Event: ======'s_16_right_flipper_active'====== Args={}
2026-02-15 14:35:36,006 : INFO : EventManager : Event: ======'carousel_item_highlighted'====== Args={'carousel': 'attract', 'direction': 'forwards', 'item': 'mpf_logo'}
2026-02-15 14:35:36,055 : INFO : SwitchController : <<<<<<< 's_16_right_flipper' inactive >>>>>>>
2026-02-15 14:35:36,155 : INFO : SwitchController : <<<<<<< 's_16_right_flipper' active >>>>>>>
2026-02-15 14:35:36,155 : INFO : EventManager : Event: ======'s_16_right_flipper_active'====== Args={}
2026-02-15 14:35:36,156 : INFO : EventManager : Event: ======'carousel_item_highlighted'====== Args={'carousel': 'attract', 'direction': 'forwards', 'item': 'title'}
2026-02-15 14:35:36,239 : INFO : SwitchController : <<<<<<< 's_16_right_flipper' inactive >>>>>>>
2026-02-15 14:35:36,339 : INFO : SwitchController : <<<<<<< 's_16_right_flipper' active >>>>>>>
2026-02-15 14:35:36,339 : INFO : EventManager : Event: ======'s_16_right_flipper_active'====== Args={}
2026-02-15 14:35:36,339 : INFO : EventManager : Event: ======'carousel_item_highlighted'====== Args={'carousel': 'attract', 'direction': 'forwards', 'item': 'credits'}
2026-02-15 14:35:36,405 : INFO : SwitchController : <<<<<<< 's_16_right_flipper' inactive >>>>>>>
2026-02-15 14:35:36,505 : INFO : SwitchController : <<<<<<< 's_16_right_flipper' active >>>>>>>
2026-02-15 14:35:36,505 : INFO : EventManager : Event: ======'s_16_right_flipper_active'====== Args={}
2026-02-15 14:35:36,506 : INFO : EventManager : Event: ======'carousel_item_highlighted'====== Args={'carousel': 'attract', 'direction': 'forwards', 'item': 'mpf_logo'}
2026-02-15 14:35:36,589 : INFO : SwitchController : <<<<<<< 's_16_right_flipper' inactive >>>>>>>
2026-02-15 14:35:36,689 : INFO : SwitchController : <<<<<<< 's_16_right_flipper' active >>>>>>>
2026-02-15 14:35:36,689 : INFO : EventManager : Event: ======'s_16_right_flipper_active'====== Args={}
2026-02-15 14:35:36,689 : INFO : EventManager : Event: ======'carousel_item_highlighted'====== Args={'carousel': 'attract', 'direction': 'forwards', 'item': 'title'}
2026-02-15 14:35:36,855 : INFO : SwitchController : <<<<<<< 's_16_right_flipper' inactive >>>>>>>
2026-02-15 14:35:36,872 : INFO : SwitchController : <<<<<<< 's_08_left_flipper' active >>>>>>>
2026-02-15 14:35:36,872 : INFO : EventManager : Event: ======'s_08_left_flipper_active'====== Args={}
2026-02-15 14:35:36,872 : INFO : EventManager : Event: ======'carousel_item_highlighted'====== Args={'carousel': 'attract', 'direction': 'backwards', 'item': 'mpf_logo'}
2026-02-15 14:35:37,005 : INFO : SwitchController : <<<<<<< 's_08_left_flipper' inactive >>>>>>>
2026-02-15 14:35:37,139 : INFO : SwitchController : <<<<<<< 's_08_left_flipper' active >>>>>>>
2026-02-15 14:35:37,139 : INFO : EventManager : Event: ======'s_08_left_flipper_active'====== Args={}
2026-02-15 14:35:37,139 : INFO : EventManager : Event: ======'carousel_item_highlighted'====== Args={'carousel': 'attract', 'direction': 'backwards', 'item': 'credits'}
2026-02-15 14:35:37,205 : INFO : SwitchController : <<<<<<< 's_08_left_flipper' inactive >>>>>>>
2026-02-15 14:35:37,322 : INFO : SwitchController : <<<<<<< 's_08_left_flipper' active >>>>>>>
2026-02-15 14:35:37,322 : INFO : EventManager : Event: ======'s_08_left_flipper_active'====== Args={}
2026-02-15 14:35:37,322 : INFO : EventManager : Event: ======'carousel_item_highlighted'====== Args={'carousel': 'attract', 'direction': 'backwards', 'item': 'title'}
2026-02-15 14:35:37,356 : INFO : SwitchController : <<<<<<< 's_08_left_flipper' inactive >>>>>>>
2026-02-15 14:35:37,505 : INFO : SwitchController : <<<<<<< 's_08_left_flipper' active >>>>>>>
2026-02-15 14:35:37,505 : INFO : EventManager : Event: ======'s_08_left_flipper_active'====== Args={}
2026-02-15 14:35:37,506 : INFO : EventManager : Event: ======'carousel_item_highlighted'====== Args={'carousel': 'attract', 'direction': 'backwards', 'item': 'mpf_logo'}
2026-02-15 14:35:37,539 : INFO : SwitchController : <<<<<<< 's_08_left_flipper' inactive >>>>>>>
2026-02-15 14:35:37,672 : INFO : SwitchController : <<<<<<< 's_08_left_flipper' active >>>>>>>
2026-02-15 14:35:37,672 : INFO : EventManager : Event: ======'s_08_left_flipper_active'====== Args={}
2026-02-15 14:35:37,672 : INFO : EventManager : Event: ======'carousel_item_highlighted'====== Args={'carousel': 'attract', 'direction': 'backwards', 'item': 'credits'}
2026-02-15 14:35:37,705 : INFO : SwitchController : <<<<<<< 's_08_left_flipper' inactive >>>>>>>
2026-02-15 14:35:37,855 : INFO : SwitchController : <<<<<<< 's_08_left_flipper' active >>>>>>>
2026-02-15 14:35:37,855 : INFO : EventManager : Event: ======'s_08_left_flipper_active'====== Args={}
2026-02-15 14:35:37,856 : INFO : EventManager : Event: ======'carousel_item_highlighted'====== Args={'carousel': 'attract', 'direction': 'backwards', 'item': 'title'}
2026-02-15 14:35:37,872 : INFO : SwitchController : <<<<<<< 's_08_left_flipper' inactive >>>>>>>
2026-02-15 14:35:38,055 : INFO : SwitchController : <<<<<<< 's_08_left_flipper' active >>>>>>>
2026-02-15 14:35:38,055 : INFO : EventManager : Event: ======'s_08_left_flipper_active'====== Args={}
2026-02-15 14:35:38,056 : INFO : EventManager : Event: ======'carousel_item_highlighted'====== Args={'carousel': 'attract', 'direction': 'backwards', 'item': 'mpf_logo'}
2026-02-15 14:35:38,172 : INFO : SwitchController : <<<<<<< 's_08_left_flipper' inactive >>>>>>>
2026-02-15 14:35:38,672 : INFO : SwitchController : <<<<<<< 's_16_right_flipper' active >>>>>>>
2026-02-15 14:35:38,672 : INFO : EventManager : Event: ======'s_16_right_flipper_active'====== Args={}
2026-02-15 14:35:38,672 : INFO : EventManager : Event: ======'carousel_item_highlighted'====== Args={'carousel': 'attract', 'direction': 'forwards', 'item': 'title'}
2026-02-15 14:35:38,722 : INFO : SwitchController : <<<<<<< 's_16_right_flipper' inactive >>>>>>>
2026-02-15 14:35:38,822 : INFO : SwitchController : <<<<<<< 's_16_right_flipper' active >>>>>>>
2026-02-15 14:35:38,822 : INFO : EventManager : Event: ======'s_16_right_flipper_active'====== Args={}
2026-02-15 14:35:38,822 : INFO : EventManager : Event: ======'carousel_item_highlighted'====== Args={'carousel': 'attract', 'direction': 'forwards', 'item': 'credits'}
2026-02-15 14:35:38,889 : INFO : SwitchController : <<<<<<< 's_16_right_flipper' inactive >>>>>>>
2026-02-15 14:35:39,005 : INFO : SwitchController : <<<<<<< 's_16_right_flipper' active >>>>>>>
2026-02-15 14:35:39,005 : INFO : EventManager : Event: ======'s_16_right_flipper_active'====== Args={}
2026-02-15 14:35:39,006 : INFO : EventManager : Event: ======'carousel_item_highlighted'====== Args={'carousel': 'attract', 'direction': 'forwards', 'item': 'mpf_logo'}
2026-02-15 14:35:39,089 : INFO : SwitchController : <<<<<<< 's_16_right_flipper' inactive >>>>>>>
2026-02-15 14:35:39,205 : INFO : SwitchController : <<<<<<< 's_16_right_flipper' active >>>>>>>
2026-02-15 14:35:39,205 : INFO : EventManager : Event: ======'s_16_right_flipper_active'====== Args={}
2026-02-15 14:35:39,206 : INFO : EventManager : Event: ======'carousel_item_highlighted'====== Args={'carousel': 'attract', 'direction': 'forwards', 'item': 'title'}
2026-02-15 14:35:39,289 : INFO : SwitchController : <<<<<<< 's_16_right_flipper' inactive >>>>>>>
2026-02-15 14:35:40,022 : INFO : SwitchController : <<<<<<< 's_16_right_flipper' active >>>>>>>
2026-02-15 14:35:40,022 : INFO : EventManager : Event: ======'s_16_right_flipper_active'====== Args={}
2026-02-15 14:35:40,022 : INFO : EventManager : Event: ======'carousel_item_highlighted'====== Args={'carousel': 'attract', 'direction': 'forwards', 'item': 'credits'}
2026-02-15 14:35:40,072 : INFO : SwitchController : <<<<<<< 's_16_right_flipper' inactive >>>>>>>
2026-02-15 14:35:40,189 : INFO : SwitchController : <<<<<<< 's_16_right_flipper' active >>>>>>>
2026-02-15 14:35:40,189 : INFO : EventManager : Event: ======'s_16_right_flipper_active'====== Args={}
2026-02-15 14:35:40,189 : INFO : EventManager : Event: ======'carousel_item_highlighted'====== Args={'carousel': 'attract', 'direction': 'forwards', 'item': 'mpf_logo'}
2026-02-15 14:35:40,255 : INFO : SwitchController : <<<<<<< 's_16_right_flipper' inactive >>>>>>>
2026-02-15 14:35:40,355 : INFO : SwitchController : <<<<<<< 's_16_right_flipper' active >>>>>>>
2026-02-15 14:35:40,355 : INFO : EventManager : Event: ======'s_16_right_flipper_active'====== Args={}
2026-02-15 14:35:40,356 : INFO : EventManager : Event: ======'carousel_item_highlighted'====== Args={'carousel': 'attract', 'direction': 'forwards', 'item': 'title'}
2026-02-15 14:35:40,455 : INFO : SwitchController : <<<<<<< 's_16_right_flipper' inactive >>>>>>>
2026-02-15 14:35:40,505 : INFO : SwitchController : <<<<<<< 's_16_right_flipper' active >>>>>>>
2026-02-15 14:35:40,505 : INFO : EventManager : Event: ======'s_16_right_flipper_active'====== Args={}
2026-02-15 14:35:40,506 : INFO : EventManager : Event: ======'carousel_item_highlighted'====== Args={'carousel': 'attract', 'direction': 'forwards', 'item': 'credits'}
2026-02-15 14:35:40,605 : INFO : SwitchController : <<<<<<< 's_16_right_flipper' inactive >>>>>>>
2026-02-15 14:35:41,155 : INFO : SwitchController : <<<<<<< 's_08_left_flipper' active >>>>>>>
2026-02-15 14:35:41,155 : INFO : EventManager : Event: ======'s_08_left_flipper_active'====== Args={}
2026-02-15 14:35:41,156 : INFO : EventManager : Event: ======'carousel_item_highlighted'====== Args={'carousel': 'attract', 'direction': 'backwards', 'item': 'title'}
2026-02-15 14:35:41,239 : INFO : SwitchController : <<<<<<< 's_08_left_flipper' inactive >>>>>>>
2026-02-15 14:35:41,339 : INFO : SwitchController : <<<<<<< 's_08_left_flipper' active >>>>>>>
2026-02-15 14:35:41,339 : INFO : EventManager : Event: ======'s_08_left_flipper_active'====== Args={}
2026-02-15 14:35:41,339 : INFO : EventManager : Event: ======'carousel_item_highlighted'====== Args={'carousel': 'attract', 'direction': 'backwards', 'item': 'mpf_logo'}
2026-02-15 14:35:41,405 : INFO : SwitchController : <<<<<<< 's_08_left_flipper' inactive >>>>>>>
2026-02-15 14:35:41,505 : INFO : SwitchController : <<<<<<< 's_08_left_flipper' active >>>>>>>
2026-02-15 14:35:41,505 : INFO : EventManager : Event: ======'s_08_left_flipper_active'====== Args={}
2026-02-15 14:35:41,506 : INFO : EventManager : Event: ======'carousel_item_highlighted'====== Args={'carousel': 'attract', 'direction': 'backwards', 'item': 'credits'}
2026-02-15 14:35:41,589 : INFO : SwitchController : <<<<<<< 's_08_left_flipper' inactive >>>>>>>
2026-02-15 14:35:41,705 : INFO : SwitchController : <<<<<<< 's_08_left_flipper' active >>>>>>>
2026-02-15 14:35:41,705 : INFO : EventManager : Event: ======'s_08_left_flipper_active'====== Args={}
2026-02-15 14:35:41,706 : INFO : EventManager : Event: ======'carousel_item_highlighted'====== Args={'carousel': 'attract', 'direction': 'backwards', 'item': 'title'}
2026-02-15 14:35:41,755 : INFO : SwitchController : <<<<<<< 's_08_left_flipper' inactive >>>>>>>
2026-02-15 14:35:41,872 : INFO : SwitchController : <<<<<<< 's_08_left_flipper' active >>>>>>>
2026-02-15 14:35:41,872 : INFO : EventManager : Event: ======'s_08_left_flipper_active'====== Args={}
2026-02-15 14:35:41,872 : INFO : EventManager : Event: ======'carousel_item_highlighted'====== Args={'carousel': 'attract', 'direction': 'backwards', 'item': 'mpf_logo'}
2026-02-15 14:35:41,922 : INFO : SwitchController : <<<<<<< 's_08_left_flipper' inactive >>>>>>>
2026-02-15 14:35:42,055 : INFO : SwitchController : <<<<<<< 's_08_left_flipper' active >>>>>>>
2026-02-15 14:35:42,055 : INFO : EventManager : Event: ======'s_08_left_flipper_active'====== Args={}
2026-02-15 14:35:42,056 : INFO : EventManager : Event: ======'carousel_item_highlighted'====== Args={'carousel': 'attract', 'direction': 'backwards', 'item': 'credits'}
2026-02-15 14:35:42,122 : INFO : SwitchController : <<<<<<< 's_08_left_flipper' inactive >>>>>>>
2026-02-15 14:36:12,446 : INFO : Machine : Shutting down...
2026-02-15 14:36:12,447 : INFO : EventManager : Event: ======'shutdown'====== Args={}
2026-02-15 14:36:12,448 : INFO : root : MPF run loop ended.
