2026-02-16 09:26:47,611 : INFO : root : Loading config.
2026-02-16 09:26:47,614 : INFO : YamlMultifileConfigLoader : Machine config file #1: config.yaml
2026-02-16 09:26:47,614 : INFO : ConfigProcessor : Loading config from cache: C:\Users\tl\AppData\Local\Temp\86f932e179f318f5dae29f066573dee9.mpf_cache
2026-02-16 09:26:47,702 : INFO : ConfigProcessor : Loading config from cache: C:\Users\tl\AppData\Local\Temp\5e7e3dd8e04e0aa46ea76018297218da.mpf_cache
2026-02-16 09:26:47,702 : INFO : ConfigProcessor : Loading config from cache: C:\Users\tl\AppData\Local\Temp\af6ad0dab2f43bd9cbdac83e0b2786ac.mpf_cache
2026-02-16 09:26:47,703 : INFO : ConfigProcessor : Loading config from cache: C:\Users\tl\AppData\Local\Temp\5e7e3dd8e04e0aa46ea76018297218da.mpf_cache
2026-02-16 09:26:47,704 : INFO : Machine : Mission Pinball Framework Core Engine v0.80.0.dev12
2026-02-16 09:26:47,704 : INFO : Machine : Command line arguments: {'no_load_cache': False, 'create_config_cache': True, 'bcp': True, 'configfile': ['config.yaml'], 'force_assets_load': False, 'platform_integration_test': False, 'jsonlogging': False, 'logfile': 'logs\\2026-02-16-09-26-47-mpf-DESKTOP-HV85DRD.log', 'pause': False, 'production': False, 'text_ui': True, 'loglevel': 15, 'consoleloglevel': 20, 'force_platform': 'virtual', 'syslog_address': None, 'full_logfile_path': 'C:\\Users\\tl\\Documents\\tl-pinball\\logs\\2026-02-16-09-26-47-mpf-DESKTOP-HV85DRD.log'}
2026-02-16 09:26:47,704 : INFO : Machine : MPF path: C:\mpf\Lib\site-packages\mpf
2026-02-16 09:26:47,704 : INFO : Machine : Machine path: C:\Users\tl\Documents\tl-pinball
2026-02-16 09:26:47,704 : INFO : Machine : Platform: win32
2026-02-16 09:26:47,704 : INFO : Machine : Python executable location: C:\mpf\Scripts\python.exe
2026-02-16 09:26:47,704 : INFO : Machine : Python version: 3.12.7 (64-bit)
2026-02-16 09:26:47,706 : INFO : Machine : Initializing MPF...
2026-02-16 09:26:47,926 : INFO : EventManager : Event: ======'machine_var_credits_string'====== Args={'value': 'FREE PLAY', 'prev_value': None, 'change': True}
2026-02-16 09:26:47,951 : INFO : EventManager : Event: ======'machine_var_master_volume'====== Args={'value': 0.55, 'prev_value': None, 'change': True}
2026-02-16 09:26:47,951 : INFO : EventManager : Event: ======'machine_var_player1_score'====== Args={'value': 0, 'prev_value': None, 'change': True}
2026-02-16 09:26:47,951 : INFO : EventManager : Event: ======'machine_var_mpf_version'====== Args={'value': 'Mission Pinball Framework v0.80.0.dev12', 'prev_value': None, 'change': True}
2026-02-16 09:26:47,951 : INFO : EventManager : Event: ======'machine_var_mpf_extended_version'====== Args={'value': 'Mission Pinball Framework v0.80.0.dev12, Config version:6, Show version: 6, BCP version:1.1', 'prev_value': None, 'change': True}
2026-02-16 09:26:47,952 : INFO : EventManager : Event: ======'machine_var_python_version'====== Args={'value': '3.12.7', 'prev_value': None, 'change': True}
2026-02-16 09:26:48,048 : INFO : EventManager : Event: ======'machine_var_platform'====== Args={'value': 'Windows-10-10.0.19044-SP0', 'prev_value': None, 'change': True}
2026-02-16 09:26:48,048 : INFO : EventManager : Event: ======'machine_var_platform_system'====== Args={'value': 'Windows', 'prev_value': None, 'change': True}
2026-02-16 09:26:48,048 : INFO : EventManager : Event: ======'machine_var_platform_release'====== Args={'value': '10', 'prev_value': None, 'change': True}
2026-02-16 09:26:48,048 : INFO : EventManager : Event: ======'machine_var_platform_version'====== Args={'value': '10.0.19044', 'prev_value': None, 'change': True}
2026-02-16 09:26:48,048 : INFO : EventManager : Event: ======'machine_var_platform_machine'====== Args={'value': 'AMD64', 'prev_value': None, 'change': True}
2026-02-16 09:26:48,048 : INFO : EventManager : Event: ======'machine_var_log_file_path'====== Args={'value': 'C:\\Users\\tl\\Documents\\tl-pinball\\logs\\2026-02-16-09-26-47-mpf-DESKTOP-HV85DRD.log', 'prev_value': None, 'change': True}
2026-02-16 09:26:48,048 : INFO : EventManager : Event: ======'init_phase_1'====== Args={}
2026-02-16 09:26:48,074 : INFO : EventManager : Event: ======'drop_target_bank_dt_bank_1_4_up'====== Args={}
2026-02-16 09:26:48,075 : INFO : EventManager : Event: ======'drop_target_bank_dt_bank_5_7_up'====== Args={}
2026-02-16 09:26:48,077 : INFO : EventManager : Event: ======'init_phase_2'====== Args={}
2026-02-16 09:26:48,080 : INFO : EventManager : Event: ======'bcp_connection_attempt'====== Args={'name': 'local_display', 'host': 'localhost', 'port': 5050}
2026-02-16 09:26:48,081 : INFO : BCPClientSocket : Connecting BCP to 'local_display' at localhost:5050...
2026-02-16 09:26:56,372 : INFO : BCPClientSocket : Connected BCP to 'local_display' localhost:5050
2026-02-16 09:26:56,372 : INFO : EventManager : Event: ======'bcp_clients_connected'====== Args={}
2026-02-16 09:26:56,506 : INFO : ball_device.bd_plunger : BCH: Initial count: 0
2026-02-16 09:26:56,507 : INFO : ball_device.bd_plunger : State: idle
2026-02-16 09:26:56,507 : INFO : ball_device.bd_trough : BCH: Initial count: 0
2026-02-16 09:26:56,507 : INFO : ball_device.bd_trough : State: idle
2026-02-16 09:26:56,523 : INFO : EventManager : Event: ======'init_phase_3'====== Args={}
2026-02-16 09:26:56,524 : INFO : EventManager : Event: ======'init_phase_4'====== Args={}
2026-02-16 09:26:56,524 : INFO : BallController : Initial balls found: 0
2026-02-16 09:26:56,525 : INFO : EventManager : Event: ======'machine_var_audits_events_game_ended'====== Args={'value': 10, 'prev_value': None, 'change': True}
2026-02-16 09:26:56,525 : INFO : EventManager : Event: ======'machine_var_audits_events_game_started'====== Args={'value': 62, 'prev_value': None, 'change': True}
2026-02-16 09:26:56,526 : INFO : EventManager : Event: ======'machine_var_audits_missing_switches_s_00_service_esc'====== Args={'value': 16, 'prev_value': None, 'change': True}
2026-02-16 09:26:56,526 : INFO : EventManager : Event: ======'machine_var_audits_missing_switches_s_01_service_up'====== Args={'value': 16, 'prev_value': None, 'change': True}
2026-02-16 09:26:56,526 : INFO : EventManager : Event: ======'machine_var_audits_missing_switches_s_02_service_down'====== Args={'value': 16, 'prev_value': None, 'change': True}
2026-02-16 09:26:56,526 : INFO : EventManager : Event: ======'machine_var_audits_missing_switches_s_03_service_enter'====== Args={'value': 16, 'prev_value': None, 'change': True}
2026-02-16 09:26:56,526 : INFO : EventManager : Event: ======'machine_var_audits_missing_switches_s_08_left_flipper'====== Args={'value': 3, 'prev_value': None, 'change': True}
2026-02-16 09:26:56,526 : INFO : EventManager : Event: ======'machine_var_audits_missing_switches_s_0_service_esc'====== Args={'value': 46, 'prev_value': None, 'change': True}
2026-02-16 09:26:56,526 : INFO : EventManager : Event: ======'machine_var_audits_missing_switches_s_11_start_button'====== Args={'value': 2, 'prev_value': None, 'change': True}
2026-02-16 09:26:56,526 : INFO : EventManager : Event: ======'machine_var_audits_missing_switches_s_12_tilt_bob'====== Args={'value': 3, 'prev_value': None, 'change': True}
2026-02-16 09:26:56,526 : INFO : EventManager : Event: ======'machine_var_audits_missing_switches_s_13_coin_door'====== Args={'value': 3, 'prev_value': None, 'change': True}
2026-02-16 09:26:56,526 : INFO : EventManager : Event: ======'machine_var_audits_missing_switches_s_16_right_flipper'====== Args={'value': 3, 'prev_value': None, 'change': True}
2026-02-16 09:26:56,526 : INFO : EventManager : Event: ======'machine_var_audits_missing_switches_s_17_right_flipper_upper'====== Args={'value': 32, 'prev_value': None, 'change': True}
2026-02-16 09:26:56,526 : INFO : EventManager : Event: ======'machine_var_audits_missing_switches_s_19_cab_arrow_left'====== Args={'value': 3, 'prev_value': None, 'change': True}
2026-02-16 09:26:56,526 : INFO : EventManager : Event: ======'machine_var_audits_missing_switches_s_1_service_up'====== Args={'value': 46, 'prev_value': None, 'change': True}
2026-02-16 09:26:56,526 : INFO : EventManager : Event: ======'machine_var_audits_missing_switches_s_20_cab_arrow_right'====== Args={'value': 3, 'prev_value': None, 'change': True}
2026-02-16 09:26:56,526 : INFO : EventManager : Event: ======'machine_var_audits_missing_switches_s_25_trough_jam'====== Args={'value': 2, 'prev_value': None, 'change': True}
2026-02-16 09:26:56,527 : INFO : EventManager : Event: ======'machine_var_audits_missing_switches_s_26_trough_1'====== Args={'value': 1, 'prev_value': None, 'change': True}
2026-02-16 09:26:56,527 : INFO : EventManager : Event: ======'machine_var_audits_missing_switches_s_28_trough_3'====== Args={'value': 1, 'prev_value': None, 'change': True}
2026-02-16 09:26:56,527 : INFO : EventManager : Event: ======'machine_var_audits_missing_switches_s_29_trough_4'====== Args={'value': 1, 'prev_value': None, 'change': True}
2026-02-16 09:26:56,527 : INFO : EventManager : Event: ======'machine_var_audits_missing_switches_s_2_service_down'====== Args={'value': 46, 'prev_value': None, 'change': True}
2026-02-16 09:26:56,527 : INFO : EventManager : Event: ======'machine_var_audits_missing_switches_s_32_right_inlane'====== Args={'value': 17, 'prev_value': None, 'change': True}
2026-02-16 09:26:56,527 : INFO : EventManager : Event: ======'machine_var_audits_missing_switches_s_33_right_outlane'====== Args={'value': 24, 'prev_value': None, 'change': True}
2026-02-16 09:26:56,527 : INFO : EventManager : Event: ======'machine_var_audits_missing_switches_s_35_left_inlane'====== Args={'value': 4, 'prev_value': None, 'change': True}
2026-02-16 09:26:56,527 : INFO : EventManager : Event: ======'machine_var_audits_missing_switches_s_38_star_rollover_bottom'====== Args={'value': 59, 'prev_value': None, 'change': True}
2026-02-16 09:26:56,527 : INFO : EventManager : Event: ======'machine_var_audits_missing_switches_s_38_top_lane_a'====== Args={'value': 3, 'prev_value': None, 'change': True}
2026-02-16 09:26:56,527 : INFO : EventManager : Event: ======'machine_var_audits_missing_switches_s_39_star_rollover_top'====== Args={'value': 4, 'prev_value': None, 'change': True}
2026-02-16 09:26:56,527 : INFO : EventManager : Event: ======'machine_var_audits_missing_switches_s_39_top_lane_b'====== Args={'value': 3, 'prev_value': None, 'change': True}
2026-02-16 09:26:56,527 : INFO : EventManager : Event: ======'machine_var_audits_missing_switches_s_3_service_enter'====== Args={'value': 46, 'prev_value': None, 'change': True}
2026-02-16 09:26:56,527 : INFO : EventManager : Event: ======'machine_var_audits_missing_switches_s_40_top_lane_c'====== Args={'value': 3, 'prev_value': None, 'change': True}
2026-02-16 09:26:56,527 : INFO : EventManager : Event: ======'machine_var_audits_missing_switches_s_41_pop_bumper_1'====== Args={'value': 2, 'prev_value': None, 'change': True}
2026-02-16 09:26:56,527 : INFO : EventManager : Event: ======'machine_var_audits_missing_switches_s_42_pop_bumper_2'====== Args={'value': 3, 'prev_value': None, 'change': True}
2026-02-16 09:26:56,528 : INFO : EventManager : Event: ======'machine_var_audits_missing_switches_s_44_spinner_left'====== Args={'value': 1, 'prev_value': None, 'change': True}
2026-02-16 09:26:56,528 : INFO : EventManager : Event: ======'machine_var_audits_missing_switches_s_45_spinner_right'====== Args={'value': 3, 'prev_value': None, 'change': True}
2026-02-16 09:26:56,528 : INFO : EventManager : Event: ======'machine_var_audits_missing_switches_s_45_varitarget_poisition_1'====== Args={'value': 3, 'prev_value': None, 'change': True}
2026-02-16 09:26:56,528 : INFO : EventManager : Event: ======'machine_var_audits_missing_switches_s_46_varitarget_poisition_2'====== Args={'value': 3, 'prev_value': None, 'change': True}
2026-02-16 09:26:56,528 : INFO : EventManager : Event: ======'machine_var_audits_missing_switches_s_47_varitarget_poisition_3'====== Args={'value': 3, 'prev_value': None, 'change': True}
2026-02-16 09:26:56,528 : INFO : EventManager : Event: ======'machine_var_audits_missing_switches_s_48_varitarget_poisition_4'====== Args={'value': 3, 'prev_value': None, 'change': True}
2026-02-16 09:26:56,528 : INFO : EventManager : Event: ======'machine_var_audits_missing_switches_s_49_varitarget_poisition_5'====== Args={'value': 3, 'prev_value': None, 'change': True}
2026-02-16 09:26:56,528 : INFO : EventManager : Event: ======'machine_var_audits_missing_switches_s_50_saucer_left'====== Args={'value': 3, 'prev_value': None, 'change': True}
2026-02-16 09:26:56,528 : INFO : EventManager : Event: ======'machine_var_audits_missing_switches_s_51_saucer_right'====== Args={'value': 2, 'prev_value': None, 'change': True}
2026-02-16 09:26:56,528 : INFO : EventManager : Event: ======'machine_var_audits_missing_switches_s_52_star_rollover_top'====== Args={'value': 3, 'prev_value': None, 'change': True}
2026-02-16 09:26:56,528 : INFO : EventManager : Event: ======'machine_var_audits_missing_switches_s_53_star_rollover_bottom'====== Args={'value': 3, 'prev_value': None, 'change': True}
2026-02-16 09:26:56,528 : INFO : EventManager : Event: ======'machine_var_audits_missing_switches_s_54_single_drop_1'====== Args={'value': 3, 'prev_value': None, 'change': True}
2026-02-16 09:26:56,528 : INFO : EventManager : Event: ======'machine_var_audits_missing_switches_s_55_fourbank_drop_1'====== Args={'value': 3, 'prev_value': None, 'change': True}
2026-02-16 09:26:56,529 : INFO : EventManager : Event: ======'machine_var_audits_missing_switches_s_56_fourbank_drop_2'====== Args={'value': 3, 'prev_value': None, 'change': True}
2026-02-16 09:26:56,529 : INFO : EventManager : Event: ======'machine_var_audits_missing_switches_s_57_fourbank_drop_3'====== Args={'value': 2, 'prev_value': None, 'change': True}
2026-02-16 09:26:56,529 : INFO : EventManager : Event: ======'machine_var_audits_missing_switches_s_58_fourbank_drop_4'====== Args={'value': 2, 'prev_value': None, 'change': True}
2026-02-16 09:26:56,529 : INFO : EventManager : Event: ======'machine_var_audits_missing_switches_s_59_saucer_right'====== Args={'value': 35, 'prev_value': None, 'change': True}
2026-02-16 09:26:56,529 : INFO : EventManager : Event: ======'machine_var_audits_missing_switches_s_59_threebank_drop_1'====== Args={'value': 2, 'prev_value': None, 'change': True}
2026-02-16 09:26:56,529 : INFO : EventManager : Event: ======'machine_var_audits_missing_switches_s_60_threebank_drop_2'====== Args={'value': 2, 'prev_value': None, 'change': True}
2026-02-16 09:26:56,529 : INFO : EventManager : Event: ======'machine_var_audits_missing_switches_s_60_top_lane_c'====== Args={'value': 1, 'prev_value': None, 'change': True}
2026-02-16 09:26:56,529 : INFO : EventManager : Event: ======'machine_var_audits_missing_switches_s_61_threebank_drop_3'====== Args={'value': 3, 'prev_value': None, 'change': True}
2026-02-16 09:26:56,529 : INFO : EventManager : Event: ======'machine_var_audits_missing_switches_s_61_top_lane_b'====== Args={'value': 13, 'prev_value': None, 'change': True}
2026-02-16 09:26:56,530 : INFO : EventManager : Event: ======'machine_var_audits_missing_switches_s_62_stand_up_target_1'====== Args={'value': 3, 'prev_value': None, 'change': True}
2026-02-16 09:26:56,530 : INFO : EventManager : Event: ======'machine_var_audits_missing_switches_s_62_top_lane_a'====== Args={'value': 17, 'prev_value': None, 'change': True}
2026-02-16 09:26:56,530 : INFO : EventManager : Event: ======'machine_var_audits_missing_switches_s_63_stand_up_target_2'====== Args={'value': 2, 'prev_value': None, 'change': True}
2026-02-16 09:26:56,530 : INFO : EventManager : Event: ======'machine_var_audits_missing_switches_s_63_stand_up_target_3'====== Args={'value': 1, 'prev_value': None, 'change': True}
2026-02-16 09:26:56,530 : INFO : EventManager : Event: ======'machine_var_audits_missing_switches_s_64_stand_up_target_3'====== Args={'value': 2, 'prev_value': None, 'change': True}
2026-02-16 09:26:56,530 : INFO : EventManager : Event: ======'machine_var_audits_missing_switches_s_65_stand_up_target_4'====== Args={'value': 3, 'prev_value': None, 'change': True}
2026-02-16 09:26:56,530 : INFO : EventManager : Event: ======'machine_var_audits_missing_switches_s_66_stand_up_target_5'====== Args={'value': 3, 'prev_value': None, 'change': True}
2026-02-16 09:26:56,530 : INFO : EventManager : Event: ======'machine_var_audits_missing_switches_s_67_stand_up_target_6'====== Args={'value': 3, 'prev_value': None, 'change': True}
2026-02-16 09:26:56,530 : INFO : EventManager : Event: ======'machine_var_audits_missing_switches_s_67_varitarget_poisition_4'====== Args={'value': 37, 'prev_value': None, 'change': True}
2026-02-16 09:26:56,530 : INFO : EventManager : Event: ======'machine_var_audits_missing_switches_s_68_stand_up_target_7'====== Args={'value': 2, 'prev_value': None, 'change': True}
2026-02-16 09:26:56,530 : INFO : EventManager : Event: ======'machine_var_audits_missing_switches_s_68_varitarget_poisition_5'====== Args={'value': 37, 'prev_value': None, 'change': True}
2026-02-16 09:26:56,530 : INFO : EventManager : Event: ======'machine_var_audits_missing_switches_s_69_stand_up_target_8'====== Args={'value': 1, 'prev_value': None, 'change': True}
2026-02-16 09:26:56,530 : INFO : EventManager : Event: ======'machine_var_audits_missing_switches_s_69_varitarget_poisition_6'====== Args={'value': 37, 'prev_value': None, 'change': True}
2026-02-16 09:26:56,530 : INFO : EventManager : Event: ======'machine_var_audits_missing_switches_s_70_stand_up_target_9'====== Args={'value': 3, 'prev_value': None, 'change': True}
2026-02-16 09:26:56,531 : INFO : EventManager : Event: ======'machine_var_audits_missing_switches_s_70_varitarget_poisition_7'====== Args={'value': 20, 'prev_value': None, 'change': True}
2026-02-16 09:26:56,531 : INFO : EventManager : Event: ======'machine_var_audits_missing_switches_s_71_spinner_left'====== Args={'value': 7, 'prev_value': None, 'change': True}
2026-02-16 09:26:56,531 : INFO : EventManager : Event: ======'machine_var_audits_missing_switches_s_71_stand_up_target_10'====== Args={'value': 3, 'prev_value': None, 'change': True}
2026-02-16 09:26:56,531 : INFO : EventManager : Event: ======'machine_var_audits_missing_switches_s_72_stand_up_target_11'====== Args={'value': 3, 'prev_value': None, 'change': True}
2026-02-16 09:26:56,531 : INFO : EventManager : Event: ======'machine_var_audits_missing_switches_s_73_fourbank_drop_1'====== Args={'value': 4, 'prev_value': None, 'change': True}
2026-02-16 09:26:56,531 : INFO : EventManager : Event: ======'machine_var_audits_missing_switches_s_74_fourbank_drop_2'====== Args={'value': 4, 'prev_value': None, 'change': True}
2026-02-16 09:26:56,531 : INFO : EventManager : Event: ======'machine_var_audits_missing_switches_s_75_fourbank_drop_3'====== Args={'value': 21, 'prev_value': None, 'change': True}
2026-02-16 09:26:56,531 : INFO : EventManager : Event: ======'machine_var_audits_missing_switches_s_76_fourbank_drop_4'====== Args={'value': 26, 'prev_value': None, 'change': True}
2026-02-16 09:26:56,531 : INFO : EventManager : Event: ======'machine_var_audits_missing_switches_s_77_threebank_drop_1'====== Args={'value': 20, 'prev_value': None, 'change': True}
2026-02-16 09:26:56,532 : INFO : EventManager : Event: ======'machine_var_audits_missing_switches_s_78_threebank_drop_2'====== Args={'value': 4, 'prev_value': None, 'change': True}
2026-02-16 09:26:56,532 : INFO : EventManager : Event: ======'machine_var_audits_missing_switches_s_79_threebank_drop_3'====== Args={'value': 13, 'prev_value': None, 'change': True}
2026-02-16 09:26:56,532 : INFO : EventManager : Event: ======'machine_var_audits_missing_switches_s_80_stand_up_target_2'====== Args={'value': 17, 'prev_value': None, 'change': True}
2026-02-16 09:26:56,532 : INFO : EventManager : Event: ======'machine_var_audits_missing_switches_s_81_saucer_left'====== Args={'value': 49, 'prev_value': None, 'change': True}
2026-02-16 09:26:56,532 : INFO : EventManager : Event: ======'machine_var_audits_missing_switches_s_82_stand_up_target_bank_1'====== Args={'value': 23, 'prev_value': None, 'change': True}
2026-02-16 09:26:56,532 : INFO : EventManager : Event: ======'machine_var_audits_missing_switches_s_83_stand_up_target_bank_2'====== Args={'value': 8, 'prev_value': None, 'change': True}
2026-02-16 09:26:56,532 : INFO : EventManager : Event: ======'machine_var_audits_missing_switches_s_84_stand_up_target_bank_3'====== Args={'value': 22, 'prev_value': None, 'change': True}
2026-02-16 09:26:56,532 : INFO : EventManager : Event: ======'machine_var_audits_missing_switches_s_85_stand_up_target_bank_4'====== Args={'value': 17, 'prev_value': None, 'change': True}
2026-02-16 09:26:56,532 : INFO : EventManager : Event: ======'machine_var_audits_missing_switches_s_86_stand_up_target_bank_5'====== Args={'value': 17, 'prev_value': None, 'change': True}
2026-02-16 09:26:56,532 : INFO : EventManager : Event: ======'machine_var_audits_missing_switches_s_87_stand_up_target_bank_6'====== Args={'value': 23, 'prev_value': None, 'change': True}
2026-02-16 09:26:56,532 : INFO : EventManager : Event: ======'machine_var_audits_missing_switches_s_8_left_flipper'====== Args={'value': 19, 'prev_value': None, 'change': True}
2026-02-16 09:26:56,532 : INFO : EventManager : Event: ======'machine_var_audits_player_score'====== Args={'value': {'average': 0, 'top': [0, 0, 0, 0, 0, 0, 0, 0, 0, 0], 'total': 10}, 'prev_value': None, 'change': True}
2026-02-16 09:26:56,532 : INFO : EventManager : Event: ======'machine_var_audits_switches_s_00_service_esc'====== Args={'value': 0, 'prev_value': None, 'change': True}
2026-02-16 09:26:56,532 : INFO : EventManager : Event: ======'machine_var_audits_switches_s_01_service_up'====== Args={'value': 0, 'prev_value': None, 'change': True}
2026-02-16 09:26:56,533 : INFO : EventManager : Event: ======'machine_var_audits_switches_s_02_service_down'====== Args={'value': 0, 'prev_value': None, 'change': True}
2026-02-16 09:26:56,533 : INFO : EventManager : Event: ======'machine_var_audits_switches_s_03_service_enter'====== Args={'value': 0, 'prev_value': None, 'change': True}
2026-02-16 09:26:56,533 : INFO : EventManager : Event: ======'machine_var_audits_switches_s_08_left_flipper'====== Args={'value': 35, 'prev_value': None, 'change': True}
2026-02-16 09:26:56,533 : INFO : EventManager : Event: ======'machine_var_audits_switches_s_0_service_esc'====== Args={'value': 0, 'prev_value': None, 'change': True}
2026-02-16 09:26:56,533 : INFO : EventManager : Event: ======'machine_var_audits_switches_s_11_start_button'====== Args={'value': 23, 'prev_value': None, 'change': True}
2026-02-16 09:26:56,533 : INFO : EventManager : Event: ======'machine_var_audits_switches_s_12_tilt_bob'====== Args={'value': 0, 'prev_value': None, 'change': True}
2026-02-16 09:26:56,533 : INFO : EventManager : Event: ======'machine_var_audits_switches_s_13_coin_door'====== Args={'value': 0, 'prev_value': None, 'change': True}
2026-02-16 09:26:56,533 : INFO : EventManager : Event: ======'machine_var_audits_switches_s_16_right_flipper'====== Args={'value': 641, 'prev_value': None, 'change': True}
2026-02-16 09:26:56,533 : INFO : EventManager : Event: ======'machine_var_audits_switches_s_17_right_flipper_upper'====== Args={'value': 537, 'prev_value': None, 'change': True}
2026-02-16 09:26:56,533 : INFO : EventManager : Event: ======'machine_var_audits_switches_s_19_cab_arrow_left'====== Args={'value': 0, 'prev_value': None, 'change': True}
2026-02-16 09:26:56,533 : INFO : EventManager : Event: ======'machine_var_audits_switches_s_1_service_up'====== Args={'value': 0, 'prev_value': None, 'change': True}
2026-02-16 09:26:56,533 : INFO : EventManager : Event: ======'machine_var_audits_switches_s_20_cab_arrow_right'====== Args={'value': 0, 'prev_value': None, 'change': True}
2026-02-16 09:26:56,533 : INFO : EventManager : Event: ======'machine_var_audits_switches_s_24_plunger_lane'====== Args={'value': 19, 'prev_value': None, 'change': True}
2026-02-16 09:26:56,533 : INFO : EventManager : Event: ======'machine_var_audits_switches_s_24_trough_1'====== Args={'value': 59, 'prev_value': None, 'change': True}
2026-02-16 09:26:56,534 : INFO : EventManager : Event: ======'machine_var_audits_switches_s_25_trough_2'====== Args={'value': 51, 'prev_value': None, 'change': True}
2026-02-16 09:26:56,534 : INFO : EventManager : Event: ======'machine_var_audits_switches_s_25_trough_jam'====== Args={'value': 3, 'prev_value': None, 'change': True}
2026-02-16 09:26:56,534 : INFO : EventManager : Event: ======'machine_var_audits_switches_s_26_trough_1'====== Args={'value': 21, 'prev_value': None, 'change': True}
2026-02-16 09:26:56,534 : INFO : EventManager : Event: ======'machine_var_audits_switches_s_26_trough_3'====== Args={'value': 48, 'prev_value': None, 'change': True}
2026-02-16 09:26:56,534 : INFO : EventManager : Event: ======'machine_var_audits_switches_s_27_trough_2'====== Args={'value': 19, 'prev_value': None, 'change': True}
2026-02-16 09:26:56,534 : INFO : EventManager : Event: ======'machine_var_audits_switches_s_27_trough_4'====== Args={'value': 40, 'prev_value': None, 'change': True}
2026-02-16 09:26:56,534 : INFO : EventManager : Event: ======'machine_var_audits_switches_s_28_trough_3'====== Args={'value': 2, 'prev_value': None, 'change': True}
2026-02-16 09:26:56,534 : INFO : EventManager : Event: ======'machine_var_audits_switches_s_28_trough_5'====== Args={'value': 42, 'prev_value': None, 'change': True}
2026-02-16 09:26:56,534 : INFO : EventManager : Event: ======'machine_var_audits_switches_s_29_trough_4'====== Args={'value': 2, 'prev_value': None, 'change': True}
2026-02-16 09:26:56,534 : INFO : EventManager : Event: ======'machine_var_audits_switches_s_29_trough_6'====== Args={'value': 60, 'prev_value': None, 'change': True}
2026-02-16 09:26:56,534 : INFO : EventManager : Event: ======'machine_var_audits_switches_s_2_service_down'====== Args={'value': 0, 'prev_value': None, 'change': True}
2026-02-16 09:26:56,534 : INFO : EventManager : Event: ======'machine_var_audits_switches_s_30_trough_jam'====== Args={'value': 94, 'prev_value': None, 'change': True}
2026-02-16 09:26:56,534 : INFO : EventManager : Event: ======'machine_var_audits_switches_s_31_plunger_lane'====== Args={'value': 96, 'prev_value': None, 'change': True}
2026-02-16 09:26:56,534 : INFO : EventManager : Event: ======'machine_var_audits_switches_s_32_right_inlane'====== Args={'value': 13, 'prev_value': None, 'change': True}
2026-02-16 09:26:56,535 : INFO : EventManager : Event: ======'machine_var_audits_switches_s_33_right_outlane'====== Args={'value': 1, 'prev_value': None, 'change': True}
2026-02-16 09:26:56,535 : INFO : EventManager : Event: ======'machine_var_audits_switches_s_34_right_sling'====== Args={'value': 634, 'prev_value': None, 'change': True}
2026-02-16 09:26:56,535 : INFO : EventManager : Event: ======'machine_var_audits_switches_s_35_left_inlane'====== Args={'value': 46, 'prev_value': None, 'change': True}
2026-02-16 09:26:56,535 : INFO : EventManager : Event: ======'machine_var_audits_switches_s_36_left_outlane'====== Args={'value': 269, 'prev_value': None, 'change': True}
2026-02-16 09:26:56,535 : INFO : EventManager : Event: ======'machine_var_audits_switches_s_37_left_sling'====== Args={'value': 176, 'prev_value': None, 'change': True}
2026-02-16 09:26:56,535 : INFO : EventManager : Event: ======'machine_var_audits_switches_s_38_star_rollover_bottom'====== Args={'value': 0, 'prev_value': None, 'change': True}
2026-02-16 09:26:56,535 : INFO : EventManager : Event: ======'machine_var_audits_switches_s_38_top_lane_a'====== Args={'value': 0, 'prev_value': None, 'change': True}
2026-02-16 09:26:56,535 : INFO : EventManager : Event: ======'machine_var_audits_switches_s_39_star_rollover_top'====== Args={'value': 13, 'prev_value': None, 'change': True}
2026-02-16 09:26:56,535 : INFO : EventManager : Event: ======'machine_var_audits_switches_s_39_top_lane_b'====== Args={'value': 0, 'prev_value': None, 'change': True}
2026-02-16 09:26:56,535 : INFO : EventManager : Event: ======'machine_var_audits_switches_s_3_service_enter'====== Args={'value': 0, 'prev_value': None, 'change': True}
2026-02-16 09:26:56,535 : INFO : EventManager : Event: ======'machine_var_audits_switches_s_40_stand_up_target_5'====== Args={'value': 2, 'prev_value': None, 'change': True}
2026-02-16 09:26:56,535 : INFO : EventManager : Event: ======'machine_var_audits_switches_s_40_stand_up_target_7'====== Args={'value': 26, 'prev_value': None, 'change': True}
2026-02-16 09:26:56,535 : INFO : EventManager : Event: ======'machine_var_audits_switches_s_40_top_lane_c'====== Args={'value': 0, 'prev_value': None, 'change': True}
2026-02-16 09:26:56,536 : INFO : EventManager : Event: ======'machine_var_audits_switches_s_41_pop_bumper_1'====== Args={'value': 1, 'prev_value': None, 'change': True}
2026-02-16 09:26:56,536 : INFO : EventManager : Event: ======'machine_var_audits_switches_s_41_stand_up_target_6'====== Args={'value': 7, 'prev_value': None, 'change': True}
2026-02-16 09:26:56,536 : INFO : EventManager : Event: ======'machine_var_audits_switches_s_41_stand_up_target_8'====== Args={'value': 32, 'prev_value': None, 'change': True}
2026-02-16 09:26:56,536 : INFO : EventManager : Event: ======'machine_var_audits_switches_s_42_pop_bumper_2'====== Args={'value': 0, 'prev_value': None, 'change': True}
2026-02-16 09:26:56,536 : INFO : EventManager : Event: ======'machine_var_audits_switches_s_42_stand_up_target_1'====== Args={'value': 4, 'prev_value': None, 'change': True}
2026-02-16 09:26:56,536 : INFO : EventManager : Event: ======'machine_var_audits_switches_s_42_stand_up_target_9'====== Args={'value': 69, 'prev_value': None, 'change': True}
2026-02-16 09:26:56,536 : INFO : EventManager : Event: ======'machine_var_audits_switches_s_43_pop_bumper_3'====== Args={'value': 16, 'prev_value': None, 'change': True}
2026-02-16 09:26:56,536 : INFO : EventManager : Event: ======'machine_var_audits_switches_s_43_stand_up_target_10'====== Args={'value': 40, 'prev_value': None, 'change': True}
2026-02-16 09:26:56,536 : INFO : EventManager : Event: ======'machine_var_audits_switches_s_43_stand_up_target_4'====== Args={'value': 2, 'prev_value': None, 'change': True}
2026-02-16 09:26:56,536 : INFO : EventManager : Event: ======'machine_var_audits_switches_s_44_spinner_left'====== Args={'value': 8, 'prev_value': None, 'change': True}
2026-02-16 09:26:56,536 : INFO : EventManager : Event: ======'machine_var_audits_switches_s_44_spinner_right'====== Args={'value': 185, 'prev_value': None, 'change': True}
2026-02-16 09:26:56,536 : INFO : EventManager : Event: ======'machine_var_audits_switches_s_45_spinner_right'====== Args={'value': 0, 'prev_value': None, 'change': True}
2026-02-16 09:26:56,536 : INFO : EventManager : Event: ======'machine_var_audits_switches_s_45_varitarget_poisition_1'====== Args={'value': 0, 'prev_value': None, 'change': True}
2026-02-16 09:26:56,537 : INFO : EventManager : Event: ======'machine_var_audits_switches_s_46_varitarget_poisition_2'====== Args={'value': 0, 'prev_value': None, 'change': True}
2026-02-16 09:26:56,537 : INFO : EventManager : Event: ======'machine_var_audits_switches_s_47_varitarget_poisition_3'====== Args={'value': 0, 'prev_value': None, 'change': True}
2026-02-16 09:26:56,537 : INFO : EventManager : Event: ======'machine_var_audits_switches_s_48_varitarget_poisition_4'====== Args={'value': 0, 'prev_value': None, 'change': True}
2026-02-16 09:26:56,537 : INFO : EventManager : Event: ======'machine_var_audits_switches_s_49_varitarget_poisition_5'====== Args={'value': 0, 'prev_value': None, 'change': True}
2026-02-16 09:26:56,537 : INFO : EventManager : Event: ======'machine_var_audits_switches_s_50_saucer_left'====== Args={'value': 0, 'prev_value': None, 'change': True}
2026-02-16 09:26:56,537 : INFO : EventManager : Event: ======'machine_var_audits_switches_s_51_saucer_right'====== Args={'value': 2, 'prev_value': None, 'change': True}
2026-02-16 09:26:56,537 : INFO : EventManager : Event: ======'machine_var_audits_switches_s_52_star_rollover_top'====== Args={'value': 0, 'prev_value': None, 'change': True}
2026-02-16 09:26:56,537 : INFO : EventManager : Event: ======'machine_var_audits_switches_s_53_star_rollover_bottom'====== Args={'value': 0, 'prev_value': None, 'change': True}
2026-02-16 09:26:56,537 : INFO : EventManager : Event: ======'machine_var_audits_switches_s_54_single_drop_1'====== Args={'value': 0, 'prev_value': None, 'change': True}
2026-02-16 09:26:56,537 : INFO : EventManager : Event: ======'machine_var_audits_switches_s_55_fourbank_drop_1'====== Args={'value': 0, 'prev_value': None, 'change': True}
2026-02-16 09:26:56,537 : INFO : EventManager : Event: ======'machine_var_audits_switches_s_56_fourbank_drop_2'====== Args={'value': 0, 'prev_value': None, 'change': True}
2026-02-16 09:26:56,537 : INFO : EventManager : Event: ======'machine_var_audits_switches_s_56_pop_bumper_right'====== Args={'value': 64, 'prev_value': None, 'change': True}
2026-02-16 09:26:56,537 : INFO : EventManager : Event: ======'machine_var_audits_switches_s_57_fourbank_drop_3'====== Args={'value': 1, 'prev_value': None, 'change': True}
2026-02-16 09:26:56,538 : INFO : EventManager : Event: ======'machine_var_audits_switches_s_57_pop_bumper_center'====== Args={'value': 171, 'prev_value': None, 'change': True}
2026-02-16 09:26:56,538 : INFO : EventManager : Event: ======'machine_var_audits_switches_s_58_fourbank_drop_4'====== Args={'value': 1, 'prev_value': None, 'change': True}
2026-02-16 09:26:56,538 : INFO : EventManager : Event: ======'machine_var_audits_switches_s_58_pop_bumper_left'====== Args={'value': 114, 'prev_value': None, 'change': True}
2026-02-16 09:26:56,538 : INFO : EventManager : Event: ======'machine_var_audits_switches_s_59_saucer_right'====== Args={'value': 7, 'prev_value': None, 'change': True}
2026-02-16 09:26:56,538 : INFO : EventManager : Event: ======'machine_var_audits_switches_s_59_threebank_drop_1'====== Args={'value': 1, 'prev_value': None, 'change': True}
2026-02-16 09:26:56,538 : INFO : EventManager : Event: ======'machine_var_audits_switches_s_60_threebank_drop_2'====== Args={'value': 1, 'prev_value': None, 'change': True}
2026-02-16 09:26:56,538 : INFO : EventManager : Event: ======'machine_var_audits_switches_s_60_top_lane_c'====== Args={'value': 69, 'prev_value': None, 'change': True}
2026-02-16 09:26:56,538 : INFO : EventManager : Event: ======'machine_var_audits_switches_s_61_threebank_drop_3'====== Args={'value': 0, 'prev_value': None, 'change': True}
2026-02-16 09:26:56,538 : INFO : EventManager : Event: ======'machine_var_audits_switches_s_61_top_lane_b'====== Args={'value': 31, 'prev_value': None, 'change': True}
2026-02-16 09:26:56,538 : INFO : EventManager : Event: ======'machine_var_audits_switches_s_62_stand_up_target_1'====== Args={'value': 0, 'prev_value': None, 'change': True}
2026-02-16 09:26:56,538 : INFO : EventManager : Event: ======'machine_var_audits_switches_s_62_top_lane_a'====== Args={'value': 124, 'prev_value': None, 'change': True}
2026-02-16 09:26:56,538 : INFO : EventManager : Event: ======'machine_var_audits_switches_s_63_stand_up_target_11'====== Args={'value': 43, 'prev_value': None, 'change': True}
2026-02-16 09:26:56,539 : INFO : EventManager : Event: ======'machine_var_audits_switches_s_63_stand_up_target_2'====== Args={'value': 1, 'prev_value': None, 'change': True}
2026-02-16 09:26:56,539 : INFO : EventManager : Event: ======'machine_var_audits_switches_s_63_stand_up_target_3'====== Args={'value': 9, 'prev_value': None, 'change': True}
2026-02-16 09:26:56,539 : INFO : EventManager : Event: ======'machine_var_audits_switches_s_64_stand_up_target_3'====== Args={'value': 1, 'prev_value': None, 'change': True}
2026-02-16 09:26:56,539 : INFO : EventManager : Event: ======'machine_var_audits_switches_s_64_varitarget_poisition_1'====== Args={'value': 954, 'prev_value': None, 'change': True}
2026-02-16 09:26:56,539 : INFO : EventManager : Event: ======'machine_var_audits_switches_s_65_stand_up_target_4'====== Args={'value': 0, 'prev_value': None, 'change': True}
2026-02-16 09:26:56,539 : INFO : EventManager : Event: ======'machine_var_audits_switches_s_65_varitarget_poisition_2'====== Args={'value': 14, 'prev_value': None, 'change': True}
2026-02-16 09:26:56,539 : INFO : EventManager : Event: ======'machine_var_audits_switches_s_66_stand_up_target_5'====== Args={'value': 0, 'prev_value': None, 'change': True}
2026-02-16 09:26:56,539 : INFO : EventManager : Event: ======'machine_var_audits_switches_s_66_varitarget_poisition_3'====== Args={'value': 9, 'prev_value': None, 'change': True}
2026-02-16 09:26:56,539 : INFO : EventManager : Event: ======'machine_var_audits_switches_s_67_stand_up_target_6'====== Args={'value': 0, 'prev_value': None, 'change': True}
2026-02-16 09:26:56,539 : INFO : EventManager : Event: ======'machine_var_audits_switches_s_67_varitarget_poisition_4'====== Args={'value': 11, 'prev_value': None, 'change': True}
2026-02-16 09:26:56,539 : INFO : EventManager : Event: ======'machine_var_audits_switches_s_68_stand_up_target_7'====== Args={'value': 1, 'prev_value': None, 'change': True}
2026-02-16 09:26:56,539 : INFO : EventManager : Event: ======'machine_var_audits_switches_s_68_varitarget_poisition_5'====== Args={'value': 5, 'prev_value': None, 'change': True}
2026-02-16 09:26:56,539 : INFO : EventManager : Event: ======'machine_var_audits_switches_s_69_stand_up_target_8'====== Args={'value': 2, 'prev_value': None, 'change': True}
2026-02-16 09:26:56,540 : INFO : EventManager : Event: ======'machine_var_audits_switches_s_69_varitarget_poisition_6'====== Args={'value': 4, 'prev_value': None, 'change': True}
2026-02-16 09:26:56,540 : INFO : EventManager : Event: ======'machine_var_audits_switches_s_70_stand_up_target_9'====== Args={'value': 0, 'prev_value': None, 'change': True}
2026-02-16 09:26:56,540 : INFO : EventManager : Event: ======'machine_var_audits_switches_s_70_varitarget_poisition_7'====== Args={'value': 66, 'prev_value': None, 'change': True}
2026-02-16 09:26:56,540 : INFO : EventManager : Event: ======'machine_var_audits_switches_s_71_spinner_left'====== Args={'value': 2109, 'prev_value': None, 'change': True}
2026-02-16 09:26:56,540 : INFO : EventManager : Event: ======'machine_var_audits_switches_s_71_stand_up_target_10'====== Args={'value': 0, 'prev_value': None, 'change': True}
2026-02-16 09:26:56,540 : INFO : EventManager : Event: ======'machine_var_audits_switches_s_72_single_drop_1'====== Args={'value': 44, 'prev_value': None, 'change': True}
2026-02-16 09:26:56,540 : INFO : EventManager : Event: ======'machine_var_audits_switches_s_72_stand_up_target_11'====== Args={'value': 0, 'prev_value': None, 'change': True}
2026-02-16 09:26:56,540 : INFO : EventManager : Event: ======'machine_var_audits_switches_s_73_fourbank_drop_1'====== Args={'value': 253, 'prev_value': None, 'change': True}
2026-02-16 09:26:56,540 : INFO : EventManager : Event: ======'machine_var_audits_switches_s_74_fourbank_drop_2'====== Args={'value': 96, 'prev_value': None, 'change': True}
2026-02-16 09:26:56,540 : INFO : EventManager : Event: ======'machine_var_audits_switches_s_75_fourbank_drop_3'====== Args={'value': 99, 'prev_value': None, 'change': True}
2026-02-16 09:26:56,540 : INFO : EventManager : Event: ======'machine_var_audits_switches_s_76_fourbank_drop_4'====== Args={'value': 3, 'prev_value': None, 'change': True}
2026-02-16 09:26:56,540 : INFO : EventManager : Event: ======'machine_var_audits_switches_s_77_threebank_drop_1'====== Args={'value': 93, 'prev_value': None, 'change': True}
2026-02-16 09:26:56,541 : INFO : EventManager : Event: ======'machine_var_audits_switches_s_78_threebank_drop_2'====== Args={'value': 1275, 'prev_value': None, 'change': True}
2026-02-16 09:26:56,541 : INFO : EventManager : Event: ======'machine_var_audits_switches_s_79_threebank_drop_3'====== Args={'value': 307, 'prev_value': None, 'change': True}
2026-02-16 09:26:56,541 : INFO : EventManager : Event: ======'machine_var_audits_switches_s_80_stand_up_target_1'====== Args={'value': 72, 'prev_value': None, 'change': True}
2026-02-16 09:26:56,541 : INFO : EventManager : Event: ======'machine_var_audits_switches_s_80_stand_up_target_2'====== Args={'value': 0, 'prev_value': None, 'change': True}
2026-02-16 09:26:56,541 : INFO : EventManager : Event: ======'machine_var_audits_switches_s_81_saucer_left'====== Args={'value': 13, 'prev_value': None, 'change': True}
2026-02-16 09:26:56,541 : INFO : EventManager : Event: ======'machine_var_audits_switches_s_82_stand_up_target_bank_1'====== Args={'value': 25, 'prev_value': None, 'change': True}
2026-02-16 09:26:56,541 : INFO : EventManager : Event: ======'machine_var_audits_switches_s_83_stand_up_target_bank_2'====== Args={'value': 56, 'prev_value': None, 'change': True}
2026-02-16 09:26:56,541 : INFO : EventManager : Event: ======'machine_var_audits_switches_s_84_stand_up_target_bank_3'====== Args={'value': 41, 'prev_value': None, 'change': True}
2026-02-16 09:26:56,541 : INFO : EventManager : Event: ======'machine_var_audits_switches_s_85_stand_up_target_bank_4'====== Args={'value': 56, 'prev_value': None, 'change': True}
2026-02-16 09:26:56,541 : INFO : EventManager : Event: ======'machine_var_audits_switches_s_86_stand_up_target_bank_5'====== Args={'value': 215, 'prev_value': None, 'change': True}
2026-02-16 09:26:56,541 : INFO : EventManager : Event: ======'machine_var_audits_switches_s_87_stand_up_target_bank_6'====== Args={'value': 142, 'prev_value': None, 'change': True}
2026-02-16 09:26:56,541 : INFO : EventManager : Event: ======'machine_var_audits_switches_s_8_left_flipper'====== Args={'value': 455, 'prev_value': None, 'change': True}
2026-02-16 09:26:56,542 : INFO : EventManager : Event: ======'init_phase_5'====== Args={}
2026-02-16 09:26:56,581 : INFO : EventManager : Event: ======'init_done'====== Args={}
2026-02-16 09:26:56,582 : INFO : EventManager : Event: ======'machine_reset_phase_1'====== Args={}
2026-02-16 09:26:56,591 : INFO : EventManager : Event: ======'machine_reset_phase_2'====== Args={}
2026-02-16 09:26:56,591 : INFO : EventManager : Event: ======'machine_reset_phase_3'====== Args={}
2026-02-16 09:26:56,591 : INFO : drop_target_bank.dt_bank_1_4 : All targets are already up. Will not reset bank.
2026-02-16 09:26:56,591 : INFO : drop_target_bank.dt_bank_5_7 : All targets are already up. Will not reset bank.
2026-02-16 09:26:56,591 : INFO : EventManager : Event: ======'reset_complete'====== Args={}
2026-02-16 09:26:56,591 : INFO : EventManager : Event: ======'mode_attract_will_start'====== Args={}
2026-02-16 09:26:56,592 : INFO : Timer.attract_carousel_timer : Starting Timer.
2026-02-16 09:26:56,592 : INFO : EventManager : Event: ======'timer_attract_carousel_timer_started'====== Args={'ticks': 0, 'ticks_remaining': 1}
2026-02-16 09:26:56,592 : INFO : EventManager : Event: ======'timer_attract_carousel_timer_tick'====== Args={'ticks': 0, 'ticks_remaining': 1}
2026-02-16 09:26:56,592 : INFO : EventManager : Event: ======'mode_attract_starting'====== Args={}
2026-02-16 09:26:56,593 : INFO : Mode.attract : Started. Priority: 10
2026-02-16 09:26:56,593 : INFO : EventManager : Event: ======'modes_active_modes_changed'====== Args={}
2026-02-16 09:26:56,593 : INFO : EventManager : Event: ======'mode_attract_started'====== Args={}
2026-02-16 09:26:56,593 : INFO : EventManager : Event: ======'collecting_balls_complete'====== Args={}
2026-02-16 09:26:56,593 : INFO : EventManager : Event: ======'carousel_item_highlighted'====== Args={'carousel': 'attract', 'direction': None, 'item': 'title'}
2026-02-16 09:26:56,615 : INFO : Machine : Starting the main run loop with active modes: [<Mode.attract>]
2026-02-16 09:26:56,634 : INFO : EventManager : Event: ======'slide_attract_created'====== Args={'_from_bcp': True}
2026-02-16 09:26:56,635 : INFO : EventManager : Event: ======'slide__removed'====== Args={'_from_bcp': True}
2026-02-16 09:26:56,635 : INFO : EventManager : Event: ======'slide_attract_active'====== Args={'original_context': 'attract', 'original_calling_context': 'mode_attract_started', 'priority': 10.0, 'cmd': 'slides_play', '_from_bcp': True}
2026-02-16 09:26:58,915 : INFO : EventManager : Event: ======'test_trip_single'====== Args={'_from_bcp': True}
2026-02-16 09:26:58,915 : INFO : coil.c_30_single_drop_1_trip : Pulsing Driver for 40ms (1.0 pulse_power)
2026-02-16 09:26:59,196 : INFO : EventManager : Event: ======'test_reset_single'====== Args={'_from_bcp': True}
2026-02-16 09:26:59,197 : INFO : coil.c_31_single_drop_1_reset : Pulsing Driver for 20ms (1.0 pulse_power)
2026-02-16 09:26:59,513 : INFO : EventManager : Event: ======'test_trip_single'====== Args={'_from_bcp': True}
2026-02-16 09:26:59,513 : INFO : coil.c_30_single_drop_1_trip : Pulsing Driver for 40ms (1.0 pulse_power)
2026-02-16 09:26:59,746 : INFO : EventManager : Event: ======'test_reset_single'====== Args={'_from_bcp': True}
2026-02-16 09:26:59,747 : INFO : coil.c_31_single_drop_1_reset : Pulsing Driver for 20ms (1.0 pulse_power)
2026-02-16 09:27:01,597 : INFO : Timer.attract_carousel_timer : Timer Complete
2026-02-16 09:27:01,597 : INFO : Timer.attract_carousel_timer : Stopping Timer
2026-02-16 09:27:01,597 : INFO : EventManager : Event: ======'timer_attract_carousel_timer_stopped'====== Args={'ticks': 1, 'ticks_remaining': 1}
2026-02-16 09:27:01,597 : INFO : EventManager : Event: ======'timer_attract_carousel_timer_complete'====== Args={'ticks': 1, 'ticks_remaining': 1}
2026-02-16 09:27:01,597 : INFO : EventManager : Event: ======'carousel_item_highlighted'====== Args={'carousel': 'attract', 'direction': 'forwards', 'item': 'credits'}
2026-02-16 09:27:07,413 : INFO : EventManager : Event: ======'test_trip_single'====== Args={'_from_bcp': True}
2026-02-16 09:27:07,413 : INFO : coil.c_30_single_drop_1_trip : Pulsing Driver for 40ms (1.0 pulse_power)
2026-02-16 09:27:07,597 : INFO : EventManager : Event: ======'test_reset_single'====== Args={'_from_bcp': True}
2026-02-16 09:27:07,597 : INFO : coil.c_31_single_drop_1_reset : Pulsing Driver for 20ms (1.0 pulse_power)
2026-02-16 09:27:07,782 : INFO : EventManager : Event: ======'test_trip_single'====== Args={'_from_bcp': True}
2026-02-16 09:27:07,782 : INFO : coil.c_30_single_drop_1_trip : Pulsing Driver for 40ms (1.0 pulse_power)
2026-02-16 09:27:07,946 : INFO : EventManager : Event: ======'test_reset_single'====== Args={'_from_bcp': True}
2026-02-16 09:27:07,947 : INFO : coil.c_31_single_drop_1_reset : Pulsing Driver for 20ms (1.0 pulse_power)
2026-02-16 09:27:08,063 : INFO : EventManager : Event: ======'test_trip_single'====== Args={'_from_bcp': True}
2026-02-16 09:27:08,063 : INFO : coil.c_30_single_drop_1_trip : Pulsing Driver for 40ms (1.0 pulse_power)
2026-02-16 09:27:08,280 : INFO : EventManager : Event: ======'test_reset_single'====== Args={'_from_bcp': True}
2026-02-16 09:27:08,280 : INFO : coil.c_31_single_drop_1_reset : Pulsing Driver for 20ms (1.0 pulse_power)
2026-02-16 09:27:08,380 : INFO : EventManager : Event: ======'test_trip_single'====== Args={'_from_bcp': True}
2026-02-16 09:27:08,380 : INFO : coil.c_30_single_drop_1_trip : Pulsing Driver for 40ms (1.0 pulse_power)
2026-02-16 09:27:09,480 : INFO : EventManager : Event: ======'test_plunger'====== Args={'_from_bcp': True}
2026-02-16 09:27:09,480 : INFO : coil.c_01_plunger : Pulsing Driver for 10ms (1.0 pulse_power)
2026-02-16 09:27:09,580 : INFO : EventManager : Event: ======'test_trough_eject'====== Args={'_from_bcp': True}
2026-02-16 09:27:09,580 : INFO : coil.c_02_trough_eject : Pulsing Driver for 30ms (1.0 pulse_power)
2026-02-16 09:27:10,330 : INFO : SwitchController : <<<<<<< 's_16_right_flipper' active >>>>>>>
2026-02-16 09:27:10,330 : INFO : EventManager : Event: ======'s_16_right_flipper_active'====== Args={}
2026-02-16 09:27:10,330 : INFO : EventManager : Event: ======'carousel_item_highlighted'====== Args={'carousel': 'attract', 'direction': 'forwards', 'item': 'mpf_logo'}
2026-02-16 09:27:10,380 : INFO : SwitchController : <<<<<<< 's_08_left_flipper' active >>>>>>>
2026-02-16 09:27:10,380 : INFO : EventManager : Event: ======'s_08_left_flipper_active'====== Args={}
2026-02-16 09:27:10,380 : INFO : EventManager : Event: ======'flipper_cancel'====== Args={'triggering_group': 1, 'triggering_switch': 's_08_left_flipper'}
2026-02-16 09:27:10,380 : INFO : EventManager : Event: ======'carousel_item_highlighted'====== Args={'carousel': 'attract', 'direction': 'backwards', 'item': 'credits'}
2026-02-16 09:27:10,413 : INFO : SwitchController : <<<<<<< 's_16_right_flipper' inactive >>>>>>>
2026-02-16 09:27:10,413 : INFO : EventManager : Event: ======'both_flippers_one'====== Args={'triggering_group': 2, 'triggering_switch': 's_16_right_flipper'}
2026-02-16 09:27:10,480 : INFO : SwitchController : <<<<<<< 's_08_left_flipper' inactive >>>>>>>
2026-02-16 09:27:10,480 : INFO : EventManager : Event: ======'both_flippers_inactive'====== Args={'triggering_group': 1, 'triggering_switch': 's_08_left_flipper'}
2026-02-16 09:27:34,363 : INFO : EventManager : Event: ======'test_trip_dt1'====== Args={'_from_bcp': True}
2026-02-16 09:27:34,363 : INFO : coil.c_33_fourbank_drop_1_trip : Pulsing Driver for 1ms (1.0 pulse_power)
2026-02-16 09:27:34,680 : INFO : EventManager : Event: ======'test_trip_dt2'====== Args={'_from_bcp': True}
2026-02-16 09:27:34,680 : INFO : coil.c_34_fourbank_drop_2_trip : Pulsing Driver for 1ms (1.0 pulse_power)
2026-02-16 09:27:34,946 : INFO : EventManager : Event: ======'test_trip_dt3'====== Args={'_from_bcp': True}
2026-02-16 09:27:34,947 : INFO : coil.c_35_fourbank_drop_3_trip : Pulsing Driver for 1ms (1.0 pulse_power)
2026-02-16 09:27:35,546 : INFO : EventManager : Event: ======'test_trip_dt3'====== Args={'_from_bcp': True}
2026-02-16 09:27:35,547 : INFO : coil.c_35_fourbank_drop_3_trip : Pulsing Driver for 1ms (1.0 pulse_power)
2026-02-16 09:27:35,863 : INFO : EventManager : Event: ======'test_trip_dt2'====== Args={'_from_bcp': True}
2026-02-16 09:27:35,863 : INFO : coil.c_34_fourbank_drop_2_trip : Pulsing Driver for 1ms (1.0 pulse_power)
2026-02-16 09:27:36,530 : INFO : EventManager : Event: ======'test_trip_dt4'====== Args={'_from_bcp': True}
2026-02-16 09:27:36,530 : INFO : coil.c_36_fourbank_drop_4_trip : Pulsing Driver for 1ms (1.0 pulse_power)
2026-02-16 09:27:36,946 : INFO : EventManager : Event: ======'test_trip_dt5'====== Args={'_from_bcp': True}
2026-02-16 09:27:36,947 : INFO : coil.c_37_threebank_drop_1_trip : Pulsing Driver for 1ms (1.0 pulse_power)
2026-02-16 09:27:48,163 : INFO : EventManager : Event: ======'test_trip_dt1'====== Args={'_from_bcp': True}
2026-02-16 09:27:48,163 : INFO : coil.c_33_fourbank_drop_1_trip : Pulsing Driver for 1ms (1.0 pulse_power)
2026-02-16 09:27:48,363 : INFO : EventManager : Event: ======'test_trip_dt2'====== Args={'_from_bcp': True}
2026-02-16 09:27:48,363 : INFO : coil.c_34_fourbank_drop_2_trip : Pulsing Driver for 1ms (1.0 pulse_power)
2026-02-16 09:27:48,896 : INFO : EventManager : Event: ======'test_trip_dt3'====== Args={'_from_bcp': True}
2026-02-16 09:27:48,897 : INFO : coil.c_35_fourbank_drop_3_trip : Pulsing Driver for 1ms (1.0 pulse_power)
2026-02-16 09:27:52,296 : INFO : EventManager : Event: ======'test_trip_dt1'====== Args={'_from_bcp': True}
2026-02-16 09:27:52,297 : INFO : coil.c_33_fourbank_drop_1_trip : Pulsing Driver for 1ms (1.0 pulse_power)
2026-02-16 09:27:52,530 : INFO : EventManager : Event: ======'test_trip_dt2'====== Args={'_from_bcp': True}
2026-02-16 09:27:52,530 : INFO : coil.c_34_fourbank_drop_2_trip : Pulsing Driver for 1ms (1.0 pulse_power)
2026-02-16 09:27:52,765 : INFO : EventManager : Event: ======'test_trip_dt3'====== Args={'_from_bcp': True}
2026-02-16 09:27:52,767 : INFO : coil.c_35_fourbank_drop_3_trip : Pulsing Driver for 1ms (1.0 pulse_power)
2026-02-16 09:27:53,030 : INFO : EventManager : Event: ======'test_trip_dt4'====== Args={'_from_bcp': True}
2026-02-16 09:27:53,030 : INFO : coil.c_36_fourbank_drop_4_trip : Pulsing Driver for 1ms (1.0 pulse_power)
2026-02-16 09:28:30,340 : INFO : Machine : Shutting down...
2026-02-16 09:28:30,340 : INFO : EventManager : Event: ======'shutdown'====== Args={}
2026-02-16 09:28:30,346 : INFO : root : MPF run loop ended.
