2026-02-13 18:15:27,361 : INFO : root : Loading config.
2026-02-13 18:15:27,361 : INFO : YamlMultifileConfigLoader : Machine config file #1: config.yaml
2026-02-13 18:15:27,361 : INFO : ConfigProcessor : Loading config from cache: C:\Users\tl\AppData\Local\Temp\86f932e179f318f5dae29f066573dee9.mpf_cache
2026-02-13 18:15:27,454 : DEBUG : YamlMultifileConfigLoader : Loading mode attract from C:\mpf\Lib\site-packages\mpf\modes\attract\config\attract.yaml
2026-02-13 18:15:27,454 : DEBUG : YamlMultifileConfigLoader : Loading mode attract from C:\mpf\Lib\site-packages\mpf\modes\attract\config\attract.yaml
2026-02-13 18:15:27,454 : INFO : ConfigProcessor : Loading config from cache: C:\Users\tl\AppData\Local\Temp\5e7e3dd8e04e0aa46ea76018297218da.mpf_cache
2026-02-13 18:15:27,454 : DEBUG : YamlMultifileConfigLoader : Loading mode game from C:\mpf\Lib\site-packages\mpf\modes\game\config\game.yaml
2026-02-13 18:15:27,454 : INFO : ConfigProcessor : Loading config from cache: C:\Users\tl\AppData\Local\Temp\af6ad0dab2f43bd9cbdac83e0b2786ac.mpf_cache
2026-02-13 18:15:27,454 : DEBUG : YamlMultifileConfigLoader : Loading mode attract from C:\mpf\Lib\site-packages\mpf\modes\attract\config\attract.yaml
2026-02-13 18:15:27,454 : DEBUG : YamlMultifileConfigLoader : Loading mode attract from C:\mpf\Lib\site-packages\mpf\modes\attract\config\attract.yaml
2026-02-13 18:15:27,454 : INFO : ConfigProcessor : Loading config from cache: C:\Users\tl\AppData\Local\Temp\5e7e3dd8e04e0aa46ea76018297218da.mpf_cache
2026-02-13 18:15:27,454 : DEBUG : YamlMultifileConfigLoader : Loading mode service from C:\mpf\Lib\site-packages\mpf\modes\service\config\service.yaml
2026-02-13 18:15:27,454 : INFO : ConfigProcessor : Loading config from cache: C:\Users\tl\AppData\Local\Temp\5d3b5ebc494e9a7257164cf172f94bef.mpf_cache
2026-02-13 18:15:27,470 : INFO : ConfigProcessor : Loading config from cache: C:\Users\tl\AppData\Local\Temp\5d4a31ba12353a8d97b779019117e810.mpf_cache
2026-02-13 18:15:27,470 : INFO : Machine : Mission Pinball Framework Core Engine v0.80.0.dev12
2026-02-13 18:15:27,470 : INFO : Machine : Command line arguments: {'no_load_cache': False, 'create_config_cache': True, 'bcp': False, 'configfile': ['config.yaml'], 'force_assets_load': False, 'platform_integration_test': False, 'jsonlogging': False, 'logfile': 'logs\\2026-02-13-18-15-27-mpf-DESKTOP-HV85DRD.log', 'pause': False, 'production': False, 'text_ui': True, 'loglevel': 10, 'consoleloglevel': 20, 'force_platform': None, 'syslog_address': None, 'full_logfile_path': 'C:\\Users\\tl\\Documents\\tl-pinball\\logs\\2026-02-13-18-15-27-mpf-DESKTOP-HV85DRD.log'}
2026-02-13 18:15:27,470 : INFO : Machine : MPF path: C:\mpf\Lib\site-packages\mpf
2026-02-13 18:15:27,470 : INFO : Machine : Machine path: C:\Users\tl\Documents\tl-pinball
2026-02-13 18:15:27,470 : INFO : Machine : Platform: win32
2026-02-13 18:15:27,470 : INFO : Machine : Python executable location: C:\mpf\Scripts\python.exe
2026-02-13 18:15:27,470 : INFO : Machine : Python version: 3.12.7 (64-bit)
2026-02-13 18:15:27,470 : DEBUG : asyncio : Using proactor: IocpProactor
2026-02-13 18:15:27,470 : INFO : Machine : Initializing MPF...
2026-02-13 18:15:27,564 : DEBUG : asciimatics.widgets.layout : Updating: None
2026-02-13 18:15:27,564 : DEBUG : asciimatics.widgets.layout : Updating: None
2026-02-13 18:15:27,564 : DEBUG : asciimatics.widgets.layout : Updating: None
2026-02-13 18:15:27,564 : DEBUG : asciimatics.widgets.layout : Updating: None
2026-02-13 18:15:27,564 : DEBUG : asciimatics.widgets.layout : Updating: None
2026-02-13 18:15:27,564 : DEBUG : asciimatics.widgets.layout : Updating: None
2026-02-13 18:15:27,564 : DEBUG : asciimatics.widgets.layout : Updating: None
2026-02-13 18:15:27,564 : DEBUG : asciimatics.widgets.layout : Updating: None
2026-02-13 18:15:27,564 : DEBUG : asciimatics.widgets.layout : Updating: None
2026-02-13 18:15:27,564 : DEBUG : asciimatics.widgets.layout : Updating: None
2026-02-13 18:15:27,564 : DEBUG : asciimatics.widgets.layout : Updating: None
2026-02-13 18:15:27,564 : DEBUG : asciimatics.widgets.layout : Updating: None
2026-02-13 18:15:27,564 : DEBUG : asciimatics.widgets.widget : Widget blur: <asciimatics.widgets.label.Label object at 0x0000024D2ACA9F20>
2026-02-13 18:15:27,564 : DEBUG : asciimatics.widgets.widget : Widget blur: <asciimatics.widgets.label.Label object at 0x0000024D2AECE0C0>
2026-02-13 18:15:27,564 : DEBUG : asciimatics.widgets.widget : Widget blur: <asciimatics.widgets.label.Label object at 0x0000024D2AECE260>
2026-02-13 18:15:27,564 : DEBUG : asciimatics.widgets.layout : Blur: <asciimatics.widgets.layout.Layout object at 0x0000024D2AECB1C0>
2026-02-13 18:15:27,564 : DEBUG : asciimatics.widgets.layout : Blur: <mpf.core.text_ui.MpfLayout object at 0x0000024D2AD286E0>
2026-02-13 18:15:27,564 : DEBUG : asciimatics.widgets.layout : Updating: None
2026-02-13 18:15:27,564 : DEBUG : asciimatics.widgets.layout : Updating: None
2026-02-13 18:15:27,564 : DEBUG : asciimatics.widgets.layout : Updating: None
2026-02-13 18:15:27,564 : DEBUG : asciimatics.widgets.layout : Updating: None
2026-02-13 18:15:27,564 : DEBUG : asciimatics.widgets.layout : Updating: None
2026-02-13 18:15:27,564 : DEBUG : asciimatics.widgets.layout : Updating: None
2026-02-13 18:15:27,564 : DEBUG : asciimatics.widgets.widget : Widget blur: <asciimatics.widgets.label.Label object at 0x0000024D2AECE670>
2026-02-13 18:15:27,564 : DEBUG : asciimatics.widgets.widget : Widget blur: <asciimatics.widgets.label.Label object at 0x0000024D2AECE5A0>
2026-02-13 18:15:27,564 : DEBUG : asciimatics.widgets.widget : Widget blur: <asciimatics.widgets.label.Label object at 0x0000024D2AECE740>
2026-02-13 18:15:27,564 : DEBUG : asciimatics.widgets.widget : Widget blur: <asciimatics.widgets.label.Label object at 0x0000024D2AECE4D0>
2026-02-13 18:15:27,564 : DEBUG : asciimatics.widgets.widget : Widget blur: <asciimatics.widgets.label.Label object at 0x0000024D2AECE400>
2026-02-13 18:15:27,564 : DEBUG : asciimatics.widgets.widget : Widget blur: <asciimatics.widgets.label.Label object at 0x0000024D2AECE330>
2026-02-13 18:15:27,564 : DEBUG : asciimatics.widgets.layout : Blur: <asciimatics.widgets.layout.Layout object at 0x0000024D2AECB220>
2026-02-13 18:15:27,564 : DEBUG : asciimatics.widgets.layout : Focus: <asciimatics.widgets.layout.Layout object at 0x0000024D2AECB1C0>
2026-02-13 18:15:27,564 : DEBUG : asciimatics.widgets.layout : Focus: <mpf.core.text_ui.MpfLayout object at 0x0000024D2AD286E0>
2026-02-13 18:15:27,564 : DEBUG : asciimatics.widgets.layout : Focus: <asciimatics.widgets.layout.Layout object at 0x0000024D2AECB220>
2026-02-13 18:15:27,564 : DEBUG : asciimatics.widgets.frame : Cloning: Test
2026-02-13 18:15:27,564 : DEBUG : asciimatics.widgets.layout : Updating: None
2026-02-13 18:15:27,564 : DEBUG : asciimatics.widgets.layout : Updating: None
2026-02-13 18:15:27,564 : DEBUG : asciimatics.widgets.layout : Updating: None
2026-02-13 18:15:27,564 : DEBUG : asciimatics.widgets.layout : Updating: None
2026-02-13 18:15:27,564 : DEBUG : asciimatics.widgets.layout : Updating: None
2026-02-13 18:15:27,564 : DEBUG : asciimatics.widgets.layout : Updating: None
2026-02-13 18:15:27,564 : DEBUG : asciimatics.widgets.layout : Updating: None
2026-02-13 18:15:27,564 : DEBUG : asciimatics.widgets.layout : Updating: None
2026-02-13 18:15:27,564 : DEBUG : asciimatics.widgets.layout : Updating: None
2026-02-13 18:15:27,564 : DEBUG : asciimatics.widgets.layout : Updating: None
2026-02-13 18:15:27,564 : DEBUG : asciimatics.widgets.layout : Updating: None
2026-02-13 18:15:27,564 : DEBUG : asciimatics.widgets.layout : Updating: None
2026-02-13 18:15:27,564 : DEBUG : asciimatics.widgets.layout : Updating: None
2026-02-13 18:15:27,564 : DEBUG : asciimatics.widgets.layout : Updating: None
2026-02-13 18:15:27,564 : DEBUG : asciimatics.widgets.layout : Updating: None
2026-02-13 18:15:27,564 : DEBUG : asciimatics.widgets.layout : Updating: None
2026-02-13 18:15:27,564 : DEBUG : asciimatics.widgets.layout : Updating: None
2026-02-13 18:15:27,564 : DEBUG : asciimatics.widgets.layout : Updating: None
2026-02-13 18:15:27,564 : DEBUG : asciimatics.screen : Processing key: d
2026-02-13 18:15:27,658 : INFO : FAST : Auto-detecting ports for the following connections: ['net', 'exp']
2026-02-13 18:15:27,658 : DEBUG : FAST : Port COM3 is connected to a FAST Neuron Controller.
2026-02-13 18:15:27,658 : DEBUG : FAST : Port COM5 is connected to a FAST Neuron Controller.
2026-02-13 18:15:27,658 : DEBUG : FAST : Port COM4 is connected to a FAST Neuron Controller.
2026-02-13 18:15:27,689 : INFO : FAST : Detected EXP on port COM5
2026-02-13 18:15:27,689 : INFO : FAST : Detected NET on port COM4
2026-02-13 18:15:27,798 : INFO : FAST [NET] : Trying to connect to COM4 at 921600bps
2026-02-13 18:15:27,798 : INFO : FAST [NET] : Connected to COM4 at 921600bps
2026-02-13 18:15:27,814 : INFO : FAST [NET] : Connected to FP-CPU-2000 with firmware v02.26
2026-02-13 18:15:27,845 : INFO : FAST [NET] : Registered I/O Board 0: Model: FP-I/O-0804, Firmware: 01.10, Switches: 8, Drivers: 4
2026-02-13 18:15:27,861 : INFO : FAST [NET] : Registered I/O Board 1: Model: FP-I/O-1616, Firmware: 01.10, Switches: 16, Drivers: 16
2026-02-13 18:15:27,876 : INFO : FAST [NET] : Registered I/O Board 2: Model: FP-I/O-3208, Firmware: 01.10, Switches: 32, Drivers: 8
2026-02-13 18:15:27,892 : INFO : FAST [NET] : Registered I/O Board 3: Model: FP-I/O-1616, Firmware: 01.10, Switches: 16, Drivers: 16
2026-02-13 18:15:27,892 : INFO : FAST [EXP] : Trying to connect to COM5 at 921600bps
2026-02-13 18:15:27,892 : INFO : FAST [EXP] : Connected to COM5 at 921600bps
2026-02-13 18:15:27,892 : DEBUG : FAST [EXP] : Creating FAST Expansion Board "ledneuron" (FP-EXP-2000 Address: 48)
2026-02-13 18:15:27,892 : DEBUG : FAST [EXP] : Creating FAST Breakout Board 0 on EXP "ledneuron" (FP-EXP-2000, @48)
2026-02-13 18:15:27,907 : INFO : FAST [EXP] : Verifying hardware for EXP "ledneuron" (FP-EXP-2000, @48) with ID string "EXP FP-EXP-2000  0.42", board address 48
2026-02-13 18:15:27,923 : INFO : FAST [EXP] : Verifying hardware for EXP "ledneuron" (FP-EXP-2000, @48) with ID string "BRK FP-EXP-2000  0.42", board address 480
2026-02-13 18:15:27,939 : DEBUG : FAST [EXP] : Creating FAST Expansion Board "ledpf1" (FP-EXP-0081 Address: 84)
2026-02-13 18:15:27,939 : DEBUG : FAST [EXP] : Creating FAST Breakout Board 0 on EXP "ledpf1" (FP-EXP-0081, @84)
2026-02-13 18:15:27,939 : DEBUG : FAST [EXP] : Creating FAST Breakout Board 1 on EXP "ledpf1" (FP-EXP-0081, @84)
2026-02-13 18:15:27,954 : INFO : FAST [EXP] : Verifying hardware for EXP "ledpf1" (FP-EXP-0081, @84) with ID string "EXP FP-EXP-0081  0.38", board address 84
2026-02-13 18:15:27,970 : INFO : FAST [EXP] : Verifying hardware for EXP "ledpf1" (FP-EXP-0081, @84) with ID string "BRK FP-EXP-0081  0.38", board address 840
2026-02-13 18:15:27,972 : INFO : FAST [EXP] : Verifying hardware for EXP "ledpf1" (FP-EXP-0081, @84) with ID string "BRK FP-EXP-0081  0.38", board address 841
2026-02-13 18:15:27,975 : INFO : EventManager : Event: ======'machine_var_credits_string'====== Args={'value': 'FREE PLAY', 'prev_value': None, 'change': True}
2026-02-13 18:15:28,003 : DEBUG : YAML File Interface : Loading file: C:\Users\tl\Documents\tl-pinball\data/machine_vars.yaml
2026-02-13 18:15:28,006 : INFO : EventManager : Event: ======'machine_var_master_volume'====== Args={'value': 0.55, 'prev_value': None, 'change': True}
2026-02-13 18:15:28,006 : INFO : EventManager : Event: ======'machine_var_player1_score'====== Args={'value': 0, 'prev_value': None, 'change': True}
2026-02-13 18:15:28,006 : INFO : EventManager : Event: ======'machine_var_mpf_version'====== Args={'value': 'Mission Pinball Framework v0.80.0.dev12', 'prev_value': None, 'change': True}
2026-02-13 18:15:28,006 : INFO : EventManager : Event: ======'machine_var_mpf_extended_version'====== Args={'value': 'Mission Pinball Framework v0.80.0.dev12, Config version:6, Show version: 6, BCP version:1.1', 'prev_value': None, 'change': True}
2026-02-13 18:15:28,007 : INFO : EventManager : Event: ======'machine_var_python_version'====== Args={'value': '3.12.7', 'prev_value': None, 'change': True}
2026-02-13 18:15:28,052 : INFO : EventManager : Event: ======'machine_var_platform'====== Args={'value': 'Windows-10-10.0.19044-SP0', 'prev_value': None, 'change': True}
2026-02-13 18:15:28,052 : INFO : EventManager : Event: ======'machine_var_platform_system'====== Args={'value': 'Windows', 'prev_value': None, 'change': True}
2026-02-13 18:15:28,052 : INFO : EventManager : Event: ======'machine_var_platform_release'====== Args={'value': '10', 'prev_value': None, 'change': True}
2026-02-13 18:15:28,052 : INFO : EventManager : Event: ======'machine_var_platform_version'====== Args={'value': '10.0.19044', 'prev_value': None, 'change': True}
2026-02-13 18:15:28,052 : INFO : EventManager : Event: ======'machine_var_platform_machine'====== Args={'value': 'AMD64', 'prev_value': None, 'change': True}
2026-02-13 18:15:28,052 : INFO : EventManager : Event: ======'machine_var_log_file_path'====== Args={'value': 'C:\\Users\\tl\\Documents\\tl-pinball\\logs\\2026-02-13-18-15-27-mpf-DESKTOP-HV85DRD.log', 'prev_value': None, 'change': True}
2026-02-13 18:15:28,052 : INFO : EventManager : Event: ======'init_phase_1'====== Args={}
2026-02-13 18:15:28,069 : DEBUG : ModeController : Loaded mode service
2026-02-13 18:15:28,069 : DEBUG : ModeController : Loaded mode attract
2026-02-13 18:15:28,069 : DEBUG : ModeController : Loaded mode game
2026-02-13 18:15:28,086 : DEBUG : FASTLED : Creating FAST RGB LED on expansion board at hardware address: 48000
2026-02-13 18:15:28,086 : DEBUG : FASTLED : Creating FAST RGB LED on expansion board at hardware address: 48001
2026-02-13 18:15:28,086 : INFO : EventManager : Event: ======'drop_target_bank_dtb_characters_up'====== Args={}
2026-02-13 18:15:28,086 : INFO : EventManager : Event: ======'drop_target_bank_dtb_rollover_up'====== Args={}
2026-02-13 18:15:28,542 : DEBUG : asciimatics.screen : Processing mouse: 32, 24
2026-02-13 18:15:28,542 : DEBUG : asciimatics.widgets.frame : New event: MouseEvent (32, 24) 0
2026-02-13 18:15:29,789 : DEBUG : FAST Driver : Sending config to driver 4 (0x04). one_shot: False. wait_to_confirm: False
2026-02-13 18:15:29,820 : DEBUG : FAST Driver : Sending config to driver 5 (0x05). one_shot: False. wait_to_confirm: False
2026-02-13 18:15:29,867 : DEBUG : FAST Driver : Sending config to driver 7 (0x07). one_shot: False. wait_to_confirm: False
2026-02-13 18:15:29,898 : DEBUG : FAST Driver : Sending config to driver 8 (0x08). one_shot: False. wait_to_confirm: False
2026-02-13 18:15:29,930 : DEBUG : FAST Driver : Sending config to driver 9 (0x09). one_shot: False. wait_to_confirm: False
2026-02-13 18:15:30,119 : DEBUG : FAST Driver : Sending config to driver 20 (0x14). one_shot: False. wait_to_confirm: False
2026-02-13 18:15:30,166 : DEBUG : FAST Driver : Sending config to driver 22 (0x16). one_shot: False. wait_to_confirm: False
2026-02-13 18:15:30,197 : DEBUG : FAST Driver : Sending config to driver 23 (0x17). one_shot: False. wait_to_confirm: False
2026-02-13 18:15:30,229 : DEBUG : FAST Driver : Sending config to driver 24 (0x18). one_shot: False. wait_to_confirm: False
2026-02-13 18:15:30,260 : DEBUG : FAST Driver : Sending config to driver 25 (0x19). one_shot: False. wait_to_confirm: False
2026-02-13 18:15:30,291 : DEBUG : FAST Driver : Sending config to driver 26 (0x1A). one_shot: False. wait_to_confirm: False
2026-02-13 18:15:30,322 : DEBUG : FAST Driver : Sending config to driver 27 (0x1B). one_shot: False. wait_to_confirm: False
2026-02-13 18:15:30,604 : ERROR : asyncio : Exception in callback Util.raise_exceptions(<Task finishe... Interface]')>) at C:\mpf\Lib\site-packages\mpf\core\utility_functions.py:789
handle: <Handle Util.raise_exceptions(<Task finishe... Interface]')>) at C:\mpf\Lib\site-packages\mpf\core\utility_functions.py:789>
Traceback (most recent call last):
  File "C:\Users\tl\AppData\Local\Programs\Python\Python312\Lib\asyncio\events.py", line 88, in _run
    self._context.run(self._callback, *self._args)
  File "C:\mpf\Lib\site-packages\mpf\core\utility_functions.py", line 797, in raise_exceptions
    future.result()
  File "C:\mpf\Lib\site-packages\mpf\platforms\fast\communicators\base.py", line 413, in _socket_reader
    self.parse_incoming_raw_bytes(resp)
  File "C:\mpf\Lib\site-packages\mpf\platforms\fast\communicators\base.py", line 373, in parse_incoming_raw_bytes
    self._dispatch_incoming_msg(msg)
  File "C:\mpf\Lib\site-packages\mpf\platforms\fast\communicators\base.py", line 382, in _dispatch_incoming_msg
    self.message_processors[msg_header](msg[3:])
  File "C:\mpf\Lib\site-packages\mpf\platforms\fast\communicators\net_neuron.py", line 333, in _process_switch_closed
    self.machine.switch_controller.process_switch_by_num(state=1,
  File "C:\mpf\Lib\site-packages\mpf\core\switch_controller.py", line 251, in process_switch_by_num
    raise AssertionError("Got early switch change for switch {} to state {}. platform: {}".format(
AssertionError: Got early switch change for switch 29 to state 1. platform: [FAST Platform Interface]
2026-02-13 18:15:30,666 : INFO : Machine : Starting the main run loop with active modes: []
2026-02-13 18:15:30,666 : WARNING : Machine : Attract mode is not active, game will not be playable. Please check your attract mode configuration.
2026-02-13 18:15:30,666 : INFO : Machine : Shutting down...
2026-02-13 18:15:30,666 : INFO : EventManager : Event: ======'shutdown'====== Args={}
2026-02-13 18:15:30,760 : DEBUG : FAST [NET] : Stop called on serial connection NET
2026-02-13 18:15:30,760 : DEBUG : FAST [EXP] : Stop called on serial connection EXP
2026-02-13 18:15:31,775 : ERROR : Machine : Runtime Exception
Traceback (most recent call last):
  File "C:\mpf\Lib\site-packages\mpf\core\machine.py", line 810, in _run_loop
    raise self._exception['exception']
  File "C:\Users\tl\AppData\Local\Programs\Python\Python312\Lib\asyncio\events.py", line 88, in _run
    self._context.run(self._callback, *self._args)
  File "C:\mpf\Lib\site-packages\mpf\core\utility_functions.py", line 797, in raise_exceptions
    future.result()
  File "C:\mpf\Lib\site-packages\mpf\platforms\fast\communicators\base.py", line 413, in _socket_reader
    self.parse_incoming_raw_bytes(resp)
  File "C:\mpf\Lib\site-packages\mpf\platforms\fast\communicators\base.py", line 373, in parse_incoming_raw_bytes
    self._dispatch_incoming_msg(msg)
  File "C:\mpf\Lib\site-packages\mpf\platforms\fast\communicators\base.py", line 382, in _dispatch_incoming_msg
    self.message_processors[msg_header](msg[3:])
  File "C:\mpf\Lib\site-packages\mpf\platforms\fast\communicators\net_neuron.py", line 333, in _process_switch_closed
    self.machine.switch_controller.process_switch_by_num(state=1,
  File "C:\mpf\Lib\site-packages\mpf\core\switch_controller.py", line 251, in process_switch_by_num
    raise AssertionError("Got early switch change for switch {} to state {}. platform: {}".format(
AssertionError: Got early switch change for switch 29 to state 1. platform: [FAST Platform Interface]
2026-02-13 18:15:31,775 : INFO : root : MPF run loop ended.
