2026-02-15 11:22:36,696 : INFO : root : Loading config.
2026-02-15 11:22:36,699 : INFO : YamlMultifileConfigLoader : Machine config file #1: config.yaml
2026-02-15 11:22:36,700 : INFO : ConfigProcessor : Loading config from cache: C:\Users\tl\AppData\Local\Temp\86f932e179f318f5dae29f066573dee9.mpf_cache
2026-02-15 11:22:36,701 : WARNING : ConfigProcessor : Config file in cache changed: C:\Users\tl\Documents\tl-pinball\config\device_config_iomap_coils.yaml
2026-02-15 11:22:36,701 : INFO : ConfigProcessor : Loading config from file C:\mpf\Lib\site-packages\mpf\mpfconfig.yaml.
2026-02-15 11:22:36,701 : DEBUG : YAML File Interface : Loading file: C:\mpf\Lib\site-packages\mpf\mpfconfig.yaml
2026-02-15 11:22:36,713 : INFO : ConfigProcessor : Loading config: C:\mpf\Lib\site-packages\mpf\mpfconfig.yaml
2026-02-15 11:22:36,713 : INFO : ConfigProcessor : Loading config from file C:\Users\tl\Documents\tl-pinball\config\config.yaml.
2026-02-15 11:22:36,713 : DEBUG : YAML File Interface : Loading file: C:\Users\tl\Documents\tl-pinball\config\config.yaml
2026-02-15 11:22:36,715 : INFO : ConfigProcessor : Loading config: C:\Users\tl\Documents\tl-pinball\config\config.yaml
2026-02-15 11:22:36,716 : DEBUG : YAML File Interface : Loading file: C:\Users\tl\Documents\tl-pinball\config\config_ball_devices.yaml
2026-02-15 11:22:36,716 : INFO : ConfigProcessor : Loading config: C:\Users\tl\Documents\tl-pinball\config\config_ball_devices.yaml
2026-02-15 11:22:36,716 : DEBUG : YAML File Interface : Loading file: C:\Users\tl\Documents\tl-pinball\config\device_config_lights_led.yaml
2026-02-15 11:22:36,718 : INFO : ConfigProcessor : Loading config: C:\Users\tl\Documents\tl-pinball\config\device_config_lights_led.yaml
2026-02-15 11:22:36,718 : DEBUG : YAML File Interface : Loading file: C:\Users\tl\Documents\tl-pinball\config\device_config_game.yaml
2026-02-15 11:22:36,720 : INFO : ConfigProcessor : Loading config: C:\Users\tl\Documents\tl-pinball\config\device_config_game.yaml
2026-02-15 11:22:36,721 : DEBUG : YAML File Interface : Loading file: C:\Users\tl\Documents\tl-pinball\config\device_config_iomap.yaml
2026-02-15 11:22:36,725 : INFO : ConfigProcessor : Loading config: C:\Users\tl\Documents\tl-pinball\config\device_config_iomap.yaml
2026-02-15 11:22:36,725 : DEBUG : YAML File Interface : Loading file: C:\Users\tl\Documents\tl-pinball\config\device_config_iomap_coils.yaml
2026-02-15 11:22:36,738 : INFO : ConfigProcessor : Loading config: C:\Users\tl\Documents\tl-pinball\config\device_config_iomap_coils.yaml
2026-02-15 11:22:36,740 : INFO : ConfigProcessor : Config file cache created: C:\Users\tl\AppData\Local\Temp\86f932e179f318f5dae29f066573dee9.mpf_cache
2026-02-15 11:22:36,824 : DEBUG : YamlMultifileConfigLoader : Loading mode attract from C:\mpf\Lib\site-packages\mpf\modes\attract\config\attract.yaml
2026-02-15 11:22:36,824 : DEBUG : YamlMultifileConfigLoader : Loading mode attract from C:\mpf\Lib\site-packages\mpf\modes\attract\config\attract.yaml
2026-02-15 11:22:36,825 : INFO : ConfigProcessor : Loading config from cache: C:\Users\tl\AppData\Local\Temp\5e7e3dd8e04e0aa46ea76018297218da.mpf_cache
2026-02-15 11:22:36,825 : DEBUG : YamlMultifileConfigLoader : Loading mode game from C:\mpf\Lib\site-packages\mpf\modes\game\config\game.yaml
2026-02-15 11:22:36,825 : INFO : ConfigProcessor : Loading config from cache: C:\Users\tl\AppData\Local\Temp\af6ad0dab2f43bd9cbdac83e0b2786ac.mpf_cache
2026-02-15 11:22:36,826 : DEBUG : YamlMultifileConfigLoader : Loading mode attract from C:\mpf\Lib\site-packages\mpf\modes\attract\config\attract.yaml
2026-02-15 11:22:36,826 : DEBUG : YamlMultifileConfigLoader : Loading mode attract from C:\mpf\Lib\site-packages\mpf\modes\attract\config\attract.yaml
2026-02-15 11:22:36,826 : INFO : ConfigProcessor : Loading config from cache: C:\Users\tl\AppData\Local\Temp\5e7e3dd8e04e0aa46ea76018297218da.mpf_cache
2026-02-15 11:22:36,827 : DEBUG : YamlMultifileConfigLoader : Loading mode service from C:\mpf\Lib\site-packages\mpf\modes\service\config\service.yaml
2026-02-15 11:22:36,827 : INFO : ConfigProcessor : Loading config from cache: C:\Users\tl\AppData\Local\Temp\5d3b5ebc494e9a7257164cf172f94bef.mpf_cache
2026-02-15 11:22:36,827 : DEBUG : YamlMultifileConfigLoader : Loading mode base from C:\mpf\Lib\site-packages\mpf\modes\base\config\base.yaml
2026-02-15 11:22:36,828 : INFO : ConfigProcessor : Loading config from cache: C:\Users\tl\AppData\Local\Temp\f7ef3217062c4a128670875e2cb05ce9.mpf_cache
2026-02-15 11:22:36,829 : INFO : Machine : Mission Pinball Framework Core Engine v0.80.0.dev12
2026-02-15 11:22:36,829 : INFO : Machine : Command line arguments: {'no_load_cache': False, 'create_config_cache': True, 'bcp': False, 'configfile': ['config.yaml'], 'force_assets_load': False, 'platform_integration_test': False, 'jsonlogging': False, 'logfile': 'logs\\2026-02-15-11-22-36-mpf-DESKTOP-HV85DRD.log', 'pause': False, 'production': False, 'text_ui': True, 'loglevel': 10, 'consoleloglevel': 20, 'force_platform': None, 'syslog_address': None, 'full_logfile_path': 'C:\\Users\\tl\\Documents\\tl-pinball\\logs\\2026-02-15-11-22-36-mpf-DESKTOP-HV85DRD.log'}
2026-02-15 11:22:36,829 : INFO : Machine : MPF path: C:\mpf\Lib\site-packages\mpf
2026-02-15 11:22:36,829 : INFO : Machine : Machine path: C:\Users\tl\Documents\tl-pinball
2026-02-15 11:22:36,829 : INFO : Machine : Platform: win32
2026-02-15 11:22:36,829 : INFO : Machine : Python executable location: C:\mpf\Scripts\python.exe
2026-02-15 11:22:36,829 : INFO : Machine : Python version: 3.12.7 (64-bit)
2026-02-15 11:22:36,830 : DEBUG : asyncio : Using proactor: IocpProactor
2026-02-15 11:22:36,831 : INFO : Machine : Initializing MPF...
2026-02-15 11:22:36,933 : DEBUG : asciimatics.widgets.layout : Updating: None
2026-02-15 11:22:36,933 : DEBUG : asciimatics.widgets.layout : Updating: None
2026-02-15 11:22:36,933 : DEBUG : asciimatics.widgets.layout : Updating: None
2026-02-15 11:22:36,933 : DEBUG : asciimatics.widgets.layout : Updating: None
2026-02-15 11:22:36,933 : DEBUG : asciimatics.widgets.layout : Updating: None
2026-02-15 11:22:36,933 : DEBUG : asciimatics.widgets.layout : Updating: None
2026-02-15 11:22:36,933 : DEBUG : asciimatics.widgets.layout : Updating: None
2026-02-15 11:22:36,933 : DEBUG : asciimatics.widgets.layout : Updating: None
2026-02-15 11:22:36,933 : DEBUG : asciimatics.widgets.layout : Updating: None
2026-02-15 11:22:36,933 : DEBUG : asciimatics.widgets.layout : Updating: None
2026-02-15 11:22:36,934 : DEBUG : asciimatics.widgets.layout : Updating: None
2026-02-15 11:22:36,934 : DEBUG : asciimatics.widgets.layout : Updating: None
2026-02-15 11:22:36,934 : DEBUG : asciimatics.widgets.widget : Widget blur: <asciimatics.widgets.label.Label object at 0x0000020EF03B20C0>
2026-02-15 11:22:36,934 : DEBUG : asciimatics.widgets.widget : Widget blur: <asciimatics.widgets.label.Label object at 0x0000020EF05B6260>
2026-02-15 11:22:36,934 : DEBUG : asciimatics.widgets.widget : Widget blur: <asciimatics.widgets.label.Label object at 0x0000020EF05B6400>
2026-02-15 11:22:36,934 : DEBUG : asciimatics.widgets.layout : Blur: <asciimatics.widgets.layout.Layout object at 0x0000020EF05BF1C0>
2026-02-15 11:22:36,934 : DEBUG : asciimatics.widgets.layout : Blur: <mpf.core.text_ui.MpfLayout object at 0x0000020EF04343D0>
2026-02-15 11:22:36,934 : DEBUG : asciimatics.widgets.layout : Updating: None
2026-02-15 11:22:36,934 : DEBUG : asciimatics.widgets.layout : Updating: None
2026-02-15 11:22:36,934 : DEBUG : asciimatics.widgets.layout : Updating: None
2026-02-15 11:22:36,934 : DEBUG : asciimatics.widgets.layout : Updating: None
2026-02-15 11:22:36,934 : DEBUG : asciimatics.widgets.layout : Updating: None
2026-02-15 11:22:36,934 : DEBUG : asciimatics.widgets.layout : Updating: None
2026-02-15 11:22:36,934 : DEBUG : asciimatics.widgets.widget : Widget blur: <asciimatics.widgets.label.Label object at 0x0000020EF05B6810>
2026-02-15 11:22:36,934 : DEBUG : asciimatics.widgets.widget : Widget blur: <asciimatics.widgets.label.Label object at 0x0000020EF05B6740>
2026-02-15 11:22:36,934 : DEBUG : asciimatics.widgets.widget : Widget blur: <asciimatics.widgets.label.Label object at 0x0000020EF05B68E0>
2026-02-15 11:22:36,934 : DEBUG : asciimatics.widgets.widget : Widget blur: <asciimatics.widgets.label.Label object at 0x0000020EF05B6670>
2026-02-15 11:22:36,934 : DEBUG : asciimatics.widgets.widget : Widget blur: <asciimatics.widgets.label.Label object at 0x0000020EF05B65A0>
2026-02-15 11:22:36,934 : DEBUG : asciimatics.widgets.widget : Widget blur: <asciimatics.widgets.label.Label object at 0x0000020EF05B64D0>
2026-02-15 11:22:36,934 : DEBUG : asciimatics.widgets.layout : Blur: <asciimatics.widgets.layout.Layout object at 0x0000020EF05BF220>
2026-02-15 11:22:36,934 : DEBUG : asciimatics.widgets.layout : Focus: <asciimatics.widgets.layout.Layout object at 0x0000020EF05BF1C0>
2026-02-15 11:22:36,934 : DEBUG : asciimatics.widgets.layout : Focus: <mpf.core.text_ui.MpfLayout object at 0x0000020EF04343D0>
2026-02-15 11:22:36,935 : DEBUG : asciimatics.widgets.layout : Focus: <asciimatics.widgets.layout.Layout object at 0x0000020EF05BF220>
2026-02-15 11:22:36,935 : DEBUG : asciimatics.widgets.frame : Cloning: Test
2026-02-15 11:22:36,935 : DEBUG : asciimatics.widgets.layout : Updating: None
2026-02-15 11:22:36,935 : DEBUG : asciimatics.widgets.layout : Updating: None
2026-02-15 11:22:36,935 : DEBUG : asciimatics.widgets.layout : Updating: None
2026-02-15 11:22:36,935 : DEBUG : asciimatics.widgets.layout : Updating: None
2026-02-15 11:22:36,935 : DEBUG : asciimatics.widgets.layout : Updating: None
2026-02-15 11:22:36,935 : DEBUG : asciimatics.widgets.layout : Updating: None
2026-02-15 11:22:36,935 : DEBUG : asciimatics.widgets.layout : Updating: None
2026-02-15 11:22:36,935 : DEBUG : asciimatics.widgets.layout : Updating: None
2026-02-15 11:22:36,935 : DEBUG : asciimatics.widgets.layout : Updating: None
2026-02-15 11:22:36,935 : DEBUG : asciimatics.widgets.layout : Updating: None
2026-02-15 11:22:36,935 : DEBUG : asciimatics.widgets.layout : Updating: None
2026-02-15 11:22:36,935 : DEBUG : asciimatics.widgets.layout : Updating: None
2026-02-15 11:22:36,935 : DEBUG : asciimatics.widgets.layout : Updating: None
2026-02-15 11:22:36,935 : DEBUG : asciimatics.widgets.layout : Updating: None
2026-02-15 11:22:36,935 : DEBUG : asciimatics.widgets.layout : Updating: None
2026-02-15 11:22:36,935 : DEBUG : asciimatics.widgets.layout : Updating: None
2026-02-15 11:22:36,935 : DEBUG : asciimatics.widgets.layout : Updating: None
2026-02-15 11:22:36,935 : DEBUG : asciimatics.widgets.layout : Updating: None
2026-02-15 11:22:36,936 : DEBUG : asciimatics.screen : Processing key: d
2026-02-15 11:22:37,084 : INFO : FAST [NET] : Trying to connect to COM4 at 921600bps
2026-02-15 11:22:37,089 : INFO : FAST [NET] : Connected to COM4 at 921600bps
2026-02-15 11:22:37,093 : INFO : FAST [NET] : Connected to FP-CPU-2000 with firmware v02.26
2026-02-15 11:22:37,125 : INFO : FAST [NET] : Registered I/O Board 0: Model: FP-I/O-0804, Firmware: 01.10, Switches: 8, Drivers: 4
2026-02-15 11:22:37,141 : INFO : FAST [NET] : Registered I/O Board 1: Model: FP-I/O-1616, Firmware: 01.10, Switches: 16, Drivers: 16
2026-02-15 11:22:37,157 : INFO : FAST [NET] : Registered I/O Board 2: Model: FP-I/O-3208, Firmware: 01.10, Switches: 32, Drivers: 8
2026-02-15 11:22:37,173 : INFO : FAST [NET] : Registered I/O Board 3: Model: FP-I/O-1616, Firmware: 01.10, Switches: 16, Drivers: 16
2026-02-15 11:22:37,175 : INFO : FAST [EXP] : Trying to connect to COM5 at 921600bps
2026-02-15 11:22:37,179 : INFO : FAST [EXP] : Connected to COM5 at 921600bps
2026-02-15 11:22:37,179 : DEBUG : FAST [EXP] : Creating FAST Expansion Board "ledneuron" (FP-EXP-2000 Address: 48)
2026-02-15 11:22:37,179 : DEBUG : FAST [EXP] : Creating FAST Breakout Board 0 on EXP "ledneuron" (FP-EXP-2000, @48)
2026-02-15 11:22:37,189 : INFO : FAST [EXP] : Verifying hardware for EXP "ledneuron" (FP-EXP-2000, @48) with ID string "EXP FP-EXP-2000  0.42", board address 48
2026-02-15 11:22:37,205 : INFO : FAST [EXP] : Verifying hardware for EXP "ledneuron" (FP-EXP-2000, @48) with ID string "BRK FP-EXP-2000  0.42", board address 480
2026-02-15 11:22:37,940 : DEBUG : asciimatics.screen : Processing key: 0
2026-02-15 11:22:38,145 : INFO : Machine : Starting the main run loop with active modes: []
2026-02-15 11:22:38,145 : ERROR : root : 'attract'
Traceback (most recent call last):
  File "C:\mpf\Lib\site-packages\mpf\commands\game.py", line 229, in __init__
    self.machine.run()
  File "C:\mpf\Lib\site-packages\mpf\core\machine.py", line 703, in run
    if not self.modes['attract'] in self.mode_controller.active_modes:
           ~~~~~~~~~~^^^^^^^^^^^
KeyError: 'attract'
