2026-02-15 12:35:06,150 : INFO : root : Loading config.
2026-02-15 12:35:06,150 : INFO : YamlMultifileConfigLoader : Machine config file #1: config.yaml
2026-02-15 12:35:06,150 : WARNING : ConfigProcessor : Config file in cache changed: C:\Users\tl\Documents\tl-pinball\config\config.yaml
2026-02-15 12:35:06,150 : INFO : ConfigProcessor : Loading config from file C:\mpf\Lib\site-packages\mpf\mpfconfig.yaml.
2026-02-15 12:35:06,150 : DEBUG : YAML File Interface : Loading file: C:\mpf\Lib\site-packages\mpf\mpfconfig.yaml
2026-02-15 12:35:06,172 : INFO : ConfigProcessor : Loading config: C:\mpf\Lib\site-packages\mpf\mpfconfig.yaml
2026-02-15 12:35:06,172 : INFO : ConfigProcessor : Loading config from file C:\Users\tl\Documents\tl-pinball\config\config.yaml.
2026-02-15 12:35:06,172 : DEBUG : YAML File Interface : Loading file: C:\Users\tl\Documents\tl-pinball\config\config.yaml
2026-02-15 12:35:06,174 : INFO : ConfigProcessor : Loading config: C:\Users\tl\Documents\tl-pinball\config\config.yaml
2026-02-15 12:35:06,175 : DEBUG : YAML File Interface : Loading file: C:\Users\tl\Documents\tl-pinball\config\config_ball_devices.yaml
2026-02-15 12:35:06,175 : INFO : ConfigProcessor : Loading config: C:\Users\tl\Documents\tl-pinball\config\config_ball_devices.yaml
2026-02-15 12:35:06,176 : DEBUG : YAML File Interface : Loading file: C:\Users\tl\Documents\tl-pinball\config\device_config_lights_led.yaml
2026-02-15 12:35:06,177 : INFO : ConfigProcessor : Loading config: C:\Users\tl\Documents\tl-pinball\config\device_config_lights_led.yaml
2026-02-15 12:35:06,177 : DEBUG : YAML File Interface : Loading file: C:\Users\tl\Documents\tl-pinball\config\device_config_game.yaml
2026-02-15 12:35:06,179 : INFO : ConfigProcessor : Loading config: C:\Users\tl\Documents\tl-pinball\config\device_config_game.yaml
2026-02-15 12:35:06,180 : DEBUG : YAML File Interface : Loading file: C:\Users\tl\Documents\tl-pinball\config\device_config_iomap.yaml
2026-02-15 12:35:06,184 : INFO : ConfigProcessor : Loading config: C:\Users\tl\Documents\tl-pinball\config\device_config_iomap.yaml
2026-02-15 12:35:06,184 : DEBUG : YAML File Interface : Loading file: C:\Users\tl\Documents\tl-pinball\config\device_config_iomap_coils.yaml
2026-02-15 12:35:06,187 : INFO : ConfigProcessor : Loading config: C:\Users\tl\Documents\tl-pinball\config\device_config_iomap_coils.yaml
2026-02-15 12:35:06,187 : DEBUG : YAML File Interface : Loading file: C:\Users\tl\Documents\tl-pinball\config\keyboard.yaml
2026-02-15 12:35:06,196 : INFO : ConfigProcessor : Loading config: C:\Users\tl\Documents\tl-pinball\config\keyboard.yaml
