2026-02-15 12:28:22,696 : INFO : root : Loading config.
2026-02-15 12:28:22,696 : INFO : YamlMultifileConfigLoader : Machine config file #1: config.yaml
2026-02-15 12:28:22,696 : INFO : ConfigProcessor : Loading config from cache: C:\Users\tl\AppData\Local\Temp\86f932e179f318f5dae29f066573dee9.mpf_cache
2026-02-15 12:28:22,791 : DEBUG : YamlMultifileConfigLoader : Loading mode attract from C:\mpf\Lib\site-packages\mpf\modes\attract\config\attract.yaml
2026-02-15 12:28:22,791 : DEBUG : YamlMultifileConfigLoader : Loading mode attract from C:\mpf\Lib\site-packages\mpf\modes\attract\config\attract.yaml
2026-02-15 12:28:22,791 : INFO : ConfigProcessor : Loading config from cache: C:\Users\tl\AppData\Local\Temp\5e7e3dd8e04e0aa46ea76018297218da.mpf_cache
2026-02-15 12:28:22,791 : DEBUG : YamlMultifileConfigLoader : Loading mode game from C:\mpf\Lib\site-packages\mpf\modes\game\config\game.yaml
2026-02-15 12:28:22,791 : INFO : ConfigProcessor : Loading config from cache: C:\Users\tl\AppData\Local\Temp\af6ad0dab2f43bd9cbdac83e0b2786ac.mpf_cache
2026-02-15 12:28:22,791 : DEBUG : YamlMultifileConfigLoader : Loading mode attract from C:\mpf\Lib\site-packages\mpf\modes\attract\config\attract.yaml
2026-02-15 12:28:22,791 : DEBUG : YamlMultifileConfigLoader : Loading mode attract from C:\mpf\Lib\site-packages\mpf\modes\attract\config\attract.yaml
2026-02-15 12:28:22,791 : INFO : ConfigProcessor : Loading config from cache: C:\Users\tl\AppData\Local\Temp\5e7e3dd8e04e0aa46ea76018297218da.mpf_cache
2026-02-15 12:28:22,791 : DEBUG : YamlMultifileConfigLoader : Loading mode service from C:\mpf\Lib\site-packages\mpf\modes\service\config\service.yaml
2026-02-15 12:28:22,791 : INFO : ConfigProcessor : Loading config from cache: C:\Users\tl\AppData\Local\Temp\5d3b5ebc494e9a7257164cf172f94bef.mpf_cache
2026-02-15 12:28:22,791 : DEBUG : YamlMultifileConfigLoader : Loading mode base from C:\mpf\Lib\site-packages\mpf\modes\base\config\base.yaml
2026-02-15 12:28:22,791 : INFO : ConfigProcessor : Loading config from cache: C:\Users\tl\AppData\Local\Temp\f7ef3217062c4a128670875e2cb05ce9.mpf_cache
2026-02-15 12:28:22,791 : INFO : Machine : Mission Pinball Framework Core Engine v0.80.0.dev12
2026-02-15 12:28:22,791 : INFO : Machine : Command line arguments: {'no_load_cache': False, 'create_config_cache': True, 'bcp': False, 'configfile': ['config.yaml'], 'force_assets_load': False, 'platform_integration_test': False, 'jsonlogging': False, 'logfile': 'logs\\2026-02-15-12-28-22-mpf-DESKTOP-HV85DRD.log', 'pause': False, 'production': False, 'text_ui': True, 'loglevel': 10, 'consoleloglevel': 20, 'force_platform': None, 'syslog_address': None, 'full_logfile_path': 'C:\\Users\\tl\\Documents\\tl-pinball\\logs\\2026-02-15-12-28-22-mpf-DESKTOP-HV85DRD.log'}
2026-02-15 12:28:22,791 : INFO : Machine : MPF path: C:\mpf\Lib\site-packages\mpf
2026-02-15 12:28:22,791 : INFO : Machine : Machine path: C:\Users\tl\Documents\tl-pinball
2026-02-15 12:28:22,791 : INFO : Machine : Platform: win32
2026-02-15 12:28:22,791 : INFO : Machine : Python executable location: C:\mpf\Scripts\python.exe
2026-02-15 12:28:22,791 : INFO : Machine : Python version: 3.12.7 (64-bit)
2026-02-15 12:28:22,791 : DEBUG : asyncio : Using proactor: IocpProactor
2026-02-15 12:28:22,791 : INFO : Machine : Initializing MPF...
2026-02-15 12:28:22,900 : DEBUG : asciimatics.widgets.layout : Updating: None
2026-02-15 12:28:22,900 : DEBUG : asciimatics.widgets.layout : Updating: None
2026-02-15 12:28:22,900 : DEBUG : asciimatics.widgets.layout : Updating: None
2026-02-15 12:28:22,900 : DEBUG : asciimatics.widgets.layout : Updating: None
2026-02-15 12:28:22,900 : DEBUG : asciimatics.widgets.layout : Updating: None
2026-02-15 12:28:22,900 : DEBUG : asciimatics.widgets.layout : Updating: None
2026-02-15 12:28:22,900 : DEBUG : asciimatics.widgets.layout : Updating: None
2026-02-15 12:28:22,900 : DEBUG : asciimatics.widgets.layout : Updating: None
2026-02-15 12:28:22,900 : DEBUG : asciimatics.widgets.layout : Updating: None
2026-02-15 12:28:22,901 : DEBUG : asciimatics.widgets.layout : Updating: None
2026-02-15 12:28:22,901 : DEBUG : asciimatics.widgets.layout : Updating: None
2026-02-15 12:28:22,901 : DEBUG : asciimatics.widgets.layout : Updating: None
2026-02-15 12:28:22,901 : DEBUG : asciimatics.widgets.widget : Widget blur: <asciimatics.widgets.label.Label object at 0x000001A1B0C59D80>
2026-02-15 12:28:22,901 : DEBUG : asciimatics.widgets.widget : Widget blur: <asciimatics.widgets.label.Label object at 0x000001A1B0E75F20>
2026-02-15 12:28:22,901 : DEBUG : asciimatics.widgets.widget : Widget blur: <asciimatics.widgets.label.Label object at 0x000001A1B0E760C0>
2026-02-15 12:28:22,901 : DEBUG : asciimatics.widgets.layout : Blur: <asciimatics.widgets.layout.Layout object at 0x000001A1B0E7B040>
2026-02-15 12:28:22,901 : DEBUG : asciimatics.widgets.layout : Blur: <mpf.core.text_ui.MpfLayout object at 0x000001A1B0CDC360>
2026-02-15 12:28:22,901 : DEBUG : asciimatics.widgets.layout : Updating: None
2026-02-15 12:28:22,901 : DEBUG : asciimatics.widgets.layout : Updating: None
2026-02-15 12:28:22,901 : DEBUG : asciimatics.widgets.layout : Updating: None
2026-02-15 12:28:22,901 : DEBUG : asciimatics.widgets.layout : Updating: None
2026-02-15 12:28:22,901 : DEBUG : asciimatics.widgets.layout : Updating: None
2026-02-15 12:28:22,901 : DEBUG : asciimatics.widgets.layout : Updating: None
2026-02-15 12:28:22,901 : DEBUG : asciimatics.widgets.widget : Widget blur: <asciimatics.widgets.label.Label object at 0x000001A1B0E764D0>
2026-02-15 12:28:22,901 : DEBUG : asciimatics.widgets.widget : Widget blur: <asciimatics.widgets.label.Label object at 0x000001A1B0E76400>
2026-02-15 12:28:22,901 : DEBUG : asciimatics.widgets.widget : Widget blur: <asciimatics.widgets.label.Label object at 0x000001A1B0E765A0>
2026-02-15 12:28:22,901 : DEBUG : asciimatics.widgets.widget : Widget blur: <asciimatics.widgets.label.Label object at 0x000001A1B0E76330>
2026-02-15 12:28:22,901 : DEBUG : asciimatics.widgets.widget : Widget blur: <asciimatics.widgets.label.Label object at 0x000001A1B0E76260>
2026-02-15 12:28:22,902 : DEBUG : asciimatics.widgets.widget : Widget blur: <asciimatics.widgets.label.Label object at 0x000001A1B0E76190>
2026-02-15 12:28:22,902 : DEBUG : asciimatics.widgets.layout : Blur: <asciimatics.widgets.layout.Layout object at 0x000001A1B0E7B0A0>
2026-02-15 12:28:22,902 : DEBUG : asciimatics.widgets.layout : Focus: <asciimatics.widgets.layout.Layout object at 0x000001A1B0E7B040>
2026-02-15 12:28:22,902 : DEBUG : asciimatics.widgets.layout : Focus: <mpf.core.text_ui.MpfLayout object at 0x000001A1B0CDC360>
2026-02-15 12:28:22,902 : DEBUG : asciimatics.widgets.layout : Focus: <asciimatics.widgets.layout.Layout object at 0x000001A1B0E7B0A0>
2026-02-15 12:28:22,902 : DEBUG : asciimatics.widgets.frame : Cloning: Test
2026-02-15 12:28:22,902 : DEBUG : asciimatics.widgets.layout : Updating: None
2026-02-15 12:28:22,902 : DEBUG : asciimatics.widgets.layout : Updating: None
2026-02-15 12:28:22,902 : DEBUG : asciimatics.widgets.layout : Updating: None
2026-02-15 12:28:22,902 : DEBUG : asciimatics.widgets.layout : Updating: None
2026-02-15 12:28:22,902 : DEBUG : asciimatics.widgets.layout : Updating: None
2026-02-15 12:28:22,902 : DEBUG : asciimatics.widgets.layout : Updating: None
2026-02-15 12:28:22,902 : DEBUG : asciimatics.widgets.layout : Updating: None
2026-02-15 12:28:22,902 : DEBUG : asciimatics.widgets.layout : Updating: None
2026-02-15 12:28:22,902 : DEBUG : asciimatics.widgets.layout : Updating: None
2026-02-15 12:28:22,902 : DEBUG : asciimatics.widgets.layout : Updating: None
2026-02-15 12:28:22,902 : DEBUG : asciimatics.widgets.layout : Updating: None
2026-02-15 12:28:22,902 : DEBUG : asciimatics.widgets.layout : Updating: None
2026-02-15 12:28:22,902 : DEBUG : asciimatics.widgets.layout : Updating: None
2026-02-15 12:28:22,902 : DEBUG : asciimatics.widgets.layout : Updating: None
2026-02-15 12:28:22,902 : DEBUG : asciimatics.widgets.layout : Updating: None
2026-02-15 12:28:22,902 : DEBUG : asciimatics.widgets.layout : Updating: None
2026-02-15 12:28:22,902 : DEBUG : asciimatics.widgets.layout : Updating: None
2026-02-15 12:28:22,902 : DEBUG : asciimatics.widgets.layout : Updating: None
2026-02-15 12:28:22,903 : DEBUG : asciimatics.screen : Processing key: d
2026-02-15 12:28:23,040 : INFO : FAST [NET] : Trying to connect to COM4 at 921600bps
2026-02-15 12:28:23,056 : INFO : FAST [NET] : Connected to COM4 at 921600bps
2026-02-15 12:28:23,072 : INFO : FAST [NET] : Connected to FP-CPU-2000 with firmware v02.26
2026-02-15 12:28:23,103 : INFO : FAST [NET] : Registered I/O Board 0: Model: FP-I/O-0804, Firmware: 01.10, Switches: 8, Drivers: 4
2026-02-15 12:28:23,119 : INFO : FAST [NET] : Registered I/O Board 1: Model: FP-I/O-1616, Firmware: 01.10, Switches: 16, Drivers: 16
2026-02-15 12:28:23,135 : INFO : FAST [NET] : Registered I/O Board 2: Model: FP-I/O-3208, Firmware: 01.10, Switches: 32, Drivers: 8
2026-02-15 12:28:23,150 : INFO : FAST [NET] : Registered I/O Board 3: Model: FP-I/O-1616, Firmware: 01.10, Switches: 16, Drivers: 16
2026-02-15 12:28:23,150 : INFO : FAST [EXP] : Trying to connect to COM5 at 921600bps
2026-02-15 12:28:23,150 : INFO : FAST [EXP] : Connected to COM5 at 921600bps
2026-02-15 12:28:23,150 : DEBUG : FAST [EXP] : Creating FAST Expansion Board "ledneuron" (FP-EXP-2000 Address: 48)
2026-02-15 12:28:23,150 : DEBUG : FAST [EXP] : Creating FAST Breakout Board 0 on EXP "ledneuron" (FP-EXP-2000, @48)
2026-02-15 12:28:23,166 : INFO : FAST [EXP] : Verifying hardware for EXP "ledneuron" (FP-EXP-2000, @48) with ID string "EXP FP-EXP-2000  0.42", board address 48
2026-02-15 12:28:23,181 : INFO : FAST [EXP] : Verifying hardware for EXP "ledneuron" (FP-EXP-2000, @48) with ID string "BRK FP-EXP-2000  0.42", board address 480
2026-02-15 12:28:24,900 : DEBUG : asciimatics.screen : Processing mouse: 98, 13
2026-02-15 12:28:24,900 : DEBUG : asciimatics.widgets.frame : New event: MouseEvent (98, 13) 0
2026-02-15 12:28:24,900 : DEBUG : asciimatics.screen : Processing mouse: 98, 13
2026-02-15 12:28:24,900 : DEBUG : asciimatics.widgets.frame : New event: MouseEvent (98, 13) 1
2026-02-15 12:28:24,900 : DEBUG : asciimatics.widgets.frame : Blurring: [<asciimatics.widgets.frame.Frame object at 0x000001A1B00DDFD0>]
2026-02-15 12:28:24,900 : DEBUG : asciimatics.screen : Processing mouse: 99, 13
2026-02-15 12:28:24,900 : DEBUG : asciimatics.widgets.frame : New event: MouseEvent (99, 13) 0
2026-02-15 12:28:25,900 : DEBUG : asciimatics.screen : Processing mouse: 100, 13
2026-02-15 12:28:25,900 : DEBUG : asciimatics.widgets.frame : New event: MouseEvent (100, 13) 0
2026-02-15 12:28:25,900 : DEBUG : asciimatics.screen : Processing mouse: 100, 13
2026-02-15 12:28:25,900 : DEBUG : asciimatics.widgets.frame : New event: MouseEvent (100, 13) 0
2026-02-15 12:28:25,900 : DEBUG : asciimatics.screen : Processing mouse: 99, 13
2026-02-15 12:28:25,900 : DEBUG : asciimatics.widgets.frame : New event: MouseEvent (99, 13) 0
2026-02-15 12:28:26,899 : DEBUG : asciimatics.screen : Processing key: 6b
2026-02-15 12:28:26,899 : DEBUG : asciimatics.widgets.frame : New event: KeyboardEvent: 107
2026-02-15 12:28:26,899 : DEBUG : asciimatics.screen : Processing key: 6b
2026-02-15 12:28:26,899 : DEBUG : asciimatics.screen : Processing key: 6b
2026-02-15 12:28:26,899 : DEBUG : asciimatics.widgets.frame : New event: KeyboardEvent: 107
2026-02-15 12:28:26,899 : DEBUG : asciimatics.screen : Processing key: 6b
2026-02-15 12:28:26,899 : DEBUG : asciimatics.screen : Processing key: 6b
2026-02-15 12:28:26,899 : DEBUG : asciimatics.widgets.frame : New event: KeyboardEvent: 107
2026-02-15 12:28:27,899 : DEBUG : asciimatics.screen : Processing key: 6b
2026-02-15 12:28:27,899 : DEBUG : asciimatics.screen : Processing key: 6b
2026-02-15 12:28:27,899 : DEBUG : asciimatics.widgets.frame : New event: KeyboardEvent: 107
2026-02-15 12:28:27,899 : DEBUG : asciimatics.screen : Processing key: 6b
2026-02-15 12:28:29,900 : DEBUG : asciimatics.screen : Processing key: 0
2026-02-15 12:28:30,071 : INFO : Machine : Starting the main run loop with active modes: []
2026-02-15 12:28:30,071 : ERROR : root : 'attract'
Traceback (most recent call last):
  File "C:\mpf\Lib\site-packages\mpf\commands\game.py", line 229, in __init__
    self.machine.run()
  File "C:\mpf\Lib\site-packages\mpf\core\machine.py", line 703, in run
    if not self.modes['attract'] in self.mode_controller.active_modes:
           ~~~~~~~~~~^^^^^^^^^^^
KeyError: 'attract'
