2026-02-15 14:11:24,622 : INFO : root : Loading config.
2026-02-15 14:11:24,626 : INFO : YamlMultifileConfigLoader : Machine config file #1: config.yaml
2026-02-15 14:11:24,627 : INFO : ConfigProcessor : Loading config from cache: C:\Users\tl\AppData\Local\Temp\86f932e179f318f5dae29f066573dee9.mpf_cache
2026-02-15 14:11:24,736 : INFO : ConfigProcessor : Loading config from cache: C:\Users\tl\AppData\Local\Temp\5e7e3dd8e04e0aa46ea76018297218da.mpf_cache
2026-02-15 14:11:24,737 : INFO : ConfigProcessor : Loading config from cache: C:\Users\tl\AppData\Local\Temp\af6ad0dab2f43bd9cbdac83e0b2786ac.mpf_cache
2026-02-15 14:11:24,738 : INFO : ConfigProcessor : Loading config from cache: C:\Users\tl\AppData\Local\Temp\5e7e3dd8e04e0aa46ea76018297218da.mpf_cache
2026-02-15 14:11:24,739 : INFO : ConfigProcessor : Loading config from cache: C:\Users\tl\AppData\Local\Temp\5d3b5ebc494e9a7257164cf172f94bef.mpf_cache
2026-02-15 14:11:24,740 : INFO : ConfigProcessor : Loading config from cache: C:\Users\tl\AppData\Local\Temp\f7ef3217062c4a128670875e2cb05ce9.mpf_cache
2026-02-15 14:11:24,741 : INFO : Machine : Mission Pinball Framework Core Engine v0.80.0.dev12
2026-02-15 14:11:24,741 : INFO : Machine : Command line arguments: {'no_load_cache': False, 'create_config_cache': True, 'bcp': True, 'configfile': ['config.yaml'], 'force_assets_load': False, 'platform_integration_test': False, 'jsonlogging': False, 'logfile': 'logs\\2026-02-15-14-11-24-mpf-DESKTOP-HV85DRD.log', 'pause': False, 'production': False, 'text_ui': False, 'loglevel': 15, 'consoleloglevel': 20, 'force_platform': 'virtual', 'syslog_address': None, 'full_logfile_path': 'C:\\Users\\tl\\Documents\\tl-pinball\\logs\\2026-02-15-14-11-24-mpf-DESKTOP-HV85DRD.log'}
2026-02-15 14:11:24,741 : INFO : Machine : MPF path: C:\mpf\Lib\site-packages\mpf
2026-02-15 14:11:24,741 : INFO : Machine : Machine path: C:\Users\tl\Documents\tl-pinball
2026-02-15 14:11:24,741 : INFO : Machine : Platform: win32
2026-02-15 14:11:24,741 : INFO : Machine : Python executable location: C:\mpf\Scripts\python.exe
2026-02-15 14:11:24,741 : INFO : Machine : Python version: 3.12.7 (64-bit)
2026-02-15 14:11:24,743 : INFO : Machine : Initializing MPF...
2026-02-15 14:11:24,830 : INFO : EventManager : Event: ======'machine_var_credits_string'====== Args={'value': 'FREE PLAY', 'prev_value': None, 'change': True}
2026-02-15 14:11:24,852 : INFO : EventManager : Event: ======'machine_var_master_volume'====== Args={'value': 0.55, 'prev_value': None, 'change': True}
2026-02-15 14:11:24,852 : INFO : EventManager : Event: ======'machine_var_player1_score'====== Args={'value': 0, 'prev_value': None, 'change': True}
2026-02-15 14:11:24,852 : INFO : EventManager : Event: ======'machine_var_mpf_version'====== Args={'value': 'Mission Pinball Framework v0.80.0.dev12', 'prev_value': None, 'change': True}
2026-02-15 14:11:24,852 : INFO : EventManager : Event: ======'machine_var_mpf_extended_version'====== Args={'value': 'Mission Pinball Framework v0.80.0.dev12, Config version:6, Show version: 6, BCP version:1.1', 'prev_value': None, 'change': True}
2026-02-15 14:11:24,853 : INFO : EventManager : Event: ======'machine_var_python_version'====== Args={'value': '3.12.7', 'prev_value': None, 'change': True}
2026-02-15 14:11:24,982 : INFO : EventManager : Event: ======'machine_var_platform'====== Args={'value': 'Windows-10-10.0.19044-SP0', 'prev_value': None, 'change': True}
2026-02-15 14:11:24,982 : INFO : EventManager : Event: ======'machine_var_platform_system'====== Args={'value': 'Windows', 'prev_value': None, 'change': True}
2026-02-15 14:11:24,982 : INFO : EventManager : Event: ======'machine_var_platform_release'====== Args={'value': '10', 'prev_value': None, 'change': True}
2026-02-15 14:11:24,982 : INFO : EventManager : Event: ======'machine_var_platform_version'====== Args={'value': '10.0.19044', 'prev_value': None, 'change': True}
2026-02-15 14:11:24,982 : INFO : EventManager : Event: ======'machine_var_platform_machine'====== Args={'value': 'AMD64', 'prev_value': None, 'change': True}
2026-02-15 14:11:24,983 : INFO : EventManager : Event: ======'machine_var_log_file_path'====== Args={'value': 'C:\\Users\\tl\\Documents\\tl-pinball\\logs\\2026-02-15-14-11-24-mpf-DESKTOP-HV85DRD.log', 'prev_value': None, 'change': True}
2026-02-15 14:11:24,983 : INFO : EventManager : Event: ======'init_phase_1'====== Args={}
2026-02-15 14:11:25,020 : INFO : EventManager : Event: ======'drop_target_bank_dt_bank_1_4_up'====== Args={}
2026-02-15 14:11:25,020 : INFO : EventManager : Event: ======'drop_target_bank_dt_bank_5_7_up'====== Args={}
2026-02-15 14:11:25,020 : INFO : EventManager : Event: ======'init_phase_2'====== Args={}
2026-02-15 14:11:25,024 : INFO : EventManager : Event: ======'bcp_connection_attempt'====== Args={'name': 'local_display', 'host': 'localhost', 'port': 5050}
2026-02-15 14:11:25,025 : INFO : BCPClientSocket : Connecting BCP to 'local_display' at localhost:5050...
2026-02-15 14:11:28,598 : INFO : BCPClientSocket : Connected BCP to 'local_display' localhost:5050
2026-02-15 14:11:28,598 : INFO : EventManager : Event: ======'bcp_clients_connected'====== Args={}
2026-02-15 14:11:28,599 : INFO : ball_device.bd_plunger : BCH: Initial count: 0
2026-02-15 14:11:28,599 : INFO : ball_device.bd_plunger : State: idle
2026-02-15 14:11:28,599 : INFO : ball_device.bd_trough : BCH: Initial count: 0
2026-02-15 14:11:28,600 : INFO : ball_device.bd_trough : State: idle
2026-02-15 14:11:28,616 : INFO : EventManager : Event: ======'init_phase_3'====== Args={}
2026-02-15 14:11:28,618 : INFO : EventManager : Event: ======'init_phase_4'====== Args={}
2026-02-15 14:11:28,618 : INFO : BallController : Initial balls found: 0
2026-02-15 14:11:28,619 : INFO : EventManager : Event: ======'machine_var_audits_events_game_ended'====== Args={'value': 10, 'prev_value': None, 'change': True}
2026-02-15 14:11:28,619 : INFO : EventManager : Event: ======'machine_var_audits_events_game_started'====== Args={'value': 57, 'prev_value': None, 'change': True}
2026-02-15 14:11:28,619 : INFO : EventManager : Event: ======'machine_var_audits_missing_switches_s_00_service_esc'====== Args={'value': 11, 'prev_value': None, 'change': True}
2026-02-15 14:11:28,619 : INFO : EventManager : Event: ======'machine_var_audits_missing_switches_s_01_service_up'====== Args={'value': 11, 'prev_value': None, 'change': True}
2026-02-15 14:11:28,619 : INFO : EventManager : Event: ======'machine_var_audits_missing_switches_s_02_service_down'====== Args={'value': 11, 'prev_value': None, 'change': True}
2026-02-15 14:11:28,619 : INFO : EventManager : Event: ======'machine_var_audits_missing_switches_s_03_service_enter'====== Args={'value': 11, 'prev_value': None, 'change': True}
2026-02-15 14:11:28,619 : INFO : EventManager : Event: ======'machine_var_audits_missing_switches_s_08_left_flipper'====== Args={'value': 11, 'prev_value': None, 'change': True}
2026-02-15 14:11:28,619 : INFO : EventManager : Event: ======'machine_var_audits_missing_switches_s_0_service_esc'====== Args={'value': 46, 'prev_value': None, 'change': True}
2026-02-15 14:11:28,619 : INFO : EventManager : Event: ======'machine_var_audits_missing_switches_s_11_start_button'====== Args={'value': 8, 'prev_value': None, 'change': True}
2026-02-15 14:11:28,619 : INFO : EventManager : Event: ======'machine_var_audits_missing_switches_s_12_tilt_bob'====== Args={'value': 3, 'prev_value': None, 'change': True}
2026-02-15 14:11:28,619 : INFO : EventManager : Event: ======'machine_var_audits_missing_switches_s_13_coin_door'====== Args={'value': 3, 'prev_value': None, 'change': True}
2026-02-15 14:11:28,619 : INFO : EventManager : Event: ======'machine_var_audits_missing_switches_s_16_right_flipper'====== Args={'value': 27, 'prev_value': None, 'change': True}
2026-02-15 14:11:28,619 : INFO : EventManager : Event: ======'machine_var_audits_missing_switches_s_17_right_flipper_upper'====== Args={'value': 27, 'prev_value': None, 'change': True}
2026-02-15 14:11:28,619 : INFO : EventManager : Event: ======'machine_var_audits_missing_switches_s_19_cab_arrow_left'====== Args={'value': 3, 'prev_value': None, 'change': True}
2026-02-15 14:11:28,620 : INFO : EventManager : Event: ======'machine_var_audits_missing_switches_s_1_service_up'====== Args={'value': 46, 'prev_value': None, 'change': True}
2026-02-15 14:11:28,620 : INFO : EventManager : Event: ======'machine_var_audits_missing_switches_s_20_cab_arrow_right'====== Args={'value': 3, 'prev_value': None, 'change': True}
2026-02-15 14:11:28,620 : INFO : EventManager : Event: ======'machine_var_audits_missing_switches_s_24_trough_1'====== Args={'value': 7, 'prev_value': None, 'change': True}
2026-02-15 14:11:28,620 : INFO : EventManager : Event: ======'machine_var_audits_missing_switches_s_25_trough_2'====== Args={'value': 7, 'prev_value': None, 'change': True}
2026-02-15 14:11:28,620 : INFO : EventManager : Event: ======'machine_var_audits_missing_switches_s_25_trough_jam'====== Args={'value': 2, 'prev_value': None, 'change': True}
2026-02-15 14:11:28,620 : INFO : EventManager : Event: ======'machine_var_audits_missing_switches_s_26_trough_1'====== Args={'value': 1, 'prev_value': None, 'change': True}
2026-02-15 14:11:28,620 : INFO : EventManager : Event: ======'machine_var_audits_missing_switches_s_26_trough_3'====== Args={'value': 7, 'prev_value': None, 'change': True}
2026-02-15 14:11:28,620 : INFO : EventManager : Event: ======'machine_var_audits_missing_switches_s_27_trough_4'====== Args={'value': 7, 'prev_value': None, 'change': True}
2026-02-15 14:11:28,620 : INFO : EventManager : Event: ======'machine_var_audits_missing_switches_s_28_trough_3'====== Args={'value': 1, 'prev_value': None, 'change': True}
2026-02-15 14:11:28,620 : INFO : EventManager : Event: ======'machine_var_audits_missing_switches_s_28_trough_5'====== Args={'value': 7, 'prev_value': None, 'change': True}
2026-02-15 14:11:28,620 : INFO : EventManager : Event: ======'machine_var_audits_missing_switches_s_29_trough_4'====== Args={'value': 1, 'prev_value': None, 'change': True}
2026-02-15 14:11:28,620 : INFO : EventManager : Event: ======'machine_var_audits_missing_switches_s_29_trough_6'====== Args={'value': 7, 'prev_value': None, 'change': True}
2026-02-15 14:11:28,620 : INFO : EventManager : Event: ======'machine_var_audits_missing_switches_s_2_service_down'====== Args={'value': 46, 'prev_value': None, 'change': True}
2026-02-15 14:11:28,620 : INFO : EventManager : Event: ======'machine_var_audits_missing_switches_s_32_right_inlane'====== Args={'value': 12, 'prev_value': None, 'change': True}
2026-02-15 14:11:28,620 : INFO : EventManager : Event: ======'machine_var_audits_missing_switches_s_33_right_outlane'====== Args={'value': 19, 'prev_value': None, 'change': True}
2026-02-15 14:11:28,620 : INFO : EventManager : Event: ======'machine_var_audits_missing_switches_s_34_right_sling'====== Args={'value': 12, 'prev_value': None, 'change': True}
2026-02-15 14:11:28,620 : INFO : EventManager : Event: ======'machine_var_audits_missing_switches_s_35_left_inlane'====== Args={'value': 12, 'prev_value': None, 'change': True}
2026-02-15 14:11:28,620 : INFO : EventManager : Event: ======'machine_var_audits_missing_switches_s_36_left_outlane'====== Args={'value': 10, 'prev_value': None, 'change': True}
2026-02-15 14:11:28,620 : INFO : EventManager : Event: ======'machine_var_audits_missing_switches_s_37_left_sling'====== Args={'value': 17, 'prev_value': None, 'change': True}
2026-02-15 14:11:28,621 : INFO : EventManager : Event: ======'machine_var_audits_missing_switches_s_38_star_rollover_bottom'====== Args={'value': 54, 'prev_value': None, 'change': True}
2026-02-15 14:11:28,621 : INFO : EventManager : Event: ======'machine_var_audits_missing_switches_s_38_top_lane_a'====== Args={'value': 3, 'prev_value': None, 'change': True}
2026-02-15 14:11:28,621 : INFO : EventManager : Event: ======'machine_var_audits_missing_switches_s_39_star_rollover_top'====== Args={'value': 18, 'prev_value': None, 'change': True}
2026-02-15 14:11:28,621 : INFO : EventManager : Event: ======'machine_var_audits_missing_switches_s_39_top_lane_b'====== Args={'value': 3, 'prev_value': None, 'change': True}
2026-02-15 14:11:28,621 : INFO : EventManager : Event: ======'machine_var_audits_missing_switches_s_3_service_enter'====== Args={'value': 46, 'prev_value': None, 'change': True}
2026-02-15 14:11:28,621 : INFO : EventManager : Event: ======'machine_var_audits_missing_switches_s_40_stand_up_target_5'====== Args={'value': 1, 'prev_value': None, 'change': True}
2026-02-15 14:11:28,621 : INFO : EventManager : Event: ======'machine_var_audits_missing_switches_s_40_top_lane_c'====== Args={'value': 3, 'prev_value': None, 'change': True}
2026-02-15 14:11:28,621 : INFO : EventManager : Event: ======'machine_var_audits_missing_switches_s_41_pop_bumper_1'====== Args={'value': 2, 'prev_value': None, 'change': True}
2026-02-15 14:11:28,621 : INFO : EventManager : Event: ======'machine_var_audits_missing_switches_s_41_stand_up_target_6'====== Args={'value': 12, 'prev_value': None, 'change': True}
2026-02-15 14:11:28,621 : INFO : EventManager : Event: ======'machine_var_audits_missing_switches_s_42_pop_bumper_2'====== Args={'value': 3, 'prev_value': None, 'change': True}
2026-02-15 14:11:28,622 : INFO : EventManager : Event: ======'machine_var_audits_missing_switches_s_42_stand_up_target_1'====== Args={'value': 12, 'prev_value': None, 'change': True}
2026-02-15 14:11:28,622 : INFO : EventManager : Event: ======'machine_var_audits_missing_switches_s_43_stand_up_target_4'====== Args={'value': 12, 'prev_value': None, 'change': True}
2026-02-15 14:11:28,622 : INFO : EventManager : Event: ======'machine_var_audits_missing_switches_s_44_spinner_left'====== Args={'value': 1, 'prev_value': None, 'change': True}
2026-02-15 14:11:28,622 : INFO : EventManager : Event: ======'machine_var_audits_missing_switches_s_44_spinner_right'====== Args={'value': 2, 'prev_value': None, 'change': True}
2026-02-15 14:11:28,622 : INFO : EventManager : Event: ======'machine_var_audits_missing_switches_s_45_spinner_right'====== Args={'value': 3, 'prev_value': None, 'change': True}
2026-02-15 14:11:28,622 : INFO : EventManager : Event: ======'machine_var_audits_missing_switches_s_45_varitarget_poisition_1'====== Args={'value': 3, 'prev_value': None, 'change': True}
2026-02-15 14:11:28,622 : INFO : EventManager : Event: ======'machine_var_audits_missing_switches_s_46_varitarget_poisition_2'====== Args={'value': 3, 'prev_value': None, 'change': True}
2026-02-15 14:11:28,622 : INFO : EventManager : Event: ======'machine_var_audits_missing_switches_s_47_varitarget_poisition_3'====== Args={'value': 3, 'prev_value': None, 'change': True}
2026-02-15 14:11:28,622 : INFO : EventManager : Event: ======'machine_var_audits_missing_switches_s_48_varitarget_poisition_4'====== Args={'value': 3, 'prev_value': None, 'change': True}
2026-02-15 14:11:28,622 : INFO : EventManager : Event: ======'machine_var_audits_missing_switches_s_49_varitarget_poisition_5'====== Args={'value': 3, 'prev_value': None, 'change': True}
2026-02-15 14:11:28,622 : INFO : EventManager : Event: ======'machine_var_audits_missing_switches_s_50_saucer_left'====== Args={'value': 3, 'prev_value': None, 'change': True}
2026-02-15 14:11:28,622 : INFO : EventManager : Event: ======'machine_var_audits_missing_switches_s_51_saucer_right'====== Args={'value': 2, 'prev_value': None, 'change': True}
2026-02-15 14:11:28,622 : INFO : EventManager : Event: ======'machine_var_audits_missing_switches_s_52_star_rollover_top'====== Args={'value': 3, 'prev_value': None, 'change': True}
2026-02-15 14:11:28,622 : INFO : EventManager : Event: ======'machine_var_audits_missing_switches_s_53_star_rollover_bottom'====== Args={'value': 3, 'prev_value': None, 'change': True}
2026-02-15 14:11:28,622 : INFO : EventManager : Event: ======'machine_var_audits_missing_switches_s_54_single_drop_1'====== Args={'value': 3, 'prev_value': None, 'change': True}
2026-02-15 14:11:28,622 : INFO : EventManager : Event: ======'machine_var_audits_missing_switches_s_55_fourbank_drop_1'====== Args={'value': 3, 'prev_value': None, 'change': True}
2026-02-15 14:11:28,622 : INFO : EventManager : Event: ======'machine_var_audits_missing_switches_s_56_fourbank_drop_2'====== Args={'value': 3, 'prev_value': None, 'change': True}
2026-02-15 14:11:28,623 : INFO : EventManager : Event: ======'machine_var_audits_missing_switches_s_56_pop_bumper_right'====== Args={'value': 4, 'prev_value': None, 'change': True}
2026-02-15 14:11:28,623 : INFO : EventManager : Event: ======'machine_var_audits_missing_switches_s_57_fourbank_drop_3'====== Args={'value': 2, 'prev_value': None, 'change': True}
2026-02-15 14:11:28,623 : INFO : EventManager : Event: ======'machine_var_audits_missing_switches_s_57_pop_bumper_center'====== Args={'value': 4, 'prev_value': None, 'change': True}
2026-02-15 14:11:28,623 : INFO : EventManager : Event: ======'machine_var_audits_missing_switches_s_58_fourbank_drop_4'====== Args={'value': 2, 'prev_value': None, 'change': True}
2026-02-15 14:11:28,623 : INFO : EventManager : Event: ======'machine_var_audits_missing_switches_s_58_pop_bumper_left'====== Args={'value': 1, 'prev_value': None, 'change': True}
2026-02-15 14:11:28,623 : INFO : EventManager : Event: ======'machine_var_audits_missing_switches_s_59_saucer_right'====== Args={'value': 30, 'prev_value': None, 'change': True}
2026-02-15 14:11:28,623 : INFO : EventManager : Event: ======'machine_var_audits_missing_switches_s_59_threebank_drop_1'====== Args={'value': 2, 'prev_value': None, 'change': True}
2026-02-15 14:11:28,623 : INFO : EventManager : Event: ======'machine_var_audits_missing_switches_s_60_threebank_drop_2'====== Args={'value': 2, 'prev_value': None, 'change': True}
2026-02-15 14:11:28,623 : INFO : EventManager : Event: ======'machine_var_audits_missing_switches_s_60_top_lane_c'====== Args={'value': 7, 'prev_value': None, 'change': True}
2026-02-15 14:11:28,623 : INFO : EventManager : Event: ======'machine_var_audits_missing_switches_s_61_threebank_drop_3'====== Args={'value': 3, 'prev_value': None, 'change': True}
2026-02-15 14:11:28,623 : INFO : EventManager : Event: ======'machine_var_audits_missing_switches_s_61_top_lane_b'====== Args={'value': 8, 'prev_value': None, 'change': True}
2026-02-15 14:11:28,623 : INFO : EventManager : Event: ======'machine_var_audits_missing_switches_s_62_stand_up_target_1'====== Args={'value': 3, 'prev_value': None, 'change': True}
2026-02-15 14:11:28,623 : INFO : EventManager : Event: ======'machine_var_audits_missing_switches_s_62_top_lane_a'====== Args={'value': 12, 'prev_value': None, 'change': True}
2026-02-15 14:11:28,623 : INFO : EventManager : Event: ======'machine_var_audits_missing_switches_s_63_stand_up_target_2'====== Args={'value': 2, 'prev_value': None, 'change': True}
2026-02-15 14:11:28,623 : INFO : EventManager : Event: ======'machine_var_audits_missing_switches_s_64_stand_up_target_3'====== Args={'value': 2, 'prev_value': None, 'change': True}
2026-02-15 14:11:28,623 : INFO : EventManager : Event: ======'machine_var_audits_missing_switches_s_65_stand_up_target_4'====== Args={'value': 3, 'prev_value': None, 'change': True}
2026-02-15 14:11:28,623 : INFO : EventManager : Event: ======'machine_var_audits_missing_switches_s_65_varitarget_poisition_2'====== Args={'value': 32, 'prev_value': None, 'change': True}
2026-02-15 14:11:28,623 : INFO : EventManager : Event: ======'machine_var_audits_missing_switches_s_66_stand_up_target_5'====== Args={'value': 3, 'prev_value': None, 'change': True}
2026-02-15 14:11:28,623 : INFO : EventManager : Event: ======'machine_var_audits_missing_switches_s_66_varitarget_poisition_3'====== Args={'value': 32, 'prev_value': None, 'change': True}
2026-02-15 14:11:28,623 : INFO : EventManager : Event: ======'machine_var_audits_missing_switches_s_67_stand_up_target_6'====== Args={'value': 3, 'prev_value': None, 'change': True}
2026-02-15 14:11:28,623 : INFO : EventManager : Event: ======'machine_var_audits_missing_switches_s_67_varitarget_poisition_4'====== Args={'value': 32, 'prev_value': None, 'change': True}
2026-02-15 14:11:28,624 : INFO : EventManager : Event: ======'machine_var_audits_missing_switches_s_68_stand_up_target_7'====== Args={'value': 2, 'prev_value': None, 'change': True}
2026-02-15 14:11:28,624 : INFO : EventManager : Event: ======'machine_var_audits_missing_switches_s_68_varitarget_poisition_5'====== Args={'value': 32, 'prev_value': None, 'change': True}
2026-02-15 14:11:28,624 : INFO : EventManager : Event: ======'machine_var_audits_missing_switches_s_69_stand_up_target_8'====== Args={'value': 1, 'prev_value': None, 'change': True}
2026-02-15 14:11:28,624 : INFO : EventManager : Event: ======'machine_var_audits_missing_switches_s_69_varitarget_poisition_6'====== Args={'value': 32, 'prev_value': None, 'change': True}
2026-02-15 14:11:28,624 : INFO : EventManager : Event: ======'machine_var_audits_missing_switches_s_70_stand_up_target_9'====== Args={'value': 3, 'prev_value': None, 'change': True}
2026-02-15 14:11:28,624 : INFO : EventManager : Event: ======'machine_var_audits_missing_switches_s_70_varitarget_poisition_7'====== Args={'value': 15, 'prev_value': None, 'change': True}
2026-02-15 14:11:28,624 : INFO : EventManager : Event: ======'machine_var_audits_missing_switches_s_71_spinner_left'====== Args={'value': 2, 'prev_value': None, 'change': True}
2026-02-15 14:11:28,624 : INFO : EventManager : Event: ======'machine_var_audits_missing_switches_s_71_stand_up_target_10'====== Args={'value': 3, 'prev_value': None, 'change': True}
2026-02-15 14:11:28,624 : INFO : EventManager : Event: ======'machine_var_audits_missing_switches_s_72_stand_up_target_11'====== Args={'value': 3, 'prev_value': None, 'change': True}
2026-02-15 14:11:28,624 : INFO : EventManager : Event: ======'machine_var_audits_missing_switches_s_73_fourbank_drop_1'====== Args={'value': 8, 'prev_value': None, 'change': True}
2026-02-15 14:11:28,624 : INFO : EventManager : Event: ======'machine_var_audits_missing_switches_s_74_fourbank_drop_2'====== Args={'value': 2, 'prev_value': None, 'change': True}
2026-02-15 14:11:28,624 : INFO : EventManager : Event: ======'machine_var_audits_missing_switches_s_75_fourbank_drop_3'====== Args={'value': 16, 'prev_value': None, 'change': True}
2026-02-15 14:11:28,624 : INFO : EventManager : Event: ======'machine_var_audits_missing_switches_s_76_fourbank_drop_4'====== Args={'value': 21, 'prev_value': None, 'change': True}
2026-02-15 14:11:28,624 : INFO : EventManager : Event: ======'machine_var_audits_missing_switches_s_77_threebank_drop_1'====== Args={'value': 15, 'prev_value': None, 'change': True}
2026-02-15 14:11:28,624 : INFO : EventManager : Event: ======'machine_var_audits_missing_switches_s_79_threebank_drop_3'====== Args={'value': 8, 'prev_value': None, 'change': True}
2026-02-15 14:11:28,624 : INFO : EventManager : Event: ======'machine_var_audits_missing_switches_s_80_stand_up_target_2'====== Args={'value': 12, 'prev_value': None, 'change': True}
2026-02-15 14:11:28,624 : INFO : EventManager : Event: ======'machine_var_audits_missing_switches_s_81_saucer_left'====== Args={'value': 44, 'prev_value': None, 'change': True}
2026-02-15 14:11:28,624 : INFO : EventManager : Event: ======'machine_var_audits_missing_switches_s_82_stand_up_target_bank_1'====== Args={'value': 18, 'prev_value': None, 'change': True}
2026-02-15 14:11:28,624 : INFO : EventManager : Event: ======'machine_var_audits_missing_switches_s_83_stand_up_target_bank_2'====== Args={'value': 3, 'prev_value': None, 'change': True}
2026-02-15 14:11:28,624 : INFO : EventManager : Event: ======'machine_var_audits_missing_switches_s_84_stand_up_target_bank_3'====== Args={'value': 17, 'prev_value': None, 'change': True}
2026-02-15 14:11:28,624 : INFO : EventManager : Event: ======'machine_var_audits_missing_switches_s_85_stand_up_target_bank_4'====== Args={'value': 12, 'prev_value': None, 'change': True}
2026-02-15 14:11:28,624 : INFO : EventManager : Event: ======'machine_var_audits_missing_switches_s_86_stand_up_target_bank_5'====== Args={'value': 12, 'prev_value': None, 'change': True}
2026-02-15 14:11:28,625 : INFO : EventManager : Event: ======'machine_var_audits_missing_switches_s_87_stand_up_target_bank_6'====== Args={'value': 18, 'prev_value': None, 'change': True}
2026-02-15 14:11:28,625 : INFO : EventManager : Event: ======'machine_var_audits_missing_switches_s_8_left_flipper'====== Args={'value': 19, 'prev_value': None, 'change': True}
2026-02-15 14:11:28,625 : INFO : EventManager : Event: ======'machine_var_audits_player_score'====== Args={'value': {'average': 0, 'top': [0, 0, 0, 0, 0, 0, 0, 0, 0, 0], 'total': 10}, 'prev_value': None, 'change': True}
2026-02-15 14:11:28,625 : INFO : EventManager : Event: ======'machine_var_audits_switches_s_00_service_esc'====== Args={'value': 0, 'prev_value': None, 'change': True}
2026-02-15 14:11:28,625 : INFO : EventManager : Event: ======'machine_var_audits_switches_s_01_service_up'====== Args={'value': 0, 'prev_value': None, 'change': True}
2026-02-15 14:11:28,625 : INFO : EventManager : Event: ======'machine_var_audits_switches_s_02_service_down'====== Args={'value': 0, 'prev_value': None, 'change': True}
2026-02-15 14:11:28,625 : INFO : EventManager : Event: ======'machine_var_audits_switches_s_03_service_enter'====== Args={'value': 0, 'prev_value': None, 'change': True}
2026-02-15 14:11:28,625 : INFO : EventManager : Event: ======'machine_var_audits_switches_s_08_left_flipper'====== Args={'value': 0, 'prev_value': None, 'change': True}
2026-02-15 14:11:28,625 : INFO : EventManager : Event: ======'machine_var_audits_switches_s_0_service_esc'====== Args={'value': 0, 'prev_value': None, 'change': True}
2026-02-15 14:11:28,625 : INFO : EventManager : Event: ======'machine_var_audits_switches_s_11_start_button'====== Args={'value': 22, 'prev_value': None, 'change': True}
2026-02-15 14:11:28,625 : INFO : EventManager : Event: ======'machine_var_audits_switches_s_12_tilt_bob'====== Args={'value': 0, 'prev_value': None, 'change': True}
2026-02-15 14:11:28,625 : INFO : EventManager : Event: ======'machine_var_audits_switches_s_13_coin_door'====== Args={'value': 0, 'prev_value': None, 'change': True}
2026-02-15 14:11:28,625 : INFO : EventManager : Event: ======'machine_var_audits_switches_s_16_right_flipper'====== Args={'value': 621, 'prev_value': None, 'change': True}
2026-02-15 14:11:28,625 : INFO : EventManager : Event: ======'machine_var_audits_switches_s_17_right_flipper_upper'====== Args={'value': 537, 'prev_value': None, 'change': True}
2026-02-15 14:11:28,625 : INFO : EventManager : Event: ======'machine_var_audits_switches_s_19_cab_arrow_left'====== Args={'value': 0, 'prev_value': None, 'change': True}
2026-02-15 14:11:28,625 : INFO : EventManager : Event: ======'machine_var_audits_switches_s_1_service_up'====== Args={'value': 0, 'prev_value': None, 'change': True}
2026-02-15 14:11:28,625 : INFO : EventManager : Event: ======'machine_var_audits_switches_s_20_cab_arrow_right'====== Args={'value': 0, 'prev_value': None, 'change': True}
2026-02-15 14:11:28,625 : INFO : EventManager : Event: ======'machine_var_audits_switches_s_24_plunger_lane'====== Args={'value': 19, 'prev_value': None, 'change': True}
2026-02-15 14:11:28,625 : INFO : EventManager : Event: ======'machine_var_audits_switches_s_24_trough_1'====== Args={'value': 56, 'prev_value': None, 'change': True}
2026-02-15 14:11:28,625 : INFO : EventManager : Event: ======'machine_var_audits_switches_s_25_trough_2'====== Args={'value': 49, 'prev_value': None, 'change': True}
2026-02-15 14:11:28,625 : INFO : EventManager : Event: ======'machine_var_audits_switches_s_25_trough_jam'====== Args={'value': 3, 'prev_value': None, 'change': True}
2026-02-15 14:11:28,625 : INFO : EventManager : Event: ======'machine_var_audits_switches_s_26_trough_1'====== Args={'value': 21, 'prev_value': None, 'change': True}
2026-02-15 14:11:28,626 : INFO : EventManager : Event: ======'machine_var_audits_switches_s_26_trough_3'====== Args={'value': 46, 'prev_value': None, 'change': True}
2026-02-15 14:11:28,626 : INFO : EventManager : Event: ======'machine_var_audits_switches_s_27_trough_2'====== Args={'value': 19, 'prev_value': None, 'change': True}
2026-02-15 14:11:28,626 : INFO : EventManager : Event: ======'machine_var_audits_switches_s_27_trough_4'====== Args={'value': 38, 'prev_value': None, 'change': True}
2026-02-15 14:11:28,626 : INFO : EventManager : Event: ======'machine_var_audits_switches_s_28_trough_3'====== Args={'value': 2, 'prev_value': None, 'change': True}
2026-02-15 14:11:28,626 : INFO : EventManager : Event: ======'machine_var_audits_switches_s_28_trough_5'====== Args={'value': 40, 'prev_value': None, 'change': True}
2026-02-15 14:11:28,626 : INFO : EventManager : Event: ======'machine_var_audits_switches_s_29_trough_4'====== Args={'value': 2, 'prev_value': None, 'change': True}
2026-02-15 14:11:28,626 : INFO : EventManager : Event: ======'machine_var_audits_switches_s_29_trough_6'====== Args={'value': 58, 'prev_value': None, 'change': True}
2026-02-15 14:11:28,626 : INFO : EventManager : Event: ======'machine_var_audits_switches_s_2_service_down'====== Args={'value': 0, 'prev_value': None, 'change': True}
2026-02-15 14:11:28,626 : INFO : EventManager : Event: ======'machine_var_audits_switches_s_30_trough_jam'====== Args={'value': 87, 'prev_value': None, 'change': True}
2026-02-15 14:11:28,626 : INFO : EventManager : Event: ======'machine_var_audits_switches_s_31_plunger_lane'====== Args={'value': 86, 'prev_value': None, 'change': True}
2026-02-15 14:11:28,626 : INFO : EventManager : Event: ======'machine_var_audits_switches_s_32_right_inlane'====== Args={'value': 13, 'prev_value': None, 'change': True}
2026-02-15 14:11:28,626 : INFO : EventManager : Event: ======'machine_var_audits_switches_s_33_right_outlane'====== Args={'value': 1, 'prev_value': None, 'change': True}
2026-02-15 14:11:28,626 : INFO : EventManager : Event: ======'machine_var_audits_switches_s_34_right_sling'====== Args={'value': 622, 'prev_value': None, 'change': True}
2026-02-15 14:11:28,626 : INFO : EventManager : Event: ======'machine_var_audits_switches_s_35_left_inlane'====== Args={'value': 44, 'prev_value': None, 'change': True}
2026-02-15 14:11:28,626 : INFO : EventManager : Event: ======'machine_var_audits_switches_s_36_left_outlane'====== Args={'value': 257, 'prev_value': None, 'change': True}
2026-02-15 14:11:28,626 : INFO : EventManager : Event: ======'machine_var_audits_switches_s_37_left_sling'====== Args={'value': 94, 'prev_value': None, 'change': True}
2026-02-15 14:11:28,626 : INFO : EventManager : Event: ======'machine_var_audits_switches_s_38_star_rollover_bottom'====== Args={'value': 0, 'prev_value': None, 'change': True}
2026-02-15 14:11:28,626 : INFO : EventManager : Event: ======'machine_var_audits_switches_s_38_top_lane_a'====== Args={'value': 0, 'prev_value': None, 'change': True}
2026-02-15 14:11:28,626 : INFO : EventManager : Event: ======'machine_var_audits_switches_s_39_star_rollover_top'====== Args={'value': 12, 'prev_value': None, 'change': True}
2026-02-15 14:11:28,626 : INFO : EventManager : Event: ======'machine_var_audits_switches_s_39_top_lane_b'====== Args={'value': 0, 'prev_value': None, 'change': True}
2026-02-15 14:11:28,626 : INFO : EventManager : Event: ======'machine_var_audits_switches_s_3_service_enter'====== Args={'value': 0, 'prev_value': None, 'change': True}
2026-02-15 14:11:28,626 : INFO : EventManager : Event: ======'machine_var_audits_switches_s_40_stand_up_target_5'====== Args={'value': 1, 'prev_value': None, 'change': True}
2026-02-15 14:11:28,626 : INFO : EventManager : Event: ======'machine_var_audits_switches_s_40_stand_up_target_7'====== Args={'value': 26, 'prev_value': None, 'change': True}
2026-02-15 14:11:28,627 : INFO : EventManager : Event: ======'machine_var_audits_switches_s_40_top_lane_c'====== Args={'value': 0, 'prev_value': None, 'change': True}
2026-02-15 14:11:28,627 : INFO : EventManager : Event: ======'machine_var_audits_switches_s_41_pop_bumper_1'====== Args={'value': 1, 'prev_value': None, 'change': True}
2026-02-15 14:11:28,627 : INFO : EventManager : Event: ======'machine_var_audits_switches_s_41_stand_up_target_6'====== Args={'value': 0, 'prev_value': None, 'change': True}
2026-02-15 14:11:28,627 : INFO : EventManager : Event: ======'machine_var_audits_switches_s_41_stand_up_target_8'====== Args={'value': 32, 'prev_value': None, 'change': True}
2026-02-15 14:11:28,627 : INFO : EventManager : Event: ======'machine_var_audits_switches_s_42_pop_bumper_2'====== Args={'value': 0, 'prev_value': None, 'change': True}
2026-02-15 14:11:28,627 : INFO : EventManager : Event: ======'machine_var_audits_switches_s_42_stand_up_target_1'====== Args={'value': 0, 'prev_value': None, 'change': True}
2026-02-15 14:11:28,627 : INFO : EventManager : Event: ======'machine_var_audits_switches_s_42_stand_up_target_9'====== Args={'value': 69, 'prev_value': None, 'change': True}
2026-02-15 14:11:28,627 : INFO : EventManager : Event: ======'machine_var_audits_switches_s_43_pop_bumper_3'====== Args={'value': 16, 'prev_value': None, 'change': True}
2026-02-15 14:11:28,627 : INFO : EventManager : Event: ======'machine_var_audits_switches_s_43_stand_up_target_10'====== Args={'value': 40, 'prev_value': None, 'change': True}
2026-02-15 14:11:28,627 : INFO : EventManager : Event: ======'machine_var_audits_switches_s_43_stand_up_target_4'====== Args={'value': 0, 'prev_value': None, 'change': True}
2026-02-15 14:11:28,627 : INFO : EventManager : Event: ======'machine_var_audits_switches_s_44_spinner_left'====== Args={'value': 8, 'prev_value': None, 'change': True}
2026-02-15 14:11:28,627 : INFO : EventManager : Event: ======'machine_var_audits_switches_s_44_spinner_right'====== Args={'value': 179, 'prev_value': None, 'change': True}
2026-02-15 14:11:28,627 : INFO : EventManager : Event: ======'machine_var_audits_switches_s_45_spinner_right'====== Args={'value': 0, 'prev_value': None, 'change': True}
2026-02-15 14:11:28,627 : INFO : EventManager : Event: ======'machine_var_audits_switches_s_45_varitarget_poisition_1'====== Args={'value': 0, 'prev_value': None, 'change': True}
2026-02-15 14:11:28,627 : INFO : EventManager : Event: ======'machine_var_audits_switches_s_46_varitarget_poisition_2'====== Args={'value': 0, 'prev_value': None, 'change': True}
2026-02-15 14:11:28,627 : INFO : EventManager : Event: ======'machine_var_audits_switches_s_47_varitarget_poisition_3'====== Args={'value': 0, 'prev_value': None, 'change': True}
2026-02-15 14:11:28,627 : INFO : EventManager : Event: ======'machine_var_audits_switches_s_48_varitarget_poisition_4'====== Args={'value': 0, 'prev_value': None, 'change': True}
2026-02-15 14:11:28,627 : INFO : EventManager : Event: ======'machine_var_audits_switches_s_49_varitarget_poisition_5'====== Args={'value': 0, 'prev_value': None, 'change': True}
2026-02-15 14:11:28,627 : INFO : EventManager : Event: ======'machine_var_audits_switches_s_50_saucer_left'====== Args={'value': 0, 'prev_value': None, 'change': True}
2026-02-15 14:11:28,627 : INFO : EventManager : Event: ======'machine_var_audits_switches_s_51_saucer_right'====== Args={'value': 2, 'prev_value': None, 'change': True}
2026-02-15 14:11:28,627 : INFO : EventManager : Event: ======'machine_var_audits_switches_s_52_star_rollover_top'====== Args={'value': 0, 'prev_value': None, 'change': True}
2026-02-15 14:11:28,627 : INFO : EventManager : Event: ======'machine_var_audits_switches_s_53_star_rollover_bottom'====== Args={'value': 0, 'prev_value': None, 'change': True}
2026-02-15 14:11:28,628 : INFO : EventManager : Event: ======'machine_var_audits_switches_s_54_single_drop_1'====== Args={'value': 0, 'prev_value': None, 'change': True}
2026-02-15 14:11:28,628 : INFO : EventManager : Event: ======'machine_var_audits_switches_s_55_fourbank_drop_1'====== Args={'value': 0, 'prev_value': None, 'change': True}
2026-02-15 14:11:28,628 : INFO : EventManager : Event: ======'machine_var_audits_switches_s_56_fourbank_drop_2'====== Args={'value': 0, 'prev_value': None, 'change': True}
2026-02-15 14:11:28,628 : INFO : EventManager : Event: ======'machine_var_audits_switches_s_56_pop_bumper_right'====== Args={'value': 57, 'prev_value': None, 'change': True}
2026-02-15 14:11:28,628 : INFO : EventManager : Event: ======'machine_var_audits_switches_s_57_fourbank_drop_3'====== Args={'value': 1, 'prev_value': None, 'change': True}
2026-02-15 14:11:28,628 : INFO : EventManager : Event: ======'machine_var_audits_switches_s_57_pop_bumper_center'====== Args={'value': 158, 'prev_value': None, 'change': True}
2026-02-15 14:11:28,628 : INFO : EventManager : Event: ======'machine_var_audits_switches_s_58_fourbank_drop_4'====== Args={'value': 1, 'prev_value': None, 'change': True}
2026-02-15 14:11:28,628 : INFO : EventManager : Event: ======'machine_var_audits_switches_s_58_pop_bumper_left'====== Args={'value': 98, 'prev_value': None, 'change': True}
2026-02-15 14:11:28,628 : INFO : EventManager : Event: ======'machine_var_audits_switches_s_59_saucer_right'====== Args={'value': 7, 'prev_value': None, 'change': True}
2026-02-15 14:11:28,628 : INFO : EventManager : Event: ======'machine_var_audits_switches_s_59_threebank_drop_1'====== Args={'value': 1, 'prev_value': None, 'change': True}
2026-02-15 14:11:28,628 : INFO : EventManager : Event: ======'machine_var_audits_switches_s_60_threebank_drop_2'====== Args={'value': 1, 'prev_value': None, 'change': True}
2026-02-15 14:11:28,628 : INFO : EventManager : Event: ======'machine_var_audits_switches_s_60_top_lane_c'====== Args={'value': 65, 'prev_value': None, 'change': True}
2026-02-15 14:11:28,628 : INFO : EventManager : Event: ======'machine_var_audits_switches_s_61_threebank_drop_3'====== Args={'value': 0, 'prev_value': None, 'change': True}
2026-02-15 14:11:28,628 : INFO : EventManager : Event: ======'machine_var_audits_switches_s_61_top_lane_b'====== Args={'value': 31, 'prev_value': None, 'change': True}
2026-02-15 14:11:28,628 : INFO : EventManager : Event: ======'machine_var_audits_switches_s_62_stand_up_target_1'====== Args={'value': 0, 'prev_value': None, 'change': True}
2026-02-15 14:11:28,628 : INFO : EventManager : Event: ======'machine_var_audits_switches_s_62_top_lane_a'====== Args={'value': 124, 'prev_value': None, 'change': True}
2026-02-15 14:11:28,628 : INFO : EventManager : Event: ======'machine_var_audits_switches_s_63_stand_up_target_11'====== Args={'value': 43, 'prev_value': None, 'change': True}
2026-02-15 14:11:28,628 : INFO : EventManager : Event: ======'machine_var_audits_switches_s_63_stand_up_target_2'====== Args={'value': 1, 'prev_value': None, 'change': True}
2026-02-15 14:11:28,628 : INFO : EventManager : Event: ======'machine_var_audits_switches_s_63_stand_up_target_3'====== Args={'value': 6, 'prev_value': None, 'change': True}
2026-02-15 14:11:28,628 : INFO : EventManager : Event: ======'machine_var_audits_switches_s_64_stand_up_target_3'====== Args={'value': 1, 'prev_value': None, 'change': True}
2026-02-15 14:11:28,628 : INFO : EventManager : Event: ======'machine_var_audits_switches_s_64_varitarget_poisition_1'====== Args={'value': 872, 'prev_value': None, 'change': True}
2026-02-15 14:11:28,629 : INFO : EventManager : Event: ======'machine_var_audits_switches_s_65_stand_up_target_4'====== Args={'value': 0, 'prev_value': None, 'change': True}
2026-02-15 14:11:28,629 : INFO : EventManager : Event: ======'machine_var_audits_switches_s_65_varitarget_poisition_2'====== Args={'value': 11, 'prev_value': None, 'change': True}
2026-02-15 14:11:28,629 : INFO : EventManager : Event: ======'machine_var_audits_switches_s_66_stand_up_target_5'====== Args={'value': 0, 'prev_value': None, 'change': True}
2026-02-15 14:11:28,629 : INFO : EventManager : Event: ======'machine_var_audits_switches_s_66_varitarget_poisition_3'====== Args={'value': 6, 'prev_value': None, 'change': True}
2026-02-15 14:11:28,629 : INFO : EventManager : Event: ======'machine_var_audits_switches_s_67_stand_up_target_6'====== Args={'value': 0, 'prev_value': None, 'change': True}
2026-02-15 14:11:28,629 : INFO : EventManager : Event: ======'machine_var_audits_switches_s_67_varitarget_poisition_4'====== Args={'value': 11, 'prev_value': None, 'change': True}
2026-02-15 14:11:28,629 : INFO : EventManager : Event: ======'machine_var_audits_switches_s_68_stand_up_target_7'====== Args={'value': 1, 'prev_value': None, 'change': True}
2026-02-15 14:11:28,629 : INFO : EventManager : Event: ======'machine_var_audits_switches_s_68_varitarget_poisition_5'====== Args={'value': 5, 'prev_value': None, 'change': True}
2026-02-15 14:11:28,629 : INFO : EventManager : Event: ======'machine_var_audits_switches_s_69_stand_up_target_8'====== Args={'value': 2, 'prev_value': None, 'change': True}
2026-02-15 14:11:28,629 : INFO : EventManager : Event: ======'machine_var_audits_switches_s_69_varitarget_poisition_6'====== Args={'value': 4, 'prev_value': None, 'change': True}
2026-02-15 14:11:28,629 : INFO : EventManager : Event: ======'machine_var_audits_switches_s_70_stand_up_target_9'====== Args={'value': 0, 'prev_value': None, 'change': True}
2026-02-15 14:11:28,629 : INFO : EventManager : Event: ======'machine_var_audits_switches_s_70_varitarget_poisition_7'====== Args={'value': 66, 'prev_value': None, 'change': True}
2026-02-15 14:11:28,629 : INFO : EventManager : Event: ======'machine_var_audits_switches_s_71_spinner_left'====== Args={'value': 2109, 'prev_value': None, 'change': True}
2026-02-15 14:11:28,629 : INFO : EventManager : Event: ======'machine_var_audits_switches_s_71_stand_up_target_10'====== Args={'value': 0, 'prev_value': None, 'change': True}
2026-02-15 14:11:28,629 : INFO : EventManager : Event: ======'machine_var_audits_switches_s_72_single_drop_1'====== Args={'value': 38, 'prev_value': None, 'change': True}
2026-02-15 14:11:28,629 : INFO : EventManager : Event: ======'machine_var_audits_switches_s_72_stand_up_target_11'====== Args={'value': 0, 'prev_value': None, 'change': True}
2026-02-15 14:11:28,629 : INFO : EventManager : Event: ======'machine_var_audits_switches_s_73_fourbank_drop_1'====== Args={'value': 251, 'prev_value': None, 'change': True}
2026-02-15 14:11:28,629 : INFO : EventManager : Event: ======'machine_var_audits_switches_s_74_fourbank_drop_2'====== Args={'value': 95, 'prev_value': None, 'change': True}
2026-02-15 14:11:28,629 : INFO : EventManager : Event: ======'machine_var_audits_switches_s_75_fourbank_drop_3'====== Args={'value': 99, 'prev_value': None, 'change': True}
2026-02-15 14:11:28,629 : INFO : EventManager : Event: ======'machine_var_audits_switches_s_76_fourbank_drop_4'====== Args={'value': 3, 'prev_value': None, 'change': True}
2026-02-15 14:11:28,629 : INFO : EventManager : Event: ======'machine_var_audits_switches_s_77_threebank_drop_1'====== Args={'value': 93, 'prev_value': None, 'change': True}
2026-02-15 14:11:28,629 : INFO : EventManager : Event: ======'machine_var_audits_switches_s_78_threebank_drop_2'====== Args={'value': 1056, 'prev_value': None, 'change': True}
2026-02-15 14:11:28,629 : INFO : EventManager : Event: ======'machine_var_audits_switches_s_79_threebank_drop_3'====== Args={'value': 307, 'prev_value': None, 'change': True}
2026-02-15 14:11:28,630 : INFO : EventManager : Event: ======'machine_var_audits_switches_s_80_stand_up_target_1'====== Args={'value': 72, 'prev_value': None, 'change': True}
2026-02-15 14:11:28,630 : INFO : EventManager : Event: ======'machine_var_audits_switches_s_80_stand_up_target_2'====== Args={'value': 0, 'prev_value': None, 'change': True}
2026-02-15 14:11:28,630 : INFO : EventManager : Event: ======'machine_var_audits_switches_s_81_saucer_left'====== Args={'value': 13, 'prev_value': None, 'change': True}
2026-02-15 14:11:28,630 : INFO : EventManager : Event: ======'machine_var_audits_switches_s_82_stand_up_target_bank_1'====== Args={'value': 25, 'prev_value': None, 'change': True}
2026-02-15 14:11:28,630 : INFO : EventManager : Event: ======'machine_var_audits_switches_s_83_stand_up_target_bank_2'====== Args={'value': 56, 'prev_value': None, 'change': True}
2026-02-15 14:11:28,630 : INFO : EventManager : Event: ======'machine_var_audits_switches_s_84_stand_up_target_bank_3'====== Args={'value': 41, 'prev_value': None, 'change': True}
2026-02-15 14:11:28,630 : INFO : EventManager : Event: ======'machine_var_audits_switches_s_85_stand_up_target_bank_4'====== Args={'value': 56, 'prev_value': None, 'change': True}
2026-02-15 14:11:28,630 : INFO : EventManager : Event: ======'machine_var_audits_switches_s_86_stand_up_target_bank_5'====== Args={'value': 215, 'prev_value': None, 'change': True}
2026-02-15 14:11:28,630 : INFO : EventManager : Event: ======'machine_var_audits_switches_s_87_stand_up_target_bank_6'====== Args={'value': 142, 'prev_value': None, 'change': True}
2026-02-15 14:11:28,630 : INFO : EventManager : Event: ======'machine_var_audits_switches_s_8_left_flipper'====== Args={'value': 455, 'prev_value': None, 'change': True}
2026-02-15 14:11:28,631 : INFO : EventManager : Event: ======'init_phase_5'====== Args={}
2026-02-15 14:11:28,631 : INFO : EventManager : Event: ======'init_done'====== Args={}
2026-02-15 14:11:28,631 : INFO : EventManager : Event: ======'machine_reset_phase_1'====== Args={}
2026-02-15 14:11:28,639 : INFO : EventManager : Event: ======'machine_reset_phase_2'====== Args={}
2026-02-15 14:11:28,639 : INFO : EventManager : Event: ======'machine_reset_phase_3'====== Args={}
2026-02-15 14:11:28,639 : INFO : drop_target_bank.dt_bank_1_4 : All targets are already up. Will not reset bank.
2026-02-15 14:11:28,639 : INFO : drop_target_bank.dt_bank_5_7 : All targets are already up. Will not reset bank.
2026-02-15 14:11:28,640 : INFO : EventManager : Event: ======'reset_complete'====== Args={}
2026-02-15 14:11:28,640 : INFO : EventManager : Event: ======'mode_service_will_start'====== Args={}
2026-02-15 14:11:28,641 : INFO : EventManager : Event: ======'mode_service_starting'====== Args={}
2026-02-15 14:11:28,641 : INFO : EventManager : Event: ======'mode_attract_will_start'====== Args={}
2026-02-15 14:11:28,641 : INFO : Timer.attract_carousel_timer : Starting Timer.
2026-02-15 14:11:28,641 : INFO : EventManager : Event: ======'timer_attract_carousel_timer_started'====== Args={'ticks': 0, 'ticks_remaining': 1}
2026-02-15 14:11:28,641 : INFO : EventManager : Event: ======'timer_attract_carousel_timer_tick'====== Args={'ticks': 0, 'ticks_remaining': 1}
2026-02-15 14:11:28,642 : INFO : EventManager : Event: ======'mode_attract_starting'====== Args={}
2026-02-15 14:11:28,642 : INFO : Mode.attract : Started. Priority: 10
2026-02-15 14:11:28,642 : INFO : EventManager : Event: ======'modes_active_modes_changed'====== Args={}
2026-02-15 14:11:28,642 : INFO : EventManager : Event: ======'mode_attract_started'====== Args={}
2026-02-15 14:11:28,642 : INFO : EventManager : Event: ======'collecting_balls_complete'====== Args={}
2026-02-15 14:11:28,642 : INFO : EventManager : Event: ======'carousel_item_highlighted'====== Args={'carousel': 'attract', 'direction': None, 'item': 'title'}
2026-02-15 14:11:28,643 : INFO : Mode.service : Started. Priority: 100000
2026-02-15 14:11:28,643 : INFO : EventManager : Event: ======'modes_active_modes_changed'====== Args={}
2026-02-15 14:11:28,643 : INFO : EventManager : Event: ======'mode_service_started'====== Args={}
2026-02-15 14:11:28,644 : INFO : Machine : Starting the main run loop with active modes: [<Mode.service>, <Mode.attract>]
2026-02-15 14:11:28,679 : INFO : EventManager : Event: ======'slide_attract_created'====== Args={'_from_bcp': True}
2026-02-15 14:11:28,679 : INFO : EventManager : Event: ======'slide__removed'====== Args={'_from_bcp': True}
2026-02-15 14:11:28,680 : INFO : EventManager : Event: ======'slide_attract_active'====== Args={'original_context': 'attract', 'original_calling_context': 'mode_attract_started', 'priority': 10.0, 'cmd': 'slides_play', '_from_bcp': True}
2026-02-15 14:11:30,657 : INFO : SwitchController : <<<<<<< 's_16_right_flipper' active >>>>>>>
2026-02-15 14:11:30,657 : INFO : EventManager : Event: ======'s_16_right_flipper_active'====== Args={}
2026-02-15 14:11:30,657 : INFO : EventManager : Event: ======'carousel_item_highlighted'====== Args={'carousel': 'attract', 'direction': 'forwards', 'item': 'credits'}
2026-02-15 14:11:30,823 : INFO : SwitchController : <<<<<<< 's_16_right_flipper' inactive >>>>>>>
2026-02-15 14:11:30,823 : INFO : EventManager : Event: ======'sw_right_flipper_inactive'====== Args={}
2026-02-15 14:11:31,623 : INFO : SwitchController : <<<<<<< 's_16_right_flipper' active >>>>>>>
2026-02-15 14:11:31,623 : INFO : EventManager : Event: ======'s_16_right_flipper_active'====== Args={}
2026-02-15 14:11:31,623 : INFO : EventManager : Event: ======'carousel_item_highlighted'====== Args={'carousel': 'attract', 'direction': 'forwards', 'item': 'mpf_logo'}
2026-02-15 14:11:31,689 : INFO : SwitchController : <<<<<<< 's_16_right_flipper' inactive >>>>>>>
2026-02-15 14:11:31,690 : INFO : EventManager : Event: ======'sw_right_flipper_inactive'====== Args={}
2026-02-15 14:11:31,806 : INFO : SwitchController : <<<<<<< 's_16_right_flipper' active >>>>>>>
2026-02-15 14:11:31,806 : INFO : EventManager : Event: ======'s_16_right_flipper_active'====== Args={}
2026-02-15 14:11:31,806 : INFO : EventManager : Event: ======'carousel_item_highlighted'====== Args={'carousel': 'attract', 'direction': 'forwards', 'item': 'title'}
2026-02-15 14:11:31,889 : INFO : SwitchController : <<<<<<< 's_16_right_flipper' inactive >>>>>>>
2026-02-15 14:11:31,890 : INFO : EventManager : Event: ======'sw_right_flipper_inactive'====== Args={}
2026-02-15 14:11:32,006 : INFO : SwitchController : <<<<<<< 's_16_right_flipper' active >>>>>>>
2026-02-15 14:11:32,006 : INFO : EventManager : Event: ======'s_16_right_flipper_active'====== Args={}
2026-02-15 14:11:32,006 : INFO : EventManager : Event: ======'carousel_item_highlighted'====== Args={'carousel': 'attract', 'direction': 'forwards', 'item': 'credits'}
2026-02-15 14:11:32,073 : INFO : SwitchController : <<<<<<< 's_16_right_flipper' inactive >>>>>>>
2026-02-15 14:11:32,073 : INFO : EventManager : Event: ======'sw_right_flipper_inactive'====== Args={}
2026-02-15 14:11:32,189 : INFO : SwitchController : <<<<<<< 's_16_right_flipper' active >>>>>>>
2026-02-15 14:11:32,189 : INFO : EventManager : Event: ======'s_16_right_flipper_active'====== Args={}
2026-02-15 14:11:32,190 : INFO : EventManager : Event: ======'carousel_item_highlighted'====== Args={'carousel': 'attract', 'direction': 'forwards', 'item': 'mpf_logo'}
2026-02-15 14:11:32,273 : INFO : SwitchController : <<<<<<< 's_16_right_flipper' inactive >>>>>>>
2026-02-15 14:11:32,273 : INFO : EventManager : Event: ======'sw_right_flipper_inactive'====== Args={}
2026-02-15 14:11:32,389 : INFO : SwitchController : <<<<<<< 's_16_right_flipper' active >>>>>>>
2026-02-15 14:11:32,390 : INFO : EventManager : Event: ======'s_16_right_flipper_active'====== Args={}
2026-02-15 14:11:32,390 : INFO : EventManager : Event: ======'carousel_item_highlighted'====== Args={'carousel': 'attract', 'direction': 'forwards', 'item': 'title'}
2026-02-15 14:11:32,456 : INFO : SwitchController : <<<<<<< 's_16_right_flipper' inactive >>>>>>>
2026-02-15 14:11:32,456 : INFO : EventManager : Event: ======'sw_right_flipper_inactive'====== Args={}
2026-02-15 14:11:32,589 : INFO : SwitchController : <<<<<<< 's_16_right_flipper' active >>>>>>>
2026-02-15 14:11:32,590 : INFO : EventManager : Event: ======'s_16_right_flipper_active'====== Args={}
2026-02-15 14:11:32,590 : INFO : EventManager : Event: ======'carousel_item_highlighted'====== Args={'carousel': 'attract', 'direction': 'forwards', 'item': 'credits'}
2026-02-15 14:11:32,656 : INFO : SwitchController : <<<<<<< 's_16_right_flipper' inactive >>>>>>>
2026-02-15 14:11:32,656 : INFO : EventManager : Event: ======'sw_right_flipper_inactive'====== Args={}
2026-02-15 14:11:32,773 : INFO : SwitchController : <<<<<<< 's_16_right_flipper' active >>>>>>>
2026-02-15 14:11:32,773 : INFO : EventManager : Event: ======'s_16_right_flipper_active'====== Args={}
2026-02-15 14:11:32,773 : INFO : EventManager : Event: ======'carousel_item_highlighted'====== Args={'carousel': 'attract', 'direction': 'forwards', 'item': 'mpf_logo'}
2026-02-15 14:11:32,856 : INFO : SwitchController : <<<<<<< 's_16_right_flipper' inactive >>>>>>>
2026-02-15 14:11:32,856 : INFO : EventManager : Event: ======'sw_right_flipper_inactive'====== Args={}
2026-02-15 14:11:32,973 : INFO : SwitchController : <<<<<<< 's_16_right_flipper' active >>>>>>>
2026-02-15 14:11:32,973 : INFO : EventManager : Event: ======'s_16_right_flipper_active'====== Args={}
2026-02-15 14:11:32,973 : INFO : EventManager : Event: ======'carousel_item_highlighted'====== Args={'carousel': 'attract', 'direction': 'forwards', 'item': 'title'}
2026-02-15 14:11:33,073 : INFO : SwitchController : <<<<<<< 's_16_right_flipper' inactive >>>>>>>
2026-02-15 14:11:33,073 : INFO : EventManager : Event: ======'sw_right_flipper_inactive'====== Args={}
2026-02-15 14:11:33,648 : INFO : Timer.attract_carousel_timer : Timer Complete
2026-02-15 14:11:33,648 : INFO : Timer.attract_carousel_timer : Stopping Timer
2026-02-15 14:11:33,648 : INFO : EventManager : Event: ======'timer_attract_carousel_timer_stopped'====== Args={'ticks': 1, 'ticks_remaining': 1}
2026-02-15 14:11:33,648 : INFO : EventManager : Event: ======'timer_attract_carousel_timer_complete'====== Args={'ticks': 1, 'ticks_remaining': 1}
2026-02-15 14:11:33,648 : INFO : EventManager : Event: ======'carousel_item_highlighted'====== Args={'carousel': 'attract', 'direction': 'forwards', 'item': 'credits'}
2026-02-15 14:11:34,039 : INFO : SwitchController : <<<<<<< 's_08_left_flipper' active >>>>>>>
2026-02-15 14:11:34,040 : INFO : EventManager : Event: ======'s_08_left_flipper_active'====== Args={}
2026-02-15 14:11:34,040 : INFO : EventManager : Event: ======'carousel_item_highlighted'====== Args={'carousel': 'attract', 'direction': 'backwards', 'item': 'title'}
2026-02-15 14:11:34,139 : INFO : SwitchController : <<<<<<< 's_08_left_flipper' inactive >>>>>>>
2026-02-15 14:11:34,140 : INFO : EventManager : Event: ======'sw_left_flipper_inactive'====== Args={}
2026-02-15 14:11:34,723 : INFO : SwitchController : <<<<<<< 's_16_right_flipper' active >>>>>>>
2026-02-15 14:11:34,723 : INFO : EventManager : Event: ======'s_16_right_flipper_active'====== Args={}
2026-02-15 14:11:34,723 : INFO : EventManager : Event: ======'carousel_item_highlighted'====== Args={'carousel': 'attract', 'direction': 'forwards', 'item': 'credits'}
2026-02-15 14:11:34,823 : INFO : SwitchController : <<<<<<< 's_08_left_flipper' active >>>>>>>
2026-02-15 14:11:34,823 : INFO : EventManager : Event: ======'s_08_left_flipper_active'====== Args={}
2026-02-15 14:11:34,823 : INFO : EventManager : Event: ======'flipper_cancel'====== Args={'triggering_group': 1, 'triggering_switch': 's_08_left_flipper'}
2026-02-15 14:11:34,823 : INFO : EventManager : Event: ======'carousel_item_highlighted'====== Args={'carousel': 'attract', 'direction': 'backwards', 'item': 'title'}
2026-02-15 14:11:34,906 : INFO : SwitchController : <<<<<<< 's_16_right_flipper' inactive >>>>>>>
2026-02-15 14:11:34,906 : INFO : EventManager : Event: ======'sw_right_flipper_inactive'====== Args={}
2026-02-15 14:11:34,906 : INFO : EventManager : Event: ======'both_flippers_one'====== Args={'triggering_group': 2, 'triggering_switch': 's_16_right_flipper'}
2026-02-15 14:11:34,939 : INFO : SwitchController : <<<<<<< 's_08_left_flipper' inactive >>>>>>>
2026-02-15 14:11:34,940 : INFO : EventManager : Event: ======'sw_left_flipper_inactive'====== Args={}
2026-02-15 14:11:34,940 : INFO : EventManager : Event: ======'both_flippers_inactive'====== Args={'triggering_group': 1, 'triggering_switch': 's_08_left_flipper'}
2026-02-15 14:11:35,306 : INFO : SwitchController : <<<<<<< 's_16_right_flipper' active >>>>>>>
2026-02-15 14:11:35,306 : INFO : EventManager : Event: ======'s_16_right_flipper_active'====== Args={}
2026-02-15 14:11:35,306 : INFO : EventManager : Event: ======'carousel_item_highlighted'====== Args={'carousel': 'attract', 'direction': 'forwards', 'item': 'credits'}
2026-02-15 14:11:35,389 : INFO : SwitchController : <<<<<<< 's_08_left_flipper' active >>>>>>>
2026-02-15 14:11:35,390 : INFO : EventManager : Event: ======'s_08_left_flipper_active'====== Args={}
2026-02-15 14:11:35,390 : INFO : EventManager : Event: ======'flipper_cancel'====== Args={'triggering_group': 1, 'triggering_switch': 's_08_left_flipper'}
2026-02-15 14:11:35,390 : INFO : EventManager : Event: ======'carousel_item_highlighted'====== Args={'carousel': 'attract', 'direction': 'backwards', 'item': 'title'}
2026-02-15 14:11:35,473 : INFO : SwitchController : <<<<<<< 's_16_right_flipper' inactive >>>>>>>
2026-02-15 14:11:35,473 : INFO : EventManager : Event: ======'sw_right_flipper_inactive'====== Args={}
2026-02-15 14:11:35,473 : INFO : EventManager : Event: ======'both_flippers_one'====== Args={'triggering_group': 2, 'triggering_switch': 's_16_right_flipper'}
2026-02-15 14:11:35,506 : INFO : SwitchController : <<<<<<< 's_08_left_flipper' inactive >>>>>>>
2026-02-15 14:11:35,506 : INFO : EventManager : Event: ======'sw_left_flipper_inactive'====== Args={}
2026-02-15 14:11:35,506 : INFO : EventManager : Event: ======'both_flippers_inactive'====== Args={'triggering_group': 1, 'triggering_switch': 's_08_left_flipper'}
2026-02-15 14:11:35,789 : INFO : SwitchController : <<<<<<< 's_16_right_flipper' active >>>>>>>
2026-02-15 14:11:35,790 : INFO : EventManager : Event: ======'s_16_right_flipper_active'====== Args={}
2026-02-15 14:11:35,790 : INFO : EventManager : Event: ======'carousel_item_highlighted'====== Args={'carousel': 'attract', 'direction': 'forwards', 'item': 'credits'}
2026-02-15 14:11:35,889 : INFO : SwitchController : <<<<<<< 's_08_left_flipper' active >>>>>>>
2026-02-15 14:11:35,890 : INFO : EventManager : Event: ======'s_08_left_flipper_active'====== Args={}
2026-02-15 14:11:35,890 : INFO : EventManager : Event: ======'flipper_cancel'====== Args={'triggering_group': 1, 'triggering_switch': 's_08_left_flipper'}
2026-02-15 14:11:35,890 : INFO : EventManager : Event: ======'carousel_item_highlighted'====== Args={'carousel': 'attract', 'direction': 'backwards', 'item': 'title'}
2026-02-15 14:11:35,973 : INFO : SwitchController : <<<<<<< 's_16_right_flipper' inactive >>>>>>>
2026-02-15 14:11:35,973 : INFO : EventManager : Event: ======'sw_right_flipper_inactive'====== Args={}
2026-02-15 14:11:35,973 : INFO : EventManager : Event: ======'both_flippers_one'====== Args={'triggering_group': 2, 'triggering_switch': 's_16_right_flipper'}
2026-02-15 14:11:36,023 : INFO : SwitchController : <<<<<<< 's_08_left_flipper' inactive >>>>>>>
2026-02-15 14:11:36,023 : INFO : EventManager : Event: ======'sw_left_flipper_inactive'====== Args={}
2026-02-15 14:11:36,023 : INFO : EventManager : Event: ======'both_flippers_inactive'====== Args={'triggering_group': 1, 'triggering_switch': 's_08_left_flipper'}
2026-02-15 14:11:36,339 : INFO : SwitchController : <<<<<<< 's_16_right_flipper' active >>>>>>>
2026-02-15 14:11:36,340 : INFO : EventManager : Event: ======'s_16_right_flipper_active'====== Args={}
2026-02-15 14:11:36,340 : INFO : EventManager : Event: ======'carousel_item_highlighted'====== Args={'carousel': 'attract', 'direction': 'forwards', 'item': 'credits'}
2026-02-15 14:11:36,439 : INFO : SwitchController : <<<<<<< 's_08_left_flipper' active >>>>>>>
2026-02-15 14:11:36,440 : INFO : EventManager : Event: ======'s_08_left_flipper_active'====== Args={}
2026-02-15 14:11:36,440 : INFO : EventManager : Event: ======'flipper_cancel'====== Args={'triggering_group': 1, 'triggering_switch': 's_08_left_flipper'}
2026-02-15 14:11:36,440 : INFO : EventManager : Event: ======'carousel_item_highlighted'====== Args={'carousel': 'attract', 'direction': 'backwards', 'item': 'title'}
2026-02-15 14:11:36,523 : INFO : SwitchController : <<<<<<< 's_16_right_flipper' inactive >>>>>>>
2026-02-15 14:11:36,523 : INFO : EventManager : Event: ======'sw_right_flipper_inactive'====== Args={}
2026-02-15 14:11:36,523 : INFO : EventManager : Event: ======'both_flippers_one'====== Args={'triggering_group': 2, 'triggering_switch': 's_16_right_flipper'}
2026-02-15 14:11:36,573 : INFO : SwitchController : <<<<<<< 's_08_left_flipper' inactive >>>>>>>
2026-02-15 14:11:36,573 : INFO : EventManager : Event: ======'sw_left_flipper_inactive'====== Args={}
2026-02-15 14:11:36,573 : INFO : EventManager : Event: ======'both_flippers_inactive'====== Args={'triggering_group': 1, 'triggering_switch': 's_08_left_flipper'}
2026-02-15 14:11:36,889 : INFO : SwitchController : <<<<<<< 's_16_right_flipper' active >>>>>>>
2026-02-15 14:11:36,890 : INFO : EventManager : Event: ======'s_16_right_flipper_active'====== Args={}
2026-02-15 14:11:36,890 : INFO : EventManager : Event: ======'carousel_item_highlighted'====== Args={'carousel': 'attract', 'direction': 'forwards', 'item': 'credits'}
2026-02-15 14:11:37,006 : INFO : SwitchController : <<<<<<< 's_16_right_flipper' inactive >>>>>>>
2026-02-15 14:11:37,006 : INFO : EventManager : Event: ======'sw_right_flipper_inactive'====== Args={}
2026-02-15 14:11:37,139 : INFO : SwitchController : <<<<<<< 's_16_right_flipper' active >>>>>>>
2026-02-15 14:11:37,140 : INFO : EventManager : Event: ======'s_16_right_flipper_active'====== Args={}
2026-02-15 14:11:37,140 : INFO : EventManager : Event: ======'carousel_item_highlighted'====== Args={'carousel': 'attract', 'direction': 'forwards', 'item': 'mpf_logo'}
2026-02-15 14:11:37,206 : INFO : SwitchController : <<<<<<< 's_16_right_flipper' inactive >>>>>>>
2026-02-15 14:11:37,206 : INFO : EventManager : Event: ======'sw_right_flipper_inactive'====== Args={}
2026-02-15 14:11:37,306 : INFO : SwitchController : <<<<<<< 's_16_right_flipper' active >>>>>>>
2026-02-15 14:11:37,306 : INFO : EventManager : Event: ======'s_16_right_flipper_active'====== Args={}
2026-02-15 14:11:37,306 : INFO : EventManager : Event: ======'carousel_item_highlighted'====== Args={'carousel': 'attract', 'direction': 'forwards', 'item': 'title'}
2026-02-15 14:11:37,406 : INFO : SwitchController : <<<<<<< 's_08_left_flipper' active >>>>>>>
2026-02-15 14:11:37,406 : INFO : EventManager : Event: ======'s_08_left_flipper_active'====== Args={}
2026-02-15 14:11:37,406 : INFO : EventManager : Event: ======'flipper_cancel'====== Args={'triggering_group': 1, 'triggering_switch': 's_08_left_flipper'}
2026-02-15 14:11:37,406 : INFO : EventManager : Event: ======'carousel_item_highlighted'====== Args={'carousel': 'attract', 'direction': 'backwards', 'item': 'mpf_logo'}
2026-02-15 14:11:37,473 : INFO : SwitchController : <<<<<<< 's_16_right_flipper' inactive >>>>>>>
2026-02-15 14:11:37,473 : INFO : EventManager : Event: ======'sw_right_flipper_inactive'====== Args={}
2026-02-15 14:11:37,473 : INFO : EventManager : Event: ======'both_flippers_one'====== Args={'triggering_group': 2, 'triggering_switch': 's_16_right_flipper'}
2026-02-15 14:11:37,539 : INFO : SwitchController : <<<<<<< 's_08_left_flipper' inactive >>>>>>>
2026-02-15 14:11:37,540 : INFO : EventManager : Event: ======'sw_left_flipper_inactive'====== Args={}
2026-02-15 14:11:37,540 : INFO : EventManager : Event: ======'both_flippers_inactive'====== Args={'triggering_group': 1, 'triggering_switch': 's_08_left_flipper'}
2026-02-15 14:11:37,640 : INFO : SwitchController : <<<<<<< 's_16_right_flipper' active >>>>>>>
2026-02-15 14:11:37,640 : INFO : EventManager : Event: ======'s_16_right_flipper_active'====== Args={}
2026-02-15 14:11:37,640 : INFO : EventManager : Event: ======'carousel_item_highlighted'====== Args={'carousel': 'attract', 'direction': 'forwards', 'item': 'title'}
2026-02-15 14:11:37,756 : INFO : SwitchController : <<<<<<< 's_08_left_flipper' active >>>>>>>
2026-02-15 14:11:37,756 : INFO : EventManager : Event: ======'s_08_left_flipper_active'====== Args={}
2026-02-15 14:11:37,756 : INFO : EventManager : Event: ======'flipper_cancel'====== Args={'triggering_group': 1, 'triggering_switch': 's_08_left_flipper'}
2026-02-15 14:11:37,756 : INFO : EventManager : Event: ======'carousel_item_highlighted'====== Args={'carousel': 'attract', 'direction': 'backwards', 'item': 'mpf_logo'}
2026-02-15 14:11:37,789 : INFO : SwitchController : <<<<<<< 's_16_right_flipper' inactive >>>>>>>
2026-02-15 14:11:37,790 : INFO : EventManager : Event: ======'sw_right_flipper_inactive'====== Args={}
2026-02-15 14:11:37,790 : INFO : EventManager : Event: ======'both_flippers_one'====== Args={'triggering_group': 2, 'triggering_switch': 's_16_right_flipper'}
2026-02-15 14:11:37,856 : INFO : SwitchController : <<<<<<< 's_08_left_flipper' inactive >>>>>>>
2026-02-15 14:11:37,856 : INFO : EventManager : Event: ======'sw_left_flipper_inactive'====== Args={}
2026-02-15 14:11:37,856 : INFO : EventManager : Event: ======'both_flippers_inactive'====== Args={'triggering_group': 1, 'triggering_switch': 's_08_left_flipper'}
2026-02-15 14:11:37,956 : INFO : SwitchController : <<<<<<< 's_16_right_flipper' active >>>>>>>
2026-02-15 14:11:37,956 : INFO : EventManager : Event: ======'s_16_right_flipper_active'====== Args={}
2026-02-15 14:11:37,956 : INFO : EventManager : Event: ======'carousel_item_highlighted'====== Args={'carousel': 'attract', 'direction': 'forwards', 'item': 'title'}
2026-02-15 14:11:38,039 : INFO : SwitchController : <<<<<<< 's_16_right_flipper' inactive >>>>>>>
2026-02-15 14:11:38,040 : INFO : EventManager : Event: ======'sw_right_flipper_inactive'====== Args={}
2026-02-15 14:11:38,139 : INFO : SwitchController : <<<<<<< 's_16_right_flipper' active >>>>>>>
2026-02-15 14:11:38,140 : INFO : EventManager : Event: ======'s_16_right_flipper_active'====== Args={}
2026-02-15 14:11:38,140 : INFO : EventManager : Event: ======'carousel_item_highlighted'====== Args={'carousel': 'attract', 'direction': 'forwards', 'item': 'credits'}
2026-02-15 14:11:38,189 : INFO : SwitchController : <<<<<<< 's_16_right_flipper' inactive >>>>>>>
2026-02-15 14:11:38,190 : INFO : EventManager : Event: ======'sw_right_flipper_inactive'====== Args={}
2026-02-15 14:11:38,323 : INFO : SwitchController : <<<<<<< 's_16_right_flipper' active >>>>>>>
2026-02-15 14:11:38,323 : INFO : EventManager : Event: ======'s_16_right_flipper_active'====== Args={}
2026-02-15 14:11:38,323 : INFO : EventManager : Event: ======'carousel_item_highlighted'====== Args={'carousel': 'attract', 'direction': 'forwards', 'item': 'mpf_logo'}
2026-02-15 14:11:38,356 : INFO : SwitchController : <<<<<<< 's_16_right_flipper' inactive >>>>>>>
2026-02-15 14:11:38,356 : INFO : EventManager : Event: ======'sw_right_flipper_inactive'====== Args={}
2026-02-15 14:11:38,473 : INFO : SwitchController : <<<<<<< 's_16_right_flipper' active >>>>>>>
2026-02-15 14:11:38,473 : INFO : EventManager : Event: ======'s_16_right_flipper_active'====== Args={}
2026-02-15 14:11:38,473 : INFO : EventManager : Event: ======'carousel_item_highlighted'====== Args={'carousel': 'attract', 'direction': 'forwards', 'item': 'title'}
2026-02-15 14:11:38,523 : INFO : SwitchController : <<<<<<< 's_16_right_flipper' inactive >>>>>>>
2026-02-15 14:11:38,523 : INFO : EventManager : Event: ======'sw_right_flipper_inactive'====== Args={}
2026-02-15 14:11:38,623 : INFO : SwitchController : <<<<<<< 's_16_right_flipper' active >>>>>>>
2026-02-15 14:11:38,623 : INFO : EventManager : Event: ======'s_16_right_flipper_active'====== Args={}
2026-02-15 14:11:38,623 : INFO : EventManager : Event: ======'carousel_item_highlighted'====== Args={'carousel': 'attract', 'direction': 'forwards', 'item': 'credits'}
2026-02-15 14:11:38,689 : INFO : SwitchController : <<<<<<< 's_16_right_flipper' inactive >>>>>>>
2026-02-15 14:11:38,690 : INFO : EventManager : Event: ======'sw_right_flipper_inactive'====== Args={}
2026-02-15 14:11:38,806 : INFO : SwitchController : <<<<<<< 's_16_right_flipper' active >>>>>>>
2026-02-15 14:11:38,806 : INFO : EventManager : Event: ======'s_16_right_flipper_active'====== Args={}
2026-02-15 14:11:38,806 : INFO : EventManager : Event: ======'carousel_item_highlighted'====== Args={'carousel': 'attract', 'direction': 'forwards', 'item': 'mpf_logo'}
2026-02-15 14:11:38,873 : INFO : SwitchController : <<<<<<< 's_16_right_flipper' inactive >>>>>>>
2026-02-15 14:11:38,873 : INFO : EventManager : Event: ======'sw_right_flipper_inactive'====== Args={}
2026-02-15 14:11:38,956 : INFO : SwitchController : <<<<<<< 's_16_right_flipper' active >>>>>>>
2026-02-15 14:11:38,956 : INFO : EventManager : Event: ======'s_16_right_flipper_active'====== Args={}
2026-02-15 14:11:38,956 : INFO : EventManager : Event: ======'carousel_item_highlighted'====== Args={'carousel': 'attract', 'direction': 'forwards', 'item': 'title'}
2026-02-15 14:11:39,039 : INFO : SwitchController : <<<<<<< 's_16_right_flipper' inactive >>>>>>>
2026-02-15 14:11:39,040 : INFO : EventManager : Event: ======'sw_right_flipper_inactive'====== Args={}
2026-02-15 14:11:39,156 : INFO : SwitchController : <<<<<<< 's_16_right_flipper' active >>>>>>>
2026-02-15 14:11:39,156 : INFO : EventManager : Event: ======'s_16_right_flipper_active'====== Args={}
2026-02-15 14:11:39,156 : INFO : EventManager : Event: ======'carousel_item_highlighted'====== Args={'carousel': 'attract', 'direction': 'forwards', 'item': 'credits'}
2026-02-15 14:11:39,223 : INFO : SwitchController : <<<<<<< 's_16_right_flipper' inactive >>>>>>>
2026-02-15 14:11:39,223 : INFO : EventManager : Event: ======'sw_right_flipper_inactive'====== Args={}
2026-02-15 14:11:39,323 : INFO : SwitchController : <<<<<<< 's_16_right_flipper' active >>>>>>>
2026-02-15 14:11:39,323 : INFO : EventManager : Event: ======'s_16_right_flipper_active'====== Args={}
2026-02-15 14:11:39,323 : INFO : EventManager : Event: ======'carousel_item_highlighted'====== Args={'carousel': 'attract', 'direction': 'forwards', 'item': 'mpf_logo'}
2026-02-15 14:11:39,373 : INFO : SwitchController : <<<<<<< 's_16_right_flipper' inactive >>>>>>>
2026-02-15 14:11:39,373 : INFO : EventManager : Event: ======'sw_right_flipper_inactive'====== Args={}
2026-02-15 14:11:39,506 : INFO : SwitchController : <<<<<<< 's_16_right_flipper' active >>>>>>>
2026-02-15 14:11:39,506 : INFO : EventManager : Event: ======'s_16_right_flipper_active'====== Args={}
2026-02-15 14:11:39,506 : INFO : EventManager : Event: ======'carousel_item_highlighted'====== Args={'carousel': 'attract', 'direction': 'forwards', 'item': 'title'}
2026-02-15 14:11:39,539 : INFO : SwitchController : <<<<<<< 's_16_right_flipper' inactive >>>>>>>
2026-02-15 14:11:39,540 : INFO : EventManager : Event: ======'sw_right_flipper_inactive'====== Args={}
2026-02-15 14:11:39,673 : INFO : SwitchController : <<<<<<< 's_16_right_flipper' active >>>>>>>
2026-02-15 14:11:39,673 : INFO : EventManager : Event: ======'s_16_right_flipper_active'====== Args={}
2026-02-15 14:11:39,673 : INFO : EventManager : Event: ======'carousel_item_highlighted'====== Args={'carousel': 'attract', 'direction': 'forwards', 'item': 'credits'}
2026-02-15 14:11:39,723 : INFO : SwitchController : <<<<<<< 's_16_right_flipper' inactive >>>>>>>
2026-02-15 14:11:39,723 : INFO : EventManager : Event: ======'sw_right_flipper_inactive'====== Args={}
2026-02-15 14:11:39,806 : INFO : SwitchController : <<<<<<< 's_16_right_flipper' active >>>>>>>
2026-02-15 14:11:39,806 : INFO : EventManager : Event: ======'s_16_right_flipper_active'====== Args={}
2026-02-15 14:11:39,806 : INFO : EventManager : Event: ======'carousel_item_highlighted'====== Args={'carousel': 'attract', 'direction': 'forwards', 'item': 'mpf_logo'}
2026-02-15 14:11:40,089 : INFO : SwitchController : <<<<<<< 's_16_right_flipper' inactive >>>>>>>
2026-02-15 14:11:40,090 : INFO : EventManager : Event: ======'sw_right_flipper_inactive'====== Args={}
2026-02-15 14:11:43,109 : INFO : Machine : Shutting down...
2026-02-15 14:11:43,109 : INFO : EventManager : Event: ======'shutdown'====== Args={}
2026-02-15 14:11:43,109 : INFO : EventManager : Event: ======'mode_service_will_stop'====== Args={}
2026-02-15 14:11:43,109 : INFO : EventManager : Event: ======'mode_service_stopping'====== Args={}
2026-02-15 14:11:43,110 : INFO : Mode.service : Stopped.
2026-02-15 14:11:43,110 : INFO : EventManager : Event: ======'modes_active_modes_changed'====== Args={}
2026-02-15 14:11:43,110 : INFO : EventManager : Event: ======'mode_service_stopped'====== Args={}
2026-02-15 14:11:43,110 : INFO : EventManager : Event: ======'clear'====== Args={'key': 'service'}
2026-02-15 14:11:43,113 : INFO : root : MPF run loop ended.
