2026-02-11 15:32:01,489 : INFO : root : Loading config.
2026-02-11 15:32:01,503 : INFO : YamlMultifileConfigLoader : Machine config file #1: config.yaml
2026-02-11 15:32:01,503 : INFO : ConfigProcessor : Loading config from cache: C:\Users\tl\AppData\Local\Temp\86f932e179f318f5dae29f066573dee9.mpf_cache
2026-02-11 15:32:01,614 : DEBUG : YamlMultifileConfigLoader : Loading mode attract from C:\mpf\Lib\site-packages\mpf\modes\attract\config\attract.yaml
2026-02-11 15:32:01,614 : DEBUG : YamlMultifileConfigLoader : Loading mode attract from C:\mpf\Lib\site-packages\mpf\modes\attract\config\attract.yaml
2026-02-11 15:32:01,615 : INFO : ConfigProcessor : Loading config from cache: C:\Users\tl\AppData\Local\Temp\5e7e3dd8e04e0aa46ea76018297218da.mpf_cache
2026-02-11 15:32:01,617 : DEBUG : YamlMultifileConfigLoader : Loading mode game from C:\mpf\Lib\site-packages\mpf\modes\game\config\game.yaml
2026-02-11 15:32:01,617 : INFO : ConfigProcessor : Loading config from cache: C:\Users\tl\AppData\Local\Temp\af6ad0dab2f43bd9cbdac83e0b2786ac.mpf_cache
2026-02-11 15:32:01,627 : DEBUG : YamlMultifileConfigLoader : Loading mode attract from C:\mpf\Lib\site-packages\mpf\modes\attract\config\attract.yaml
2026-02-11 15:32:01,627 : DEBUG : YamlMultifileConfigLoader : Loading mode attract from C:\mpf\Lib\site-packages\mpf\modes\attract\config\attract.yaml
2026-02-11 15:32:01,627 : INFO : ConfigProcessor : Loading config from cache: C:\Users\tl\AppData\Local\Temp\5e7e3dd8e04e0aa46ea76018297218da.mpf_cache
2026-02-11 15:32:01,628 : INFO : ConfigProcessor : Loading config from cache: C:\Users\tl\AppData\Local\Temp\5d4a31ba12353a8d97b779019117e810.mpf_cache
2026-02-11 15:32:01,630 : INFO : Machine : Mission Pinball Framework Core Engine v0.80.0.dev12
2026-02-11 15:32:01,630 : INFO : Machine : Command line arguments: {'no_load_cache': False, 'create_config_cache': True, 'bcp': False, 'configfile': ['config.yaml'], 'force_assets_load': False, 'platform_integration_test': False, 'jsonlogging': False, 'logfile': 'logs\\2026-02-11-15-32-01-mpf-DESKTOP-HV85DRD.log', 'pause': False, 'production': False, 'text_ui': False, 'loglevel': 10, 'consoleloglevel': 20, 'force_platform': None, 'syslog_address': None, 'full_logfile_path': 'C:\\Users\\tl\\Documents\\tl-pinball\\logs\\2026-02-11-15-32-01-mpf-DESKTOP-HV85DRD.log'}
2026-02-11 15:32:01,630 : INFO : Machine : MPF path: C:\mpf\Lib\site-packages\mpf
2026-02-11 15:32:01,630 : INFO : Machine : Machine path: C:\Users\tl\Documents\tl-pinball
2026-02-11 15:32:01,630 : INFO : Machine : Platform: win32
2026-02-11 15:32:01,630 : INFO : Machine : Python executable location: C:\mpf\Scripts\python.exe
2026-02-11 15:32:01,630 : INFO : Machine : Python version: 3.12.7 (64-bit)
2026-02-11 15:32:01,631 : DEBUG : asyncio : Using proactor: IocpProactor
2026-02-11 15:32:01,632 : INFO : Machine : Initializing MPF...
2026-02-11 15:32:01,924 : DEBUG : TextUi : Text UI is disabled. TUI option setting: False, Asciimatics loaded: <class 'asciimatics.scene.Scene'>
2026-02-11 15:32:01,936 : INFO : FAST : Auto-detecting ports for the following connections: ['net', 'exp']
2026-02-11 15:32:01,953 : DEBUG : FAST : Port COM3 is connected to a FAST Neuron Controller.
2026-02-11 15:32:01,954 : DEBUG : FAST : Port COM5 is connected to a FAST Neuron Controller.
2026-02-11 15:32:01,954 : DEBUG : FAST : Port COM4 is connected to a FAST Neuron Controller.
2026-02-11 15:32:01,976 : INFO : FAST : Detected NET on port COM4
2026-02-11 15:32:02,982 : INFO : FAST : Detected EXP on port COM5
2026-02-11 15:32:03,095 : INFO : FAST [NET] : Trying to connect to COM4 at 921600bps
2026-02-11 15:32:03,100 : INFO : FAST [NET] : Connected to COM4 at 921600bps
2026-02-11 15:32:03,110 : INFO : FAST [NET] : Connected to FP-CPU-2000 with firmware v02.26
2026-02-11 15:32:03,142 : INFO : FAST [NET] : Registered I/O Board 0: Model: FP-I/O-0804, Firmware: 01.10, Switches: 8, Drivers: 4
2026-02-11 15:32:03,158 : INFO : FAST [NET] : Registered I/O Board 1: Model: FP-I/O-1616, Firmware: 01.10, Switches: 16, Drivers: 16
2026-02-11 15:32:03,174 : INFO : FAST [NET] : Registered I/O Board 2: Model: FP-I/O-3208, Firmware: 01.10, Switches: 32, Drivers: 8
2026-02-11 15:32:03,190 : INFO : FAST [NET] : Registered I/O Board 3: Model: FP-I/O-1616, Firmware: 01.10, Switches: 16, Drivers: 16
2026-02-11 15:32:03,192 : INFO : FAST [EXP] : Trying to connect to COM5 at 921600bps
2026-02-11 15:32:03,197 : INFO : FAST [EXP] : Connected to COM5 at 921600bps
2026-02-11 15:32:03,197 : DEBUG : FAST [EXP] : Creating FAST Expansion Board "ledneuron" (FP-EXP-2000 Address: 48)
2026-02-11 15:32:03,197 : DEBUG : FAST [EXP] : Creating FAST Breakout Board 0 on EXP "ledneuron" (FP-EXP-2000, @48)
2026-02-11 15:32:03,206 : INFO : FAST [EXP] : Verifying hardware for EXP "ledneuron" (FP-EXP-2000, @48) with ID string "EXP FP-EXP-2000  0.42", board address 48
2026-02-11 15:32:03,222 : INFO : FAST [EXP] : Verifying hardware for EXP "ledneuron" (FP-EXP-2000, @48) with ID string "BRK FP-EXP-2000  0.42", board address 480
2026-02-11 15:32:03,238 : DEBUG : FAST [EXP] : Creating FAST Expansion Board "ledpf1" (FP-EXP-0081 Address: 84)
2026-02-11 15:32:03,238 : DEBUG : FAST [EXP] : Creating FAST Breakout Board 0 on EXP "ledpf1" (FP-EXP-0081, @84)
2026-02-11 15:32:03,238 : DEBUG : FAST [EXP] : Creating FAST Breakout Board 1 on EXP "ledpf1" (FP-EXP-0081, @84)
2026-02-11 15:32:03,254 : INFO : FAST [EXP] : Verifying hardware for EXP "ledpf1" (FP-EXP-0081, @84) with ID string "EXP FP-EXP-0081  0.38", board address 84
2026-02-11 15:32:03,269 : INFO : FAST [EXP] : Verifying hardware for EXP "ledpf1" (FP-EXP-0081, @84) with ID string "BRK FP-EXP-0081  0.38", board address 840
2026-02-11 15:32:03,285 : INFO : FAST [EXP] : Verifying hardware for EXP "ledpf1" (FP-EXP-0081, @84) with ID string "BRK FP-EXP-0081  0.38", board address 841
2026-02-11 15:32:03,301 : INFO : EventManager : Event: ======'machine_var_credits_string'====== Args={'value': 'FREE PLAY', 'prev_value': None, 'change': True}
2026-02-11 15:32:03,326 : INFO : EventManager : Event: ======'machine_var_master_volume'====== Args={'value': 0.5, 'prev_value': None, 'change': True}
2026-02-11 15:32:03,326 : INFO : EventManager : Event: ======'machine_var_mpf_version'====== Args={'value': 'Mission Pinball Framework v0.80.0.dev12', 'prev_value': None, 'change': True}
2026-02-11 15:32:03,326 : INFO : EventManager : Event: ======'machine_var_mpf_extended_version'====== Args={'value': 'Mission Pinball Framework v0.80.0.dev12, Config version:6, Show version: 6, BCP version:1.1', 'prev_value': None, 'change': True}
2026-02-11 15:32:03,326 : INFO : EventManager : Event: ======'machine_var_python_version'====== Args={'value': '3.12.7', 'prev_value': None, 'change': True}
2026-02-11 15:32:03,433 : INFO : EventManager : Event: ======'machine_var_platform'====== Args={'value': 'Windows-10-10.0.19044-SP0', 'prev_value': None, 'change': True}
2026-02-11 15:32:03,433 : INFO : EventManager : Event: ======'machine_var_platform_system'====== Args={'value': 'Windows', 'prev_value': None, 'change': True}
2026-02-11 15:32:03,433 : INFO : EventManager : Event: ======'machine_var_platform_release'====== Args={'value': '10', 'prev_value': None, 'change': True}
2026-02-11 15:32:03,433 : INFO : EventManager : Event: ======'machine_var_platform_version'====== Args={'value': '10.0.19044', 'prev_value': None, 'change': True}
2026-02-11 15:32:03,433 : INFO : EventManager : Event: ======'machine_var_platform_machine'====== Args={'value': 'AMD64', 'prev_value': None, 'change': True}
2026-02-11 15:32:03,433 : INFO : EventManager : Event: ======'machine_var_log_file_path'====== Args={'value': 'C:\\Users\\tl\\Documents\\tl-pinball\\logs\\2026-02-11-15-32-01-mpf-DESKTOP-HV85DRD.log', 'prev_value': None, 'change': True}
2026-02-11 15:32:03,433 : INFO : EventManager : Event: ======'init_phase_1'====== Args={}
2026-02-11 15:32:03,441 : DEBUG : ModeController : Loaded mode attract
2026-02-11 15:32:03,445 : DEBUG : ModeController : Loaded mode game
2026-02-11 15:32:03,461 : DEBUG : FASTLED : Creating FAST RGB LED on expansion board at hardware address: 48000
2026-02-11 15:32:03,461 : DEBUG : FASTLED : Creating FAST RGB LED on expansion board at hardware address: 48001
2026-02-11 15:32:03,465 : INFO : EventManager : Event: ======'drop_target_bank_dtb_characters_up'====== Args={}
2026-02-11 15:32:03,465 : INFO : EventManager : Event: ======'drop_target_bank_dtb_rollover_up'====== Args={}
2026-02-11 15:32:06,858 : DEBUG : FAST Driver : Sending config to driver 4 (0x04). one_shot: False. wait_to_confirm: False
2026-02-11 15:32:06,890 : DEBUG : FAST Driver : Sending config to driver 5 (0x05). one_shot: False. wait_to_confirm: False
2026-02-11 15:32:06,938 : DEBUG : FAST Driver : Sending config to driver 7 (0x07). one_shot: False. wait_to_confirm: False
2026-02-11 15:32:06,970 : DEBUG : FAST Driver : Sending config to driver 8 (0x08). one_shot: False. wait_to_confirm: False
2026-02-11 15:32:07,002 : DEBUG : FAST Driver : Sending config to driver 9 (0x09). one_shot: False. wait_to_confirm: False
2026-02-11 15:32:07,034 : DEBUG : FAST Driver : Sending config to driver 10 (0x0A). one_shot: False. wait_to_confirm: False
2026-02-11 15:32:07,066 : DEBUG : FAST Driver : Sending config to driver 11 (0x0B). one_shot: False. wait_to_confirm: False
2026-02-11 15:32:07,226 : DEBUG : FAST Driver : Sending config to driver 20 (0x14). one_shot: False. wait_to_confirm: False
2026-02-11 15:32:07,258 : DEBUG : FAST Driver : Sending config to driver 21 (0x15). one_shot: False. wait_to_confirm: False
2026-02-11 15:32:07,290 : DEBUG : FAST Driver : Sending config to driver 22 (0x16). one_shot: False. wait_to_confirm: False
2026-02-11 15:32:07,322 : DEBUG : FAST Driver : Sending config to driver 23 (0x17). one_shot: False. wait_to_confirm: False
2026-02-11 15:32:07,354 : DEBUG : FAST Driver : Sending config to driver 24 (0x18). one_shot: False. wait_to_confirm: False
2026-02-11 15:32:07,386 : DEBUG : FAST Driver : Sending config to driver 25 (0x19). one_shot: False. wait_to_confirm: False
2026-02-11 15:32:07,418 : DEBUG : FAST Driver : Sending config to driver 26 (0x1A). one_shot: False. wait_to_confirm: False
2026-02-11 15:32:07,450 : DEBUG : FAST Driver : Sending config to driver 27 (0x1B). one_shot: False. wait_to_confirm: False
2026-02-11 15:32:07,546 : DEBUG : FAST Driver : Sending config to driver 32 (0x20). one_shot: False. wait_to_confirm: False
2026-02-11 15:32:07,578 : DEBUG : FAST Driver : Sending config to driver 33 (0x21). one_shot: False. wait_to_confirm: False
2026-02-11 15:32:07,610 : DEBUG : FAST Driver : Sending config to driver 34 (0x22). one_shot: False. wait_to_confirm: False
2026-02-11 15:32:07,642 : DEBUG : FAST Driver : Sending config to driver 35 (0x23). one_shot: False. wait_to_confirm: False
2026-02-11 15:32:07,674 : DEBUG : FAST Driver : Sending config to driver 36 (0x24). one_shot: False. wait_to_confirm: False
2026-02-11 15:32:07,706 : DEBUG : FAST Driver : Sending config to driver 37 (0x25). one_shot: False. wait_to_confirm: False
2026-02-11 15:32:07,738 : DEBUG : FAST Driver : Sending config to driver 38 (0x26). one_shot: False. wait_to_confirm: False
2026-02-11 15:32:07,770 : DEBUG : FAST Driver : Sending config to driver 39 (0x27). one_shot: False. wait_to_confirm: False
2026-02-11 15:32:07,802 : DEBUG : FAST Driver : Sending config to driver 40 (0x28). one_shot: False. wait_to_confirm: False
2026-02-11 15:32:07,833 : DEBUG : FAST Driver : Sending config to driver 41 (0x29). one_shot: False. wait_to_confirm: False
2026-02-11 15:32:07,865 : DEBUG : FAST Driver : Sending config to driver 42 (0x2A). one_shot: False. wait_to_confirm: False
2026-02-11 15:32:07,897 : DEBUG : FAST Driver : Sending config to driver 43 (0x2B). one_shot: False. wait_to_confirm: False
2026-02-11 15:32:07,993 : INFO : SwitchController : <<<<<<< 's_34_right_sling' active >>>>>>>
2026-02-11 15:32:07,993 : INFO : SwitchController : <<<<<<< 's_44_spinner_right' active >>>>>>>
2026-02-11 15:32:07,993 : INFO : SwitchController : <<<<<<< 's_59_saucer_right' active >>>>>>>
2026-02-11 15:32:07,993 : INFO : SwitchController : <<<<<<< 's_71_spinner_left' active >>>>>>>
2026-02-11 15:32:07,993 : INFO : SwitchController : <<<<<<< 's_81_saucer_left' active >>>>>>>
2026-02-11 15:32:08,041 : INFO : EventManager : Event: ======'init_phase_2'====== Args={}
2026-02-11 15:32:08,041 : INFO : SwitchController : Found active switch: (34, [FAST Platform Interface]) <switch.s_34_right_sling>
2026-02-11 15:32:08,042 : INFO : SwitchController : Found active switch: (44, [FAST Platform Interface]) <switch.s_44_spinner_right>
2026-02-11 15:32:08,042 : INFO : SwitchController : Found active switch: (11, [FAST Platform Interface]) <switch.s_59_saucer_right>
2026-02-11 15:32:08,042 : INFO : SwitchController : Found active switch: (23, [FAST Platform Interface]) <switch.s_71_spinner_left>
2026-02-11 15:32:08,042 : INFO : SwitchController : Found active switch: (65, [FAST Platform Interface]) <switch.s_81_saucer_left>
2026-02-11 15:32:08,047 : INFO : ball_device.bd_plunger : BCH: Initial count: 0
2026-02-11 15:32:08,047 : INFO : ball_device.bd_plunger : State: idle
2026-02-11 15:32:08,048 : INFO : ball_device.bd_trough : BCH: Initial count: 0
2026-02-11 15:32:08,048 : INFO : ball_device.bd_trough : State: idle
2026-02-11 15:32:08,050 : DEBUG : YAML File Interface : Loading file: C:\Users\tl\Documents\tl-pinball\data/audits.yaml
2026-02-11 15:32:08,059 : DEBUG : Machine : "info_lights:" section not found in machine configuration, so the InfoLights will not be used.
2026-02-11 15:32:08,061 : DEBUG : Machine : "switch_player:" section not found in machine configuration, so the SwitchPlayer will not be used.
2026-02-11 15:32:08,064 : DEBUG : Machine : "twitch_client:" section not found in machine configuration, so the TwitchBot will not be used.
2026-02-11 15:32:08,064 : DEBUG : Machine : "virtual_segment_display_connector:" section not found in machine configuration, so the VirtualSegmentDisplayConnector will not be used.
2026-02-11 15:32:08,064 : INFO : EventManager : Event: ======'init_phase_3'====== Args={}
2026-02-11 15:32:08,065 : DEBUG : ShowController : Loading show: flash
2026-02-11 15:32:08,065 : DEBUG : ShowController : Loading show: on
2026-02-11 15:32:08,065 : DEBUG : ShowController : Loading show: off
2026-02-11 15:32:08,065 : DEBUG : ShowController : Loading show: led_color
2026-02-11 15:32:08,066 : DEBUG : ShowController : Loading show: bl_color
2026-02-11 15:32:08,066 : DEBUG : ShowController : Loading show: flash_color
2026-02-11 15:32:08,066 : DEBUG : ShowController : Loading show: output7
2026-02-11 15:32:08,067 : INFO : EventManager : Event: ======'init_phase_4'====== Args={}
2026-02-11 15:32:08,067 : INFO : BallController : Initial balls found: 0
2026-02-11 15:32:08,069 : INFO : EventManager : Event: ======'machine_var_audits_events_game_ended'====== Args={'value': 0, 'prev_value': None, 'change': True}
2026-02-11 15:32:08,069 : INFO : EventManager : Event: ======'machine_var_audits_events_game_started'====== Args={'value': 3, 'prev_value': None, 'change': True}
2026-02-11 15:32:08,069 : INFO : EventManager : Event: ======'machine_var_audits_missing_switches_s_0_service_esc'====== Args={'value': 3, 'prev_value': None, 'change': True}
2026-02-11 15:32:08,069 : INFO : EventManager : Event: ======'machine_var_audits_missing_switches_s_12_tilt_bob'====== Args={'value': 3, 'prev_value': None, 'change': True}
2026-02-11 15:32:08,069 : INFO : EventManager : Event: ======'machine_var_audits_missing_switches_s_13_coin_door'====== Args={'value': 3, 'prev_value': None, 'change': True}
2026-02-11 15:32:08,069 : INFO : EventManager : Event: ======'machine_var_audits_missing_switches_s_16_right_flipper'====== Args={'value': 1, 'prev_value': None, 'change': True}
2026-02-11 15:32:08,069 : INFO : EventManager : Event: ======'machine_var_audits_missing_switches_s_17_right_flipper_upper'====== Args={'value': 2, 'prev_value': None, 'change': True}
2026-02-11 15:32:08,069 : INFO : EventManager : Event: ======'machine_var_audits_missing_switches_s_19_cab_arrow_left'====== Args={'value': 3, 'prev_value': None, 'change': True}
2026-02-11 15:32:08,069 : INFO : EventManager : Event: ======'machine_var_audits_missing_switches_s_1_service_up'====== Args={'value': 3, 'prev_value': None, 'change': True}
2026-02-11 15:32:08,069 : INFO : EventManager : Event: ======'machine_var_audits_missing_switches_s_20_cab_arrow_right'====== Args={'value': 3, 'prev_value': None, 'change': True}
2026-02-11 15:32:08,069 : INFO : EventManager : Event: ======'machine_var_audits_missing_switches_s_25_trough_jam'====== Args={'value': 2, 'prev_value': None, 'change': True}
2026-02-11 15:32:08,069 : INFO : EventManager : Event: ======'machine_var_audits_missing_switches_s_26_trough_1'====== Args={'value': 1, 'prev_value': None, 'change': True}
2026-02-11 15:32:08,069 : INFO : EventManager : Event: ======'machine_var_audits_missing_switches_s_28_trough_3'====== Args={'value': 1, 'prev_value': None, 'change': True}
2026-02-11 15:32:08,069 : INFO : EventManager : Event: ======'machine_var_audits_missing_switches_s_29_trough_4'====== Args={'value': 1, 'prev_value': None, 'change': True}
2026-02-11 15:32:08,069 : INFO : EventManager : Event: ======'machine_var_audits_missing_switches_s_2_service_down'====== Args={'value': 3, 'prev_value': None, 'change': True}
2026-02-11 15:32:08,069 : INFO : EventManager : Event: ======'machine_var_audits_missing_switches_s_32_right_inlane'====== Args={'value': 1, 'prev_value': None, 'change': True}
2026-02-11 15:32:08,069 : INFO : EventManager : Event: ======'machine_var_audits_missing_switches_s_33_right_outlane'====== Args={'value': 3, 'prev_value': None, 'change': True}
2026-02-11 15:32:08,069 : INFO : EventManager : Event: ======'machine_var_audits_missing_switches_s_35_left_inlane'====== Args={'value': 3, 'prev_value': None, 'change': True}
2026-02-11 15:32:08,069 : INFO : EventManager : Event: ======'machine_var_audits_missing_switches_s_36_left_outlane'====== Args={'value': 3, 'prev_value': None, 'change': True}
2026-02-11 15:32:08,070 : INFO : EventManager : Event: ======'machine_var_audits_missing_switches_s_37_left_sling'====== Args={'value': 1, 'prev_value': None, 'change': True}
2026-02-11 15:32:08,070 : INFO : EventManager : Event: ======'machine_var_audits_missing_switches_s_38_top_lane_a'====== Args={'value': 3, 'prev_value': None, 'change': True}
2026-02-11 15:32:08,070 : INFO : EventManager : Event: ======'machine_var_audits_missing_switches_s_39_top_lane_b'====== Args={'value': 3, 'prev_value': None, 'change': True}
2026-02-11 15:32:08,070 : INFO : EventManager : Event: ======'machine_var_audits_missing_switches_s_3_service_enter'====== Args={'value': 3, 'prev_value': None, 'change': True}
2026-02-11 15:32:08,070 : INFO : EventManager : Event: ======'machine_var_audits_missing_switches_s_40_top_lane_c'====== Args={'value': 3, 'prev_value': None, 'change': True}
2026-02-11 15:32:08,070 : INFO : EventManager : Event: ======'machine_var_audits_missing_switches_s_41_pop_bumper_1'====== Args={'value': 2, 'prev_value': None, 'change': True}
2026-02-11 15:32:08,070 : INFO : EventManager : Event: ======'machine_var_audits_missing_switches_s_42_pop_bumper_2'====== Args={'value': 3, 'prev_value': None, 'change': True}
2026-02-11 15:32:08,070 : INFO : EventManager : Event: ======'machine_var_audits_missing_switches_s_44_spinner_left'====== Args={'value': 1, 'prev_value': None, 'change': True}
2026-02-11 15:32:08,070 : INFO : EventManager : Event: ======'machine_var_audits_missing_switches_s_45_spinner_right'====== Args={'value': 3, 'prev_value': None, 'change': True}
2026-02-11 15:32:08,070 : INFO : EventManager : Event: ======'machine_var_audits_missing_switches_s_45_varitarget_poisition_1'====== Args={'value': 3, 'prev_value': None, 'change': True}
2026-02-11 15:32:08,070 : INFO : EventManager : Event: ======'machine_var_audits_missing_switches_s_46_varitarget_poisition_2'====== Args={'value': 3, 'prev_value': None, 'change': True}
2026-02-11 15:32:08,070 : INFO : EventManager : Event: ======'machine_var_audits_missing_switches_s_47_varitarget_poisition_3'====== Args={'value': 3, 'prev_value': None, 'change': True}
2026-02-11 15:32:08,070 : INFO : EventManager : Event: ======'machine_var_audits_missing_switches_s_48_varitarget_poisition_4'====== Args={'value': 3, 'prev_value': None, 'change': True}
2026-02-11 15:32:08,070 : INFO : EventManager : Event: ======'machine_var_audits_missing_switches_s_49_varitarget_poisition_5'====== Args={'value': 3, 'prev_value': None, 'change': True}
2026-02-11 15:32:08,070 : INFO : EventManager : Event: ======'machine_var_audits_missing_switches_s_50_saucer_left'====== Args={'value': 3, 'prev_value': None, 'change': True}
2026-02-11 15:32:08,070 : INFO : EventManager : Event: ======'machine_var_audits_missing_switches_s_51_saucer_right'====== Args={'value': 2, 'prev_value': None, 'change': True}
2026-02-11 15:32:08,070 : INFO : EventManager : Event: ======'machine_var_audits_missing_switches_s_52_star_rollover_top'====== Args={'value': 3, 'prev_value': None, 'change': True}
2026-02-11 15:32:08,070 : INFO : EventManager : Event: ======'machine_var_audits_missing_switches_s_53_star_rollover_bottom'====== Args={'value': 3, 'prev_value': None, 'change': True}
2026-02-11 15:32:08,070 : INFO : EventManager : Event: ======'machine_var_audits_missing_switches_s_54_single_drop_1'====== Args={'value': 3, 'prev_value': None, 'change': True}
2026-02-11 15:32:08,070 : INFO : EventManager : Event: ======'machine_var_audits_missing_switches_s_55_fourbank_drop_1'====== Args={'value': 3, 'prev_value': None, 'change': True}
2026-02-11 15:32:08,070 : INFO : EventManager : Event: ======'machine_var_audits_missing_switches_s_56_fourbank_drop_2'====== Args={'value': 3, 'prev_value': None, 'change': True}
2026-02-11 15:32:08,070 : INFO : EventManager : Event: ======'machine_var_audits_missing_switches_s_57_fourbank_drop_3'====== Args={'value': 2, 'prev_value': None, 'change': True}
2026-02-11 15:32:08,071 : INFO : EventManager : Event: ======'machine_var_audits_missing_switches_s_58_fourbank_drop_4'====== Args={'value': 2, 'prev_value': None, 'change': True}
2026-02-11 15:32:08,071 : INFO : EventManager : Event: ======'machine_var_audits_missing_switches_s_59_threebank_drop_1'====== Args={'value': 2, 'prev_value': None, 'change': True}
2026-02-11 15:32:08,071 : INFO : EventManager : Event: ======'machine_var_audits_missing_switches_s_60_threebank_drop_2'====== Args={'value': 2, 'prev_value': None, 'change': True}
2026-02-11 15:32:08,071 : INFO : EventManager : Event: ======'machine_var_audits_missing_switches_s_61_threebank_drop_3'====== Args={'value': 3, 'prev_value': None, 'change': True}
2026-02-11 15:32:08,071 : INFO : EventManager : Event: ======'machine_var_audits_missing_switches_s_62_stand_up_target_1'====== Args={'value': 3, 'prev_value': None, 'change': True}
2026-02-11 15:32:08,071 : INFO : EventManager : Event: ======'machine_var_audits_missing_switches_s_63_stand_up_target_2'====== Args={'value': 2, 'prev_value': None, 'change': True}
2026-02-11 15:32:08,071 : INFO : EventManager : Event: ======'machine_var_audits_missing_switches_s_64_stand_up_target_3'====== Args={'value': 2, 'prev_value': None, 'change': True}
2026-02-11 15:32:08,071 : INFO : EventManager : Event: ======'machine_var_audits_missing_switches_s_65_stand_up_target_4'====== Args={'value': 3, 'prev_value': None, 'change': True}
2026-02-11 15:32:08,071 : INFO : EventManager : Event: ======'machine_var_audits_missing_switches_s_66_stand_up_target_5'====== Args={'value': 3, 'prev_value': None, 'change': True}
2026-02-11 15:32:08,071 : INFO : EventManager : Event: ======'machine_var_audits_missing_switches_s_67_stand_up_target_6'====== Args={'value': 3, 'prev_value': None, 'change': True}
2026-02-11 15:32:08,071 : INFO : EventManager : Event: ======'machine_var_audits_missing_switches_s_68_stand_up_target_7'====== Args={'value': 2, 'prev_value': None, 'change': True}
2026-02-11 15:32:08,071 : INFO : EventManager : Event: ======'machine_var_audits_missing_switches_s_69_stand_up_target_8'====== Args={'value': 1, 'prev_value': None, 'change': True}
2026-02-11 15:32:08,071 : INFO : EventManager : Event: ======'machine_var_audits_missing_switches_s_70_stand_up_target_9'====== Args={'value': 3, 'prev_value': None, 'change': True}
2026-02-11 15:32:08,071 : INFO : EventManager : Event: ======'machine_var_audits_missing_switches_s_71_stand_up_target_10'====== Args={'value': 3, 'prev_value': None, 'change': True}
2026-02-11 15:32:08,071 : INFO : EventManager : Event: ======'machine_var_audits_missing_switches_s_72_stand_up_target_11'====== Args={'value': 3, 'prev_value': None, 'change': True}
2026-02-11 15:32:08,071 : INFO : EventManager : Event: ======'machine_var_audits_missing_switches_s_8_left_flipper'====== Args={'value': 1, 'prev_value': None, 'change': True}
2026-02-11 15:32:08,071 : INFO : EventManager : Event: ======'machine_var_audits_player_score'====== Args={'value': {'average': 0, 'top': [], 'total': 0}, 'prev_value': None, 'change': True}
2026-02-11 15:32:08,071 : INFO : EventManager : Event: ======'machine_var_audits_switches_s_0_service_esc'====== Args={'value': 0, 'prev_value': None, 'change': True}
2026-02-11 15:32:08,071 : INFO : EventManager : Event: ======'machine_var_audits_switches_s_11_start_button'====== Args={'value': 6, 'prev_value': None, 'change': True}
2026-02-11 15:32:08,072 : INFO : EventManager : Event: ======'machine_var_audits_switches_s_12_tilt_bob'====== Args={'value': 0, 'prev_value': None, 'change': True}
2026-02-11 15:32:08,072 : INFO : EventManager : Event: ======'machine_var_audits_switches_s_13_coin_door'====== Args={'value': 0, 'prev_value': None, 'change': True}
2026-02-11 15:32:08,072 : INFO : EventManager : Event: ======'machine_var_audits_switches_s_16_right_flipper'====== Args={'value': 9, 'prev_value': None, 'change': True}
2026-02-11 15:32:08,072 : INFO : EventManager : Event: ======'machine_var_audits_switches_s_17_right_flipper_upper'====== Args={'value': 1, 'prev_value': None, 'change': True}
2026-02-11 15:32:08,072 : INFO : EventManager : Event: ======'machine_var_audits_switches_s_19_cab_arrow_left'====== Args={'value': 0, 'prev_value': None, 'change': True}
2026-02-11 15:32:08,072 : INFO : EventManager : Event: ======'machine_var_audits_switches_s_1_service_up'====== Args={'value': 0, 'prev_value': None, 'change': True}
2026-02-11 15:32:08,072 : INFO : EventManager : Event: ======'machine_var_audits_switches_s_20_cab_arrow_right'====== Args={'value': 0, 'prev_value': None, 'change': True}
2026-02-11 15:32:08,072 : INFO : EventManager : Event: ======'machine_var_audits_switches_s_24_plunger_lane'====== Args={'value': 19, 'prev_value': None, 'change': True}
2026-02-11 15:32:08,072 : INFO : EventManager : Event: ======'machine_var_audits_switches_s_25_trough_jam'====== Args={'value': 3, 'prev_value': None, 'change': True}
2026-02-11 15:32:08,072 : INFO : EventManager : Event: ======'machine_var_audits_switches_s_26_trough_1'====== Args={'value': 21, 'prev_value': None, 'change': True}
2026-02-11 15:32:08,072 : INFO : EventManager : Event: ======'machine_var_audits_switches_s_27_trough_2'====== Args={'value': 19, 'prev_value': None, 'change': True}
2026-02-11 15:32:08,072 : INFO : EventManager : Event: ======'machine_var_audits_switches_s_28_trough_3'====== Args={'value': 2, 'prev_value': None, 'change': True}
2026-02-11 15:32:08,072 : INFO : EventManager : Event: ======'machine_var_audits_switches_s_29_trough_4'====== Args={'value': 2, 'prev_value': None, 'change': True}
2026-02-11 15:32:08,072 : INFO : EventManager : Event: ======'machine_var_audits_switches_s_2_service_down'====== Args={'value': 0, 'prev_value': None, 'change': True}
2026-02-11 15:32:08,072 : INFO : EventManager : Event: ======'machine_var_audits_switches_s_32_right_inlane'====== Args={'value': 11, 'prev_value': None, 'change': True}
2026-02-11 15:32:08,072 : INFO : EventManager : Event: ======'machine_var_audits_switches_s_33_right_outlane'====== Args={'value': 0, 'prev_value': None, 'change': True}
2026-02-11 15:32:08,072 : INFO : EventManager : Event: ======'machine_var_audits_switches_s_34_right_sling'====== Args={'value': 10, 'prev_value': None, 'change': True}
2026-02-11 15:32:08,072 : INFO : EventManager : Event: ======'machine_var_audits_switches_s_35_left_inlane'====== Args={'value': 0, 'prev_value': None, 'change': True}
2026-02-11 15:32:08,072 : INFO : EventManager : Event: ======'machine_var_audits_switches_s_36_left_outlane'====== Args={'value': 0, 'prev_value': None, 'change': True}
2026-02-11 15:32:08,072 : INFO : EventManager : Event: ======'machine_var_audits_switches_s_37_left_sling'====== Args={'value': 19, 'prev_value': None, 'change': True}
2026-02-11 15:32:08,072 : INFO : EventManager : Event: ======'machine_var_audits_switches_s_38_top_lane_a'====== Args={'value': 0, 'prev_value': None, 'change': True}
2026-02-11 15:32:08,072 : INFO : EventManager : Event: ======'machine_var_audits_switches_s_39_top_lane_b'====== Args={'value': 0, 'prev_value': None, 'change': True}
2026-02-11 15:32:08,072 : INFO : EventManager : Event: ======'machine_var_audits_switches_s_3_service_enter'====== Args={'value': 0, 'prev_value': None, 'change': True}
2026-02-11 15:32:08,073 : INFO : EventManager : Event: ======'machine_var_audits_switches_s_40_top_lane_c'====== Args={'value': 0, 'prev_value': None, 'change': True}
2026-02-11 15:32:08,073 : INFO : EventManager : Event: ======'machine_var_audits_switches_s_41_pop_bumper_1'====== Args={'value': 1, 'prev_value': None, 'change': True}
2026-02-11 15:32:08,073 : INFO : EventManager : Event: ======'machine_var_audits_switches_s_42_pop_bumper_2'====== Args={'value': 0, 'prev_value': None, 'change': True}
2026-02-11 15:32:08,073 : INFO : EventManager : Event: ======'machine_var_audits_switches_s_43_pop_bumper_3'====== Args={'value': 16, 'prev_value': None, 'change': True}
2026-02-11 15:32:08,073 : INFO : EventManager : Event: ======'machine_var_audits_switches_s_44_spinner_left'====== Args={'value': 8, 'prev_value': None, 'change': True}
2026-02-11 15:32:08,073 : INFO : EventManager : Event: ======'machine_var_audits_switches_s_45_spinner_right'====== Args={'value': 0, 'prev_value': None, 'change': True}
2026-02-11 15:32:08,073 : INFO : EventManager : Event: ======'machine_var_audits_switches_s_45_varitarget_poisition_1'====== Args={'value': 0, 'prev_value': None, 'change': True}
2026-02-11 15:32:08,073 : INFO : EventManager : Event: ======'machine_var_audits_switches_s_46_varitarget_poisition_2'====== Args={'value': 0, 'prev_value': None, 'change': True}
2026-02-11 15:32:08,073 : INFO : EventManager : Event: ======'machine_var_audits_switches_s_47_varitarget_poisition_3'====== Args={'value': 0, 'prev_value': None, 'change': True}
2026-02-11 15:32:08,073 : INFO : EventManager : Event: ======'machine_var_audits_switches_s_48_varitarget_poisition_4'====== Args={'value': 0, 'prev_value': None, 'change': True}
2026-02-11 15:32:08,073 : INFO : EventManager : Event: ======'machine_var_audits_switches_s_49_varitarget_poisition_5'====== Args={'value': 0, 'prev_value': None, 'change': True}
2026-02-11 15:32:08,073 : INFO : EventManager : Event: ======'machine_var_audits_switches_s_50_saucer_left'====== Args={'value': 0, 'prev_value': None, 'change': True}
2026-02-11 15:32:08,073 : INFO : EventManager : Event: ======'machine_var_audits_switches_s_51_saucer_right'====== Args={'value': 2, 'prev_value': None, 'change': True}
2026-02-11 15:32:08,073 : INFO : EventManager : Event: ======'machine_var_audits_switches_s_52_star_rollover_top'====== Args={'value': 0, 'prev_value': None, 'change': True}
2026-02-11 15:32:08,073 : INFO : EventManager : Event: ======'machine_var_audits_switches_s_53_star_rollover_bottom'====== Args={'value': 0, 'prev_value': None, 'change': True}
2026-02-11 15:32:08,073 : INFO : EventManager : Event: ======'machine_var_audits_switches_s_54_single_drop_1'====== Args={'value': 0, 'prev_value': None, 'change': True}
2026-02-11 15:32:08,073 : INFO : EventManager : Event: ======'machine_var_audits_switches_s_55_fourbank_drop_1'====== Args={'value': 0, 'prev_value': None, 'change': True}
2026-02-11 15:32:08,073 : INFO : EventManager : Event: ======'machine_var_audits_switches_s_56_fourbank_drop_2'====== Args={'value': 0, 'prev_value': None, 'change': True}
2026-02-11 15:32:08,074 : INFO : EventManager : Event: ======'machine_var_audits_switches_s_57_fourbank_drop_3'====== Args={'value': 1, 'prev_value': None, 'change': True}
2026-02-11 15:32:08,074 : INFO : EventManager : Event: ======'machine_var_audits_switches_s_58_fourbank_drop_4'====== Args={'value': 1, 'prev_value': None, 'change': True}
2026-02-11 15:32:08,074 : INFO : EventManager : Event: ======'machine_var_audits_switches_s_59_threebank_drop_1'====== Args={'value': 1, 'prev_value': None, 'change': True}
2026-02-11 15:32:08,074 : INFO : EventManager : Event: ======'machine_var_audits_switches_s_60_threebank_drop_2'====== Args={'value': 1, 'prev_value': None, 'change': True}
2026-02-11 15:32:08,074 : INFO : EventManager : Event: ======'machine_var_audits_switches_s_61_threebank_drop_3'====== Args={'value': 0, 'prev_value': None, 'change': True}
2026-02-11 15:32:08,074 : INFO : EventManager : Event: ======'machine_var_audits_switches_s_62_stand_up_target_1'====== Args={'value': 0, 'prev_value': None, 'change': True}
2026-02-11 15:32:08,074 : INFO : EventManager : Event: ======'machine_var_audits_switches_s_63_stand_up_target_2'====== Args={'value': 1, 'prev_value': None, 'change': True}
2026-02-11 15:32:08,074 : INFO : EventManager : Event: ======'machine_var_audits_switches_s_64_stand_up_target_3'====== Args={'value': 1, 'prev_value': None, 'change': True}
2026-02-11 15:32:08,074 : INFO : EventManager : Event: ======'machine_var_audits_switches_s_65_stand_up_target_4'====== Args={'value': 0, 'prev_value': None, 'change': True}
2026-02-11 15:32:08,074 : INFO : EventManager : Event: ======'machine_var_audits_switches_s_66_stand_up_target_5'====== Args={'value': 0, 'prev_value': None, 'change': True}
2026-02-11 15:32:08,074 : INFO : EventManager : Event: ======'machine_var_audits_switches_s_67_stand_up_target_6'====== Args={'value': 0, 'prev_value': None, 'change': True}
2026-02-11 15:32:08,074 : INFO : EventManager : Event: ======'machine_var_audits_switches_s_68_stand_up_target_7'====== Args={'value': 1, 'prev_value': None, 'change': True}
2026-02-11 15:32:08,074 : INFO : EventManager : Event: ======'machine_var_audits_switches_s_69_stand_up_target_8'====== Args={'value': 2, 'prev_value': None, 'change': True}
2026-02-11 15:32:08,074 : INFO : EventManager : Event: ======'machine_var_audits_switches_s_70_stand_up_target_9'====== Args={'value': 0, 'prev_value': None, 'change': True}
2026-02-11 15:32:08,074 : INFO : EventManager : Event: ======'machine_var_audits_switches_s_71_stand_up_target_10'====== Args={'value': 0, 'prev_value': None, 'change': True}
2026-02-11 15:32:08,074 : INFO : EventManager : Event: ======'machine_var_audits_switches_s_72_stand_up_target_11'====== Args={'value': 0, 'prev_value': None, 'change': True}
2026-02-11 15:32:08,074 : INFO : EventManager : Event: ======'machine_var_audits_switches_s_8_left_flipper'====== Args={'value': 17, 'prev_value': None, 'change': True}
2026-02-11 15:32:08,074 : INFO : EventManager : Event: ======'machine_var_audits_switches_s_65_varitarget_poisition_2'====== Args={'value': 0, 'prev_value': None, 'change': True}
2026-02-11 15:32:08,074 : INFO : EventManager : Event: ======'machine_var_audits_switches_s_41_stand_up_target_8'====== Args={'value': 0, 'prev_value': None, 'change': True}
2026-02-11 15:32:08,074 : INFO : EventManager : Event: ======'machine_var_audits_switches_s_59_saucer_right'====== Args={'value': 0, 'prev_value': None, 'change': True}
2026-02-11 15:32:08,074 : INFO : EventManager : Event: ======'machine_var_audits_switches_s_70_varitarget_poisition_7'====== Args={'value': 0, 'prev_value': None, 'change': True}
2026-02-11 15:32:08,074 : INFO : EventManager : Event: ======'machine_var_audits_switches_s_85_stand_up_target_bank_4'====== Args={'value': 0, 'prev_value': None, 'change': True}
2026-02-11 15:32:08,074 : INFO : EventManager : Event: ======'machine_var_audits_switches_s_82_stand_up_target_bank_1'====== Args={'value': 0, 'prev_value': None, 'change': True}
2026-02-11 15:32:08,075 : INFO : EventManager : Event: ======'machine_var_audits_switches_s_77_threebank_drop_1'====== Args={'value': 0, 'prev_value': None, 'change': True}
2026-02-11 15:32:08,075 : INFO : EventManager : Event: ======'machine_var_audits_switches_s_63_stand_up_target_11'====== Args={'value': 0, 'prev_value': None, 'change': True}
2026-02-11 15:32:08,075 : INFO : EventManager : Event: ======'machine_var_audits_switches_s_81_saucer_left'====== Args={'value': 0, 'prev_value': None, 'change': True}
2026-02-11 15:32:08,075 : INFO : EventManager : Event: ======'machine_var_audits_switches_s_28_trough_5'====== Args={'value': 0, 'prev_value': None, 'change': True}
2026-02-11 15:32:08,075 : INFO : EventManager : Event: ======'machine_var_audits_switches_s_25_trough_2'====== Args={'value': 0, 'prev_value': None, 'change': True}
2026-02-11 15:32:08,075 : INFO : EventManager : Event: ======'machine_var_audits_switches_s_27_trough_4'====== Args={'value': 0, 'prev_value': None, 'change': True}
2026-02-11 15:32:08,075 : INFO : EventManager : Event: ======'machine_var_audits_switches_s_73_fourbank_drop_1'====== Args={'value': 0, 'prev_value': None, 'change': True}
2026-02-11 15:32:08,075 : INFO : EventManager : Event: ======'machine_var_audits_switches_s_75_fourbank_drop_3'====== Args={'value': 0, 'prev_value': None, 'change': True}
2026-02-11 15:32:08,075 : INFO : EventManager : Event: ======'machine_var_audits_switches_s_40_stand_up_target_7'====== Args={'value': 0, 'prev_value': None, 'change': True}
2026-02-11 15:32:08,075 : INFO : EventManager : Event: ======'machine_var_audits_switches_s_39_star_rollover_top'====== Args={'value': 0, 'prev_value': None, 'change': True}
2026-02-11 15:32:08,075 : INFO : EventManager : Event: ======'machine_var_audits_switches_s_26_trough_3'====== Args={'value': 0, 'prev_value': None, 'change': True}
2026-02-11 15:32:08,075 : INFO : EventManager : Event: ======'machine_var_audits_switches_s_60_top_lane_c'====== Args={'value': 0, 'prev_value': None, 'change': True}
2026-02-11 15:32:08,075 : INFO : EventManager : Event: ======'machine_var_audits_switches_s_80_stand_up_target_1'====== Args={'value': 0, 'prev_value': None, 'change': True}
2026-02-11 15:32:08,075 : INFO : EventManager : Event: ======'machine_var_audits_switches_s_58_pop_bumper_left'====== Args={'value': 0, 'prev_value': None, 'change': True}
2026-02-11 15:32:08,075 : INFO : EventManager : Event: ======'machine_var_audits_switches_s_83_stand_up_target_bank_2'====== Args={'value': 0, 'prev_value': None, 'change': True}
2026-02-11 15:32:08,075 : INFO : EventManager : Event: ======'machine_var_audits_switches_s_38_star_rollover_bottom'====== Args={'value': 0, 'prev_value': None, 'change': True}
2026-02-11 15:32:08,075 : INFO : EventManager : Event: ======'machine_var_audits_switches_s_57_pop_bumper_center'====== Args={'value': 0, 'prev_value': None, 'change': True}
2026-02-11 15:32:08,075 : INFO : EventManager : Event: ======'machine_var_audits_switches_s_86_stand_up_target_bank_5'====== Args={'value': 0, 'prev_value': None, 'change': True}
2026-02-11 15:32:08,075 : INFO : EventManager : Event: ======'machine_var_audits_switches_s_74_fourbank_drop_2'====== Args={'value': 0, 'prev_value': None, 'change': True}
2026-02-11 15:32:08,075 : INFO : EventManager : Event: ======'machine_var_audits_switches_s_76_fourbank_drop_4'====== Args={'value': 0, 'prev_value': None, 'change': True}
2026-02-11 15:32:08,075 : INFO : EventManager : Event: ======'machine_var_audits_switches_s_78_threebank_drop_2'====== Args={'value': 0, 'prev_value': None, 'change': True}
2026-02-11 15:32:08,075 : INFO : EventManager : Event: ======'machine_var_audits_switches_s_64_varitarget_poisition_1'====== Args={'value': 0, 'prev_value': None, 'change': True}
2026-02-11 15:32:08,076 : INFO : EventManager : Event: ======'machine_var_audits_switches_s_87_stand_up_target_bank_6'====== Args={'value': 0, 'prev_value': None, 'change': True}
2026-02-11 15:32:08,076 : INFO : EventManager : Event: ======'machine_var_audits_switches_s_56_pop_bumper_right'====== Args={'value': 0, 'prev_value': None, 'change': True}
2026-02-11 15:32:08,076 : INFO : EventManager : Event: ======'machine_var_audits_switches_s_44_spinner_right'====== Args={'value': 0, 'prev_value': None, 'change': True}
2026-02-11 15:32:08,076 : INFO : EventManager : Event: ======'machine_var_audits_switches_s_61_top_lane_b'====== Args={'value': 0, 'prev_value': None, 'change': True}
2026-02-11 15:32:08,076 : INFO : EventManager : Event: ======'machine_var_audits_switches_s_62_top_lane_a'====== Args={'value': 0, 'prev_value': None, 'change': True}
2026-02-11 15:32:08,076 : INFO : EventManager : Event: ======'machine_var_audits_switches_s_66_varitarget_poisition_3'====== Args={'value': 0, 'prev_value': None, 'change': True}
2026-02-11 15:32:08,076 : INFO : EventManager : Event: ======'machine_var_audits_switches_s_69_varitarget_poisition_6'====== Args={'value': 0, 'prev_value': None, 'change': True}
2026-02-11 15:32:08,076 : INFO : EventManager : Event: ======'machine_var_audits_switches_s_84_stand_up_target_bank_3'====== Args={'value': 0, 'prev_value': None, 'change': True}
2026-02-11 15:32:08,076 : INFO : EventManager : Event: ======'machine_var_audits_switches_s_72_single_drop_1'====== Args={'value': 0, 'prev_value': None, 'change': True}
2026-02-11 15:32:08,076 : INFO : EventManager : Event: ======'machine_var_audits_switches_s_79_threebank_drop_3'====== Args={'value': 0, 'prev_value': None, 'change': True}
2026-02-11 15:32:08,076 : INFO : EventManager : Event: ======'machine_var_audits_switches_s_68_varitarget_poisition_5'====== Args={'value': 0, 'prev_value': None, 'change': True}
2026-02-11 15:32:08,076 : INFO : EventManager : Event: ======'machine_var_audits_switches_s_24_trough_1'====== Args={'value': 0, 'prev_value': None, 'change': True}
2026-02-11 15:32:08,076 : INFO : EventManager : Event: ======'machine_var_audits_switches_s_30_trough_jam'====== Args={'value': 0, 'prev_value': None, 'change': True}
2026-02-11 15:32:08,076 : INFO : EventManager : Event: ======'machine_var_audits_switches_s_43_stand_up_target_10'====== Args={'value': 0, 'prev_value': None, 'change': True}
2026-02-11 15:32:08,076 : INFO : EventManager : Event: ======'machine_var_audits_switches_s_71_spinner_left'====== Args={'value': 0, 'prev_value': None, 'change': True}
2026-02-11 15:32:08,076 : INFO : EventManager : Event: ======'machine_var_audits_switches_s_29_trough_6'====== Args={'value': 0, 'prev_value': None, 'change': True}
2026-02-11 15:32:08,076 : INFO : EventManager : Event: ======'machine_var_audits_switches_s_42_stand_up_target_9'====== Args={'value': 0, 'prev_value': None, 'change': True}
2026-02-11 15:32:08,076 : INFO : EventManager : Event: ======'machine_var_audits_switches_s_67_varitarget_poisition_4'====== Args={'value': 0, 'prev_value': None, 'change': True}
2026-02-11 15:32:08,076 : INFO : EventManager : Event: ======'machine_var_audits_switches_s_31_plunger_lane'====== Args={'value': 0, 'prev_value': None, 'change': True}
2026-02-11 15:32:08,077 : INFO : EventManager : Event: ======'init_phase_5'====== Args={}
2026-02-11 15:32:08,077 : INFO : EventManager : Event: ======'init_done'====== Args={}
2026-02-11 15:32:08,078 : INFO : EventManager : Event: ======'machine_reset_phase_1'====== Args={}
2026-02-11 15:32:08,079 : INFO : EventManager : Event: ======'machine_reset_phase_2'====== Args={}
2026-02-11 15:32:08,079 : INFO : EventManager : Event: ======'machine_reset_phase_3'====== Args={}
2026-02-11 15:32:08,080 : INFO : EventManager : Event: ======'reset_complete'====== Args={}
2026-02-11 15:32:08,080 : INFO : EventManager : Event: ======'mode_attract_will_start'====== Args={}
2026-02-11 15:32:08,080 : INFO : Timer.attract_carousel_timer : Starting Timer.
2026-02-11 15:32:08,080 : INFO : EventManager : Event: ======'timer_attract_carousel_timer_started'====== Args={'ticks': 0, 'ticks_remaining': 1}
2026-02-11 15:32:08,080 : INFO : EventManager : Event: ======'timer_attract_carousel_timer_tick'====== Args={'ticks': 0, 'ticks_remaining': 1}
2026-02-11 15:32:08,081 : INFO : EventManager : Event: ======'mode_attract_starting'====== Args={}
2026-02-11 15:32:08,081 : INFO : drop_target_bank.dtb_characters : All targets are already up. Will not reset bank.
2026-02-11 15:32:08,081 : INFO : drop_target_bank.dtb_rollover : All targets are already up. Will not reset bank.
2026-02-11 15:32:08,081 : INFO : Mode.attract : Started. Priority: 10
2026-02-11 15:32:08,081 : INFO : EventManager : Event: ======'modes_active_modes_changed'====== Args={}
2026-02-11 15:32:08,081 : INFO : EventManager : Event: ======'mode_attract_started'====== Args={}
2026-02-11 15:32:08,082 : INFO : EventManager : Event: ======'collecting_balls_complete'====== Args={}
2026-02-11 15:32:08,082 : INFO : EventManager : Event: ======'carousel_item_highlighted'====== Args={'carousel': 'attract', 'direction': None, 'item': 'title'}
2026-02-11 15:32:08,083 : INFO : Machine : Starting the main run loop with active modes: [<Mode.attract>]
2026-02-11 15:32:09,926 : INFO : SwitchController : <<<<<<< 's_35_left_inlane' active >>>>>>>
2026-02-11 15:32:10,037 : INFO : SwitchController : <<<<<<< 's_35_left_inlane' inactive >>>>>>>
2026-02-11 15:32:10,053 : INFO : SwitchController : <<<<<<< 's_35_left_inlane' active >>>>>>>
2026-02-11 15:32:10,053 : INFO : SwitchController : <<<<<<< 's_35_left_inlane' inactive >>>>>>>
2026-02-11 15:32:12,163 : INFO : SwitchController : <<<<<<< 's_35_left_inlane' active >>>>>>>
2026-02-11 15:32:12,291 : INFO : SwitchController : <<<<<<< 's_35_left_inlane' inactive >>>>>>>
2026-02-11 15:32:12,307 : INFO : SwitchController : <<<<<<< 's_35_left_inlane' active >>>>>>>
2026-02-11 15:32:12,435 : INFO : SwitchController : <<<<<<< 's_35_left_inlane' inactive >>>>>>>
2026-02-11 15:32:12,467 : INFO : SwitchController : <<<<<<< 's_35_left_inlane' active >>>>>>>
2026-02-11 15:32:12,515 : INFO : SwitchController : <<<<<<< 's_35_left_inlane' inactive >>>>>>>
2026-02-11 15:32:13,091 : INFO : Timer.attract_carousel_timer : Timer Complete
2026-02-11 15:32:13,091 : INFO : Timer.attract_carousel_timer : Stopping Timer
2026-02-11 15:32:13,091 : INFO : EventManager : Event: ======'timer_attract_carousel_timer_stopped'====== Args={'ticks': 1, 'ticks_remaining': 1}
2026-02-11 15:32:13,091 : INFO : EventManager : Event: ======'timer_attract_carousel_timer_complete'====== Args={'ticks': 1, 'ticks_remaining': 1}
2026-02-11 15:32:13,091 : INFO : EventManager : Event: ======'carousel_item_highlighted'====== Args={'carousel': 'attract', 'direction': 'forwards', 'item': 'credits'}
2026-02-11 15:32:15,425 : INFO : SwitchController : <<<<<<< 's_35_left_inlane' active >>>>>>>
2026-02-11 15:32:15,585 : INFO : SwitchController : <<<<<<< 's_35_left_inlane' inactive >>>>>>>
2026-02-11 15:32:15,601 : INFO : SwitchController : <<<<<<< 's_35_left_inlane' active >>>>>>>
2026-02-11 15:32:15,665 : INFO : SwitchController : <<<<<<< 's_35_left_inlane' inactive >>>>>>>
2026-02-11 15:32:32,126 : INFO : SwitchController : <<<<<<< 's_58_pop_bumper_left' active >>>>>>>
2026-02-11 15:32:32,238 : INFO : SwitchController : <<<<<<< 's_58_pop_bumper_left' inactive >>>>>>>
2026-02-11 15:32:32,333 : INFO : SwitchController : <<<<<<< 's_58_pop_bumper_left' active >>>>>>>
2026-02-11 15:32:32,412 : INFO : SwitchController : <<<<<<< 's_58_pop_bumper_left' inactive >>>>>>>
2026-02-11 15:32:32,508 : INFO : SwitchController : <<<<<<< 's_58_pop_bumper_left' active >>>>>>>
2026-02-11 15:32:32,556 : INFO : SwitchController : <<<<<<< 's_58_pop_bumper_left' inactive >>>>>>>
2026-02-11 15:32:33,082 : INFO : SwitchController : <<<<<<< 's_58_pop_bumper_left' active >>>>>>>
2026-02-11 15:32:33,162 : INFO : SwitchController : <<<<<<< 's_58_pop_bumper_left' inactive >>>>>>>
2026-02-11 15:32:33,258 : INFO : SwitchController : <<<<<<< 's_58_pop_bumper_left' active >>>>>>>
2026-02-11 15:32:33,337 : INFO : SwitchController : <<<<<<< 's_58_pop_bumper_left' inactive >>>>>>>
2026-02-11 15:32:33,433 : INFO : SwitchController : <<<<<<< 's_58_pop_bumper_left' active >>>>>>>
2026-02-11 15:32:33,512 : INFO : SwitchController : <<<<<<< 's_58_pop_bumper_left' inactive >>>>>>>
2026-02-11 15:32:33,592 : INFO : SwitchController : <<<<<<< 's_58_pop_bumper_left' active >>>>>>>
2026-02-11 15:32:33,688 : INFO : SwitchController : <<<<<<< 's_58_pop_bumper_left' inactive >>>>>>>
2026-02-11 15:32:34,983 : INFO : SwitchController : <<<<<<< 's_56_pop_bumper_right' active >>>>>>>
2026-02-11 15:32:35,254 : INFO : SwitchController : <<<<<<< 's_56_pop_bumper_right' inactive >>>>>>>
2026-02-11 15:32:35,333 : INFO : SwitchController : <<<<<<< 's_56_pop_bumper_right' active >>>>>>>
2026-02-11 15:32:35,427 : INFO : SwitchController : <<<<<<< 's_56_pop_bumper_right' inactive >>>>>>>
2026-02-11 15:32:35,507 : INFO : SwitchController : <<<<<<< 's_56_pop_bumper_right' active >>>>>>>
2026-02-11 15:32:35,555 : INFO : SwitchController : <<<<<<< 's_56_pop_bumper_right' inactive >>>>>>>
2026-02-11 15:32:37,106 : INFO : SwitchController : <<<<<<< 's_59_saucer_right' inactive >>>>>>>
2026-02-11 15:32:37,714 : INFO : SwitchController : <<<<<<< 's_59_saucer_right' active >>>>>>>
2026-02-11 15:32:38,018 : INFO : SwitchController : <<<<<<< 's_59_saucer_right' inactive >>>>>>>
2026-02-11 15:32:38,418 : INFO : SwitchController : <<<<<<< 's_59_saucer_right' active >>>>>>>
2026-02-11 15:32:38,770 : INFO : SwitchController : <<<<<<< 's_59_saucer_right' inactive >>>>>>>
2026-02-11 15:32:39,025 : INFO : SwitchController : <<<<<<< 's_59_saucer_right' active >>>>>>>
2026-02-11 15:32:39,409 : INFO : SwitchController : <<<<<<< 's_59_saucer_right' inactive >>>>>>>
2026-02-11 15:32:39,601 : INFO : SwitchController : <<<<<<< 's_59_saucer_right' active >>>>>>>
2026-02-11 15:32:39,921 : INFO : SwitchController : <<<<<<< 's_59_saucer_right' inactive >>>>>>>
2026-02-11 15:32:40,081 : INFO : SwitchController : <<<<<<< 's_59_saucer_right' active >>>>>>>
2026-02-11 15:32:44,231 : INFO : SwitchController : <<<<<<< 's_72_single_drop_1' active >>>>>>>
2026-02-11 15:32:44,231 : INFO : EventManager : Event: ======'playfield_active'====== Args={'source': 'dt_single_1'}
2026-02-11 15:32:44,231 : INFO : EventManager : Event: ======'unexpected_ball_on_playfield'====== Args={}
2026-02-11 15:32:44,231 : INFO : EventManager : Event: ======'drop_target_dt_single_1_down'====== Args={'device': <drop_target.dt_single_1>}
2026-02-11 15:32:44,231 : INFO : EventManager : Event: ======'drop_target_bank_dtb_rollover_down'====== Args={}
2026-02-11 15:33:18,555 : INFO : SwitchController : <<<<<<< 's_29_trough_6' active >>>>>>>
2026-02-11 15:33:18,683 : INFO : SwitchController : <<<<<<< 's_29_trough_6' inactive >>>>>>>
2026-02-11 15:33:19,320 : INFO : SwitchController : <<<<<<< 's_29_trough_6' active >>>>>>>
2026-02-11 15:33:19,432 : INFO : SwitchController : <<<<<<< 's_29_trough_6' inactive >>>>>>>
2026-02-11 15:33:19,448 : INFO : SwitchController : <<<<<<< 's_28_trough_5' active >>>>>>>
2026-02-11 15:33:19,527 : INFO : SwitchController : <<<<<<< 's_28_trough_5' inactive >>>>>>>
2026-02-11 15:33:19,527 : INFO : SwitchController : <<<<<<< 's_27_trough_4' active >>>>>>>
2026-02-11 15:33:19,607 : INFO : SwitchController : <<<<<<< 's_27_trough_4' inactive >>>>>>>
2026-02-11 15:33:19,607 : INFO : SwitchController : <<<<<<< 's_26_trough_3' active >>>>>>>
2026-02-11 15:33:19,671 : INFO : SwitchController : <<<<<<< 's_26_trough_3' inactive >>>>>>>
2026-02-11 15:33:19,687 : INFO : SwitchController : <<<<<<< 's_25_trough_2' active >>>>>>>
2026-02-11 15:33:19,735 : INFO : SwitchController : <<<<<<< 's_25_trough_2' inactive >>>>>>>
2026-02-11 15:33:19,751 : INFO : SwitchController : <<<<<<< 's_24_trough_1' active >>>>>>>
2026-02-11 15:33:19,767 : INFO : SwitchController : <<<<<<< 's_64_varitarget_poisition_1' active >>>>>>>
2026-02-11 15:33:20,023 : INFO : SwitchController : <<<<<<< 's_64_varitarget_poisition_1' inactive >>>>>>>
2026-02-11 15:33:20,263 : INFO : EventManager : Event: ======'balldevice_bd_trough_ball_count_changed'====== Args={'balls': 1}
2026-02-11 15:33:20,263 : INFO : ball_device.bd_trough : Received unexpected ball
2026-02-11 15:33:20,263 : INFO : EventManager : Event: ======'balldevice_captured_from_playfield'====== Args={'balls': 1}
2026-02-11 15:33:20,263 : INFO : EventManager : Event: ======'sw_playfield_active'====== Args={'balls': 1}
2026-02-11 15:33:20,264 : INFO : EventManager : Event: ======'playfield_active'====== Args={'source': None}
2026-02-11 15:33:20,264 : INFO : EventManager : Event: ======'unexpected_ball_on_playfield'====== Args={}
2026-02-11 15:33:20,264 : INFO : EventManager : Event: ======'playfield_ball_count_change'====== Args={'balls': -1, 'change': -1}
2026-02-11 15:33:20,264 : INFO : EventManager : Event: ======'balldevice_playfield_ball_enter'====== Args={'new_balls': 1, 'unclaimed_balls': 1, 'device': <playfield.playfield>}
2026-02-11 15:33:20,264 : INFO : EventManager : Event: ======'playfield_ball_count_change'====== Args={'balls': 0, 'change': 1}
2026-02-11 15:33:20,264 : INFO : BallController : Found a new ball which was captured from playfield. Known balls: 1
2026-02-11 15:33:20,264 : INFO : EventManager : Event: ======'found_new_ball'====== Args={}
2026-02-11 15:33:20,264 : INFO : EventManager : Event: ======'balldevice_bd_trough_ball_enter'====== Args={'new_balls': 1, 'unclaimed_balls': 1, 'new_available_balls': 1, 'device': <ball_device.bd_trough>}
2026-02-11 15:33:20,265 : INFO : EventManager : Event: ======'ball_drain'====== Args={'device': <ball_device.bd_trough>, 'balls': 1}
2026-02-11 15:33:20,265 : INFO : EventManager : Event: ======'balldevice_balls_available'====== Args={}
2026-02-11 15:33:20,265 : INFO : EventManager : Event: ======'balldevice_bd_trough_ball_entered'====== Args={'new_balls': 1, 'device': <ball_device.bd_trough>}
2026-02-11 15:33:34,662 : INFO : SwitchController : <<<<<<< 's_11_start_button' active >>>>>>>
2026-02-11 15:33:34,853 : INFO : SwitchController : <<<<<<< 's_11_start_button' inactive >>>>>>>
2026-02-11 15:33:34,853 : INFO : EventManager : Event: ======'request_to_start_game'====== Args={}
2026-02-11 15:33:34,853 : INFO : EventManager : Event: ======'game_start'====== Args={'buttons': [], 'hold_time': 0.1870000000053551}
2026-02-11 15:33:34,853 : INFO : EventManager : Event: ======'mode_game_will_start'====== Args={'buttons': [], 'hold_time': 0.1870000000053551}
2026-02-11 15:33:34,854 : INFO : EventManager : Event: ======'mode_game_starting'====== Args={'buttons': [], 'hold_time': 0.1870000000053551}
2026-02-11 15:33:34,854 : INFO : EventManager : Event: ======'mode_attract_will_stop'====== Args={}
2026-02-11 15:33:34,854 : INFO : EventManager : Event: ======'mode_attract_stopping'====== Args={}
2026-02-11 15:33:34,854 : INFO : Mode.attract : Stopped.
2026-02-11 15:33:34,854 : INFO : EventManager : Event: ======'modes_active_modes_changed'====== Args={}
2026-02-11 15:33:34,854 : INFO : EventManager : Event: ======'mode_attract_stopped'====== Args={}
2026-02-11 15:33:34,854 : INFO : EventManager : Event: ======'clear'====== Args={'key': 'attract'}
2026-02-11 15:33:34,854 : INFO : Timer.attract_carousel_timer : Stopping Timer
2026-02-11 15:33:34,854 : INFO : EventManager : Event: ======'timer_attract_carousel_timer_stopped'====== Args={'ticks': 1, 'ticks_remaining': 1}
2026-02-11 15:33:34,854 : INFO : Mode.game : Started. Priority: 20
2026-02-11 15:33:34,855 : INFO : EventManager : Event: ======'modes_active_modes_changed'====== Args={}
2026-02-11 15:33:34,855 : INFO : EventManager : Event: ======'mode_game_started'====== Args={'buttons': [], 'hold_time': 0.1870000000053551}
2026-02-11 15:33:34,855 : INFO : EventManager : Event: ======'game_will_start'====== Args={}
2026-02-11 15:33:34,856 : INFO : EventManager : Event: ======'game_starting'====== Args={'game': <Mode.game>}
2026-02-11 15:33:34,856 : DEBUG : Auditor : Enabling the Auditor
2026-02-11 15:33:34,856 : INFO : EventManager : Unordered handler for class <Auditor> on event game_ended with priority 1. Handlers: [RegisteredHandler(callback=<bound method Auditor.disable of <Auditor>>, priority=1, kwargs={}, key=UUID('b5c9bf31-3fdf-4240-81ae-d589c6fa6387'), condition=None, blocking_facility=None), RegisteredHandler(callback=<bound method Auditor._save_audits of <Auditor>>, priority=1, kwargs={}, key=UUID('1203c50e-0cdb-485f-adc6-37f5c6862737'), condition=None, blocking_facility=None)]. The order of those handlers is not defined and they will be executed in random order. This might lead to race conditions and potential bugs.
2026-02-11 15:33:34,857 : INFO : EventManager : Event: ======'player_add_request'====== Args={}
2026-02-11 15:33:34,857 : INFO : EventManager : Event: ======'player_will_add'====== Args={'number': 1}
2026-02-11 15:33:34,857 : DEBUG : Player : Creating new player: Player 1. (player index '0')
2026-02-11 15:33:34,857 : DEBUG : Player : Setting 'score' to: 0, (prior: 0, change: 0)
2026-02-11 15:33:34,857 : INFO : EventManager : Event: ======'player_adding'====== Args={'player': <Player 1>, 'number': 1}
2026-02-11 15:33:34,857 : INFO : EventManager : Event: ======'player_added'====== Args={'player': <Player 1>, 'num': 1}
2026-02-11 15:33:34,857 : INFO : Mode.game : Player added successfully. Total players: 1
2026-02-11 15:33:34,857 : INFO : EventManager : Event: ======'player_index'====== Args={'value': 0, 'prev_value': 0, 'change': 0, 'player_num': 1}
2026-02-11 15:33:34,857 : INFO : EventManager : Event: ======'player_number'====== Args={'value': 1, 'prev_value': 1, 'change': 0, 'player_num': 1}
2026-02-11 15:33:34,857 : INFO : EventManager : Event: ======'player_score'====== Args={'value': 0, 'prev_value': 0, 'change': 0, 'player_num': 1}
2026-02-11 15:33:34,858 : INFO : EventManager : Event: ======'game_started'====== Args={}
2026-02-11 15:33:34,858 : INFO : EventManager : Event: ======'player_turn_will_start'====== Args={'player': <Player 1>, 'number': 1}
2026-02-11 15:33:34,866 : INFO : EventManager : Event: ======'player_turn_starting'====== Args={'player': <Player 1>, 'number': 1}
2026-02-11 15:33:34,867 : DEBUG : Player : Setting 'ball' to: 1, (prior: 0, change: 1)
2026-02-11 15:33:34,867 : INFO : EventManager : Event: ======'player_ball'====== Args={'value': 1, 'prev_value': 0, 'change': 1, 'player_num': 1}
2026-02-11 15:33:34,867 : INFO : EventManager : Event: ======'player_turn_started'====== Args={'player': <Player 1>, 'number': 1}
2026-02-11 15:33:34,868 : INFO : EventManager : Event: ======'ball_will_start'====== Args={'player': 1, 'ball': 1, 'balls_remaining': 2, 'is_extra_ball': False}
2026-02-11 15:33:34,868 : INFO : drop_target_bank.dtb_characters : All targets are already up. Will not reset bank.
2026-02-11 15:33:34,868 : INFO : drop_target_bank.dtb_rollover : 1 targets are down. Will reset those.
2026-02-11 15:33:34,868 : INFO : coil.c_31_single_drop_1_reset : Pulsing Driver for 1ms (1.0 pulse_power)
2026-02-11 15:33:34,868 : DEBUG : FAST Driver : Pulsing driver 34 with pulse_settings: PulseSettings(power=1.0, duration=1).
2026-02-11 15:33:34,869 : INFO : EventManager : Event: ======'ball_starting'====== Args={'player': 1, 'ball': 1, 'balls_remaining': 2, 'is_extra_ball': False}
2026-02-11 15:33:34,870 : INFO : EventManager : Event: ======'balls_in_play'====== Args={'balls': 1}
2026-02-11 15:33:34,870 : INFO : EventManager : Event: ======'ball_started'====== Args={'player': 1, 'ball': 1, 'balls_remaining': 2, 'is_extra_ball': False}
2026-02-11 15:33:34,870 : DEBUG : FAST Driver : Setting hardware rule for driver 26. Mode: None. Switch: 25. coil_settings: DriverSettings(hw_driver=<mpf.platforms.fast.fast_driver.FASTDriver object at 0x0000028DCC8D6420>, pulse_settings=PulseSettings(power=1.0, duration=1), hold_settings=None, recycle=True). kwargs: {}.
2026-02-11 15:33:34,870 : DEBUG : FAST Driver : Setting hardware rule for driver 27. Mode: None. Switch: 22. coil_settings: DriverSettings(hw_driver=<mpf.platforms.fast.fast_driver.FASTDriver object at 0x0000028DCC8D6490>, pulse_settings=PulseSettings(power=1.0, duration=1), hold_settings=None, recycle=True). kwargs: {}.
2026-02-11 15:33:34,870 : DEBUG : FAST Driver : Setting hardware rule for driver 9. Mode: None. Switch: 0A. coil_settings: DriverSettings(hw_driver=<mpf.platforms.fast.fast_driver.FASTDriver object at 0x0000028DCC8D5C40>, pulse_settings=PulseSettings(power=1.0, duration=1), hold_settings=None, recycle=True). kwargs: {}.
2026-02-11 15:33:34,871 : DEBUG : FAST Driver : Setting hardware rule for driver 7. Mode: None. Switch: 09. coil_settings: DriverSettings(hw_driver=<mpf.platforms.fast.fast_driver.FASTDriver object at 0x0000028DCC8D5B60>, pulse_settings=PulseSettings(power=1.0, duration=1), hold_settings=None, recycle=True). kwargs: {}.
2026-02-11 15:33:34,871 : DEBUG : FAST Driver : Setting hardware rule for driver 8. Mode: None. Switch: 08. coil_settings: DriverSettings(hw_driver=<mpf.platforms.fast.fast_driver.FASTDriver object at 0x0000028DCC8D5BD0>, pulse_settings=PulseSettings(power=1.0, duration=1), hold_settings=None, recycle=True). kwargs: {}.
2026-02-11 15:33:34,871 : DEBUG : FAST Driver : Setting hardware rule for driver 24. Mode: 18. Switch: 06. coil_settings: DriverSettings(hw_driver=<mpf.platforms.fast.fast_driver.FASTDriver object at 0x0000028DCC8D6340>, pulse_settings=PulseSettings(power=1.0, duration=1), hold_settings=None, recycle=False). kwargs: {}.
2026-02-11 15:33:34,871 : DEBUG : FAST Driver : Sending config to driver 24 (0x18). one_shot: False. wait_to_confirm: False
2026-02-11 15:33:34,871 : DEBUG : FAST Driver : Setting hardware rule for driver 25. Mode: 18. Switch: 06. coil_settings: DriverSettings(hw_driver=<mpf.platforms.fast.fast_driver.FASTDriver object at 0x0000028DCC8D63B0>, pulse_settings=PulseSettings(power=1.0, duration=1), hold_settings=HoldSettings(power=0.125, duration=None), recycle=False). kwargs: {}.
2026-02-11 15:33:34,871 : DEBUG : FAST Driver : Sending config to driver 25 (0x19). one_shot: False. wait_to_confirm: False
2026-02-11 15:33:34,871 : DEBUG : FAST Driver : Setting hardware rule for driver 22. Mode: 18. Switch: 04. coil_settings: DriverSettings(hw_driver=<mpf.platforms.fast.fast_driver.FASTDriver object at 0x0000028DCC8D6260>, pulse_settings=PulseSettings(power=1.0, duration=1), hold_settings=None, recycle=False). kwargs: {}.
2026-02-11 15:33:34,871 : DEBUG : FAST Driver : Sending config to driver 22 (0x16). one_shot: False. wait_to_confirm: False
2026-02-11 15:33:34,871 : DEBUG : FAST Driver : Setting hardware rule for driver 23. Mode: 18. Switch: 04. coil_settings: DriverSettings(hw_driver=<mpf.platforms.fast.fast_driver.FASTDriver object at 0x0000028DCC8D62D0>, pulse_settings=PulseSettings(power=1.0, duration=1), hold_settings=HoldSettings(power=0.125, duration=None), recycle=False). kwargs: {}.
2026-02-11 15:33:34,872 : DEBUG : FAST Driver : Sending config to driver 23 (0x17). one_shot: False. wait_to_confirm: False
2026-02-11 15:33:34,872 : DEBUG : FAST Driver : Setting hardware rule for driver 5. Mode: 18. Switch: 07. coil_settings: DriverSettings(hw_driver=<mpf.platforms.fast.fast_driver.FASTDriver object at 0x0000028DCC8D5A80>, pulse_settings=PulseSettings(power=1.0, duration=1), hold_settings=None, recycle=False). kwargs: {}.
2026-02-11 15:33:34,872 : DEBUG : FAST Driver : Sending config to driver 5 (0x05). one_shot: False. wait_to_confirm: False
2026-02-11 15:33:34,872 : DEBUG : FAST Driver : Setting hardware rule for driver 4. Mode: 18. Switch: 07. coil_settings: DriverSettings(hw_driver=<mpf.platforms.fast.fast_driver.FASTDriver object at 0x0000028DCC8D5A10>, pulse_settings=PulseSettings(power=1.0, duration=1), hold_settings=HoldSettings(power=0.125, duration=None), recycle=False). kwargs: {}.
2026-02-11 15:33:34,872 : DEBUG : FAST Driver : Sending config to driver 4 (0x04). one_shot: False. wait_to_confirm: False
2026-02-11 15:33:34,872 : INFO : EventManager : Event: ======'single_player_ball_started'====== Args={}
2026-02-11 15:33:34,873 : INFO : EventManager : Event: ======'ball_start_target'====== Args={'target': 'playfield'}
2026-02-11 15:33:34,873 : INFO : ball_device.bd_trough : Setting up player-controlled eject. Balls: 1, Target: <playfield.playfield>, player_controlled_eject_event: None
2026-02-11 15:33:34,874 : INFO : ball_device.bd_trough : Adding 1 ball(s) to the eject_queue with target <playfield.playfield>.
2026-02-11 15:33:34,874 : INFO : EventManager : Event: ======'balldevice_balls_available'====== Args={}
2026-02-11 15:33:34,875 : INFO : ball_device.bd_trough : State: waiting_for_target_ready
2026-02-11 15:33:34,875 : INFO : EventManager : Event: ======'balldevice_bd_trough_ball_eject_attempt'====== Args={'balls': 1, 'target': <ball_device.bd_plunger>, 'source': <ball_device.bd_trough>, 'mechanical_eject': False, 'num_attempts': 0}
2026-02-11 15:33:34,875 : INFO : ball_device.bd_plunger : State: waiting_for_ball
2026-02-11 15:33:34,876 : INFO : ball_device.bd_trough : State: ejecting
2026-02-11 15:33:34,876 : INFO : ball_device.bd_trough : Ejecting ball to <ball_device.bd_plunger>
2026-02-11 15:33:34,876 : INFO : EventManager : Event: ======'balldevice_bd_trough_ejecting_ball'====== Args={'balls': 1, 'target': <ball_device.bd_plunger>, 'source': <ball_device.bd_trough>, 'mechanical_eject': False, 'num_attempts': 0}
2026-02-11 15:33:34,877 : INFO : ball_device.bd_trough : Wait for ball to leave device
2026-02-11 15:33:34,877 : INFO : coil.c_2_trough_eject : Pulsing Driver for 1ms (1.0 pulse_power)
2026-02-11 15:33:34,877 : DEBUG : FAST Driver : Pulsing driver 21 with pulse_settings: PulseSettings(power=1.0, duration=1).
2026-02-11 15:33:34,901 : INFO : SwitchController : <<<<<<< 's_34_right_sling' inactive >>>>>>>
2026-02-11 15:33:34,980 : INFO : SwitchController : <<<<<<< 's_34_right_sling' active >>>>>>>
2026-02-11 15:33:34,980 : INFO : EventManager : Event: ======'playfield_active'====== Args={'source': 'ac_sling_right'}
2026-02-11 15:33:34,980 : INFO : EventManager : Event: ======'unexpected_ball_on_playfield'====== Args={}
2026-02-11 15:33:34,980 : INFO : EventManager : Event: ======'machine_var_audits_switches_s_34_right_sling'====== Args={'value': 11, 'prev_value': 10, 'change': 1}
2026-02-11 15:33:34,996 : INFO : SwitchController : <<<<<<< 's_34_right_sling' inactive >>>>>>>
2026-02-11 15:33:35,044 : INFO : SwitchController : <<<<<<< 's_64_varitarget_poisition_1' active >>>>>>>
2026-02-11 15:33:35,044 : INFO : EventManager : Event: ======'machine_var_audits_switches_s_64_varitarget_poisition_1'====== Args={'value': 1, 'prev_value': 0, 'change': 1}
2026-02-11 15:33:35,060 : INFO : SwitchController : <<<<<<< 's_34_right_sling' active >>>>>>>
2026-02-11 15:33:35,060 : INFO : EventManager : Event: ======'playfield_active'====== Args={'source': 'ac_sling_right'}
2026-02-11 15:33:35,060 : INFO : EventManager : Event: ======'unexpected_ball_on_playfield'====== Args={}
2026-02-11 15:33:35,060 : INFO : EventManager : Event: ======'machine_var_audits_switches_s_34_right_sling'====== Args={'value': 12, 'prev_value': 11, 'change': 1}
2026-02-11 15:33:35,076 : INFO : SwitchController : <<<<<<< 's_64_varitarget_poisition_1' inactive >>>>>>>
2026-02-11 15:33:35,076 : INFO : SwitchController : <<<<<<< 's_34_right_sling' inactive >>>>>>>
2026-02-11 15:33:35,156 : INFO : SwitchController : <<<<<<< 's_34_right_sling' active >>>>>>>
2026-02-11 15:33:35,156 : INFO : EventManager : Event: ======'playfield_active'====== Args={'source': 'ac_sling_right'}
2026-02-11 15:33:35,156 : INFO : EventManager : Event: ======'unexpected_ball_on_playfield'====== Args={}
2026-02-11 15:33:35,156 : INFO : EventManager : Event: ======'machine_var_audits_switches_s_34_right_sling'====== Args={'value': 13, 'prev_value': 12, 'change': 1}
2026-02-11 15:33:35,172 : INFO : SwitchController : <<<<<<< 's_34_right_sling' inactive >>>>>>>
2026-02-11 15:33:35,220 : INFO : SwitchController : <<<<<<< 's_64_varitarget_poisition_1' active >>>>>>>
2026-02-11 15:33:35,220 : INFO : EventManager : Event: ======'machine_var_audits_switches_s_64_varitarget_poisition_1'====== Args={'value': 2, 'prev_value': 1, 'change': 1}
2026-02-11 15:33:35,220 : INFO : SwitchController : <<<<<<< 's_64_varitarget_poisition_1' inactive >>>>>>>
2026-02-11 15:33:35,236 : INFO : SwitchController : <<<<<<< 's_34_right_sling' active >>>>>>>
2026-02-11 15:33:35,236 : INFO : EventManager : Event: ======'playfield_active'====== Args={'source': 'ac_sling_right'}
2026-02-11 15:33:35,236 : INFO : EventManager : Event: ======'unexpected_ball_on_playfield'====== Args={}
2026-02-11 15:33:35,236 : INFO : EventManager : Event: ======'machine_var_audits_switches_s_34_right_sling'====== Args={'value': 14, 'prev_value': 13, 'change': 1}
2026-02-11 15:33:35,252 : INFO : SwitchController : <<<<<<< 's_34_right_sling' inactive >>>>>>>
2026-02-11 15:33:35,267 : INFO : SwitchController : <<<<<<< 's_64_varitarget_poisition_1' active >>>>>>>
2026-02-11 15:33:35,267 : INFO : EventManager : Event: ======'machine_var_audits_switches_s_64_varitarget_poisition_1'====== Args={'value': 3, 'prev_value': 2, 'change': 1}
2026-02-11 15:33:35,331 : INFO : SwitchController : <<<<<<< 's_64_varitarget_poisition_1' inactive >>>>>>>
2026-02-11 15:33:35,379 : INFO : SwitchController : <<<<<<< 's_34_right_sling' active >>>>>>>
2026-02-11 15:33:35,379 : INFO : EventManager : Event: ======'playfield_active'====== Args={'source': 'ac_sling_right'}
2026-02-11 15:33:35,379 : INFO : EventManager : Event: ======'unexpected_ball_on_playfield'====== Args={}
2026-02-11 15:33:35,379 : INFO : EventManager : Event: ======'machine_var_audits_switches_s_34_right_sling'====== Args={'value': 15, 'prev_value': 14, 'change': 1}
2026-02-11 15:33:35,379 : INFO : SwitchController : <<<<<<< 's_34_right_sling' inactive >>>>>>>
2026-02-11 15:33:35,473 : INFO : SwitchController : <<<<<<< 's_34_right_sling' active >>>>>>>
2026-02-11 15:33:35,473 : INFO : EventManager : Event: ======'playfield_active'====== Args={'source': 'ac_sling_right'}
2026-02-11 15:33:35,473 : INFO : EventManager : Event: ======'unexpected_ball_on_playfield'====== Args={}
2026-02-11 15:33:35,473 : INFO : EventManager : Event: ======'machine_var_audits_switches_s_34_right_sling'====== Args={'value': 16, 'prev_value': 15, 'change': 1}
2026-02-11 15:33:35,489 : INFO : SwitchController : <<<<<<< 's_34_right_sling' inactive >>>>>>>
2026-02-11 15:33:35,552 : INFO : SwitchController : <<<<<<< 's_34_right_sling' active >>>>>>>
2026-02-11 15:33:35,552 : INFO : EventManager : Event: ======'playfield_active'====== Args={'source': 'ac_sling_right'}
2026-02-11 15:33:35,552 : INFO : EventManager : Event: ======'unexpected_ball_on_playfield'====== Args={}
2026-02-11 15:33:35,552 : INFO : EventManager : Event: ======'machine_var_audits_switches_s_34_right_sling'====== Args={'value': 17, 'prev_value': 16, 'change': 1}
2026-02-11 15:33:35,568 : INFO : SwitchController : <<<<<<< 's_34_right_sling' inactive >>>>>>>
2026-02-11 15:33:35,568 : INFO : SwitchController : <<<<<<< 's_34_right_sling' active >>>>>>>
2026-02-11 15:33:35,568 : INFO : EventManager : Event: ======'playfield_active'====== Args={'source': 'ac_sling_right'}
2026-02-11 15:33:35,568 : INFO : EventManager : Event: ======'unexpected_ball_on_playfield'====== Args={}
2026-02-11 15:33:35,568 : INFO : EventManager : Event: ======'machine_var_audits_switches_s_34_right_sling'====== Args={'value': 18, 'prev_value': 17, 'change': 1}
2026-02-11 15:33:35,568 : INFO : SwitchController : <<<<<<< 's_34_right_sling' inactive >>>>>>>
2026-02-11 15:33:35,600 : INFO : SwitchController : <<<<<<< 's_64_varitarget_poisition_1' active >>>>>>>
2026-02-11 15:33:35,600 : INFO : EventManager : Event: ======'machine_var_audits_switches_s_64_varitarget_poisition_1'====== Args={'value': 4, 'prev_value': 3, 'change': 1}
2026-02-11 15:33:35,600 : INFO : SwitchController : <<<<<<< 's_64_varitarget_poisition_1' inactive >>>>>>>
2026-02-11 15:33:35,664 : INFO : SwitchController : <<<<<<< 's_34_right_sling' active >>>>>>>
2026-02-11 15:33:35,664 : INFO : EventManager : Event: ======'playfield_active'====== Args={'source': 'ac_sling_right'}
2026-02-11 15:33:35,664 : INFO : EventManager : Event: ======'unexpected_ball_on_playfield'====== Args={}
2026-02-11 15:33:35,664 : INFO : EventManager : Event: ======'machine_var_audits_switches_s_34_right_sling'====== Args={'value': 19, 'prev_value': 18, 'change': 1}
2026-02-11 15:33:35,679 : INFO : SwitchController : <<<<<<< 's_34_right_sling' inactive >>>>>>>
2026-02-11 15:33:35,759 : INFO : SwitchController : <<<<<<< 's_34_right_sling' active >>>>>>>
2026-02-11 15:33:35,759 : INFO : EventManager : Event: ======'playfield_active'====== Args={'source': 'ac_sling_right'}
2026-02-11 15:33:35,759 : INFO : EventManager : Event: ======'unexpected_ball_on_playfield'====== Args={}
2026-02-11 15:33:35,759 : INFO : EventManager : Event: ======'machine_var_audits_switches_s_34_right_sling'====== Args={'value': 20, 'prev_value': 19, 'change': 1}
2026-02-11 15:33:35,775 : INFO : SwitchController : <<<<<<< 's_34_right_sling' inactive >>>>>>>
2026-02-11 15:33:35,823 : INFO : SwitchController : <<<<<<< 's_64_varitarget_poisition_1' active >>>>>>>
2026-02-11 15:33:35,823 : INFO : EventManager : Event: ======'machine_var_audits_switches_s_64_varitarget_poisition_1'====== Args={'value': 5, 'prev_value': 4, 'change': 1}
2026-02-11 15:33:35,839 : INFO : SwitchController : <<<<<<< 's_64_varitarget_poisition_1' inactive >>>>>>>
2026-02-11 15:33:35,839 : INFO : SwitchController : <<<<<<< 's_64_varitarget_poisition_1' active >>>>>>>
2026-02-11 15:33:35,839 : INFO : EventManager : Event: ======'machine_var_audits_switches_s_64_varitarget_poisition_1'====== Args={'value': 6, 'prev_value': 5, 'change': 1}
2026-02-11 15:33:35,839 : INFO : SwitchController : <<<<<<< 's_64_varitarget_poisition_1' inactive >>>>>>>
2026-02-11 15:33:35,875 : INFO : SwitchController : <<<<<<< 's_34_right_sling' active >>>>>>>
2026-02-11 15:33:35,876 : INFO : EventManager : Event: ======'playfield_active'====== Args={'source': 'ac_sling_right'}
2026-02-11 15:33:35,876 : INFO : EventManager : Event: ======'unexpected_ball_on_playfield'====== Args={}
2026-02-11 15:33:35,876 : INFO : EventManager : Event: ======'machine_var_audits_switches_s_34_right_sling'====== Args={'value': 21, 'prev_value': 20, 'change': 1}
2026-02-11 15:33:35,876 : INFO : SwitchController : <<<<<<< 's_34_right_sling' inactive >>>>>>>
2026-02-11 15:33:35,918 : INFO : SwitchController : <<<<<<< 's_64_varitarget_poisition_1' active >>>>>>>
2026-02-11 15:33:35,918 : INFO : EventManager : Event: ======'machine_var_audits_switches_s_64_varitarget_poisition_1'====== Args={'value': 7, 'prev_value': 6, 'change': 1}
2026-02-11 15:33:35,934 : INFO : SwitchController : <<<<<<< 's_64_varitarget_poisition_1' inactive >>>>>>>
2026-02-11 15:33:35,950 : INFO : SwitchController : <<<<<<< 's_64_varitarget_poisition_1' active >>>>>>>
2026-02-11 15:33:35,950 : INFO : EventManager : Event: ======'machine_var_audits_switches_s_64_varitarget_poisition_1'====== Args={'value': 8, 'prev_value': 7, 'change': 1}
2026-02-11 15:33:35,950 : INFO : SwitchController : <<<<<<< 's_64_varitarget_poisition_1' inactive >>>>>>>
2026-02-11 15:33:35,966 : INFO : SwitchController : <<<<<<< 's_64_varitarget_poisition_1' active >>>>>>>
2026-02-11 15:33:35,966 : INFO : EventManager : Event: ======'machine_var_audits_switches_s_64_varitarget_poisition_1'====== Args={'value': 9, 'prev_value': 8, 'change': 1}
2026-02-11 15:33:35,966 : INFO : SwitchController : <<<<<<< 's_34_right_sling' active >>>>>>>
2026-02-11 15:33:35,966 : INFO : EventManager : Event: ======'playfield_active'====== Args={'source': 'ac_sling_right'}
2026-02-11 15:33:35,966 : INFO : EventManager : Event: ======'unexpected_ball_on_playfield'====== Args={}
2026-02-11 15:33:35,966 : INFO : EventManager : Event: ======'machine_var_audits_switches_s_34_right_sling'====== Args={'value': 22, 'prev_value': 21, 'change': 1}
2026-02-11 15:33:35,966 : INFO : SwitchController : <<<<<<< 's_34_right_sling' inactive >>>>>>>
2026-02-11 15:33:35,982 : INFO : SwitchController : <<<<<<< 's_64_varitarget_poisition_1' inactive >>>>>>>
2026-02-11 15:33:36,014 : INFO : SwitchController : <<<<<<< 's_64_varitarget_poisition_1' active >>>>>>>
2026-02-11 15:33:36,014 : INFO : EventManager : Event: ======'machine_var_audits_switches_s_64_varitarget_poisition_1'====== Args={'value': 10, 'prev_value': 9, 'change': 1}
2026-02-11 15:33:36,046 : INFO : SwitchController : <<<<<<< 's_34_right_sling' active >>>>>>>
2026-02-11 15:33:36,046 : INFO : EventManager : Event: ======'playfield_active'====== Args={'source': 'ac_sling_right'}
2026-02-11 15:33:36,046 : INFO : EventManager : Event: ======'unexpected_ball_on_playfield'====== Args={}
2026-02-11 15:33:36,046 : INFO : EventManager : Event: ======'machine_var_audits_switches_s_34_right_sling'====== Args={'value': 23, 'prev_value': 22, 'change': 1}
2026-02-11 15:33:36,046 : INFO : SwitchController : <<<<<<< 's_34_right_sling' inactive >>>>>>>
2026-02-11 15:33:36,142 : INFO : SwitchController : <<<<<<< 's_34_right_sling' active >>>>>>>
2026-02-11 15:33:36,142 : INFO : EventManager : Event: ======'playfield_active'====== Args={'source': 'ac_sling_right'}
2026-02-11 15:33:36,142 : INFO : EventManager : Event: ======'unexpected_ball_on_playfield'====== Args={}
2026-02-11 15:33:36,142 : INFO : EventManager : Event: ======'machine_var_audits_switches_s_34_right_sling'====== Args={'value': 24, 'prev_value': 23, 'change': 1}
2026-02-11 15:33:36,142 : INFO : SwitchController : <<<<<<< 's_34_right_sling' inactive >>>>>>>
2026-02-11 15:33:36,238 : INFO : SwitchController : <<<<<<< 's_34_right_sling' active >>>>>>>
2026-02-11 15:33:36,238 : INFO : EventManager : Event: ======'playfield_active'====== Args={'source': 'ac_sling_right'}
2026-02-11 15:33:36,238 : INFO : EventManager : Event: ======'unexpected_ball_on_playfield'====== Args={}
2026-02-11 15:33:36,238 : INFO : EventManager : Event: ======'machine_var_audits_switches_s_34_right_sling'====== Args={'value': 25, 'prev_value': 24, 'change': 1}
2026-02-11 15:33:36,254 : INFO : SwitchController : <<<<<<< 's_34_right_sling' inactive >>>>>>>
2026-02-11 15:33:36,317 : INFO : SwitchController : <<<<<<< 's_34_right_sling' active >>>>>>>
2026-02-11 15:33:36,317 : INFO : EventManager : Event: ======'playfield_active'====== Args={'source': 'ac_sling_right'}
2026-02-11 15:33:36,317 : INFO : EventManager : Event: ======'unexpected_ball_on_playfield'====== Args={}
2026-02-11 15:33:36,317 : INFO : EventManager : Event: ======'machine_var_audits_switches_s_34_right_sling'====== Args={'value': 26, 'prev_value': 25, 'change': 1}
2026-02-11 15:33:36,333 : INFO : SwitchController : <<<<<<< 's_34_right_sling' inactive >>>>>>>
2026-02-11 15:33:36,412 : INFO : SwitchController : <<<<<<< 's_34_right_sling' active >>>>>>>
2026-02-11 15:33:36,412 : INFO : EventManager : Event: ======'playfield_active'====== Args={'source': 'ac_sling_right'}
2026-02-11 15:33:36,412 : INFO : EventManager : Event: ======'unexpected_ball_on_playfield'====== Args={}
2026-02-11 15:33:36,412 : INFO : EventManager : Event: ======'machine_var_audits_switches_s_34_right_sling'====== Args={'value': 27, 'prev_value': 26, 'change': 1}
2026-02-11 15:33:36,427 : INFO : SwitchController : <<<<<<< 's_34_right_sling' inactive >>>>>>>
2026-02-11 15:33:36,491 : INFO : SwitchController : <<<<<<< 's_34_right_sling' active >>>>>>>
2026-02-11 15:33:36,491 : INFO : EventManager : Event: ======'playfield_active'====== Args={'source': 'ac_sling_right'}
2026-02-11 15:33:36,491 : INFO : EventManager : Event: ======'unexpected_ball_on_playfield'====== Args={}
2026-02-11 15:33:36,491 : INFO : EventManager : Event: ======'machine_var_audits_switches_s_34_right_sling'====== Args={'value': 28, 'prev_value': 27, 'change': 1}
2026-02-11 15:33:36,507 : INFO : SwitchController : <<<<<<< 's_34_right_sling' inactive >>>>>>>
2026-02-11 15:33:36,587 : INFO : SwitchController : <<<<<<< 's_34_right_sling' active >>>>>>>
2026-02-11 15:33:36,587 : INFO : EventManager : Event: ======'playfield_active'====== Args={'source': 'ac_sling_right'}
2026-02-11 15:33:36,587 : INFO : EventManager : Event: ======'unexpected_ball_on_playfield'====== Args={}
2026-02-11 15:33:36,587 : INFO : EventManager : Event: ======'machine_var_audits_switches_s_34_right_sling'====== Args={'value': 29, 'prev_value': 28, 'change': 1}
2026-02-11 15:33:36,602 : INFO : SwitchController : <<<<<<< 's_34_right_sling' inactive >>>>>>>
2026-02-11 15:33:36,665 : INFO : SwitchController : <<<<<<< 's_64_varitarget_poisition_1' inactive >>>>>>>
2026-02-11 15:33:36,665 : INFO : SwitchController : <<<<<<< 's_64_varitarget_poisition_1' active >>>>>>>
2026-02-11 15:33:36,665 : INFO : EventManager : Event: ======'machine_var_audits_switches_s_64_varitarget_poisition_1'====== Args={'value': 11, 'prev_value': 10, 'change': 1}
2026-02-11 15:33:36,681 : INFO : SwitchController : <<<<<<< 's_34_right_sling' active >>>>>>>
2026-02-11 15:33:36,681 : INFO : EventManager : Event: ======'playfield_active'====== Args={'source': 'ac_sling_right'}
2026-02-11 15:33:36,681 : INFO : EventManager : Event: ======'unexpected_ball_on_playfield'====== Args={}
2026-02-11 15:33:36,681 : INFO : EventManager : Event: ======'machine_var_audits_switches_s_34_right_sling'====== Args={'value': 30, 'prev_value': 29, 'change': 1}
2026-02-11 15:33:36,697 : INFO : SwitchController : <<<<<<< 's_34_right_sling' inactive >>>>>>>
2026-02-11 15:33:36,697 : INFO : SwitchController : <<<<<<< 's_64_varitarget_poisition_1' inactive >>>>>>>
2026-02-11 15:33:36,713 : INFO : SwitchController : <<<<<<< 's_64_varitarget_poisition_1' active >>>>>>>
2026-02-11 15:33:36,713 : INFO : EventManager : Event: ======'machine_var_audits_switches_s_64_varitarget_poisition_1'====== Args={'value': 12, 'prev_value': 11, 'change': 1}
2026-02-11 15:33:36,713 : INFO : SwitchController : <<<<<<< 's_64_varitarget_poisition_1' inactive >>>>>>>
2026-02-11 15:33:36,745 : INFO : SwitchController : <<<<<<< 's_64_varitarget_poisition_1' active >>>>>>>
2026-02-11 15:33:36,745 : INFO : EventManager : Event: ======'machine_var_audits_switches_s_64_varitarget_poisition_1'====== Args={'value': 13, 'prev_value': 12, 'change': 1}
2026-02-11 15:33:36,761 : INFO : SwitchController : <<<<<<< 's_34_right_sling' active >>>>>>>
2026-02-11 15:33:36,761 : INFO : EventManager : Event: ======'playfield_active'====== Args={'source': 'ac_sling_right'}
2026-02-11 15:33:36,761 : INFO : EventManager : Event: ======'unexpected_ball_on_playfield'====== Args={}
2026-02-11 15:33:36,761 : INFO : EventManager : Event: ======'machine_var_audits_switches_s_34_right_sling'====== Args={'value': 31, 'prev_value': 30, 'change': 1}
2026-02-11 15:33:36,761 : INFO : SwitchController : <<<<<<< 's_64_varitarget_poisition_1' inactive >>>>>>>
2026-02-11 15:33:36,777 : INFO : SwitchController : <<<<<<< 's_34_right_sling' inactive >>>>>>>
2026-02-11 15:33:36,793 : INFO : SwitchController : <<<<<<< 's_64_varitarget_poisition_1' active >>>>>>>
2026-02-11 15:33:36,793 : INFO : EventManager : Event: ======'machine_var_audits_switches_s_64_varitarget_poisition_1'====== Args={'value': 14, 'prev_value': 13, 'change': 1}
2026-02-11 15:33:36,809 : INFO : SwitchController : <<<<<<< 's_64_varitarget_poisition_1' inactive >>>>>>>
2026-02-11 15:33:36,825 : INFO : SwitchController : <<<<<<< 's_64_varitarget_poisition_1' active >>>>>>>
2026-02-11 15:33:36,825 : INFO : EventManager : Event: ======'machine_var_audits_switches_s_64_varitarget_poisition_1'====== Args={'value': 15, 'prev_value': 14, 'change': 1}
2026-02-11 15:33:36,841 : INFO : SwitchController : <<<<<<< 's_34_right_sling' active >>>>>>>
2026-02-11 15:33:36,841 : INFO : EventManager : Event: ======'playfield_active'====== Args={'source': 'ac_sling_right'}
2026-02-11 15:33:36,841 : INFO : EventManager : Event: ======'unexpected_ball_on_playfield'====== Args={}
2026-02-11 15:33:36,841 : INFO : EventManager : Event: ======'machine_var_audits_switches_s_34_right_sling'====== Args={'value': 32, 'prev_value': 31, 'change': 1}
2026-02-11 15:33:36,841 : INFO : SwitchController : <<<<<<< 's_34_right_sling' inactive >>>>>>>
2026-02-11 15:33:36,953 : INFO : SwitchController : <<<<<<< 's_34_right_sling' active >>>>>>>
2026-02-11 15:33:36,953 : INFO : EventManager : Event: ======'playfield_active'====== Args={'source': 'ac_sling_right'}
2026-02-11 15:33:36,953 : INFO : EventManager : Event: ======'unexpected_ball_on_playfield'====== Args={}
2026-02-11 15:33:36,953 : INFO : EventManager : Event: ======'machine_var_audits_switches_s_34_right_sling'====== Args={'value': 33, 'prev_value': 32, 'change': 1}
2026-02-11 15:33:36,953 : INFO : SwitchController : <<<<<<< 's_34_right_sling' inactive >>>>>>>
2026-02-11 15:33:36,984 : INFO : SwitchController : <<<<<<< 's_34_right_sling' active >>>>>>>
2026-02-11 15:33:36,984 : INFO : EventManager : Event: ======'playfield_active'====== Args={'source': 'ac_sling_right'}
2026-02-11 15:33:36,984 : INFO : EventManager : Event: ======'unexpected_ball_on_playfield'====== Args={}
2026-02-11 15:33:36,984 : INFO : EventManager : Event: ======'machine_var_audits_switches_s_34_right_sling'====== Args={'value': 34, 'prev_value': 33, 'change': 1}
2026-02-11 15:33:36,984 : INFO : SwitchController : <<<<<<< 's_34_right_sling' inactive >>>>>>>
2026-02-11 15:33:37,032 : INFO : SwitchController : <<<<<<< 's_34_right_sling' active >>>>>>>
2026-02-11 15:33:37,032 : INFO : EventManager : Event: ======'playfield_active'====== Args={'source': 'ac_sling_right'}
2026-02-11 15:33:37,032 : INFO : EventManager : Event: ======'unexpected_ball_on_playfield'====== Args={}
2026-02-11 15:33:37,032 : INFO : EventManager : Event: ======'machine_var_audits_switches_s_34_right_sling'====== Args={'value': 35, 'prev_value': 34, 'change': 1}
2026-02-11 15:33:37,048 : INFO : SwitchController : <<<<<<< 's_34_right_sling' inactive >>>>>>>
2026-02-11 15:33:37,128 : INFO : SwitchController : <<<<<<< 's_34_right_sling' active >>>>>>>
2026-02-11 15:33:37,128 : INFO : EventManager : Event: ======'playfield_active'====== Args={'source': 'ac_sling_right'}
2026-02-11 15:33:37,128 : INFO : EventManager : Event: ======'unexpected_ball_on_playfield'====== Args={}
2026-02-11 15:33:37,128 : INFO : EventManager : Event: ======'machine_var_audits_switches_s_34_right_sling'====== Args={'value': 36, 'prev_value': 35, 'change': 1}
2026-02-11 15:33:37,144 : INFO : SwitchController : <<<<<<< 's_34_right_sling' inactive >>>>>>>
2026-02-11 15:33:37,782 : INFO : SwitchController : <<<<<<< 's_64_varitarget_poisition_1' inactive >>>>>>>
2026-02-11 15:33:44,860 : INFO : EventManager : Event: ======'balldevice_bd_trough_ball_eject_failed'====== Args={'target': <ball_device.bd_plunger>, 'balls': 1, 'retry': True, 'num_attempts': 1}
2026-02-11 15:33:44,861 : INFO : ball_device.bd_trough : State: waiting_for_target_ready
2026-02-11 15:33:44,861 : INFO : EventManager : Event: ======'balldevice_bd_trough_ball_eject_attempt'====== Args={'balls': 1, 'target': <ball_device.bd_plunger>, 'source': <ball_device.bd_trough>, 'mechanical_eject': False, 'num_attempts': 1}
2026-02-11 15:33:44,861 : INFO : ball_device.bd_trough : State: ejecting
2026-02-11 15:33:44,861 : INFO : ball_device.bd_trough : Ejecting ball to <ball_device.bd_plunger>
2026-02-11 15:33:44,861 : INFO : EventManager : Event: ======'balldevice_bd_trough_ejecting_ball'====== Args={'balls': 1, 'target': <ball_device.bd_plunger>, 'source': <ball_device.bd_trough>, 'mechanical_eject': False, 'num_attempts': 1}
2026-02-11 15:33:44,862 : INFO : ball_device.bd_trough : Wait for ball to leave device
2026-02-11 15:33:44,862 : INFO : coil.c_2_trough_eject : Pulsing Driver for 1ms (1.0 pulse_power)
2026-02-11 15:33:44,862 : DEBUG : FAST Driver : Pulsing driver 21 with pulse_settings: PulseSettings(power=1.0, duration=1).
2026-02-11 15:33:54,872 : INFO : EventManager : Event: ======'balldevice_bd_trough_ball_eject_failed'====== Args={'target': <ball_device.bd_plunger>, 'balls': 1, 'retry': True, 'num_attempts': 2}
2026-02-11 15:33:54,873 : INFO : ball_device.bd_trough : State: waiting_for_target_ready
2026-02-11 15:33:54,873 : INFO : EventManager : Event: ======'balldevice_bd_trough_ball_eject_attempt'====== Args={'balls': 1, 'target': <ball_device.bd_plunger>, 'source': <ball_device.bd_trough>, 'mechanical_eject': False, 'num_attempts': 2}
2026-02-11 15:33:54,873 : INFO : ball_device.bd_trough : State: ejecting
2026-02-11 15:33:54,873 : INFO : ball_device.bd_trough : Ejecting ball to <ball_device.bd_plunger>
2026-02-11 15:33:54,873 : INFO : EventManager : Event: ======'balldevice_bd_trough_ejecting_ball'====== Args={'balls': 1, 'target': <ball_device.bd_plunger>, 'source': <ball_device.bd_trough>, 'mechanical_eject': False, 'num_attempts': 2}
2026-02-11 15:33:54,874 : INFO : ball_device.bd_trough : Wait for ball to leave device
2026-02-11 15:33:54,874 : INFO : coil.c_2_trough_eject : Pulsing Driver for 1ms (1.0 pulse_power)
2026-02-11 15:33:54,874 : DEBUG : FAST Driver : Pulsing driver 21 with pulse_settings: PulseSettings(power=1.0, duration=1).
2026-02-11 15:34:04,866 : INFO : EventManager : Event: ======'balldevice_bd_trough_ball_eject_failed'====== Args={'target': <ball_device.bd_plunger>, 'balls': 1, 'retry': True, 'num_attempts': 3}
2026-02-11 15:34:04,866 : INFO : ball_device.bd_trough : State: waiting_for_target_ready
2026-02-11 15:34:04,867 : INFO : EventManager : Event: ======'balldevice_bd_trough_ball_eject_attempt'====== Args={'balls': 1, 'target': <ball_device.bd_plunger>, 'source': <ball_device.bd_trough>, 'mechanical_eject': False, 'num_attempts': 3}
2026-02-11 15:34:04,867 : INFO : ball_device.bd_trough : State: ejecting
2026-02-11 15:34:04,867 : INFO : ball_device.bd_trough : Ejecting ball to <ball_device.bd_plunger>
2026-02-11 15:34:04,867 : INFO : EventManager : Event: ======'balldevice_bd_trough_ejecting_ball'====== Args={'balls': 1, 'target': <ball_device.bd_plunger>, 'source': <ball_device.bd_trough>, 'mechanical_eject': False, 'num_attempts': 3}
2026-02-11 15:34:04,868 : INFO : ball_device.bd_trough : Wait for ball to leave device
2026-02-11 15:34:04,868 : INFO : coil.c_2_trough_eject : Pulsing Driver for 1ms (1.0 pulse_power)
2026-02-11 15:34:04,868 : DEBUG : FAST Driver : Pulsing driver 21 with pulse_settings: PulseSettings(power=1.0, duration=1).
2026-02-11 15:34:08,816 : INFO : Machine : Shutting down...
2026-02-11 15:34:08,816 : INFO : EventManager : Event: ======'shutdown'====== Args={}
2026-02-11 15:34:08,817 : INFO : EventManager : Event: ======'mode_game_will_stop'====== Args={}
2026-02-11 15:34:08,817 : INFO : EventManager : Event: ======'mode_game_stopping'====== Args={}
2026-02-11 15:34:08,818 : INFO : Mode.game : Stopped.
2026-02-11 15:34:08,818 : INFO : EventManager : Event: ======'modes_active_modes_changed'====== Args={}
2026-02-11 15:34:08,818 : INFO : EventManager : Event: ======'mode_game_stopped'====== Args={}
2026-02-11 15:34:08,818 : INFO : EventManager : Event: ======'clear'====== Args={'key': 'game'}
2026-02-11 15:34:08,906 : DEBUG : FAST [NET] : Stop called on serial connection NET
2026-02-11 15:34:08,907 : DEBUG : FAST [EXP] : Stop called on serial connection EXP
2026-02-11 15:34:08,908 : INFO : root : MPF run loop ended.
