2026-03-25 12:08:51,534 : INFO : root : Loading config.
2026-03-25 12:08:51,539 : INFO : YamlMultifileConfigLoader : Machine config file #1: config.yaml
2026-03-25 12:08:51,539 : INFO : ConfigProcessor : Loading config from cache: C:\Users\tl\AppData\Local\Temp\86f932e179f318f5dae29f066573dee9.mpf_cache
2026-03-25 12:08:51,633 : INFO : ConfigProcessor : Loading config from cache: C:\Users\tl\AppData\Local\Temp\5e7e3dd8e04e0aa46ea76018297218da.mpf_cache
2026-03-25 12:08:51,633 : INFO : ConfigProcessor : Loading config from cache: C:\Users\tl\AppData\Local\Temp\af6ad0dab2f43bd9cbdac83e0b2786ac.mpf_cache
2026-03-25 12:08:51,634 : INFO : ConfigProcessor : Loading config from cache: C:\Users\tl\AppData\Local\Temp\5e7e3dd8e04e0aa46ea76018297218da.mpf_cache
2026-03-25 12:08:51,635 : INFO : ConfigProcessor : Loading config from cache: C:\Users\tl\AppData\Local\Temp\078e3f4c59f1cd1bf0ff8685cc9e7ff5.mpf_cache
2026-03-25 12:08:51,636 : INFO : ConfigProcessor : Loading config from cache: C:\Users\tl\AppData\Local\Temp\279434e09bc5e8b073f441f36778b3c5.mpf_cache
2026-03-25 12:08:51,636 : INFO : ConfigProcessor : Loading config from cache: C:\Users\tl\AppData\Local\Temp\f7ef3217062c4a128670875e2cb05ce9.mpf_cache
2026-03-25 12:08:51,638 : INFO : ConfigProcessor : Loading config from cache: C:\Users\tl\AppData\Local\Temp\354636526653009b6f35f36c4dc3e189.mpf_cache
2026-03-25 12:08:51,639 : INFO : ConfigProcessor : Loading config from cache: C:\Users\tl\AppData\Local\Temp\b41aec6702196d0bd650320fa331266f.mpf_cache
2026-03-25 12:08:51,640 : INFO : ConfigProcessor : Loading config from cache: C:\Users\tl\AppData\Local\Temp\a951eeea2c167365e5a009cce33f51d8.mpf_cache
2026-03-25 12:08:51,641 : INFO : ConfigProcessor : Loading config from cache: C:\Users\tl\AppData\Local\Temp\f020dca9eec5e09763b9289397e6c32f.mpf_cache
2026-03-25 12:08:51,641 : INFO : ConfigProcessor : Loading config from cache: C:\Users\tl\AppData\Local\Temp\edce5a74ebf86ee6330810859c361ede.mpf_cache
2026-03-25 12:08:51,643 : INFO : ConfigProcessor : Loading config from cache: C:\Users\tl\AppData\Local\Temp\7c825e76f3d981841c3099d018a06a8f.mpf_cache
2026-03-25 12:08:51,643 : INFO : ConfigProcessor : Loading config from cache: C:\Users\tl\AppData\Local\Temp\4c1252d1f04cb61ecc91110937cfd225.mpf_cache
2026-03-25 12:08:51,644 : INFO : ConfigProcessor : Loading config from cache: C:\Users\tl\AppData\Local\Temp\8d6d681afe5a7b6e9186321cd98f18ca.mpf_cache
2026-03-25 12:08:51,646 : INFO : Machine : Mission Pinball Framework Core Engine v0.80.0.dev12
2026-03-25 12:08:51,646 : INFO : Machine : Command line arguments: {'no_load_cache': False, 'create_config_cache': True, 'bcp': True, 'configfile': ['config.yaml'], 'force_assets_load': False, 'platform_integration_test': False, 'jsonlogging': False, 'logfile': 'logs\\2026-03-25-12-08-51-mpf-DESKTOP-HV85DRD.log', 'pause': False, 'production': False, 'text_ui': False, 'loglevel': 15, 'consoleloglevel': 20, 'force_platform': None, 'syslog_address': None, 'full_logfile_path': 'C:\\Users\\tl\\Documents\\tl-pinball\\logs\\2026-03-25-12-08-51-mpf-DESKTOP-HV85DRD.log'}
2026-03-25 12:08:51,646 : INFO : Machine : MPF path: C:\mpf\Lib\site-packages\mpf
2026-03-25 12:08:51,646 : INFO : Machine : Machine path: C:\Users\tl\Documents\tl-pinball
2026-03-25 12:08:51,646 : INFO : Machine : Platform: win32
2026-03-25 12:08:51,646 : INFO : Machine : Python executable location: C:\mpf\Scripts\python.exe
2026-03-25 12:08:51,646 : INFO : Machine : Python version: 3.12.7 (64-bit)
2026-03-25 12:08:51,649 : INFO : Machine : Initializing MPF...
2026-03-25 12:08:51,759 : INFO : FAST [NET] : Trying to connect to COM4 at 921600bps
2026-03-25 12:08:51,764 : INFO : FAST [NET] : Connected to COM4 at 921600bps
2026-03-25 12:08:51,779 : INFO : FAST [NET] : Connected to FP-CPU-2000 with firmware v02.26
2026-03-25 12:08:51,811 : INFO : FAST [NET] : Registered I/O Board 0: Model: FP-I/O-0024, Firmware: 01.10, Switches: 24, Drivers: 8
2026-03-25 12:08:51,827 : ERROR : FAST [NET] : No node board found at I/O position 1, board pf1 will not be available. Please check your cable connections.
2026-03-25 12:08:51,843 : ERROR : FAST [NET] : No node board found at I/O position 2, board pf2 will not be available. Please check your cable connections.
2026-03-25 12:08:51,859 : ERROR : FAST [NET] : No node board found at I/O position 3, board pf3 will not be available. Please check your cable connections.
2026-03-25 12:08:51,861 : INFO : FAST [EXP] : Trying to connect to COM5 at 921600bps
2026-03-25 12:08:51,866 : INFO : FAST [EXP] : Connected to COM5 at 921600bps
2026-03-25 12:08:51,875 : INFO : FAST [EXP] : Verifying hardware for EXP "ledneuron" (FP-EXP-2000, @48) with ID string "EXP FP-EXP-2000  0.42", board address 48
2026-03-25 12:08:51,891 : INFO : FAST [EXP] : Verifying hardware for EXP "ledneuron" (FP-EXP-2000, @48) with ID string "BRK FP-EXP-2000  0.42", board address 480
2026-03-25 12:11:05,040 : ERROR : asyncio : Exception in callback Util.raise_exceptions(<Task finishe... Interface]')>) at C:\mpf\Lib\site-packages\mpf\core\utility_functions.py:789
handle: <Handle Util.raise_exceptions(<Task finishe... Interface]')>) at C:\mpf\Lib\site-packages\mpf\core\utility_functions.py:789>
Traceback (most recent call last):
  File "C:\Users\tl\AppData\Local\Programs\Python\Python312\Lib\asyncio\events.py", line 88, in _run
    self._context.run(self._callback, *self._args)
  File "C:\mpf\Lib\site-packages\mpf\core\utility_functions.py", line 797, in raise_exceptions
    future.result()
  File "C:\mpf\Lib\site-packages\mpf\platforms\fast\communicators\base.py", line 413, in _socket_reader
    self.parse_incoming_raw_bytes(resp)
  File "C:\mpf\Lib\site-packages\mpf\platforms\fast\communicators\base.py", line 373, in parse_incoming_raw_bytes
    self._dispatch_incoming_msg(msg)
  File "C:\mpf\Lib\site-packages\mpf\platforms\fast\communicators\base.py", line 382, in _dispatch_incoming_msg
    self.message_processors[msg_header](msg[3:])
  File "C:\mpf\Lib\site-packages\mpf\platforms\fast\communicators\net_neuron.py", line 333, in _process_switch_closed
    self.machine.switch_controller.process_switch_by_num(state=1,
  File "C:\mpf\Lib\site-packages\mpf\core\switch_controller.py", line 251, in process_switch_by_num
    raise AssertionError("Got early switch change for switch {} to state {}. platform: {}".format(
AssertionError: Got early switch change for switch 16 to state 1. platform: [FAST Platform Interface]
2026-03-25 12:11:05,114 : INFO : Machine : Starting the main run loop with active modes: []
2026-03-25 12:11:05,114 : ERROR : root : 'attract'
Traceback (most recent call last):
  File "C:\mpf\Lib\site-packages\mpf\commands\game.py", line 229, in __init__
    self.machine.run()
  File "C:\mpf\Lib\site-packages\mpf\core\machine.py", line 703, in run
    if not self.modes['attract'] in self.mode_controller.active_modes:
           ~~~~~~~~~~^^^^^^^^^^^
KeyError: 'attract'
