2026-06-07 19:19:16,138 : INFO : root : Loading config.
2026-06-07 19:19:16,144 : INFO : YamlMultifileConfigLoader : Machine config file #1: config.yaml
2026-06-07 19:19:16,144 : INFO : ConfigProcessor : Loading config from cache: C:\Users\tl\AppData\Local\Temp\86f932e179f318f5dae29f066573dee9.mpf_cache
2026-06-07 19:19:16,272 : INFO : ConfigProcessor : Loading config from cache: C:\Users\tl\AppData\Local\Temp\5e7e3dd8e04e0aa46ea76018297218da.mpf_cache
2026-06-07 19:19:16,273 : INFO : ConfigProcessor : Loading config from cache: C:\Users\tl\AppData\Local\Temp\af6ad0dab2f43bd9cbdac83e0b2786ac.mpf_cache
2026-06-07 19:19:16,274 : INFO : ConfigProcessor : Loading config from cache: C:\Users\tl\AppData\Local\Temp\5e7e3dd8e04e0aa46ea76018297218da.mpf_cache
2026-06-07 19:19:16,275 : INFO : ConfigProcessor : Loading config from cache: C:\Users\tl\AppData\Local\Temp\078e3f4c59f1cd1bf0ff8685cc9e7ff5.mpf_cache
2026-06-07 19:19:16,275 : INFO : ConfigProcessor : Loading config from cache: C:\Users\tl\AppData\Local\Temp\279434e09bc5e8b073f441f36778b3c5.mpf_cache
2026-06-07 19:19:16,276 : INFO : ConfigProcessor : Loading config from cache: C:\Users\tl\AppData\Local\Temp\f7ef3217062c4a128670875e2cb05ce9.mpf_cache
2026-06-07 19:19:16,278 : INFO : ConfigProcessor : Loading config from cache: C:\Users\tl\AppData\Local\Temp\354636526653009b6f35f36c4dc3e189.mpf_cache
2026-06-07 19:19:16,279 : INFO : ConfigProcessor : Loading config from cache: C:\Users\tl\AppData\Local\Temp\b41aec6702196d0bd650320fa331266f.mpf_cache
2026-06-07 19:19:16,280 : INFO : ConfigProcessor : Loading config from cache: C:\Users\tl\AppData\Local\Temp\a951eeea2c167365e5a009cce33f51d8.mpf_cache
2026-06-07 19:19:16,281 : INFO : ConfigProcessor : Loading config from cache: C:\Users\tl\AppData\Local\Temp\f020dca9eec5e09763b9289397e6c32f.mpf_cache
2026-06-07 19:19:16,282 : INFO : ConfigProcessor : Loading config from cache: C:\Users\tl\AppData\Local\Temp\edce5a74ebf86ee6330810859c361ede.mpf_cache
2026-06-07 19:19:16,284 : INFO : ConfigProcessor : Loading config from cache: C:\Users\tl\AppData\Local\Temp\7c825e76f3d981841c3099d018a06a8f.mpf_cache
2026-06-07 19:19:16,285 : INFO : ConfigProcessor : Loading config from cache: C:\Users\tl\AppData\Local\Temp\4c1252d1f04cb61ecc91110937cfd225.mpf_cache
2026-06-07 19:19:16,286 : INFO : ConfigProcessor : Loading config from cache: C:\Users\tl\AppData\Local\Temp\8d6d681afe5a7b6e9186321cd98f18ca.mpf_cache
2026-06-07 19:19:16,287 : INFO : ConfigProcessor : Loading config from cache: C:\Users\tl\AppData\Local\Temp\271b31ea91f7fc416a689202738fcb25.mpf_cache
2026-06-07 19:19:16,289 : INFO : ConfigProcessor : Loading config from cache: C:\Users\tl\AppData\Local\Temp\d5113bae71fe9b2600b29bf116525aac.mpf_cache
2026-06-07 19:19:16,291 : INFO : ConfigProcessor : Loading config from cache: C:\Users\tl\AppData\Local\Temp\ae5d383473e063efe671bf30ab478239.mpf_cache
2026-06-07 19:19:16,325 : INFO : ConfigProcessor : Loading config from cache: C:\Users\tl\AppData\Local\Temp\c1b1f8e10058b726f552352358a40b72.mpf_cache
2026-06-07 19:19:16,345 : INFO : Machine : Mission Pinball Framework Core Engine v0.80.0.dev12
2026-06-07 19:19:16,345 : INFO : Machine : Command line arguments: {'no_load_cache': False, 'create_config_cache': True, 'bcp': True, 'configfile': ['config.yaml'], 'force_assets_load': False, 'platform_integration_test': False, 'jsonlogging': False, 'logfile': 'logs\\2026-06-07-19-19-16-mpf-DESKTOP-HV85DRD.log', 'pause': False, 'production': False, 'text_ui': False, 'loglevel': 15, 'consoleloglevel': 20, 'force_platform': None, 'syslog_address': None, 'full_logfile_path': 'C:\\Users\\tl\\Documents\\tl-pinball\\logs\\2026-06-07-19-19-16-mpf-DESKTOP-HV85DRD.log'}
2026-06-07 19:19:16,345 : INFO : Machine : MPF path: C:\mpf\Lib\site-packages\mpf
2026-06-07 19:19:16,345 : INFO : Machine : Machine path: C:\Users\tl\Documents\tl-pinball
2026-06-07 19:19:16,345 : INFO : Machine : Platform: win32
2026-06-07 19:19:16,345 : INFO : Machine : Python executable location: C:\mpf\Scripts\python.exe
2026-06-07 19:19:16,346 : INFO : Machine : Python version: 3.12.7 (64-bit)
2026-06-07 19:19:16,348 : INFO : Machine : Initializing MPF...
2026-06-07 19:19:16,463 : INFO : FAST [NET] : Trying to connect to COM4 at 921600bps
2026-06-07 19:19:16,468 : INFO : FAST [NET] : Connected to COM4 at 921600bps
2026-06-07 19:19:16,474 : INFO : FAST [NET] : Connected to FP-CPU-2000 with firmware v02.26
2026-06-07 19:19:16,506 : INFO : FAST [NET] : Registered I/O Board 0: Model: FP-I/O-0024, Firmware: 01.10, Switches: 24, Drivers: 8
2026-06-07 19:19:16,521 : INFO : FAST [NET] : Registered I/O Board 1: Model: FP-I/O-1616, Firmware: 01.10, Switches: 16, Drivers: 16
2026-06-07 19:19:16,537 : INFO : FAST [NET] : Registered I/O Board 2: Model: FP-I/O-3208, Firmware: 01.10, Switches: 32, Drivers: 8
2026-06-07 19:19:16,553 : INFO : FAST [NET] : Registered I/O Board 3: Model: FP-I/O-1616, Firmware: 01.10, Switches: 16, Drivers: 16
2026-06-07 19:19:16,555 : INFO : FAST [EXP] : Trying to connect to COM5 at 921600bps
2026-06-07 19:19:16,560 : INFO : FAST [EXP] : Connected to COM5 at 921600bps
2026-06-07 19:19:16,569 : INFO : FAST [EXP] : Verifying hardware for EXP "ledneuron" (FP-EXP-2000, @48) with ID string "EXP FP-EXP-2000  0.42", board address 48
2026-06-07 19:19:16,585 : INFO : FAST [EXP] : Verifying hardware for EXP "ledneuron" (FP-EXP-2000, @48) with ID string "BRK FP-EXP-2000  0.42", board address 480
2026-06-07 19:19:16,617 : INFO : FAST [EXP] : Verifying hardware for EXP "ledpf1" (FP-EXP-0081, @84) with ID string "EXP FP-EXP-0081  0.38", board address 84
2026-06-07 19:19:16,633 : INFO : FAST [EXP] : Verifying hardware for EXP "ledpf1" (FP-EXP-0081, @84) with ID string "BRK FP-EXP-0081  0.38", board address 840
2026-06-07 19:19:16,648 : INFO : FAST [EXP] : Verifying hardware for EXP "ledpf1" (FP-EXP-0081, @84) with ID string "BRK FP-EXP-0081  0.38", board address 841
2026-06-07 19:19:16,680 : INFO : FAST [EXP] : Verifying hardware for EXP "ledpf2" (FP-EXP-0081, @85) with ID string "EXP FP-EXP-0081  0.48", board address 85
2026-06-07 19:19:16,696 : INFO : FAST [EXP] : Verifying hardware for EXP "ledpf2" (FP-EXP-0081, @85) with ID string "BRK FP-EXP-0081  0.48", board address 850
2026-06-07 19:19:16,712 : INFO : FAST [EXP] : Verifying hardware for EXP "ledpf2" (FP-EXP-0081, @85) with ID string "BRK FP-EXP-0081  0.48", board address 851
2026-06-07 19:19:16,727 : INFO : EventManager : Event: ======'machine_var_credits_string'====== Args={'value': 'FREE PLAY', 'prev_value': None, 'change': True}
2026-06-07 19:19:16,754 : INFO : EventManager : Event: ======'machine_var_last_game_score'====== Args={'value': 1005000, 'prev_value': None, 'change': True}
2026-06-07 19:19:16,754 : INFO : EventManager : Event: ======'machine_var_master_volume'====== Args={'value': 0.5, 'prev_value': None, 'change': True}
2026-06-07 19:19:16,754 : INFO : EventManager : Event: ======'machine_var_player1_score'====== Args={'value': 1005000, 'prev_value': None, 'change': True}
2026-06-07 19:19:16,754 : INFO : EventManager : Event: ======'machine_var_mpf_version'====== Args={'value': 'Mission Pinball Framework v0.80.0.dev12', 'prev_value': None, 'change': True}
2026-06-07 19:19:16,754 : INFO : EventManager : Event: ======'machine_var_mpf_extended_version'====== Args={'value': 'Mission Pinball Framework v0.80.0.dev12, Config version:6, Show version: 6, BCP version:1.1', 'prev_value': None, 'change': True}
2026-06-07 19:19:16,754 : INFO : EventManager : Event: ======'machine_var_python_version'====== Args={'value': '3.12.7', 'prev_value': None, 'change': True}
2026-06-07 19:19:16,786 : INFO : EventManager : Event: ======'machine_var_platform'====== Args={'value': 'Windows-10-10.0.19044-SP0', 'prev_value': None, 'change': True}
2026-06-07 19:19:16,786 : INFO : EventManager : Event: ======'machine_var_platform_system'====== Args={'value': 'Windows', 'prev_value': None, 'change': True}
2026-06-07 19:19:16,786 : INFO : EventManager : Event: ======'machine_var_platform_release'====== Args={'value': '10', 'prev_value': None, 'change': True}
2026-06-07 19:19:16,786 : INFO : EventManager : Event: ======'machine_var_platform_version'====== Args={'value': '10.0.19044', 'prev_value': None, 'change': True}
2026-06-07 19:19:16,786 : INFO : EventManager : Event: ======'machine_var_platform_machine'====== Args={'value': 'AMD64', 'prev_value': None, 'change': True}
2026-06-07 19:19:16,786 : INFO : EventManager : Event: ======'machine_var_log_file_path'====== Args={'value': 'C:\\Users\\tl\\Documents\\tl-pinball\\logs\\2026-06-07-19-19-16-mpf-DESKTOP-HV85DRD.log', 'prev_value': None, 'change': True}
2026-06-07 19:19:16,786 : INFO : EventManager : Event: ======'init_phase_1'====== Args={}
2026-06-07 19:19:16,932 : INFO : EventManager : Event: ======'drop_target_bank_dt_bank_1_4_up'====== Args={}
2026-06-07 19:19:16,932 : INFO : EventManager : Event: ======'drop_target_bank_dt_bank_5_7_up'====== Args={}
2026-06-07 19:19:19,362 : INFO : SwitchController : <<<<<<< 's_34_right_sling' active >>>>>>>
2026-06-07 19:19:19,362 : INFO : SwitchController : <<<<<<< 's_44_spinner_right' active >>>>>>>
2026-06-07 19:19:19,362 : INFO : SwitchController : <<<<<<< 's_64_varitarget_position_1' active >>>>>>>
2026-06-07 19:19:19,362 : INFO : SwitchController : <<<<<<< 's_66_varitarget_position_3' active >>>>>>>
2026-06-07 19:19:19,362 : INFO : SwitchController : <<<<<<< 's_71_spinner_left' active >>>>>>>
2026-06-07 19:19:19,443 : INFO : EventManager : Event: ======'init_phase_2'====== Args={}
2026-06-07 19:19:19,443 : INFO : SwitchController : Found active switch: (50, [FAST Platform Interface]) <switch.s_34_right_sling>
2026-06-07 19:19:19,444 : INFO : SwitchController : Found active switch: (60, [FAST Platform Interface]) <switch.s_44_spinner_right>
2026-06-07 19:19:19,444 : INFO : SwitchController : Found active switch: (32, [FAST Platform Interface]) <switch.s_64_varitarget_position_1>
2026-06-07 19:19:19,444 : INFO : SwitchController : Found active switch: (34, [FAST Platform Interface]) <switch.s_66_varitarget_position_3>
2026-06-07 19:19:19,444 : INFO : SwitchController : Found active switch: (39, [FAST Platform Interface]) <switch.s_71_spinner_left>
2026-06-07 19:19:19,457 : INFO : EventManager : Event: ======'machine_var_score1_label'====== Args={'value': 'GRAND CHAMPION', 'prev_value': None, 'change': True}
2026-06-07 19:19:19,457 : INFO : EventManager : Event: ======'machine_var_score1_name'====== Args={'value': 'AAA', 'prev_value': None, 'change': True}
2026-06-07 19:19:19,457 : INFO : EventManager : Event: ======'machine_var_score1_value'====== Args={'value': 2531176, 'prev_value': None, 'change': True}
2026-06-07 19:19:19,457 : INFO : EventManager : Event: ======'machine_var_score2_label'====== Args={'value': 'HIGH SCORE 1', 'prev_value': None, 'change': True}
2026-06-07 19:19:19,457 : INFO : EventManager : Event: ======'machine_var_score2_name'====== Args={'value': 'EEE', 'prev_value': None, 'change': True}
2026-06-07 19:19:19,457 : INFO : EventManager : Event: ======'machine_var_score2_value'====== Args={'value': 2194524, 'prev_value': None, 'change': True}
2026-06-07 19:19:19,457 : INFO : EventManager : Event: ======'machine_var_score3_label'====== Args={'value': 'HIGH SCORE 2', 'prev_value': None, 'change': True}
2026-06-07 19:19:19,457 : INFO : EventManager : Event: ======'machine_var_score3_name'====== Args={'value': 'CAS', 'prev_value': None, 'change': True}
2026-06-07 19:19:19,457 : INFO : EventManager : Event: ======'machine_var_score3_value'====== Args={'value': 1880840, 'prev_value': None, 'change': True}
2026-06-07 19:19:19,457 : INFO : EventManager : Event: ======'machine_var_score4_label'====== Args={'value': 'HIGH SCORE 3', 'prev_value': None, 'change': True}
2026-06-07 19:19:19,458 : INFO : EventManager : Event: ======'machine_var_score4_name'====== Args={'value': 'AAA', 'prev_value': None, 'change': True}
2026-06-07 19:19:19,458 : INFO : EventManager : Event: ======'machine_var_score4_value'====== Args={'value': 1792394, 'prev_value': None, 'change': True}
2026-06-07 19:19:19,458 : INFO : EventManager : Event: ======'machine_var_score5_label'====== Args={'value': 'HIGH SCORE 4', 'prev_value': None, 'change': True}
2026-06-07 19:19:19,458 : INFO : EventManager : Event: ======'machine_var_score5_name'====== Args={'value': 'AAA', 'prev_value': None, 'change': True}
2026-06-07 19:19:19,458 : INFO : EventManager : Event: ======'machine_var_score5_value'====== Args={'value': 1680944, 'prev_value': None, 'change': True}
2026-06-07 19:19:19,458 : INFO : EventManager : Event: ======'bcp_connection_attempt'====== Args={'name': 'local_display', 'host': 'localhost', 'port': 5050}
2026-06-07 19:19:19,460 : INFO : BCPClientSocket : Connecting BCP to 'local_display' at localhost:5050...
2026-06-07 19:19:30,800 : INFO : BCPClientSocket : Connected BCP to 'local_display' localhost:5050
2026-06-07 19:19:30,801 : INFO : EventManager : Event: ======'bcp_clients_connected'====== Args={}
2026-06-07 19:19:30,802 : INFO : ball_device.bd_plunger : BCH: Initial count: 0
2026-06-07 19:19:30,802 : INFO : ball_device.bd_plunger : State: idle
2026-06-07 19:19:30,803 : INFO : ball_device.bd_trough : BCH: Initial count: 0
2026-06-07 19:19:30,803 : INFO : ball_device.bd_trough : State: idle
2026-06-07 19:19:30,804 : INFO : ball_device.bd_left_vuk : BCH: Initial count: 0
2026-06-07 19:19:30,804 : INFO : ball_device.bd_left_vuk : State: idle
2026-06-07 19:19:30,804 : INFO : ball_device.bd_right_vuk : BCH: Initial count: 0
2026-06-07 19:19:30,805 : INFO : ball_device.bd_right_vuk : State: idle
2026-06-07 19:19:30,822 : INFO : EventManager : Event: ======'init_phase_3'====== Args={}
2026-06-07 19:19:30,916 : ERROR : asyncio : Exception in callback EventManager._queue_task_done(<Task finishe...dpf2-1-1\']')>)
handle: <Handle EventManager._queue_task_done(<Task finishe...dpf2-1-1\']')>)>
Traceback (most recent call last):
  File "C:\Users\tl\AppData\Local\Programs\Python\Python312\Lib\asyncio\events.py", line 88, in _run
    self._context.run(self._callback, *self._args)
  File "C:\mpf\Lib\site-packages\mpf\core\events.py", line 795, in _queue_task_done
    future.result()
  File "C:\mpf\Lib\site-packages\mpf\core\events.py", line 708, in _run_handlers_sequential
    handler.callback(queue=queue, **merged_kwargs)
  File "C:\mpf\Lib\site-packages\mpf\core\show_controller.py", line 53, in _load_shows
    self.machine.shows[show_name].load(show_config)
  File "C:\mpf\Lib\site-packages\mpf\assets\show.py", line 171, in load
    self._process_step_actions(step, actions)
  File "C:\mpf\Lib\site-packages\mpf\assets\show.py", line 201, in _process_step_actions
    raise e
  File "C:\mpf\Lib\site-packages\mpf\assets\show.py", line 197, in _process_step_actions
    self.machine.show_controller.show_players[key].validate_config_entry(value, self.name)
  File "C:\mpf\Lib\site-packages\mpf\config_players\device_config_player.py", line 56, in validate_config_entry
    raise e
  File "C:\mpf\Lib\site-packages\mpf\config_players\device_config_player.py", line 52, in validate_config_entry
    self._validate_config_item(device, device_settings))
    ^^^^^^^^^^^^^^^^^^^^^^^^^^^^^^^^^^^^^^^^^^^^^^^^^^^
  File "C:\mpf\Lib\site-packages\mpf\config_players\device_config_player.py", line 85, in _validate_config_item
    devices = self._expand_device(device)
              ^^^^^^^^^^^^^^^^^^^^^^^^^^^
  File "C:\mpf\Lib\site-packages\mpf\config_players\device_config_player.py", line 114, in _expand_device
    return self.raise_config_error(
           ^^^^^^^^^^^^^^^^^^^^^^^^
  File "C:\mpf\Lib\site-packages\mpf\core\logging.py", line 175, in raise_config_error
    raise ConfigFileError(msg, error_no, self.log.name if self.log else "", context, self._url_base) \
mpf.exceptions.config_file_error.ConfigFileError: Config File Error in light_player: Show "rainbow_pops_1edd" >> Failed to load config player rainbow_pops_1edd:lights with settings {'l_pf2_5_1': '13575F', 'l_pf2_5_10': 'C87900', 'l_pf2_5_11': 'C87900', 'l_pf2_5_12': '1B593C', 'l_pf2_5_13': '1B593C', 'l_pf2_5_14': '0051B6', 'l_pf2_5_15': '004BB7', 'l_pf2_5_16': '0000C8', 'l_pf2_5_17': '7A2AB9', 'l_pf2_5_18': '7D28B8', 'l_pf2_5_19': 'BF06A0', 'l_pf2_5_2': '0051B6', 'l_pf2_5_20': 'C70101', 'l_pf2_5_21': 'C8401F', 'l_pf2_5_22': 'C8620C', 'l_pf2_5_23': 'C87900', 'l_pf2_5_24': '1B593C', 'l_pf2_5_3': '0000C8', 'l_pf2_5_4': '1E0AC4', 'l_pf2_5_5': '7A2AB9', 'l_pf2_5_6': 'BF06A0', 'l_pf2_5_7': 'C70101', 'l_pf2_5_8': 'C70101', 'l_pf2_5_9': 'C8401F', 'l_pf2_6_1': '1B593C', 'l_pf2_6_10': 'C8401F', 'l_pf2_6_11': 'C87900', 'l_pf2_6_12': '1B593C', 'l_pf2_6_13': '1B593C', 'l_pf2_6_14': '0051B6', 'l_pf2_6_15': '0051B6', 'l_pf2_6_16': '0000C8', 'l_pf2_6_17': '7628B9', 'l_pf2_6_18': '7A2AB9', 'l_pf2_6_19': 'BF06A0', 'l_pf2_6_2': '0051B6', 'l_pf2_6_20': 'C70101', 'l_pf2_6_21': 'C70101', 'l_pf2_6_22': 'C8401F', 'l_pf2_6_23': 'C87900', 'l_pf2_6_24': 'C87900', 'l_pf2_6_3': '0006C6', 'l_pf2_6_4': '0000C8', 'l_pf2_6_5': '7A2AB9', 'l_pf2_6_6': 'BD06A1', 'l_pf2_6_7': 'BF06A0', 'l_pf2_6_8': 'C70101', 'l_pf2_6_9': 'C8401F', 'l_pf2_7_1': '1B593C', 'l_pf2_7_10': 'C8401F', 'l_pf2_7_11': 'C87900', 'l_pf2_7_12': '1B593C', 'l_pf2_7_13': '1B593C', 'l_pf2_7_14': '115665', 'l_pf2_7_15': '0051B6', 'l_pf2_7_16': '0000C8', 'l_pf2_7_17': '1909C5', 'l_pf2_7_18': '7A2AB9', 'l_pf2_7_19': 'BF06A0', 'l_pf2_7_2': '0051B6', 'l_pf2_7_20': 'C70101', 'l_pf2_7_21': 'C70101', 'l_pf2_7_22': 'C8401F', 'l_pf2_7_23': 'C87900', 'l_pf2_7_24': 'C87900', 'l_pf2_7_3': '001DC1', 'l_pf2_7_4': '0000C8', 'l_pf2_7_5': '7A2AB9', 'l_pf2_7_6': 'B709A3', 'l_pf2_7_7': 'BF06A0', 'l_pf2_7_8': 'C70101', 'l_pf2_7_9': 'C8401F', 'ledpf2-1-1': 'BF06A0'} >> Could not find a lights device with name or tag ledpf2-1-1, from list ['ledpf2-1-1'] Error Code: CFE-light_player-101 (https://missionpinball.org/latest/logs)
2026-06-07 19:19:30,920 : INFO : Machine : Starting the main run loop with active modes: []
2026-06-07 19:19:30,920 : WARNING : Machine : Attract mode is not active, game will not be playable. Please check your attract mode configuration.
2026-06-07 19:19:30,920 : INFO : Machine : Shutting down...
2026-06-07 19:19:30,920 : INFO : EventManager : Event: ======'shutdown'====== Args={}
2026-06-07 19:19:32,028 : ERROR : Machine : Runtime Exception
Traceback (most recent call last):
  File "C:\mpf\Lib\site-packages\mpf\core\machine.py", line 810, in _run_loop
    raise self._exception['exception']
  File "C:\Users\tl\AppData\Local\Programs\Python\Python312\Lib\asyncio\events.py", line 88, in _run
    self._context.run(self._callback, *self._args)
  File "C:\mpf\Lib\site-packages\mpf\core\events.py", line 795, in _queue_task_done
    future.result()
  File "C:\mpf\Lib\site-packages\mpf\core\events.py", line 708, in _run_handlers_sequential
    handler.callback(queue=queue, **merged_kwargs)
  File "C:\mpf\Lib\site-packages\mpf\core\show_controller.py", line 53, in _load_shows
    self.machine.shows[show_name].load(show_config)
  File "C:\mpf\Lib\site-packages\mpf\assets\show.py", line 171, in load
    self._process_step_actions(step, actions)
  File "C:\mpf\Lib\site-packages\mpf\assets\show.py", line 201, in _process_step_actions
    raise e
  File "C:\mpf\Lib\site-packages\mpf\assets\show.py", line 197, in _process_step_actions
    self.machine.show_controller.show_players[key].validate_config_entry(value, self.name)
  File "C:\mpf\Lib\site-packages\mpf\config_players\device_config_player.py", line 56, in validate_config_entry
    raise e
  File "C:\mpf\Lib\site-packages\mpf\config_players\device_config_player.py", line 52, in validate_config_entry
    self._validate_config_item(device, device_settings))
    ^^^^^^^^^^^^^^^^^^^^^^^^^^^^^^^^^^^^^^^^^^^^^^^^^^^
  File "C:\mpf\Lib\site-packages\mpf\config_players\device_config_player.py", line 85, in _validate_config_item
    devices = self._expand_device(device)
              ^^^^^^^^^^^^^^^^^^^^^^^^^^^
  File "C:\mpf\Lib\site-packages\mpf\config_players\device_config_player.py", line 114, in _expand_device
    return self.raise_config_error(
           ^^^^^^^^^^^^^^^^^^^^^^^^
  File "C:\mpf\Lib\site-packages\mpf\core\logging.py", line 175, in raise_config_error
    raise ConfigFileError(msg, error_no, self.log.name if self.log else "", context, self._url_base) \
mpf.exceptions.config_file_error.ConfigFileError: Config File Error in light_player: Show "rainbow_pops_1edd" >> Failed to load config player rainbow_pops_1edd:lights with settings {'l_pf2_5_1': '13575F', 'l_pf2_5_10': 'C87900', 'l_pf2_5_11': 'C87900', 'l_pf2_5_12': '1B593C', 'l_pf2_5_13': '1B593C', 'l_pf2_5_14': '0051B6', 'l_pf2_5_15': '004BB7', 'l_pf2_5_16': '0000C8', 'l_pf2_5_17': '7A2AB9', 'l_pf2_5_18': '7D28B8', 'l_pf2_5_19': 'BF06A0', 'l_pf2_5_2': '0051B6', 'l_pf2_5_20': 'C70101', 'l_pf2_5_21': 'C8401F', 'l_pf2_5_22': 'C8620C', 'l_pf2_5_23': 'C87900', 'l_pf2_5_24': '1B593C', 'l_pf2_5_3': '0000C8', 'l_pf2_5_4': '1E0AC4', 'l_pf2_5_5': '7A2AB9', 'l_pf2_5_6': 'BF06A0', 'l_pf2_5_7': 'C70101', 'l_pf2_5_8': 'C70101', 'l_pf2_5_9': 'C8401F', 'l_pf2_6_1': '1B593C', 'l_pf2_6_10': 'C8401F', 'l_pf2_6_11': 'C87900', 'l_pf2_6_12': '1B593C', 'l_pf2_6_13': '1B593C', 'l_pf2_6_14': '0051B6', 'l_pf2_6_15': '0051B6', 'l_pf2_6_16': '0000C8', 'l_pf2_6_17': '7628B9', 'l_pf2_6_18': '7A2AB9', 'l_pf2_6_19': 'BF06A0', 'l_pf2_6_2': '0051B6', 'l_pf2_6_20': 'C70101', 'l_pf2_6_21': 'C70101', 'l_pf2_6_22': 'C8401F', 'l_pf2_6_23': 'C87900', 'l_pf2_6_24': 'C87900', 'l_pf2_6_3': '0006C6', 'l_pf2_6_4': '0000C8', 'l_pf2_6_5': '7A2AB9', 'l_pf2_6_6': 'BD06A1', 'l_pf2_6_7': 'BF06A0', 'l_pf2_6_8': 'C70101', 'l_pf2_6_9': 'C8401F', 'l_pf2_7_1': '1B593C', 'l_pf2_7_10': 'C8401F', 'l_pf2_7_11': 'C87900', 'l_pf2_7_12': '1B593C', 'l_pf2_7_13': '1B593C', 'l_pf2_7_14': '115665', 'l_pf2_7_15': '0051B6', 'l_pf2_7_16': '0000C8', 'l_pf2_7_17': '1909C5', 'l_pf2_7_18': '7A2AB9', 'l_pf2_7_19': 'BF06A0', 'l_pf2_7_2': '0051B6', 'l_pf2_7_20': 'C70101', 'l_pf2_7_21': 'C70101', 'l_pf2_7_22': 'C8401F', 'l_pf2_7_23': 'C87900', 'l_pf2_7_24': 'C87900', 'l_pf2_7_3': '001DC1', 'l_pf2_7_4': '0000C8', 'l_pf2_7_5': '7A2AB9', 'l_pf2_7_6': 'B709A3', 'l_pf2_7_7': 'BF06A0', 'l_pf2_7_8': 'C70101', 'l_pf2_7_9': 'C8401F', 'ledpf2-1-1': 'BF06A0'} >> Could not find a lights device with name or tag ledpf2-1-1, from list ['ledpf2-1-1'] Error Code: CFE-light_player-101 (https://missionpinball.org/latest/logs)
2026-06-07 19:19:32,030 : INFO : root : MPF run loop ended.
