2026-02-11 18:49:48,904 : INFO : root : Loading config.
2026-02-11 18:49:48,907 : INFO : YamlMultifileConfigLoader : Machine config file #1: config.yaml
2026-02-11 18:49:48,908 : INFO : ConfigProcessor : Loading config from cache: C:\Users\tl\AppData\Local\Temp\86f932e179f318f5dae29f066573dee9.mpf_cache
2026-02-11 18:49:49,005 : DEBUG : YamlMultifileConfigLoader : Loading mode attract from C:\mpf\Lib\site-packages\mpf\modes\attract\config\attract.yaml
2026-02-11 18:49:49,006 : DEBUG : YamlMultifileConfigLoader : Loading mode attract from C:\mpf\Lib\site-packages\mpf\modes\attract\config\attract.yaml
2026-02-11 18:49:49,006 : INFO : ConfigProcessor : Loading config from cache: C:\Users\tl\AppData\Local\Temp\5e7e3dd8e04e0aa46ea76018297218da.mpf_cache
2026-02-11 18:49:49,007 : DEBUG : YamlMultifileConfigLoader : Loading mode game from C:\mpf\Lib\site-packages\mpf\modes\game\config\game.yaml
2026-02-11 18:49:49,007 : INFO : ConfigProcessor : Loading config from cache: C:\Users\tl\AppData\Local\Temp\af6ad0dab2f43bd9cbdac83e0b2786ac.mpf_cache
2026-02-11 18:49:49,007 : DEBUG : YamlMultifileConfigLoader : Loading mode attract from C:\mpf\Lib\site-packages\mpf\modes\attract\config\attract.yaml
2026-02-11 18:49:49,008 : DEBUG : YamlMultifileConfigLoader : Loading mode attract from C:\mpf\Lib\site-packages\mpf\modes\attract\config\attract.yaml
2026-02-11 18:49:49,008 : INFO : ConfigProcessor : Loading config from cache: C:\Users\tl\AppData\Local\Temp\5e7e3dd8e04e0aa46ea76018297218da.mpf_cache
2026-02-11 18:49:49,009 : INFO : ConfigProcessor : Loading config from cache: C:\Users\tl\AppData\Local\Temp\5d4a31ba12353a8d97b779019117e810.mpf_cache
2026-02-11 18:49:49,009 : INFO : Machine : Mission Pinball Framework Core Engine v0.80.0.dev12
2026-02-11 18:49:49,009 : INFO : Machine : Command line arguments: {'no_load_cache': False, 'create_config_cache': True, 'bcp': False, 'configfile': ['config.yaml'], 'force_assets_load': True, 'platform_integration_test': False, 'jsonlogging': False, 'logfile': 'logs\\2026-02-11-18-49-48-mpf-DESKTOP-HV85DRD.log', 'pause': False, 'production': False, 'text_ui': False, 'loglevel': 10, 'consoleloglevel': 20, 'force_platform': None, 'syslog_address': None, 'full_logfile_path': 'C:\\Users\\tl\\Documents\\tl-pinball\\logs\\2026-02-11-18-49-48-mpf-DESKTOP-HV85DRD.log'}
2026-02-11 18:49:49,009 : INFO : Machine : MPF path: C:\mpf\Lib\site-packages\mpf
2026-02-11 18:49:49,009 : INFO : Machine : Machine path: C:\Users\tl\Documents\tl-pinball
2026-02-11 18:49:49,010 : INFO : Machine : Platform: win32
2026-02-11 18:49:49,010 : INFO : Machine : Python executable location: C:\mpf\Scripts\python.exe
2026-02-11 18:49:49,010 : INFO : Machine : Python version: 3.12.7 (64-bit)
2026-02-11 18:49:49,011 : DEBUG : asyncio : Using proactor: IocpProactor
2026-02-11 18:49:49,012 : INFO : Machine : Initializing MPF...
2026-02-11 18:49:49,104 : DEBUG : TextUi : Text UI is disabled. TUI option setting: False, Asciimatics loaded: <class 'asciimatics.scene.Scene'>
2026-02-11 18:49:49,114 : INFO : FAST : Auto-detecting ports for the following connections: ['net', 'exp']
2026-02-11 18:49:49,123 : DEBUG : FAST : Port COM3 is connected to a FAST Neuron Controller.
2026-02-11 18:49:49,123 : DEBUG : FAST : Port COM5 is connected to a FAST Neuron Controller.
2026-02-11 18:49:49,123 : DEBUG : FAST : Port COM4 is connected to a FAST Neuron Controller.
2026-02-11 18:49:49,152 : INFO : FAST : Detected EXP on port COM5
2026-02-11 18:49:49,152 : INFO : FAST : Detected NET on port COM4
2026-02-11 18:49:49,265 : INFO : FAST [NET] : Trying to connect to COM4 at 921600bps
2026-02-11 18:49:49,269 : INFO : FAST [NET] : Connected to COM4 at 921600bps
2026-02-11 18:49:49,280 : INFO : FAST [NET] : Connected to FP-CPU-2000 with firmware v02.26
2026-02-11 18:49:49,312 : INFO : FAST [NET] : Registered I/O Board 0: Model: FP-I/O-0804, Firmware: 01.10, Switches: 8, Drivers: 4
2026-02-11 18:49:49,328 : INFO : FAST [NET] : Registered I/O Board 1: Model: FP-I/O-1616, Firmware: 01.10, Switches: 16, Drivers: 16
2026-02-11 18:49:49,344 : INFO : FAST [NET] : Registered I/O Board 2: Model: FP-I/O-3208, Firmware: 01.10, Switches: 32, Drivers: 8
2026-02-11 18:49:49,360 : INFO : FAST [NET] : Registered I/O Board 3: Model: FP-I/O-1616, Firmware: 01.10, Switches: 16, Drivers: 16
2026-02-11 18:49:49,362 : INFO : FAST [EXP] : Trying to connect to COM5 at 921600bps
2026-02-11 18:49:49,366 : INFO : FAST [EXP] : Connected to COM5 at 921600bps
2026-02-11 18:49:49,367 : DEBUG : FAST [EXP] : Creating FAST Expansion Board "ledneuron" (FP-EXP-2000 Address: 48)
2026-02-11 18:49:49,367 : DEBUG : FAST [EXP] : Creating FAST Breakout Board 0 on EXP "ledneuron" (FP-EXP-2000, @48)
2026-02-11 18:49:49,376 : INFO : FAST [EXP] : Verifying hardware for EXP "ledneuron" (FP-EXP-2000, @48) with ID string "EXP FP-EXP-2000  0.42", board address 48
2026-02-11 18:49:49,392 : INFO : FAST [EXP] : Verifying hardware for EXP "ledneuron" (FP-EXP-2000, @48) with ID string "BRK FP-EXP-2000  0.42", board address 480
2026-02-11 18:49:49,408 : DEBUG : FAST [EXP] : Creating FAST Expansion Board "ledpf1" (FP-EXP-0081 Address: 84)
2026-02-11 18:49:49,408 : DEBUG : FAST [EXP] : Creating FAST Breakout Board 0 on EXP "ledpf1" (FP-EXP-0081, @84)
2026-02-11 18:49:49,408 : DEBUG : FAST [EXP] : Creating FAST Breakout Board 1 on EXP "ledpf1" (FP-EXP-0081, @84)
2026-02-11 18:49:49,424 : INFO : FAST [EXP] : Verifying hardware for EXP "ledpf1" (FP-EXP-0081, @84) with ID string "EXP FP-EXP-0081  0.38", board address 84
2026-02-11 18:49:49,440 : INFO : FAST [EXP] : Verifying hardware for EXP "ledpf1" (FP-EXP-0081, @84) with ID string "BRK FP-EXP-0081  0.38", board address 840
2026-02-11 18:49:49,456 : INFO : FAST [EXP] : Verifying hardware for EXP "ledpf1" (FP-EXP-0081, @84) with ID string "BRK FP-EXP-0081  0.38", board address 841
2026-02-11 18:49:49,471 : INFO : EventManager : Event: ======'machine_var_credits_string'====== Args={'value': 'FREE PLAY', 'prev_value': None, 'change': True}
2026-02-11 18:49:49,492 : DEBUG : YAML File Interface : Loading file: C:\Users\tl\Documents\tl-pinball\data/machine_vars.yaml
2026-02-11 18:49:49,495 : INFO : EventManager : Event: ======'machine_var_master_volume'====== Args={'value': 0.5, 'prev_value': None, 'change': True}
2026-02-11 18:49:49,495 : INFO : EventManager : Event: ======'machine_var_player1_score'====== Args={'value': 0, 'prev_value': None, 'change': True}
2026-02-11 18:49:49,495 : INFO : EventManager : Event: ======'machine_var_mpf_version'====== Args={'value': 'Mission Pinball Framework v0.80.0.dev12', 'prev_value': None, 'change': True}
2026-02-11 18:49:49,495 : INFO : EventManager : Event: ======'machine_var_mpf_extended_version'====== Args={'value': 'Mission Pinball Framework v0.80.0.dev12, Config version:6, Show version: 6, BCP version:1.1', 'prev_value': None, 'change': True}
2026-02-11 18:49:49,495 : INFO : EventManager : Event: ======'machine_var_python_version'====== Args={'value': '3.12.7', 'prev_value': None, 'change': True}
2026-02-11 18:49:49,607 : INFO : EventManager : Event: ======'machine_var_platform'====== Args={'value': 'Windows-10-10.0.19044-SP0', 'prev_value': None, 'change': True}
2026-02-11 18:49:49,607 : INFO : EventManager : Event: ======'machine_var_platform_system'====== Args={'value': 'Windows', 'prev_value': None, 'change': True}
2026-02-11 18:49:49,607 : INFO : EventManager : Event: ======'machine_var_platform_release'====== Args={'value': '10', 'prev_value': None, 'change': True}
2026-02-11 18:49:49,607 : INFO : EventManager : Event: ======'machine_var_platform_version'====== Args={'value': '10.0.19044', 'prev_value': None, 'change': True}
2026-02-11 18:49:49,607 : INFO : EventManager : Event: ======'machine_var_platform_machine'====== Args={'value': 'AMD64', 'prev_value': None, 'change': True}
2026-02-11 18:49:49,607 : INFO : EventManager : Event: ======'machine_var_log_file_path'====== Args={'value': 'C:\\Users\\tl\\Documents\\tl-pinball\\logs\\2026-02-11-18-49-48-mpf-DESKTOP-HV85DRD.log', 'prev_value': None, 'change': True}
2026-02-11 18:49:49,607 : INFO : EventManager : Event: ======'init_phase_1'====== Args={}
2026-02-11 18:49:49,614 : DEBUG : ModeController : Loaded mode attract
2026-02-11 18:49:49,619 : DEBUG : ModeController : Loaded mode game
2026-02-11 18:49:49,623 : ERROR : asyncio : Exception in callback EventManager._async_handler_done(<QueuedEvent>)(<Task finishe...rger then 1')>) at C:\mpf\Lib\site-packages\mpf\core\events.py:124
handle: <Handle EventManager._async_handler_done(<QueuedEvent>)(<Task finishe...rger then 1')>) at C:\mpf\Lib\site-packages\mpf\core\events.py:124>
Traceback (most recent call last):
  File "C:\Users\tl\AppData\Local\Programs\Python\Python312\Lib\asyncio\events.py", line 88, in _run
    self._context.run(self._callback, *self._args)
  File "C:\mpf\Lib\site-packages\mpf\core\events.py", line 127, in _async_handler_done
    future.result()
  File "C:\mpf\Lib\site-packages\mpf\core\device_manager.py", line 88, in _load_device_modules
    self.load_devices_config(validate=True)
  File "C:\mpf\Lib\site-packages\mpf\core\device_manager.py", line 146, in load_devices_config
    config[device_name] = collection[device_name].validate_and_parse_config(config[device_name], False)
                          ^^^^^^^^^^^^^^^^^^^^^^^^^^^^^^^^^^^^^^^^^^^^^^^^^^^^^^^^^^^^^^^^^^^^^^^^^^^^^
  File "C:\mpf\Lib\site-packages\mpf\devices\driver.py", line 73, in validate_and_parse_config
    config = super().validate_and_parse_config(config, is_mode_config, debug_prefix)
             ^^^^^^^^^^^^^^^^^^^^^^^^^^^^^^^^^^^^^^^^^^^^^^^^^^^^^^^^^^^^^^^^^^^^^^^
  File "C:\mpf\Lib\site-packages\mpf\core\device.py", line 108, in validate_and_parse_config
    self.machine.config_validator.validate_config(
  File "C:\mpf\Lib\site-packages\mpf\core\config_validator.py", line 164, in validate_config
    return self._validate_config(config_spec, source, base_spec=base_spec, add_missing_keys=add_missing_keys,
           ^^^^^^^^^^^^^^^^^^^^^^^^^^^^^^^^^^^^^^^^^^^^^^^^^^^^^^^^^^^^^^^^^^^^^^^^^^^^^^^^^^^^^^^^^^^^^^^^^^
  File "C:\mpf\Lib\site-packages\mpf\core\config_validator.py", line 204, in _validate_config
    processed_config[k] = self.validate_config_item(
                          ^^^^^^^^^^^^^^^^^^^^^^^^^^
  File "C:\mpf\Lib\site-packages\mpf\core\config_validator.py", line 243, in validate_config_item
    return self.validate_item(item, validation, validation_failure_info)
           ^^^^^^^^^^^^^^^^^^^^^^^^^^^^^^^^^^^^^^^^^^^^^^^^^^^^^^^^^^^^^
  File "C:\mpf\Lib\site-packages\mpf\core\config_validator.py", line 699, in validate_item
    return self.validator_list[validator](item, validation_failure_info=validation_failure_info, param=param)
           ^^^^^^^^^^^^^^^^^^^^^^^^^^^^^^^^^^^^^^^^^^^^^^^^^^^^^^^^^^^^^^^^^^^^^^^^^^^^^^^^^^^^^^^^^^^^^^^^^^
  File "C:\mpf\Lib\site-packages\mpf\core\config_validator.py", line 537, in _validate_type_float
    self._validate_range_min_smaller_max(item, value, param, validation_failure_info)
  File "C:\mpf\Lib\site-packages\mpf\core\config_validator.py", line 526, in _validate_range_min_smaller_max
    raise self.validation_error(item, validation_failure_info,
mpf.exceptions.config_file_error.ConfigFileError: Config File Error in ConfigValidator: Config validation error: Entry coils:c_9_right_top_flipper_hold:default_hold_power = "2" is not valid. 2.0 is larger then 1 Error Code: CFE-ConfigValidator-5 (https://missionpinball.org/latest/logs)
2026-02-11 18:49:49,702 : INFO : Machine : Starting the main run loop with active modes: []
2026-02-11 18:49:49,703 : WARNING : Machine : Attract mode is not active, game will not be playable. Please check your attract mode configuration.
2026-02-11 18:49:49,703 : INFO : Machine : Shutting down...
2026-02-11 18:49:49,703 : INFO : EventManager : Event: ======'shutdown'====== Args={}
2026-02-11 18:49:49,789 : DEBUG : FAST [NET] : Stop called on serial connection NET
2026-02-11 18:49:49,790 : DEBUG : FAST [EXP] : Stop called on serial connection EXP
2026-02-11 18:49:50,792 : ERROR : Machine : Runtime Exception
Traceback (most recent call last):
  File "C:\mpf\Lib\site-packages\mpf\core\machine.py", line 810, in _run_loop
    raise self._exception['exception']
  File "C:\Users\tl\AppData\Local\Programs\Python\Python312\Lib\asyncio\events.py", line 88, in _run
    self._context.run(self._callback, *self._args)
  File "C:\mpf\Lib\site-packages\mpf\core\events.py", line 127, in _async_handler_done
    future.result()
  File "C:\mpf\Lib\site-packages\mpf\core\device_manager.py", line 88, in _load_device_modules
    self.load_devices_config(validate=True)
  File "C:\mpf\Lib\site-packages\mpf\core\device_manager.py", line 146, in load_devices_config
    config[device_name] = collection[device_name].validate_and_parse_config(config[device_name], False)
                          ^^^^^^^^^^^^^^^^^^^^^^^^^^^^^^^^^^^^^^^^^^^^^^^^^^^^^^^^^^^^^^^^^^^^^^^^^^^^^
  File "C:\mpf\Lib\site-packages\mpf\devices\driver.py", line 73, in validate_and_parse_config
    config = super().validate_and_parse_config(config, is_mode_config, debug_prefix)
             ^^^^^^^^^^^^^^^^^^^^^^^^^^^^^^^^^^^^^^^^^^^^^^^^^^^^^^^^^^^^^^^^^^^^^^^
  File "C:\mpf\Lib\site-packages\mpf\core\device.py", line 108, in validate_and_parse_config
    self.machine.config_validator.validate_config(
  File "C:\mpf\Lib\site-packages\mpf\core\config_validator.py", line 164, in validate_config
    return self._validate_config(config_spec, source, base_spec=base_spec, add_missing_keys=add_missing_keys,
           ^^^^^^^^^^^^^^^^^^^^^^^^^^^^^^^^^^^^^^^^^^^^^^^^^^^^^^^^^^^^^^^^^^^^^^^^^^^^^^^^^^^^^^^^^^^^^^^^^^
  File "C:\mpf\Lib\site-packages\mpf\core\config_validator.py", line 204, in _validate_config
    processed_config[k] = self.validate_config_item(
                          ^^^^^^^^^^^^^^^^^^^^^^^^^^
  File "C:\mpf\Lib\site-packages\mpf\core\config_validator.py", line 243, in validate_config_item
    return self.validate_item(item, validation, validation_failure_info)
           ^^^^^^^^^^^^^^^^^^^^^^^^^^^^^^^^^^^^^^^^^^^^^^^^^^^^^^^^^^^^^
  File "C:\mpf\Lib\site-packages\mpf\core\config_validator.py", line 699, in validate_item
    return self.validator_list[validator](item, validation_failure_info=validation_failure_info, param=param)
           ^^^^^^^^^^^^^^^^^^^^^^^^^^^^^^^^^^^^^^^^^^^^^^^^^^^^^^^^^^^^^^^^^^^^^^^^^^^^^^^^^^^^^^^^^^^^^^^^^^
  File "C:\mpf\Lib\site-packages\mpf\core\config_validator.py", line 537, in _validate_type_float
    self._validate_range_min_smaller_max(item, value, param, validation_failure_info)
  File "C:\mpf\Lib\site-packages\mpf\core\config_validator.py", line 526, in _validate_range_min_smaller_max
    raise self.validation_error(item, validation_failure_info,
mpf.exceptions.config_file_error.ConfigFileError: Config File Error in ConfigValidator: Config validation error: Entry coils:c_9_right_top_flipper_hold:default_hold_power = "2" is not valid. 2.0 is larger then 1 Error Code: CFE-ConfigValidator-5 (https://missionpinball.org/latest/logs)
2026-02-11 18:49:50,794 : INFO : root : MPF run loop ended.
