2026-02-13 18:14:31,278 : INFO : root : Loading config.
2026-02-13 18:14:31,294 : INFO : YamlMultifileConfigLoader : Machine config file #1: config.yaml
2026-02-13 18:14:31,294 : INFO : ConfigProcessor : Loading config from cache: C:\Users\tl\AppData\Local\Temp\86f932e179f318f5dae29f066573dee9.mpf_cache
2026-02-13 18:14:31,388 : DEBUG : YamlMultifileConfigLoader : Loading mode attract from C:\mpf\Lib\site-packages\mpf\modes\attract\config\attract.yaml
2026-02-13 18:14:31,388 : DEBUG : YamlMultifileConfigLoader : Loading mode attract from C:\mpf\Lib\site-packages\mpf\modes\attract\config\attract.yaml
2026-02-13 18:14:31,388 : INFO : ConfigProcessor : Loading config from cache: C:\Users\tl\AppData\Local\Temp\5e7e3dd8e04e0aa46ea76018297218da.mpf_cache
2026-02-13 18:14:31,388 : DEBUG : YamlMultifileConfigLoader : Loading mode game from C:\mpf\Lib\site-packages\mpf\modes\game\config\game.yaml
2026-02-13 18:14:31,388 : INFO : ConfigProcessor : Loading config from cache: C:\Users\tl\AppData\Local\Temp\af6ad0dab2f43bd9cbdac83e0b2786ac.mpf_cache
2026-02-13 18:14:31,388 : DEBUG : YamlMultifileConfigLoader : Loading mode attract from C:\mpf\Lib\site-packages\mpf\modes\attract\config\attract.yaml
2026-02-13 18:14:31,388 : DEBUG : YamlMultifileConfigLoader : Loading mode attract from C:\mpf\Lib\site-packages\mpf\modes\attract\config\attract.yaml
2026-02-13 18:14:31,388 : INFO : ConfigProcessor : Loading config from cache: C:\Users\tl\AppData\Local\Temp\5e7e3dd8e04e0aa46ea76018297218da.mpf_cache
2026-02-13 18:14:31,388 : DEBUG : YamlMultifileConfigLoader : Loading mode service from C:\mpf\Lib\site-packages\mpf\modes\service\config\service.yaml
2026-02-13 18:14:31,388 : INFO : ConfigProcessor : Loading config from cache: C:\Users\tl\AppData\Local\Temp\5d3b5ebc494e9a7257164cf172f94bef.mpf_cache
2026-02-13 18:14:31,388 : INFO : ConfigProcessor : Loading config from cache: C:\Users\tl\AppData\Local\Temp\5d4a31ba12353a8d97b779019117e810.mpf_cache
2026-02-13 18:14:31,388 : INFO : Machine : Mission Pinball Framework Core Engine v0.80.0.dev12
2026-02-13 18:14:31,388 : INFO : Machine : Command line arguments: {'no_load_cache': False, 'create_config_cache': True, 'bcp': False, 'configfile': ['config.yaml'], 'force_assets_load': False, 'platform_integration_test': False, 'jsonlogging': False, 'logfile': 'logs\\2026-02-13-18-14-31-mpf-DESKTOP-HV85DRD.log', 'pause': False, 'production': False, 'text_ui': True, 'loglevel': 10, 'consoleloglevel': 20, 'force_platform': None, 'syslog_address': None, 'full_logfile_path': 'C:\\Users\\tl\\Documents\\tl-pinball\\logs\\2026-02-13-18-14-31-mpf-DESKTOP-HV85DRD.log'}
2026-02-13 18:14:31,388 : INFO : Machine : MPF path: C:\mpf\Lib\site-packages\mpf
2026-02-13 18:14:31,388 : INFO : Machine : Machine path: C:\Users\tl\Documents\tl-pinball
2026-02-13 18:14:31,388 : INFO : Machine : Platform: win32
2026-02-13 18:14:31,388 : INFO : Machine : Python executable location: C:\mpf\Scripts\python.exe
2026-02-13 18:14:31,388 : INFO : Machine : Python version: 3.12.7 (64-bit)
2026-02-13 18:14:31,388 : DEBUG : asyncio : Using proactor: IocpProactor
2026-02-13 18:14:31,388 : INFO : Machine : Initializing MPF...
2026-02-13 18:14:31,481 : DEBUG : asciimatics.widgets.layout : Updating: None
2026-02-13 18:14:31,481 : DEBUG : asciimatics.widgets.layout : Updating: None
2026-02-13 18:14:31,481 : DEBUG : asciimatics.widgets.layout : Updating: None
2026-02-13 18:14:31,481 : DEBUG : asciimatics.widgets.layout : Updating: None
2026-02-13 18:14:31,481 : DEBUG : asciimatics.widgets.layout : Updating: None
2026-02-13 18:14:31,481 : DEBUG : asciimatics.widgets.layout : Updating: None
2026-02-13 18:14:31,481 : DEBUG : asciimatics.widgets.layout : Updating: None
2026-02-13 18:14:31,481 : DEBUG : asciimatics.widgets.layout : Updating: None
2026-02-13 18:14:31,481 : DEBUG : asciimatics.widgets.layout : Updating: None
2026-02-13 18:14:31,481 : DEBUG : asciimatics.widgets.layout : Updating: None
2026-02-13 18:14:31,481 : DEBUG : asciimatics.widgets.layout : Updating: None
2026-02-13 18:14:31,481 : DEBUG : asciimatics.widgets.layout : Updating: None
2026-02-13 18:14:31,481 : DEBUG : asciimatics.widgets.widget : Widget blur: <asciimatics.widgets.label.Label object at 0x00000203FB1B9F20>
2026-02-13 18:14:31,481 : DEBUG : asciimatics.widgets.widget : Widget blur: <asciimatics.widgets.label.Label object at 0x00000203FB3DE0C0>
2026-02-13 18:14:31,481 : DEBUG : asciimatics.widgets.widget : Widget blur: <asciimatics.widgets.label.Label object at 0x00000203FB3DE260>
2026-02-13 18:14:31,481 : DEBUG : asciimatics.widgets.layout : Blur: <asciimatics.widgets.layout.Layout object at 0x00000203FB3DB1C0>
2026-02-13 18:14:31,481 : DEBUG : asciimatics.widgets.layout : Blur: <mpf.core.text_ui.MpfLayout object at 0x00000203FB2386E0>
2026-02-13 18:14:31,481 : DEBUG : asciimatics.widgets.layout : Updating: None
2026-02-13 18:14:31,481 : DEBUG : asciimatics.widgets.layout : Updating: None
2026-02-13 18:14:31,481 : DEBUG : asciimatics.widgets.layout : Updating: None
2026-02-13 18:14:31,481 : DEBUG : asciimatics.widgets.layout : Updating: None
2026-02-13 18:14:31,481 : DEBUG : asciimatics.widgets.layout : Updating: None
2026-02-13 18:14:31,481 : DEBUG : asciimatics.widgets.layout : Updating: None
2026-02-13 18:14:31,481 : DEBUG : asciimatics.widgets.widget : Widget blur: <asciimatics.widgets.label.Label object at 0x00000203FB3DE670>
2026-02-13 18:14:31,481 : DEBUG : asciimatics.widgets.widget : Widget blur: <asciimatics.widgets.label.Label object at 0x00000203FB3DE5A0>
2026-02-13 18:14:31,481 : DEBUG : asciimatics.widgets.widget : Widget blur: <asciimatics.widgets.label.Label object at 0x00000203FB3DE740>
2026-02-13 18:14:31,481 : DEBUG : asciimatics.widgets.widget : Widget blur: <asciimatics.widgets.label.Label object at 0x00000203FB3DE4D0>
2026-02-13 18:14:31,481 : DEBUG : asciimatics.widgets.widget : Widget blur: <asciimatics.widgets.label.Label object at 0x00000203FB3DE400>
2026-02-13 18:14:31,481 : DEBUG : asciimatics.widgets.widget : Widget blur: <asciimatics.widgets.label.Label object at 0x00000203FB3DE330>
2026-02-13 18:14:31,481 : DEBUG : asciimatics.widgets.layout : Blur: <asciimatics.widgets.layout.Layout object at 0x00000203FB3DB220>
2026-02-13 18:14:31,481 : DEBUG : asciimatics.widgets.layout : Focus: <asciimatics.widgets.layout.Layout object at 0x00000203FB3DB1C0>
2026-02-13 18:14:31,481 : DEBUG : asciimatics.widgets.layout : Focus: <mpf.core.text_ui.MpfLayout object at 0x00000203FB2386E0>
2026-02-13 18:14:31,481 : DEBUG : asciimatics.widgets.layout : Focus: <asciimatics.widgets.layout.Layout object at 0x00000203FB3DB220>
2026-02-13 18:14:31,481 : DEBUG : asciimatics.widgets.frame : Cloning: Test
2026-02-13 18:14:31,481 : DEBUG : asciimatics.widgets.layout : Updating: None
2026-02-13 18:14:31,481 : DEBUG : asciimatics.widgets.layout : Updating: None
2026-02-13 18:14:31,481 : DEBUG : asciimatics.widgets.layout : Updating: None
2026-02-13 18:14:31,481 : DEBUG : asciimatics.widgets.layout : Updating: None
2026-02-13 18:14:31,481 : DEBUG : asciimatics.widgets.layout : Updating: None
2026-02-13 18:14:31,481 : DEBUG : asciimatics.widgets.layout : Updating: None
2026-02-13 18:14:31,481 : DEBUG : asciimatics.widgets.layout : Updating: None
2026-02-13 18:14:31,481 : DEBUG : asciimatics.widgets.layout : Updating: None
2026-02-13 18:14:31,481 : DEBUG : asciimatics.widgets.layout : Updating: None
2026-02-13 18:14:31,481 : DEBUG : asciimatics.widgets.layout : Updating: None
2026-02-13 18:14:31,481 : DEBUG : asciimatics.widgets.layout : Updating: None
2026-02-13 18:14:31,481 : DEBUG : asciimatics.widgets.layout : Updating: None
2026-02-13 18:14:31,481 : DEBUG : asciimatics.widgets.layout : Updating: None
2026-02-13 18:14:31,481 : DEBUG : asciimatics.widgets.layout : Updating: None
2026-02-13 18:14:31,481 : DEBUG : asciimatics.widgets.layout : Updating: None
2026-02-13 18:14:31,481 : DEBUG : asciimatics.widgets.layout : Updating: None
2026-02-13 18:14:31,481 : DEBUG : asciimatics.widgets.layout : Updating: None
2026-02-13 18:14:31,481 : DEBUG : asciimatics.widgets.layout : Updating: None
2026-02-13 18:14:31,497 : DEBUG : asciimatics.screen : Processing key: d
2026-02-13 18:14:31,575 : INFO : FAST : Auto-detecting ports for the following connections: ['net', 'exp']
2026-02-13 18:14:31,591 : DEBUG : FAST : Port COM3 is connected to a FAST Neuron Controller.
2026-02-13 18:14:31,591 : DEBUG : FAST : Port COM5 is connected to a FAST Neuron Controller.
2026-02-13 18:14:31,591 : DEBUG : FAST : Port COM4 is connected to a FAST Neuron Controller.
2026-02-13 18:14:31,606 : INFO : FAST : Detected NET on port COM4
2026-02-13 18:14:31,622 : INFO : FAST : Detected EXP on port COM5
2026-02-13 18:14:31,731 : INFO : FAST [NET] : Trying to connect to COM4 at 921600bps
2026-02-13 18:14:31,731 : INFO : FAST [NET] : Connected to COM4 at 921600bps
2026-02-13 18:14:31,747 : INFO : FAST [NET] : Connected to FP-CPU-2000 with firmware v02.26
2026-02-13 18:14:31,778 : INFO : FAST [NET] : Registered I/O Board 0: Model: FP-I/O-0804, Firmware: 01.10, Switches: 8, Drivers: 4
2026-02-13 18:14:31,794 : INFO : FAST [NET] : Registered I/O Board 1: Model: FP-I/O-1616, Firmware: 01.10, Switches: 16, Drivers: 16
2026-02-13 18:14:31,809 : INFO : FAST [NET] : Registered I/O Board 2: Model: FP-I/O-3208, Firmware: 01.10, Switches: 32, Drivers: 8
2026-02-13 18:14:31,825 : INFO : FAST [NET] : Registered I/O Board 3: Model: FP-I/O-1616, Firmware: 01.10, Switches: 16, Drivers: 16
2026-02-13 18:14:31,825 : INFO : FAST [EXP] : Trying to connect to COM5 at 921600bps
2026-02-13 18:14:31,825 : INFO : FAST [EXP] : Connected to COM5 at 921600bps
2026-02-13 18:14:31,825 : DEBUG : FAST [EXP] : Creating FAST Expansion Board "ledneuron" (FP-EXP-2000 Address: 48)
2026-02-13 18:14:31,825 : DEBUG : FAST [EXP] : Creating FAST Breakout Board 0 on EXP "ledneuron" (FP-EXP-2000, @48)
2026-02-13 18:14:31,841 : INFO : FAST [EXP] : Verifying hardware for EXP "ledneuron" (FP-EXP-2000, @48) with ID string "EXP FP-EXP-2000  0.42", board address 48
2026-02-13 18:14:31,856 : INFO : FAST [EXP] : Verifying hardware for EXP "ledneuron" (FP-EXP-2000, @48) with ID string "BRK FP-EXP-2000  0.42", board address 480
2026-02-13 18:14:31,872 : DEBUG : FAST [EXP] : Creating FAST Expansion Board "ledpf1" (FP-EXP-0081 Address: 84)
2026-02-13 18:14:31,872 : DEBUG : FAST [EXP] : Creating FAST Breakout Board 0 on EXP "ledpf1" (FP-EXP-0081, @84)
2026-02-13 18:14:31,872 : DEBUG : FAST [EXP] : Creating FAST Breakout Board 1 on EXP "ledpf1" (FP-EXP-0081, @84)
2026-02-13 18:14:31,888 : INFO : FAST [EXP] : Verifying hardware for EXP "ledpf1" (FP-EXP-0081, @84) with ID string "EXP FP-EXP-0081  0.38", board address 84
2026-02-13 18:14:31,889 : INFO : FAST [EXP] : Verifying hardware for EXP "ledpf1" (FP-EXP-0081, @84) with ID string "BRK FP-EXP-0081  0.38", board address 840
2026-02-13 18:14:31,892 : INFO : FAST [EXP] : Verifying hardware for EXP "ledpf1" (FP-EXP-0081, @84) with ID string "BRK FP-EXP-0081  0.38", board address 841
2026-02-13 18:14:31,901 : INFO : EventManager : Event: ======'machine_var_credits_string'====== Args={'value': 'FREE PLAY', 'prev_value': None, 'change': True}
2026-02-13 18:14:31,924 : DEBUG : YAML File Interface : Loading file: C:\Users\tl\Documents\tl-pinball\data/machine_vars.yaml
2026-02-13 18:14:31,924 : INFO : EventManager : Event: ======'machine_var_master_volume'====== Args={'value': 0.55, 'prev_value': None, 'change': True}
2026-02-13 18:14:31,924 : INFO : EventManager : Event: ======'machine_var_player1_score'====== Args={'value': 0, 'prev_value': None, 'change': True}
2026-02-13 18:14:31,924 : INFO : EventManager : Event: ======'machine_var_mpf_version'====== Args={'value': 'Mission Pinball Framework v0.80.0.dev12', 'prev_value': None, 'change': True}
2026-02-13 18:14:31,924 : INFO : EventManager : Event: ======'machine_var_mpf_extended_version'====== Args={'value': 'Mission Pinball Framework v0.80.0.dev12, Config version:6, Show version: 6, BCP version:1.1', 'prev_value': None, 'change': True}
2026-02-13 18:14:31,924 : INFO : EventManager : Event: ======'machine_var_python_version'====== Args={'value': '3.12.7', 'prev_value': None, 'change': True}
2026-02-13 18:14:32,022 : INFO : EventManager : Event: ======'machine_var_platform'====== Args={'value': 'Windows-10-10.0.19044-SP0', 'prev_value': None, 'change': True}
2026-02-13 18:14:32,022 : INFO : EventManager : Event: ======'machine_var_platform_system'====== Args={'value': 'Windows', 'prev_value': None, 'change': True}
2026-02-13 18:14:32,022 : INFO : EventManager : Event: ======'machine_var_platform_release'====== Args={'value': '10', 'prev_value': None, 'change': True}
2026-02-13 18:14:32,022 : INFO : EventManager : Event: ======'machine_var_platform_version'====== Args={'value': '10.0.19044', 'prev_value': None, 'change': True}
2026-02-13 18:14:32,022 : INFO : EventManager : Event: ======'machine_var_platform_machine'====== Args={'value': 'AMD64', 'prev_value': None, 'change': True}
2026-02-13 18:14:32,022 : INFO : EventManager : Event: ======'machine_var_log_file_path'====== Args={'value': 'C:\\Users\\tl\\Documents\\tl-pinball\\logs\\2026-02-13-18-14-31-mpf-DESKTOP-HV85DRD.log', 'prev_value': None, 'change': True}
2026-02-13 18:14:32,022 : INFO : EventManager : Event: ======'init_phase_1'====== Args={}
2026-02-13 18:14:32,038 : DEBUG : ModeController : Loaded mode attract
2026-02-13 18:14:32,042 : DEBUG : ModeController : Loaded mode service
2026-02-13 18:14:32,045 : DEBUG : ModeController : Loaded mode game
2026-02-13 18:14:32,061 : DEBUG : FASTLED : Creating FAST RGB LED on expansion board at hardware address: 48000
2026-02-13 18:14:32,061 : DEBUG : FASTLED : Creating FAST RGB LED on expansion board at hardware address: 48001
2026-02-13 18:14:32,065 : INFO : EventManager : Event: ======'drop_target_bank_dtb_characters_up'====== Args={}
2026-02-13 18:14:32,065 : INFO : EventManager : Event: ======'drop_target_bank_dtb_rollover_up'====== Args={}
2026-02-13 18:14:33,759 : DEBUG : FAST Driver : Sending config to driver 4 (0x04). one_shot: False. wait_to_confirm: False
2026-02-13 18:14:33,790 : DEBUG : FAST Driver : Sending config to driver 5 (0x05). one_shot: False. wait_to_confirm: False
2026-02-13 18:14:33,837 : DEBUG : FAST Driver : Sending config to driver 7 (0x07). one_shot: False. wait_to_confirm: False
2026-02-13 18:14:33,868 : DEBUG : FAST Driver : Sending config to driver 8 (0x08). one_shot: False. wait_to_confirm: False
2026-02-13 18:14:33,899 : DEBUG : FAST Driver : Sending config to driver 9 (0x09). one_shot: False. wait_to_confirm: False
2026-02-13 18:14:34,089 : DEBUG : FAST Driver : Sending config to driver 20 (0x14). one_shot: False. wait_to_confirm: False
2026-02-13 18:14:34,136 : DEBUG : FAST Driver : Sending config to driver 22 (0x16). one_shot: False. wait_to_confirm: False
2026-02-13 18:14:34,167 : DEBUG : FAST Driver : Sending config to driver 23 (0x17). one_shot: False. wait_to_confirm: False
2026-02-13 18:14:34,198 : DEBUG : FAST Driver : Sending config to driver 24 (0x18). one_shot: False. wait_to_confirm: False
2026-02-13 18:14:34,230 : DEBUG : FAST Driver : Sending config to driver 25 (0x19). one_shot: False. wait_to_confirm: False
2026-02-13 18:14:34,261 : DEBUG : FAST Driver : Sending config to driver 26 (0x1A). one_shot: False. wait_to_confirm: False
2026-02-13 18:14:34,292 : DEBUG : FAST Driver : Sending config to driver 27 (0x1B). one_shot: False. wait_to_confirm: False
2026-02-13 18:14:34,636 : INFO : SwitchController : <<<<<<< 's_64_varitarget_poisition_1' active >>>>>>>
2026-02-13 18:14:34,636 : INFO : SwitchController : <<<<<<< 's_70_varitarget_poisition_7' active >>>>>>>
2026-02-13 18:14:34,636 : INFO : SwitchController : <<<<<<< 's_71_spinner_left' active >>>>>>>
2026-02-13 18:14:34,636 : INFO : SwitchController : <<<<<<< 's_72_single_drop_1' active >>>>>>>
2026-02-13 18:14:34,636 : INFO : SwitchController : <<<<<<< 's_75_fourbank_drop_3' active >>>>>>>
2026-02-13 18:14:34,636 : INFO : SwitchController : <<<<<<< 's_77_threebank_drop_1' active >>>>>>>
2026-02-13 18:14:34,683 : INFO : EventManager : Event: ======'init_phase_2'====== Args={}
2026-02-13 18:14:34,683 : INFO : SwitchController : Found active switch: (16, [FAST Platform Interface]) <switch.s_64_varitarget_poisition_1>
2026-02-13 18:14:34,683 : INFO : SwitchController : Found active switch: (22, [FAST Platform Interface]) <switch.s_70_varitarget_poisition_7>
2026-02-13 18:14:34,683 : INFO : SwitchController : Found active switch: (23, [FAST Platform Interface]) <switch.s_71_spinner_left>
2026-02-13 18:14:34,683 : INFO : SwitchController : Found active switch: (56, [FAST Platform Interface]) <switch.s_72_single_drop_1>
2026-02-13 18:14:34,683 : INFO : SwitchController : Found active switch: (59, [FAST Platform Interface]) <switch.s_75_fourbank_drop_3>
2026-02-13 18:14:34,683 : INFO : SwitchController : Found active switch: (61, [FAST Platform Interface]) <switch.s_77_threebank_drop_1>
2026-02-13 18:14:34,683 : INFO : ball_device.bd_plunger : BCH: Initial count: 0
2026-02-13 18:14:34,683 : INFO : ball_device.bd_plunger : State: idle
2026-02-13 18:14:34,683 : INFO : ball_device.bd_trough : BCH: Initial count: 0
2026-02-13 18:14:34,683 : INFO : ball_device.bd_trough : State: idle
2026-02-13 18:14:34,683 : DEBUG : YAML File Interface : Loading file: C:\Users\tl\Documents\tl-pinball\data/audits.yaml
2026-02-13 18:14:34,698 : DEBUG : Machine : "info_lights:" section not found in machine configuration, so the InfoLights will not be used.
2026-02-13 18:14:34,698 : DEBUG : Machine : "switch_player:" section not found in machine configuration, so the SwitchPlayer will not be used.
2026-02-13 18:14:34,714 : DEBUG : Machine : "twitch_client:" section not found in machine configuration, so the TwitchBot will not be used.
2026-02-13 18:14:34,714 : DEBUG : Machine : "virtual_segment_display_connector:" section not found in machine configuration, so the VirtualSegmentDisplayConnector will not be used.
2026-02-13 18:14:34,714 : INFO : EventManager : Event: ======'init_phase_3'====== Args={}
2026-02-13 18:14:34,714 : DEBUG : ShowController : Loading show: flash
2026-02-13 18:14:34,714 : DEBUG : ShowController : Loading show: on
2026-02-13 18:14:34,714 : DEBUG : ShowController : Loading show: off
2026-02-13 18:14:34,714 : DEBUG : ShowController : Loading show: led_color
2026-02-13 18:14:34,714 : DEBUG : ShowController : Loading show: bl_color
2026-02-13 18:14:34,714 : DEBUG : ShowController : Loading show: flash_color
2026-02-13 18:14:34,714 : DEBUG : ShowController : Loading show: output7
2026-02-13 18:14:34,714 : INFO : EventManager : Event: ======'init_phase_4'====== Args={}
2026-02-13 18:14:34,714 : INFO : EventManager : Event: ======'drop_target_dt_character_3_down'====== Args={'device': <drop_target.dt_character_3>}
2026-02-13 18:14:34,714 : INFO : EventManager : Event: ======'drop_target_dt_character_5_down'====== Args={'device': <drop_target.dt_character_5>}
2026-02-13 18:14:34,714 : INFO : EventManager : Event: ======'drop_target_dt_single_1_down'====== Args={'device': <drop_target.dt_single_1>}
2026-02-13 18:14:34,714 : INFO : BallController : Initial balls found: 0
2026-02-13 18:14:34,714 : INFO : EventManager : Event: ======'machine_var_audits_events_game_ended'====== Args={'value': 3, 'prev_value': None, 'change': True}
2026-02-13 18:14:34,714 : INFO : EventManager : Event: ======'machine_var_audits_events_game_started'====== Args={'value': 31, 'prev_value': None, 'change': True}
2026-02-13 18:14:34,714 : INFO : EventManager : Event: ======'machine_var_audits_missing_switches_s_0_service_esc'====== Args={'value': 31, 'prev_value': None, 'change': True}
2026-02-13 18:14:34,714 : INFO : EventManager : Event: ======'machine_var_audits_missing_switches_s_11_start_button'====== Args={'value': 16, 'prev_value': None, 'change': True}
2026-02-13 18:14:34,714 : INFO : EventManager : Event: ======'machine_var_audits_missing_switches_s_12_tilt_bob'====== Args={'value': 3, 'prev_value': None, 'change': True}
2026-02-13 18:14:34,714 : INFO : EventManager : Event: ======'machine_var_audits_missing_switches_s_13_coin_door'====== Args={'value': 3, 'prev_value': None, 'change': True}
2026-02-13 18:14:34,714 : INFO : EventManager : Event: ======'machine_var_audits_missing_switches_s_16_right_flipper'====== Args={'value': 1, 'prev_value': None, 'change': True}
2026-02-13 18:14:34,714 : INFO : EventManager : Event: ======'machine_var_audits_missing_switches_s_17_right_flipper_upper'====== Args={'value': 1, 'prev_value': None, 'change': True}
2026-02-13 18:14:34,714 : INFO : EventManager : Event: ======'machine_var_audits_missing_switches_s_19_cab_arrow_left'====== Args={'value': 3, 'prev_value': None, 'change': True}
2026-02-13 18:14:34,714 : INFO : EventManager : Event: ======'machine_var_audits_missing_switches_s_1_service_up'====== Args={'value': 31, 'prev_value': None, 'change': True}
2026-02-13 18:14:34,714 : INFO : EventManager : Event: ======'machine_var_audits_missing_switches_s_20_cab_arrow_right'====== Args={'value': 3, 'prev_value': None, 'change': True}
2026-02-13 18:14:34,714 : INFO : EventManager : Event: ======'machine_var_audits_missing_switches_s_24_trough_1'====== Args={'value': 1, 'prev_value': None, 'change': True}
2026-02-13 18:14:34,714 : INFO : EventManager : Event: ======'machine_var_audits_missing_switches_s_25_trough_2'====== Args={'value': 1, 'prev_value': None, 'change': True}
2026-02-13 18:14:34,714 : INFO : EventManager : Event: ======'machine_var_audits_missing_switches_s_25_trough_jam'====== Args={'value': 2, 'prev_value': None, 'change': True}
2026-02-13 18:14:34,714 : INFO : EventManager : Event: ======'machine_var_audits_missing_switches_s_26_trough_1'====== Args={'value': 1, 'prev_value': None, 'change': True}
2026-02-13 18:14:34,714 : INFO : EventManager : Event: ======'machine_var_audits_missing_switches_s_26_trough_3'====== Args={'value': 1, 'prev_value': None, 'change': True}
2026-02-13 18:14:34,714 : INFO : EventManager : Event: ======'machine_var_audits_missing_switches_s_27_trough_4'====== Args={'value': 4, 'prev_value': None, 'change': True}
2026-02-13 18:14:34,714 : INFO : EventManager : Event: ======'machine_var_audits_missing_switches_s_28_trough_3'====== Args={'value': 1, 'prev_value': None, 'change': True}
2026-02-13 18:14:34,714 : INFO : EventManager : Event: ======'machine_var_audits_missing_switches_s_28_trough_5'====== Args={'value': 4, 'prev_value': None, 'change': True}
2026-02-13 18:14:34,714 : INFO : EventManager : Event: ======'machine_var_audits_missing_switches_s_29_trough_4'====== Args={'value': 1, 'prev_value': None, 'change': True}
2026-02-13 18:14:34,714 : INFO : EventManager : Event: ======'machine_var_audits_missing_switches_s_29_trough_6'====== Args={'value': 3, 'prev_value': None, 'change': True}
2026-02-13 18:14:34,714 : INFO : EventManager : Event: ======'machine_var_audits_missing_switches_s_2_service_down'====== Args={'value': 31, 'prev_value': None, 'change': True}
2026-02-13 18:14:34,714 : INFO : EventManager : Event: ======'machine_var_audits_missing_switches_s_32_right_inlane'====== Args={'value': 29, 'prev_value': None, 'change': True}
2026-02-13 18:14:34,714 : INFO : EventManager : Event: ======'machine_var_audits_missing_switches_s_33_right_outlane'====== Args={'value': 31, 'prev_value': None, 'change': True}
2026-02-13 18:14:34,714 : INFO : EventManager : Event: ======'machine_var_audits_missing_switches_s_34_right_sling'====== Args={'value': 1, 'prev_value': None, 'change': True}
2026-02-13 18:14:34,714 : INFO : EventManager : Event: ======'machine_var_audits_missing_switches_s_35_left_inlane'====== Args={'value': 23, 'prev_value': None, 'change': True}
2026-02-13 18:14:34,714 : INFO : EventManager : Event: ======'machine_var_audits_missing_switches_s_36_left_outlane'====== Args={'value': 16, 'prev_value': None, 'change': True}
2026-02-13 18:14:34,714 : INFO : EventManager : Event: ======'machine_var_audits_missing_switches_s_37_left_sling'====== Args={'value': 2, 'prev_value': None, 'change': True}
2026-02-13 18:14:34,714 : INFO : EventManager : Event: ======'machine_var_audits_missing_switches_s_38_star_rollover_bottom'====== Args={'value': 28, 'prev_value': None, 'change': True}
2026-02-13 18:14:34,714 : INFO : EventManager : Event: ======'machine_var_audits_missing_switches_s_38_top_lane_a'====== Args={'value': 3, 'prev_value': None, 'change': True}
2026-02-13 18:14:34,714 : INFO : EventManager : Event: ======'machine_var_audits_missing_switches_s_39_star_rollover_top'====== Args={'value': 4, 'prev_value': None, 'change': True}
2026-02-13 18:14:34,714 : INFO : EventManager : Event: ======'machine_var_audits_missing_switches_s_39_top_lane_b'====== Args={'value': 3, 'prev_value': None, 'change': True}
2026-02-13 18:14:34,714 : INFO : EventManager : Event: ======'machine_var_audits_missing_switches_s_3_service_enter'====== Args={'value': 31, 'prev_value': None, 'change': True}
2026-02-13 18:14:34,714 : INFO : EventManager : Event: ======'machine_var_audits_missing_switches_s_40_stand_up_target_7'====== Args={'value': 3, 'prev_value': None, 'change': True}
2026-02-13 18:14:34,714 : INFO : EventManager : Event: ======'machine_var_audits_missing_switches_s_40_top_lane_c'====== Args={'value': 3, 'prev_value': None, 'change': True}
2026-02-13 18:14:34,714 : INFO : EventManager : Event: ======'machine_var_audits_missing_switches_s_41_pop_bumper_1'====== Args={'value': 2, 'prev_value': None, 'change': True}
2026-02-13 18:14:34,714 : INFO : EventManager : Event: ======'machine_var_audits_missing_switches_s_41_stand_up_target_8'====== Args={'value': 3, 'prev_value': None, 'change': True}
2026-02-13 18:14:34,714 : INFO : EventManager : Event: ======'machine_var_audits_missing_switches_s_42_pop_bumper_2'====== Args={'value': 3, 'prev_value': None, 'change': True}
2026-02-13 18:14:34,714 : INFO : EventManager : Event: ======'machine_var_audits_missing_switches_s_42_stand_up_target_9'====== Args={'value': 4, 'prev_value': None, 'change': True}
2026-02-13 18:14:34,714 : INFO : EventManager : Event: ======'machine_var_audits_missing_switches_s_43_stand_up_target_10'====== Args={'value': 4, 'prev_value': None, 'change': True}
2026-02-13 18:14:34,714 : INFO : EventManager : Event: ======'machine_var_audits_missing_switches_s_44_spinner_left'====== Args={'value': 1, 'prev_value': None, 'change': True}
2026-02-13 18:14:34,714 : INFO : EventManager : Event: ======'machine_var_audits_missing_switches_s_45_spinner_right'====== Args={'value': 3, 'prev_value': None, 'change': True}
2026-02-13 18:14:34,714 : INFO : EventManager : Event: ======'machine_var_audits_missing_switches_s_45_varitarget_poisition_1'====== Args={'value': 3, 'prev_value': None, 'change': True}
2026-02-13 18:14:34,714 : INFO : EventManager : Event: ======'machine_var_audits_missing_switches_s_46_varitarget_poisition_2'====== Args={'value': 3, 'prev_value': None, 'change': True}
2026-02-13 18:14:34,714 : INFO : EventManager : Event: ======'machine_var_audits_missing_switches_s_47_varitarget_poisition_3'====== Args={'value': 3, 'prev_value': None, 'change': True}
2026-02-13 18:14:34,714 : INFO : EventManager : Event: ======'machine_var_audits_missing_switches_s_48_varitarget_poisition_4'====== Args={'value': 3, 'prev_value': None, 'change': True}
2026-02-13 18:14:34,714 : INFO : EventManager : Event: ======'machine_var_audits_missing_switches_s_49_varitarget_poisition_5'====== Args={'value': 3, 'prev_value': None, 'change': True}
2026-02-13 18:14:34,714 : INFO : EventManager : Event: ======'machine_var_audits_missing_switches_s_50_saucer_left'====== Args={'value': 3, 'prev_value': None, 'change': True}
2026-02-13 18:14:34,714 : INFO : EventManager : Event: ======'machine_var_audits_missing_switches_s_51_saucer_right'====== Args={'value': 2, 'prev_value': None, 'change': True}
2026-02-13 18:14:34,714 : INFO : EventManager : Event: ======'machine_var_audits_missing_switches_s_52_star_rollover_top'====== Args={'value': 3, 'prev_value': None, 'change': True}
2026-02-13 18:14:34,714 : INFO : EventManager : Event: ======'machine_var_audits_missing_switches_s_53_star_rollover_bottom'====== Args={'value': 3, 'prev_value': None, 'change': True}
2026-02-13 18:14:34,714 : INFO : EventManager : Event: ======'machine_var_audits_missing_switches_s_54_single_drop_1'====== Args={'value': 3, 'prev_value': None, 'change': True}
2026-02-13 18:14:34,714 : INFO : EventManager : Event: ======'machine_var_audits_missing_switches_s_55_fourbank_drop_1'====== Args={'value': 3, 'prev_value': None, 'change': True}
2026-02-13 18:14:34,714 : INFO : EventManager : Event: ======'machine_var_audits_missing_switches_s_56_fourbank_drop_2'====== Args={'value': 3, 'prev_value': None, 'change': True}
2026-02-13 18:14:34,714 : INFO : EventManager : Event: ======'machine_var_audits_missing_switches_s_56_pop_bumper_right'====== Args={'value': 4, 'prev_value': None, 'change': True}
2026-02-13 18:14:34,714 : INFO : EventManager : Event: ======'machine_var_audits_missing_switches_s_57_fourbank_drop_3'====== Args={'value': 2, 'prev_value': None, 'change': True}
2026-02-13 18:14:34,714 : INFO : EventManager : Event: ======'machine_var_audits_missing_switches_s_57_pop_bumper_center'====== Args={'value': 2, 'prev_value': None, 'change': True}
2026-02-13 18:14:34,714 : INFO : EventManager : Event: ======'machine_var_audits_missing_switches_s_58_fourbank_drop_4'====== Args={'value': 2, 'prev_value': None, 'change': True}
2026-02-13 18:14:34,714 : INFO : EventManager : Event: ======'machine_var_audits_missing_switches_s_58_pop_bumper_left'====== Args={'value': 4, 'prev_value': None, 'change': True}
2026-02-13 18:14:34,714 : INFO : EventManager : Event: ======'machine_var_audits_missing_switches_s_59_saucer_right'====== Args={'value': 4, 'prev_value': None, 'change': True}
2026-02-13 18:14:34,714 : INFO : EventManager : Event: ======'machine_var_audits_missing_switches_s_59_threebank_drop_1'====== Args={'value': 2, 'prev_value': None, 'change': True}
2026-02-13 18:14:34,714 : INFO : EventManager : Event: ======'machine_var_audits_missing_switches_s_60_threebank_drop_2'====== Args={'value': 2, 'prev_value': None, 'change': True}
2026-02-13 18:14:34,714 : INFO : EventManager : Event: ======'machine_var_audits_missing_switches_s_61_threebank_drop_3'====== Args={'value': 3, 'prev_value': None, 'change': True}
2026-02-13 18:14:34,714 : INFO : EventManager : Event: ======'machine_var_audits_missing_switches_s_61_top_lane_b'====== Args={'value': 4, 'prev_value': None, 'change': True}
2026-02-13 18:14:34,714 : INFO : EventManager : Event: ======'machine_var_audits_missing_switches_s_62_stand_up_target_1'====== Args={'value': 3, 'prev_value': None, 'change': True}
2026-02-13 18:14:34,714 : INFO : EventManager : Event: ======'machine_var_audits_missing_switches_s_62_top_lane_a'====== Args={'value': 4, 'prev_value': None, 'change': True}
2026-02-13 18:14:34,714 : INFO : EventManager : Event: ======'machine_var_audits_missing_switches_s_63_stand_up_target_11'====== Args={'value': 4, 'prev_value': None, 'change': True}
2026-02-13 18:14:34,714 : INFO : EventManager : Event: ======'machine_var_audits_missing_switches_s_63_stand_up_target_2'====== Args={'value': 2, 'prev_value': None, 'change': True}
2026-02-13 18:14:34,714 : INFO : EventManager : Event: ======'machine_var_audits_missing_switches_s_64_stand_up_target_3'====== Args={'value': 2, 'prev_value': None, 'change': True}
2026-02-13 18:14:34,714 : INFO : EventManager : Event: ======'machine_var_audits_missing_switches_s_64_varitarget_poisition_1'====== Args={'value': 6, 'prev_value': None, 'change': True}
2026-02-13 18:14:34,714 : INFO : EventManager : Event: ======'machine_var_audits_missing_switches_s_65_stand_up_target_4'====== Args={'value': 3, 'prev_value': None, 'change': True}
2026-02-13 18:14:34,714 : INFO : EventManager : Event: ======'machine_var_audits_missing_switches_s_65_varitarget_poisition_2'====== Args={'value': 6, 'prev_value': None, 'change': True}
2026-02-13 18:14:34,714 : INFO : EventManager : Event: ======'machine_var_audits_missing_switches_s_66_stand_up_target_5'====== Args={'value': 3, 'prev_value': None, 'change': True}
2026-02-13 18:14:34,714 : INFO : EventManager : Event: ======'machine_var_audits_missing_switches_s_66_varitarget_poisition_3'====== Args={'value': 6, 'prev_value': None, 'change': True}
2026-02-13 18:14:34,714 : INFO : EventManager : Event: ======'machine_var_audits_missing_switches_s_67_stand_up_target_6'====== Args={'value': 3, 'prev_value': None, 'change': True}
2026-02-13 18:14:34,714 : INFO : EventManager : Event: ======'machine_var_audits_missing_switches_s_67_varitarget_poisition_4'====== Args={'value': 6, 'prev_value': None, 'change': True}
2026-02-13 18:14:34,714 : INFO : EventManager : Event: ======'machine_var_audits_missing_switches_s_68_stand_up_target_7'====== Args={'value': 2, 'prev_value': None, 'change': True}
2026-02-13 18:14:34,714 : INFO : EventManager : Event: ======'machine_var_audits_missing_switches_s_68_varitarget_poisition_5'====== Args={'value': 6, 'prev_value': None, 'change': True}
2026-02-13 18:14:34,714 : INFO : EventManager : Event: ======'machine_var_audits_missing_switches_s_69_stand_up_target_8'====== Args={'value': 1, 'prev_value': None, 'change': True}
2026-02-13 18:14:34,714 : INFO : EventManager : Event: ======'machine_var_audits_missing_switches_s_69_varitarget_poisition_6'====== Args={'value': 6, 'prev_value': None, 'change': True}
2026-02-13 18:14:34,714 : INFO : EventManager : Event: ======'machine_var_audits_missing_switches_s_70_stand_up_target_9'====== Args={'value': 3, 'prev_value': None, 'change': True}
2026-02-13 18:14:34,714 : INFO : EventManager : Event: ======'machine_var_audits_missing_switches_s_70_varitarget_poisition_7'====== Args={'value': 3, 'prev_value': None, 'change': True}
2026-02-13 18:14:34,714 : INFO : EventManager : Event: ======'machine_var_audits_missing_switches_s_71_spinner_left'====== Args={'value': 28, 'prev_value': None, 'change': True}
2026-02-13 18:14:34,714 : INFO : EventManager : Event: ======'machine_var_audits_missing_switches_s_71_stand_up_target_10'====== Args={'value': 3, 'prev_value': None, 'change': True}
2026-02-13 18:14:34,714 : INFO : EventManager : Event: ======'machine_var_audits_missing_switches_s_72_single_drop_1'====== Args={'value': 4, 'prev_value': None, 'change': True}
2026-02-13 18:14:34,714 : INFO : EventManager : Event: ======'machine_var_audits_missing_switches_s_72_stand_up_target_11'====== Args={'value': 3, 'prev_value': None, 'change': True}
2026-02-13 18:14:34,714 : INFO : EventManager : Event: ======'machine_var_audits_missing_switches_s_73_fourbank_drop_1'====== Args={'value': 3, 'prev_value': None, 'change': True}
2026-02-13 18:14:34,714 : INFO : EventManager : Event: ======'machine_var_audits_missing_switches_s_74_fourbank_drop_2'====== Args={'value': 1, 'prev_value': None, 'change': True}
2026-02-13 18:14:34,714 : INFO : EventManager : Event: ======'machine_var_audits_missing_switches_s_76_fourbank_drop_4'====== Args={'value': 28, 'prev_value': None, 'change': True}
2026-02-13 18:14:34,714 : INFO : EventManager : Event: ======'machine_var_audits_missing_switches_s_78_threebank_drop_2'====== Args={'value': 3, 'prev_value': None, 'change': True}
2026-02-13 18:14:34,714 : INFO : EventManager : Event: ======'machine_var_audits_missing_switches_s_79_threebank_drop_3'====== Args={'value': 1, 'prev_value': None, 'change': True}
2026-02-13 18:14:34,714 : INFO : EventManager : Event: ======'machine_var_audits_missing_switches_s_80_stand_up_target_1'====== Args={'value': 4, 'prev_value': None, 'change': True}
2026-02-13 18:14:34,714 : INFO : EventManager : Event: ======'machine_var_audits_missing_switches_s_81_saucer_left'====== Args={'value': 18, 'prev_value': None, 'change': True}
2026-02-13 18:14:34,714 : INFO : EventManager : Event: ======'machine_var_audits_missing_switches_s_82_stand_up_target_bank_1'====== Args={'value': 4, 'prev_value': None, 'change': True}
2026-02-13 18:14:34,714 : INFO : EventManager : Event: ======'machine_var_audits_missing_switches_s_83_stand_up_target_bank_2'====== Args={'value': 4, 'prev_value': None, 'change': True}
2026-02-13 18:14:34,714 : INFO : EventManager : Event: ======'machine_var_audits_missing_switches_s_84_stand_up_target_bank_3'====== Args={'value': 4, 'prev_value': None, 'change': True}
2026-02-13 18:14:34,714 : INFO : EventManager : Event: ======'machine_var_audits_missing_switches_s_85_stand_up_target_bank_4'====== Args={'value': 4, 'prev_value': None, 'change': True}
2026-02-13 18:14:34,714 : INFO : EventManager : Event: ======'machine_var_audits_missing_switches_s_86_stand_up_target_bank_5'====== Args={'value': 4, 'prev_value': None, 'change': True}
2026-02-13 18:14:34,714 : INFO : EventManager : Event: ======'machine_var_audits_missing_switches_s_87_stand_up_target_bank_6'====== Args={'value': 4, 'prev_value': None, 'change': True}
2026-02-13 18:14:34,714 : INFO : EventManager : Event: ======'machine_var_audits_missing_switches_s_8_left_flipper'====== Args={'value': 4, 'prev_value': None, 'change': True}
2026-02-13 18:14:34,714 : INFO : EventManager : Event: ======'machine_var_audits_player_score'====== Args={'value': {'average': 0, 'top': [0, 0, 0], 'total': 3}, 'prev_value': None, 'change': True}
2026-02-13 18:14:34,714 : INFO : EventManager : Event: ======'machine_var_audits_switches_s_0_service_esc'====== Args={'value': 0, 'prev_value': None, 'change': True}
2026-02-13 18:14:34,714 : INFO : EventManager : Event: ======'machine_var_audits_switches_s_11_start_button'====== Args={'value': 22, 'prev_value': None, 'change': True}
2026-02-13 18:14:34,714 : INFO : EventManager : Event: ======'machine_var_audits_switches_s_12_tilt_bob'====== Args={'value': 0, 'prev_value': None, 'change': True}
2026-02-13 18:14:34,714 : INFO : EventManager : Event: ======'machine_var_audits_switches_s_13_coin_door'====== Args={'value': 0, 'prev_value': None, 'change': True}
2026-02-13 18:14:34,714 : INFO : EventManager : Event: ======'machine_var_audits_switches_s_16_right_flipper'====== Args={'value': 621, 'prev_value': None, 'change': True}
2026-02-13 18:14:34,714 : INFO : EventManager : Event: ======'machine_var_audits_switches_s_17_right_flipper_upper'====== Args={'value': 537, 'prev_value': None, 'change': True}
2026-02-13 18:14:34,714 : INFO : EventManager : Event: ======'machine_var_audits_switches_s_19_cab_arrow_left'====== Args={'value': 0, 'prev_value': None, 'change': True}
2026-02-13 18:14:34,714 : INFO : EventManager : Event: ======'machine_var_audits_switches_s_1_service_up'====== Args={'value': 0, 'prev_value': None, 'change': True}
2026-02-13 18:14:34,714 : INFO : EventManager : Event: ======'machine_var_audits_switches_s_20_cab_arrow_right'====== Args={'value': 0, 'prev_value': None, 'change': True}
2026-02-13 18:14:34,714 : INFO : EventManager : Event: ======'machine_var_audits_switches_s_24_plunger_lane'====== Args={'value': 19, 'prev_value': None, 'change': True}
2026-02-13 18:14:34,714 : INFO : EventManager : Event: ======'machine_var_audits_switches_s_24_trough_1'====== Args={'value': 21, 'prev_value': None, 'change': True}
2026-02-13 18:14:34,714 : INFO : EventManager : Event: ======'machine_var_audits_switches_s_25_trough_2'====== Args={'value': 22, 'prev_value': None, 'change': True}
2026-02-13 18:14:34,714 : INFO : EventManager : Event: ======'machine_var_audits_switches_s_25_trough_jam'====== Args={'value': 3, 'prev_value': None, 'change': True}
2026-02-13 18:14:34,714 : INFO : EventManager : Event: ======'machine_var_audits_switches_s_26_trough_1'====== Args={'value': 21, 'prev_value': None, 'change': True}
2026-02-13 18:14:34,714 : INFO : EventManager : Event: ======'machine_var_audits_switches_s_26_trough_3'====== Args={'value': 22, 'prev_value': None, 'change': True}
2026-02-13 18:14:34,714 : INFO : EventManager : Event: ======'machine_var_audits_switches_s_27_trough_2'====== Args={'value': 19, 'prev_value': None, 'change': True}
2026-02-13 18:14:34,714 : INFO : EventManager : Event: ======'machine_var_audits_switches_s_27_trough_4'====== Args={'value': 15, 'prev_value': None, 'change': True}
2026-02-13 18:14:34,714 : INFO : EventManager : Event: ======'machine_var_audits_switches_s_28_trough_3'====== Args={'value': 2, 'prev_value': None, 'change': True}
2026-02-13 18:14:34,714 : INFO : EventManager : Event: ======'machine_var_audits_switches_s_28_trough_5'====== Args={'value': 16, 'prev_value': None, 'change': True}
2026-02-13 18:14:34,714 : INFO : EventManager : Event: ======'machine_var_audits_switches_s_29_trough_4'====== Args={'value': 2, 'prev_value': None, 'change': True}
2026-02-13 18:14:34,714 : INFO : EventManager : Event: ======'machine_var_audits_switches_s_29_trough_6'====== Args={'value': 31, 'prev_value': None, 'change': True}
2026-02-13 18:14:34,714 : INFO : EventManager : Event: ======'machine_var_audits_switches_s_2_service_down'====== Args={'value': 0, 'prev_value': None, 'change': True}
2026-02-13 18:14:34,714 : INFO : EventManager : Event: ======'machine_var_audits_switches_s_30_trough_jam'====== Args={'value': 45, 'prev_value': None, 'change': True}
2026-02-13 18:14:34,714 : INFO : EventManager : Event: ======'machine_var_audits_switches_s_31_plunger_lane'====== Args={'value': 43, 'prev_value': None, 'change': True}
2026-02-13 18:14:34,714 : INFO : EventManager : Event: ======'machine_var_audits_switches_s_32_right_inlane'====== Args={'value': 11, 'prev_value': None, 'change': True}
2026-02-13 18:14:34,730 : INFO : EventManager : Event: ======'machine_var_audits_switches_s_33_right_outlane'====== Args={'value': 0, 'prev_value': None, 'change': True}
2026-02-13 18:14:34,730 : INFO : EventManager : Event: ======'machine_var_audits_switches_s_34_right_sling'====== Args={'value': 452, 'prev_value': None, 'change': True}
2026-02-13 18:14:34,730 : INFO : EventManager : Event: ======'machine_var_audits_switches_s_35_left_inlane'====== Args={'value': 10, 'prev_value': None, 'change': True}
2026-02-13 18:14:34,730 : INFO : EventManager : Event: ======'machine_var_audits_switches_s_36_left_outlane'====== Args={'value': 55, 'prev_value': None, 'change': True}
2026-02-13 18:14:34,730 : INFO : EventManager : Event: ======'machine_var_audits_switches_s_37_left_sling'====== Args={'value': 34, 'prev_value': None, 'change': True}
2026-02-13 18:14:34,730 : INFO : EventManager : Event: ======'machine_var_audits_switches_s_38_star_rollover_bottom'====== Args={'value': 0, 'prev_value': None, 'change': True}
2026-02-13 18:14:34,730 : INFO : EventManager : Event: ======'machine_var_audits_switches_s_38_top_lane_a'====== Args={'value': 0, 'prev_value': None, 'change': True}
2026-02-13 18:14:34,730 : INFO : EventManager : Event: ======'machine_var_audits_switches_s_39_star_rollover_top'====== Args={'value': 11, 'prev_value': None, 'change': True}
2026-02-13 18:14:34,730 : INFO : EventManager : Event: ======'machine_var_audits_switches_s_39_top_lane_b'====== Args={'value': 0, 'prev_value': None, 'change': True}
2026-02-13 18:14:34,730 : INFO : EventManager : Event: ======'machine_var_audits_switches_s_3_service_enter'====== Args={'value': 0, 'prev_value': None, 'change': True}
2026-02-13 18:14:34,730 : INFO : EventManager : Event: ======'machine_var_audits_switches_s_40_stand_up_target_7'====== Args={'value': 13, 'prev_value': None, 'change': True}
2026-02-13 18:14:34,730 : INFO : EventManager : Event: ======'machine_var_audits_switches_s_40_top_lane_c'====== Args={'value': 0, 'prev_value': None, 'change': True}
2026-02-13 18:14:34,730 : INFO : EventManager : Event: ======'machine_var_audits_switches_s_41_pop_bumper_1'====== Args={'value': 1, 'prev_value': None, 'change': True}
2026-02-13 18:14:34,730 : INFO : EventManager : Event: ======'machine_var_audits_switches_s_41_stand_up_target_8'====== Args={'value': 15, 'prev_value': None, 'change': True}
2026-02-13 18:14:34,730 : INFO : EventManager : Event: ======'machine_var_audits_switches_s_42_pop_bumper_2'====== Args={'value': 0, 'prev_value': None, 'change': True}
2026-02-13 18:14:34,730 : INFO : EventManager : Event: ======'machine_var_audits_switches_s_42_stand_up_target_9'====== Args={'value': 21, 'prev_value': None, 'change': True}
2026-02-13 18:14:34,730 : INFO : EventManager : Event: ======'machine_var_audits_switches_s_43_pop_bumper_3'====== Args={'value': 16, 'prev_value': None, 'change': True}
2026-02-13 18:14:34,730 : INFO : EventManager : Event: ======'machine_var_audits_switches_s_43_stand_up_target_10'====== Args={'value': 25, 'prev_value': None, 'change': True}
2026-02-13 18:14:34,730 : INFO : EventManager : Event: ======'machine_var_audits_switches_s_44_spinner_left'====== Args={'value': 8, 'prev_value': None, 'change': True}
2026-02-13 18:14:34,730 : INFO : EventManager : Event: ======'machine_var_audits_switches_s_44_spinner_right'====== Args={'value': 121, 'prev_value': None, 'change': True}
2026-02-13 18:14:34,730 : INFO : EventManager : Event: ======'machine_var_audits_switches_s_45_spinner_right'====== Args={'value': 0, 'prev_value': None, 'change': True}
2026-02-13 18:14:34,730 : INFO : EventManager : Event: ======'machine_var_audits_switches_s_45_varitarget_poisition_1'====== Args={'value': 0, 'prev_value': None, 'change': True}
2026-02-13 18:14:34,730 : INFO : EventManager : Event: ======'machine_var_audits_switches_s_46_varitarget_poisition_2'====== Args={'value': 0, 'prev_value': None, 'change': True}
2026-02-13 18:14:34,730 : INFO : EventManager : Event: ======'machine_var_audits_switches_s_47_varitarget_poisition_3'====== Args={'value': 0, 'prev_value': None, 'change': True}
2026-02-13 18:14:34,730 : INFO : EventManager : Event: ======'machine_var_audits_switches_s_48_varitarget_poisition_4'====== Args={'value': 0, 'prev_value': None, 'change': True}
2026-02-13 18:14:34,730 : INFO : EventManager : Event: ======'machine_var_audits_switches_s_49_varitarget_poisition_5'====== Args={'value': 0, 'prev_value': None, 'change': True}
2026-02-13 18:14:34,730 : INFO : EventManager : Event: ======'machine_var_audits_switches_s_50_saucer_left'====== Args={'value': 0, 'prev_value': None, 'change': True}
2026-02-13 18:14:34,730 : INFO : EventManager : Event: ======'machine_var_audits_switches_s_51_saucer_right'====== Args={'value': 2, 'prev_value': None, 'change': True}
2026-02-13 18:14:34,730 : INFO : EventManager : Event: ======'machine_var_audits_switches_s_52_star_rollover_top'====== Args={'value': 0, 'prev_value': None, 'change': True}
2026-02-13 18:14:34,730 : INFO : EventManager : Event: ======'machine_var_audits_switches_s_53_star_rollover_bottom'====== Args={'value': 0, 'prev_value': None, 'change': True}
2026-02-13 18:14:34,730 : INFO : EventManager : Event: ======'machine_var_audits_switches_s_54_single_drop_1'====== Args={'value': 0, 'prev_value': None, 'change': True}
2026-02-13 18:14:34,730 : INFO : EventManager : Event: ======'machine_var_audits_switches_s_55_fourbank_drop_1'====== Args={'value': 0, 'prev_value': None, 'change': True}
2026-02-13 18:14:34,730 : INFO : EventManager : Event: ======'machine_var_audits_switches_s_56_fourbank_drop_2'====== Args={'value': 0, 'prev_value': None, 'change': True}
2026-02-13 18:14:34,730 : INFO : EventManager : Event: ======'machine_var_audits_switches_s_56_pop_bumper_right'====== Args={'value': 34, 'prev_value': None, 'change': True}
2026-02-13 18:14:34,730 : INFO : EventManager : Event: ======'machine_var_audits_switches_s_57_fourbank_drop_3'====== Args={'value': 1, 'prev_value': None, 'change': True}
2026-02-13 18:14:34,730 : INFO : EventManager : Event: ======'machine_var_audits_switches_s_57_pop_bumper_center'====== Args={'value': 122, 'prev_value': None, 'change': True}
2026-02-13 18:14:34,730 : INFO : EventManager : Event: ======'machine_var_audits_switches_s_58_fourbank_drop_4'====== Args={'value': 1, 'prev_value': None, 'change': True}
2026-02-13 18:14:34,730 : INFO : EventManager : Event: ======'machine_var_audits_switches_s_58_pop_bumper_left'====== Args={'value': 23, 'prev_value': None, 'change': True}
2026-02-13 18:14:34,730 : INFO : EventManager : Event: ======'machine_var_audits_switches_s_59_saucer_right'====== Args={'value': 7, 'prev_value': None, 'change': True}
2026-02-13 18:14:34,730 : INFO : EventManager : Event: ======'machine_var_audits_switches_s_59_threebank_drop_1'====== Args={'value': 1, 'prev_value': None, 'change': True}
2026-02-13 18:14:34,730 : INFO : EventManager : Event: ======'machine_var_audits_switches_s_60_threebank_drop_2'====== Args={'value': 1, 'prev_value': None, 'change': True}
2026-02-13 18:14:34,730 : INFO : EventManager : Event: ======'machine_var_audits_switches_s_60_top_lane_c'====== Args={'value': 36, 'prev_value': None, 'change': True}
2026-02-13 18:14:34,730 : INFO : EventManager : Event: ======'machine_var_audits_switches_s_61_threebank_drop_3'====== Args={'value': 0, 'prev_value': None, 'change': True}
2026-02-13 18:14:34,730 : INFO : EventManager : Event: ======'machine_var_audits_switches_s_61_top_lane_b'====== Args={'value': 18, 'prev_value': None, 'change': True}
2026-02-13 18:14:34,730 : INFO : EventManager : Event: ======'machine_var_audits_switches_s_62_stand_up_target_1'====== Args={'value': 0, 'prev_value': None, 'change': True}
2026-02-13 18:14:34,730 : INFO : EventManager : Event: ======'machine_var_audits_switches_s_62_top_lane_a'====== Args={'value': 56, 'prev_value': None, 'change': True}
2026-02-13 18:14:34,730 : INFO : EventManager : Event: ======'machine_var_audits_switches_s_63_stand_up_target_11'====== Args={'value': 28, 'prev_value': None, 'change': True}
2026-02-13 18:14:34,730 : INFO : EventManager : Event: ======'machine_var_audits_switches_s_63_stand_up_target_2'====== Args={'value': 1, 'prev_value': None, 'change': True}
2026-02-13 18:14:34,730 : INFO : EventManager : Event: ======'machine_var_audits_switches_s_64_stand_up_target_3'====== Args={'value': 1, 'prev_value': None, 'change': True}
2026-02-13 18:14:34,730 : INFO : EventManager : Event: ======'machine_var_audits_switches_s_64_varitarget_poisition_1'====== Args={'value': 664, 'prev_value': None, 'change': True}
2026-02-13 18:14:34,730 : INFO : EventManager : Event: ======'machine_var_audits_switches_s_65_stand_up_target_4'====== Args={'value': 0, 'prev_value': None, 'change': True}
2026-02-13 18:14:34,730 : INFO : EventManager : Event: ======'machine_var_audits_switches_s_65_varitarget_poisition_2'====== Args={'value': 11, 'prev_value': None, 'change': True}
2026-02-13 18:14:34,730 : INFO : EventManager : Event: ======'machine_var_audits_switches_s_66_stand_up_target_5'====== Args={'value': 0, 'prev_value': None, 'change': True}
2026-02-13 18:14:34,730 : INFO : EventManager : Event: ======'machine_var_audits_switches_s_66_varitarget_poisition_3'====== Args={'value': 6, 'prev_value': None, 'change': True}
2026-02-13 18:14:34,730 : INFO : EventManager : Event: ======'machine_var_audits_switches_s_67_stand_up_target_6'====== Args={'value': 0, 'prev_value': None, 'change': True}
2026-02-13 18:14:34,730 : INFO : EventManager : Event: ======'machine_var_audits_switches_s_67_varitarget_poisition_4'====== Args={'value': 11, 'prev_value': None, 'change': True}
2026-02-13 18:14:34,730 : INFO : EventManager : Event: ======'machine_var_audits_switches_s_68_stand_up_target_7'====== Args={'value': 1, 'prev_value': None, 'change': True}
2026-02-13 18:14:34,730 : INFO : EventManager : Event: ======'machine_var_audits_switches_s_68_varitarget_poisition_5'====== Args={'value': 5, 'prev_value': None, 'change': True}
2026-02-13 18:14:34,730 : INFO : EventManager : Event: ======'machine_var_audits_switches_s_69_stand_up_target_8'====== Args={'value': 2, 'prev_value': None, 'change': True}
2026-02-13 18:14:34,730 : INFO : EventManager : Event: ======'machine_var_audits_switches_s_69_varitarget_poisition_6'====== Args={'value': 4, 'prev_value': None, 'change': True}
2026-02-13 18:14:34,730 : INFO : EventManager : Event: ======'machine_var_audits_switches_s_70_stand_up_target_9'====== Args={'value': 0, 'prev_value': None, 'change': True}
2026-02-13 18:14:34,730 : INFO : EventManager : Event: ======'machine_var_audits_switches_s_70_varitarget_poisition_7'====== Args={'value': 60, 'prev_value': None, 'change': True}
2026-02-13 18:14:34,730 : INFO : EventManager : Event: ======'machine_var_audits_switches_s_71_spinner_left'====== Args={'value': 0, 'prev_value': None, 'change': True}
2026-02-13 18:14:34,730 : INFO : EventManager : Event: ======'machine_var_audits_switches_s_71_stand_up_target_10'====== Args={'value': 0, 'prev_value': None, 'change': True}
2026-02-13 18:14:34,730 : INFO : EventManager : Event: ======'machine_var_audits_switches_s_72_single_drop_1'====== Args={'value': 1, 'prev_value': None, 'change': True}
2026-02-13 18:14:34,730 : INFO : EventManager : Event: ======'machine_var_audits_switches_s_72_stand_up_target_11'====== Args={'value': 0, 'prev_value': None, 'change': True}
2026-02-13 18:14:34,730 : INFO : EventManager : Event: ======'machine_var_audits_switches_s_73_fourbank_drop_1'====== Args={'value': 195, 'prev_value': None, 'change': True}
2026-02-13 18:14:34,730 : INFO : EventManager : Event: ======'machine_var_audits_switches_s_74_fourbank_drop_2'====== Args={'value': 21, 'prev_value': None, 'change': True}
2026-02-13 18:14:34,730 : INFO : EventManager : Event: ======'machine_var_audits_switches_s_75_fourbank_drop_3'====== Args={'value': 36, 'prev_value': None, 'change': True}
2026-02-13 18:14:34,730 : INFO : EventManager : Event: ======'machine_var_audits_switches_s_76_fourbank_drop_4'====== Args={'value': 0, 'prev_value': None, 'change': True}
2026-02-13 18:14:34,730 : INFO : EventManager : Event: ======'machine_var_audits_switches_s_77_threebank_drop_1'====== Args={'value': 32, 'prev_value': None, 'change': True}
2026-02-13 18:14:34,730 : INFO : EventManager : Event: ======'machine_var_audits_switches_s_78_threebank_drop_2'====== Args={'value': 23, 'prev_value': None, 'change': True}
2026-02-13 18:14:34,730 : INFO : EventManager : Event: ======'machine_var_audits_switches_s_79_threebank_drop_3'====== Args={'value': 144, 'prev_value': None, 'change': True}
2026-02-13 18:14:34,730 : INFO : EventManager : Event: ======'machine_var_audits_switches_s_80_stand_up_target_1'====== Args={'value': 46, 'prev_value': None, 'change': True}
2026-02-13 18:14:34,730 : INFO : EventManager : Event: ======'machine_var_audits_switches_s_81_saucer_left'====== Args={'value': 13, 'prev_value': None, 'change': True}
2026-02-13 18:14:34,730 : INFO : EventManager : Event: ======'machine_var_audits_switches_s_82_stand_up_target_bank_1'====== Args={'value': 14, 'prev_value': None, 'change': True}
2026-02-13 18:14:34,730 : INFO : EventManager : Event: ======'machine_var_audits_switches_s_83_stand_up_target_bank_2'====== Args={'value': 30, 'prev_value': None, 'change': True}
2026-02-13 18:14:34,730 : INFO : EventManager : Event: ======'machine_var_audits_switches_s_84_stand_up_target_bank_3'====== Args={'value': 18, 'prev_value': None, 'change': True}
2026-02-13 18:14:34,730 : INFO : EventManager : Event: ======'machine_var_audits_switches_s_85_stand_up_target_bank_4'====== Args={'value': 21, 'prev_value': None, 'change': True}
2026-02-13 18:14:34,730 : INFO : EventManager : Event: ======'machine_var_audits_switches_s_86_stand_up_target_bank_5'====== Args={'value': 119, 'prev_value': None, 'change': True}
2026-02-13 18:14:34,730 : INFO : EventManager : Event: ======'machine_var_audits_switches_s_87_stand_up_target_bank_6'====== Args={'value': 46, 'prev_value': None, 'change': True}
2026-02-13 18:14:34,730 : INFO : EventManager : Event: ======'machine_var_audits_switches_s_8_left_flipper'====== Args={'value': 455, 'prev_value': None, 'change': True}
2026-02-13 18:14:34,730 : INFO : EventManager : Event: ======'init_phase_5'====== Args={}
2026-02-13 18:14:34,761 : INFO : EventManager : Event: ======'init_done'====== Args={}
2026-02-13 18:14:34,761 : INFO : EventManager : Event: ======'machine_reset_phase_1'====== Args={}
2026-02-13 18:14:34,761 : INFO : EventManager : Event: ======'machine_reset_phase_2'====== Args={}
2026-02-13 18:14:34,761 : INFO : EventManager : Event: ======'machine_reset_phase_3'====== Args={}
2026-02-13 18:14:34,761 : INFO : EventManager : Event: ======'reset_complete'====== Args={}
2026-02-13 18:14:34,761 : INFO : EventManager : Event: ======'mode_service_will_start'====== Args={}
2026-02-13 18:14:34,761 : INFO : EventManager : Event: ======'mode_service_starting'====== Args={}
2026-02-13 18:14:34,761 : INFO : EventManager : Event: ======'mode_attract_will_start'====== Args={}
2026-02-13 18:14:34,761 : INFO : Timer.attract_carousel_timer : Starting Timer.
2026-02-13 18:14:34,761 : INFO : EventManager : Event: ======'timer_attract_carousel_timer_started'====== Args={'ticks': 0, 'ticks_remaining': 1}
2026-02-13 18:14:34,761 : INFO : EventManager : Event: ======'timer_attract_carousel_timer_tick'====== Args={'ticks': 0, 'ticks_remaining': 1}
2026-02-13 18:14:34,761 : INFO : EventManager : Event: ======'mode_attract_starting'====== Args={}
2026-02-13 18:14:34,761 : INFO : Mode.service : Started. Priority: 100000
2026-02-13 18:14:34,761 : INFO : EventManager : Event: ======'modes_active_modes_changed'====== Args={}
2026-02-13 18:14:34,761 : INFO : EventManager : Event: ======'mode_service_started'====== Args={}
2026-02-13 18:14:34,761 : INFO : drop_target_bank.dtb_characters : 2 targets are down. Will reset those.
2026-02-13 18:14:34,761 : INFO : coil.c_32_threebank_drop_reset : Pulsing Driver for 1ms (1.0 pulse_power)
2026-02-13 18:14:34,761 : DEBUG : FAST Driver : Pulsing driver 35 with pulse_settings: PulseSettings(power=1.0, duration=1).
2026-02-13 18:14:34,761 : INFO : drop_target_bank.dtb_rollover : 1 targets are down. Will reset those.
2026-02-13 18:14:34,761 : INFO : Mode.attract : Started. Priority: 10
2026-02-13 18:14:34,761 : INFO : EventManager : Event: ======'modes_active_modes_changed'====== Args={}
2026-02-13 18:14:34,761 : INFO : EventManager : Event: ======'mode_attract_started'====== Args={}
2026-02-13 18:14:34,761 : INFO : EventManager : Event: ======'collecting_balls_complete'====== Args={}
2026-02-13 18:14:34,761 : INFO : EventManager : Event: ======'carousel_item_highlighted'====== Args={'carousel': 'attract', 'direction': None, 'item': 'title'}
2026-02-13 18:14:34,776 : INFO : coil.c_40_fourbank_drop_reset : Pulsing Driver for 1ms (1.0 pulse_power)
2026-02-13 18:14:34,776 : DEBUG : FAST Driver : Pulsing driver 43 with pulse_settings: PulseSettings(power=1.0, duration=1).
2026-02-13 18:14:34,776 : INFO : coil.c_31_single_drop_1_reset : Pulsing Driver for 1ms (1.0 pulse_power)
2026-02-13 18:14:34,776 : DEBUG : FAST Driver : Pulsing driver 34 with pulse_settings: PulseSettings(power=1.0, duration=1).
2026-02-13 18:14:34,776 : INFO : Machine : Starting the main run loop with active modes: [<Mode.service>, <Mode.attract>]
2026-02-13 18:14:35,261 : INFO : EventManager : Event: ======'drop_target_bank_dtb_characters_mixed'====== Args={'prev_value': <DropTargetBankState.UP: 'up'>, 'down': 2}
2026-02-13 18:14:35,276 : INFO : EventManager : Event: ======'drop_target_bank_dtb_rollover_down'====== Args={}
2026-02-13 18:14:38,445 : INFO : SwitchController : <<<<<<< 's_75_fourbank_drop_3' inactive >>>>>>>
2026-02-13 18:14:38,445 : INFO : EventManager : Event: ======'playfield_active'====== Args={'source': 'dt_character_3'}
2026-02-13 18:14:38,445 : INFO : EventManager : Event: ======'unexpected_ball_on_playfield'====== Args={}
2026-02-13 18:14:38,445 : INFO : EventManager : Event: ======'drop_target_dt_character_3_up'====== Args={'device': <drop_target.dt_character_3>}
2026-02-13 18:14:38,445 : INFO : EventManager : Event: ======'drop_target_bank_dtb_characters_mixed'====== Args={'prev_value': <DropTargetBankState.MIXED: 'mixed'>, 'down': 1}
2026-02-13 18:14:38,773 : INFO : SwitchController : <<<<<<< 's_75_fourbank_drop_3' active >>>>>>>
2026-02-13 18:14:38,773 : INFO : EventManager : Event: ======'playfield_active'====== Args={'source': 'dt_character_3'}
2026-02-13 18:14:38,773 : INFO : EventManager : Event: ======'unexpected_ball_on_playfield'====== Args={}
2026-02-13 18:14:38,773 : INFO : EventManager : Event: ======'drop_target_dt_character_3_down'====== Args={'device': <drop_target.dt_character_3>}
2026-02-13 18:14:38,773 : INFO : EventManager : Event: ======'drop_target_bank_dtb_characters_mixed'====== Args={'prev_value': <DropTargetBankState.MIXED: 'mixed'>, 'down': 2}
2026-02-13 18:14:38,788 : INFO : SwitchController : <<<<<<< 's_75_fourbank_drop_3' inactive >>>>>>>
2026-02-13 18:14:38,788 : INFO : EventManager : Event: ======'playfield_active'====== Args={'source': 'dt_character_3'}
2026-02-13 18:14:38,788 : INFO : EventManager : Event: ======'unexpected_ball_on_playfield'====== Args={}
2026-02-13 18:14:38,788 : INFO : EventManager : Event: ======'drop_target_dt_character_3_up'====== Args={'device': <drop_target.dt_character_3>}
2026-02-13 18:14:38,788 : INFO : EventManager : Event: ======'drop_target_bank_dtb_characters_mixed'====== Args={'prev_value': <DropTargetBankState.MIXED: 'mixed'>, 'down': 1}
2026-02-13 18:14:38,835 : INFO : SwitchController : <<<<<<< 's_75_fourbank_drop_3' active >>>>>>>
2026-02-13 18:14:38,835 : INFO : EventManager : Event: ======'playfield_active'====== Args={'source': 'dt_character_3'}
2026-02-13 18:14:38,835 : INFO : EventManager : Event: ======'unexpected_ball_on_playfield'====== Args={}
2026-02-13 18:14:38,835 : INFO : EventManager : Event: ======'drop_target_dt_character_3_down'====== Args={'device': <drop_target.dt_character_3>}
2026-02-13 18:14:38,835 : INFO : EventManager : Event: ======'drop_target_bank_dtb_characters_mixed'====== Args={'prev_value': <DropTargetBankState.MIXED: 'mixed'>, 'down': 2}
2026-02-13 18:14:39,757 : INFO : Timer.attract_carousel_timer : Timer Complete
2026-02-13 18:14:39,757 : INFO : Timer.attract_carousel_timer : Stopping Timer
2026-02-13 18:14:39,757 : INFO : EventManager : Event: ======'timer_attract_carousel_timer_stopped'====== Args={'ticks': 1, 'ticks_remaining': 1}
2026-02-13 18:14:39,757 : INFO : EventManager : Event: ======'timer_attract_carousel_timer_complete'====== Args={'ticks': 1, 'ticks_remaining': 1}
2026-02-13 18:14:39,757 : INFO : EventManager : Event: ======'carousel_item_highlighted'====== Args={'carousel': 'attract', 'direction': 'forwards', 'item': 'credits'}
2026-02-13 18:14:41,632 : INFO : SwitchController : <<<<<<< 's_29_trough_6' active >>>>>>>
2026-02-13 18:14:41,741 : INFO : SwitchController : <<<<<<< 's_29_trough_6' inactive >>>>>>>
2026-02-13 18:14:41,757 : INFO : SwitchController : <<<<<<< 's_28_trough_5' active >>>>>>>
2026-02-13 18:14:41,851 : INFO : SwitchController : <<<<<<< 's_28_trough_5' inactive >>>>>>>
2026-02-13 18:14:41,851 : INFO : SwitchController : <<<<<<< 's_27_trough_4' active >>>>>>>
2026-02-13 18:14:41,929 : INFO : SwitchController : <<<<<<< 's_27_trough_4' inactive >>>>>>>
2026-02-13 18:14:41,929 : INFO : SwitchController : <<<<<<< 's_26_trough_3' active >>>>>>>
2026-02-13 18:14:42,007 : INFO : SwitchController : <<<<<<< 's_26_trough_3' inactive >>>>>>>
2026-02-13 18:14:42,007 : INFO : SwitchController : <<<<<<< 's_25_trough_2' active >>>>>>>
2026-02-13 18:14:42,069 : INFO : SwitchController : <<<<<<< 's_25_trough_2' inactive >>>>>>>
2026-02-13 18:14:42,069 : INFO : SwitchController : <<<<<<< 's_24_trough_1' active >>>>>>>
2026-02-13 18:14:42,101 : INFO : SwitchController : <<<<<<< 's_75_fourbank_drop_3' inactive >>>>>>>
2026-02-13 18:14:42,101 : INFO : EventManager : Event: ======'playfield_active'====== Args={'source': 'dt_character_3'}
2026-02-13 18:14:42,101 : INFO : EventManager : Event: ======'unexpected_ball_on_playfield'====== Args={}
2026-02-13 18:14:42,101 : INFO : EventManager : Event: ======'drop_target_dt_character_3_up'====== Args={'device': <drop_target.dt_character_3>}
2026-02-13 18:14:42,101 : INFO : EventManager : Event: ======'drop_target_bank_dtb_characters_mixed'====== Args={'prev_value': <DropTargetBankState.MIXED: 'mixed'>, 'down': 1}
2026-02-13 18:14:42,101 : INFO : SwitchController : <<<<<<< 's_75_fourbank_drop_3' active >>>>>>>
2026-02-13 18:14:42,101 : INFO : EventManager : Event: ======'playfield_active'====== Args={'source': 'dt_character_3'}
2026-02-13 18:14:42,101 : INFO : EventManager : Event: ======'unexpected_ball_on_playfield'====== Args={}
2026-02-13 18:14:42,101 : INFO : EventManager : Event: ======'drop_target_dt_character_3_down'====== Args={'device': <drop_target.dt_character_3>}
2026-02-13 18:14:42,101 : INFO : EventManager : Event: ======'drop_target_bank_dtb_characters_mixed'====== Args={'prev_value': <DropTargetBankState.MIXED: 'mixed'>, 'down': 2}
2026-02-13 18:14:42,569 : INFO : EventManager : Event: ======'balldevice_bd_trough_ball_count_changed'====== Args={'balls': 1}
2026-02-13 18:14:42,569 : INFO : ball_device.bd_trough : Received unexpected ball
2026-02-13 18:14:42,569 : INFO : EventManager : Event: ======'balldevice_captured_from_playfield'====== Args={'balls': 1}
2026-02-13 18:14:42,569 : INFO : EventManager : Event: ======'sw_playfield_active'====== Args={'balls': 1}
2026-02-13 18:14:42,569 : INFO : EventManager : Event: ======'playfield_active'====== Args={'source': None}
2026-02-13 18:14:42,569 : INFO : EventManager : Event: ======'unexpected_ball_on_playfield'====== Args={}
2026-02-13 18:14:42,569 : INFO : EventManager : Event: ======'playfield_ball_count_change'====== Args={'balls': -1, 'change': -1}
2026-02-13 18:14:42,569 : INFO : EventManager : Event: ======'balldevice_playfield_ball_enter'====== Args={'new_balls': 1, 'unclaimed_balls': 1, 'device': <playfield.playfield>}
2026-02-13 18:14:42,569 : INFO : EventManager : Event: ======'playfield_ball_count_change'====== Args={'balls': 0, 'change': 1}
2026-02-13 18:14:42,569 : INFO : BallController : Found a new ball which was captured from playfield. Known balls: 1
2026-02-13 18:14:42,569 : INFO : EventManager : Event: ======'found_new_ball'====== Args={}
2026-02-13 18:14:42,569 : INFO : EventManager : Event: ======'balldevice_bd_trough_ball_enter'====== Args={'new_balls': 1, 'unclaimed_balls': 1, 'new_available_balls': 1, 'device': <ball_device.bd_trough>}
2026-02-13 18:14:42,569 : INFO : EventManager : Event: ======'ball_drain'====== Args={'device': <ball_device.bd_trough>, 'balls': 1}
2026-02-13 18:14:42,569 : INFO : EventManager : Event: ======'balldevice_balls_available'====== Args={}
2026-02-13 18:14:42,569 : INFO : EventManager : Event: ======'balldevice_bd_trough_ball_entered'====== Args={'new_balls': 1, 'device': <ball_device.bd_trough>}
2026-02-13 18:14:48,803 : INFO : SwitchController : <<<<<<< 's_11_start_button' active >>>>>>>
2026-02-13 18:14:49,037 : INFO : SwitchController : <<<<<<< 's_11_start_button' inactive >>>>>>>
2026-02-13 18:14:49,037 : INFO : EventManager : Event: ======'sw_start_inactive'====== Args={}
2026-02-13 18:14:49,037 : INFO : EventManager : Event: ======'request_to_start_game'====== Args={}
2026-02-13 18:14:49,037 : INFO : EventManager : Event: ======'game_start'====== Args={'buttons': [], 'hold_time': 0.23400000000037835}
2026-02-13 18:14:49,037 : INFO : EventManager : Event: ======'mode_game_will_start'====== Args={'buttons': [], 'hold_time': 0.23400000000037835}
2026-02-13 18:14:49,037 : INFO : EventManager : Event: ======'mode_game_starting'====== Args={'buttons': [], 'hold_time': 0.23400000000037835}
2026-02-13 18:14:49,037 : INFO : EventManager : Event: ======'mode_attract_will_stop'====== Args={}
2026-02-13 18:14:49,037 : INFO : EventManager : Event: ======'mode_attract_stopping'====== Args={}
2026-02-13 18:14:49,037 : INFO : Mode.attract : Stopped.
2026-02-13 18:14:49,037 : INFO : EventManager : Event: ======'modes_active_modes_changed'====== Args={}
2026-02-13 18:14:49,037 : INFO : EventManager : Event: ======'mode_attract_stopped'====== Args={}
2026-02-13 18:14:49,037 : INFO : EventManager : Event: ======'clear'====== Args={'key': 'attract'}
2026-02-13 18:14:49,037 : INFO : Timer.attract_carousel_timer : Stopping Timer
2026-02-13 18:14:49,037 : INFO : EventManager : Event: ======'timer_attract_carousel_timer_stopped'====== Args={'ticks': 1, 'ticks_remaining': 1}
2026-02-13 18:14:49,037 : INFO : Mode.game : Started. Priority: 20
2026-02-13 18:14:49,037 : INFO : EventManager : Event: ======'modes_active_modes_changed'====== Args={}
2026-02-13 18:14:49,037 : INFO : EventManager : Event: ======'mode_game_started'====== Args={'buttons': [], 'hold_time': 0.23400000000037835}
2026-02-13 18:14:49,037 : INFO : EventManager : Event: ======'game_will_start'====== Args={}
2026-02-13 18:14:49,037 : INFO : EventManager : Event: ======'game_starting'====== Args={'game': <Mode.game>}
2026-02-13 18:14:49,037 : DEBUG : Auditor : Enabling the Auditor
2026-02-13 18:14:49,037 : INFO : EventManager : Unordered handler for class <Auditor> on event game_ended with priority 1. Handlers: [RegisteredHandler(callback=<bound method Auditor.disable of <Auditor>>, priority=1, kwargs={}, key=UUID('01374236-1cb8-4667-be19-2b4e0d0d3378'), condition=None, blocking_facility=None), RegisteredHandler(callback=<bound method Auditor._save_audits of <Auditor>>, priority=1, kwargs={}, key=UUID('a7357d32-513d-469f-b901-15698abb0d24'), condition=None, blocking_facility=None)]. The order of those handlers is not defined and they will be executed in random order. This might lead to race conditions and potential bugs.
2026-02-13 18:14:49,037 : INFO : EventManager : Event: ======'player_add_request'====== Args={}
2026-02-13 18:14:49,037 : INFO : EventManager : Event: ======'player_will_add'====== Args={'number': 1}
2026-02-13 18:14:49,037 : DEBUG : Player : Creating new player: Player 1. (player index '0')
2026-02-13 18:14:49,037 : DEBUG : Player : Setting 'score' to: 0, (prior: 0, change: 0)
2026-02-13 18:14:49,037 : INFO : EventManager : Event: ======'player_adding'====== Args={'player': <Player 1>, 'number': 1}
2026-02-13 18:14:49,037 : INFO : EventManager : Event: ======'player_added'====== Args={'player': <Player 1>, 'num': 1}
2026-02-13 18:14:49,037 : INFO : Mode.game : Player added successfully. Total players: 1
2026-02-13 18:14:49,037 : INFO : EventManager : Event: ======'player_index'====== Args={'value': 0, 'prev_value': 0, 'change': 0, 'player_num': 1}
2026-02-13 18:14:49,037 : INFO : EventManager : Event: ======'player_number'====== Args={'value': 1, 'prev_value': 1, 'change': 0, 'player_num': 1}
2026-02-13 18:14:49,037 : INFO : EventManager : Event: ======'player_score'====== Args={'value': 0, 'prev_value': 0, 'change': 0, 'player_num': 1}
2026-02-13 18:14:49,037 : INFO : EventManager : Event: ======'game_started'====== Args={}
2026-02-13 18:14:49,053 : INFO : EventManager : Event: ======'player_turn_will_start'====== Args={'player': <Player 1>, 'number': 1}
2026-02-13 18:14:49,069 : INFO : EventManager : Event: ======'player_turn_starting'====== Args={'player': <Player 1>, 'number': 1}
2026-02-13 18:14:49,069 : DEBUG : Player : Setting 'ball' to: 1, (prior: 0, change: 1)
2026-02-13 18:14:49,069 : INFO : EventManager : Event: ======'player_ball'====== Args={'value': 1, 'prev_value': 0, 'change': 1, 'player_num': 1}
2026-02-13 18:14:49,069 : INFO : EventManager : Event: ======'player_turn_started'====== Args={'player': <Player 1>, 'number': 1}
2026-02-13 18:14:49,069 : INFO : EventManager : Event: ======'ball_will_start'====== Args={'player': 1, 'ball': 1, 'balls_remaining': 2, 'is_extra_ball': False}
2026-02-13 18:14:49,069 : INFO : drop_target_bank.dtb_characters : 2 targets are down. Will reset those.
2026-02-13 18:14:49,069 : INFO : coil.c_32_threebank_drop_reset : Pulsing Driver for 1ms (1.0 pulse_power)
2026-02-13 18:14:49,069 : DEBUG : FAST Driver : Pulsing driver 35 with pulse_settings: PulseSettings(power=1.0, duration=1).
2026-02-13 18:14:49,069 : INFO : drop_target_bank.dtb_rollover : 1 targets are down. Will reset those.
2026-02-13 18:14:49,069 : INFO : EventManager : Event: ======'ball_starting'====== Args={'player': 1, 'ball': 1, 'balls_remaining': 2, 'is_extra_ball': False}
2026-02-13 18:14:49,069 : INFO : coil.c_40_fourbank_drop_reset : Pulsing Driver for 1ms (1.0 pulse_power)
2026-02-13 18:14:49,069 : DEBUG : FAST Driver : Pulsing driver 43 with pulse_settings: PulseSettings(power=1.0, duration=1).
2026-02-13 18:14:49,069 : INFO : EventManager : Event: ======'balls_in_play'====== Args={'balls': 1}
2026-02-13 18:14:49,069 : INFO : EventManager : Event: ======'ball_started'====== Args={'player': 1, 'ball': 1, 'balls_remaining': 2, 'is_extra_ball': False}
2026-02-13 18:14:49,069 : DEBUG : FAST Driver : Setting hardware rule for driver 26. Mode: None. Switch: 25. coil_settings: DriverSettings(hw_driver=<mpf.platforms.fast.fast_driver.FASTDriver object at 0x00000203FB442500>, pulse_settings=PulseSettings(power=1.0, duration=10), hold_settings=None, recycle=True). kwargs: {}.
2026-02-13 18:14:49,069 : DEBUG : FAST Driver : Setting hardware rule for driver 27. Mode: None. Switch: 22. coil_settings: DriverSettings(hw_driver=<mpf.platforms.fast.fast_driver.FASTDriver object at 0x00000203FB442570>, pulse_settings=PulseSettings(power=1.0, duration=10), hold_settings=None, recycle=True). kwargs: {}.
2026-02-13 18:14:49,069 : DEBUG : FAST Driver : Setting hardware rule for driver 9. Mode: None. Switch: 0A. coil_settings: DriverSettings(hw_driver=<mpf.platforms.fast.fast_driver.FASTDriver object at 0x00000203FB441CB0>, pulse_settings=PulseSettings(power=1.0, duration=10), hold_settings=None, recycle=True). kwargs: {}.
2026-02-13 18:14:49,069 : DEBUG : FAST Driver : Setting hardware rule for driver 7. Mode: None. Switch: 09. coil_settings: DriverSettings(hw_driver=<mpf.platforms.fast.fast_driver.FASTDriver object at 0x00000203FB441BD0>, pulse_settings=PulseSettings(power=1.0, duration=10), hold_settings=None, recycle=True). kwargs: {}.
2026-02-13 18:14:49,069 : DEBUG : FAST Driver : Setting hardware rule for driver 8. Mode: None. Switch: 08. coil_settings: DriverSettings(hw_driver=<mpf.platforms.fast.fast_driver.FASTDriver object at 0x00000203FB441C40>, pulse_settings=PulseSettings(power=1.0, duration=10), hold_settings=None, recycle=True). kwargs: {}.
2026-02-13 18:14:49,069 : DEBUG : FAST Driver : Setting hardware rule for driver 24. Mode: 18. Switch: 06. coil_settings: DriverSettings(hw_driver=<mpf.platforms.fast.fast_driver.FASTDriver object at 0x00000203FB442420>, pulse_settings=PulseSettings(power=1.0, duration=25), hold_settings=None, recycle=False). kwargs: {}.
2026-02-13 18:14:49,069 : DEBUG : FAST Driver : Sending config to driver 24 (0x18). one_shot: False. wait_to_confirm: False
2026-02-13 18:14:49,069 : DEBUG : FAST Driver : Setting hardware rule for driver 25. Mode: 18. Switch: 06. coil_settings: DriverSettings(hw_driver=<mpf.platforms.fast.fast_driver.FASTDriver object at 0x00000203FB442490>, pulse_settings=PulseSettings(power=1.0, duration=10), hold_settings=HoldSettings(power=0.35, duration=None), recycle=False). kwargs: {}.
2026-02-13 18:14:49,069 : DEBUG : FAST Driver : Sending config to driver 25 (0x19). one_shot: False. wait_to_confirm: False
2026-02-13 18:14:49,069 : DEBUG : FAST Driver : Setting hardware rule for driver 23. Mode: 18. Switch: 04. coil_settings: DriverSettings(hw_driver=<mpf.platforms.fast.fast_driver.FASTDriver object at 0x00000203FB4423B0>, pulse_settings=PulseSettings(power=1.0, duration=1), hold_settings=None, recycle=False). kwargs: {}.
2026-02-13 18:14:49,069 : DEBUG : FAST Driver : Sending config to driver 23 (0x17). one_shot: False. wait_to_confirm: False
2026-02-13 18:14:49,069 : DEBUG : FAST Driver : Setting hardware rule for driver 22. Mode: 18. Switch: 04. coil_settings: DriverSettings(hw_driver=<mpf.platforms.fast.fast_driver.FASTDriver object at 0x00000203FB442340>, pulse_settings=PulseSettings(power=1.0, duration=10), hold_settings=HoldSettings(power=0.1, duration=None), recycle=False). kwargs: {}.
2026-02-13 18:14:49,069 : DEBUG : FAST Driver : Sending config to driver 22 (0x16). one_shot: False. wait_to_confirm: False
2026-02-13 18:14:49,069 : DEBUG : FAST Driver : Setting hardware rule for driver 5. Mode: 18. Switch: 07. coil_settings: DriverSettings(hw_driver=<mpf.platforms.fast.fast_driver.FASTDriver object at 0x00000203FB441AF0>, pulse_settings=PulseSettings(power=1.0, duration=25), hold_settings=None, recycle=False). kwargs: {}.
2026-02-13 18:14:49,069 : DEBUG : FAST Driver : Sending config to driver 5 (0x05). one_shot: False. wait_to_confirm: False
2026-02-13 18:14:49,069 : DEBUG : FAST Driver : Setting hardware rule for driver 4. Mode: 18. Switch: 07. coil_settings: DriverSettings(hw_driver=<mpf.platforms.fast.fast_driver.FASTDriver object at 0x00000203FB441A80>, pulse_settings=PulseSettings(power=1.0, duration=10), hold_settings=HoldSettings(power=0.35, duration=None), recycle=False). kwargs: {}.
2026-02-13 18:14:49,069 : DEBUG : FAST Driver : Sending config to driver 4 (0x04). one_shot: False. wait_to_confirm: False
2026-02-13 18:14:49,069 : INFO : EventManager : Event: ======'single_player_ball_started'====== Args={}
2026-02-13 18:14:49,069 : INFO : EventManager : Event: ======'ball_start_target'====== Args={'target': 'playfield'}
2026-02-13 18:14:49,069 : INFO : ball_device.bd_trough : Setting up player-controlled eject. Balls: 1, Target: <playfield.playfield>, player_controlled_eject_event: None
2026-02-13 18:14:49,069 : INFO : ball_device.bd_trough : Adding 1 ball(s) to the eject_queue with target <playfield.playfield>.
2026-02-13 18:14:49,069 : INFO : EventManager : Event: ======'balldevice_balls_available'====== Args={}
2026-02-13 18:14:49,069 : INFO : ball_device.bd_trough : State: waiting_for_target_ready
2026-02-13 18:14:49,069 : INFO : EventManager : Event: ======'balldevice_bd_trough_ball_eject_attempt'====== Args={'balls': 1, 'target': <ball_device.bd_plunger>, 'source': <ball_device.bd_trough>, 'mechanical_eject': False, 'num_attempts': 0}
2026-02-13 18:14:49,069 : INFO : ball_device.bd_plunger : State: waiting_for_ball
2026-02-13 18:14:49,069 : INFO : ball_device.bd_trough : State: ejecting
2026-02-13 18:14:49,069 : INFO : ball_device.bd_trough : Ejecting ball to <ball_device.bd_plunger>
2026-02-13 18:14:49,069 : INFO : EventManager : Event: ======'balldevice_bd_trough_ejecting_ball'====== Args={'balls': 1, 'target': <ball_device.bd_plunger>, 'source': <ball_device.bd_trough>, 'mechanical_eject': False, 'num_attempts': 0}
2026-02-13 18:14:49,069 : INFO : ball_device.bd_trough : Wait for ball to leave device
2026-02-13 18:14:49,084 : INFO : coil.c_31_single_drop_1_reset : Pulsing Driver for 1ms (1.0 pulse_power)
2026-02-13 18:14:49,084 : DEBUG : FAST Driver : Pulsing driver 34 with pulse_settings: PulseSettings(power=1.0, duration=1).
2026-02-13 18:14:49,100 : INFO : coil.c_2_trough_eject : Pulsing Driver for 30ms (1.0 pulse_power)
2026-02-13 18:14:49,100 : DEBUG : FAST Driver : Pulsing driver 21 with pulse_settings: PulseSettings(power=1.0, duration=30).
2026-02-13 18:14:49,131 : INFO : SwitchController : <<<<<<< 's_24_trough_1' inactive >>>>>>>
2026-02-13 18:14:49,131 : INFO : SwitchController : <<<<<<< 's_30_trough_jam' active >>>>>>>
2026-02-13 18:14:49,131 : INFO : EventManager : Event: ======'machine_var_audits_switches_s_30_trough_jam'====== Args={'value': 46, 'prev_value': 45, 'change': 1}
2026-02-13 18:14:49,131 : INFO : ball_device.bd_trough : State: ball_left
2026-02-13 18:14:49,131 : INFO : ball_device.bd_trough : Ball left
2026-02-13 18:14:49,131 : INFO : ball_device.bd_trough : Wait for confirm with timeout 10.0
2026-02-13 18:14:49,147 : INFO : SwitchController : <<<<<<< 's_30_trough_jam' inactive >>>>>>>
2026-02-13 18:14:49,147 : INFO : SwitchController : <<<<<<< 's_75_fourbank_drop_3' inactive (muted) >>>>>>>
2026-02-13 18:14:49,147 : INFO : SwitchController : <<<<<<< 's_75_fourbank_drop_3' active (muted) >>>>>>>
2026-02-13 18:14:49,147 : INFO : EventManager : Event: ======'machine_var_audits_switches_s_75_fourbank_drop_3'====== Args={'value': 37, 'prev_value': 36, 'change': 1}
2026-02-13 18:14:49,162 : INFO : SwitchController : <<<<<<< 's_75_fourbank_drop_3' inactive (muted) >>>>>>>
2026-02-13 18:14:49,178 : INFO : SwitchController : <<<<<<< 's_75_fourbank_drop_3' active (muted) >>>>>>>
2026-02-13 18:14:49,178 : INFO : EventManager : Event: ======'machine_var_audits_switches_s_75_fourbank_drop_3'====== Args={'value': 38, 'prev_value': 37, 'change': 1}
2026-02-13 18:14:49,194 : INFO : SwitchController : <<<<<<< 's_75_fourbank_drop_3' inactive (muted) >>>>>>>
2026-02-13 18:14:49,225 : INFO : SwitchController : <<<<<<< 's_75_fourbank_drop_3' active (muted) >>>>>>>
2026-02-13 18:14:49,225 : INFO : EventManager : Event: ======'machine_var_audits_switches_s_75_fourbank_drop_3'====== Args={'value': 39, 'prev_value': 38, 'change': 1}
2026-02-13 18:14:49,240 : INFO : SwitchController : <<<<<<< 's_75_fourbank_drop_3' inactive (muted) >>>>>>>
2026-02-13 18:14:49,569 : INFO : EventManager : Event: ======'drop_target_dt_character_3_up'====== Args={'device': <drop_target.dt_character_3>}
2026-02-13 18:14:49,569 : INFO : EventManager : Event: ======'drop_target_bank_dtb_characters_mixed'====== Args={'prev_value': <DropTargetBankState.MIXED: 'mixed'>, 'down': 1}
2026-02-13 18:14:49,584 : INFO : SwitchController : <<<<<<< 's_75_fourbank_drop_3' active >>>>>>>
2026-02-13 18:14:49,584 : INFO : EventManager : Event: ======'playfield_active'====== Args={'source': 'dt_character_3'}
2026-02-13 18:14:49,584 : INFO : EventManager : Event: ======'unexpected_ball_on_playfield'====== Args={}
2026-02-13 18:14:49,584 : INFO : EventManager : Event: ======'drop_target_dt_character_3_down'====== Args={'device': <drop_target.dt_character_3>}
2026-02-13 18:14:49,584 : INFO : EventManager : Event: ======'drop_target_bank_dtb_characters_mixed'====== Args={'prev_value': <DropTargetBankState.MIXED: 'mixed'>, 'down': 2}
2026-02-13 18:14:49,584 : INFO : EventManager : Event: ======'machine_var_audits_switches_s_75_fourbank_drop_3'====== Args={'value': 40, 'prev_value': 39, 'change': 1}
2026-02-13 18:14:52,158 : INFO : SwitchController : <<<<<<< 's_31_plunger_lane' active >>>>>>>
2026-02-13 18:14:52,158 : INFO : EventManager : Event: ======'machine_var_audits_switches_s_31_plunger_lane'====== Args={'value': 44, 'prev_value': 43, 'change': 1}
2026-02-13 18:14:52,174 : INFO : SwitchController : <<<<<<< 's_31_plunger_lane' inactive >>>>>>>
2026-02-13 18:14:52,174 : INFO : SwitchController : <<<<<<< 's_77_threebank_drop_1' inactive >>>>>>>
2026-02-13 18:14:52,174 : INFO : EventManager : Event: ======'playfield_active'====== Args={'source': 'dt_character_5'}
2026-02-13 18:14:52,174 : INFO : EventManager : Event: ======'unexpected_ball_on_playfield'====== Args={}
2026-02-13 18:14:52,174 : INFO : EventManager : Event: ======'drop_target_dt_character_5_up'====== Args={'device': <drop_target.dt_character_5>}
2026-02-13 18:14:52,174 : INFO : EventManager : Event: ======'drop_target_bank_dtb_characters_mixed'====== Args={'prev_value': <DropTargetBankState.MIXED: 'mixed'>, 'down': 1}
2026-02-13 18:14:52,174 : INFO : SwitchController : <<<<<<< 's_75_fourbank_drop_3' inactive >>>>>>>
2026-02-13 18:14:52,174 : INFO : EventManager : Event: ======'playfield_active'====== Args={'source': 'dt_character_3'}
2026-02-13 18:14:52,174 : INFO : EventManager : Event: ======'unexpected_ball_on_playfield'====== Args={}
2026-02-13 18:14:52,174 : INFO : EventManager : Event: ======'drop_target_dt_character_3_up'====== Args={'device': <drop_target.dt_character_3>}
2026-02-13 18:14:52,174 : INFO : EventManager : Event: ======'drop_target_bank_dtb_characters_up'====== Args={}
2026-02-13 18:14:52,189 : INFO : SwitchController : <<<<<<< 's_75_fourbank_drop_3' active >>>>>>>
2026-02-13 18:14:52,189 : INFO : EventManager : Event: ======'playfield_active'====== Args={'source': 'dt_character_3'}
2026-02-13 18:14:52,189 : INFO : EventManager : Event: ======'unexpected_ball_on_playfield'====== Args={}
2026-02-13 18:14:52,189 : INFO : EventManager : Event: ======'drop_target_dt_character_3_down'====== Args={'device': <drop_target.dt_character_3>}
2026-02-13 18:14:52,189 : INFO : EventManager : Event: ======'drop_target_bank_dtb_characters_mixed'====== Args={'prev_value': <DropTargetBankState.UP: 'up'>, 'down': 1}
2026-02-13 18:14:52,189 : INFO : EventManager : Event: ======'machine_var_audits_switches_s_75_fourbank_drop_3'====== Args={'value': 41, 'prev_value': 40, 'change': 1}
2026-02-13 18:14:52,220 : INFO : SwitchController : <<<<<<< 's_75_fourbank_drop_3' inactive >>>>>>>
2026-02-13 18:14:52,220 : INFO : EventManager : Event: ======'playfield_active'====== Args={'source': 'dt_character_3'}
2026-02-13 18:14:52,220 : INFO : EventManager : Event: ======'unexpected_ball_on_playfield'====== Args={}
2026-02-13 18:14:52,220 : INFO : EventManager : Event: ======'drop_target_dt_character_3_up'====== Args={'device': <drop_target.dt_character_3>}
2026-02-13 18:14:52,220 : INFO : EventManager : Event: ======'drop_target_bank_dtb_characters_up'====== Args={}
2026-02-13 18:14:52,299 : INFO : SwitchController : <<<<<<< 's_77_threebank_drop_1' active >>>>>>>
2026-02-13 18:14:52,299 : INFO : EventManager : Event: ======'playfield_active'====== Args={'source': 'dt_character_5'}
2026-02-13 18:14:52,299 : INFO : EventManager : Event: ======'unexpected_ball_on_playfield'====== Args={}
2026-02-13 18:14:52,299 : INFO : EventManager : Event: ======'drop_target_dt_character_5_down'====== Args={'device': <drop_target.dt_character_5>}
2026-02-13 18:14:52,299 : INFO : EventManager : Event: ======'drop_target_bank_dtb_characters_mixed'====== Args={'prev_value': <DropTargetBankState.UP: 'up'>, 'down': 1}
2026-02-13 18:14:52,299 : INFO : EventManager : Event: ======'machine_var_audits_switches_s_77_threebank_drop_1'====== Args={'value': 33, 'prev_value': 32, 'change': 1}
2026-02-13 18:14:53,158 : INFO : SwitchController : <<<<<<< 's_31_plunger_lane' active >>>>>>>
2026-02-13 18:14:53,158 : INFO : EventManager : Event: ======'machine_var_audits_switches_s_31_plunger_lane'====== Args={'value': 45, 'prev_value': 44, 'change': 1}
2026-02-13 18:14:53,198 : INFO : SwitchController : <<<<<<< 's_75_fourbank_drop_3' active >>>>>>>
2026-02-13 18:14:53,198 : INFO : EventManager : Event: ======'playfield_active'====== Args={'source': 'dt_character_3'}
2026-02-13 18:14:53,198 : INFO : EventManager : Event: ======'unexpected_ball_on_playfield'====== Args={}
2026-02-13 18:14:53,198 : INFO : EventManager : Event: ======'drop_target_dt_character_3_down'====== Args={'device': <drop_target.dt_character_3>}
2026-02-13 18:14:53,198 : INFO : EventManager : Event: ======'drop_target_bank_dtb_characters_mixed'====== Args={'prev_value': <DropTargetBankState.MIXED: 'mixed'>, 'down': 2}
2026-02-13 18:14:53,198 : INFO : EventManager : Event: ======'machine_var_audits_switches_s_75_fourbank_drop_3'====== Args={'value': 42, 'prev_value': 41, 'change': 1}
2026-02-13 18:14:53,651 : INFO : ball_device.bd_plunger : Received ball from <ball_device.bd_trough>
2026-02-13 18:14:53,651 : INFO : EventManager : Event: ======'balldevice_bd_plunger_ball_enter'====== Args={'new_balls': 1, 'unclaimed_balls': 0, 'new_available_balls': 0, 'device': <ball_device.bd_plunger>}
2026-02-13 18:14:53,651 : INFO : EventManager : Event: ======'balldevice_bd_plunger_ball_entered'====== Args={'new_balls': 0, 'device': <ball_device.bd_plunger>}
2026-02-13 18:14:53,651 : INFO : EventManager : Event: ======'balldevice_bd_plunger_ball_count_changed'====== Args={'balls': 1}
2026-02-13 18:14:53,651 : INFO : ball_device.bd_trough : Got eject confirm
2026-02-13 18:14:53,651 : INFO : ball_device.bd_trough : Eject successful
2026-02-13 18:14:53,651 : INFO : EventManager : Event: ======'balldevice_bd_trough_ball_eject_success'====== Args={'balls': 1, 'target': <ball_device.bd_plunger>}
2026-02-13 18:14:53,651 : INFO : ball_device.bd_plunger : State: waiting_for_target_ready
2026-02-13 18:14:53,651 : INFO : EventManager : Event: ======'balldevice_bd_plunger_ball_eject_attempt'====== Args={'balls': 1, 'target': <playfield.playfield>, 'source': <ball_device.bd_plunger>, 'mechanical_eject': False, 'num_attempts': 0}
2026-02-13 18:14:53,651 : INFO : EventManager : Event: ======'balldevice_bd_trough_ball_count_changed'====== Args={'balls': 0}
2026-02-13 18:14:53,651 : INFO : ball_device.bd_trough : State: idle
2026-02-13 18:14:53,651 : INFO : ball_device.bd_plunger : State: ejecting
2026-02-13 18:14:53,651 : INFO : ball_device.bd_plunger : Ejecting ball to <playfield.playfield>
2026-02-13 18:14:53,651 : INFO : EventManager : Event: ======'balldevice_bd_plunger_ejecting_ball'====== Args={'balls': 1, 'target': <playfield.playfield>, 'source': <ball_device.bd_plunger>, 'mechanical_eject': False, 'num_attempts': 0}
2026-02-13 18:14:53,651 : INFO : ball_device.bd_plunger : Wait for ball to leave device
2026-02-13 18:14:53,651 : INFO : coil.c_1_plunger : Pulsing Driver for 2ms (1.0 pulse_power)
2026-02-13 18:14:53,651 : DEBUG : FAST Driver : Pulsing driver 20 with pulse_settings: PulseSettings(power=1.0, duration=2).
2026-02-13 18:14:53,745 : INFO : SwitchController : <<<<<<< 's_31_plunger_lane' inactive >>>>>>>
2026-02-13 18:14:53,745 : INFO : ball_device.bd_plunger : State: ball_left
2026-02-13 18:14:53,745 : INFO : ball_device.bd_plunger : Ball left
2026-02-13 18:14:53,745 : INFO : ball_device.bd_plunger : Wait for confirm with timeout 10.0
2026-02-13 18:14:56,512 : INFO : SwitchController : <<<<<<< 's_75_fourbank_drop_3' inactive >>>>>>>
2026-02-13 18:14:56,512 : INFO : EventManager : Event: ======'playfield_active'====== Args={'source': 'dt_character_3'}
2026-02-13 18:14:56,512 : INFO : EventManager : Event: ======'drop_target_dt_character_3_up'====== Args={'device': <drop_target.dt_character_3>}
2026-02-13 18:14:56,512 : INFO : EventManager : Event: ======'drop_target_bank_dtb_characters_mixed'====== Args={'prev_value': <DropTargetBankState.MIXED: 'mixed'>, 'down': 1}
2026-02-13 18:14:56,512 : INFO : ball_device.bd_plunger : Got eject confirm
2026-02-13 18:14:56,512 : INFO : ball_device.bd_plunger : Eject successful
2026-02-13 18:14:56,512 : INFO : EventManager : Event: ======'balldevice_bd_plunger_ball_eject_success'====== Args={'balls': 1, 'target': <playfield.playfield>}
2026-02-13 18:14:56,512 : INFO : EventManager : Event: ======'balldevice_playfield_ball_enter'====== Args={'new_balls': 1, 'unclaimed_balls': 1, 'device': <playfield.playfield>}
2026-02-13 18:14:56,512 : INFO : EventManager : Event: ======'playfield_ball_count_change'====== Args={'balls': 1, 'change': 1}
2026-02-13 18:14:56,512 : INFO : EventManager : Event: ======'balldevice_bd_plunger_ball_count_changed'====== Args={'balls': 0}
2026-02-13 18:14:56,512 : INFO : ball_device.bd_plunger : State: idle
2026-02-13 18:14:56,918 : INFO : SwitchController : <<<<<<< 's_75_fourbank_drop_3' active >>>>>>>
2026-02-13 18:14:56,918 : INFO : EventManager : Event: ======'drop_target_dt_character_3_down'====== Args={'device': <drop_target.dt_character_3>}
2026-02-13 18:14:56,918 : INFO : EventManager : Event: ======'drop_target_bank_dtb_characters_mixed'====== Args={'prev_value': <DropTargetBankState.MIXED: 'mixed'>, 'down': 2}
2026-02-13 18:14:56,918 : INFO : EventManager : Event: ======'machine_var_audits_switches_s_75_fourbank_drop_3'====== Args={'value': 43, 'prev_value': 42, 'change': 1}
2026-02-13 18:14:57,183 : INFO : SwitchController : <<<<<<< 's_75_fourbank_drop_3' inactive >>>>>>>
2026-02-13 18:14:57,183 : INFO : EventManager : Event: ======'drop_target_dt_character_3_up'====== Args={'device': <drop_target.dt_character_3>}
2026-02-13 18:14:57,183 : INFO : EventManager : Event: ======'drop_target_bank_dtb_characters_mixed'====== Args={'prev_value': <DropTargetBankState.MIXED: 'mixed'>, 'down': 1}
2026-02-13 18:14:57,246 : INFO : SwitchController : <<<<<<< 's_75_fourbank_drop_3' active >>>>>>>
2026-02-13 18:14:57,246 : INFO : EventManager : Event: ======'drop_target_dt_character_3_down'====== Args={'device': <drop_target.dt_character_3>}
2026-02-13 18:14:57,246 : INFO : EventManager : Event: ======'drop_target_bank_dtb_characters_mixed'====== Args={'prev_value': <DropTargetBankState.MIXED: 'mixed'>, 'down': 2}
2026-02-13 18:14:57,246 : INFO : EventManager : Event: ======'machine_var_audits_switches_s_75_fourbank_drop_3'====== Args={'value': 44, 'prev_value': 43, 'change': 1}
2026-02-13 18:14:57,340 : INFO : SwitchController : <<<<<<< 's_75_fourbank_drop_3' inactive >>>>>>>
2026-02-13 18:14:57,340 : INFO : EventManager : Event: ======'drop_target_dt_character_3_up'====== Args={'device': <drop_target.dt_character_3>}
2026-02-13 18:14:57,340 : INFO : EventManager : Event: ======'drop_target_bank_dtb_characters_mixed'====== Args={'prev_value': <DropTargetBankState.MIXED: 'mixed'>, 'down': 1}
2026-02-13 18:14:57,433 : INFO : SwitchController : <<<<<<< 's_75_fourbank_drop_3' active >>>>>>>
2026-02-13 18:14:57,433 : INFO : EventManager : Event: ======'drop_target_dt_character_3_down'====== Args={'device': <drop_target.dt_character_3>}
2026-02-13 18:14:57,433 : INFO : EventManager : Event: ======'drop_target_bank_dtb_characters_mixed'====== Args={'prev_value': <DropTargetBankState.MIXED: 'mixed'>, 'down': 2}
2026-02-13 18:14:57,433 : INFO : EventManager : Event: ======'machine_var_audits_switches_s_75_fourbank_drop_3'====== Args={'value': 45, 'prev_value': 44, 'change': 1}
2026-02-13 18:14:57,511 : INFO : SwitchController : <<<<<<< 's_75_fourbank_drop_3' inactive >>>>>>>
2026-02-13 18:14:57,511 : INFO : EventManager : Event: ======'drop_target_dt_character_3_up'====== Args={'device': <drop_target.dt_character_3>}
2026-02-13 18:14:57,511 : INFO : EventManager : Event: ======'drop_target_bank_dtb_characters_mixed'====== Args={'prev_value': <DropTargetBankState.MIXED: 'mixed'>, 'down': 1}
2026-02-13 18:14:57,636 : INFO : SwitchController : <<<<<<< 's_75_fourbank_drop_3' active >>>>>>>
2026-02-13 18:14:57,636 : INFO : EventManager : Event: ======'drop_target_dt_character_3_down'====== Args={'device': <drop_target.dt_character_3>}
2026-02-13 18:14:57,636 : INFO : EventManager : Event: ======'drop_target_bank_dtb_characters_mixed'====== Args={'prev_value': <DropTargetBankState.MIXED: 'mixed'>, 'down': 2}
2026-02-13 18:14:57,636 : INFO : EventManager : Event: ======'machine_var_audits_switches_s_75_fourbank_drop_3'====== Args={'value': 46, 'prev_value': 45, 'change': 1}
2026-02-13 18:15:00,468 : DEBUG : asciimatics.screen : Processing mouse: 112, 22
2026-02-13 18:15:00,469 : DEBUG : asciimatics.widgets.frame : New event: MouseEvent (112, 22) 0
2026-02-13 18:15:19,472 : DEBUG : asciimatics.screen : Processing mouse: 34, 25
2026-02-13 18:15:19,472 : DEBUG : asciimatics.widgets.frame : New event: MouseEvent (34, 25) 0
2026-02-13 18:15:20,675 : INFO : Machine : Shutting down...
2026-02-13 18:15:20,675 : INFO : EventManager : Event: ======'shutdown'====== Args={}
2026-02-13 18:15:20,675 : INFO : EventManager : Event: ======'mode_service_will_stop'====== Args={}
2026-02-13 18:15:20,675 : INFO : EventManager : Event: ======'mode_service_stopping'====== Args={}
2026-02-13 18:15:20,675 : INFO : Mode.service : Stopped.
2026-02-13 18:15:20,675 : INFO : EventManager : Event: ======'modes_active_modes_changed'====== Args={}
2026-02-13 18:15:20,675 : INFO : EventManager : Event: ======'mode_service_stopped'====== Args={}
2026-02-13 18:15:20,675 : INFO : EventManager : Event: ======'clear'====== Args={'key': 'service'}
2026-02-13 18:15:20,675 : INFO : EventManager : Event: ======'mode_game_will_stop'====== Args={}
2026-02-13 18:15:20,675 : INFO : EventManager : Event: ======'mode_game_stopping'====== Args={}
2026-02-13 18:15:20,675 : INFO : Mode.game : Stopped.
2026-02-13 18:15:20,675 : INFO : EventManager : Event: ======'modes_active_modes_changed'====== Args={}
2026-02-13 18:15:20,675 : INFO : EventManager : Event: ======'mode_game_stopped'====== Args={}
2026-02-13 18:15:20,675 : INFO : EventManager : Event: ======'clear'====== Args={'key': 'game'}
2026-02-13 18:15:20,769 : DEBUG : FAST [NET] : Stop called on serial connection NET
2026-02-13 18:15:20,769 : DEBUG : FAST [EXP] : Stop called on serial connection EXP
2026-02-13 18:15:20,769 : INFO : root : MPF run loop ended.
