2026-06-18 16:15:43,565 : INFO : root : Loading config.
2026-06-18 16:15:43,570 : INFO : YamlMultifileConfigLoader : Machine config file #1: config.yaml
2026-06-18 16:15:43,570 : INFO : ConfigProcessor : Loading config from cache: C:\Users\tl\AppData\Local\Temp\86f932e179f318f5dae29f066573dee9.mpf_cache
2026-06-18 16:15:43,671 : INFO : ConfigProcessor : Loading config from cache: C:\Users\tl\AppData\Local\Temp\5e7e3dd8e04e0aa46ea76018297218da.mpf_cache
2026-06-18 16:15:43,672 : INFO : ConfigProcessor : Loading config from cache: C:\Users\tl\AppData\Local\Temp\af6ad0dab2f43bd9cbdac83e0b2786ac.mpf_cache
2026-06-18 16:15:43,673 : INFO : ConfigProcessor : Loading config from cache: C:\Users\tl\AppData\Local\Temp\5e7e3dd8e04e0aa46ea76018297218da.mpf_cache
2026-06-18 16:15:43,674 : INFO : ConfigProcessor : Loading config from cache: C:\Users\tl\AppData\Local\Temp\078e3f4c59f1cd1bf0ff8685cc9e7ff5.mpf_cache
2026-06-18 16:15:43,675 : INFO : ConfigProcessor : Loading config from cache: C:\Users\tl\AppData\Local\Temp\279434e09bc5e8b073f441f36778b3c5.mpf_cache
2026-06-18 16:15:43,675 : INFO : ConfigProcessor : Loading config from cache: C:\Users\tl\AppData\Local\Temp\f7ef3217062c4a128670875e2cb05ce9.mpf_cache
2026-06-18 16:15:43,676 : INFO : ConfigProcessor : Loading config from cache: C:\Users\tl\AppData\Local\Temp\3f4b5828320b2882d8f6d86277da0e3c.mpf_cache
2026-06-18 16:15:43,677 : INFO : ConfigProcessor : Loading config from cache: C:\Users\tl\AppData\Local\Temp\e0885cd80287b6cf2bdb3b3b7e551419.mpf_cache
2026-06-18 16:15:43,678 : INFO : ConfigProcessor : Loading config from cache: C:\Users\tl\AppData\Local\Temp\21a3b6af72788c31c1bb21496f7d3280.mpf_cache
2026-06-18 16:15:43,679 : INFO : ConfigProcessor : Loading config from cache: C:\Users\tl\AppData\Local\Temp\5ad868424699ac3c9402d8d89c5742fa.mpf_cache
2026-06-18 16:15:43,680 : INFO : ConfigProcessor : Loading config from cache: C:\Users\tl\AppData\Local\Temp\b41aec6702196d0bd650320fa331266f.mpf_cache
2026-06-18 16:15:43,681 : INFO : ConfigProcessor : Loading config from cache: C:\Users\tl\AppData\Local\Temp\a951eeea2c167365e5a009cce33f51d8.mpf_cache
2026-06-18 16:15:43,682 : INFO : ConfigProcessor : Loading config from cache: C:\Users\tl\AppData\Local\Temp\f020dca9eec5e09763b9289397e6c32f.mpf_cache
2026-06-18 16:15:43,683 : INFO : ConfigProcessor : Loading config from cache: C:\Users\tl\AppData\Local\Temp\edce5a74ebf86ee6330810859c361ede.mpf_cache
2026-06-18 16:15:43,684 : INFO : ConfigProcessor : Loading config from cache: C:\Users\tl\AppData\Local\Temp\7c825e76f3d981841c3099d018a06a8f.mpf_cache
2026-06-18 16:15:43,685 : INFO : ConfigProcessor : Loading config from cache: C:\Users\tl\AppData\Local\Temp\4c1252d1f04cb61ecc91110937cfd225.mpf_cache
2026-06-18 16:15:43,685 : INFO : ConfigProcessor : Loading config from cache: C:\Users\tl\AppData\Local\Temp\8d6d681afe5a7b6e9186321cd98f18ca.mpf_cache
2026-06-18 16:15:43,687 : INFO : ConfigProcessor : Loading config from cache: C:\Users\tl\AppData\Local\Temp\6ca6a8b9cb340c3b8d36233eeb0719a5.mpf_cache
2026-06-18 16:15:43,687 : INFO : ConfigProcessor : Loading config from cache: C:\Users\tl\AppData\Local\Temp\d7f9969d1a13fb8a4ff98949110a3363.mpf_cache
2026-06-18 16:15:43,688 : INFO : ConfigProcessor : Loading config from cache: C:\Users\tl\AppData\Local\Temp\ea483b3190585f1b6f58e5d4b3be4053.mpf_cache
2026-06-18 16:15:43,688 : INFO : ConfigProcessor : Loading config from cache: C:\Users\tl\AppData\Local\Temp\29a24a1f58555604e17f1620fab88485.mpf_cache
2026-06-18 16:15:43,708 : INFO : ConfigProcessor : Loading config from cache: C:\Users\tl\AppData\Local\Temp\271b31ea91f7fc416a689202738fcb25.mpf_cache
2026-06-18 16:15:43,710 : INFO : ConfigProcessor : Loading config from cache: C:\Users\tl\AppData\Local\Temp\d5113bae71fe9b2600b29bf116525aac.mpf_cache
2026-06-18 16:15:43,711 : INFO : ConfigProcessor : Loading config from cache: C:\Users\tl\AppData\Local\Temp\ae5d383473e063efe671bf30ab478239.mpf_cache
2026-06-18 16:15:43,712 : INFO : ConfigProcessor : Loading config from cache: C:\Users\tl\AppData\Local\Temp\46870b44a1c011c86a746a823adf6b5a.mpf_cache
2026-06-18 16:15:43,714 : INFO : ConfigProcessor : Loading config from cache: C:\Users\tl\AppData\Local\Temp\0cf169c51710e2e034dc49f1aab9dfdd.mpf_cache
2026-06-18 16:15:43,719 : INFO : ConfigProcessor : Loading config from cache: C:\Users\tl\AppData\Local\Temp\1a8067b3018dc540f40ee09fbd30147e.mpf_cache
2026-06-18 16:15:43,721 : INFO : ConfigProcessor : Loading config from cache: C:\Users\tl\AppData\Local\Temp\34d2c1cbec8fdaa1db7761a61cc7c1b6.mpf_cache
2026-06-18 16:15:43,722 : INFO : ConfigProcessor : Loading config from cache: C:\Users\tl\AppData\Local\Temp\4065fa59aedcbd523b942a40672a4db1.mpf_cache
2026-06-18 16:15:43,727 : INFO : ConfigProcessor : Loading config from cache: C:\Users\tl\AppData\Local\Temp\911efd7252939128e304c2322100ac37.mpf_cache
2026-06-18 16:15:43,728 : INFO : ConfigProcessor : Loading config from cache: C:\Users\tl\AppData\Local\Temp\95a50568c399a025ef217996526f3494.mpf_cache
2026-06-18 16:15:43,729 : INFO : ConfigProcessor : Loading config from cache: C:\Users\tl\AppData\Local\Temp\4fa9cf92dccc774be532e383b837572e.mpf_cache
2026-06-18 16:15:43,730 : INFO : ConfigProcessor : Loading config from cache: C:\Users\tl\AppData\Local\Temp\7d6afe43d2cd59003bd26d29f6951346.mpf_cache
2026-06-18 16:15:43,730 : INFO : ConfigProcessor : Loading config from cache: C:\Users\tl\AppData\Local\Temp\3ec53097f46dd8f92da5caf7a9362729.mpf_cache
2026-06-18 16:15:43,736 : INFO : ConfigProcessor : Loading config from cache: C:\Users\tl\AppData\Local\Temp\c36da47bad15180a41187d147cb7917e.mpf_cache
2026-06-18 16:15:43,737 : INFO : ConfigProcessor : Loading config from cache: C:\Users\tl\AppData\Local\Temp\ca9866041621d35ab6358609b63e90d5.mpf_cache
2026-06-18 16:15:43,738 : INFO : ConfigProcessor : Loading config from cache: C:\Users\tl\AppData\Local\Temp\d3b229dc9cb99a8202099f03c2a43090.mpf_cache
2026-06-18 16:15:43,738 : INFO : ConfigProcessor : Loading config from cache: C:\Users\tl\AppData\Local\Temp\81582981e74d3995e366d06d8338d799.mpf_cache
2026-06-18 16:15:43,743 : INFO : ConfigProcessor : Loading config from cache: C:\Users\tl\AppData\Local\Temp\5b34afe52ee194dd00e9309f3b7b7351.mpf_cache
2026-06-18 16:15:43,753 : INFO : ConfigProcessor : Loading config from cache: C:\Users\tl\AppData\Local\Temp\879969db85bf719d2fcb9e04ce9b1f2c.mpf_cache
2026-06-18 16:15:43,758 : INFO : ConfigProcessor : Loading config from cache: C:\Users\tl\AppData\Local\Temp\b4093eb1dd81447678927dbfa4b9c600.mpf_cache
2026-06-18 16:15:43,764 : INFO : ConfigProcessor : Loading config from cache: C:\Users\tl\AppData\Local\Temp\e35a82f552c222d594bf16e07246473c.mpf_cache
2026-06-18 16:15:43,766 : INFO : ConfigProcessor : Loading config from cache: C:\Users\tl\AppData\Local\Temp\a4723462ff8ee54e9440eae8a1a4781c.mpf_cache
2026-06-18 16:15:43,772 : INFO : ConfigProcessor : Loading config from cache: C:\Users\tl\AppData\Local\Temp\33800f163ed2f7721971ef060d638387.mpf_cache
2026-06-18 16:15:43,785 : INFO : ConfigProcessor : Loading config from cache: C:\Users\tl\AppData\Local\Temp\cfac8a12b8c870509d27980bb08852ae.mpf_cache
2026-06-18 16:15:43,791 : INFO : ConfigProcessor : Loading config from cache: C:\Users\tl\AppData\Local\Temp\83c76c71cb0df61411f4c0eb7dea7353.mpf_cache
2026-06-18 16:15:43,794 : INFO : ConfigProcessor : Loading config from cache: C:\Users\tl\AppData\Local\Temp\7db44b334d172168fab831ef3c57ff8b.mpf_cache
2026-06-18 16:15:43,846 : INFO : ConfigProcessor : Loading config from cache: C:\Users\tl\AppData\Local\Temp\0209fa69c7ceb7b65d8e49418413a2d4.mpf_cache
2026-06-18 16:15:43,943 : INFO : ConfigProcessor : Loading config from cache: C:\Users\tl\AppData\Local\Temp\9eec954e3a0a7462dea03c8c17cb64d9.mpf_cache
2026-06-18 16:15:44,085 : INFO : ConfigProcessor : Loading config from cache: C:\Users\tl\AppData\Local\Temp\456118bf1ce6b85e98a4b068670426da.mpf_cache
2026-06-18 16:15:44,160 : INFO : ConfigProcessor : Loading config from cache: C:\Users\tl\AppData\Local\Temp\5d7ea21ac1dbbe8d902c44335cb580f3.mpf_cache
2026-06-18 16:15:44,372 : INFO : ConfigProcessor : Loading config from cache: C:\Users\tl\AppData\Local\Temp\3c338cf0a5e3d861413d7d2f266c3053.mpf_cache
2026-06-18 16:15:44,412 : INFO : ConfigProcessor : Loading config from cache: C:\Users\tl\AppData\Local\Temp\7da579784f035f2b4609b04d18d514d9.mpf_cache
2026-06-18 16:15:44,427 : INFO : ConfigProcessor : Loading config from cache: C:\Users\tl\AppData\Local\Temp\ffa5a16e3925fe77c4aff5ce9d0caddb.mpf_cache
2026-06-18 16:15:44,433 : INFO : ConfigProcessor : Loading config from cache: C:\Users\tl\AppData\Local\Temp\08e4cfee44032ad50b613fdfc1c76afd.mpf_cache
2026-06-18 16:15:44,434 : INFO : ConfigProcessor : Loading config from cache: C:\Users\tl\AppData\Local\Temp\8f542fdb27a9c7af6359517ab8d171a1.mpf_cache
2026-06-18 16:15:44,435 : INFO : ConfigProcessor : Loading config from cache: C:\Users\tl\AppData\Local\Temp\c899bce83960d7b8a909fd30af5ba34c.mpf_cache
2026-06-18 16:15:44,435 : INFO : ConfigProcessor : Loading config from cache: C:\Users\tl\AppData\Local\Temp\e3f8c10279e680757f03e6b0889aa739.mpf_cache
2026-06-18 16:15:44,436 : INFO : ConfigProcessor : Loading config from cache: C:\Users\tl\AppData\Local\Temp\ff087817282734556151e8020b1fd49c.mpf_cache
2026-06-18 16:15:44,437 : INFO : ConfigProcessor : Loading config from cache: C:\Users\tl\AppData\Local\Temp\17b17d6e70b510a409968e15bd8ba63c.mpf_cache
2026-06-18 16:15:44,530 : INFO : ConfigProcessor : Loading config from cache: C:\Users\tl\AppData\Local\Temp\7597473749050946854e5e52d7c2d79a.mpf_cache
2026-06-18 16:15:44,546 : INFO : ConfigProcessor : Loading config from cache: C:\Users\tl\AppData\Local\Temp\31f3b89ebad27aaf6ad1cb7b6e8c1ae3.mpf_cache
2026-06-18 16:15:44,547 : INFO : ConfigProcessor : Loading config from cache: C:\Users\tl\AppData\Local\Temp\5bdc262ac811f8916946a10b325faaed.mpf_cache
2026-06-18 16:15:44,654 : INFO : ConfigProcessor : Loading config from cache: C:\Users\tl\AppData\Local\Temp\4262986a441bb7754780f112bb0e0c56.mpf_cache
2026-06-18 16:15:44,655 : INFO : ConfigProcessor : Loading config from cache: C:\Users\tl\AppData\Local\Temp\d572a2de143bf480090a737668938cb0.mpf_cache
2026-06-18 16:15:44,656 : INFO : ConfigProcessor : Loading config from cache: C:\Users\tl\AppData\Local\Temp\2e7beac76d3bca457a3a521575ba4ead.mpf_cache
2026-06-18 16:15:44,657 : INFO : ConfigProcessor : Loading config from cache: C:\Users\tl\AppData\Local\Temp\7c0931ffc6b13496fd8fae8b9d1b7a08.mpf_cache
2026-06-18 16:15:44,657 : INFO : ConfigProcessor : Loading config from cache: C:\Users\tl\AppData\Local\Temp\62404ae2e9ee2b95d65f52fccac154f0.mpf_cache
2026-06-18 16:15:44,658 : INFO : ConfigProcessor : Loading config from cache: C:\Users\tl\AppData\Local\Temp\537cd9276618929e3a64b374ceb3437f.mpf_cache
2026-06-18 16:15:44,659 : INFO : ConfigProcessor : Loading config from cache: C:\Users\tl\AppData\Local\Temp\cf29873bc64cfbd46b5a5b4c47c95532.mpf_cache
2026-06-18 16:15:44,659 : INFO : ConfigProcessor : Loading config from cache: C:\Users\tl\AppData\Local\Temp\16182b247314d06896cbae33110acd4c.mpf_cache
2026-06-18 16:15:44,661 : INFO : ConfigProcessor : Loading config from cache: C:\Users\tl\AppData\Local\Temp\13826b94a4b36b65ca4171a1d326006f.mpf_cache
2026-06-18 16:15:44,661 : INFO : ConfigProcessor : Loading config from cache: C:\Users\tl\AppData\Local\Temp\34a4b7622c4ff26b43be2fcb96c6a855.mpf_cache
2026-06-18 16:15:44,662 : INFO : ConfigProcessor : Loading config from cache: C:\Users\tl\AppData\Local\Temp\0560061596499ba9c1490154fdcef2ca.mpf_cache
2026-06-18 16:15:44,663 : INFO : ConfigProcessor : Loading config from cache: C:\Users\tl\AppData\Local\Temp\c1896ec26ad05d4cb3e6ad50fd8dc123.mpf_cache
2026-06-18 16:15:44,663 : INFO : ConfigProcessor : Loading config from cache: C:\Users\tl\AppData\Local\Temp\9894a77e77ebcad772e6ab40ada6f893.mpf_cache
2026-06-18 16:15:44,664 : INFO : ConfigProcessor : Loading config from cache: C:\Users\tl\AppData\Local\Temp\33a0313dc768edabc6062a57466c6435.mpf_cache
2026-06-18 16:15:44,665 : INFO : ConfigProcessor : Loading config from cache: C:\Users\tl\AppData\Local\Temp\51d1034df3c2d8154cfea3abae2369be.mpf_cache
2026-06-18 16:15:44,665 : INFO : ConfigProcessor : Loading config from cache: C:\Users\tl\AppData\Local\Temp\2904ce8d8b78981642dc8b63141b390e.mpf_cache
2026-06-18 16:15:44,666 : INFO : ConfigProcessor : Loading config from cache: C:\Users\tl\AppData\Local\Temp\de3c199f73b407edda0c6227f08684dc.mpf_cache
2026-06-18 16:15:44,667 : INFO : ConfigProcessor : Loading config from cache: C:\Users\tl\AppData\Local\Temp\5951b01dcffceee156e3aba13b4691bc.mpf_cache
2026-06-18 16:15:44,668 : INFO : ConfigProcessor : Loading config from cache: C:\Users\tl\AppData\Local\Temp\3ef5173c7a910a36727c66b6285f9c3e.mpf_cache
2026-06-18 16:15:44,668 : INFO : ConfigProcessor : Loading config from cache: C:\Users\tl\AppData\Local\Temp\1671f2a7e01818367d14934820caa625.mpf_cache
2026-06-18 16:15:44,669 : INFO : ConfigProcessor : Loading config from cache: C:\Users\tl\AppData\Local\Temp\f222a647edf3886b9afe02940fb5218b.mpf_cache
2026-06-18 16:15:44,669 : INFO : ConfigProcessor : Loading config from cache: C:\Users\tl\AppData\Local\Temp\2856cb3dd9823be7f227bcd3e9e74d9c.mpf_cache
2026-06-18 16:15:44,670 : INFO : ConfigProcessor : Loading config from cache: C:\Users\tl\AppData\Local\Temp\7bc597beac49bd83589c0f432d6df3a7.mpf_cache
2026-06-18 16:15:44,672 : INFO : ConfigProcessor : Loading config from cache: C:\Users\tl\AppData\Local\Temp\d8eab45dc417e5712e341a87d617345c.mpf_cache
2026-06-18 16:15:44,672 : INFO : ConfigProcessor : Loading config from cache: C:\Users\tl\AppData\Local\Temp\469f885a0d482cac3db6f093008cfd24.mpf_cache
2026-06-18 16:15:44,673 : INFO : ConfigProcessor : Loading config from cache: C:\Users\tl\AppData\Local\Temp\a268d193aab3d6536668c32d6da9263e.mpf_cache
2026-06-18 16:15:44,673 : INFO : ConfigProcessor : Loading config from cache: C:\Users\tl\AppData\Local\Temp\0ddc24559d577387e7f3127610d528ac.mpf_cache
2026-06-18 16:15:44,674 : INFO : ConfigProcessor : Loading config from cache: C:\Users\tl\AppData\Local\Temp\a63ea6967061a0c2197fb0bb68311879.mpf_cache
2026-06-18 16:15:44,674 : INFO : ConfigProcessor : Loading config from cache: C:\Users\tl\AppData\Local\Temp\43577826f0443b71968b5102aaf30af3.mpf_cache
2026-06-18 16:15:44,675 : INFO : ConfigProcessor : Loading config from cache: C:\Users\tl\AppData\Local\Temp\9c5a8c407413e80747afdb721a5b060d.mpf_cache
2026-06-18 16:15:44,675 : INFO : ConfigProcessor : Loading config from cache: C:\Users\tl\AppData\Local\Temp\af0cbbf8538bda34a0e26f98cdd5aca7.mpf_cache
2026-06-18 16:15:44,676 : INFO : ConfigProcessor : Loading config from cache: C:\Users\tl\AppData\Local\Temp\ce8d78fec460068c5bebc943ce9b6f30.mpf_cache
2026-06-18 16:15:44,676 : INFO : ConfigProcessor : Loading config from cache: C:\Users\tl\AppData\Local\Temp\31f829499efdcff804ebe1944d19d329.mpf_cache
2026-06-18 16:15:44,677 : INFO : ConfigProcessor : Loading config from cache: C:\Users\tl\AppData\Local\Temp\79045076bfba23d531ff144ac6757de4.mpf_cache
2026-06-18 16:15:44,677 : INFO : ConfigProcessor : Loading config from cache: C:\Users\tl\AppData\Local\Temp\b26d36d0781b7ac0f26418f65421592c.mpf_cache
2026-06-18 16:15:44,678 : INFO : ConfigProcessor : Loading config from cache: C:\Users\tl\AppData\Local\Temp\8b6f457abf3cfdd87417ebce16fa6732.mpf_cache
2026-06-18 16:15:44,678 : INFO : ConfigProcessor : Loading config from cache: C:\Users\tl\AppData\Local\Temp\c59e3da9fa5362a5c24ac789898ceb13.mpf_cache
2026-06-18 16:15:44,679 : INFO : ConfigProcessor : Loading config from cache: C:\Users\tl\AppData\Local\Temp\701f2c032cd9e807d4fb3fa2828f9b37.mpf_cache
2026-06-18 16:15:44,679 : INFO : ConfigProcessor : Loading config from cache: C:\Users\tl\AppData\Local\Temp\c801690053c2da5c09f6d10b42ee9917.mpf_cache
2026-06-18 16:15:44,680 : INFO : ConfigProcessor : Loading config from cache: C:\Users\tl\AppData\Local\Temp\2e335ca9623f971cc8240d357e9bde21.mpf_cache
2026-06-18 16:15:44,681 : INFO : ConfigProcessor : Loading config from cache: C:\Users\tl\AppData\Local\Temp\291432155100441a6a6d1cc35a9827e6.mpf_cache
2026-06-18 16:15:44,681 : INFO : ConfigProcessor : Loading config from cache: C:\Users\tl\AppData\Local\Temp\3a13ce866f38c1bdfd88cdf5d8a37b57.mpf_cache
2026-06-18 16:15:44,682 : INFO : ConfigProcessor : Loading config from cache: C:\Users\tl\AppData\Local\Temp\67766e06be15afe44bf4653d2e0643ac.mpf_cache
2026-06-18 16:15:44,682 : INFO : ConfigProcessor : Loading config from cache: C:\Users\tl\AppData\Local\Temp\4d0875bd28a5b9899fb2c6e9ca5fbaa0.mpf_cache
2026-06-18 16:15:44,684 : INFO : ConfigProcessor : Loading config from cache: C:\Users\tl\AppData\Local\Temp\013b41c20fe074e5f42d4da80ff7d4bd.mpf_cache
2026-06-18 16:15:44,684 : INFO : ConfigProcessor : Loading config from cache: C:\Users\tl\AppData\Local\Temp\c0155b29343fe146f8483b349919ea50.mpf_cache
2026-06-18 16:15:44,685 : INFO : Machine : Mission Pinball Framework Core Engine v0.80.0.dev12
2026-06-18 16:15:44,685 : INFO : Machine : Command line arguments: {'no_load_cache': False, 'create_config_cache': True, 'bcp': True, 'configfile': ['config.yaml'], 'force_assets_load': False, 'platform_integration_test': False, 'jsonlogging': False, 'logfile': 'logs\\2026-06-18-16-15-43-mpf-DESKTOP-HV85DRD.log', 'pause': False, 'production': False, 'text_ui': False, 'loglevel': 15, 'consoleloglevel': 20, 'force_platform': None, 'syslog_address': None, 'full_logfile_path': 'C:\\Users\\tl\\Documents\\tl-pinball\\logs\\2026-06-18-16-15-43-mpf-DESKTOP-HV85DRD.log'}
2026-06-18 16:15:44,685 : INFO : Machine : MPF path: C:\mpf\Lib\site-packages\mpf
2026-06-18 16:15:44,685 : INFO : Machine : Machine path: C:\Users\tl\Documents\tl-pinball
2026-06-18 16:15:44,685 : INFO : Machine : Platform: win32
2026-06-18 16:15:44,685 : INFO : Machine : Python executable location: C:\mpf\Scripts\python.exe
2026-06-18 16:15:44,686 : INFO : Machine : Python version: 3.12.7 (64-bit)
2026-06-18 16:15:44,688 : INFO : Machine : Initializing MPF...
2026-06-18 16:15:44,894 : INFO : FAST [NET] : Trying to connect to COM4 at 921600bps
2026-06-18 16:15:44,899 : INFO : FAST [NET] : Connected to COM4 at 921600bps
2026-06-18 16:15:45,019 : INFO : FAST [NET] : Connected to FP-CPU-2000 with firmware v02.26
2026-06-18 16:15:45,051 : INFO : FAST [NET] : Registered I/O Board 0: Model: FP-I/O-0024, Firmware: 01.10, Switches: 24, Drivers: 8
2026-06-18 16:15:45,067 : INFO : FAST [NET] : Registered I/O Board 1: Model: FP-I/O-1616, Firmware: 01.10, Switches: 16, Drivers: 16
2026-06-18 16:15:45,083 : INFO : FAST [NET] : Registered I/O Board 2: Model: FP-I/O-3208, Firmware: 01.10, Switches: 32, Drivers: 8
2026-06-18 16:15:45,099 : INFO : FAST [NET] : Registered I/O Board 3: Model: FP-I/O-1616, Firmware: 01.10, Switches: 16, Drivers: 16
2026-06-18 16:15:45,102 : INFO : FAST [EXP] : Trying to connect to COM5 at 921600bps
2026-06-18 16:15:45,107 : INFO : FAST [EXP] : Connected to COM5 at 921600bps
2026-06-18 16:15:45,211 : INFO : FAST [EXP] : Verifying hardware for EXP "ledcab" (FP-EXP-2000, @48) with ID string "EXP FP-EXP-2000  0.42", board address 48
2026-06-18 16:15:45,227 : INFO : FAST [EXP] : Verifying hardware for EXP "ledcab" (FP-EXP-2000, @48) with ID string "BRK FP-EXP-2000  0.42", board address 480
2026-06-18 16:15:46,242 : ERROR : FAST [EXP] : Timeout waiting for response to BR@48:. Retrying...
2026-06-18 16:15:47,240 : ERROR : FAST [EXP] : Timeout waiting for response to BR@48:. Retrying...
2026-06-18 16:15:47,269 : INFO : FAST [EXP] : Verifying hardware for EXP "ledpf1" (FP-EXP-0081, @84) with ID string "EXP FP-EXP-0081  0.38", board address 84
2026-06-18 16:15:47,285 : INFO : FAST [EXP] : Verifying hardware for EXP "ledpf1" (FP-EXP-0081, @84) with ID string "BRK FP-EXP-0081  0.38", board address 840
2026-06-18 16:15:47,301 : INFO : FAST [EXP] : Verifying hardware for EXP "ledpf1" (FP-EXP-0081, @84) with ID string "BRK FP-EXP-0081  0.38", board address 841
2026-06-18 16:15:47,333 : INFO : FAST [EXP] : Verifying hardware for EXP "ledpf2" (FP-EXP-0081, @85) with ID string "EXP FP-EXP-0081  0.48", board address 85
2026-06-18 16:15:47,348 : INFO : FAST [EXP] : Verifying hardware for EXP "ledpf2" (FP-EXP-0081, @85) with ID string "BRK FP-EXP-0081  0.48", board address 850
2026-06-18 16:15:47,364 : INFO : FAST [EXP] : Verifying hardware for EXP "ledpf2" (FP-EXP-0081, @85) with ID string "BRK FP-EXP-0081  0.48", board address 851
2026-06-18 16:15:47,379 : INFO : EventManager : Event: ======'machine_var_credits_string'====== Args={'value': 'FREE PLAY', 'prev_value': None, 'change': True}
2026-06-18 16:15:47,408 : INFO : EventManager : Event: ======'machine_var_master_volume'====== Args={'value': 0.5, 'prev_value': None, 'change': True}
2026-06-18 16:15:47,408 : INFO : EventManager : Event: ======'machine_var_player1_score'====== Args={'value': 3759746, 'prev_value': None, 'change': True}
2026-06-18 16:15:47,408 : INFO : EventManager : Event: ======'machine_var_last_game_score'====== Args={'value': 0, 'prev_value': None, 'change': True}
2026-06-18 16:15:47,408 : INFO : EventManager : Event: ======'machine_var_mpf_version'====== Args={'value': 'Mission Pinball Framework v0.80.0.dev12', 'prev_value': None, 'change': True}
2026-06-18 16:15:47,408 : INFO : EventManager : Event: ======'machine_var_mpf_extended_version'====== Args={'value': 'Mission Pinball Framework v0.80.0.dev12, Config version:6, Show version: 6, BCP version:1.1', 'prev_value': None, 'change': True}
2026-06-18 16:15:47,408 : INFO : EventManager : Event: ======'machine_var_python_version'====== Args={'value': '3.12.7', 'prev_value': None, 'change': True}
2026-06-18 16:15:47,438 : INFO : EventManager : Event: ======'machine_var_platform'====== Args={'value': 'Windows-10-10.0.19044-SP0', 'prev_value': None, 'change': True}
2026-06-18 16:15:47,438 : INFO : EventManager : Event: ======'machine_var_platform_system'====== Args={'value': 'Windows', 'prev_value': None, 'change': True}
2026-06-18 16:15:47,438 : INFO : EventManager : Event: ======'machine_var_platform_release'====== Args={'value': '10', 'prev_value': None, 'change': True}
2026-06-18 16:15:47,438 : INFO : EventManager : Event: ======'machine_var_platform_version'====== Args={'value': '10.0.19044', 'prev_value': None, 'change': True}
2026-06-18 16:15:47,438 : INFO : EventManager : Event: ======'machine_var_platform_machine'====== Args={'value': 'AMD64', 'prev_value': None, 'change': True}
2026-06-18 16:15:47,438 : INFO : EventManager : Event: ======'machine_var_log_file_path'====== Args={'value': 'C:\\Users\\tl\\Documents\\tl-pinball\\logs\\2026-06-18-16-15-43-mpf-DESKTOP-HV85DRD.log', 'prev_value': None, 'change': True}
2026-06-18 16:15:47,438 : INFO : EventManager : Event: ======'init_phase_1'====== Args={}
2026-06-18 16:15:47,587 : INFO : EventManager : Event: ======'drop_target_bank_dt_bank_1_4_up'====== Args={}
2026-06-18 16:15:47,587 : INFO : EventManager : Event: ======'drop_target_bank_dt_bank_5_7_up'====== Args={}
2026-06-18 16:15:50,007 : INFO : SwitchController : <<<<<<< 's_38_star_rollover_bottom' active >>>>>>>
2026-06-18 16:15:50,007 : INFO : SwitchController : <<<<<<< 's_44_spinner_right' active >>>>>>>
2026-06-18 16:15:50,007 : INFO : SwitchController : <<<<<<< 's_64_varitarget_position_1' active >>>>>>>
2026-06-18 16:15:50,007 : INFO : SwitchController : <<<<<<< 's_67_varitarget_position_4' active >>>>>>>
2026-06-18 16:15:50,007 : INFO : SwitchController : <<<<<<< 's_71_spinner_left' active >>>>>>>
2026-06-18 16:15:50,102 : INFO : EventManager : Event: ======'init_phase_2'====== Args={}
2026-06-18 16:15:50,102 : INFO : SwitchController : Found active switch: (54, [FAST Platform Interface]) <switch.s_38_star_rollover_bottom>
2026-06-18 16:15:50,102 : INFO : SwitchController : Found active switch: (60, [FAST Platform Interface]) <switch.s_44_spinner_right>
2026-06-18 16:15:50,103 : INFO : SwitchController : Found active switch: (32, [FAST Platform Interface]) <switch.s_64_varitarget_position_1>
2026-06-18 16:15:50,103 : INFO : SwitchController : Found active switch: (35, [FAST Platform Interface]) <switch.s_67_varitarget_position_4>
2026-06-18 16:15:50,103 : INFO : SwitchController : Found active switch: (39, [FAST Platform Interface]) <switch.s_71_spinner_left>
2026-06-18 16:15:50,137 : INFO : EventManager : Event: ======'bcp_connection_attempt'====== Args={'name': 'local_display', 'host': 'localhost', 'port': 5050}
2026-06-18 16:15:50,138 : INFO : BCPClientSocket : Connecting BCP to 'local_display' at localhost:5050...
2026-06-18 16:15:50,148 : INFO : BCPClientSocket : Connected BCP to 'local_display' localhost:5050
2026-06-18 16:15:50,149 : INFO : EventManager : Event: ======'bcp_clients_connected'====== Args={}
2026-06-18 16:15:50,150 : INFO : ball_device.bd_plunger : BCH: Initial count: 0
2026-06-18 16:15:50,150 : INFO : ball_device.bd_plunger : State: idle
2026-06-18 16:15:50,152 : INFO : ball_device.bd_trough : BCH: Initial count: 0
2026-06-18 16:15:50,152 : INFO : ball_device.bd_trough : State: idle
2026-06-18 16:15:50,152 : INFO : ball_device.bd_left_vuk : BCH: Initial count: 0
2026-06-18 16:15:50,152 : INFO : ball_device.bd_left_vuk : State: idle
2026-06-18 16:15:50,153 : INFO : ball_device.bd_right_vuk : BCH: Initial count: 0
2026-06-18 16:15:50,153 : INFO : ball_device.bd_right_vuk : State: idle
2026-06-18 16:15:50,168 : INFO : EventManager : Event: ======'init_phase_3'====== Args={}
2026-06-18 16:17:18,630 : INFO : EventManager : Event: ======'init_phase_4'====== Args={}
2026-06-18 16:17:18,631 : INFO : BallController : Initial balls found: 0
2026-06-18 16:17:18,633 : INFO : EventManager : Event: ======'machine_var_audits_events_game_ended'====== Args={'value': 225, 'prev_value': None, 'change': True}
2026-06-18 16:17:18,633 : INFO : EventManager : Event: ======'machine_var_audits_events_game_started'====== Args={'value': 297, 'prev_value': None, 'change': True}
2026-06-18 16:17:18,633 : INFO : EventManager : Event: ======'machine_var_audits_missing_switches_s_00_service_esc'====== Args={'value': 297, 'prev_value': None, 'change': True}
2026-06-18 16:17:18,633 : INFO : EventManager : Event: ======'machine_var_audits_missing_switches_s_01_service_up'====== Args={'value': 297, 'prev_value': None, 'change': True}
2026-06-18 16:17:18,634 : INFO : EventManager : Event: ======'machine_var_audits_missing_switches_s_02_service_down'====== Args={'value': 297, 'prev_value': None, 'change': True}
2026-06-18 16:17:18,634 : INFO : EventManager : Event: ======'machine_var_audits_missing_switches_s_03_service_enter'====== Args={'value': 297, 'prev_value': None, 'change': True}
2026-06-18 16:17:18,634 : INFO : EventManager : Event: ======'machine_var_audits_missing_switches_s_11_start_button'====== Args={'value': 3, 'prev_value': None, 'change': True}
2026-06-18 16:17:18,634 : INFO : EventManager : Event: ======'machine_var_audits_missing_switches_s_19_cab_arrow_left'====== Args={'value': 46, 'prev_value': None, 'change': True}
2026-06-18 16:17:18,634 : INFO : EventManager : Event: ======'machine_var_audits_missing_switches_s_20_cab_arrow_right'====== Args={'value': 46, 'prev_value': None, 'change': True}
2026-06-18 16:17:18,634 : INFO : EventManager : Event: ======'machine_var_audits_missing_switches_s_32_right_inlane'====== Args={'value': 2, 'prev_value': None, 'change': True}
2026-06-18 16:17:18,634 : INFO : EventManager : Event: ======'machine_var_audits_missing_switches_s_33_right_outlane'====== Args={'value': 18, 'prev_value': None, 'change': True}
2026-06-18 16:17:18,634 : INFO : EventManager : Event: ======'machine_var_audits_missing_switches_s_34_right_sling'====== Args={'value': 2, 'prev_value': None, 'change': True}
2026-06-18 16:17:18,634 : INFO : EventManager : Event: ======'machine_var_audits_missing_switches_s_36_left_outlane'====== Args={'value': 2, 'prev_value': None, 'change': True}
2026-06-18 16:17:18,634 : INFO : EventManager : Event: ======'machine_var_audits_missing_switches_s_37_left_sling'====== Args={'value': 9, 'prev_value': None, 'change': True}
2026-06-18 16:17:18,634 : INFO : EventManager : Event: ======'machine_var_audits_missing_switches_s_38_star_rollover_bottom'====== Args={'value': 297, 'prev_value': None, 'change': True}
2026-06-18 16:17:18,634 : INFO : EventManager : Event: ======'machine_var_audits_missing_switches_s_39_star_rollover_top'====== Args={'value': 13, 'prev_value': None, 'change': True}
2026-06-18 16:17:18,634 : INFO : EventManager : Event: ======'machine_var_audits_missing_switches_s_42_stand_up_target_1'====== Args={'value': 5, 'prev_value': None, 'change': True}
2026-06-18 16:17:18,634 : INFO : EventManager : Event: ======'machine_var_audits_missing_switches_s_44_spinner_right'====== Args={'value': 5, 'prev_value': None, 'change': True}
2026-06-18 16:17:18,634 : INFO : EventManager : Event: ======'machine_var_audits_missing_switches_s_56_pop_bumper_right'====== Args={'value': 2, 'prev_value': None, 'change': True}
2026-06-18 16:17:18,634 : INFO : EventManager : Event: ======'machine_var_audits_missing_switches_s_57_pop_bumper_center'====== Args={'value': 2, 'prev_value': None, 'change': True}
2026-06-18 16:17:18,634 : INFO : EventManager : Event: ======'machine_var_audits_missing_switches_s_59_saucer_right'====== Args={'value': 2, 'prev_value': None, 'change': True}
2026-06-18 16:17:18,634 : INFO : EventManager : Event: ======'machine_var_audits_missing_switches_s_61_top_lane_b'====== Args={'value': 2, 'prev_value': None, 'change': True}
2026-06-18 16:17:18,634 : INFO : EventManager : Event: ======'machine_var_audits_missing_switches_s_62_top_lane_a'====== Args={'value': 2, 'prev_value': None, 'change': True}
2026-06-18 16:17:18,635 : INFO : EventManager : Event: ======'machine_var_audits_missing_switches_s_70_varitarget_position_7'====== Args={'value': 6, 'prev_value': None, 'change': True}
2026-06-18 16:17:18,635 : INFO : EventManager : Event: ======'machine_var_audits_missing_switches_s_72_single_drop_1'====== Args={'value': 6, 'prev_value': None, 'change': True}
2026-06-18 16:17:18,635 : INFO : EventManager : Event: ======'machine_var_audits_missing_switches_s_73_fourbank_drop_1'====== Args={'value': 2, 'prev_value': None, 'change': True}
2026-06-18 16:17:18,635 : INFO : EventManager : Event: ======'machine_var_audits_missing_switches_s_74_fourbank_drop_2'====== Args={'value': 2, 'prev_value': None, 'change': True}
2026-06-18 16:17:18,635 : INFO : EventManager : Event: ======'machine_var_audits_missing_switches_s_76_fourbank_drop_4'====== Args={'value': 2, 'prev_value': None, 'change': True}
2026-06-18 16:17:18,635 : INFO : EventManager : Event: ======'machine_var_audits_missing_switches_s_77_threebank_drop_1'====== Args={'value': 2, 'prev_value': None, 'change': True}
2026-06-18 16:17:18,635 : INFO : EventManager : Event: ======'machine_var_audits_missing_switches_s_78_threebank_drop_2'====== Args={'value': 2, 'prev_value': None, 'change': True}
2026-06-18 16:17:18,635 : INFO : EventManager : Event: ======'machine_var_audits_missing_switches_s_79_threebank_drop_3'====== Args={'value': 2, 'prev_value': None, 'change': True}
2026-06-18 16:17:18,635 : INFO : EventManager : Event: ======'machine_var_audits_missing_switches_s_80_stand_up_target_2'====== Args={'value': 9, 'prev_value': None, 'change': True}
2026-06-18 16:17:18,635 : INFO : EventManager : Event: ======'machine_var_audits_missing_switches_s_81_saucer_left'====== Args={'value': 9, 'prev_value': None, 'change': True}
2026-06-18 16:17:18,635 : INFO : EventManager : Event: ======'machine_var_audits_missing_switches_s_82_stand_up_target_bank_1'====== Args={'value': 2, 'prev_value': None, 'change': True}
2026-06-18 16:17:18,635 : INFO : EventManager : Event: ======'machine_var_audits_missing_switches_s_84_stand_up_target_bank_3'====== Args={'value': 2, 'prev_value': None, 'change': True}
2026-06-18 16:17:18,635 : INFO : EventManager : Event: ======'machine_var_audits_missing_switches_s_85_stand_up_target_bank_4'====== Args={'value': 6, 'prev_value': None, 'change': True}
2026-06-18 16:17:18,635 : INFO : EventManager : Event: ======'machine_var_audits_missing_switches_s_86_stand_up_target_bank_5'====== Args={'value': 2, 'prev_value': None, 'change': True}
2026-06-18 16:17:18,635 : INFO : EventManager : Event: ======'machine_var_audits_missing_switches_s_87_stand_up_target_bank_6'====== Args={'value': 2, 'prev_value': None, 'change': True}
2026-06-18 16:17:18,635 : INFO : EventManager : Event: ======'machine_var_audits_player_score'====== Args={'value': {'average': 3653700, 'top': [60018463, 59609688, 42237405, 41485698, 41210934, 16952098, 16165754, 15395868, 11523400, 11039719], 'total': 225}, 'prev_value': None, 'change': True}
2026-06-18 16:17:18,635 : INFO : EventManager : Event: ======'machine_var_audits_shots_resistance_qualify_target_5'====== Args={'value': 24, 'prev_value': None, 'change': True}
2026-06-18 16:17:18,635 : INFO : EventManager : Event: ======'machine_var_audits_shots_resistance_qualify_target_6'====== Args={'value': 34, 'prev_value': None, 'change': True}
2026-06-18 16:17:18,635 : INFO : EventManager : Event: ======'machine_var_audits_shots_resistance_right_inlane_start'====== Args={'value': 10, 'prev_value': None, 'change': True}
2026-06-18 16:17:18,635 : INFO : EventManager : Event: ======'machine_var_audits_shots_resistance_saucer_stage_5'====== Args={'value': 4, 'prev_value': None, 'change': True}
2026-06-18 16:17:18,635 : INFO : EventManager : Event: ======'machine_var_audits_shots_resistance_single_drop_stage_5'====== Args={'value': 4, 'prev_value': None, 'change': True}
2026-06-18 16:17:18,635 : INFO : EventManager : Event: ======'machine_var_audits_shots_resistance_top_lane_stage_2'====== Args={'value': 21, 'prev_value': None, 'change': True}
2026-06-18 16:17:18,636 : INFO : EventManager : Event: ======'machine_var_audits_shots_resistance_top_lane_stage_3'====== Args={'value': 14, 'prev_value': None, 'change': True}
2026-06-18 16:17:18,636 : INFO : EventManager : Event: ======'machine_var_audits_shots_resistance_top_lane_stage_4'====== Args={'value': 10, 'prev_value': None, 'change': True}
2026-06-18 16:17:18,636 : INFO : EventManager : Event: ======'machine_var_audits_shots_shot_dt_1'====== Args={'value': 408, 'prev_value': None, 'change': True}
2026-06-18 16:17:18,636 : INFO : EventManager : Event: ======'machine_var_audits_shots_shot_dt_2'====== Args={'value': 421, 'prev_value': None, 'change': True}
2026-06-18 16:17:18,636 : INFO : EventManager : Event: ======'machine_var_audits_shots_shot_dt_3'====== Args={'value': 439, 'prev_value': None, 'change': True}
2026-06-18 16:17:18,636 : INFO : EventManager : Event: ======'machine_var_audits_shots_shot_dt_4'====== Args={'value': 484, 'prev_value': None, 'change': True}
2026-06-18 16:17:18,636 : INFO : EventManager : Event: ======'machine_var_audits_shots_shot_dt_5'====== Args={'value': 228, 'prev_value': None, 'change': True}
2026-06-18 16:17:18,636 : INFO : EventManager : Event: ======'machine_var_audits_shots_shot_dt_6'====== Args={'value': 224, 'prev_value': None, 'change': True}
2026-06-18 16:17:18,636 : INFO : EventManager : Event: ======'machine_var_audits_shots_shot_dt_7'====== Args={'value': 215, 'prev_value': None, 'change': True}
2026-06-18 16:17:18,636 : INFO : EventManager : Event: ======'machine_var_audits_shots_shot_impossible'====== Args={'value': 146, 'prev_value': None, 'change': True}
2026-06-18 16:17:18,636 : INFO : EventManager : Event: ======'machine_var_audits_shots_shot_rollover_top'====== Args={'value': 107, 'prev_value': None, 'change': True}
2026-06-18 16:17:18,636 : INFO : EventManager : Event: ======'machine_var_audits_shots_shot_slingshot_l'====== Args={'value': 360, 'prev_value': None, 'change': True}
2026-06-18 16:17:18,636 : INFO : EventManager : Event: ======'machine_var_audits_shots_shot_slingshot_r'====== Args={'value': 657, 'prev_value': None, 'change': True}
2026-06-18 16:17:18,636 : INFO : EventManager : Event: ======'machine_var_audits_shots_shot_sut_1'====== Args={'value': 144, 'prev_value': None, 'change': True}
2026-06-18 16:17:18,636 : INFO : EventManager : Event: ======'machine_var_audits_shots_shot_sut_2'====== Args={'value': 328, 'prev_value': None, 'change': True}
2026-06-18 16:17:18,636 : INFO : EventManager : Event: ======'machine_var_audits_shots_shot_sut_3'====== Args={'value': 173, 'prev_value': None, 'change': True}
2026-06-18 16:17:18,636 : INFO : EventManager : Event: ======'machine_var_audits_shots_shot_sut_4'====== Args={'value': 217, 'prev_value': None, 'change': True}
2026-06-18 16:17:18,636 : INFO : EventManager : Event: ======'machine_var_audits_shots_shot_sut_5'====== Args={'value': 308, 'prev_value': None, 'change': True}
2026-06-18 16:17:18,636 : INFO : EventManager : Event: ======'machine_var_audits_shots_shot_sut_6'====== Args={'value': 190, 'prev_value': None, 'change': True}
2026-06-18 16:17:18,636 : INFO : EventManager : Event: ======'machine_var_audits_shots_shot_sut_blue'====== Args={'value': 636, 'prev_value': None, 'change': True}
2026-06-18 16:17:18,636 : INFO : EventManager : Event: ======'machine_var_audits_shots_shot_sut_green'====== Args={'value': 334, 'prev_value': None, 'change': True}
2026-06-18 16:17:18,637 : INFO : EventManager : Event: ======'machine_var_audits_shots_shot_sut_red'====== Args={'value': 390, 'prev_value': None, 'change': True}
2026-06-18 16:17:18,637 : INFO : EventManager : Event: ======'machine_var_audits_shots_spinner_left'====== Args={'value': 2266, 'prev_value': None, 'change': True}
2026-06-18 16:17:18,637 : INFO : EventManager : Event: ======'machine_var_audits_shots_spinner_right'====== Args={'value': 1441, 'prev_value': None, 'change': True}
2026-06-18 16:17:18,637 : INFO : EventManager : Event: ======'machine_var_audits_shots_varitarget_p1'====== Args={'value': 6275, 'prev_value': None, 'change': True}
2026-06-18 16:17:18,637 : INFO : EventManager : Event: ======'machine_var_audits_shots_varitarget_p2'====== Args={'value': 469, 'prev_value': None, 'change': True}
2026-06-18 16:17:18,637 : INFO : EventManager : Event: ======'machine_var_audits_shots_varitarget_p3'====== Args={'value': 231, 'prev_value': None, 'change': True}
2026-06-18 16:17:18,637 : INFO : EventManager : Event: ======'machine_var_audits_shots_varitarget_p4'====== Args={'value': 156, 'prev_value': None, 'change': True}
2026-06-18 16:17:18,637 : INFO : EventManager : Event: ======'machine_var_audits_shots_varitarget_p5'====== Args={'value': 222, 'prev_value': None, 'change': True}
2026-06-18 16:17:18,637 : INFO : EventManager : Event: ======'machine_var_audits_shots_varitarget_p6'====== Args={'value': 396, 'prev_value': None, 'change': True}
2026-06-18 16:17:18,637 : INFO : EventManager : Event: ======'machine_var_audits_shots_varitarget_p7'====== Args={'value': 297, 'prev_value': None, 'change': True}
2026-06-18 16:17:18,637 : INFO : EventManager : Event: ======'machine_var_audits_switches_s_00_service_esc'====== Args={'value': 0, 'prev_value': None, 'change': True}
2026-06-18 16:17:18,637 : INFO : EventManager : Event: ======'machine_var_audits_switches_s_01_service_up'====== Args={'value': 0, 'prev_value': None, 'change': True}
2026-06-18 16:17:18,637 : INFO : EventManager : Event: ======'machine_var_audits_switches_s_02_service_down'====== Args={'value': 0, 'prev_value': None, 'change': True}
2026-06-18 16:17:18,637 : INFO : EventManager : Event: ======'machine_var_audits_switches_s_03_service_enter'====== Args={'value': 0, 'prev_value': None, 'change': True}
2026-06-18 16:17:18,637 : INFO : EventManager : Event: ======'machine_var_audits_switches_s_08_left_flipper'====== Args={'value': 3375, 'prev_value': None, 'change': True}
2026-06-18 16:17:18,637 : INFO : EventManager : Event: ======'machine_var_audits_switches_s_11_start_button'====== Args={'value': 239, 'prev_value': None, 'change': True}
2026-06-18 16:17:18,637 : INFO : EventManager : Event: ======'machine_var_audits_switches_s_16_right_flipper'====== Args={'value': 4786, 'prev_value': None, 'change': True}
2026-06-18 16:17:18,637 : INFO : EventManager : Event: ======'machine_var_audits_switches_s_17_right_flipper_upper'====== Args={'value': 3860, 'prev_value': None, 'change': True}
2026-06-18 16:17:18,637 : INFO : EventManager : Event: ======'machine_var_audits_switches_s_19_cab_arrow_left'====== Args={'value': 15, 'prev_value': None, 'change': True}
2026-06-18 16:17:18,638 : INFO : EventManager : Event: ======'machine_var_audits_switches_s_20_cab_arrow_right'====== Args={'value': 11, 'prev_value': None, 'change': True}
2026-06-18 16:17:18,638 : INFO : EventManager : Event: ======'machine_var_audits_switches_s_24_trough_1'====== Args={'value': 534, 'prev_value': None, 'change': True}
2026-06-18 16:17:18,638 : INFO : EventManager : Event: ======'machine_var_audits_switches_s_25_trough_2'====== Args={'value': 507, 'prev_value': None, 'change': True}
2026-06-18 16:17:18,638 : INFO : EventManager : Event: ======'machine_var_audits_switches_s_26_trough_3'====== Args={'value': 457, 'prev_value': None, 'change': True}
2026-06-18 16:17:18,638 : INFO : EventManager : Event: ======'machine_var_audits_switches_s_27_trough_4'====== Args={'value': 435, 'prev_value': None, 'change': True}
2026-06-18 16:17:18,638 : INFO : EventManager : Event: ======'machine_var_audits_switches_s_28_trough_5'====== Args={'value': 444, 'prev_value': None, 'change': True}
2026-06-18 16:17:18,638 : INFO : EventManager : Event: ======'machine_var_audits_switches_s_29_trough_6'====== Args={'value': 535, 'prev_value': None, 'change': True}
2026-06-18 16:17:18,638 : INFO : EventManager : Event: ======'machine_var_audits_switches_s_30_trough_jam'====== Args={'value': 589, 'prev_value': None, 'change': True}
2026-06-18 16:17:18,638 : INFO : EventManager : Event: ======'machine_var_audits_switches_s_31_plunger_lane'====== Args={'value': 838, 'prev_value': None, 'change': True}
2026-06-18 16:17:18,638 : INFO : EventManager : Event: ======'machine_var_audits_switches_s_32_right_inlane'====== Args={'value': 232, 'prev_value': None, 'change': True}
2026-06-18 16:17:18,638 : INFO : EventManager : Event: ======'machine_var_audits_switches_s_33_right_outlane'====== Args={'value': 20, 'prev_value': None, 'change': True}
2026-06-18 16:17:18,638 : INFO : EventManager : Event: ======'machine_var_audits_switches_s_34_right_sling'====== Args={'value': 659, 'prev_value': None, 'change': True}
2026-06-18 16:17:18,638 : INFO : EventManager : Event: ======'machine_var_audits_switches_s_35_left_inlane'====== Args={'value': 257, 'prev_value': None, 'change': True}
2026-06-18 16:17:18,638 : INFO : EventManager : Event: ======'machine_var_audits_switches_s_36_left_outlane'====== Args={'value': 149, 'prev_value': None, 'change': True}
2026-06-18 16:17:18,638 : INFO : EventManager : Event: ======'machine_var_audits_switches_s_37_left_sling'====== Args={'value': 362, 'prev_value': None, 'change': True}
2026-06-18 16:17:18,638 : INFO : EventManager : Event: ======'machine_var_audits_switches_s_38_star_rollover_bottom'====== Args={'value': 0, 'prev_value': None, 'change': True}
2026-06-18 16:17:18,638 : INFO : EventManager : Event: ======'machine_var_audits_switches_s_39_star_rollover_top'====== Args={'value': 107, 'prev_value': None, 'change': True}
2026-06-18 16:17:18,638 : INFO : EventManager : Event: ======'machine_var_audits_switches_s_40_stand_up_target_5'====== Args={'value': 272, 'prev_value': None, 'change': True}
2026-06-18 16:17:18,638 : INFO : EventManager : Event: ======'machine_var_audits_switches_s_41_stand_up_target_6'====== Args={'value': 371, 'prev_value': None, 'change': True}
2026-06-18 16:17:18,638 : INFO : EventManager : Event: ======'machine_var_audits_switches_s_42_stand_up_target_1'====== Args={'value': 146, 'prev_value': None, 'change': True}
2026-06-18 16:17:18,638 : INFO : EventManager : Event: ======'machine_var_audits_switches_s_43_stand_up_target_4'====== Args={'value': 444, 'prev_value': None, 'change': True}
2026-06-18 16:17:18,638 : INFO : EventManager : Event: ======'machine_var_audits_switches_s_44_spinner_right'====== Args={'value': 1456, 'prev_value': None, 'change': True}
2026-06-18 16:17:18,639 : INFO : EventManager : Event: ======'machine_var_audits_switches_s_56_pop_bumper_right'====== Args={'value': 687, 'prev_value': None, 'change': True}
2026-06-18 16:17:18,639 : INFO : EventManager : Event: ======'machine_var_audits_switches_s_57_pop_bumper_center'====== Args={'value': 1317, 'prev_value': None, 'change': True}
2026-06-18 16:17:18,639 : INFO : EventManager : Event: ======'machine_var_audits_switches_s_58_pop_bumper_left'====== Args={'value': 2417, 'prev_value': None, 'change': True}
2026-06-18 16:17:18,639 : INFO : EventManager : Event: ======'machine_var_audits_switches_s_59_saucer_right'====== Args={'value': 60, 'prev_value': None, 'change': True}
2026-06-18 16:17:18,639 : INFO : EventManager : Event: ======'machine_var_audits_switches_s_60_top_lane_c'====== Args={'value': 740, 'prev_value': None, 'change': True}
2026-06-18 16:17:18,639 : INFO : EventManager : Event: ======'machine_var_audits_switches_s_61_top_lane_b'====== Args={'value': 995, 'prev_value': None, 'change': True}
2026-06-18 16:17:18,639 : INFO : EventManager : Event: ======'machine_var_audits_switches_s_62_top_lane_a'====== Args={'value': 687, 'prev_value': None, 'change': True}
2026-06-18 16:17:18,639 : INFO : EventManager : Event: ======'machine_var_audits_switches_s_63_stand_up_target_3'====== Args={'value': 286, 'prev_value': None, 'change': True}
2026-06-18 16:17:18,639 : INFO : EventManager : Event: ======'machine_var_audits_switches_s_64_varitarget_position_1'====== Args={'value': 6315, 'prev_value': None, 'change': True}
2026-06-18 16:17:18,639 : INFO : EventManager : Event: ======'machine_var_audits_switches_s_65_varitarget_position_2'====== Args={'value': 469, 'prev_value': None, 'change': True}
2026-06-18 16:17:18,639 : INFO : EventManager : Event: ======'machine_var_audits_switches_s_66_varitarget_position_3'====== Args={'value': 231, 'prev_value': None, 'change': True}
2026-06-18 16:17:18,639 : INFO : EventManager : Event: ======'machine_var_audits_switches_s_67_varitarget_position_4'====== Args={'value': 156, 'prev_value': None, 'change': True}
2026-06-18 16:17:18,639 : INFO : EventManager : Event: ======'machine_var_audits_switches_s_68_varitarget_position_5'====== Args={'value': 222, 'prev_value': None, 'change': True}
2026-06-18 16:17:18,639 : INFO : EventManager : Event: ======'machine_var_audits_switches_s_69_varitarget_position_6'====== Args={'value': 396, 'prev_value': None, 'change': True}
2026-06-18 16:17:18,639 : INFO : EventManager : Event: ======'machine_var_audits_switches_s_70_varitarget_position_7'====== Args={'value': 297, 'prev_value': None, 'change': True}
2026-06-18 16:17:18,639 : INFO : EventManager : Event: ======'machine_var_audits_switches_s_71_spinner_left'====== Args={'value': 2271, 'prev_value': None, 'change': True}
2026-06-18 16:17:18,639 : INFO : EventManager : Event: ======'machine_var_audits_switches_s_72_single_drop_1'====== Args={'value': 155, 'prev_value': None, 'change': True}
2026-06-18 16:17:18,640 : INFO : EventManager : Event: ======'machine_var_audits_switches_s_73_fourbank_drop_1'====== Args={'value': 412, 'prev_value': None, 'change': True}
2026-06-18 16:17:18,640 : INFO : EventManager : Event: ======'machine_var_audits_switches_s_74_fourbank_drop_2'====== Args={'value': 425, 'prev_value': None, 'change': True}
2026-06-18 16:17:18,640 : INFO : EventManager : Event: ======'machine_var_audits_switches_s_75_fourbank_drop_3'====== Args={'value': 448, 'prev_value': None, 'change': True}
2026-06-18 16:17:18,640 : INFO : EventManager : Event: ======'machine_var_audits_switches_s_76_fourbank_drop_4'====== Args={'value': 516, 'prev_value': None, 'change': True}
2026-06-18 16:17:18,640 : INFO : EventManager : Event: ======'machine_var_audits_switches_s_77_threebank_drop_1'====== Args={'value': 334, 'prev_value': None, 'change': True}
2026-06-18 16:17:18,640 : INFO : EventManager : Event: ======'machine_var_audits_switches_s_78_threebank_drop_2'====== Args={'value': 239, 'prev_value': None, 'change': True}
2026-06-18 16:17:18,640 : INFO : EventManager : Event: ======'machine_var_audits_switches_s_79_threebank_drop_3'====== Args={'value': 218, 'prev_value': None, 'change': True}
2026-06-18 16:17:18,640 : INFO : EventManager : Event: ======'machine_var_audits_switches_s_80_stand_up_target_2'====== Args={'value': 65, 'prev_value': None, 'change': True}
2026-06-18 16:17:18,640 : INFO : EventManager : Event: ======'machine_var_audits_switches_s_81_saucer_left'====== Args={'value': 191, 'prev_value': None, 'change': True}
2026-06-18 16:17:18,640 : INFO : EventManager : Event: ======'machine_var_audits_switches_s_82_stand_up_target_bank_1'====== Args={'value': 144, 'prev_value': None, 'change': True}
2026-06-18 16:17:18,640 : INFO : EventManager : Event: ======'machine_var_audits_switches_s_83_stand_up_target_bank_2'====== Args={'value': 328, 'prev_value': None, 'change': True}
2026-06-18 16:17:18,640 : INFO : EventManager : Event: ======'machine_var_audits_switches_s_84_stand_up_target_bank_3'====== Args={'value': 173, 'prev_value': None, 'change': True}
2026-06-18 16:17:18,640 : INFO : EventManager : Event: ======'machine_var_audits_switches_s_85_stand_up_target_bank_4'====== Args={'value': 217, 'prev_value': None, 'change': True}
2026-06-18 16:17:18,640 : INFO : EventManager : Event: ======'machine_var_audits_switches_s_86_stand_up_target_bank_5'====== Args={'value': 308, 'prev_value': None, 'change': True}
2026-06-18 16:17:18,640 : INFO : EventManager : Event: ======'machine_var_audits_switches_s_87_stand_up_target_bank_6'====== Args={'value': 190, 'prev_value': None, 'change': True}
2026-06-18 16:17:18,641 : INFO : EventManager : Event: ======'init_phase_5'====== Args={}
2026-06-18 16:17:18,642 : INFO : EventManager : Event: ======'init_done'====== Args={}
2026-06-18 16:17:18,642 : INFO : EventManager : Event: ======'machine_reset_phase_1'====== Args={}
2026-06-18 16:17:18,650 : INFO : EventManager : Event: ======'machine_reset_phase_2'====== Args={}
2026-06-18 16:17:18,651 : INFO : EventManager : Event: ======'machine_reset_phase_3'====== Args={}
2026-06-18 16:17:18,651 : INFO : drop_target_bank.dt_bank_1_4 : All targets are already up. Will not reset bank.
2026-06-18 16:17:18,651 : INFO : drop_target_bank.dt_bank_5_7 : All targets are already up. Will not reset bank.
2026-06-18 16:17:18,651 : INFO : EventManager : Event: ======'reset_complete'====== Args={}
2026-06-18 16:17:18,651 : INFO : EventManager : Event: ======'mode_attract_will_start'====== Args={}
2026-06-18 16:17:18,652 : INFO : Timer.attract_carousel_timer : Starting Timer.
2026-06-18 16:17:18,652 : INFO : EventManager : Event: ======'timer_attract_carousel_timer_started'====== Args={'ticks': 0, 'ticks_remaining': 1}
2026-06-18 16:17:18,652 : INFO : EventManager : Event: ======'timer_attract_carousel_timer_tick'====== Args={'ticks': 0, 'ticks_remaining': 1}
2026-06-18 16:17:18,653 : INFO : EventManager : Event: ======'mode_attract_starting'====== Args={}
2026-06-18 16:17:18,653 : INFO : Mode.attract : Started. Priority: 10
2026-06-18 16:17:18,653 : INFO : EventManager : Event: ======'modes_active_modes_changed'====== Args={}
2026-06-18 16:17:18,653 : INFO : EventManager : Event: ======'mode_attract_started'====== Args={}
2026-06-18 16:17:18,653 : INFO : EventManager : Event: ======'start_mode_attract_scores'====== Args={'priority': 0}
2026-06-18 16:17:18,653 : INFO : EventManager : Event: ======'start_mode_attract_credits'====== Args={'priority': 0}
2026-06-18 16:17:18,654 : INFO : EventManager : Event: ======'attract_music_start'====== Args={'priority': 0}
2026-06-18 16:17:18,655 : INFO : EventManager : Event: ======'mode_attract_scores_will_start'====== Args={'priority': 0}
2026-06-18 16:17:18,656 : INFO : Timer.attract_scores_carousel_timer : Starting Timer.
2026-06-18 16:17:18,656 : INFO : EventManager : Event: ======'timer_attract_scores_carousel_timer_started'====== Args={'ticks': 0, 'ticks_remaining': 1}
2026-06-18 16:17:18,656 : INFO : EventManager : Event: ======'timer_attract_scores_carousel_timer_tick'====== Args={'ticks': 0, 'ticks_remaining': 1}
2026-06-18 16:17:18,657 : INFO : EventManager : Event: ======'mode_attract_scores_starting'====== Args={'priority': 0}
2026-06-18 16:17:18,657 : INFO : EventManager : Event: ======'mode_attract_credits_will_start'====== Args={'priority': 0}
2026-06-18 16:17:18,657 : INFO : Timer.attract_credits_carousel_timer : Starting Timer.
2026-06-18 16:17:18,657 : INFO : EventManager : Event: ======'timer_attract_credits_carousel_timer_started'====== Args={'ticks': 0, 'ticks_remaining': 1}
2026-06-18 16:17:18,658 : INFO : EventManager : Event: ======'timer_attract_credits_carousel_timer_tick'====== Args={'ticks': 0, 'ticks_remaining': 1}
2026-06-18 16:17:18,658 : INFO : EventManager : Event: ======'mode_attract_credits_starting'====== Args={'priority': 0}
2026-06-18 16:17:18,658 : INFO : Timer.attract_music_on_timer : Starting Timer.
2026-06-18 16:17:18,658 : INFO : EventManager : Event: ======'timer_attract_music_on_timer_started'====== Args={'ticks': 10, 'ticks_remaining': 10}
2026-06-18 16:17:18,658 : INFO : EventManager : Event: ======'timer_attract_music_on_timer_tick'====== Args={'ticks': 10, 'ticks_remaining': 10}
2026-06-18 16:17:18,659 : INFO : Mode.attract_credits : Started. Priority: 8
2026-06-18 16:17:18,659 : INFO : EventManager : Event: ======'modes_active_modes_changed'====== Args={}
2026-06-18 16:17:18,659 : INFO : EventManager : Event: ======'mode_attract_credits_started'====== Args={'priority': 0}
2026-06-18 16:17:18,659 : INFO : EventManager : Event: ======'carousel_item_highlighted'====== Args={'carousel': 'attract_credits', 'direction': None, 'item': 'credits_sfx'}
2026-06-18 16:17:18,659 : INFO : Mode.attract_scores : Started. Priority: 9
2026-06-18 16:17:18,659 : INFO : EventManager : Event: ======'modes_active_modes_changed'====== Args={}
2026-06-18 16:17:18,659 : INFO : EventManager : Event: ======'mode_attract_scores_started'====== Args={'priority': 0}
2026-06-18 16:17:18,660 : INFO : EventManager : Event: ======'carousel_item_highlighted'====== Args={'carousel': 'attract_scores', 'direction': None, 'item': 'last_game_score'}
2026-06-18 16:17:18,660 : INFO : EventManager : Event: ======'collecting_balls_complete'====== Args={}
2026-06-18 16:17:18,660 : INFO : EventManager : Event: ======'carousel_item_highlighted'====== Args={'carousel': 'attract', 'direction': None, 'item': 'title'}
2026-06-18 16:17:18,661 : INFO : Machine : Starting the main run loop with active modes: [<Mode.attract>, <Mode.attract_scores>, <Mode.attract_credits>]
2026-06-18 16:17:18,787 : INFO : EventManager : Event: ======'slide_attract_created'====== Args={'_from_bcp': True}
2026-06-18 16:17:18,787 : INFO : EventManager : Event: ======'slide__removed'====== Args={'_from_bcp': True}
2026-06-18 16:17:18,788 : INFO : EventManager : Event: ======'slide_attract_active'====== Args={'original_context': 'attract', 'original_calling_context': 'mode_attract_started', 'priority': 10.0, 'cmd': 'slides_play', '_from_bcp': True}
2026-06-18 16:17:19,654 : INFO : EventManager : Event: ======'timer_attract_music_on_timer_tick'====== Args={'ticks': 9, 'ticks_remaining': 9}
2026-06-18 16:17:20,660 : INFO : EventManager : Event: ======'timer_attract_music_on_timer_tick'====== Args={'ticks': 8, 'ticks_remaining': 8}
2026-06-18 16:17:21,654 : INFO : EventManager : Event: ======'timer_attract_music_on_timer_tick'====== Args={'ticks': 7, 'ticks_remaining': 7}
2026-06-18 16:17:22,664 : INFO : EventManager : Event: ======'timer_attract_music_on_timer_tick'====== Args={'ticks': 6, 'ticks_remaining': 6}
2026-06-18 16:17:23,661 : INFO : Timer.attract_credits_carousel_timer : Timer Complete
2026-06-18 16:17:23,661 : INFO : Timer.attract_credits_carousel_timer : Stopping Timer
2026-06-18 16:17:23,661 : INFO : EventManager : Event: ======'timer_attract_credits_carousel_timer_stopped'====== Args={'ticks': 1, 'ticks_remaining': 1}
2026-06-18 16:17:23,662 : INFO : EventManager : Event: ======'timer_attract_credits_carousel_timer_complete'====== Args={'ticks': 1, 'ticks_remaining': 1}
2026-06-18 16:17:23,662 : INFO : EventManager : Event: ======'timer_attract_music_on_timer_tick'====== Args={'ticks': 5, 'ticks_remaining': 5}
2026-06-18 16:17:23,662 : INFO : Timer.attract_scores_carousel_timer : Timer Complete
2026-06-18 16:17:23,662 : INFO : Timer.attract_scores_carousel_timer : Stopping Timer
2026-06-18 16:17:23,662 : INFO : EventManager : Event: ======'timer_attract_scores_carousel_timer_stopped'====== Args={'ticks': 1, 'ticks_remaining': 1}
2026-06-18 16:17:23,662 : INFO : EventManager : Event: ======'timer_attract_scores_carousel_timer_complete'====== Args={'ticks': 1, 'ticks_remaining': 1}
2026-06-18 16:17:23,662 : INFO : Timer.attract_carousel_timer : Timer Complete
2026-06-18 16:17:23,662 : INFO : Timer.attract_carousel_timer : Stopping Timer
2026-06-18 16:17:23,662 : INFO : EventManager : Event: ======'timer_attract_carousel_timer_stopped'====== Args={'ticks': 1, 'ticks_remaining': 1}
2026-06-18 16:17:23,662 : INFO : EventManager : Event: ======'timer_attract_carousel_timer_complete'====== Args={'ticks': 1, 'ticks_remaining': 1}
2026-06-18 16:17:23,663 : INFO : EventManager : Event: ======'carousel_item_highlighted'====== Args={'carousel': 'attract_credits', 'direction': 'forwards', 'item': 'credits_mpf'}
2026-06-18 16:17:23,663 : INFO : EventManager : Event: ======'carousel_item_highlighted'====== Args={'carousel': 'attract_scores', 'direction': 'forwards', 'item': 'grand_champion'}
2026-06-18 16:17:23,664 : INFO : EventManager : Event: ======'carousel_item_highlighted'====== Args={'carousel': 'attract', 'direction': 'forwards', 'item': 'title2'}
2026-06-18 16:17:23,664 : INFO : Timer.attract_carousel_timer : Starting Timer.
2026-06-18 16:17:23,664 : INFO : EventManager : Event: ======'timer_attract_carousel_timer_started'====== Args={'ticks': 0, 'ticks_remaining': 1}
2026-06-18 16:17:23,664 : INFO : EventManager : Event: ======'timer_attract_carousel_timer_tick'====== Args={'ticks': 0, 'ticks_remaining': 1}
2026-06-18 16:17:24,654 : INFO : EventManager : Event: ======'timer_attract_music_on_timer_tick'====== Args={'ticks': 4, 'ticks_remaining': 4}
2026-06-18 16:17:25,663 : INFO : EventManager : Event: ======'timer_attract_music_on_timer_tick'====== Args={'ticks': 3, 'ticks_remaining': 3}
2026-06-18 16:17:26,653 : INFO : EventManager : Event: ======'timer_attract_music_on_timer_tick'====== Args={'ticks': 2, 'ticks_remaining': 2}
2026-06-18 16:17:27,664 : INFO : EventManager : Event: ======'timer_attract_music_on_timer_tick'====== Args={'ticks': 1, 'ticks_remaining': 1}
2026-06-18 16:17:28,649 : INFO : Timer.attract_music_on_timer : Timer Complete
2026-06-18 16:17:28,649 : INFO : Timer.attract_music_on_timer : Stopping Timer
2026-06-18 16:17:28,649 : INFO : EventManager : Event: ======'timer_attract_music_on_timer_stopped'====== Args={'ticks': 0, 'ticks_remaining': 1}
2026-06-18 16:17:28,649 : INFO : EventManager : Event: ======'timer_attract_music_on_timer_complete'====== Args={'ticks': 0, 'ticks_remaining': 1}
2026-06-18 16:17:28,650 : INFO : Timer.attract_carousel_timer : Timer Complete
2026-06-18 16:17:28,650 : INFO : Timer.attract_carousel_timer : Stopping Timer
2026-06-18 16:17:28,650 : INFO : EventManager : Event: ======'timer_attract_carousel_timer_stopped'====== Args={'ticks': 1, 'ticks_remaining': 1}
2026-06-18 16:17:28,650 : INFO : EventManager : Event: ======'timer_attract_carousel_timer_complete'====== Args={'ticks': 1, 'ticks_remaining': 1}
2026-06-18 16:17:28,650 : INFO : EventManager : Event: ======'attract_music_stop'====== Args={'priority': 0}
2026-06-18 16:17:28,651 : INFO : Timer.attract_music_on_timer : Stopping Timer
2026-06-18 16:17:28,651 : INFO : EventManager : Event: ======'timer_attract_music_on_timer_stopped'====== Args={'ticks': 0, 'ticks_remaining': 1}
2026-06-18 16:17:28,651 : INFO : EventManager : Event: ======'carousel_item_highlighted'====== Args={'carousel': 'attract', 'direction': 'forwards', 'item': 'title'}
2026-06-18 16:17:28,651 : INFO : Timer.attract_carousel_timer : Starting Timer.
2026-06-18 16:17:28,651 : INFO : EventManager : Event: ======'timer_attract_carousel_timer_started'====== Args={'ticks': 0, 'ticks_remaining': 1}
2026-06-18 16:17:28,651 : INFO : EventManager : Event: ======'timer_attract_carousel_timer_tick'====== Args={'ticks': 0, 'ticks_remaining': 1}
2026-06-18 16:17:33,653 : INFO : Timer.attract_carousel_timer : Timer Complete
2026-06-18 16:17:33,653 : INFO : Timer.attract_carousel_timer : Stopping Timer
2026-06-18 16:17:33,653 : INFO : EventManager : Event: ======'timer_attract_carousel_timer_stopped'====== Args={'ticks': 1, 'ticks_remaining': 1}
2026-06-18 16:17:33,653 : INFO : EventManager : Event: ======'timer_attract_carousel_timer_complete'====== Args={'ticks': 1, 'ticks_remaining': 1}
2026-06-18 16:17:33,654 : INFO : EventManager : Event: ======'carousel_item_highlighted'====== Args={'carousel': 'attract', 'direction': 'forwards', 'item': 'title2'}
2026-06-18 16:17:33,654 : INFO : Timer.attract_carousel_timer : Starting Timer.
2026-06-18 16:17:33,654 : INFO : EventManager : Event: ======'timer_attract_carousel_timer_started'====== Args={'ticks': 0, 'ticks_remaining': 1}
2026-06-18 16:17:33,654 : INFO : EventManager : Event: ======'timer_attract_carousel_timer_tick'====== Args={'ticks': 0, 'ticks_remaining': 1}
2026-06-18 16:17:38,652 : INFO : Timer.attract_carousel_timer : Timer Complete
2026-06-18 16:17:38,652 : INFO : Timer.attract_carousel_timer : Stopping Timer
2026-06-18 16:17:38,653 : INFO : EventManager : Event: ======'timer_attract_carousel_timer_stopped'====== Args={'ticks': 1, 'ticks_remaining': 1}
2026-06-18 16:17:38,653 : INFO : EventManager : Event: ======'timer_attract_carousel_timer_complete'====== Args={'ticks': 1, 'ticks_remaining': 1}
2026-06-18 16:17:38,653 : INFO : EventManager : Event: ======'carousel_item_highlighted'====== Args={'carousel': 'attract', 'direction': 'forwards', 'item': 'title'}
2026-06-18 16:17:38,653 : INFO : Timer.attract_carousel_timer : Starting Timer.
2026-06-18 16:17:38,654 : INFO : EventManager : Event: ======'timer_attract_carousel_timer_started'====== Args={'ticks': 0, 'ticks_remaining': 1}
2026-06-18 16:17:38,654 : INFO : EventManager : Event: ======'timer_attract_carousel_timer_tick'====== Args={'ticks': 0, 'ticks_remaining': 1}
2026-06-18 16:17:43,665 : INFO : Timer.attract_carousel_timer : Timer Complete
2026-06-18 16:17:43,665 : INFO : Timer.attract_carousel_timer : Stopping Timer
2026-06-18 16:17:43,665 : INFO : EventManager : Event: ======'timer_attract_carousel_timer_stopped'====== Args={'ticks': 1, 'ticks_remaining': 1}
2026-06-18 16:17:43,665 : INFO : EventManager : Event: ======'timer_attract_carousel_timer_complete'====== Args={'ticks': 1, 'ticks_remaining': 1}
2026-06-18 16:17:43,666 : INFO : EventManager : Event: ======'carousel_item_highlighted'====== Args={'carousel': 'attract', 'direction': 'forwards', 'item': 'title2'}
2026-06-18 16:17:43,666 : INFO : Timer.attract_carousel_timer : Starting Timer.
2026-06-18 16:17:43,666 : INFO : EventManager : Event: ======'timer_attract_carousel_timer_started'====== Args={'ticks': 0, 'ticks_remaining': 1}
2026-06-18 16:17:43,666 : INFO : EventManager : Event: ======'timer_attract_carousel_timer_tick'====== Args={'ticks': 0, 'ticks_remaining': 1}
2026-06-18 16:17:48,663 : INFO : Timer.attract_carousel_timer : Timer Complete
2026-06-18 16:17:48,663 : INFO : Timer.attract_carousel_timer : Stopping Timer
2026-06-18 16:17:48,663 : INFO : EventManager : Event: ======'timer_attract_carousel_timer_stopped'====== Args={'ticks': 1, 'ticks_remaining': 1}
2026-06-18 16:17:48,663 : INFO : EventManager : Event: ======'timer_attract_carousel_timer_complete'====== Args={'ticks': 1, 'ticks_remaining': 1}
2026-06-18 16:17:48,664 : INFO : EventManager : Event: ======'carousel_item_highlighted'====== Args={'carousel': 'attract', 'direction': 'forwards', 'item': 'title'}
2026-06-18 16:17:48,664 : INFO : Timer.attract_carousel_timer : Starting Timer.
2026-06-18 16:17:48,664 : INFO : EventManager : Event: ======'timer_attract_carousel_timer_started'====== Args={'ticks': 0, 'ticks_remaining': 1}
2026-06-18 16:17:48,664 : INFO : EventManager : Event: ======'timer_attract_carousel_timer_tick'====== Args={'ticks': 0, 'ticks_remaining': 1}
2026-06-18 16:17:53,663 : INFO : Timer.attract_carousel_timer : Timer Complete
2026-06-18 16:17:53,663 : INFO : Timer.attract_carousel_timer : Stopping Timer
2026-06-18 16:17:53,663 : INFO : EventManager : Event: ======'timer_attract_carousel_timer_stopped'====== Args={'ticks': 1, 'ticks_remaining': 1}
2026-06-18 16:17:53,663 : INFO : EventManager : Event: ======'timer_attract_carousel_timer_complete'====== Args={'ticks': 1, 'ticks_remaining': 1}
2026-06-18 16:17:53,663 : INFO : EventManager : Event: ======'carousel_item_highlighted'====== Args={'carousel': 'attract', 'direction': 'forwards', 'item': 'title2'}
2026-06-18 16:17:53,663 : INFO : Timer.attract_carousel_timer : Starting Timer.
2026-06-18 16:17:53,664 : INFO : EventManager : Event: ======'timer_attract_carousel_timer_started'====== Args={'ticks': 0, 'ticks_remaining': 1}
2026-06-18 16:17:53,664 : INFO : EventManager : Event: ======'timer_attract_carousel_timer_tick'====== Args={'ticks': 0, 'ticks_remaining': 1}
2026-06-18 16:17:58,661 : INFO : Timer.attract_carousel_timer : Timer Complete
2026-06-18 16:17:58,661 : INFO : Timer.attract_carousel_timer : Stopping Timer
2026-06-18 16:17:58,661 : INFO : EventManager : Event: ======'timer_attract_carousel_timer_stopped'====== Args={'ticks': 1, 'ticks_remaining': 1}
2026-06-18 16:17:58,662 : INFO : EventManager : Event: ======'timer_attract_carousel_timer_complete'====== Args={'ticks': 1, 'ticks_remaining': 1}
2026-06-18 16:17:58,662 : INFO : EventManager : Event: ======'carousel_item_highlighted'====== Args={'carousel': 'attract', 'direction': 'forwards', 'item': 'title'}
2026-06-18 16:17:58,662 : INFO : Timer.attract_carousel_timer : Starting Timer.
2026-06-18 16:17:58,662 : INFO : EventManager : Event: ======'timer_attract_carousel_timer_started'====== Args={'ticks': 0, 'ticks_remaining': 1}
2026-06-18 16:17:58,662 : INFO : EventManager : Event: ======'timer_attract_carousel_timer_tick'====== Args={'ticks': 0, 'ticks_remaining': 1}
2026-06-18 16:18:03,662 : INFO : Timer.attract_carousel_timer : Timer Complete
2026-06-18 16:18:03,662 : INFO : Timer.attract_carousel_timer : Stopping Timer
2026-06-18 16:18:03,663 : INFO : EventManager : Event: ======'timer_attract_carousel_timer_stopped'====== Args={'ticks': 1, 'ticks_remaining': 1}
2026-06-18 16:18:03,663 : INFO : EventManager : Event: ======'timer_attract_carousel_timer_complete'====== Args={'ticks': 1, 'ticks_remaining': 1}
2026-06-18 16:18:03,663 : INFO : EventManager : Event: ======'carousel_item_highlighted'====== Args={'carousel': 'attract', 'direction': 'forwards', 'item': 'title2'}
2026-06-18 16:18:03,664 : INFO : Timer.attract_carousel_timer : Starting Timer.
2026-06-18 16:18:03,664 : INFO : EventManager : Event: ======'timer_attract_carousel_timer_started'====== Args={'ticks': 0, 'ticks_remaining': 1}
2026-06-18 16:18:03,664 : INFO : EventManager : Event: ======'timer_attract_carousel_timer_tick'====== Args={'ticks': 0, 'ticks_remaining': 1}
2026-06-18 16:18:08,663 : INFO : Timer.attract_carousel_timer : Timer Complete
2026-06-18 16:18:08,663 : INFO : Timer.attract_carousel_timer : Stopping Timer
2026-06-18 16:18:08,663 : INFO : EventManager : Event: ======'timer_attract_carousel_timer_stopped'====== Args={'ticks': 1, 'ticks_remaining': 1}
2026-06-18 16:18:08,663 : INFO : EventManager : Event: ======'timer_attract_carousel_timer_complete'====== Args={'ticks': 1, 'ticks_remaining': 1}
2026-06-18 16:18:08,663 : INFO : EventManager : Event: ======'carousel_item_highlighted'====== Args={'carousel': 'attract', 'direction': 'forwards', 'item': 'title'}
2026-06-18 16:18:08,664 : INFO : Timer.attract_carousel_timer : Starting Timer.
2026-06-18 16:18:08,664 : INFO : EventManager : Event: ======'timer_attract_carousel_timer_started'====== Args={'ticks': 0, 'ticks_remaining': 1}
2026-06-18 16:18:08,664 : INFO : EventManager : Event: ======'timer_attract_carousel_timer_tick'====== Args={'ticks': 0, 'ticks_remaining': 1}
2026-06-18 16:18:13,658 : INFO : Timer.attract_carousel_timer : Timer Complete
2026-06-18 16:18:13,658 : INFO : Timer.attract_carousel_timer : Stopping Timer
2026-06-18 16:18:13,658 : INFO : EventManager : Event: ======'timer_attract_carousel_timer_stopped'====== Args={'ticks': 1, 'ticks_remaining': 1}
2026-06-18 16:18:13,658 : INFO : EventManager : Event: ======'timer_attract_carousel_timer_complete'====== Args={'ticks': 1, 'ticks_remaining': 1}
2026-06-18 16:18:13,658 : INFO : EventManager : Event: ======'carousel_item_highlighted'====== Args={'carousel': 'attract', 'direction': 'forwards', 'item': 'title2'}
2026-06-18 16:18:13,658 : INFO : Timer.attract_carousel_timer : Starting Timer.
2026-06-18 16:18:13,659 : INFO : EventManager : Event: ======'timer_attract_carousel_timer_started'====== Args={'ticks': 0, 'ticks_remaining': 1}
2026-06-18 16:18:13,659 : INFO : EventManager : Event: ======'timer_attract_carousel_timer_tick'====== Args={'ticks': 0, 'ticks_remaining': 1}
2026-06-18 16:18:18,659 : INFO : Timer.attract_carousel_timer : Timer Complete
2026-06-18 16:18:18,659 : INFO : Timer.attract_carousel_timer : Stopping Timer
2026-06-18 16:18:18,659 : INFO : EventManager : Event: ======'timer_attract_carousel_timer_stopped'====== Args={'ticks': 1, 'ticks_remaining': 1}
2026-06-18 16:18:18,659 : INFO : EventManager : Event: ======'timer_attract_carousel_timer_complete'====== Args={'ticks': 1, 'ticks_remaining': 1}
2026-06-18 16:18:18,661 : INFO : EventManager : Event: ======'carousel_item_highlighted'====== Args={'carousel': 'attract', 'direction': 'forwards', 'item': 'title'}
2026-06-18 16:18:18,661 : INFO : Timer.attract_carousel_timer : Starting Timer.
2026-06-18 16:18:18,661 : INFO : EventManager : Event: ======'timer_attract_carousel_timer_started'====== Args={'ticks': 0, 'ticks_remaining': 1}
2026-06-18 16:18:18,661 : INFO : EventManager : Event: ======'timer_attract_carousel_timer_tick'====== Args={'ticks': 0, 'ticks_remaining': 1}
2026-06-18 16:18:23,658 : INFO : Timer.attract_carousel_timer : Timer Complete
2026-06-18 16:18:23,658 : INFO : Timer.attract_carousel_timer : Stopping Timer
2026-06-18 16:18:23,658 : INFO : EventManager : Event: ======'timer_attract_carousel_timer_stopped'====== Args={'ticks': 1, 'ticks_remaining': 1}
2026-06-18 16:18:23,658 : INFO : EventManager : Event: ======'timer_attract_carousel_timer_complete'====== Args={'ticks': 1, 'ticks_remaining': 1}
2026-06-18 16:18:23,659 : INFO : EventManager : Event: ======'carousel_item_highlighted'====== Args={'carousel': 'attract', 'direction': 'forwards', 'item': 'title2'}
2026-06-18 16:18:23,659 : INFO : Timer.attract_carousel_timer : Starting Timer.
2026-06-18 16:18:23,659 : INFO : EventManager : Event: ======'timer_attract_carousel_timer_started'====== Args={'ticks': 0, 'ticks_remaining': 1}
2026-06-18 16:18:23,659 : INFO : EventManager : Event: ======'timer_attract_carousel_timer_tick'====== Args={'ticks': 0, 'ticks_remaining': 1}
2026-06-18 16:18:28,649 : INFO : Timer.attract_carousel_timer : Timer Complete
2026-06-18 16:18:28,649 : INFO : Timer.attract_carousel_timer : Stopping Timer
2026-06-18 16:18:28,650 : INFO : EventManager : Event: ======'timer_attract_carousel_timer_stopped'====== Args={'ticks': 1, 'ticks_remaining': 1}
2026-06-18 16:18:28,650 : INFO : EventManager : Event: ======'timer_attract_carousel_timer_complete'====== Args={'ticks': 1, 'ticks_remaining': 1}
2026-06-18 16:18:28,650 : INFO : EventManager : Event: ======'carousel_item_highlighted'====== Args={'carousel': 'attract', 'direction': 'forwards', 'item': 'title'}
2026-06-18 16:18:28,650 : INFO : Timer.attract_carousel_timer : Starting Timer.
2026-06-18 16:18:28,650 : INFO : EventManager : Event: ======'timer_attract_carousel_timer_started'====== Args={'ticks': 0, 'ticks_remaining': 1}
2026-06-18 16:18:28,650 : INFO : EventManager : Event: ======'timer_attract_carousel_timer_tick'====== Args={'ticks': 0, 'ticks_remaining': 1}
2026-06-18 16:18:33,661 : INFO : Timer.attract_carousel_timer : Timer Complete
2026-06-18 16:18:33,662 : INFO : Timer.attract_carousel_timer : Stopping Timer
2026-06-18 16:18:33,662 : INFO : EventManager : Event: ======'timer_attract_carousel_timer_stopped'====== Args={'ticks': 1, 'ticks_remaining': 1}
2026-06-18 16:18:33,662 : INFO : EventManager : Event: ======'timer_attract_carousel_timer_complete'====== Args={'ticks': 1, 'ticks_remaining': 1}
2026-06-18 16:18:33,663 : INFO : EventManager : Event: ======'carousel_item_highlighted'====== Args={'carousel': 'attract', 'direction': 'forwards', 'item': 'title2'}
2026-06-18 16:18:33,663 : INFO : Timer.attract_carousel_timer : Starting Timer.
2026-06-18 16:18:33,663 : INFO : EventManager : Event: ======'timer_attract_carousel_timer_started'====== Args={'ticks': 0, 'ticks_remaining': 1}
2026-06-18 16:18:33,663 : INFO : EventManager : Event: ======'timer_attract_carousel_timer_tick'====== Args={'ticks': 0, 'ticks_remaining': 1}
2026-06-18 16:18:38,658 : INFO : Timer.attract_carousel_timer : Timer Complete
2026-06-18 16:18:38,658 : INFO : Timer.attract_carousel_timer : Stopping Timer
2026-06-18 16:18:38,659 : INFO : EventManager : Event: ======'timer_attract_carousel_timer_stopped'====== Args={'ticks': 1, 'ticks_remaining': 1}
2026-06-18 16:18:38,659 : INFO : EventManager : Event: ======'timer_attract_carousel_timer_complete'====== Args={'ticks': 1, 'ticks_remaining': 1}
2026-06-18 16:18:38,659 : INFO : EventManager : Event: ======'carousel_item_highlighted'====== Args={'carousel': 'attract', 'direction': 'forwards', 'item': 'title'}
2026-06-18 16:18:38,659 : INFO : Timer.attract_carousel_timer : Starting Timer.
2026-06-18 16:18:38,659 : INFO : EventManager : Event: ======'timer_attract_carousel_timer_started'====== Args={'ticks': 0, 'ticks_remaining': 1}
2026-06-18 16:18:38,659 : INFO : EventManager : Event: ======'timer_attract_carousel_timer_tick'====== Args={'ticks': 0, 'ticks_remaining': 1}
2026-06-18 16:18:43,662 : INFO : Timer.attract_carousel_timer : Timer Complete
2026-06-18 16:18:43,662 : INFO : Timer.attract_carousel_timer : Stopping Timer
2026-06-18 16:18:43,662 : INFO : EventManager : Event: ======'timer_attract_carousel_timer_stopped'====== Args={'ticks': 1, 'ticks_remaining': 1}
2026-06-18 16:18:43,663 : INFO : EventManager : Event: ======'timer_attract_carousel_timer_complete'====== Args={'ticks': 1, 'ticks_remaining': 1}
2026-06-18 16:18:43,663 : INFO : EventManager : Event: ======'carousel_item_highlighted'====== Args={'carousel': 'attract', 'direction': 'forwards', 'item': 'title2'}
2026-06-18 16:18:43,663 : INFO : Timer.attract_carousel_timer : Starting Timer.
2026-06-18 16:18:43,664 : INFO : EventManager : Event: ======'timer_attract_carousel_timer_started'====== Args={'ticks': 0, 'ticks_remaining': 1}
2026-06-18 16:18:43,664 : INFO : EventManager : Event: ======'timer_attract_carousel_timer_tick'====== Args={'ticks': 0, 'ticks_remaining': 1}
2026-06-18 16:18:48,657 : INFO : Timer.attract_carousel_timer : Timer Complete
2026-06-18 16:18:48,657 : INFO : Timer.attract_carousel_timer : Stopping Timer
2026-06-18 16:18:48,657 : INFO : EventManager : Event: ======'timer_attract_carousel_timer_stopped'====== Args={'ticks': 1, 'ticks_remaining': 1}
2026-06-18 16:18:48,657 : INFO : EventManager : Event: ======'timer_attract_carousel_timer_complete'====== Args={'ticks': 1, 'ticks_remaining': 1}
2026-06-18 16:18:48,657 : INFO : EventManager : Event: ======'carousel_item_highlighted'====== Args={'carousel': 'attract', 'direction': 'forwards', 'item': 'title'}
2026-06-18 16:18:48,657 : INFO : Timer.attract_carousel_timer : Starting Timer.
2026-06-18 16:18:48,657 : INFO : EventManager : Event: ======'timer_attract_carousel_timer_started'====== Args={'ticks': 0, 'ticks_remaining': 1}
2026-06-18 16:18:48,657 : INFO : EventManager : Event: ======'timer_attract_carousel_timer_tick'====== Args={'ticks': 0, 'ticks_remaining': 1}
2026-06-18 16:18:53,654 : INFO : Timer.attract_carousel_timer : Timer Complete
2026-06-18 16:18:53,655 : INFO : Timer.attract_carousel_timer : Stopping Timer
2026-06-18 16:18:53,655 : INFO : EventManager : Event: ======'timer_attract_carousel_timer_stopped'====== Args={'ticks': 1, 'ticks_remaining': 1}
2026-06-18 16:18:53,655 : INFO : EventManager : Event: ======'timer_attract_carousel_timer_complete'====== Args={'ticks': 1, 'ticks_remaining': 1}
2026-06-18 16:18:53,655 : INFO : EventManager : Event: ======'carousel_item_highlighted'====== Args={'carousel': 'attract', 'direction': 'forwards', 'item': 'title2'}
2026-06-18 16:18:53,656 : INFO : Timer.attract_carousel_timer : Starting Timer.
2026-06-18 16:18:53,656 : INFO : EventManager : Event: ======'timer_attract_carousel_timer_started'====== Args={'ticks': 0, 'ticks_remaining': 1}
2026-06-18 16:18:53,656 : INFO : EventManager : Event: ======'timer_attract_carousel_timer_tick'====== Args={'ticks': 0, 'ticks_remaining': 1}
2026-06-18 16:18:58,653 : INFO : Timer.attract_carousel_timer : Timer Complete
2026-06-18 16:18:58,653 : INFO : Timer.attract_carousel_timer : Stopping Timer
2026-06-18 16:18:58,653 : INFO : EventManager : Event: ======'timer_attract_carousel_timer_stopped'====== Args={'ticks': 1, 'ticks_remaining': 1}
2026-06-18 16:18:58,653 : INFO : EventManager : Event: ======'timer_attract_carousel_timer_complete'====== Args={'ticks': 1, 'ticks_remaining': 1}
2026-06-18 16:18:58,654 : INFO : EventManager : Event: ======'carousel_item_highlighted'====== Args={'carousel': 'attract', 'direction': 'forwards', 'item': 'title'}
2026-06-18 16:18:58,654 : INFO : Timer.attract_carousel_timer : Starting Timer.
2026-06-18 16:18:58,654 : INFO : EventManager : Event: ======'timer_attract_carousel_timer_started'====== Args={'ticks': 0, 'ticks_remaining': 1}
2026-06-18 16:18:58,654 : INFO : EventManager : Event: ======'timer_attract_carousel_timer_tick'====== Args={'ticks': 0, 'ticks_remaining': 1}
2026-06-18 16:19:03,655 : INFO : Timer.attract_carousel_timer : Timer Complete
2026-06-18 16:19:03,655 : INFO : Timer.attract_carousel_timer : Stopping Timer
2026-06-18 16:19:03,655 : INFO : EventManager : Event: ======'timer_attract_carousel_timer_stopped'====== Args={'ticks': 1, 'ticks_remaining': 1}
2026-06-18 16:19:03,655 : INFO : EventManager : Event: ======'timer_attract_carousel_timer_complete'====== Args={'ticks': 1, 'ticks_remaining': 1}
2026-06-18 16:19:03,656 : INFO : EventManager : Event: ======'carousel_item_highlighted'====== Args={'carousel': 'attract', 'direction': 'forwards', 'item': 'title2'}
2026-06-18 16:19:03,657 : INFO : Timer.attract_carousel_timer : Starting Timer.
2026-06-18 16:19:03,657 : INFO : EventManager : Event: ======'timer_attract_carousel_timer_started'====== Args={'ticks': 0, 'ticks_remaining': 1}
2026-06-18 16:19:03,657 : INFO : EventManager : Event: ======'timer_attract_carousel_timer_tick'====== Args={'ticks': 0, 'ticks_remaining': 1}
2026-06-18 16:19:08,651 : INFO : Timer.attract_carousel_timer : Timer Complete
2026-06-18 16:19:08,651 : INFO : Timer.attract_carousel_timer : Stopping Timer
2026-06-18 16:19:08,651 : INFO : EventManager : Event: ======'timer_attract_carousel_timer_stopped'====== Args={'ticks': 1, 'ticks_remaining': 1}
2026-06-18 16:19:08,651 : INFO : EventManager : Event: ======'timer_attract_carousel_timer_complete'====== Args={'ticks': 1, 'ticks_remaining': 1}
2026-06-18 16:19:08,652 : INFO : EventManager : Event: ======'carousel_item_highlighted'====== Args={'carousel': 'attract', 'direction': 'forwards', 'item': 'title'}
2026-06-18 16:19:08,653 : INFO : Timer.attract_carousel_timer : Starting Timer.
2026-06-18 16:19:08,653 : INFO : EventManager : Event: ======'timer_attract_carousel_timer_started'====== Args={'ticks': 0, 'ticks_remaining': 1}
2026-06-18 16:19:08,653 : INFO : EventManager : Event: ======'timer_attract_carousel_timer_tick'====== Args={'ticks': 0, 'ticks_remaining': 1}
2026-06-18 16:19:13,650 : INFO : Timer.attract_carousel_timer : Timer Complete
2026-06-18 16:19:13,651 : INFO : Timer.attract_carousel_timer : Stopping Timer
2026-06-18 16:19:13,651 : INFO : EventManager : Event: ======'timer_attract_carousel_timer_stopped'====== Args={'ticks': 1, 'ticks_remaining': 1}
2026-06-18 16:19:13,651 : INFO : EventManager : Event: ======'timer_attract_carousel_timer_complete'====== Args={'ticks': 1, 'ticks_remaining': 1}
2026-06-18 16:19:13,652 : INFO : EventManager : Event: ======'carousel_item_highlighted'====== Args={'carousel': 'attract', 'direction': 'forwards', 'item': 'title2'}
2026-06-18 16:19:13,652 : INFO : Timer.attract_carousel_timer : Starting Timer.
2026-06-18 16:19:13,652 : INFO : EventManager : Event: ======'timer_attract_carousel_timer_started'====== Args={'ticks': 0, 'ticks_remaining': 1}
2026-06-18 16:19:13,652 : INFO : EventManager : Event: ======'timer_attract_carousel_timer_tick'====== Args={'ticks': 0, 'ticks_remaining': 1}
2026-06-18 16:19:18,654 : INFO : Timer.attract_carousel_timer : Timer Complete
2026-06-18 16:19:18,654 : INFO : Timer.attract_carousel_timer : Stopping Timer
2026-06-18 16:19:18,654 : INFO : EventManager : Event: ======'timer_attract_carousel_timer_stopped'====== Args={'ticks': 1, 'ticks_remaining': 1}
2026-06-18 16:19:18,654 : INFO : EventManager : Event: ======'timer_attract_carousel_timer_complete'====== Args={'ticks': 1, 'ticks_remaining': 1}
2026-06-18 16:19:18,655 : INFO : EventManager : Event: ======'carousel_item_highlighted'====== Args={'carousel': 'attract', 'direction': 'forwards', 'item': 'title'}
2026-06-18 16:19:18,655 : INFO : Timer.attract_carousel_timer : Starting Timer.
2026-06-18 16:19:18,656 : INFO : EventManager : Event: ======'timer_attract_carousel_timer_started'====== Args={'ticks': 0, 'ticks_remaining': 1}
2026-06-18 16:19:18,656 : INFO : EventManager : Event: ======'timer_attract_carousel_timer_tick'====== Args={'ticks': 0, 'ticks_remaining': 1}
2026-06-18 16:19:23,662 : INFO : Timer.attract_carousel_timer : Timer Complete
2026-06-18 16:19:23,662 : INFO : Timer.attract_carousel_timer : Stopping Timer
2026-06-18 16:19:23,662 : INFO : EventManager : Event: ======'timer_attract_carousel_timer_stopped'====== Args={'ticks': 1, 'ticks_remaining': 1}
2026-06-18 16:19:23,662 : INFO : EventManager : Event: ======'timer_attract_carousel_timer_complete'====== Args={'ticks': 1, 'ticks_remaining': 1}
2026-06-18 16:19:23,663 : INFO : EventManager : Event: ======'carousel_item_highlighted'====== Args={'carousel': 'attract', 'direction': 'forwards', 'item': 'title2'}
2026-06-18 16:19:23,663 : INFO : Timer.attract_carousel_timer : Starting Timer.
2026-06-18 16:19:23,663 : INFO : EventManager : Event: ======'timer_attract_carousel_timer_started'====== Args={'ticks': 0, 'ticks_remaining': 1}
2026-06-18 16:19:23,663 : INFO : EventManager : Event: ======'timer_attract_carousel_timer_tick'====== Args={'ticks': 0, 'ticks_remaining': 1}
2026-06-18 16:19:28,660 : INFO : Timer.attract_carousel_timer : Timer Complete
2026-06-18 16:19:28,660 : INFO : Timer.attract_carousel_timer : Stopping Timer
2026-06-18 16:19:28,660 : INFO : EventManager : Event: ======'timer_attract_carousel_timer_stopped'====== Args={'ticks': 1, 'ticks_remaining': 1}
2026-06-18 16:19:28,660 : INFO : EventManager : Event: ======'timer_attract_carousel_timer_complete'====== Args={'ticks': 1, 'ticks_remaining': 1}
2026-06-18 16:19:28,661 : INFO : EventManager : Event: ======'carousel_item_highlighted'====== Args={'carousel': 'attract', 'direction': 'forwards', 'item': 'title'}
2026-06-18 16:19:28,661 : INFO : Timer.attract_carousel_timer : Starting Timer.
2026-06-18 16:19:28,661 : INFO : EventManager : Event: ======'timer_attract_carousel_timer_started'====== Args={'ticks': 0, 'ticks_remaining': 1}
2026-06-18 16:19:28,662 : INFO : EventManager : Event: ======'timer_attract_carousel_timer_tick'====== Args={'ticks': 0, 'ticks_remaining': 1}
2026-06-18 16:19:33,664 : INFO : Timer.attract_carousel_timer : Timer Complete
2026-06-18 16:19:33,664 : INFO : Timer.attract_carousel_timer : Stopping Timer
2026-06-18 16:19:33,664 : INFO : EventManager : Event: ======'timer_attract_carousel_timer_stopped'====== Args={'ticks': 1, 'ticks_remaining': 1}
2026-06-18 16:19:33,664 : INFO : EventManager : Event: ======'timer_attract_carousel_timer_complete'====== Args={'ticks': 1, 'ticks_remaining': 1}
2026-06-18 16:19:33,665 : INFO : EventManager : Event: ======'carousel_item_highlighted'====== Args={'carousel': 'attract', 'direction': 'forwards', 'item': 'title2'}
2026-06-18 16:19:33,665 : INFO : Timer.attract_carousel_timer : Starting Timer.
2026-06-18 16:19:33,665 : INFO : EventManager : Event: ======'timer_attract_carousel_timer_started'====== Args={'ticks': 0, 'ticks_remaining': 1}
2026-06-18 16:19:33,665 : INFO : EventManager : Event: ======'timer_attract_carousel_timer_tick'====== Args={'ticks': 0, 'ticks_remaining': 1}
2026-06-18 16:19:38,651 : INFO : Timer.attract_carousel_timer : Timer Complete
2026-06-18 16:19:38,651 : INFO : Timer.attract_carousel_timer : Stopping Timer
2026-06-18 16:19:38,651 : INFO : EventManager : Event: ======'timer_attract_carousel_timer_stopped'====== Args={'ticks': 1, 'ticks_remaining': 1}
2026-06-18 16:19:38,651 : INFO : EventManager : Event: ======'timer_attract_carousel_timer_complete'====== Args={'ticks': 1, 'ticks_remaining': 1}
2026-06-18 16:19:38,652 : INFO : EventManager : Event: ======'carousel_item_highlighted'====== Args={'carousel': 'attract', 'direction': 'forwards', 'item': 'title'}
2026-06-18 16:19:38,652 : INFO : Timer.attract_carousel_timer : Starting Timer.
2026-06-18 16:19:38,652 : INFO : EventManager : Event: ======'timer_attract_carousel_timer_started'====== Args={'ticks': 0, 'ticks_remaining': 1}
2026-06-18 16:19:38,652 : INFO : EventManager : Event: ======'timer_attract_carousel_timer_tick'====== Args={'ticks': 0, 'ticks_remaining': 1}
2026-06-18 16:19:43,660 : INFO : Timer.attract_carousel_timer : Timer Complete
2026-06-18 16:19:43,661 : INFO : Timer.attract_carousel_timer : Stopping Timer
2026-06-18 16:19:43,661 : INFO : EventManager : Event: ======'timer_attract_carousel_timer_stopped'====== Args={'ticks': 1, 'ticks_remaining': 1}
2026-06-18 16:19:43,661 : INFO : EventManager : Event: ======'timer_attract_carousel_timer_complete'====== Args={'ticks': 1, 'ticks_remaining': 1}
2026-06-18 16:19:43,661 : INFO : EventManager : Event: ======'carousel_item_highlighted'====== Args={'carousel': 'attract', 'direction': 'forwards', 'item': 'title2'}
2026-06-18 16:19:43,662 : INFO : Timer.attract_carousel_timer : Starting Timer.
2026-06-18 16:19:43,662 : INFO : EventManager : Event: ======'timer_attract_carousel_timer_started'====== Args={'ticks': 0, 'ticks_remaining': 1}
2026-06-18 16:19:43,662 : INFO : EventManager : Event: ======'timer_attract_carousel_timer_tick'====== Args={'ticks': 0, 'ticks_remaining': 1}
2026-06-18 16:19:48,662 : INFO : Timer.attract_carousel_timer : Timer Complete
2026-06-18 16:19:48,662 : INFO : Timer.attract_carousel_timer : Stopping Timer
2026-06-18 16:19:48,663 : INFO : EventManager : Event: ======'timer_attract_carousel_timer_stopped'====== Args={'ticks': 1, 'ticks_remaining': 1}
2026-06-18 16:19:48,663 : INFO : EventManager : Event: ======'timer_attract_carousel_timer_complete'====== Args={'ticks': 1, 'ticks_remaining': 1}
2026-06-18 16:19:48,663 : INFO : EventManager : Event: ======'carousel_item_highlighted'====== Args={'carousel': 'attract', 'direction': 'forwards', 'item': 'title'}
2026-06-18 16:19:48,663 : INFO : Timer.attract_carousel_timer : Starting Timer.
2026-06-18 16:19:48,664 : INFO : EventManager : Event: ======'timer_attract_carousel_timer_started'====== Args={'ticks': 0, 'ticks_remaining': 1}
2026-06-18 16:19:48,664 : INFO : EventManager : Event: ======'timer_attract_carousel_timer_tick'====== Args={'ticks': 0, 'ticks_remaining': 1}
2026-06-18 16:19:53,664 : INFO : Timer.attract_carousel_timer : Timer Complete
2026-06-18 16:19:53,664 : INFO : Timer.attract_carousel_timer : Stopping Timer
2026-06-18 16:19:53,664 : INFO : EventManager : Event: ======'timer_attract_carousel_timer_stopped'====== Args={'ticks': 1, 'ticks_remaining': 1}
2026-06-18 16:19:53,664 : INFO : EventManager : Event: ======'timer_attract_carousel_timer_complete'====== Args={'ticks': 1, 'ticks_remaining': 1}
2026-06-18 16:19:53,664 : INFO : EventManager : Event: ======'carousel_item_highlighted'====== Args={'carousel': 'attract', 'direction': 'forwards', 'item': 'title2'}
2026-06-18 16:19:53,664 : INFO : Timer.attract_carousel_timer : Starting Timer.
2026-06-18 16:19:53,664 : INFO : EventManager : Event: ======'timer_attract_carousel_timer_started'====== Args={'ticks': 0, 'ticks_remaining': 1}
2026-06-18 16:19:53,664 : INFO : EventManager : Event: ======'timer_attract_carousel_timer_tick'====== Args={'ticks': 0, 'ticks_remaining': 1}
2026-06-18 16:19:58,660 : INFO : Timer.attract_carousel_timer : Timer Complete
2026-06-18 16:19:58,660 : INFO : Timer.attract_carousel_timer : Stopping Timer
2026-06-18 16:19:58,660 : INFO : EventManager : Event: ======'timer_attract_carousel_timer_stopped'====== Args={'ticks': 1, 'ticks_remaining': 1}
2026-06-18 16:19:58,660 : INFO : EventManager : Event: ======'timer_attract_carousel_timer_complete'====== Args={'ticks': 1, 'ticks_remaining': 1}
2026-06-18 16:19:58,661 : INFO : EventManager : Event: ======'carousel_item_highlighted'====== Args={'carousel': 'attract', 'direction': 'forwards', 'item': 'title'}
2026-06-18 16:19:58,661 : INFO : Timer.attract_carousel_timer : Starting Timer.
2026-06-18 16:19:58,661 : INFO : EventManager : Event: ======'timer_attract_carousel_timer_started'====== Args={'ticks': 0, 'ticks_remaining': 1}
2026-06-18 16:19:58,661 : INFO : EventManager : Event: ======'timer_attract_carousel_timer_tick'====== Args={'ticks': 0, 'ticks_remaining': 1}
2026-06-18 16:20:03,659 : INFO : Timer.attract_carousel_timer : Timer Complete
2026-06-18 16:20:03,660 : INFO : Timer.attract_carousel_timer : Stopping Timer
2026-06-18 16:20:03,660 : INFO : EventManager : Event: ======'timer_attract_carousel_timer_stopped'====== Args={'ticks': 1, 'ticks_remaining': 1}
2026-06-18 16:20:03,660 : INFO : EventManager : Event: ======'timer_attract_carousel_timer_complete'====== Args={'ticks': 1, 'ticks_remaining': 1}
2026-06-18 16:20:03,661 : INFO : EventManager : Event: ======'carousel_item_highlighted'====== Args={'carousel': 'attract', 'direction': 'forwards', 'item': 'title2'}
2026-06-18 16:20:03,661 : INFO : Timer.attract_carousel_timer : Starting Timer.
2026-06-18 16:20:03,661 : INFO : EventManager : Event: ======'timer_attract_carousel_timer_started'====== Args={'ticks': 0, 'ticks_remaining': 1}
2026-06-18 16:20:03,661 : INFO : EventManager : Event: ======'timer_attract_carousel_timer_tick'====== Args={'ticks': 0, 'ticks_remaining': 1}
2026-06-18 16:20:08,663 : INFO : Timer.attract_carousel_timer : Timer Complete
2026-06-18 16:20:08,663 : INFO : Timer.attract_carousel_timer : Stopping Timer
2026-06-18 16:20:08,663 : INFO : EventManager : Event: ======'timer_attract_carousel_timer_stopped'====== Args={'ticks': 1, 'ticks_remaining': 1}
2026-06-18 16:20:08,663 : INFO : EventManager : Event: ======'timer_attract_carousel_timer_complete'====== Args={'ticks': 1, 'ticks_remaining': 1}
2026-06-18 16:20:08,664 : INFO : EventManager : Event: ======'carousel_item_highlighted'====== Args={'carousel': 'attract', 'direction': 'forwards', 'item': 'title'}
2026-06-18 16:20:08,664 : INFO : Timer.attract_carousel_timer : Starting Timer.
2026-06-18 16:20:08,664 : INFO : EventManager : Event: ======'timer_attract_carousel_timer_started'====== Args={'ticks': 0, 'ticks_remaining': 1}
2026-06-18 16:20:08,664 : INFO : EventManager : Event: ======'timer_attract_carousel_timer_tick'====== Args={'ticks': 0, 'ticks_remaining': 1}
2026-06-18 16:20:13,663 : INFO : Timer.attract_carousel_timer : Timer Complete
2026-06-18 16:20:13,663 : INFO : Timer.attract_carousel_timer : Stopping Timer
2026-06-18 16:20:13,663 : INFO : EventManager : Event: ======'timer_attract_carousel_timer_stopped'====== Args={'ticks': 1, 'ticks_remaining': 1}
2026-06-18 16:20:13,663 : INFO : EventManager : Event: ======'timer_attract_carousel_timer_complete'====== Args={'ticks': 1, 'ticks_remaining': 1}
2026-06-18 16:20:13,663 : INFO : EventManager : Event: ======'carousel_item_highlighted'====== Args={'carousel': 'attract', 'direction': 'forwards', 'item': 'title2'}
2026-06-18 16:20:13,663 : INFO : Timer.attract_carousel_timer : Starting Timer.
2026-06-18 16:20:13,663 : INFO : EventManager : Event: ======'timer_attract_carousel_timer_started'====== Args={'ticks': 0, 'ticks_remaining': 1}
2026-06-18 16:20:13,663 : INFO : EventManager : Event: ======'timer_attract_carousel_timer_tick'====== Args={'ticks': 0, 'ticks_remaining': 1}
2026-06-18 16:20:18,658 : INFO : Timer.attract_carousel_timer : Timer Complete
2026-06-18 16:20:18,658 : INFO : Timer.attract_carousel_timer : Stopping Timer
2026-06-18 16:20:18,658 : INFO : EventManager : Event: ======'timer_attract_carousel_timer_stopped'====== Args={'ticks': 1, 'ticks_remaining': 1}
2026-06-18 16:20:18,659 : INFO : EventManager : Event: ======'timer_attract_carousel_timer_complete'====== Args={'ticks': 1, 'ticks_remaining': 1}
2026-06-18 16:20:18,660 : INFO : EventManager : Event: ======'carousel_item_highlighted'====== Args={'carousel': 'attract', 'direction': 'forwards', 'item': 'title'}
2026-06-18 16:20:18,660 : INFO : Timer.attract_carousel_timer : Starting Timer.
2026-06-18 16:20:18,660 : INFO : EventManager : Event: ======'timer_attract_carousel_timer_started'====== Args={'ticks': 0, 'ticks_remaining': 1}
2026-06-18 16:20:18,660 : INFO : EventManager : Event: ======'timer_attract_carousel_timer_tick'====== Args={'ticks': 0, 'ticks_remaining': 1}
2026-06-18 16:20:20,218 : INFO : Machine : Shutting down...
2026-06-18 16:20:20,218 : INFO : EventManager : Event: ======'shutdown'====== Args={}
2026-06-18 16:20:20,310 : INFO : root : MPF run loop ended.
