2026-02-14 16:05:27,904 : INFO : root : Loading config.
2026-02-14 16:05:27,907 : INFO : YamlMultifileConfigLoader : Machine config file #1: config.yaml
2026-02-14 16:05:27,907 : INFO : ConfigProcessor : Loading config from cache: C:\Users\tl\AppData\Local\Temp\86f932e179f318f5dae29f066573dee9.mpf_cache
2026-02-14 16:05:27,994 : DEBUG : YamlMultifileConfigLoader : Loading mode attract from C:\mpf\Lib\site-packages\mpf\modes\attract\config\attract.yaml
2026-02-14 16:05:27,994 : DEBUG : YamlMultifileConfigLoader : Loading mode attract from C:\mpf\Lib\site-packages\mpf\modes\attract\config\attract.yaml
2026-02-14 16:05:27,994 : INFO : ConfigProcessor : Loading config from cache: C:\Users\tl\AppData\Local\Temp\5e7e3dd8e04e0aa46ea76018297218da.mpf_cache
2026-02-14 16:05:27,995 : DEBUG : YamlMultifileConfigLoader : Loading mode game from C:\mpf\Lib\site-packages\mpf\modes\game\config\game.yaml
2026-02-14 16:05:27,995 : INFO : ConfigProcessor : Loading config from cache: C:\Users\tl\AppData\Local\Temp\af6ad0dab2f43bd9cbdac83e0b2786ac.mpf_cache
2026-02-14 16:05:27,995 : DEBUG : YamlMultifileConfigLoader : Loading mode attract from C:\mpf\Lib\site-packages\mpf\modes\attract\config\attract.yaml
2026-02-14 16:05:27,995 : DEBUG : YamlMultifileConfigLoader : Loading mode attract from C:\mpf\Lib\site-packages\mpf\modes\attract\config\attract.yaml
2026-02-14 16:05:27,996 : INFO : ConfigProcessor : Loading config from cache: C:\Users\tl\AppData\Local\Temp\5e7e3dd8e04e0aa46ea76018297218da.mpf_cache
2026-02-14 16:05:27,996 : DEBUG : YamlMultifileConfigLoader : Loading mode base from C:\mpf\Lib\site-packages\mpf\modes\base\config\base.yaml
2026-02-14 16:05:27,996 : INFO : ConfigProcessor : Loading config from cache: C:\Users\tl\AppData\Local\Temp\f7ef3217062c4a128670875e2cb05ce9.mpf_cache
2026-02-14 16:05:28,006 : DEBUG : YamlMultifileConfigLoader : Loading mode service from C:\mpf\Lib\site-packages\mpf\modes\service\config\service.yaml
2026-02-14 16:05:28,006 : INFO : ConfigProcessor : Loading config from cache: C:\Users\tl\AppData\Local\Temp\5d3b5ebc494e9a7257164cf172f94bef.mpf_cache
2026-02-14 16:05:28,007 : INFO : ConfigProcessor : Loading config from cache: C:\Users\tl\AppData\Local\Temp\5d4a31ba12353a8d97b779019117e810.mpf_cache
2026-02-14 16:05:28,008 : INFO : Machine : Mission Pinball Framework Core Engine v0.80.0.dev12
2026-02-14 16:05:28,008 : INFO : Machine : Command line arguments: {'no_load_cache': False, 'create_config_cache': True, 'bcp': False, 'configfile': ['config.yaml'], 'force_assets_load': False, 'platform_integration_test': False, 'jsonlogging': False, 'logfile': 'logs\\2026-02-14-16-05-27-mpf-DESKTOP-HV85DRD.log', 'pause': False, 'production': False, 'text_ui': True, 'loglevel': 10, 'consoleloglevel': 20, 'force_platform': None, 'syslog_address': None, 'full_logfile_path': 'C:\\Users\\tl\\Documents\\tl-pinball\\logs\\2026-02-14-16-05-27-mpf-DESKTOP-HV85DRD.log'}
2026-02-14 16:05:28,008 : INFO : Machine : MPF path: C:\mpf\Lib\site-packages\mpf
2026-02-14 16:05:28,008 : INFO : Machine : Machine path: C:\Users\tl\Documents\tl-pinball
2026-02-14 16:05:28,008 : INFO : Machine : Platform: win32
2026-02-14 16:05:28,008 : INFO : Machine : Python executable location: C:\mpf\Scripts\python.exe
2026-02-14 16:05:28,008 : INFO : Machine : Python version: 3.12.7 (64-bit)
2026-02-14 16:05:28,009 : DEBUG : asyncio : Using proactor: IocpProactor
2026-02-14 16:05:28,010 : INFO : Machine : Initializing MPF...
2026-02-14 16:05:28,110 : DEBUG : asciimatics.widgets.layout : Updating: None
2026-02-14 16:05:28,110 : DEBUG : asciimatics.widgets.layout : Updating: None
2026-02-14 16:05:28,110 : DEBUG : asciimatics.widgets.layout : Updating: None
2026-02-14 16:05:28,110 : DEBUG : asciimatics.widgets.layout : Updating: None
2026-02-14 16:05:28,110 : DEBUG : asciimatics.widgets.layout : Updating: None
2026-02-14 16:05:28,110 : DEBUG : asciimatics.widgets.layout : Updating: None
2026-02-14 16:05:28,110 : DEBUG : asciimatics.widgets.layout : Updating: None
2026-02-14 16:05:28,110 : DEBUG : asciimatics.widgets.layout : Updating: None
2026-02-14 16:05:28,110 : DEBUG : asciimatics.widgets.layout : Updating: None
2026-02-14 16:05:28,110 : DEBUG : asciimatics.widgets.layout : Updating: None
2026-02-14 16:05:28,111 : DEBUG : asciimatics.widgets.layout : Updating: None
2026-02-14 16:05:28,111 : DEBUG : asciimatics.widgets.layout : Updating: None
2026-02-14 16:05:28,111 : DEBUG : asciimatics.widgets.widget : Widget blur: <asciimatics.widgets.label.Label object at 0x000001C21E10DFF0>
2026-02-14 16:05:28,111 : DEBUG : asciimatics.widgets.widget : Widget blur: <asciimatics.widgets.label.Label object at 0x000001C21E32E190>
2026-02-14 16:05:28,111 : DEBUG : asciimatics.widgets.widget : Widget blur: <asciimatics.widgets.label.Label object at 0x000001C21E32E330>
2026-02-14 16:05:28,111 : DEBUG : asciimatics.widgets.layout : Blur: <asciimatics.widgets.layout.Layout object at 0x000001C21E32B220>
2026-02-14 16:05:28,111 : DEBUG : asciimatics.widgets.layout : Blur: <mpf.core.text_ui.MpfLayout object at 0x000001C21E18C6E0>
2026-02-14 16:05:28,111 : DEBUG : asciimatics.widgets.layout : Updating: None
2026-02-14 16:05:28,111 : DEBUG : asciimatics.widgets.layout : Updating: None
2026-02-14 16:05:28,111 : DEBUG : asciimatics.widgets.layout : Updating: None
2026-02-14 16:05:28,111 : DEBUG : asciimatics.widgets.layout : Updating: None
2026-02-14 16:05:28,111 : DEBUG : asciimatics.widgets.layout : Updating: None
2026-02-14 16:05:28,111 : DEBUG : asciimatics.widgets.layout : Updating: None
2026-02-14 16:05:28,111 : DEBUG : asciimatics.widgets.widget : Widget blur: <asciimatics.widgets.label.Label object at 0x000001C21E32E740>
2026-02-14 16:05:28,111 : DEBUG : asciimatics.widgets.widget : Widget blur: <asciimatics.widgets.label.Label object at 0x000001C21E32E670>
2026-02-14 16:05:28,111 : DEBUG : asciimatics.widgets.widget : Widget blur: <asciimatics.widgets.label.Label object at 0x000001C21E32E810>
2026-02-14 16:05:28,111 : DEBUG : asciimatics.widgets.widget : Widget blur: <asciimatics.widgets.label.Label object at 0x000001C21E32E5A0>
2026-02-14 16:05:28,111 : DEBUG : asciimatics.widgets.widget : Widget blur: <asciimatics.widgets.label.Label object at 0x000001C21E32E4D0>
2026-02-14 16:05:28,111 : DEBUG : asciimatics.widgets.widget : Widget blur: <asciimatics.widgets.label.Label object at 0x000001C21E32E400>
2026-02-14 16:05:28,111 : DEBUG : asciimatics.widgets.layout : Blur: <asciimatics.widgets.layout.Layout object at 0x000001C21E32B280>
2026-02-14 16:05:28,111 : DEBUG : asciimatics.widgets.layout : Focus: <asciimatics.widgets.layout.Layout object at 0x000001C21E32B220>
2026-02-14 16:05:28,111 : DEBUG : asciimatics.widgets.layout : Focus: <mpf.core.text_ui.MpfLayout object at 0x000001C21E18C6E0>
2026-02-14 16:05:28,112 : DEBUG : asciimatics.widgets.layout : Focus: <asciimatics.widgets.layout.Layout object at 0x000001C21E32B280>
2026-02-14 16:05:28,112 : DEBUG : asciimatics.widgets.frame : Cloning: Test
2026-02-14 16:05:28,112 : DEBUG : asciimatics.widgets.layout : Updating: None
2026-02-14 16:05:28,112 : DEBUG : asciimatics.widgets.layout : Updating: None
2026-02-14 16:05:28,112 : DEBUG : asciimatics.widgets.layout : Updating: None
2026-02-14 16:05:28,112 : DEBUG : asciimatics.widgets.layout : Updating: None
2026-02-14 16:05:28,112 : DEBUG : asciimatics.widgets.layout : Updating: None
2026-02-14 16:05:28,112 : DEBUG : asciimatics.widgets.layout : Updating: None
2026-02-14 16:05:28,112 : DEBUG : asciimatics.widgets.layout : Updating: None
2026-02-14 16:05:28,112 : DEBUG : asciimatics.widgets.layout : Updating: None
2026-02-14 16:05:28,112 : DEBUG : asciimatics.widgets.layout : Updating: None
2026-02-14 16:05:28,112 : DEBUG : asciimatics.widgets.layout : Updating: None
2026-02-14 16:05:28,112 : DEBUG : asciimatics.widgets.layout : Updating: None
2026-02-14 16:05:28,112 : DEBUG : asciimatics.widgets.layout : Updating: None
2026-02-14 16:05:28,112 : DEBUG : asciimatics.widgets.layout : Updating: None
2026-02-14 16:05:28,112 : DEBUG : asciimatics.widgets.layout : Updating: None
2026-02-14 16:05:28,112 : DEBUG : asciimatics.widgets.layout : Updating: None
2026-02-14 16:05:28,112 : DEBUG : asciimatics.widgets.layout : Updating: None
2026-02-14 16:05:28,112 : DEBUG : asciimatics.widgets.layout : Updating: None
2026-02-14 16:05:28,112 : DEBUG : asciimatics.widgets.layout : Updating: None
2026-02-14 16:05:28,113 : DEBUG : asciimatics.screen : Processing key: d
2026-02-14 16:05:28,202 : INFO : FAST : Auto-detecting ports for the following connections: ['net', 'exp']
2026-02-14 16:05:28,210 : DEBUG : FAST : Port COM3 is connected to a FAST Neuron Controller.
2026-02-14 16:05:28,210 : DEBUG : FAST : Port COM5 is connected to a FAST Neuron Controller.
2026-02-14 16:05:28,210 : DEBUG : FAST : Port COM4 is connected to a FAST Neuron Controller.
2026-02-14 16:05:28,239 : INFO : FAST : Detected EXP on port COM5
2026-02-14 16:05:28,239 : INFO : FAST : Detected NET on port COM4
2026-02-14 16:05:28,352 : INFO : FAST [NET] : Trying to connect to COM4 at 921600bps
2026-02-14 16:05:28,356 : INFO : FAST [NET] : Connected to COM4 at 921600bps
2026-02-14 16:05:28,367 : INFO : FAST [NET] : Connected to FP-CPU-2000 with firmware v02.26
2026-02-14 16:05:28,398 : INFO : FAST [NET] : Registered I/O Board 0: Model: FP-I/O-0804, Firmware: 01.10, Switches: 8, Drivers: 4
2026-02-14 16:05:28,414 : INFO : FAST [NET] : Registered I/O Board 1: Model: FP-I/O-1616, Firmware: 01.10, Switches: 16, Drivers: 16
2026-02-14 16:05:28,430 : INFO : FAST [NET] : Registered I/O Board 2: Model: FP-I/O-3208, Firmware: 01.10, Switches: 32, Drivers: 8
2026-02-14 16:05:28,446 : INFO : FAST [NET] : Registered I/O Board 3: Model: FP-I/O-1616, Firmware: 01.10, Switches: 16, Drivers: 16
2026-02-14 16:05:28,448 : INFO : FAST [EXP] : Trying to connect to COM5 at 921600bps
2026-02-14 16:05:28,452 : INFO : FAST [EXP] : Connected to COM5 at 921600bps
2026-02-14 16:05:28,452 : DEBUG : FAST [EXP] : Creating FAST Expansion Board "ledneuron" (FP-EXP-2000 Address: 48)
2026-02-14 16:05:28,452 : DEBUG : FAST [EXP] : Creating FAST Breakout Board 0 on EXP "ledneuron" (FP-EXP-2000, @48)
2026-02-14 16:05:28,462 : INFO : FAST [EXP] : Verifying hardware for EXP "ledneuron" (FP-EXP-2000, @48) with ID string "EXP FP-EXP-2000  0.42", board address 48
2026-02-14 16:05:28,478 : INFO : FAST [EXP] : Verifying hardware for EXP "ledneuron" (FP-EXP-2000, @48) with ID string "BRK FP-EXP-2000  0.42", board address 480
2026-02-14 16:05:28,494 : DEBUG : FAST [EXP] : Creating FAST Expansion Board "ledpf1" (FP-EXP-0081 Address: 84)
2026-02-14 16:05:28,494 : DEBUG : FAST [EXP] : Creating FAST Breakout Board 0 on EXP "ledpf1" (FP-EXP-0081, @84)
2026-02-14 16:05:28,494 : DEBUG : FAST [EXP] : Creating FAST Breakout Board 1 on EXP "ledpf1" (FP-EXP-0081, @84)
2026-02-14 16:05:28,510 : INFO : FAST [EXP] : Verifying hardware for EXP "ledpf1" (FP-EXP-0081, @84) with ID string "EXP FP-EXP-0081  0.38", board address 84
2026-02-14 16:05:28,526 : INFO : FAST [EXP] : Verifying hardware for EXP "ledpf1" (FP-EXP-0081, @84) with ID string "BRK FP-EXP-0081  0.38", board address 840
2026-02-14 16:05:28,542 : INFO : FAST [EXP] : Verifying hardware for EXP "ledpf1" (FP-EXP-0081, @84) with ID string "BRK FP-EXP-0081  0.38", board address 841
2026-02-14 16:05:28,558 : INFO : EventManager : Event: ======'machine_var_credits_string'====== Args={'value': 'FREE PLAY', 'prev_value': None, 'change': True}
2026-02-14 16:05:28,579 : DEBUG : YAML File Interface : Loading file: C:\Users\tl\Documents\tl-pinball\data/machine_vars.yaml
2026-02-14 16:05:28,581 : INFO : EventManager : Event: ======'machine_var_master_volume'====== Args={'value': 0.55, 'prev_value': None, 'change': True}
2026-02-14 16:05:28,581 : INFO : EventManager : Event: ======'machine_var_player1_score'====== Args={'value': 0, 'prev_value': None, 'change': True}
2026-02-14 16:05:28,581 : INFO : EventManager : Event: ======'machine_var_mpf_version'====== Args={'value': 'Mission Pinball Framework v0.80.0.dev12', 'prev_value': None, 'change': True}
2026-02-14 16:05:28,581 : INFO : EventManager : Event: ======'machine_var_mpf_extended_version'====== Args={'value': 'Mission Pinball Framework v0.80.0.dev12, Config version:6, Show version: 6, BCP version:1.1', 'prev_value': None, 'change': True}
2026-02-14 16:05:28,581 : INFO : EventManager : Event: ======'machine_var_python_version'====== Args={'value': '3.12.7', 'prev_value': None, 'change': True}
2026-02-14 16:05:28,679 : INFO : EventManager : Event: ======'machine_var_platform'====== Args={'value': 'Windows-10-10.0.19044-SP0', 'prev_value': None, 'change': True}
2026-02-14 16:05:28,679 : INFO : EventManager : Event: ======'machine_var_platform_system'====== Args={'value': 'Windows', 'prev_value': None, 'change': True}
2026-02-14 16:05:28,679 : INFO : EventManager : Event: ======'machine_var_platform_release'====== Args={'value': '10', 'prev_value': None, 'change': True}
2026-02-14 16:05:28,679 : INFO : EventManager : Event: ======'machine_var_platform_version'====== Args={'value': '10.0.19044', 'prev_value': None, 'change': True}
2026-02-14 16:05:28,679 : INFO : EventManager : Event: ======'machine_var_platform_machine'====== Args={'value': 'AMD64', 'prev_value': None, 'change': True}
2026-02-14 16:05:28,679 : INFO : EventManager : Event: ======'machine_var_log_file_path'====== Args={'value': 'C:\\Users\\tl\\Documents\\tl-pinball\\logs\\2026-02-14-16-05-27-mpf-DESKTOP-HV85DRD.log', 'prev_value': None, 'change': True}
2026-02-14 16:05:28,679 : INFO : EventManager : Event: ======'init_phase_1'====== Args={}
2026-02-14 16:05:28,680 : DEBUG : ModeController : Loaded mode base
2026-02-14 16:05:28,685 : DEBUG : ModeController : Loaded mode service
2026-02-14 16:05:28,688 : DEBUG : ModeController : Loaded mode game
2026-02-14 16:05:28,692 : DEBUG : ModeController : Loaded mode attract
2026-02-14 16:05:28,708 : DEBUG : FASTLED : Creating FAST RGB LED on expansion board at hardware address: 48000
2026-02-14 16:05:28,708 : DEBUG : FASTLED : Creating FAST RGB LED on expansion board at hardware address: 48001
2026-02-14 16:05:28,712 : INFO : EventManager : Event: ======'drop_target_bank_dtb_characters_up'====== Args={}
2026-02-14 16:05:28,712 : INFO : EventManager : Event: ======'drop_target_bank_dtb_rollover_up'====== Args={}
2026-02-14 16:05:30,438 : DEBUG : FAST Driver : Sending config to driver 4 (0x04). one_shot: False. wait_to_confirm: False
2026-02-14 16:05:30,470 : DEBUG : FAST Driver : Sending config to driver 5 (0x05). one_shot: False. wait_to_confirm: False
2026-02-14 16:05:30,517 : DEBUG : FAST Driver : Sending config to driver 7 (0x07). one_shot: False. wait_to_confirm: False
2026-02-14 16:05:30,549 : DEBUG : FAST Driver : Sending config to driver 8 (0x08). one_shot: False. wait_to_confirm: False
2026-02-14 16:05:30,581 : DEBUG : FAST Driver : Sending config to driver 9 (0x09). one_shot: False. wait_to_confirm: False
2026-02-14 16:05:30,804 : DEBUG : FAST Driver : Sending config to driver 22 (0x16). one_shot: False. wait_to_confirm: False
2026-02-14 16:05:30,836 : DEBUG : FAST Driver : Sending config to driver 23 (0x17). one_shot: False. wait_to_confirm: False
2026-02-14 16:05:30,868 : DEBUG : FAST Driver : Sending config to driver 24 (0x18). one_shot: False. wait_to_confirm: False
2026-02-14 16:05:30,900 : DEBUG : FAST Driver : Sending config to driver 25 (0x19). one_shot: False. wait_to_confirm: False
2026-02-14 16:05:30,932 : DEBUG : FAST Driver : Sending config to driver 26 (0x1A). one_shot: False. wait_to_confirm: False
2026-02-14 16:05:30,964 : DEBUG : FAST Driver : Sending config to driver 27 (0x1B). one_shot: False. wait_to_confirm: False
2026-02-14 16:05:31,315 : INFO : SwitchController : <<<<<<< 's_24_trough_1' active >>>>>>>
2026-02-14 16:05:31,315 : INFO : SwitchController : <<<<<<< 's_64_varitarget_poisition_1' active >>>>>>>
2026-02-14 16:05:31,315 : INFO : SwitchController : <<<<<<< 's_70_varitarget_poisition_7' active >>>>>>>
2026-02-14 16:05:31,315 : INFO : SwitchController : <<<<<<< 's_71_spinner_left' active >>>>>>>
2026-02-14 16:05:31,315 : INFO : SwitchController : <<<<<<< 's_72_single_drop_1' active >>>>>>>
2026-02-14 16:05:31,315 : INFO : SwitchController : <<<<<<< 's_77_threebank_drop_1' active >>>>>>>
2026-02-14 16:05:31,363 : INFO : EventManager : Event: ======'init_phase_2'====== Args={}
2026-02-14 16:05:31,363 : INFO : SwitchController : Found active switch: (24, [FAST Platform Interface]) <switch.s_24_trough_1>
2026-02-14 16:05:31,363 : INFO : SwitchController : Found active switch: (16, [FAST Platform Interface]) <switch.s_64_varitarget_poisition_1>
2026-02-14 16:05:31,363 : INFO : SwitchController : Found active switch: (22, [FAST Platform Interface]) <switch.s_70_varitarget_poisition_7>
2026-02-14 16:05:31,363 : INFO : SwitchController : Found active switch: (23, [FAST Platform Interface]) <switch.s_71_spinner_left>
2026-02-14 16:05:31,363 : INFO : SwitchController : Found active switch: (56, [FAST Platform Interface]) <switch.s_72_single_drop_1>
2026-02-14 16:05:31,363 : INFO : SwitchController : Found active switch: (61, [FAST Platform Interface]) <switch.s_77_threebank_drop_1>
2026-02-14 16:05:31,370 : INFO : ball_device.bd_plunger : BCH: Initial count: 0
2026-02-14 16:05:31,370 : INFO : ball_device.bd_plunger : State: idle
2026-02-14 16:05:31,824 : INFO : ball_device.bd_trough : BCH: Initial count: 1
2026-02-14 16:05:31,824 : INFO : ball_device.bd_trough : State: idle
2026-02-14 16:05:31,826 : DEBUG : YAML File Interface : Loading file: C:\Users\tl\Documents\tl-pinball\data/audits.yaml
2026-02-14 16:05:31,845 : DEBUG : Machine : "info_lights:" section not found in machine configuration, so the InfoLights will not be used.
2026-02-14 16:05:31,846 : DEBUG : Machine : "switch_player:" section not found in machine configuration, so the SwitchPlayer will not be used.
2026-02-14 16:05:31,849 : DEBUG : Machine : "twitch_client:" section not found in machine configuration, so the TwitchBot will not be used.
2026-02-14 16:05:31,849 : DEBUG : Machine : "virtual_segment_display_connector:" section not found in machine configuration, so the VirtualSegmentDisplayConnector will not be used.
2026-02-14 16:05:31,849 : INFO : EventManager : Event: ======'init_phase_3'====== Args={}
2026-02-14 16:05:31,850 : DEBUG : ShowController : Loading show: flash
2026-02-14 16:05:31,850 : DEBUG : ShowController : Loading show: on
2026-02-14 16:05:31,850 : DEBUG : ShowController : Loading show: off
2026-02-14 16:05:31,851 : DEBUG : ShowController : Loading show: led_color
2026-02-14 16:05:31,851 : DEBUG : ShowController : Loading show: bl_color
2026-02-14 16:05:31,851 : DEBUG : ShowController : Loading show: flash_color
2026-02-14 16:05:31,851 : DEBUG : ShowController : Loading show: output7
2026-02-14 16:05:31,852 : INFO : EventManager : Event: ======'init_phase_4'====== Args={}
2026-02-14 16:05:31,852 : INFO : EventManager : Event: ======'drop_target_dt_character_5_down'====== Args={'device': <drop_target.dt_character_5>}
2026-02-14 16:05:31,852 : INFO : EventManager : Event: ======'drop_target_dt_single_1_down'====== Args={'device': <drop_target.dt_single_1>}
2026-02-14 16:05:31,853 : INFO : BallController : Initial balls found: 1
2026-02-14 16:05:31,854 : INFO : EventManager : Event: ======'machine_var_audits_events_game_ended'====== Args={'value': 8, 'prev_value': None, 'change': True}
2026-02-14 16:05:31,854 : INFO : EventManager : Event: ======'machine_var_audits_events_game_started'====== Args={'value': 42, 'prev_value': None, 'change': True}
2026-02-14 16:05:31,854 : INFO : EventManager : Event: ======'machine_var_audits_missing_switches_s_0_service_esc'====== Args={'value': 42, 'prev_value': None, 'change': True}
2026-02-14 16:05:31,854 : INFO : EventManager : Event: ======'machine_var_audits_missing_switches_s_11_start_button'====== Args={'value': 1, 'prev_value': None, 'change': True}
2026-02-14 16:05:31,854 : INFO : EventManager : Event: ======'machine_var_audits_missing_switches_s_12_tilt_bob'====== Args={'value': 3, 'prev_value': None, 'change': True}
2026-02-14 16:05:31,854 : INFO : EventManager : Event: ======'machine_var_audits_missing_switches_s_13_coin_door'====== Args={'value': 3, 'prev_value': None, 'change': True}
2026-02-14 16:05:31,854 : INFO : EventManager : Event: ======'machine_var_audits_missing_switches_s_16_right_flipper'====== Args={'value': 12, 'prev_value': None, 'change': True}
2026-02-14 16:05:31,854 : INFO : EventManager : Event: ======'machine_var_audits_missing_switches_s_17_right_flipper_upper'====== Args={'value': 12, 'prev_value': None, 'change': True}
2026-02-14 16:05:31,854 : INFO : EventManager : Event: ======'machine_var_audits_missing_switches_s_19_cab_arrow_left'====== Args={'value': 3, 'prev_value': None, 'change': True}
2026-02-14 16:05:31,855 : INFO : EventManager : Event: ======'machine_var_audits_missing_switches_s_1_service_up'====== Args={'value': 42, 'prev_value': None, 'change': True}
2026-02-14 16:05:31,855 : INFO : EventManager : Event: ======'machine_var_audits_missing_switches_s_20_cab_arrow_right'====== Args={'value': 3, 'prev_value': None, 'change': True}
2026-02-14 16:05:31,855 : INFO : EventManager : Event: ======'machine_var_audits_missing_switches_s_25_trough_jam'====== Args={'value': 2, 'prev_value': None, 'change': True}
2026-02-14 16:05:31,855 : INFO : EventManager : Event: ======'machine_var_audits_missing_switches_s_26_trough_1'====== Args={'value': 1, 'prev_value': None, 'change': True}
2026-02-14 16:05:31,855 : INFO : EventManager : Event: ======'machine_var_audits_missing_switches_s_28_trough_3'====== Args={'value': 1, 'prev_value': None, 'change': True}
2026-02-14 16:05:31,855 : INFO : EventManager : Event: ======'machine_var_audits_missing_switches_s_29_trough_4'====== Args={'value': 1, 'prev_value': None, 'change': True}
2026-02-14 16:05:31,855 : INFO : EventManager : Event: ======'machine_var_audits_missing_switches_s_2_service_down'====== Args={'value': 42, 'prev_value': None, 'change': True}
2026-02-14 16:05:31,855 : INFO : EventManager : Event: ======'machine_var_audits_missing_switches_s_32_right_inlane'====== Args={'value': 4, 'prev_value': None, 'change': True}
2026-02-14 16:05:31,855 : INFO : EventManager : Event: ======'machine_var_audits_missing_switches_s_33_right_outlane'====== Args={'value': 4, 'prev_value': None, 'change': True}
2026-02-14 16:05:31,855 : INFO : EventManager : Event: ======'machine_var_audits_missing_switches_s_34_right_sling'====== Args={'value': 2, 'prev_value': None, 'change': True}
2026-02-14 16:05:31,855 : INFO : EventManager : Event: ======'machine_var_audits_missing_switches_s_35_left_inlane'====== Args={'value': 2, 'prev_value': None, 'change': True}
2026-02-14 16:05:31,855 : INFO : EventManager : Event: ======'machine_var_audits_missing_switches_s_36_left_outlane'====== Args={'value': 2, 'prev_value': None, 'change': True}
2026-02-14 16:05:31,855 : INFO : EventManager : Event: ======'machine_var_audits_missing_switches_s_37_left_sling'====== Args={'value': 2, 'prev_value': None, 'change': True}
2026-02-14 16:05:31,855 : INFO : EventManager : Event: ======'machine_var_audits_missing_switches_s_38_star_rollover_bottom'====== Args={'value': 39, 'prev_value': None, 'change': True}
2026-02-14 16:05:31,855 : INFO : EventManager : Event: ======'machine_var_audits_missing_switches_s_38_top_lane_a'====== Args={'value': 3, 'prev_value': None, 'change': True}
2026-02-14 16:05:31,856 : INFO : EventManager : Event: ======'machine_var_audits_missing_switches_s_39_star_rollover_top'====== Args={'value': 3, 'prev_value': None, 'change': True}
2026-02-14 16:05:31,856 : INFO : EventManager : Event: ======'machine_var_audits_missing_switches_s_39_top_lane_b'====== Args={'value': 3, 'prev_value': None, 'change': True}
2026-02-14 16:05:31,856 : INFO : EventManager : Event: ======'machine_var_audits_missing_switches_s_3_service_enter'====== Args={'value': 42, 'prev_value': None, 'change': True}
2026-02-14 16:05:31,856 : INFO : EventManager : Event: ======'machine_var_audits_missing_switches_s_40_stand_up_target_7'====== Args={'value': 3, 'prev_value': None, 'change': True}
2026-02-14 16:05:31,856 : INFO : EventManager : Event: ======'machine_var_audits_missing_switches_s_40_top_lane_c'====== Args={'value': 3, 'prev_value': None, 'change': True}
2026-02-14 16:05:31,856 : INFO : EventManager : Event: ======'machine_var_audits_missing_switches_s_41_pop_bumper_1'====== Args={'value': 2, 'prev_value': None, 'change': True}
2026-02-14 16:05:31,856 : INFO : EventManager : Event: ======'machine_var_audits_missing_switches_s_41_stand_up_target_8'====== Args={'value': 3, 'prev_value': None, 'change': True}
2026-02-14 16:05:31,856 : INFO : EventManager : Event: ======'machine_var_audits_missing_switches_s_42_pop_bumper_2'====== Args={'value': 3, 'prev_value': None, 'change': True}
2026-02-14 16:05:31,856 : INFO : EventManager : Event: ======'machine_var_audits_missing_switches_s_43_stand_up_target_10'====== Args={'value': 2, 'prev_value': None, 'change': True}
2026-02-14 16:05:31,856 : INFO : EventManager : Event: ======'machine_var_audits_missing_switches_s_44_spinner_left'====== Args={'value': 1, 'prev_value': None, 'change': True}
2026-02-14 16:05:31,857 : INFO : EventManager : Event: ======'machine_var_audits_missing_switches_s_45_spinner_right'====== Args={'value': 3, 'prev_value': None, 'change': True}
2026-02-14 16:05:31,857 : INFO : EventManager : Event: ======'machine_var_audits_missing_switches_s_45_varitarget_poisition_1'====== Args={'value': 3, 'prev_value': None, 'change': True}
2026-02-14 16:05:31,857 : INFO : EventManager : Event: ======'machine_var_audits_missing_switches_s_46_varitarget_poisition_2'====== Args={'value': 3, 'prev_value': None, 'change': True}
2026-02-14 16:05:31,857 : INFO : EventManager : Event: ======'machine_var_audits_missing_switches_s_47_varitarget_poisition_3'====== Args={'value': 3, 'prev_value': None, 'change': True}
2026-02-14 16:05:31,857 : INFO : EventManager : Event: ======'machine_var_audits_missing_switches_s_48_varitarget_poisition_4'====== Args={'value': 3, 'prev_value': None, 'change': True}
2026-02-14 16:05:31,857 : INFO : EventManager : Event: ======'machine_var_audits_missing_switches_s_49_varitarget_poisition_5'====== Args={'value': 3, 'prev_value': None, 'change': True}
2026-02-14 16:05:31,857 : INFO : EventManager : Event: ======'machine_var_audits_missing_switches_s_50_saucer_left'====== Args={'value': 3, 'prev_value': None, 'change': True}
2026-02-14 16:05:31,857 : INFO : EventManager : Event: ======'machine_var_audits_missing_switches_s_51_saucer_right'====== Args={'value': 2, 'prev_value': None, 'change': True}
2026-02-14 16:05:31,857 : INFO : EventManager : Event: ======'machine_var_audits_missing_switches_s_52_star_rollover_top'====== Args={'value': 3, 'prev_value': None, 'change': True}
2026-02-14 16:05:31,857 : INFO : EventManager : Event: ======'machine_var_audits_missing_switches_s_53_star_rollover_bottom'====== Args={'value': 3, 'prev_value': None, 'change': True}
2026-02-14 16:05:31,857 : INFO : EventManager : Event: ======'machine_var_audits_missing_switches_s_54_single_drop_1'====== Args={'value': 3, 'prev_value': None, 'change': True}
2026-02-14 16:05:31,857 : INFO : EventManager : Event: ======'machine_var_audits_missing_switches_s_55_fourbank_drop_1'====== Args={'value': 3, 'prev_value': None, 'change': True}
2026-02-14 16:05:31,857 : INFO : EventManager : Event: ======'machine_var_audits_missing_switches_s_56_fourbank_drop_2'====== Args={'value': 3, 'prev_value': None, 'change': True}
2026-02-14 16:05:31,857 : INFO : EventManager : Event: ======'machine_var_audits_missing_switches_s_57_fourbank_drop_3'====== Args={'value': 2, 'prev_value': None, 'change': True}
2026-02-14 16:05:31,857 : INFO : EventManager : Event: ======'machine_var_audits_missing_switches_s_58_fourbank_drop_4'====== Args={'value': 2, 'prev_value': None, 'change': True}
2026-02-14 16:05:31,858 : INFO : EventManager : Event: ======'machine_var_audits_missing_switches_s_59_saucer_right'====== Args={'value': 15, 'prev_value': None, 'change': True}
2026-02-14 16:05:31,858 : INFO : EventManager : Event: ======'machine_var_audits_missing_switches_s_59_threebank_drop_1'====== Args={'value': 2, 'prev_value': None, 'change': True}
2026-02-14 16:05:31,858 : INFO : EventManager : Event: ======'machine_var_audits_missing_switches_s_60_threebank_drop_2'====== Args={'value': 2, 'prev_value': None, 'change': True}
2026-02-14 16:05:31,858 : INFO : EventManager : Event: ======'machine_var_audits_missing_switches_s_60_top_lane_c'====== Args={'value': 1, 'prev_value': None, 'change': True}
2026-02-14 16:05:31,858 : INFO : EventManager : Event: ======'machine_var_audits_missing_switches_s_61_threebank_drop_3'====== Args={'value': 3, 'prev_value': None, 'change': True}
2026-02-14 16:05:31,858 : INFO : EventManager : Event: ======'machine_var_audits_missing_switches_s_62_stand_up_target_1'====== Args={'value': 3, 'prev_value': None, 'change': True}
2026-02-14 16:05:31,858 : INFO : EventManager : Event: ======'machine_var_audits_missing_switches_s_62_top_lane_a'====== Args={'value': 1, 'prev_value': None, 'change': True}
2026-02-14 16:05:31,858 : INFO : EventManager : Event: ======'machine_var_audits_missing_switches_s_63_stand_up_target_11'====== Args={'value': 2, 'prev_value': None, 'change': True}
2026-02-14 16:05:31,858 : INFO : EventManager : Event: ======'machine_var_audits_missing_switches_s_63_stand_up_target_2'====== Args={'value': 2, 'prev_value': None, 'change': True}
2026-02-14 16:05:31,858 : INFO : EventManager : Event: ======'machine_var_audits_missing_switches_s_64_stand_up_target_3'====== Args={'value': 2, 'prev_value': None, 'change': True}
2026-02-14 16:05:31,858 : INFO : EventManager : Event: ======'machine_var_audits_missing_switches_s_64_varitarget_poisition_1'====== Args={'value': 17, 'prev_value': None, 'change': True}
2026-02-14 16:05:31,858 : INFO : EventManager : Event: ======'machine_var_audits_missing_switches_s_65_stand_up_target_4'====== Args={'value': 3, 'prev_value': None, 'change': True}
2026-02-14 16:05:31,858 : INFO : EventManager : Event: ======'machine_var_audits_missing_switches_s_65_varitarget_poisition_2'====== Args={'value': 17, 'prev_value': None, 'change': True}
2026-02-14 16:05:31,858 : INFO : EventManager : Event: ======'machine_var_audits_missing_switches_s_66_stand_up_target_5'====== Args={'value': 3, 'prev_value': None, 'change': True}
2026-02-14 16:05:31,859 : INFO : EventManager : Event: ======'machine_var_audits_missing_switches_s_66_varitarget_poisition_3'====== Args={'value': 17, 'prev_value': None, 'change': True}
2026-02-14 16:05:31,859 : INFO : EventManager : Event: ======'machine_var_audits_missing_switches_s_67_stand_up_target_6'====== Args={'value': 3, 'prev_value': None, 'change': True}
2026-02-14 16:05:31,859 : INFO : EventManager : Event: ======'machine_var_audits_missing_switches_s_67_varitarget_poisition_4'====== Args={'value': 17, 'prev_value': None, 'change': True}
2026-02-14 16:05:31,859 : INFO : EventManager : Event: ======'machine_var_audits_missing_switches_s_68_stand_up_target_7'====== Args={'value': 2, 'prev_value': None, 'change': True}
2026-02-14 16:05:31,859 : INFO : EventManager : Event: ======'machine_var_audits_missing_switches_s_68_varitarget_poisition_5'====== Args={'value': 17, 'prev_value': None, 'change': True}
2026-02-14 16:05:31,859 : INFO : EventManager : Event: ======'machine_var_audits_missing_switches_s_69_stand_up_target_8'====== Args={'value': 1, 'prev_value': None, 'change': True}
2026-02-14 16:05:31,859 : INFO : EventManager : Event: ======'machine_var_audits_missing_switches_s_69_varitarget_poisition_6'====== Args={'value': 17, 'prev_value': None, 'change': True}
2026-02-14 16:05:31,859 : INFO : EventManager : Event: ======'machine_var_audits_missing_switches_s_70_stand_up_target_9'====== Args={'value': 3, 'prev_value': None, 'change': True}
2026-02-14 16:05:31,859 : INFO : EventManager : Event: ======'machine_var_audits_missing_switches_s_71_spinner_left'====== Args={'value': 39, 'prev_value': None, 'change': True}
2026-02-14 16:05:31,859 : INFO : EventManager : Event: ======'machine_var_audits_missing_switches_s_71_stand_up_target_10'====== Args={'value': 3, 'prev_value': None, 'change': True}
2026-02-14 16:05:31,859 : INFO : EventManager : Event: ======'machine_var_audits_missing_switches_s_72_stand_up_target_11'====== Args={'value': 3, 'prev_value': None, 'change': True}
2026-02-14 16:05:31,859 : INFO : EventManager : Event: ======'machine_var_audits_missing_switches_s_75_fourbank_drop_3'====== Args={'value': 1, 'prev_value': None, 'change': True}
2026-02-14 16:05:31,859 : INFO : EventManager : Event: ======'machine_var_audits_missing_switches_s_76_fourbank_drop_4'====== Args={'value': 6, 'prev_value': None, 'change': True}
2026-02-14 16:05:31,859 : INFO : EventManager : Event: ======'machine_var_audits_missing_switches_s_80_stand_up_target_1'====== Args={'value': 3, 'prev_value': None, 'change': True}
2026-02-14 16:05:31,860 : INFO : EventManager : Event: ======'machine_var_audits_missing_switches_s_81_saucer_left'====== Args={'value': 29, 'prev_value': None, 'change': True}
2026-02-14 16:05:31,860 : INFO : EventManager : Event: ======'machine_var_audits_missing_switches_s_82_stand_up_target_bank_1'====== Args={'value': 3, 'prev_value': None, 'change': True}
2026-02-14 16:05:31,860 : INFO : EventManager : Event: ======'machine_var_audits_missing_switches_s_83_stand_up_target_bank_2'====== Args={'value': 3, 'prev_value': None, 'change': True}
2026-02-14 16:05:31,860 : INFO : EventManager : Event: ======'machine_var_audits_missing_switches_s_84_stand_up_target_bank_3'====== Args={'value': 2, 'prev_value': None, 'change': True}
2026-02-14 16:05:31,860 : INFO : EventManager : Event: ======'machine_var_audits_missing_switches_s_85_stand_up_target_bank_4'====== Args={'value': 2, 'prev_value': None, 'change': True}
2026-02-14 16:05:31,860 : INFO : EventManager : Event: ======'machine_var_audits_missing_switches_s_86_stand_up_target_bank_5'====== Args={'value': 3, 'prev_value': None, 'change': True}
2026-02-14 16:05:31,860 : INFO : EventManager : Event: ======'machine_var_audits_missing_switches_s_87_stand_up_target_bank_6'====== Args={'value': 3, 'prev_value': None, 'change': True}
2026-02-14 16:05:31,860 : INFO : EventManager : Event: ======'machine_var_audits_missing_switches_s_8_left_flipper'====== Args={'value': 15, 'prev_value': None, 'change': True}
2026-02-14 16:05:31,860 : INFO : EventManager : Event: ======'machine_var_audits_player_score'====== Args={'value': {'average': 0, 'top': [0, 0, 0, 0, 0, 0, 0, 0], 'total': 8}, 'prev_value': None, 'change': True}
2026-02-14 16:05:31,860 : INFO : EventManager : Event: ======'machine_var_audits_switches_s_0_service_esc'====== Args={'value': 0, 'prev_value': None, 'change': True}
2026-02-14 16:05:31,860 : INFO : EventManager : Event: ======'machine_var_audits_switches_s_11_start_button'====== Args={'value': 22, 'prev_value': None, 'change': True}
2026-02-14 16:05:31,860 : INFO : EventManager : Event: ======'machine_var_audits_switches_s_12_tilt_bob'====== Args={'value': 0, 'prev_value': None, 'change': True}
2026-02-14 16:05:31,860 : INFO : EventManager : Event: ======'machine_var_audits_switches_s_13_coin_door'====== Args={'value': 0, 'prev_value': None, 'change': True}
2026-02-14 16:05:31,860 : INFO : EventManager : Event: ======'machine_var_audits_switches_s_16_right_flipper'====== Args={'value': 621, 'prev_value': None, 'change': True}
2026-02-14 16:05:31,861 : INFO : EventManager : Event: ======'machine_var_audits_switches_s_17_right_flipper_upper'====== Args={'value': 537, 'prev_value': None, 'change': True}
2026-02-14 16:05:31,861 : INFO : EventManager : Event: ======'machine_var_audits_switches_s_19_cab_arrow_left'====== Args={'value': 0, 'prev_value': None, 'change': True}
2026-02-14 16:05:31,861 : INFO : EventManager : Event: ======'machine_var_audits_switches_s_1_service_up'====== Args={'value': 0, 'prev_value': None, 'change': True}
2026-02-14 16:05:31,861 : INFO : EventManager : Event: ======'machine_var_audits_switches_s_20_cab_arrow_right'====== Args={'value': 0, 'prev_value': None, 'change': True}
2026-02-14 16:05:31,861 : INFO : EventManager : Event: ======'machine_var_audits_switches_s_24_plunger_lane'====== Args={'value': 19, 'prev_value': None, 'change': True}
2026-02-14 16:05:31,861 : INFO : EventManager : Event: ======'machine_var_audits_switches_s_24_trough_1'====== Args={'value': 42, 'prev_value': None, 'change': True}
2026-02-14 16:05:31,861 : INFO : EventManager : Event: ======'machine_var_audits_switches_s_25_trough_2'====== Args={'value': 39, 'prev_value': None, 'change': True}
2026-02-14 16:05:31,861 : INFO : EventManager : Event: ======'machine_var_audits_switches_s_25_trough_jam'====== Args={'value': 3, 'prev_value': None, 'change': True}
2026-02-14 16:05:31,861 : INFO : EventManager : Event: ======'machine_var_audits_switches_s_26_trough_1'====== Args={'value': 21, 'prev_value': None, 'change': True}
2026-02-14 16:05:31,861 : INFO : EventManager : Event: ======'machine_var_audits_switches_s_26_trough_3'====== Args={'value': 39, 'prev_value': None, 'change': True}
2026-02-14 16:05:31,861 : INFO : EventManager : Event: ======'machine_var_audits_switches_s_27_trough_2'====== Args={'value': 19, 'prev_value': None, 'change': True}
2026-02-14 16:05:31,861 : INFO : EventManager : Event: ======'machine_var_audits_switches_s_27_trough_4'====== Args={'value': 31, 'prev_value': None, 'change': True}
2026-02-14 16:05:31,861 : INFO : EventManager : Event: ======'machine_var_audits_switches_s_28_trough_3'====== Args={'value': 2, 'prev_value': None, 'change': True}
2026-02-14 16:05:31,861 : INFO : EventManager : Event: ======'machine_var_audits_switches_s_28_trough_5'====== Args={'value': 33, 'prev_value': None, 'change': True}
2026-02-14 16:05:31,862 : INFO : EventManager : Event: ======'machine_var_audits_switches_s_29_trough_4'====== Args={'value': 2, 'prev_value': None, 'change': True}
2026-02-14 16:05:31,862 : INFO : EventManager : Event: ======'machine_var_audits_switches_s_29_trough_6'====== Args={'value': 49, 'prev_value': None, 'change': True}
2026-02-14 16:05:31,862 : INFO : EventManager : Event: ======'machine_var_audits_switches_s_2_service_down'====== Args={'value': 0, 'prev_value': None, 'change': True}
2026-02-14 16:05:31,862 : INFO : EventManager : Event: ======'machine_var_audits_switches_s_30_trough_jam'====== Args={'value': 68, 'prev_value': None, 'change': True}
2026-02-14 16:05:31,862 : INFO : EventManager : Event: ======'machine_var_audits_switches_s_31_plunger_lane'====== Args={'value': 67, 'prev_value': None, 'change': True}
2026-02-14 16:05:31,862 : INFO : EventManager : Event: ======'machine_var_audits_switches_s_32_right_inlane'====== Args={'value': 12, 'prev_value': None, 'change': True}
2026-02-14 16:05:31,862 : INFO : EventManager : Event: ======'machine_var_audits_switches_s_33_right_outlane'====== Args={'value': 1, 'prev_value': None, 'change': True}
2026-02-14 16:05:31,862 : INFO : EventManager : Event: ======'machine_var_audits_switches_s_34_right_sling'====== Args={'value': 621, 'prev_value': None, 'change': True}
2026-02-14 16:05:31,862 : INFO : EventManager : Event: ======'machine_var_audits_switches_s_35_left_inlane'====== Args={'value': 42, 'prev_value': None, 'change': True}
2026-02-14 16:05:31,862 : INFO : EventManager : Event: ======'machine_var_audits_switches_s_36_left_outlane'====== Args={'value': 204, 'prev_value': None, 'change': True}
2026-02-14 16:05:31,862 : INFO : EventManager : Event: ======'machine_var_audits_switches_s_37_left_sling'====== Args={'value': 94, 'prev_value': None, 'change': True}
2026-02-14 16:05:31,862 : INFO : EventManager : Event: ======'machine_var_audits_switches_s_38_star_rollover_bottom'====== Args={'value': 0, 'prev_value': None, 'change': True}
2026-02-14 16:05:31,862 : INFO : EventManager : Event: ======'machine_var_audits_switches_s_38_top_lane_a'====== Args={'value': 0, 'prev_value': None, 'change': True}
2026-02-14 16:05:31,862 : INFO : EventManager : Event: ======'machine_var_audits_switches_s_39_star_rollover_top'====== Args={'value': 12, 'prev_value': None, 'change': True}
2026-02-14 16:05:31,863 : INFO : EventManager : Event: ======'machine_var_audits_switches_s_39_top_lane_b'====== Args={'value': 0, 'prev_value': None, 'change': True}
2026-02-14 16:05:31,863 : INFO : EventManager : Event: ======'machine_var_audits_switches_s_3_service_enter'====== Args={'value': 0, 'prev_value': None, 'change': True}
2026-02-14 16:05:31,863 : INFO : EventManager : Event: ======'machine_var_audits_switches_s_40_stand_up_target_7'====== Args={'value': 15, 'prev_value': None, 'change': True}
2026-02-14 16:05:31,863 : INFO : EventManager : Event: ======'machine_var_audits_switches_s_40_top_lane_c'====== Args={'value': 0, 'prev_value': None, 'change': True}
2026-02-14 16:05:31,863 : INFO : EventManager : Event: ======'machine_var_audits_switches_s_41_pop_bumper_1'====== Args={'value': 1, 'prev_value': None, 'change': True}
2026-02-14 16:05:31,863 : INFO : EventManager : Event: ======'machine_var_audits_switches_s_41_stand_up_target_8'====== Args={'value': 17, 'prev_value': None, 'change': True}
2026-02-14 16:05:31,863 : INFO : EventManager : Event: ======'machine_var_audits_switches_s_42_pop_bumper_2'====== Args={'value': 0, 'prev_value': None, 'change': True}
2026-02-14 16:05:31,863 : INFO : EventManager : Event: ======'machine_var_audits_switches_s_42_stand_up_target_9'====== Args={'value': 49, 'prev_value': None, 'change': True}
2026-02-14 16:05:31,863 : INFO : EventManager : Event: ======'machine_var_audits_switches_s_43_pop_bumper_3'====== Args={'value': 16, 'prev_value': None, 'change': True}
2026-02-14 16:05:31,863 : INFO : EventManager : Event: ======'machine_var_audits_switches_s_43_stand_up_target_10'====== Args={'value': 36, 'prev_value': None, 'change': True}
2026-02-14 16:05:31,863 : INFO : EventManager : Event: ======'machine_var_audits_switches_s_44_spinner_left'====== Args={'value': 8, 'prev_value': None, 'change': True}
2026-02-14 16:05:31,863 : INFO : EventManager : Event: ======'machine_var_audits_switches_s_44_spinner_right'====== Args={'value': 168, 'prev_value': None, 'change': True}
2026-02-14 16:05:31,863 : INFO : EventManager : Event: ======'machine_var_audits_switches_s_45_spinner_right'====== Args={'value': 0, 'prev_value': None, 'change': True}
2026-02-14 16:05:31,864 : INFO : EventManager : Event: ======'machine_var_audits_switches_s_45_varitarget_poisition_1'====== Args={'value': 0, 'prev_value': None, 'change': True}
2026-02-14 16:05:31,864 : INFO : EventManager : Event: ======'machine_var_audits_switches_s_46_varitarget_poisition_2'====== Args={'value': 0, 'prev_value': None, 'change': True}
2026-02-14 16:05:31,864 : INFO : EventManager : Event: ======'machine_var_audits_switches_s_47_varitarget_poisition_3'====== Args={'value': 0, 'prev_value': None, 'change': True}
2026-02-14 16:05:31,864 : INFO : EventManager : Event: ======'machine_var_audits_switches_s_48_varitarget_poisition_4'====== Args={'value': 0, 'prev_value': None, 'change': True}
2026-02-14 16:05:31,864 : INFO : EventManager : Event: ======'machine_var_audits_switches_s_49_varitarget_poisition_5'====== Args={'value': 0, 'prev_value': None, 'change': True}
2026-02-14 16:05:31,864 : INFO : EventManager : Event: ======'machine_var_audits_switches_s_50_saucer_left'====== Args={'value': 0, 'prev_value': None, 'change': True}
2026-02-14 16:05:31,864 : INFO : EventManager : Event: ======'machine_var_audits_switches_s_51_saucer_right'====== Args={'value': 2, 'prev_value': None, 'change': True}
2026-02-14 16:05:31,864 : INFO : EventManager : Event: ======'machine_var_audits_switches_s_52_star_rollover_top'====== Args={'value': 0, 'prev_value': None, 'change': True}
2026-02-14 16:05:31,864 : INFO : EventManager : Event: ======'machine_var_audits_switches_s_53_star_rollover_bottom'====== Args={'value': 0, 'prev_value': None, 'change': True}
2026-02-14 16:05:31,864 : INFO : EventManager : Event: ======'machine_var_audits_switches_s_54_single_drop_1'====== Args={'value': 0, 'prev_value': None, 'change': True}
2026-02-14 16:05:31,864 : INFO : EventManager : Event: ======'machine_var_audits_switches_s_55_fourbank_drop_1'====== Args={'value': 0, 'prev_value': None, 'change': True}
2026-02-14 16:05:31,864 : INFO : EventManager : Event: ======'machine_var_audits_switches_s_56_fourbank_drop_2'====== Args={'value': 0, 'prev_value': None, 'change': True}
2026-02-14 16:05:31,864 : INFO : EventManager : Event: ======'machine_var_audits_switches_s_56_pop_bumper_right'====== Args={'value': 48, 'prev_value': None, 'change': True}
2026-02-14 16:05:31,865 : INFO : EventManager : Event: ======'machine_var_audits_switches_s_57_fourbank_drop_3'====== Args={'value': 1, 'prev_value': None, 'change': True}
2026-02-14 16:05:31,865 : INFO : EventManager : Event: ======'machine_var_audits_switches_s_57_pop_bumper_center'====== Args={'value': 146, 'prev_value': None, 'change': True}
2026-02-14 16:05:31,865 : INFO : EventManager : Event: ======'machine_var_audits_switches_s_58_fourbank_drop_4'====== Args={'value': 1, 'prev_value': None, 'change': True}
2026-02-14 16:05:31,865 : INFO : EventManager : Event: ======'machine_var_audits_switches_s_58_pop_bumper_left'====== Args={'value': 76, 'prev_value': None, 'change': True}
2026-02-14 16:05:31,865 : INFO : EventManager : Event: ======'machine_var_audits_switches_s_59_saucer_right'====== Args={'value': 7, 'prev_value': None, 'change': True}
2026-02-14 16:05:31,865 : INFO : EventManager : Event: ======'machine_var_audits_switches_s_59_threebank_drop_1'====== Args={'value': 1, 'prev_value': None, 'change': True}
2026-02-14 16:05:31,865 : INFO : EventManager : Event: ======'machine_var_audits_switches_s_60_threebank_drop_2'====== Args={'value': 1, 'prev_value': None, 'change': True}
2026-02-14 16:05:31,865 : INFO : EventManager : Event: ======'machine_var_audits_switches_s_60_top_lane_c'====== Args={'value': 51, 'prev_value': None, 'change': True}
2026-02-14 16:05:31,865 : INFO : EventManager : Event: ======'machine_var_audits_switches_s_61_threebank_drop_3'====== Args={'value': 0, 'prev_value': None, 'change': True}
2026-02-14 16:05:31,865 : INFO : EventManager : Event: ======'machine_var_audits_switches_s_61_top_lane_b'====== Args={'value': 24, 'prev_value': None, 'change': True}
2026-02-14 16:05:31,865 : INFO : EventManager : Event: ======'machine_var_audits_switches_s_62_stand_up_target_1'====== Args={'value': 0, 'prev_value': None, 'change': True}
2026-02-14 16:05:31,865 : INFO : EventManager : Event: ======'machine_var_audits_switches_s_62_top_lane_a'====== Args={'value': 61, 'prev_value': None, 'change': True}
2026-02-14 16:05:31,865 : INFO : EventManager : Event: ======'machine_var_audits_switches_s_63_stand_up_target_11'====== Args={'value': 36, 'prev_value': None, 'change': True}
2026-02-14 16:05:31,866 : INFO : EventManager : Event: ======'machine_var_audits_switches_s_63_stand_up_target_2'====== Args={'value': 1, 'prev_value': None, 'change': True}
2026-02-14 16:05:31,866 : INFO : EventManager : Event: ======'machine_var_audits_switches_s_64_stand_up_target_3'====== Args={'value': 1, 'prev_value': None, 'change': True}
2026-02-14 16:05:31,866 : INFO : EventManager : Event: ======'machine_var_audits_switches_s_64_varitarget_poisition_1'====== Args={'value': 664, 'prev_value': None, 'change': True}
2026-02-14 16:05:31,866 : INFO : EventManager : Event: ======'machine_var_audits_switches_s_65_stand_up_target_4'====== Args={'value': 0, 'prev_value': None, 'change': True}
2026-02-14 16:05:31,866 : INFO : EventManager : Event: ======'machine_var_audits_switches_s_65_varitarget_poisition_2'====== Args={'value': 11, 'prev_value': None, 'change': True}
2026-02-14 16:05:31,866 : INFO : EventManager : Event: ======'machine_var_audits_switches_s_66_stand_up_target_5'====== Args={'value': 0, 'prev_value': None, 'change': True}
2026-02-14 16:05:31,866 : INFO : EventManager : Event: ======'machine_var_audits_switches_s_66_varitarget_poisition_3'====== Args={'value': 6, 'prev_value': None, 'change': True}
2026-02-14 16:05:31,866 : INFO : EventManager : Event: ======'machine_var_audits_switches_s_67_stand_up_target_6'====== Args={'value': 0, 'prev_value': None, 'change': True}
2026-02-14 16:05:31,866 : INFO : EventManager : Event: ======'machine_var_audits_switches_s_67_varitarget_poisition_4'====== Args={'value': 11, 'prev_value': None, 'change': True}
2026-02-14 16:05:31,866 : INFO : EventManager : Event: ======'machine_var_audits_switches_s_68_stand_up_target_7'====== Args={'value': 1, 'prev_value': None, 'change': True}
2026-02-14 16:05:31,866 : INFO : EventManager : Event: ======'machine_var_audits_switches_s_68_varitarget_poisition_5'====== Args={'value': 5, 'prev_value': None, 'change': True}
2026-02-14 16:05:31,866 : INFO : EventManager : Event: ======'machine_var_audits_switches_s_69_stand_up_target_8'====== Args={'value': 2, 'prev_value': None, 'change': True}
2026-02-14 16:05:31,867 : INFO : EventManager : Event: ======'machine_var_audits_switches_s_69_varitarget_poisition_6'====== Args={'value': 4, 'prev_value': None, 'change': True}
2026-02-14 16:05:31,867 : INFO : EventManager : Event: ======'machine_var_audits_switches_s_70_stand_up_target_9'====== Args={'value': 0, 'prev_value': None, 'change': True}
2026-02-14 16:05:31,867 : INFO : EventManager : Event: ======'machine_var_audits_switches_s_70_varitarget_poisition_7'====== Args={'value': 66, 'prev_value': None, 'change': True}
2026-02-14 16:05:31,867 : INFO : EventManager : Event: ======'machine_var_audits_switches_s_71_spinner_left'====== Args={'value': 0, 'prev_value': None, 'change': True}
2026-02-14 16:05:31,867 : INFO : EventManager : Event: ======'machine_var_audits_switches_s_71_stand_up_target_10'====== Args={'value': 0, 'prev_value': None, 'change': True}
2026-02-14 16:05:31,867 : INFO : EventManager : Event: ======'machine_var_audits_switches_s_72_single_drop_1'====== Args={'value': 21, 'prev_value': None, 'change': True}
2026-02-14 16:05:31,867 : INFO : EventManager : Event: ======'machine_var_audits_switches_s_72_stand_up_target_11'====== Args={'value': 0, 'prev_value': None, 'change': True}
2026-02-14 16:05:31,867 : INFO : EventManager : Event: ======'machine_var_audits_switches_s_73_fourbank_drop_1'====== Args={'value': 250, 'prev_value': None, 'change': True}
2026-02-14 16:05:31,867 : INFO : EventManager : Event: ======'machine_var_audits_switches_s_74_fourbank_drop_2'====== Args={'value': 65, 'prev_value': None, 'change': True}
2026-02-14 16:05:31,867 : INFO : EventManager : Event: ======'machine_var_audits_switches_s_75_fourbank_drop_3'====== Args={'value': 99, 'prev_value': None, 'change': True}
2026-02-14 16:05:31,867 : INFO : EventManager : Event: ======'machine_var_audits_switches_s_76_fourbank_drop_4'====== Args={'value': 3, 'prev_value': None, 'change': True}
2026-02-14 16:05:31,867 : INFO : EventManager : Event: ======'machine_var_audits_switches_s_77_threebank_drop_1'====== Args={'value': 93, 'prev_value': None, 'change': True}
2026-02-14 16:05:31,868 : INFO : EventManager : Event: ======'machine_var_audits_switches_s_78_threebank_drop_2'====== Args={'value': 131, 'prev_value': None, 'change': True}
2026-02-14 16:05:31,868 : INFO : EventManager : Event: ======'machine_var_audits_switches_s_79_threebank_drop_3'====== Args={'value': 302, 'prev_value': None, 'change': True}
2026-02-14 16:05:31,868 : INFO : EventManager : Event: ======'machine_var_audits_switches_s_80_stand_up_target_1'====== Args={'value': 61, 'prev_value': None, 'change': True}
2026-02-14 16:05:31,868 : INFO : EventManager : Event: ======'machine_var_audits_switches_s_81_saucer_left'====== Args={'value': 13, 'prev_value': None, 'change': True}
2026-02-14 16:05:31,868 : INFO : EventManager : Event: ======'machine_var_audits_switches_s_82_stand_up_target_bank_1'====== Args={'value': 25, 'prev_value': None, 'change': True}
2026-02-14 16:05:31,868 : INFO : EventManager : Event: ======'machine_var_audits_switches_s_83_stand_up_target_bank_2'====== Args={'value': 54, 'prev_value': None, 'change': True}
2026-02-14 16:05:31,868 : INFO : EventManager : Event: ======'machine_var_audits_switches_s_84_stand_up_target_bank_3'====== Args={'value': 41, 'prev_value': None, 'change': True}
2026-02-14 16:05:31,868 : INFO : EventManager : Event: ======'machine_var_audits_switches_s_85_stand_up_target_bank_4'====== Args={'value': 52, 'prev_value': None, 'change': True}
2026-02-14 16:05:31,868 : INFO : EventManager : Event: ======'machine_var_audits_switches_s_86_stand_up_target_bank_5'====== Args={'value': 211, 'prev_value': None, 'change': True}
2026-02-14 16:05:31,868 : INFO : EventManager : Event: ======'machine_var_audits_switches_s_87_stand_up_target_bank_6'====== Args={'value': 142, 'prev_value': None, 'change': True}
2026-02-14 16:05:31,868 : INFO : EventManager : Event: ======'machine_var_audits_switches_s_8_left_flipper'====== Args={'value': 455, 'prev_value': None, 'change': True}
2026-02-14 16:05:31,869 : INFO : EventManager : Event: ======'init_phase_5'====== Args={}
2026-02-14 16:05:31,900 : INFO : EventManager : Event: ======'init_done'====== Args={}
2026-02-14 16:05:31,900 : INFO : EventManager : Event: ======'machine_reset_phase_1'====== Args={}
2026-02-14 16:05:31,901 : INFO : EventManager : Event: ======'machine_reset_phase_2'====== Args={}
2026-02-14 16:05:31,901 : INFO : EventManager : Event: ======'machine_reset_phase_3'====== Args={}
2026-02-14 16:05:31,902 : INFO : EventManager : Event: ======'reset_complete'====== Args={}
2026-02-14 16:05:31,902 : INFO : EventManager : Event: ======'mode_service_will_start'====== Args={}
2026-02-14 16:05:31,903 : INFO : EventManager : Event: ======'mode_service_starting'====== Args={}
2026-02-14 16:05:31,903 : INFO : EventManager : Event: ======'mode_attract_will_start'====== Args={}
2026-02-14 16:05:31,903 : INFO : Timer.attract_carousel_timer : Starting Timer.
2026-02-14 16:05:31,903 : INFO : EventManager : Event: ======'timer_attract_carousel_timer_started'====== Args={'ticks': 0, 'ticks_remaining': 1}
2026-02-14 16:05:31,903 : INFO : EventManager : Event: ======'timer_attract_carousel_timer_tick'====== Args={'ticks': 0, 'ticks_remaining': 1}
2026-02-14 16:05:31,904 : INFO : EventManager : Event: ======'mode_attract_starting'====== Args={}
2026-02-14 16:05:31,904 : INFO : Mode.service : Started. Priority: 100000
2026-02-14 16:05:31,904 : INFO : EventManager : Event: ======'modes_active_modes_changed'====== Args={}
2026-02-14 16:05:31,904 : INFO : EventManager : Event: ======'mode_service_started'====== Args={}
2026-02-14 16:05:31,904 : INFO : drop_target_bank.dtb_characters : 1 targets are down. Will reset those.
2026-02-14 16:05:31,905 : INFO : coil.c_32_threebank_drop_reset : Pulsing Driver for 10ms (1.0 pulse_power)
2026-02-14 16:05:31,905 : DEBUG : FAST Driver : Pulsing driver 35 with pulse_settings: PulseSettings(power=1.0, duration=10).
2026-02-14 16:05:31,905 : INFO : drop_target_bank.dtb_rollover : 1 targets are down. Will reset those.
2026-02-14 16:05:31,905 : INFO : Mode.attract : Started. Priority: 10
2026-02-14 16:05:31,905 : INFO : EventManager : Event: ======'modes_active_modes_changed'====== Args={}
2026-02-14 16:05:31,905 : INFO : EventManager : Event: ======'mode_attract_started'====== Args={}
2026-02-14 16:05:31,905 : INFO : EventManager : Event: ======'collecting_balls_complete'====== Args={}
2026-02-14 16:05:31,906 : INFO : EventManager : Event: ======'carousel_item_highlighted'====== Args={'carousel': 'attract', 'direction': None, 'item': 'title'}
2026-02-14 16:05:31,914 : INFO : coil.c_40_fourbank_drop_reset : Pulsing Driver for 10ms (1.0 pulse_power)
2026-02-14 16:05:31,914 : DEBUG : FAST Driver : Pulsing driver 43 with pulse_settings: PulseSettings(power=1.0, duration=10).
2026-02-14 16:05:31,915 : INFO : Machine : Starting the main run loop with active modes: [<Mode.service>, <Mode.attract>]
2026-02-14 16:05:31,936 : INFO : coil.c_31_single_drop_1_reset : Pulsing Driver for 10ms (1.0 pulse_power)
2026-02-14 16:05:31,936 : DEBUG : FAST Driver : Pulsing driver 34 with pulse_settings: PulseSettings(power=1.0, duration=10).
2026-02-14 16:05:31,952 : INFO : SwitchController : <<<<<<< 's_77_threebank_drop_1' inactive (muted) >>>>>>>
2026-02-14 16:05:31,952 : INFO : SwitchController : <<<<<<< 's_74_fourbank_drop_2' active (muted) >>>>>>>
2026-02-14 16:05:31,952 : INFO : SwitchController : <<<<<<< 's_74_fourbank_drop_2' inactive (muted) >>>>>>>
2026-02-14 16:05:31,969 : INFO : SwitchController : <<<<<<< 's_77_threebank_drop_1' active (muted) >>>>>>>
2026-02-14 16:05:31,984 : INFO : SwitchController : <<<<<<< 's_72_single_drop_1' inactive (muted) >>>>>>>
2026-02-14 16:05:32,031 : INFO : SwitchController : <<<<<<< 's_72_single_drop_1' active (muted) >>>>>>>
2026-02-14 16:05:32,110 : INFO : SwitchController : <<<<<<< 's_74_fourbank_drop_2' active (muted) >>>>>>>
2026-02-14 16:05:32,412 : INFO : EventManager : Event: ======'drop_target_dt_character_2_down'====== Args={'device': <drop_target.dt_character_2>}
2026-02-14 16:05:32,412 : INFO : EventManager : Event: ======'drop_target_bank_dtb_characters_mixed'====== Args={'prev_value': <DropTargetBankState.UP: 'up'>, 'down': 2}
2026-02-14 16:05:32,428 : INFO : EventManager : Event: ======'drop_target_bank_dtb_rollover_down'====== Args={}
2026-02-14 16:05:36,094 : DEBUG : asciimatics.screen : Processing mouse: 119, 39
2026-02-14 16:05:36,094 : DEBUG : asciimatics.widgets.frame : New event: MouseEvent (119, 39) 0
2026-02-14 16:05:36,885 : INFO : Timer.attract_carousel_timer : Timer Complete
2026-02-14 16:05:36,885 : INFO : Timer.attract_carousel_timer : Stopping Timer
2026-02-14 16:05:36,885 : INFO : EventManager : Event: ======'timer_attract_carousel_timer_stopped'====== Args={'ticks': 1, 'ticks_remaining': 1}
2026-02-14 16:05:36,885 : INFO : EventManager : Event: ======'timer_attract_carousel_timer_complete'====== Args={'ticks': 1, 'ticks_remaining': 1}
2026-02-14 16:05:36,885 : INFO : EventManager : Event: ======'carousel_item_highlighted'====== Args={'carousel': 'attract', 'direction': 'forwards', 'item': 'credits'}
2026-02-14 16:05:38,093 : DEBUG : asciimatics.screen : Processing mouse: 112, 1
2026-02-14 16:05:38,093 : DEBUG : asciimatics.widgets.frame : New event: MouseEvent (112, 1) 0
2026-02-14 16:05:39,101 : DEBUG : asciimatics.widgets.layout : Updating: None
2026-02-14 16:05:39,101 : DEBUG : asciimatics.widgets.layout : Updating: None
2026-02-14 16:05:39,101 : DEBUG : asciimatics.widgets.layout : Updating: None
2026-02-14 16:05:39,101 : DEBUG : asciimatics.widgets.layout : Updating: None
2026-02-14 16:05:39,101 : DEBUG : asciimatics.widgets.layout : Updating: None
2026-02-14 16:05:39,101 : DEBUG : asciimatics.widgets.layout : Updating: None
2026-02-14 16:05:39,101 : DEBUG : asciimatics.widgets.layout : Updating: None
2026-02-14 16:05:39,101 : DEBUG : asciimatics.widgets.layout : Updating: None
2026-02-14 16:05:39,101 : DEBUG : asciimatics.widgets.layout : Updating: None
2026-02-14 16:05:39,101 : DEBUG : asciimatics.widgets.layout : Updating: None
2026-02-14 16:05:39,101 : DEBUG : asciimatics.widgets.layout : Updating: None
2026-02-14 16:05:39,101 : DEBUG : asciimatics.widgets.layout : Updating: None
2026-02-14 16:05:39,102 : DEBUG : asciimatics.widgets.widget : Widget blur: <asciimatics.widgets.label.Label object at 0x000001C21E32F370>
2026-02-14 16:05:39,102 : DEBUG : asciimatics.widgets.widget : Widget blur: <asciimatics.widgets.label.Label object at 0x000001C21E7C1970>
2026-02-14 16:05:39,102 : DEBUG : asciimatics.widgets.widget : Widget blur: <asciimatics.widgets.label.Label object at 0x000001C21E7C1A40>
2026-02-14 16:05:39,102 : DEBUG : asciimatics.widgets.layout : Blur: <asciimatics.widgets.layout.Layout object at 0x000001C21E803FA0>
2026-02-14 16:05:39,102 : DEBUG : asciimatics.widgets.layout : Blur: <mpf.core.text_ui.MpfLayout object at 0x000001C21E772F90>
2026-02-14 16:05:39,102 : DEBUG : asciimatics.widgets.layout : Updating: None
2026-02-14 16:05:39,102 : DEBUG : asciimatics.widgets.layout : Updating: None
2026-02-14 16:05:39,102 : DEBUG : asciimatics.widgets.layout : Updating: None
2026-02-14 16:05:39,102 : DEBUG : asciimatics.widgets.layout : Updating: None
2026-02-14 16:05:39,102 : DEBUG : asciimatics.widgets.layout : Updating: None
2026-02-14 16:05:39,102 : DEBUG : asciimatics.widgets.layout : Updating: None
2026-02-14 16:05:39,102 : DEBUG : asciimatics.widgets.widget : Widget blur: <asciimatics.widgets.label.Label object at 0x000001C21E9686C0>
2026-02-14 16:05:39,102 : DEBUG : asciimatics.widgets.widget : Widget blur: <asciimatics.widgets.label.Label object at 0x000001C21E9685F0>
2026-02-14 16:05:39,102 : DEBUG : asciimatics.widgets.widget : Widget blur: <asciimatics.widgets.label.Label object at 0x000001C21E968790>
2026-02-14 16:05:39,102 : DEBUG : asciimatics.widgets.widget : Widget blur: <asciimatics.widgets.label.Label object at 0x000001C21E968520>
2026-02-14 16:05:39,102 : DEBUG : asciimatics.widgets.widget : Widget blur: <asciimatics.widgets.label.Label object at 0x000001C21E968450>
2026-02-14 16:05:39,102 : DEBUG : asciimatics.widgets.widget : Widget blur: <asciimatics.widgets.label.Label object at 0x000001C21E7C1B10>
2026-02-14 16:05:39,102 : DEBUG : asciimatics.widgets.layout : Blur: <asciimatics.widgets.layout.Layout object at 0x000001C21E32BFA0>
2026-02-14 16:05:39,102 : DEBUG : asciimatics.widgets.layout : Focus: <asciimatics.widgets.layout.Layout object at 0x000001C21E803FA0>
2026-02-14 16:05:39,102 : DEBUG : asciimatics.widgets.layout : Focus: <mpf.core.text_ui.MpfLayout object at 0x000001C21E772F90>
2026-02-14 16:05:39,102 : DEBUG : asciimatics.widgets.layout : Focus: <asciimatics.widgets.layout.Layout object at 0x000001C21E32BFA0>
2026-02-14 16:05:39,102 : DEBUG : asciimatics.widgets.frame : Cloning: Test
2026-02-14 16:05:39,102 : DEBUG : asciimatics.widgets.layout : Updating: None
2026-02-14 16:05:39,103 : DEBUG : asciimatics.widgets.layout : Updating: None
2026-02-14 16:05:39,103 : DEBUG : asciimatics.widgets.layout : Updating: None
2026-02-14 16:05:39,103 : DEBUG : asciimatics.widgets.layout : Updating: None
2026-02-14 16:05:39,103 : DEBUG : asciimatics.widgets.layout : Updating: None
2026-02-14 16:05:39,103 : DEBUG : asciimatics.widgets.layout : Updating: None
2026-02-14 16:05:39,103 : DEBUG : asciimatics.widgets.layout : Updating: None
2026-02-14 16:05:39,103 : DEBUG : asciimatics.widgets.layout : Updating: None
2026-02-14 16:05:39,103 : DEBUG : asciimatics.widgets.layout : Updating: None
2026-02-14 16:05:39,103 : DEBUG : asciimatics.widgets.layout : Updating: None
2026-02-14 16:05:39,103 : DEBUG : asciimatics.widgets.layout : Updating: None
2026-02-14 16:05:39,103 : DEBUG : asciimatics.widgets.layout : Updating: None
2026-02-14 16:05:39,103 : DEBUG : asciimatics.widgets.layout : Updating: None
2026-02-14 16:05:39,103 : DEBUG : asciimatics.widgets.layout : Updating: None
2026-02-14 16:05:39,103 : DEBUG : asciimatics.widgets.layout : Updating: None
2026-02-14 16:05:39,103 : DEBUG : asciimatics.widgets.layout : Updating: None
2026-02-14 16:05:39,103 : DEBUG : asciimatics.widgets.layout : Updating: None
2026-02-14 16:05:39,103 : DEBUG : asciimatics.widgets.layout : Updating: None
2026-02-14 16:05:40,421 : INFO : SwitchController : <<<<<<< 's_11_start_button' active >>>>>>>
2026-02-14 16:05:40,707 : INFO : SwitchController : <<<<<<< 's_11_start_button' inactive >>>>>>>
2026-02-14 16:05:40,707 : INFO : EventManager : Event: ======'sw_start_inactive'====== Args={}
2026-02-14 16:05:40,707 : INFO : EventManager : Event: ======'request_to_start_game'====== Args={}
2026-02-14 16:05:40,707 : INFO : EventManager : Event: ======'game_start'====== Args={'buttons': [], 'hold_time': 0.28100000000085856}
2026-02-14 16:05:40,707 : INFO : EventManager : Event: ======'mode_game_will_start'====== Args={'buttons': [], 'hold_time': 0.28100000000085856}
2026-02-14 16:05:40,708 : INFO : EventManager : Event: ======'mode_game_starting'====== Args={'buttons': [], 'hold_time': 0.28100000000085856}
2026-02-14 16:05:40,708 : INFO : EventManager : Event: ======'mode_attract_will_stop'====== Args={}
2026-02-14 16:05:40,708 : INFO : EventManager : Event: ======'mode_attract_stopping'====== Args={}
2026-02-14 16:05:40,708 : INFO : Mode.attract : Stopped.
2026-02-14 16:05:40,708 : INFO : EventManager : Event: ======'modes_active_modes_changed'====== Args={}
2026-02-14 16:05:40,708 : INFO : EventManager : Event: ======'mode_attract_stopped'====== Args={}
2026-02-14 16:05:40,708 : INFO : EventManager : Event: ======'clear'====== Args={'key': 'attract'}
2026-02-14 16:05:40,708 : INFO : Timer.attract_carousel_timer : Stopping Timer
2026-02-14 16:05:40,708 : INFO : EventManager : Event: ======'timer_attract_carousel_timer_stopped'====== Args={'ticks': 1, 'ticks_remaining': 1}
2026-02-14 16:05:40,708 : INFO : Mode.game : Started. Priority: 20
2026-02-14 16:05:40,708 : INFO : EventManager : Event: ======'modes_active_modes_changed'====== Args={}
2026-02-14 16:05:40,708 : INFO : EventManager : Event: ======'mode_game_started'====== Args={'buttons': [], 'hold_time': 0.28100000000085856}
2026-02-14 16:05:40,714 : INFO : EventManager : Event: ======'game_will_start'====== Args={}
2026-02-14 16:05:40,715 : INFO : EventManager : Event: ======'game_starting'====== Args={'game': <Mode.game>}
2026-02-14 16:05:40,716 : DEBUG : Auditor : Enabling the Auditor
2026-02-14 16:05:40,716 : INFO : EventManager : Unordered handler for class <Auditor> on event game_ended with priority 1. Handlers: [RegisteredHandler(callback=<bound method Auditor.disable of <Auditor>>, priority=1, kwargs={}, key=UUID('2c6ce3ad-1499-42c0-abad-3259bac0f3d2'), condition=None, blocking_facility=None), RegisteredHandler(callback=<bound method Auditor._save_audits of <Auditor>>, priority=1, kwargs={}, key=UUID('11d971fd-c9d5-4dd4-a0f6-3fb16773e8df'), condition=None, blocking_facility=None)]. The order of those handlers is not defined and they will be executed in random order. This might lead to race conditions and potential bugs.
2026-02-14 16:05:40,716 : INFO : EventManager : Event: ======'player_add_request'====== Args={}
2026-02-14 16:05:40,716 : INFO : EventManager : Event: ======'player_will_add'====== Args={'number': 1}
2026-02-14 16:05:40,716 : DEBUG : Player : Creating new player: Player 1. (player index '0')
2026-02-14 16:05:40,716 : DEBUG : Player : Setting 'score' to: 0, (prior: 0, change: 0)
2026-02-14 16:05:40,716 : INFO : EventManager : Event: ======'player_adding'====== Args={'player': <Player 1>, 'number': 1}
2026-02-14 16:05:40,717 : INFO : EventManager : Event: ======'player_added'====== Args={'player': <Player 1>, 'num': 1}
2026-02-14 16:05:40,717 : INFO : Mode.game : Player added successfully. Total players: 1
2026-02-14 16:05:40,717 : INFO : EventManager : Event: ======'player_index'====== Args={'value': 0, 'prev_value': 0, 'change': 0, 'player_num': 1}
2026-02-14 16:05:40,717 : INFO : EventManager : Event: ======'player_number'====== Args={'value': 1, 'prev_value': 1, 'change': 0, 'player_num': 1}
2026-02-14 16:05:40,717 : INFO : EventManager : Event: ======'player_score'====== Args={'value': 0, 'prev_value': 0, 'change': 0, 'player_num': 1}
2026-02-14 16:05:40,717 : INFO : EventManager : Event: ======'game_started'====== Args={}
2026-02-14 16:05:40,724 : INFO : EventManager : Event: ======'player_turn_will_start'====== Args={'player': <Player 1>, 'number': 1}
2026-02-14 16:05:40,731 : INFO : EventManager : Event: ======'player_turn_starting'====== Args={'player': <Player 1>, 'number': 1}
2026-02-14 16:05:40,732 : DEBUG : Player : Setting 'ball' to: 1, (prior: 0, change: 1)
2026-02-14 16:05:40,732 : INFO : EventManager : Event: ======'player_ball'====== Args={'value': 1, 'prev_value': 0, 'change': 1, 'player_num': 1}
2026-02-14 16:05:40,732 : INFO : EventManager : Event: ======'player_turn_started'====== Args={'player': <Player 1>, 'number': 1}
2026-02-14 16:05:40,733 : INFO : EventManager : Event: ======'ball_will_start'====== Args={'player': 1, 'ball': 1, 'balls_remaining': 2, 'is_extra_ball': False}
2026-02-14 16:05:40,736 : INFO : drop_target_bank.dtb_characters : 2 targets are down. Will reset those.
2026-02-14 16:05:40,736 : INFO : coil.c_32_threebank_drop_reset : Pulsing Driver for 10ms (1.0 pulse_power)
2026-02-14 16:05:40,736 : DEBUG : FAST Driver : Pulsing driver 35 with pulse_settings: PulseSettings(power=1.0, duration=10).
2026-02-14 16:05:40,737 : INFO : drop_target_bank.dtb_rollover : 1 targets are down. Will reset those.
2026-02-14 16:05:40,737 : INFO : EventManager : Event: ======'ball_starting'====== Args={'player': 1, 'ball': 1, 'balls_remaining': 2, 'is_extra_ball': False}
2026-02-14 16:05:40,737 : INFO : EventManager : Event: ======'mode_base_will_start'====== Args={'queue': <QueuedEvent>, 'player': 1, 'ball': 1, 'balls_remaining': 2, 'is_extra_ball': False}
2026-02-14 16:05:40,737 : DEBUG : Player : Setting 'base_drop_target_trip_delay_tick' to: 5, (prior: 0, change: 5)
2026-02-14 16:05:40,738 : INFO : EventManager : Event: ======'player_base_drop_target_trip_delay_tick'====== Args={'value': 5, 'prev_value': 0, 'change': 5, 'player_num': 1}
2026-02-14 16:05:40,738 : INFO : EventManager : Event: ======'mode_base_starting'====== Args={'queue': <QueuedEvent>, 'player': 1, 'ball': 1, 'balls_remaining': 2, 'is_extra_ball': False}
2026-02-14 16:05:40,739 : INFO : Mode.base : Started. Priority: 1
2026-02-14 16:05:40,739 : INFO : EventManager : Event: ======'modes_active_modes_changed'====== Args={}
2026-02-14 16:05:40,739 : INFO : EventManager : Event: ======'mode_base_started'====== Args={'queue': <QueuedEvent>, 'player': 1, 'ball': 1, 'balls_remaining': 2, 'is_extra_ball': False}
2026-02-14 16:05:40,739 : INFO : EventManager : Event: ======'balls_in_play'====== Args={'balls': 1}
2026-02-14 16:05:40,739 : INFO : EventManager : Event: ======'ball_started'====== Args={'player': 1, 'ball': 1, 'balls_remaining': 2, 'is_extra_ball': False}
2026-02-14 16:05:40,739 : DEBUG : FAST Driver : Setting hardware rule for driver 27. Mode: None. Switch: 25. coil_settings: DriverSettings(hw_driver=<mpf.platforms.fast.fast_driver.FASTDriver object at 0x000001C21E392570>, pulse_settings=PulseSettings(power=1.0, duration=8), hold_settings=None, recycle=True). kwargs: {}.
2026-02-14 16:05:40,740 : DEBUG : FAST Driver : Setting hardware rule for driver 26. Mode: None. Switch: 22. coil_settings: DriverSettings(hw_driver=<mpf.platforms.fast.fast_driver.FASTDriver object at 0x000001C21E392500>, pulse_settings=PulseSettings(power=1.0, duration=8), hold_settings=None, recycle=True). kwargs: {}.
2026-02-14 16:05:40,740 : DEBUG : FAST Driver : Setting hardware rule for driver 9. Mode: None. Switch: 0A. coil_settings: DriverSettings(hw_driver=<mpf.platforms.fast.fast_driver.FASTDriver object at 0x000001C21E391CB0>, pulse_settings=PulseSettings(power=1.0, duration=10), hold_settings=None, recycle=True). kwargs: {}.
2026-02-14 16:05:40,740 : DEBUG : FAST Driver : Setting hardware rule for driver 7. Mode: None. Switch: 09. coil_settings: DriverSettings(hw_driver=<mpf.platforms.fast.fast_driver.FASTDriver object at 0x000001C21E391BD0>, pulse_settings=PulseSettings(power=1.0, duration=10), hold_settings=None, recycle=True). kwargs: {}.
2026-02-14 16:05:40,740 : DEBUG : FAST Driver : Setting hardware rule for driver 8. Mode: None. Switch: 08. coil_settings: DriverSettings(hw_driver=<mpf.platforms.fast.fast_driver.FASTDriver object at 0x000001C21E391C40>, pulse_settings=PulseSettings(power=1.0, duration=10), hold_settings=None, recycle=True). kwargs: {}.
2026-02-14 16:05:40,740 : DEBUG : FAST Driver : Setting hardware rule for driver 24. Mode: 18. Switch: 06. coil_settings: DriverSettings(hw_driver=<mpf.platforms.fast.fast_driver.FASTDriver object at 0x000001C21E392420>, pulse_settings=PulseSettings(power=1.0, duration=25), hold_settings=None, recycle=False). kwargs: {}.
2026-02-14 16:05:40,740 : DEBUG : FAST Driver : Sending config to driver 24 (0x18). one_shot: False. wait_to_confirm: False
2026-02-14 16:05:40,740 : DEBUG : FAST Driver : Setting hardware rule for driver 25. Mode: 18. Switch: 06. coil_settings: DriverSettings(hw_driver=<mpf.platforms.fast.fast_driver.FASTDriver object at 0x000001C21E392490>, pulse_settings=PulseSettings(power=1.0, duration=10), hold_settings=HoldSettings(power=0.35, duration=None), recycle=False). kwargs: {}.
2026-02-14 16:05:40,740 : DEBUG : FAST Driver : Sending config to driver 25 (0x19). one_shot: False. wait_to_confirm: False
2026-02-14 16:05:40,740 : DEBUG : FAST Driver : Setting hardware rule for driver 23. Mode: 18. Switch: 04. coil_settings: DriverSettings(hw_driver=<mpf.platforms.fast.fast_driver.FASTDriver object at 0x000001C21E3923B0>, pulse_settings=PulseSettings(power=1.0, duration=1), hold_settings=None, recycle=False). kwargs: {}.
2026-02-14 16:05:40,740 : DEBUG : FAST Driver : Sending config to driver 23 (0x17). one_shot: False. wait_to_confirm: False
2026-02-14 16:05:40,741 : DEBUG : FAST Driver : Setting hardware rule for driver 22. Mode: 18. Switch: 04. coil_settings: DriverSettings(hw_driver=<mpf.platforms.fast.fast_driver.FASTDriver object at 0x000001C21E392340>, pulse_settings=PulseSettings(power=1.0, duration=10), hold_settings=HoldSettings(power=0.1, duration=None), recycle=False). kwargs: {}.
2026-02-14 16:05:40,741 : DEBUG : FAST Driver : Sending config to driver 22 (0x16). one_shot: False. wait_to_confirm: False
2026-02-14 16:05:40,741 : DEBUG : FAST Driver : Setting hardware rule for driver 5. Mode: 18. Switch: 07. coil_settings: DriverSettings(hw_driver=<mpf.platforms.fast.fast_driver.FASTDriver object at 0x000001C21E391AF0>, pulse_settings=PulseSettings(power=1.0, duration=25), hold_settings=None, recycle=False). kwargs: {}.
2026-02-14 16:05:40,741 : DEBUG : FAST Driver : Sending config to driver 5 (0x05). one_shot: False. wait_to_confirm: False
2026-02-14 16:05:40,741 : DEBUG : FAST Driver : Setting hardware rule for driver 4. Mode: 18. Switch: 07. coil_settings: DriverSettings(hw_driver=<mpf.platforms.fast.fast_driver.FASTDriver object at 0x000001C21E391A80>, pulse_settings=PulseSettings(power=1.0, duration=10), hold_settings=HoldSettings(power=0.35, duration=None), recycle=False). kwargs: {}.
2026-02-14 16:05:40,741 : DEBUG : FAST Driver : Sending config to driver 4 (0x04). one_shot: False. wait_to_confirm: False
2026-02-14 16:05:40,750 : INFO : EventManager : Event: ======'single_player_ball_started'====== Args={}
2026-02-14 16:05:40,750 : INFO : coil.c_40_fourbank_drop_reset : Pulsing Driver for 10ms (1.0 pulse_power)
2026-02-14 16:05:40,750 : DEBUG : FAST Driver : Pulsing driver 43 with pulse_settings: PulseSettings(power=1.0, duration=10).
2026-02-14 16:05:40,750 : INFO : EventManager : Event: ======'ball_start_target'====== Args={'target': 'playfield'}
2026-02-14 16:05:40,751 : INFO : ball_device.bd_trough : Setting up player-controlled eject. Balls: 1, Target: <playfield.playfield>, player_controlled_eject_event: None
2026-02-14 16:05:40,751 : INFO : ball_device.bd_trough : Adding 1 ball(s) to the eject_queue with target <playfield.playfield>.
2026-02-14 16:05:40,751 : INFO : EventManager : Event: ======'balldevice_balls_available'====== Args={}
2026-02-14 16:05:40,752 : INFO : ball_device.bd_trough : State: waiting_for_target_ready
2026-02-14 16:05:40,752 : INFO : EventManager : Event: ======'balldevice_bd_trough_ball_eject_attempt'====== Args={'balls': 1, 'target': <ball_device.bd_plunger>, 'source': <ball_device.bd_trough>, 'mechanical_eject': False, 'num_attempts': 0}
2026-02-14 16:05:40,752 : INFO : ball_device.bd_plunger : State: waiting_for_ball
2026-02-14 16:05:40,753 : INFO : ball_device.bd_trough : State: ejecting
2026-02-14 16:05:40,753 : INFO : ball_device.bd_trough : Ejecting ball to <ball_device.bd_plunger>
2026-02-14 16:05:40,753 : INFO : EventManager : Event: ======'balldevice_bd_trough_ejecting_ball'====== Args={'balls': 1, 'target': <ball_device.bd_plunger>, 'source': <ball_device.bd_trough>, 'mechanical_eject': False, 'num_attempts': 0}
2026-02-14 16:05:40,754 : INFO : ball_device.bd_trough : Wait for ball to leave device
2026-02-14 16:05:40,770 : INFO : coil.c_31_single_drop_1_reset : Pulsing Driver for 10ms (1.0 pulse_power)
2026-02-14 16:05:40,770 : DEBUG : FAST Driver : Pulsing driver 34 with pulse_settings: PulseSettings(power=1.0, duration=10).
2026-02-14 16:05:40,770 : INFO : SwitchController : <<<<<<< 's_77_threebank_drop_1' inactive (muted) >>>>>>>
2026-02-14 16:05:40,770 : INFO : SwitchController : <<<<<<< 's_74_fourbank_drop_2' inactive (muted) >>>>>>>
2026-02-14 16:05:40,786 : INFO : coil.c_2_trough_eject : Pulsing Driver for 30ms (1.0 pulse_power)
2026-02-14 16:05:40,786 : DEBUG : FAST Driver : Pulsing driver 21 with pulse_settings: PulseSettings(power=1.0, duration=30).
2026-02-14 16:05:40,786 : INFO : SwitchController : <<<<<<< 's_74_fourbank_drop_2' active (muted) >>>>>>>
2026-02-14 16:05:40,786 : INFO : EventManager : Event: ======'machine_var_audits_switches_s_74_fourbank_drop_2'====== Args={'value': 66, 'prev_value': 65, 'change': 1}
2026-02-14 16:05:40,802 : INFO : SwitchController : <<<<<<< 's_74_fourbank_drop_2' inactive (muted) >>>>>>>
2026-02-14 16:05:40,802 : INFO : SwitchController : <<<<<<< 's_74_fourbank_drop_2' active (muted) >>>>>>>
2026-02-14 16:05:40,802 : INFO : EventManager : Event: ======'machine_var_audits_switches_s_74_fourbank_drop_2'====== Args={'value': 67, 'prev_value': 66, 'change': 1}
2026-02-14 16:05:40,821 : INFO : SwitchController : <<<<<<< 's_72_single_drop_1' inactive (muted) >>>>>>>
2026-02-14 16:05:40,821 : INFO : SwitchController : <<<<<<< 's_24_trough_1' inactive >>>>>>>
2026-02-14 16:05:40,821 : INFO : SwitchController : <<<<<<< 's_30_trough_jam' active >>>>>>>
2026-02-14 16:05:40,821 : INFO : EventManager : Event: ======'machine_var_audits_switches_s_30_trough_jam'====== Args={'value': 69, 'prev_value': 68, 'change': 1}
2026-02-14 16:05:40,830 : INFO : SwitchController : <<<<<<< 's_30_trough_jam' inactive >>>>>>>
2026-02-14 16:05:40,836 : INFO : ball_device.bd_trough : State: ball_left
2026-02-14 16:05:40,836 : INFO : ball_device.bd_trough : Ball left
2026-02-14 16:05:40,836 : INFO : ball_device.bd_trough : Wait for confirm with timeout 10.0
2026-02-14 16:05:40,850 : INFO : SwitchController : <<<<<<< 's_72_single_drop_1' active (muted) >>>>>>>
2026-02-14 16:05:40,850 : INFO : EventManager : Event: ======'machine_var_audits_switches_s_72_single_drop_1'====== Args={'value': 22, 'prev_value': 21, 'change': 1}
2026-02-14 16:05:40,871 : INFO : SwitchController : <<<<<<< 's_74_fourbank_drop_2' inactive (muted) >>>>>>>
2026-02-14 16:05:40,871 : INFO : SwitchController : <<<<<<< 's_74_fourbank_drop_2' active (muted) >>>>>>>
2026-02-14 16:05:40,871 : INFO : EventManager : Event: ======'machine_var_audits_switches_s_74_fourbank_drop_2'====== Args={'value': 68, 'prev_value': 67, 'change': 1}
2026-02-14 16:05:40,872 : INFO : SwitchController : <<<<<<< 's_74_fourbank_drop_2' inactive (muted) >>>>>>>
2026-02-14 16:05:41,072 : INFO : SwitchController : <<<<<<< 's_74_fourbank_drop_2' active (muted) >>>>>>>
2026-02-14 16:05:41,072 : INFO : EventManager : Event: ======'machine_var_audits_switches_s_74_fourbank_drop_2'====== Args={'value': 69, 'prev_value': 68, 'change': 1}
2026-02-14 16:05:41,263 : INFO : EventManager : Event: ======'drop_target_dt_character_5_up'====== Args={'device': <drop_target.dt_character_5>}
2026-02-14 16:05:41,263 : INFO : EventManager : Event: ======'drop_target_bank_dtb_characters_mixed'====== Args={'prev_value': <DropTargetBankState.MIXED: 'mixed'>, 'down': 1}
2026-02-14 16:05:44,914 : INFO : SwitchController : <<<<<<< 's_31_plunger_lane' active >>>>>>>
2026-02-14 16:05:44,914 : INFO : EventManager : Event: ======'machine_var_audits_switches_s_31_plunger_lane'====== Args={'value': 68, 'prev_value': 67, 'change': 1}
2026-02-14 16:05:45,409 : INFO : ball_device.bd_plunger : Received ball from <ball_device.bd_trough>
2026-02-14 16:05:45,409 : INFO : EventManager : Event: ======'balldevice_bd_plunger_ball_enter'====== Args={'new_balls': 1, 'unclaimed_balls': 0, 'new_available_balls': 0, 'device': <ball_device.bd_plunger>}
2026-02-14 16:05:45,409 : INFO : EventManager : Event: ======'balldevice_bd_plunger_ball_entered'====== Args={'new_balls': 0, 'device': <ball_device.bd_plunger>}
2026-02-14 16:05:45,410 : INFO : EventManager : Event: ======'balldevice_bd_plunger_ball_count_changed'====== Args={'balls': 1}
2026-02-14 16:05:45,410 : INFO : ball_device.bd_trough : Got eject confirm
2026-02-14 16:05:45,410 : INFO : ball_device.bd_trough : Eject successful
2026-02-14 16:05:45,410 : INFO : EventManager : Event: ======'balldevice_bd_trough_ball_eject_success'====== Args={'balls': 1, 'target': <ball_device.bd_plunger>}
2026-02-14 16:05:45,410 : INFO : Timer.drop_target_trip_delay : Starting Timer.
2026-02-14 16:05:45,410 : INFO : EventManager : Event: ======'timer_drop_target_trip_delay_started'====== Args={'ticks': 5, 'ticks_remaining': 5}
2026-02-14 16:05:45,410 : INFO : EventManager : Event: ======'timer_drop_target_trip_delay_tick'====== Args={'ticks': 5, 'ticks_remaining': 5}
2026-02-14 16:05:45,410 : INFO : coil.c_31_single_drop_1_reset : Pulsing Driver for 10ms (1.0 pulse_power)
2026-02-14 16:05:45,410 : DEBUG : FAST Driver : Pulsing driver 34 with pulse_settings: PulseSettings(power=1.0, duration=10).
2026-02-14 16:05:45,411 : INFO : ball_device.bd_plunger : State: waiting_for_target_ready
2026-02-14 16:05:45,411 : INFO : EventManager : Event: ======'balldevice_bd_plunger_ball_eject_attempt'====== Args={'balls': 1, 'target': <playfield.playfield>, 'source': <ball_device.bd_plunger>, 'mechanical_eject': False, 'num_attempts': 0}
2026-02-14 16:05:45,411 : INFO : EventManager : Event: ======'balldevice_bd_trough_ball_count_changed'====== Args={'balls': 0}
2026-02-14 16:05:45,411 : INFO : ball_device.bd_trough : State: idle
2026-02-14 16:05:45,411 : INFO : ball_device.bd_plunger : State: ejecting
2026-02-14 16:05:45,411 : INFO : ball_device.bd_plunger : Ejecting ball to <playfield.playfield>
2026-02-14 16:05:45,412 : INFO : EventManager : Event: ======'balldevice_bd_plunger_ejecting_ball'====== Args={'balls': 1, 'target': <playfield.playfield>, 'source': <ball_device.bd_plunger>, 'mechanical_eject': False, 'num_attempts': 0}
2026-02-14 16:05:45,412 : INFO : ball_device.bd_plunger : Wait for ball to leave device
2026-02-14 16:05:45,425 : INFO : coil.c_1_plunger : Pulsing Driver for 10ms (1.0 pulse_power)
2026-02-14 16:05:45,425 : DEBUG : FAST Driver : Pulsing driver 20 with pulse_settings: PulseSettings(power=1.0, duration=10).
2026-02-14 16:05:45,456 : INFO : SwitchController : <<<<<<< 's_72_single_drop_1' inactive >>>>>>>
2026-02-14 16:05:45,456 : INFO : EventManager : Event: ======'playfield_active'====== Args={'source': 'dt_single_1'}
2026-02-14 16:05:45,456 : INFO : EventManager : Event: ======'drop_target_dt_single_1_up'====== Args={'device': <drop_target.dt_single_1>}
2026-02-14 16:05:45,456 : INFO : EventManager : Event: ======'drop_target_bank_dtb_rollover_up'====== Args={}
2026-02-14 16:05:45,456 : INFO : SwitchController : <<<<<<< 's_31_plunger_lane' inactive >>>>>>>
2026-02-14 16:05:45,466 : INFO : ball_device.bd_plunger : State: ball_left
2026-02-14 16:05:45,466 : INFO : ball_device.bd_plunger : Ball left
2026-02-14 16:05:45,466 : INFO : ball_device.bd_plunger : Wait for confirm with timeout 10.0
2026-02-14 16:05:45,488 : INFO : SwitchController : <<<<<<< 's_72_single_drop_1' active >>>>>>>
2026-02-14 16:05:45,488 : INFO : EventManager : Event: ======'playfield_active'====== Args={'source': 'dt_single_1'}
2026-02-14 16:05:45,488 : INFO : EventManager : Event: ======'drop_target_dt_single_1_down'====== Args={'device': <drop_target.dt_single_1>}
2026-02-14 16:05:45,488 : INFO : EventManager : Event: ======'drop_target_bank_dtb_rollover_down'====== Args={}
2026-02-14 16:05:45,488 : INFO : EventManager : Event: ======'machine_var_audits_switches_s_72_single_drop_1'====== Args={'value': 23, 'prev_value': 22, 'change': 1}
2026-02-14 16:05:45,494 : INFO : ball_device.bd_plunger : Got eject confirm
2026-02-14 16:05:45,494 : INFO : ball_device.bd_plunger : Eject successful
2026-02-14 16:05:45,494 : INFO : EventManager : Event: ======'balldevice_bd_plunger_ball_eject_success'====== Args={'balls': 1, 'target': <playfield.playfield>}
2026-02-14 16:05:45,494 : INFO : EventManager : Event: ======'balldevice_playfield_ball_enter'====== Args={'new_balls': 1, 'unclaimed_balls': 1, 'device': <playfield.playfield>}
2026-02-14 16:05:45,494 : INFO : EventManager : Event: ======'playfield_ball_count_change'====== Args={'balls': 1, 'change': 1}
2026-02-14 16:05:45,495 : INFO : EventManager : Event: ======'balldevice_bd_plunger_ball_count_changed'====== Args={'balls': 0}
2026-02-14 16:05:45,495 : INFO : ball_device.bd_plunger : State: idle
2026-02-14 16:05:46,317 : INFO : SwitchController : <<<<<<< 's_58_pop_bumper_left' active >>>>>>>
2026-02-14 16:05:46,317 : INFO : EventManager : Event: ======'machine_var_audits_switches_s_58_pop_bumper_left'====== Args={'value': 77, 'prev_value': 76, 'change': 1}
2026-02-14 16:05:46,338 : INFO : SwitchController : <<<<<<< 's_58_pop_bumper_left' inactive >>>>>>>
2026-02-14 16:05:46,411 : DEBUG : Player : Setting 'base_drop_target_trip_delay_tick' to: 4, (prior: 5, change: -1)
2026-02-14 16:05:46,411 : INFO : EventManager : Event: ======'player_base_drop_target_trip_delay_tick'====== Args={'value': 4, 'prev_value': 5, 'change': -1, 'player_num': 1}
2026-02-14 16:05:46,411 : INFO : EventManager : Event: ======'timer_drop_target_trip_delay_tick'====== Args={'ticks': 4, 'ticks_remaining': 4}
2026-02-14 16:05:47,416 : DEBUG : Player : Setting 'base_drop_target_trip_delay_tick' to: 3, (prior: 4, change: -1)
2026-02-14 16:05:47,416 : INFO : EventManager : Event: ======'player_base_drop_target_trip_delay_tick'====== Args={'value': 3, 'prev_value': 4, 'change': -1, 'player_num': 1}
2026-02-14 16:05:47,416 : INFO : EventManager : Event: ======'timer_drop_target_trip_delay_tick'====== Args={'ticks': 3, 'ticks_remaining': 3}
2026-02-14 16:05:48,420 : DEBUG : Player : Setting 'base_drop_target_trip_delay_tick' to: 2, (prior: 3, change: -1)
2026-02-14 16:05:48,420 : INFO : EventManager : Event: ======'player_base_drop_target_trip_delay_tick'====== Args={'value': 2, 'prev_value': 3, 'change': -1, 'player_num': 1}
2026-02-14 16:05:48,420 : INFO : EventManager : Event: ======'timer_drop_target_trip_delay_tick'====== Args={'ticks': 2, 'ticks_remaining': 2}
2026-02-14 16:05:49,408 : DEBUG : Player : Setting 'base_drop_target_trip_delay_tick' to: 1, (prior: 2, change: -1)
2026-02-14 16:05:49,408 : INFO : EventManager : Event: ======'player_base_drop_target_trip_delay_tick'====== Args={'value': 1, 'prev_value': 2, 'change': -1, 'player_num': 1}
2026-02-14 16:05:49,408 : INFO : EventManager : Event: ======'timer_drop_target_trip_delay_tick'====== Args={'ticks': 1, 'ticks_remaining': 1}
2026-02-14 16:05:50,412 : DEBUG : Player : Setting 'base_drop_target_trip_delay_tick' to: 0, (prior: 1, change: -1)
2026-02-14 16:05:50,412 : INFO : EventManager : Event: ======'player_base_drop_target_trip_delay_tick'====== Args={'value': 0, 'prev_value': 1, 'change': -1, 'player_num': 1}
2026-02-14 16:05:50,412 : INFO : Timer.drop_target_trip_delay : Timer Complete
2026-02-14 16:05:50,412 : INFO : Timer.drop_target_trip_delay : Stopping Timer
2026-02-14 16:05:50,412 : INFO : EventManager : Event: ======'timer_drop_target_trip_delay_stopped'====== Args={'ticks': 0, 'ticks_remaining': 1}
2026-02-14 16:05:50,412 : INFO : EventManager : Event: ======'timer_drop_target_trip_delay_complete'====== Args={'ticks': 0, 'ticks_remaining': 1}
2026-02-14 16:05:50,412 : INFO : coil.c_30_single_drop_1_trip : Pulsing Driver for 10ms (1.0 pulse_power)
2026-02-14 16:05:50,412 : DEBUG : FAST Driver : Pulsing driver 33 with pulse_settings: PulseSettings(power=1.0, duration=10).
2026-02-14 16:06:09,098 : DEBUG : asciimatics.screen : Processing mouse: 115, 1
2026-02-14 16:06:09,098 : DEBUG : asciimatics.widgets.frame : New event: MouseEvent (115, 1) 0
2026-02-14 16:06:12,520 : INFO : Machine : Shutting down...
2026-02-14 16:06:12,520 : INFO : EventManager : Event: ======'shutdown'====== Args={}
2026-02-14 16:06:12,520 : INFO : EventManager : Event: ======'mode_service_will_stop'====== Args={}
2026-02-14 16:06:12,520 : INFO : EventManager : Event: ======'mode_service_stopping'====== Args={}
2026-02-14 16:06:12,520 : INFO : Mode.service : Stopped.
2026-02-14 16:06:12,520 : INFO : EventManager : Event: ======'modes_active_modes_changed'====== Args={}
2026-02-14 16:06:12,520 : INFO : EventManager : Event: ======'mode_service_stopped'====== Args={}
2026-02-14 16:06:12,520 : INFO : EventManager : Event: ======'clear'====== Args={'key': 'service'}
2026-02-14 16:06:12,520 : INFO : EventManager : Event: ======'mode_game_will_stop'====== Args={}
2026-02-14 16:06:12,520 : INFO : EventManager : Event: ======'mode_game_stopping'====== Args={}
2026-02-14 16:06:12,520 : INFO : EventManager : Event: ======'mode_base_will_stop'====== Args={}
2026-02-14 16:06:12,520 : INFO : EventManager : Event: ======'mode_base_stopping'====== Args={}
2026-02-14 16:06:12,520 : INFO : Mode.base : Stopped.
2026-02-14 16:06:12,520 : INFO : EventManager : Event: ======'modes_active_modes_changed'====== Args={}
2026-02-14 16:06:12,520 : INFO : EventManager : Event: ======'mode_base_stopped'====== Args={}
2026-02-14 16:06:12,520 : INFO : EventManager : Event: ======'clear'====== Args={'key': 'base'}
2026-02-14 16:06:12,520 : INFO : Timer.drop_target_trip_delay : Stopping Timer
2026-02-14 16:06:12,520 : INFO : EventManager : Event: ======'timer_drop_target_trip_delay_stopped'====== Args={'ticks': 0, 'ticks_remaining': 1}
2026-02-14 16:06:12,520 : INFO : Mode.game : Stopped.
2026-02-14 16:06:12,520 : INFO : EventManager : Event: ======'modes_active_modes_changed'====== Args={}
2026-02-14 16:06:12,520 : INFO : EventManager : Event: ======'mode_game_stopped'====== Args={}
2026-02-14 16:06:12,520 : INFO : EventManager : Event: ======'clear'====== Args={'key': 'game'}
2026-02-14 16:06:12,629 : DEBUG : FAST [NET] : Stop called on serial connection NET
2026-02-14 16:06:12,629 : DEBUG : FAST [EXP] : Stop called on serial connection EXP
2026-02-14 16:06:12,629 : INFO : root : MPF run loop ended.
