2026-02-11 18:35:59,082 : INFO : root : Loading config.
2026-02-11 18:35:59,085 : INFO : YamlMultifileConfigLoader : Machine config file #1: config.yaml
2026-02-11 18:35:59,086 : INFO : ConfigProcessor : Loading config from cache: C:\Users\tl\AppData\Local\Temp\86f932e179f318f5dae29f066573dee9.mpf_cache
2026-02-11 18:35:59,174 : DEBUG : YamlMultifileConfigLoader : Loading mode attract from C:\mpf\Lib\site-packages\mpf\modes\attract\config\attract.yaml
2026-02-11 18:35:59,174 : DEBUG : YamlMultifileConfigLoader : Loading mode attract from C:\mpf\Lib\site-packages\mpf\modes\attract\config\attract.yaml
2026-02-11 18:35:59,175 : INFO : ConfigProcessor : Loading config from cache: C:\Users\tl\AppData\Local\Temp\5e7e3dd8e04e0aa46ea76018297218da.mpf_cache
2026-02-11 18:35:59,175 : DEBUG : YamlMultifileConfigLoader : Loading mode game from C:\mpf\Lib\site-packages\mpf\modes\game\config\game.yaml
2026-02-11 18:35:59,176 : INFO : ConfigProcessor : Loading config from cache: C:\Users\tl\AppData\Local\Temp\af6ad0dab2f43bd9cbdac83e0b2786ac.mpf_cache
2026-02-11 18:35:59,176 : DEBUG : YamlMultifileConfigLoader : Loading mode attract from C:\mpf\Lib\site-packages\mpf\modes\attract\config\attract.yaml
2026-02-11 18:35:59,177 : DEBUG : YamlMultifileConfigLoader : Loading mode attract from C:\mpf\Lib\site-packages\mpf\modes\attract\config\attract.yaml
2026-02-11 18:35:59,177 : INFO : ConfigProcessor : Loading config from cache: C:\Users\tl\AppData\Local\Temp\5e7e3dd8e04e0aa46ea76018297218da.mpf_cache
2026-02-11 18:35:59,178 : INFO : ConfigProcessor : Loading config from cache: C:\Users\tl\AppData\Local\Temp\5d4a31ba12353a8d97b779019117e810.mpf_cache
2026-02-11 18:35:59,178 : INFO : Machine : Mission Pinball Framework Core Engine v0.80.0.dev12
2026-02-11 18:35:59,178 : INFO : Machine : Command line arguments: {'no_load_cache': False, 'create_config_cache': True, 'bcp': False, 'configfile': ['config.yaml'], 'force_assets_load': True, 'platform_integration_test': False, 'jsonlogging': False, 'logfile': 'logs\\2026-02-11-18-35-59-mpf-DESKTOP-HV85DRD.log', 'pause': False, 'production': False, 'text_ui': False, 'loglevel': 10, 'consoleloglevel': 20, 'force_platform': None, 'syslog_address': None, 'full_logfile_path': 'C:\\Users\\tl\\Documents\\tl-pinball\\logs\\2026-02-11-18-35-59-mpf-DESKTOP-HV85DRD.log'}
2026-02-11 18:35:59,178 : INFO : Machine : MPF path: C:\mpf\Lib\site-packages\mpf
2026-02-11 18:35:59,178 : INFO : Machine : Machine path: C:\Users\tl\Documents\tl-pinball
2026-02-11 18:35:59,178 : INFO : Machine : Platform: win32
2026-02-11 18:35:59,179 : INFO : Machine : Python executable location: C:\mpf\Scripts\python.exe
2026-02-11 18:35:59,179 : INFO : Machine : Python version: 3.12.7 (64-bit)
2026-02-11 18:35:59,180 : DEBUG : asyncio : Using proactor: IocpProactor
2026-02-11 18:35:59,181 : INFO : Machine : Initializing MPF...
2026-02-11 18:35:59,272 : DEBUG : TextUi : Text UI is disabled. TUI option setting: False, Asciimatics loaded: <class 'asciimatics.scene.Scene'>
2026-02-11 18:35:59,283 : INFO : FAST : Auto-detecting ports for the following connections: ['net', 'exp']
2026-02-11 18:35:59,291 : DEBUG : FAST : Port COM3 is connected to a FAST Neuron Controller.
2026-02-11 18:35:59,291 : DEBUG : FAST : Port COM5 is connected to a FAST Neuron Controller.
2026-02-11 18:35:59,291 : DEBUG : FAST : Port COM4 is connected to a FAST Neuron Controller.
2026-02-11 18:35:59,306 : INFO : FAST : Detected NET on port COM4
2026-02-11 18:36:00,313 : INFO : FAST : Detected EXP on port COM5
2026-02-11 18:36:00,425 : INFO : FAST [NET] : Trying to connect to COM4 at 921600bps
2026-02-11 18:36:00,429 : INFO : FAST [NET] : Connected to COM4 at 921600bps
2026-02-11 18:36:00,440 : INFO : FAST [NET] : Connected to FP-CPU-2000 with firmware v02.26
2026-02-11 18:36:00,472 : INFO : FAST [NET] : Registered I/O Board 0: Model: FP-I/O-0804, Firmware: 01.10, Switches: 8, Drivers: 4
2026-02-11 18:36:00,488 : INFO : FAST [NET] : Registered I/O Board 1: Model: FP-I/O-1616, Firmware: 01.10, Switches: 16, Drivers: 16
2026-02-11 18:36:00,504 : INFO : FAST [NET] : Registered I/O Board 2: Model: FP-I/O-3208, Firmware: 01.10, Switches: 32, Drivers: 8
2026-02-11 18:36:00,520 : INFO : FAST [NET] : Registered I/O Board 3: Model: FP-I/O-1616, Firmware: 01.10, Switches: 16, Drivers: 16
2026-02-11 18:36:00,522 : INFO : FAST [EXP] : Trying to connect to COM5 at 921600bps
2026-02-11 18:36:00,527 : INFO : FAST [EXP] : Connected to COM5 at 921600bps
2026-02-11 18:36:00,527 : DEBUG : FAST [EXP] : Creating FAST Expansion Board "ledneuron" (FP-EXP-2000 Address: 48)
2026-02-11 18:36:00,527 : DEBUG : FAST [EXP] : Creating FAST Breakout Board 0 on EXP "ledneuron" (FP-EXP-2000, @48)
2026-02-11 18:36:00,536 : INFO : FAST [EXP] : Verifying hardware for EXP "ledneuron" (FP-EXP-2000, @48) with ID string "EXP FP-EXP-2000  0.42", board address 48
2026-02-11 18:36:00,552 : INFO : FAST [EXP] : Verifying hardware for EXP "ledneuron" (FP-EXP-2000, @48) with ID string "BRK FP-EXP-2000  0.42", board address 480
2026-02-11 18:36:00,568 : DEBUG : FAST [EXP] : Creating FAST Expansion Board "ledpf1" (FP-EXP-0081 Address: 84)
2026-02-11 18:36:00,568 : DEBUG : FAST [EXP] : Creating FAST Breakout Board 0 on EXP "ledpf1" (FP-EXP-0081, @84)
2026-02-11 18:36:00,568 : DEBUG : FAST [EXP] : Creating FAST Breakout Board 1 on EXP "ledpf1" (FP-EXP-0081, @84)
2026-02-11 18:36:00,584 : INFO : FAST [EXP] : Verifying hardware for EXP "ledpf1" (FP-EXP-0081, @84) with ID string "EXP FP-EXP-0081  0.38", board address 84
2026-02-11 18:36:00,600 : INFO : FAST [EXP] : Verifying hardware for EXP "ledpf1" (FP-EXP-0081, @84) with ID string "BRK FP-EXP-0081  0.38", board address 840
2026-02-11 18:36:00,616 : INFO : FAST [EXP] : Verifying hardware for EXP "ledpf1" (FP-EXP-0081, @84) with ID string "BRK FP-EXP-0081  0.38", board address 841
2026-02-11 18:36:00,632 : INFO : EventManager : Event: ======'machine_var_credits_string'====== Args={'value': 'FREE PLAY', 'prev_value': None, 'change': True}
2026-02-11 18:36:00,654 : DEBUG : YAML File Interface : Loading file: C:\Users\tl\Documents\tl-pinball\data/machine_vars.yaml
2026-02-11 18:36:00,669 : INFO : EventManager : Event: ======'machine_var_master_volume'====== Args={'value': 0.5, 'prev_value': None, 'change': True}
2026-02-11 18:36:00,669 : INFO : EventManager : Event: ======'machine_var_player1_score'====== Args={'value': 0, 'prev_value': None, 'change': True}
2026-02-11 18:36:00,669 : INFO : EventManager : Event: ======'machine_var_mpf_version'====== Args={'value': 'Mission Pinball Framework v0.80.0.dev12', 'prev_value': None, 'change': True}
2026-02-11 18:36:00,669 : INFO : EventManager : Event: ======'machine_var_mpf_extended_version'====== Args={'value': 'Mission Pinball Framework v0.80.0.dev12, Config version:6, Show version: 6, BCP version:1.1', 'prev_value': None, 'change': True}
2026-02-11 18:36:00,669 : INFO : EventManager : Event: ======'machine_var_python_version'====== Args={'value': '3.12.7', 'prev_value': None, 'change': True}
2026-02-11 18:36:00,777 : INFO : EventManager : Event: ======'machine_var_platform'====== Args={'value': 'Windows-10-10.0.19044-SP0', 'prev_value': None, 'change': True}
2026-02-11 18:36:00,777 : INFO : EventManager : Event: ======'machine_var_platform_system'====== Args={'value': 'Windows', 'prev_value': None, 'change': True}
2026-02-11 18:36:00,777 : INFO : EventManager : Event: ======'machine_var_platform_release'====== Args={'value': '10', 'prev_value': None, 'change': True}
2026-02-11 18:36:00,777 : INFO : EventManager : Event: ======'machine_var_platform_version'====== Args={'value': '10.0.19044', 'prev_value': None, 'change': True}
2026-02-11 18:36:00,777 : INFO : EventManager : Event: ======'machine_var_platform_machine'====== Args={'value': 'AMD64', 'prev_value': None, 'change': True}
2026-02-11 18:36:00,777 : INFO : EventManager : Event: ======'machine_var_log_file_path'====== Args={'value': 'C:\\Users\\tl\\Documents\\tl-pinball\\logs\\2026-02-11-18-35-59-mpf-DESKTOP-HV85DRD.log', 'prev_value': None, 'change': True}
2026-02-11 18:36:00,777 : INFO : EventManager : Event: ======'init_phase_1'====== Args={}
2026-02-11 18:36:00,785 : DEBUG : ModeController : Loaded mode attract
2026-02-11 18:36:00,789 : DEBUG : ModeController : Loaded mode game
2026-02-11 18:36:00,804 : DEBUG : FASTLED : Creating FAST RGB LED on expansion board at hardware address: 48000
2026-02-11 18:36:00,804 : DEBUG : FASTLED : Creating FAST RGB LED on expansion board at hardware address: 48001
2026-02-11 18:36:00,808 : INFO : EventManager : Event: ======'drop_target_bank_dtb_characters_up'====== Args={}
2026-02-11 18:36:00,808 : INFO : EventManager : Event: ======'drop_target_bank_dtb_rollover_up'====== Args={}
2026-02-11 18:36:04,192 : DEBUG : FAST Driver : Sending config to driver 4 (0x04). one_shot: False. wait_to_confirm: False
2026-02-11 18:36:04,224 : DEBUG : FAST Driver : Sending config to driver 5 (0x05). one_shot: False. wait_to_confirm: False
2026-02-11 18:36:04,271 : DEBUG : FAST Driver : Sending config to driver 7 (0x07). one_shot: False. wait_to_confirm: False
2026-02-11 18:36:04,303 : DEBUG : FAST Driver : Sending config to driver 8 (0x08). one_shot: False. wait_to_confirm: False
2026-02-11 18:36:04,335 : DEBUG : FAST Driver : Sending config to driver 9 (0x09). one_shot: False. wait_to_confirm: False
2026-02-11 18:36:04,367 : DEBUG : FAST Driver : Sending config to driver 10 (0x0A). one_shot: False. wait_to_confirm: False
2026-02-11 18:36:04,399 : DEBUG : FAST Driver : Sending config to driver 11 (0x0B). one_shot: False. wait_to_confirm: False
2026-02-11 18:36:04,558 : DEBUG : FAST Driver : Sending config to driver 20 (0x14). one_shot: False. wait_to_confirm: False
2026-02-11 18:36:04,590 : DEBUG : FAST Driver : Sending config to driver 21 (0x15). one_shot: False. wait_to_confirm: False
2026-02-11 18:36:04,622 : DEBUG : FAST Driver : Sending config to driver 22 (0x16). one_shot: False. wait_to_confirm: False
2026-02-11 18:36:04,654 : DEBUG : FAST Driver : Sending config to driver 23 (0x17). one_shot: False. wait_to_confirm: False
2026-02-11 18:36:04,686 : DEBUG : FAST Driver : Sending config to driver 24 (0x18). one_shot: False. wait_to_confirm: False
2026-02-11 18:36:04,718 : DEBUG : FAST Driver : Sending config to driver 25 (0x19). one_shot: False. wait_to_confirm: False
2026-02-11 18:36:04,749 : DEBUG : FAST Driver : Sending config to driver 26 (0x1A). one_shot: False. wait_to_confirm: False
2026-02-11 18:36:04,781 : DEBUG : FAST Driver : Sending config to driver 27 (0x1B). one_shot: False. wait_to_confirm: False
2026-02-11 18:36:04,876 : DEBUG : FAST Driver : Sending config to driver 32 (0x20). one_shot: False. wait_to_confirm: False
2026-02-11 18:36:04,908 : DEBUG : FAST Driver : Sending config to driver 33 (0x21). one_shot: False. wait_to_confirm: False
2026-02-11 18:36:04,940 : DEBUG : FAST Driver : Sending config to driver 34 (0x22). one_shot: False. wait_to_confirm: False
2026-02-11 18:36:04,972 : DEBUG : FAST Driver : Sending config to driver 35 (0x23). one_shot: False. wait_to_confirm: False
2026-02-11 18:36:05,004 : DEBUG : FAST Driver : Sending config to driver 36 (0x24). one_shot: False. wait_to_confirm: False
2026-02-11 18:36:05,035 : DEBUG : FAST Driver : Sending config to driver 37 (0x25). one_shot: False. wait_to_confirm: False
2026-02-11 18:36:05,067 : DEBUG : FAST Driver : Sending config to driver 38 (0x26). one_shot: False. wait_to_confirm: False
2026-02-11 18:36:05,099 : DEBUG : FAST Driver : Sending config to driver 39 (0x27). one_shot: False. wait_to_confirm: False
2026-02-11 18:36:05,130 : DEBUG : FAST Driver : Sending config to driver 40 (0x28). one_shot: False. wait_to_confirm: False
2026-02-11 18:36:05,162 : DEBUG : FAST Driver : Sending config to driver 41 (0x29). one_shot: False. wait_to_confirm: False
2026-02-11 18:36:05,193 : DEBUG : FAST Driver : Sending config to driver 42 (0x2A). one_shot: False. wait_to_confirm: False
2026-02-11 18:36:05,225 : DEBUG : FAST Driver : Sending config to driver 43 (0x2B). one_shot: False. wait_to_confirm: False
2026-02-11 18:36:05,321 : INFO : SwitchController : <<<<<<< 's_34_right_sling' active >>>>>>>
2026-02-11 18:36:05,321 : INFO : SwitchController : <<<<<<< 's_44_spinner_right' active >>>>>>>
2026-02-11 18:36:05,321 : INFO : SwitchController : <<<<<<< 's_59_saucer_right' active >>>>>>>
2026-02-11 18:36:05,321 : INFO : SwitchController : <<<<<<< 's_71_spinner_left' active >>>>>>>
2026-02-11 18:36:05,321 : INFO : SwitchController : <<<<<<< 's_72_single_drop_1' active >>>>>>>
2026-02-11 18:36:05,321 : INFO : SwitchController : <<<<<<< 's_75_fourbank_drop_3' active >>>>>>>
2026-02-11 18:36:05,321 : INFO : SwitchController : <<<<<<< 's_78_threebank_drop_2' active >>>>>>>
2026-02-11 18:36:05,321 : INFO : SwitchController : <<<<<<< 's_79_threebank_drop_3' active >>>>>>>
2026-02-11 18:36:05,321 : INFO : SwitchController : <<<<<<< 's_81_saucer_left' active >>>>>>>
2026-02-11 18:36:05,369 : INFO : EventManager : Event: ======'init_phase_2'====== Args={}
2026-02-11 18:36:05,369 : INFO : SwitchController : Found active switch: (34, [FAST Platform Interface]) <switch.s_34_right_sling>
2026-02-11 18:36:05,369 : INFO : SwitchController : Found active switch: (44, [FAST Platform Interface]) <switch.s_44_spinner_right>
2026-02-11 18:36:05,369 : INFO : SwitchController : Found active switch: (11, [FAST Platform Interface]) <switch.s_59_saucer_right>
2026-02-11 18:36:05,369 : INFO : SwitchController : Found active switch: (23, [FAST Platform Interface]) <switch.s_71_spinner_left>
2026-02-11 18:36:05,370 : INFO : SwitchController : Found active switch: (56, [FAST Platform Interface]) <switch.s_72_single_drop_1>
2026-02-11 18:36:05,370 : INFO : SwitchController : Found active switch: (59, [FAST Platform Interface]) <switch.s_75_fourbank_drop_3>
2026-02-11 18:36:05,370 : INFO : SwitchController : Found active switch: (62, [FAST Platform Interface]) <switch.s_78_threebank_drop_2>
2026-02-11 18:36:05,370 : INFO : SwitchController : Found active switch: (63, [FAST Platform Interface]) <switch.s_79_threebank_drop_3>
2026-02-11 18:36:05,370 : INFO : SwitchController : Found active switch: (65, [FAST Platform Interface]) <switch.s_81_saucer_left>
2026-02-11 18:36:05,376 : INFO : ball_device.bd_plunger : BCH: Initial count: 0
2026-02-11 18:36:05,376 : INFO : ball_device.bd_plunger : State: idle
2026-02-11 18:36:05,377 : INFO : ball_device.bd_trough : BCH: Initial count: 0
2026-02-11 18:36:05,377 : INFO : ball_device.bd_trough : State: idle
2026-02-11 18:36:05,379 : DEBUG : YAML File Interface : Loading file: C:\Users\tl\Documents\tl-pinball\data/audits.yaml
2026-02-11 18:36:05,401 : DEBUG : Machine : "info_lights:" section not found in machine configuration, so the InfoLights will not be used.
2026-02-11 18:36:05,403 : DEBUG : Machine : "switch_player:" section not found in machine configuration, so the SwitchPlayer will not be used.
2026-02-11 18:36:05,406 : DEBUG : Machine : "twitch_client:" section not found in machine configuration, so the TwitchBot will not be used.
2026-02-11 18:36:05,406 : DEBUG : Machine : "virtual_segment_display_connector:" section not found in machine configuration, so the VirtualSegmentDisplayConnector will not be used.
2026-02-11 18:36:05,406 : INFO : EventManager : Event: ======'init_phase_3'====== Args={}
2026-02-11 18:36:05,406 : DEBUG : ShowController : Loading show: flash
2026-02-11 18:36:05,407 : DEBUG : ShowController : Loading show: on
2026-02-11 18:36:05,407 : DEBUG : ShowController : Loading show: off
2026-02-11 18:36:05,407 : DEBUG : ShowController : Loading show: led_color
2026-02-11 18:36:05,407 : DEBUG : ShowController : Loading show: bl_color
2026-02-11 18:36:05,408 : DEBUG : ShowController : Loading show: flash_color
2026-02-11 18:36:05,408 : DEBUG : ShowController : Loading show: output7
2026-02-11 18:36:05,408 : INFO : EventManager : Event: ======'init_phase_4'====== Args={}
2026-02-11 18:36:05,409 : INFO : EventManager : Event: ======'drop_target_dt_character_3_down'====== Args={'device': <drop_target.dt_character_3>}
2026-02-11 18:36:05,409 : INFO : EventManager : Event: ======'drop_target_dt_character_6_down'====== Args={'device': <drop_target.dt_character_6>}
2026-02-11 18:36:05,409 : INFO : EventManager : Event: ======'drop_target_dt_character_7_down'====== Args={'device': <drop_target.dt_character_7>}
2026-02-11 18:36:05,409 : INFO : EventManager : Event: ======'drop_target_dt_single_1_down'====== Args={'device': <drop_target.dt_single_1>}
2026-02-11 18:36:05,410 : INFO : BallController : Initial balls found: 0
2026-02-11 18:36:05,411 : INFO : EventManager : Event: ======'machine_var_audits_events_game_ended'====== Args={'value': 2, 'prev_value': None, 'change': True}
2026-02-11 18:36:05,411 : INFO : EventManager : Event: ======'machine_var_audits_events_game_started'====== Args={'value': 7, 'prev_value': None, 'change': True}
2026-02-11 18:36:05,411 : INFO : EventManager : Event: ======'machine_var_audits_missing_switches_s_0_service_esc'====== Args={'value': 7, 'prev_value': None, 'change': True}
2026-02-11 18:36:05,411 : INFO : EventManager : Event: ======'machine_var_audits_missing_switches_s_11_start_button'====== Args={'value': 1, 'prev_value': None, 'change': True}
2026-02-11 18:36:05,412 : INFO : EventManager : Event: ======'machine_var_audits_missing_switches_s_12_tilt_bob'====== Args={'value': 3, 'prev_value': None, 'change': True}
2026-02-11 18:36:05,412 : INFO : EventManager : Event: ======'machine_var_audits_missing_switches_s_13_coin_door'====== Args={'value': 3, 'prev_value': None, 'change': True}
2026-02-11 18:36:05,412 : INFO : EventManager : Event: ======'machine_var_audits_missing_switches_s_16_right_flipper'====== Args={'value': 1, 'prev_value': None, 'change': True}
2026-02-11 18:36:05,412 : INFO : EventManager : Event: ======'machine_var_audits_missing_switches_s_17_right_flipper_upper'====== Args={'value': 1, 'prev_value': None, 'change': True}
2026-02-11 18:36:05,412 : INFO : EventManager : Event: ======'machine_var_audits_missing_switches_s_19_cab_arrow_left'====== Args={'value': 3, 'prev_value': None, 'change': True}
2026-02-11 18:36:05,412 : INFO : EventManager : Event: ======'machine_var_audits_missing_switches_s_1_service_up'====== Args={'value': 7, 'prev_value': None, 'change': True}
2026-02-11 18:36:05,412 : INFO : EventManager : Event: ======'machine_var_audits_missing_switches_s_20_cab_arrow_right'====== Args={'value': 3, 'prev_value': None, 'change': True}
2026-02-11 18:36:05,412 : INFO : EventManager : Event: ======'machine_var_audits_missing_switches_s_25_trough_jam'====== Args={'value': 2, 'prev_value': None, 'change': True}
2026-02-11 18:36:05,412 : INFO : EventManager : Event: ======'machine_var_audits_missing_switches_s_26_trough_1'====== Args={'value': 1, 'prev_value': None, 'change': True}
2026-02-11 18:36:05,412 : INFO : EventManager : Event: ======'machine_var_audits_missing_switches_s_28_trough_3'====== Args={'value': 1, 'prev_value': None, 'change': True}
2026-02-11 18:36:05,412 : INFO : EventManager : Event: ======'machine_var_audits_missing_switches_s_29_trough_4'====== Args={'value': 1, 'prev_value': None, 'change': True}
2026-02-11 18:36:05,412 : INFO : EventManager : Event: ======'machine_var_audits_missing_switches_s_2_service_down'====== Args={'value': 7, 'prev_value': None, 'change': True}
2026-02-11 18:36:05,412 : INFO : EventManager : Event: ======'machine_var_audits_missing_switches_s_32_right_inlane'====== Args={'value': 5, 'prev_value': None, 'change': True}
2026-02-11 18:36:05,412 : INFO : EventManager : Event: ======'machine_var_audits_missing_switches_s_33_right_outlane'====== Args={'value': 7, 'prev_value': None, 'change': True}
2026-02-11 18:36:05,412 : INFO : EventManager : Event: ======'machine_var_audits_missing_switches_s_34_right_sling'====== Args={'value': 1, 'prev_value': None, 'change': True}
2026-02-11 18:36:05,412 : INFO : EventManager : Event: ======'machine_var_audits_missing_switches_s_36_left_outlane'====== Args={'value': 1, 'prev_value': None, 'change': True}
2026-02-11 18:36:05,412 : INFO : EventManager : Event: ======'machine_var_audits_missing_switches_s_37_left_sling'====== Args={'value': 2, 'prev_value': None, 'change': True}
2026-02-11 18:36:05,412 : INFO : EventManager : Event: ======'machine_var_audits_missing_switches_s_38_star_rollover_bottom'====== Args={'value': 4, 'prev_value': None, 'change': True}
2026-02-11 18:36:05,412 : INFO : EventManager : Event: ======'machine_var_audits_missing_switches_s_38_top_lane_a'====== Args={'value': 3, 'prev_value': None, 'change': True}
2026-02-11 18:36:05,412 : INFO : EventManager : Event: ======'machine_var_audits_missing_switches_s_39_star_rollover_top'====== Args={'value': 4, 'prev_value': None, 'change': True}
2026-02-11 18:36:05,412 : INFO : EventManager : Event: ======'machine_var_audits_missing_switches_s_39_top_lane_b'====== Args={'value': 3, 'prev_value': None, 'change': True}
2026-02-11 18:36:05,412 : INFO : EventManager : Event: ======'machine_var_audits_missing_switches_s_3_service_enter'====== Args={'value': 7, 'prev_value': None, 'change': True}
2026-02-11 18:36:05,413 : INFO : EventManager : Event: ======'machine_var_audits_missing_switches_s_40_stand_up_target_7'====== Args={'value': 4, 'prev_value': None, 'change': True}
2026-02-11 18:36:05,413 : INFO : EventManager : Event: ======'machine_var_audits_missing_switches_s_40_top_lane_c'====== Args={'value': 3, 'prev_value': None, 'change': True}
2026-02-11 18:36:05,413 : INFO : EventManager : Event: ======'machine_var_audits_missing_switches_s_41_pop_bumper_1'====== Args={'value': 2, 'prev_value': None, 'change': True}
2026-02-11 18:36:05,413 : INFO : EventManager : Event: ======'machine_var_audits_missing_switches_s_41_stand_up_target_8'====== Args={'value': 4, 'prev_value': None, 'change': True}
2026-02-11 18:36:05,413 : INFO : EventManager : Event: ======'machine_var_audits_missing_switches_s_42_pop_bumper_2'====== Args={'value': 3, 'prev_value': None, 'change': True}
2026-02-11 18:36:05,413 : INFO : EventManager : Event: ======'machine_var_audits_missing_switches_s_42_stand_up_target_9'====== Args={'value': 1, 'prev_value': None, 'change': True}
2026-02-11 18:36:05,413 : INFO : EventManager : Event: ======'machine_var_audits_missing_switches_s_43_stand_up_target_10'====== Args={'value': 4, 'prev_value': None, 'change': True}
2026-02-11 18:36:05,413 : INFO : EventManager : Event: ======'machine_var_audits_missing_switches_s_44_spinner_left'====== Args={'value': 1, 'prev_value': None, 'change': True}
2026-02-11 18:36:05,413 : INFO : EventManager : Event: ======'machine_var_audits_missing_switches_s_44_spinner_right'====== Args={'value': 4, 'prev_value': None, 'change': True}
2026-02-11 18:36:05,413 : INFO : EventManager : Event: ======'machine_var_audits_missing_switches_s_45_spinner_right'====== Args={'value': 3, 'prev_value': None, 'change': True}
2026-02-11 18:36:05,413 : INFO : EventManager : Event: ======'machine_var_audits_missing_switches_s_45_varitarget_poisition_1'====== Args={'value': 3, 'prev_value': None, 'change': True}
2026-02-11 18:36:05,413 : INFO : EventManager : Event: ======'machine_var_audits_missing_switches_s_46_varitarget_poisition_2'====== Args={'value': 3, 'prev_value': None, 'change': True}
2026-02-11 18:36:05,413 : INFO : EventManager : Event: ======'machine_var_audits_missing_switches_s_47_varitarget_poisition_3'====== Args={'value': 3, 'prev_value': None, 'change': True}
2026-02-11 18:36:05,413 : INFO : EventManager : Event: ======'machine_var_audits_missing_switches_s_48_varitarget_poisition_4'====== Args={'value': 3, 'prev_value': None, 'change': True}
2026-02-11 18:36:05,413 : INFO : EventManager : Event: ======'machine_var_audits_missing_switches_s_49_varitarget_poisition_5'====== Args={'value': 3, 'prev_value': None, 'change': True}
2026-02-11 18:36:05,413 : INFO : EventManager : Event: ======'machine_var_audits_missing_switches_s_50_saucer_left'====== Args={'value': 3, 'prev_value': None, 'change': True}
2026-02-11 18:36:05,413 : INFO : EventManager : Event: ======'machine_var_audits_missing_switches_s_51_saucer_right'====== Args={'value': 2, 'prev_value': None, 'change': True}
2026-02-11 18:36:05,413 : INFO : EventManager : Event: ======'machine_var_audits_missing_switches_s_52_star_rollover_top'====== Args={'value': 3, 'prev_value': None, 'change': True}
2026-02-11 18:36:05,413 : INFO : EventManager : Event: ======'machine_var_audits_missing_switches_s_53_star_rollover_bottom'====== Args={'value': 3, 'prev_value': None, 'change': True}
2026-02-11 18:36:05,413 : INFO : EventManager : Event: ======'machine_var_audits_missing_switches_s_54_single_drop_1'====== Args={'value': 3, 'prev_value': None, 'change': True}
2026-02-11 18:36:05,414 : INFO : EventManager : Event: ======'machine_var_audits_missing_switches_s_55_fourbank_drop_1'====== Args={'value': 3, 'prev_value': None, 'change': True}
2026-02-11 18:36:05,414 : INFO : EventManager : Event: ======'machine_var_audits_missing_switches_s_56_fourbank_drop_2'====== Args={'value': 3, 'prev_value': None, 'change': True}
2026-02-11 18:36:05,414 : INFO : EventManager : Event: ======'machine_var_audits_missing_switches_s_56_pop_bumper_right'====== Args={'value': 4, 'prev_value': None, 'change': True}
2026-02-11 18:36:05,414 : INFO : EventManager : Event: ======'machine_var_audits_missing_switches_s_57_fourbank_drop_3'====== Args={'value': 2, 'prev_value': None, 'change': True}
2026-02-11 18:36:05,414 : INFO : EventManager : Event: ======'machine_var_audits_missing_switches_s_57_pop_bumper_center'====== Args={'value': 4, 'prev_value': None, 'change': True}
2026-02-11 18:36:05,414 : INFO : EventManager : Event: ======'machine_var_audits_missing_switches_s_58_fourbank_drop_4'====== Args={'value': 2, 'prev_value': None, 'change': True}
2026-02-11 18:36:05,414 : INFO : EventManager : Event: ======'machine_var_audits_missing_switches_s_58_pop_bumper_left'====== Args={'value': 4, 'prev_value': None, 'change': True}
2026-02-11 18:36:05,414 : INFO : EventManager : Event: ======'machine_var_audits_missing_switches_s_59_saucer_right'====== Args={'value': 4, 'prev_value': None, 'change': True}
2026-02-11 18:36:05,414 : INFO : EventManager : Event: ======'machine_var_audits_missing_switches_s_59_threebank_drop_1'====== Args={'value': 2, 'prev_value': None, 'change': True}
2026-02-11 18:36:05,414 : INFO : EventManager : Event: ======'machine_var_audits_missing_switches_s_60_threebank_drop_2'====== Args={'value': 2, 'prev_value': None, 'change': True}
2026-02-11 18:36:05,414 : INFO : EventManager : Event: ======'machine_var_audits_missing_switches_s_60_top_lane_c'====== Args={'value': 4, 'prev_value': None, 'change': True}
2026-02-11 18:36:05,414 : INFO : EventManager : Event: ======'machine_var_audits_missing_switches_s_61_threebank_drop_3'====== Args={'value': 3, 'prev_value': None, 'change': True}
2026-02-11 18:36:05,414 : INFO : EventManager : Event: ======'machine_var_audits_missing_switches_s_61_top_lane_b'====== Args={'value': 4, 'prev_value': None, 'change': True}
2026-02-11 18:36:05,414 : INFO : EventManager : Event: ======'machine_var_audits_missing_switches_s_62_stand_up_target_1'====== Args={'value': 3, 'prev_value': None, 'change': True}
2026-02-11 18:36:05,414 : INFO : EventManager : Event: ======'machine_var_audits_missing_switches_s_63_stand_up_target_2'====== Args={'value': 2, 'prev_value': None, 'change': True}
2026-02-11 18:36:05,414 : INFO : EventManager : Event: ======'machine_var_audits_missing_switches_s_64_stand_up_target_3'====== Args={'value': 2, 'prev_value': None, 'change': True}
2026-02-11 18:36:05,414 : INFO : EventManager : Event: ======'machine_var_audits_missing_switches_s_64_varitarget_poisition_1'====== Args={'value': 1, 'prev_value': None, 'change': True}
2026-02-11 18:36:05,414 : INFO : EventManager : Event: ======'machine_var_audits_missing_switches_s_65_stand_up_target_4'====== Args={'value': 3, 'prev_value': None, 'change': True}
2026-02-11 18:36:05,414 : INFO : EventManager : Event: ======'machine_var_audits_missing_switches_s_65_varitarget_poisition_2'====== Args={'value': 4, 'prev_value': None, 'change': True}
2026-02-11 18:36:05,414 : INFO : EventManager : Event: ======'machine_var_audits_missing_switches_s_66_stand_up_target_5'====== Args={'value': 3, 'prev_value': None, 'change': True}
2026-02-11 18:36:05,414 : INFO : EventManager : Event: ======'machine_var_audits_missing_switches_s_66_varitarget_poisition_3'====== Args={'value': 4, 'prev_value': None, 'change': True}
2026-02-11 18:36:05,414 : INFO : EventManager : Event: ======'machine_var_audits_missing_switches_s_67_stand_up_target_6'====== Args={'value': 3, 'prev_value': None, 'change': True}
2026-02-11 18:36:05,415 : INFO : EventManager : Event: ======'machine_var_audits_missing_switches_s_67_varitarget_poisition_4'====== Args={'value': 4, 'prev_value': None, 'change': True}
2026-02-11 18:36:05,415 : INFO : EventManager : Event: ======'machine_var_audits_missing_switches_s_68_stand_up_target_7'====== Args={'value': 2, 'prev_value': None, 'change': True}
2026-02-11 18:36:05,415 : INFO : EventManager : Event: ======'machine_var_audits_missing_switches_s_68_varitarget_poisition_5'====== Args={'value': 4, 'prev_value': None, 'change': True}
2026-02-11 18:36:05,415 : INFO : EventManager : Event: ======'machine_var_audits_missing_switches_s_69_stand_up_target_8'====== Args={'value': 1, 'prev_value': None, 'change': True}
2026-02-11 18:36:05,415 : INFO : EventManager : Event: ======'machine_var_audits_missing_switches_s_69_varitarget_poisition_6'====== Args={'value': 4, 'prev_value': None, 'change': True}
2026-02-11 18:36:05,415 : INFO : EventManager : Event: ======'machine_var_audits_missing_switches_s_70_stand_up_target_9'====== Args={'value': 3, 'prev_value': None, 'change': True}
2026-02-11 18:36:05,415 : INFO : EventManager : Event: ======'machine_var_audits_missing_switches_s_70_varitarget_poisition_7'====== Args={'value': 4, 'prev_value': None, 'change': True}
2026-02-11 18:36:05,415 : INFO : EventManager : Event: ======'machine_var_audits_missing_switches_s_71_spinner_left'====== Args={'value': 4, 'prev_value': None, 'change': True}
2026-02-11 18:36:05,415 : INFO : EventManager : Event: ======'machine_var_audits_missing_switches_s_71_stand_up_target_10'====== Args={'value': 3, 'prev_value': None, 'change': True}
2026-02-11 18:36:05,415 : INFO : EventManager : Event: ======'machine_var_audits_missing_switches_s_72_single_drop_1'====== Args={'value': 4, 'prev_value': None, 'change': True}
2026-02-11 18:36:05,415 : INFO : EventManager : Event: ======'machine_var_audits_missing_switches_s_72_stand_up_target_11'====== Args={'value': 3, 'prev_value': None, 'change': True}
2026-02-11 18:36:05,415 : INFO : EventManager : Event: ======'machine_var_audits_missing_switches_s_73_fourbank_drop_1'====== Args={'value': 1, 'prev_value': None, 'change': True}
2026-02-11 18:36:05,415 : INFO : EventManager : Event: ======'machine_var_audits_missing_switches_s_74_fourbank_drop_2'====== Args={'value': 2, 'prev_value': None, 'change': True}
2026-02-11 18:36:05,415 : INFO : EventManager : Event: ======'machine_var_audits_missing_switches_s_75_fourbank_drop_3'====== Args={'value': 2, 'prev_value': None, 'change': True}
2026-02-11 18:36:05,415 : INFO : EventManager : Event: ======'machine_var_audits_missing_switches_s_76_fourbank_drop_4'====== Args={'value': 4, 'prev_value': None, 'change': True}
2026-02-11 18:36:05,415 : INFO : EventManager : Event: ======'machine_var_audits_missing_switches_s_77_threebank_drop_1'====== Args={'value': 2, 'prev_value': None, 'change': True}
2026-02-11 18:36:05,415 : INFO : EventManager : Event: ======'machine_var_audits_missing_switches_s_78_threebank_drop_2'====== Args={'value': 2, 'prev_value': None, 'change': True}
2026-02-11 18:36:05,415 : INFO : EventManager : Event: ======'machine_var_audits_missing_switches_s_79_threebank_drop_3'====== Args={'value': 2, 'prev_value': None, 'change': True}
2026-02-11 18:36:05,415 : INFO : EventManager : Event: ======'machine_var_audits_missing_switches_s_80_stand_up_target_1'====== Args={'value': 4, 'prev_value': None, 'change': True}
2026-02-11 18:36:05,415 : INFO : EventManager : Event: ======'machine_var_audits_missing_switches_s_81_saucer_left'====== Args={'value': 4, 'prev_value': None, 'change': True}
2026-02-11 18:36:05,415 : INFO : EventManager : Event: ======'machine_var_audits_missing_switches_s_82_stand_up_target_bank_1'====== Args={'value': 1, 'prev_value': None, 'change': True}
2026-02-11 18:36:05,415 : INFO : EventManager : Event: ======'machine_var_audits_missing_switches_s_83_stand_up_target_bank_2'====== Args={'value': 1, 'prev_value': None, 'change': True}
2026-02-11 18:36:05,415 : INFO : EventManager : Event: ======'machine_var_audits_missing_switches_s_84_stand_up_target_bank_3'====== Args={'value': 1, 'prev_value': None, 'change': True}
2026-02-11 18:36:05,416 : INFO : EventManager : Event: ======'machine_var_audits_missing_switches_s_85_stand_up_target_bank_4'====== Args={'value': 1, 'prev_value': None, 'change': True}
2026-02-11 18:36:05,416 : INFO : EventManager : Event: ======'machine_var_audits_missing_switches_s_86_stand_up_target_bank_5'====== Args={'value': 1, 'prev_value': None, 'change': True}
2026-02-11 18:36:05,416 : INFO : EventManager : Event: ======'machine_var_audits_missing_switches_s_87_stand_up_target_bank_6'====== Args={'value': 1, 'prev_value': None, 'change': True}
2026-02-11 18:36:05,416 : INFO : EventManager : Event: ======'machine_var_audits_missing_switches_s_8_left_flipper'====== Args={'value': 1, 'prev_value': None, 'change': True}
2026-02-11 18:36:05,416 : INFO : EventManager : Event: ======'machine_var_audits_player_score'====== Args={'value': {'average': 0, 'top': [0, 0], 'total': 2}, 'prev_value': None, 'change': True}
2026-02-11 18:36:05,416 : INFO : EventManager : Event: ======'machine_var_audits_switches_s_0_service_esc'====== Args={'value': 0, 'prev_value': None, 'change': True}
2026-02-11 18:36:05,416 : INFO : EventManager : Event: ======'machine_var_audits_switches_s_11_start_button'====== Args={'value': 6, 'prev_value': None, 'change': True}
2026-02-11 18:36:05,416 : INFO : EventManager : Event: ======'machine_var_audits_switches_s_12_tilt_bob'====== Args={'value': 0, 'prev_value': None, 'change': True}
2026-02-11 18:36:05,416 : INFO : EventManager : Event: ======'machine_var_audits_switches_s_13_coin_door'====== Args={'value': 0, 'prev_value': None, 'change': True}
2026-02-11 18:36:05,416 : INFO : EventManager : Event: ======'machine_var_audits_switches_s_16_right_flipper'====== Args={'value': 34, 'prev_value': None, 'change': True}
2026-02-11 18:36:05,416 : INFO : EventManager : Event: ======'machine_var_audits_switches_s_17_right_flipper_upper'====== Args={'value': 25, 'prev_value': None, 'change': True}
2026-02-11 18:36:05,416 : INFO : EventManager : Event: ======'machine_var_audits_switches_s_19_cab_arrow_left'====== Args={'value': 0, 'prev_value': None, 'change': True}
2026-02-11 18:36:05,416 : INFO : EventManager : Event: ======'machine_var_audits_switches_s_1_service_up'====== Args={'value': 0, 'prev_value': None, 'change': True}
2026-02-11 18:36:05,416 : INFO : EventManager : Event: ======'machine_var_audits_switches_s_20_cab_arrow_right'====== Args={'value': 0, 'prev_value': None, 'change': True}
2026-02-11 18:36:05,416 : INFO : EventManager : Event: ======'machine_var_audits_switches_s_24_plunger_lane'====== Args={'value': 19, 'prev_value': None, 'change': True}
2026-02-11 18:36:05,417 : INFO : EventManager : Event: ======'machine_var_audits_switches_s_24_trough_1'====== Args={'value': 8, 'prev_value': None, 'change': True}
2026-02-11 18:36:05,417 : INFO : EventManager : Event: ======'machine_var_audits_switches_s_25_trough_2'====== Args={'value': 8, 'prev_value': None, 'change': True}
2026-02-11 18:36:05,417 : INFO : EventManager : Event: ======'machine_var_audits_switches_s_25_trough_jam'====== Args={'value': 3, 'prev_value': None, 'change': True}
2026-02-11 18:36:05,417 : INFO : EventManager : Event: ======'machine_var_audits_switches_s_26_trough_1'====== Args={'value': 21, 'prev_value': None, 'change': True}
2026-02-11 18:36:05,417 : INFO : EventManager : Event: ======'machine_var_audits_switches_s_26_trough_3'====== Args={'value': 8, 'prev_value': None, 'change': True}
2026-02-11 18:36:05,417 : INFO : EventManager : Event: ======'machine_var_audits_switches_s_27_trough_2'====== Args={'value': 19, 'prev_value': None, 'change': True}
2026-02-11 18:36:05,417 : INFO : EventManager : Event: ======'machine_var_audits_switches_s_27_trough_4'====== Args={'value': 8, 'prev_value': None, 'change': True}
2026-02-11 18:36:05,417 : INFO : EventManager : Event: ======'machine_var_audits_switches_s_28_trough_3'====== Args={'value': 2, 'prev_value': None, 'change': True}
2026-02-11 18:36:05,417 : INFO : EventManager : Event: ======'machine_var_audits_switches_s_28_trough_5'====== Args={'value': 9, 'prev_value': None, 'change': True}
2026-02-11 18:36:05,417 : INFO : EventManager : Event: ======'machine_var_audits_switches_s_29_trough_4'====== Args={'value': 2, 'prev_value': None, 'change': True}
2026-02-11 18:36:05,417 : INFO : EventManager : Event: ======'machine_var_audits_switches_s_29_trough_6'====== Args={'value': 6, 'prev_value': None, 'change': True}
2026-02-11 18:36:05,417 : INFO : EventManager : Event: ======'machine_var_audits_switches_s_2_service_down'====== Args={'value': 0, 'prev_value': None, 'change': True}
2026-02-11 18:36:05,417 : INFO : EventManager : Event: ======'machine_var_audits_switches_s_30_trough_jam'====== Args={'value': 9, 'prev_value': None, 'change': True}
2026-02-11 18:36:05,417 : INFO : EventManager : Event: ======'machine_var_audits_switches_s_31_plunger_lane'====== Args={'value': 9, 'prev_value': None, 'change': True}
2026-02-11 18:36:05,417 : INFO : EventManager : Event: ======'machine_var_audits_switches_s_32_right_inlane'====== Args={'value': 11, 'prev_value': None, 'change': True}
2026-02-11 18:36:05,417 : INFO : EventManager : Event: ======'machine_var_audits_switches_s_33_right_outlane'====== Args={'value': 0, 'prev_value': None, 'change': True}
2026-02-11 18:36:05,417 : INFO : EventManager : Event: ======'machine_var_audits_switches_s_34_right_sling'====== Args={'value': 279, 'prev_value': None, 'change': True}
2026-02-11 18:36:05,417 : INFO : EventManager : Event: ======'machine_var_audits_switches_s_35_left_inlane'====== Args={'value': 7, 'prev_value': None, 'change': True}
2026-02-11 18:36:05,418 : INFO : EventManager : Event: ======'machine_var_audits_switches_s_36_left_outlane'====== Args={'value': 29, 'prev_value': None, 'change': True}
2026-02-11 18:36:05,418 : INFO : EventManager : Event: ======'machine_var_audits_switches_s_37_left_sling'====== Args={'value': 20, 'prev_value': None, 'change': True}
2026-02-11 18:36:05,418 : INFO : EventManager : Event: ======'machine_var_audits_switches_s_38_star_rollover_bottom'====== Args={'value': 0, 'prev_value': None, 'change': True}
2026-02-11 18:36:05,418 : INFO : EventManager : Event: ======'machine_var_audits_switches_s_38_top_lane_a'====== Args={'value': 0, 'prev_value': None, 'change': True}
2026-02-11 18:36:05,418 : INFO : EventManager : Event: ======'machine_var_audits_switches_s_39_star_rollover_top'====== Args={'value': 0, 'prev_value': None, 'change': True}
2026-02-11 18:36:05,418 : INFO : EventManager : Event: ======'machine_var_audits_switches_s_39_top_lane_b'====== Args={'value': 0, 'prev_value': None, 'change': True}
2026-02-11 18:36:05,418 : INFO : EventManager : Event: ======'machine_var_audits_switches_s_3_service_enter'====== Args={'value': 0, 'prev_value': None, 'change': True}
2026-02-11 18:36:05,418 : INFO : EventManager : Event: ======'machine_var_audits_switches_s_40_stand_up_target_7'====== Args={'value': 0, 'prev_value': None, 'change': True}
2026-02-11 18:36:05,418 : INFO : EventManager : Event: ======'machine_var_audits_switches_s_40_top_lane_c'====== Args={'value': 0, 'prev_value': None, 'change': True}
2026-02-11 18:36:05,418 : INFO : EventManager : Event: ======'machine_var_audits_switches_s_41_pop_bumper_1'====== Args={'value': 1, 'prev_value': None, 'change': True}
2026-02-11 18:36:05,418 : INFO : EventManager : Event: ======'machine_var_audits_switches_s_41_stand_up_target_8'====== Args={'value': 0, 'prev_value': None, 'change': True}
2026-02-11 18:36:05,418 : INFO : EventManager : Event: ======'machine_var_audits_switches_s_42_pop_bumper_2'====== Args={'value': 0, 'prev_value': None, 'change': True}
2026-02-11 18:36:05,418 : INFO : EventManager : Event: ======'machine_var_audits_switches_s_42_stand_up_target_9'====== Args={'value': 4, 'prev_value': None, 'change': True}
2026-02-11 18:36:05,418 : INFO : EventManager : Event: ======'machine_var_audits_switches_s_43_pop_bumper_3'====== Args={'value': 16, 'prev_value': None, 'change': True}
2026-02-11 18:36:05,418 : INFO : EventManager : Event: ======'machine_var_audits_switches_s_43_stand_up_target_10'====== Args={'value': 0, 'prev_value': None, 'change': True}
2026-02-11 18:36:05,418 : INFO : EventManager : Event: ======'machine_var_audits_switches_s_44_spinner_left'====== Args={'value': 8, 'prev_value': None, 'change': True}
2026-02-11 18:36:05,418 : INFO : EventManager : Event: ======'machine_var_audits_switches_s_44_spinner_right'====== Args={'value': 0, 'prev_value': None, 'change': True}
2026-02-11 18:36:05,418 : INFO : EventManager : Event: ======'machine_var_audits_switches_s_45_spinner_right'====== Args={'value': 0, 'prev_value': None, 'change': True}
2026-02-11 18:36:05,418 : INFO : EventManager : Event: ======'machine_var_audits_switches_s_45_varitarget_poisition_1'====== Args={'value': 0, 'prev_value': None, 'change': True}
2026-02-11 18:36:05,418 : INFO : EventManager : Event: ======'machine_var_audits_switches_s_46_varitarget_poisition_2'====== Args={'value': 0, 'prev_value': None, 'change': True}
2026-02-11 18:36:05,418 : INFO : EventManager : Event: ======'machine_var_audits_switches_s_47_varitarget_poisition_3'====== Args={'value': 0, 'prev_value': None, 'change': True}
2026-02-11 18:36:05,418 : INFO : EventManager : Event: ======'machine_var_audits_switches_s_48_varitarget_poisition_4'====== Args={'value': 0, 'prev_value': None, 'change': True}
2026-02-11 18:36:05,419 : INFO : EventManager : Event: ======'machine_var_audits_switches_s_49_varitarget_poisition_5'====== Args={'value': 0, 'prev_value': None, 'change': True}
2026-02-11 18:36:05,419 : INFO : EventManager : Event: ======'machine_var_audits_switches_s_50_saucer_left'====== Args={'value': 0, 'prev_value': None, 'change': True}
2026-02-11 18:36:05,419 : INFO : EventManager : Event: ======'machine_var_audits_switches_s_51_saucer_right'====== Args={'value': 2, 'prev_value': None, 'change': True}
2026-02-11 18:36:05,419 : INFO : EventManager : Event: ======'machine_var_audits_switches_s_52_star_rollover_top'====== Args={'value': 0, 'prev_value': None, 'change': True}
2026-02-11 18:36:05,419 : INFO : EventManager : Event: ======'machine_var_audits_switches_s_53_star_rollover_bottom'====== Args={'value': 0, 'prev_value': None, 'change': True}
2026-02-11 18:36:05,419 : INFO : EventManager : Event: ======'machine_var_audits_switches_s_54_single_drop_1'====== Args={'value': 0, 'prev_value': None, 'change': True}
2026-02-11 18:36:05,419 : INFO : EventManager : Event: ======'machine_var_audits_switches_s_55_fourbank_drop_1'====== Args={'value': 0, 'prev_value': None, 'change': True}
2026-02-11 18:36:05,419 : INFO : EventManager : Event: ======'machine_var_audits_switches_s_56_fourbank_drop_2'====== Args={'value': 0, 'prev_value': None, 'change': True}
2026-02-11 18:36:05,419 : INFO : EventManager : Event: ======'machine_var_audits_switches_s_56_pop_bumper_right'====== Args={'value': 0, 'prev_value': None, 'change': True}
2026-02-11 18:36:05,419 : INFO : EventManager : Event: ======'machine_var_audits_switches_s_57_fourbank_drop_3'====== Args={'value': 1, 'prev_value': None, 'change': True}
2026-02-11 18:36:05,419 : INFO : EventManager : Event: ======'machine_var_audits_switches_s_57_pop_bumper_center'====== Args={'value': 0, 'prev_value': None, 'change': True}
2026-02-11 18:36:05,419 : INFO : EventManager : Event: ======'machine_var_audits_switches_s_58_fourbank_drop_4'====== Args={'value': 1, 'prev_value': None, 'change': True}
2026-02-11 18:36:05,419 : INFO : EventManager : Event: ======'machine_var_audits_switches_s_58_pop_bumper_left'====== Args={'value': 0, 'prev_value': None, 'change': True}
2026-02-11 18:36:05,419 : INFO : EventManager : Event: ======'machine_var_audits_switches_s_59_saucer_right'====== Args={'value': 0, 'prev_value': None, 'change': True}
2026-02-11 18:36:05,419 : INFO : EventManager : Event: ======'machine_var_audits_switches_s_59_threebank_drop_1'====== Args={'value': 1, 'prev_value': None, 'change': True}
2026-02-11 18:36:05,419 : INFO : EventManager : Event: ======'machine_var_audits_switches_s_60_threebank_drop_2'====== Args={'value': 1, 'prev_value': None, 'change': True}
2026-02-11 18:36:05,419 : INFO : EventManager : Event: ======'machine_var_audits_switches_s_60_top_lane_c'====== Args={'value': 0, 'prev_value': None, 'change': True}
2026-02-11 18:36:05,419 : INFO : EventManager : Event: ======'machine_var_audits_switches_s_61_threebank_drop_3'====== Args={'value': 0, 'prev_value': None, 'change': True}
2026-02-11 18:36:05,419 : INFO : EventManager : Event: ======'machine_var_audits_switches_s_61_top_lane_b'====== Args={'value': 0, 'prev_value': None, 'change': True}
2026-02-11 18:36:05,419 : INFO : EventManager : Event: ======'machine_var_audits_switches_s_62_stand_up_target_1'====== Args={'value': 0, 'prev_value': None, 'change': True}
2026-02-11 18:36:05,419 : INFO : EventManager : Event: ======'machine_var_audits_switches_s_62_top_lane_a'====== Args={'value': 21, 'prev_value': None, 'change': True}
2026-02-11 18:36:05,419 : INFO : EventManager : Event: ======'machine_var_audits_switches_s_63_stand_up_target_11'====== Args={'value': 3, 'prev_value': None, 'change': True}
2026-02-11 18:36:05,420 : INFO : EventManager : Event: ======'machine_var_audits_switches_s_63_stand_up_target_2'====== Args={'value': 1, 'prev_value': None, 'change': True}
2026-02-11 18:36:05,420 : INFO : EventManager : Event: ======'machine_var_audits_switches_s_64_stand_up_target_3'====== Args={'value': 1, 'prev_value': None, 'change': True}
2026-02-11 18:36:05,420 : INFO : EventManager : Event: ======'machine_var_audits_switches_s_64_varitarget_poisition_1'====== Args={'value': 149, 'prev_value': None, 'change': True}
2026-02-11 18:36:05,420 : INFO : EventManager : Event: ======'machine_var_audits_switches_s_65_stand_up_target_4'====== Args={'value': 0, 'prev_value': None, 'change': True}
2026-02-11 18:36:05,420 : INFO : EventManager : Event: ======'machine_var_audits_switches_s_65_varitarget_poisition_2'====== Args={'value': 0, 'prev_value': None, 'change': True}
2026-02-11 18:36:05,420 : INFO : EventManager : Event: ======'machine_var_audits_switches_s_66_stand_up_target_5'====== Args={'value': 0, 'prev_value': None, 'change': True}
2026-02-11 18:36:05,420 : INFO : EventManager : Event: ======'machine_var_audits_switches_s_66_varitarget_poisition_3'====== Args={'value': 0, 'prev_value': None, 'change': True}
2026-02-11 18:36:05,420 : INFO : EventManager : Event: ======'machine_var_audits_switches_s_67_stand_up_target_6'====== Args={'value': 0, 'prev_value': None, 'change': True}
2026-02-11 18:36:05,420 : INFO : EventManager : Event: ======'machine_var_audits_switches_s_67_varitarget_poisition_4'====== Args={'value': 0, 'prev_value': None, 'change': True}
2026-02-11 18:36:05,420 : INFO : EventManager : Event: ======'machine_var_audits_switches_s_68_stand_up_target_7'====== Args={'value': 1, 'prev_value': None, 'change': True}
2026-02-11 18:36:05,420 : INFO : EventManager : Event: ======'machine_var_audits_switches_s_68_varitarget_poisition_5'====== Args={'value': 0, 'prev_value': None, 'change': True}
2026-02-11 18:36:05,420 : INFO : EventManager : Event: ======'machine_var_audits_switches_s_69_stand_up_target_8'====== Args={'value': 2, 'prev_value': None, 'change': True}
2026-02-11 18:36:05,420 : INFO : EventManager : Event: ======'machine_var_audits_switches_s_69_varitarget_poisition_6'====== Args={'value': 0, 'prev_value': None, 'change': True}
2026-02-11 18:36:05,420 : INFO : EventManager : Event: ======'machine_var_audits_switches_s_70_stand_up_target_9'====== Args={'value': 0, 'prev_value': None, 'change': True}
2026-02-11 18:36:05,420 : INFO : EventManager : Event: ======'machine_var_audits_switches_s_70_varitarget_poisition_7'====== Args={'value': 0, 'prev_value': None, 'change': True}
2026-02-11 18:36:05,420 : INFO : EventManager : Event: ======'machine_var_audits_switches_s_71_spinner_left'====== Args={'value': 0, 'prev_value': None, 'change': True}
2026-02-11 18:36:05,420 : INFO : EventManager : Event: ======'machine_var_audits_switches_s_71_stand_up_target_10'====== Args={'value': 0, 'prev_value': None, 'change': True}
2026-02-11 18:36:05,420 : INFO : EventManager : Event: ======'machine_var_audits_switches_s_72_single_drop_1'====== Args={'value': 0, 'prev_value': None, 'change': True}
2026-02-11 18:36:05,420 : INFO : EventManager : Event: ======'machine_var_audits_switches_s_72_stand_up_target_11'====== Args={'value': 0, 'prev_value': None, 'change': True}
2026-02-11 18:36:05,420 : INFO : EventManager : Event: ======'machine_var_audits_switches_s_73_fourbank_drop_1'====== Args={'value': 1, 'prev_value': None, 'change': True}
2026-02-11 18:36:05,420 : INFO : EventManager : Event: ======'machine_var_audits_switches_s_74_fourbank_drop_2'====== Args={'value': 4, 'prev_value': None, 'change': True}
2026-02-11 18:36:05,420 : INFO : EventManager : Event: ======'machine_var_audits_switches_s_75_fourbank_drop_3'====== Args={'value': 1, 'prev_value': None, 'change': True}
2026-02-11 18:36:05,421 : INFO : EventManager : Event: ======'machine_var_audits_switches_s_76_fourbank_drop_4'====== Args={'value': 0, 'prev_value': None, 'change': True}
2026-02-11 18:36:05,421 : INFO : EventManager : Event: ======'machine_var_audits_switches_s_77_threebank_drop_1'====== Args={'value': 2, 'prev_value': None, 'change': True}
2026-02-11 18:36:05,421 : INFO : EventManager : Event: ======'machine_var_audits_switches_s_78_threebank_drop_2'====== Args={'value': 2, 'prev_value': None, 'change': True}
2026-02-11 18:36:05,421 : INFO : EventManager : Event: ======'machine_var_audits_switches_s_79_threebank_drop_3'====== Args={'value': 1, 'prev_value': None, 'change': True}
2026-02-11 18:36:05,421 : INFO : EventManager : Event: ======'machine_var_audits_switches_s_80_stand_up_target_1'====== Args={'value': 0, 'prev_value': None, 'change': True}
2026-02-11 18:36:05,421 : INFO : EventManager : Event: ======'machine_var_audits_switches_s_81_saucer_left'====== Args={'value': 0, 'prev_value': None, 'change': True}
2026-02-11 18:36:05,421 : INFO : EventManager : Event: ======'machine_var_audits_switches_s_82_stand_up_target_bank_1'====== Args={'value': 4, 'prev_value': None, 'change': True}
2026-02-11 18:36:05,421 : INFO : EventManager : Event: ======'machine_var_audits_switches_s_83_stand_up_target_bank_2'====== Args={'value': 6, 'prev_value': None, 'change': True}
2026-02-11 18:36:05,421 : INFO : EventManager : Event: ======'machine_var_audits_switches_s_84_stand_up_target_bank_3'====== Args={'value': 4, 'prev_value': None, 'change': True}
2026-02-11 18:36:05,421 : INFO : EventManager : Event: ======'machine_var_audits_switches_s_85_stand_up_target_bank_4'====== Args={'value': 6, 'prev_value': None, 'change': True}
2026-02-11 18:36:05,421 : INFO : EventManager : Event: ======'machine_var_audits_switches_s_86_stand_up_target_bank_5'====== Args={'value': 2, 'prev_value': None, 'change': True}
2026-02-11 18:36:05,421 : INFO : EventManager : Event: ======'machine_var_audits_switches_s_87_stand_up_target_bank_6'====== Args={'value': 7, 'prev_value': None, 'change': True}
2026-02-11 18:36:05,421 : INFO : EventManager : Event: ======'machine_var_audits_switches_s_8_left_flipper'====== Args={'value': 25, 'prev_value': None, 'change': True}
2026-02-11 18:36:05,422 : INFO : EventManager : Event: ======'init_phase_5'====== Args={}
2026-02-11 18:36:05,422 : INFO : EventManager : Event: ======'init_done'====== Args={}
2026-02-11 18:36:05,423 : INFO : EventManager : Event: ======'machine_reset_phase_1'====== Args={}
2026-02-11 18:36:05,423 : INFO : EventManager : Event: ======'machine_reset_phase_2'====== Args={}
2026-02-11 18:36:05,424 : INFO : EventManager : Event: ======'machine_reset_phase_3'====== Args={}
2026-02-11 18:36:05,425 : INFO : EventManager : Event: ======'reset_complete'====== Args={}
2026-02-11 18:36:05,425 : INFO : EventManager : Event: ======'mode_attract_will_start'====== Args={}
2026-02-11 18:36:05,425 : INFO : Timer.attract_carousel_timer : Starting Timer.
2026-02-11 18:36:05,425 : INFO : EventManager : Event: ======'timer_attract_carousel_timer_started'====== Args={'ticks': 0, 'ticks_remaining': 1}
2026-02-11 18:36:05,425 : INFO : EventManager : Event: ======'timer_attract_carousel_timer_tick'====== Args={'ticks': 0, 'ticks_remaining': 1}
2026-02-11 18:36:05,426 : INFO : EventManager : Event: ======'mode_attract_starting'====== Args={}
2026-02-11 18:36:05,426 : INFO : drop_target_bank.dtb_characters : 3 targets are down. Will reset those.
2026-02-11 18:36:05,426 : INFO : coil.c_40_fourbank_drop_reset : Pulsing Driver for 1ms (1.0 pulse_power)
2026-02-11 18:36:05,426 : DEBUG : FAST Driver : Pulsing driver 43 with pulse_settings: PulseSettings(power=1.0, duration=1).
2026-02-11 18:36:05,426 : INFO : drop_target_bank.dtb_rollover : 1 targets are down. Will reset those.
2026-02-11 18:36:05,426 : INFO : Mode.attract : Started. Priority: 10
2026-02-11 18:36:05,426 : INFO : EventManager : Event: ======'modes_active_modes_changed'====== Args={}
2026-02-11 18:36:05,426 : INFO : EventManager : Event: ======'mode_attract_started'====== Args={}
2026-02-11 18:36:05,427 : INFO : EventManager : Event: ======'collecting_balls_complete'====== Args={}
2026-02-11 18:36:05,427 : INFO : EventManager : Event: ======'carousel_item_highlighted'====== Args={'carousel': 'attract', 'direction': None, 'item': 'title'}
2026-02-11 18:36:05,427 : INFO : coil.c_32_threebank_drop_reset : Pulsing Driver for 1ms (1.0 pulse_power)
2026-02-11 18:36:05,427 : DEBUG : FAST Driver : Pulsing driver 35 with pulse_settings: PulseSettings(power=1.0, duration=1).
2026-02-11 18:36:05,428 : INFO : Machine : Starting the main run loop with active modes: [<Mode.attract>]
2026-02-11 18:36:05,447 : INFO : coil.c_31_single_drop_1_reset : Pulsing Driver for 1ms (1.0 pulse_power)
2026-02-11 18:36:05,447 : DEBUG : FAST Driver : Pulsing driver 34 with pulse_settings: PulseSettings(power=1.0, duration=1).
2026-02-11 18:36:05,923 : INFO : EventManager : Event: ======'drop_target_bank_dtb_characters_mixed'====== Args={'prev_value': <DropTargetBankState.UP: 'up'>, 'down': 3}
2026-02-11 18:36:05,939 : INFO : EventManager : Event: ======'drop_target_bank_dtb_rollover_down'====== Args={}
2026-02-11 18:36:10,421 : INFO : Timer.attract_carousel_timer : Timer Complete
2026-02-11 18:36:10,421 : INFO : Timer.attract_carousel_timer : Stopping Timer
2026-02-11 18:36:10,421 : INFO : EventManager : Event: ======'timer_attract_carousel_timer_stopped'====== Args={'ticks': 1, 'ticks_remaining': 1}
2026-02-11 18:36:10,421 : INFO : EventManager : Event: ======'timer_attract_carousel_timer_complete'====== Args={'ticks': 1, 'ticks_remaining': 1}
2026-02-11 18:36:10,421 : INFO : EventManager : Event: ======'carousel_item_highlighted'====== Args={'carousel': 'attract', 'direction': 'forwards', 'item': 'credits'}
2026-02-11 18:36:16,027 : INFO : SwitchController : <<<<<<< 's_38_star_rollover_bottom' active >>>>>>>
2026-02-11 18:36:16,059 : INFO : SwitchController : <<<<<<< 's_38_star_rollover_bottom' inactive >>>>>>>
2026-02-11 18:36:16,475 : INFO : SwitchController : <<<<<<< 's_38_star_rollover_bottom' active >>>>>>>
2026-02-11 18:36:16,491 : INFO : SwitchController : <<<<<<< 's_38_star_rollover_bottom' inactive >>>>>>>
2026-02-11 18:36:16,507 : INFO : SwitchController : <<<<<<< 's_38_star_rollover_bottom' active >>>>>>>
2026-02-11 18:36:16,523 : INFO : SwitchController : <<<<<<< 's_38_star_rollover_bottom' inactive >>>>>>>
2026-02-11 18:36:17,400 : INFO : SwitchController : <<<<<<< 's_38_star_rollover_bottom' active >>>>>>>
2026-02-11 18:36:17,448 : INFO : SwitchController : <<<<<<< 's_38_star_rollover_bottom' inactive >>>>>>>
2026-02-11 18:36:17,480 : INFO : SwitchController : <<<<<<< 's_38_star_rollover_bottom' active >>>>>>>
2026-02-11 18:36:17,480 : INFO : SwitchController : <<<<<<< 's_38_star_rollover_bottom' inactive >>>>>>>
2026-02-11 18:36:18,069 : INFO : SwitchController : <<<<<<< 's_38_star_rollover_bottom' active >>>>>>>
2026-02-11 18:36:18,069 : INFO : SwitchController : <<<<<<< 's_38_star_rollover_bottom' inactive >>>>>>>
2026-02-11 18:36:18,085 : INFO : SwitchController : <<<<<<< 's_38_star_rollover_bottom' active >>>>>>>
2026-02-11 18:36:18,181 : INFO : SwitchController : <<<<<<< 's_38_star_rollover_bottom' inactive >>>>>>>
2026-02-11 18:36:18,725 : INFO : SwitchController : <<<<<<< 's_38_star_rollover_bottom' active >>>>>>>
2026-02-11 18:36:18,805 : INFO : SwitchController : <<<<<<< 's_38_star_rollover_bottom' inactive >>>>>>>
2026-02-11 18:36:20,973 : INFO : SwitchController : <<<<<<< 's_39_star_rollover_top' active >>>>>>>
2026-02-11 18:36:21,131 : INFO : SwitchController : <<<<<<< 's_39_star_rollover_top' inactive >>>>>>>
2026-02-11 18:36:21,595 : INFO : SwitchController : <<<<<<< 's_39_star_rollover_top' active >>>>>>>
2026-02-11 18:36:21,707 : INFO : SwitchController : <<<<<<< 's_39_star_rollover_top' inactive >>>>>>>
2026-02-11 18:36:22,024 : INFO : SwitchController : <<<<<<< 's_39_star_rollover_top' active >>>>>>>
2026-02-11 18:36:22,103 : INFO : SwitchController : <<<<<<< 's_39_star_rollover_top' inactive >>>>>>>
2026-02-11 18:36:22,375 : INFO : SwitchController : <<<<<<< 's_39_star_rollover_top' active >>>>>>>
2026-02-11 18:36:22,439 : INFO : SwitchController : <<<<<<< 's_39_star_rollover_top' inactive >>>>>>>
2026-02-11 18:36:22,694 : INFO : SwitchController : <<<<<<< 's_39_star_rollover_top' active >>>>>>>
2026-02-11 18:36:22,774 : INFO : SwitchController : <<<<<<< 's_39_star_rollover_top' inactive >>>>>>>
2026-02-11 18:36:22,981 : INFO : SwitchController : <<<<<<< 's_39_star_rollover_top' active >>>>>>>
2026-02-11 18:36:23,077 : INFO : SwitchController : <<<<<<< 's_39_star_rollover_top' inactive >>>>>>>
2026-02-11 18:36:23,301 : INFO : SwitchController : <<<<<<< 's_39_star_rollover_top' active >>>>>>>
2026-02-11 18:36:23,396 : INFO : SwitchController : <<<<<<< 's_39_star_rollover_top' inactive >>>>>>>
2026-02-11 18:36:23,619 : INFO : SwitchController : <<<<<<< 's_39_star_rollover_top' active >>>>>>>
2026-02-11 18:36:23,698 : INFO : SwitchController : <<<<<<< 's_39_star_rollover_top' inactive >>>>>>>
2026-02-11 18:36:53,337 : INFO : Machine : Shutting down...
2026-02-11 18:36:53,337 : INFO : EventManager : Event: ======'shutdown'====== Args={}
2026-02-11 18:36:53,435 : DEBUG : FAST [NET] : Stop called on serial connection NET
2026-02-11 18:36:53,436 : DEBUG : FAST [EXP] : Stop called on serial connection EXP
2026-02-11 18:36:53,437 : INFO : root : MPF run loop ended.
