2026-03-30 11:46:37,220 : INFO : root : Loading config.
2026-03-30 11:46:37,224 : INFO : YamlMultifileConfigLoader : Machine config file #1: config.yaml
2026-03-30 11:46:37,225 : INFO : ConfigProcessor : Loading config from cache: C:\Users\tl\AppData\Local\Temp\86f932e179f318f5dae29f066573dee9.mpf_cache
2026-03-30 11:46:37,314 : WARNING : ConfigProcessor : Config file in cache changed: C:\Users\tl\Documents\tl-pinball\modes\attract\config\attract.yaml
2026-03-30 11:46:37,315 : INFO : ConfigProcessor : Loading config from file C:\mpf\Lib\site-packages\mpf\modes\attract\config\attract.yaml.
2026-03-30 11:46:37,317 : INFO : ConfigProcessor : Loading config: C:\mpf\Lib\site-packages\mpf\modes\attract\config\attract.yaml
2026-03-30 11:46:37,317 : INFO : ConfigProcessor : Loading config from file C:\Users\tl\Documents\tl-pinball\modes\attract\config\attract.yaml.
2026-03-30 11:46:37,328 : INFO : ConfigProcessor : Loading config: C:\Users\tl\Documents\tl-pinball\modes\attract\config\attract.yaml
2026-03-30 11:46:37,329 : INFO : ConfigProcessor : Config file cache created: C:\Users\tl\AppData\Local\Temp\5e7e3dd8e04e0aa46ea76018297218da.mpf_cache
2026-03-30 11:46:37,330 : INFO : ConfigProcessor : Loading config from cache: C:\Users\tl\AppData\Local\Temp\af6ad0dab2f43bd9cbdac83e0b2786ac.mpf_cache
2026-03-30 11:46:37,331 : INFO : ConfigProcessor : Loading config from cache: C:\Users\tl\AppData\Local\Temp\5e7e3dd8e04e0aa46ea76018297218da.mpf_cache
2026-03-30 11:46:37,347 : INFO : ConfigProcessor : Loading config from cache: C:\Users\tl\AppData\Local\Temp\078e3f4c59f1cd1bf0ff8685cc9e7ff5.mpf_cache
2026-03-30 11:46:37,348 : INFO : ConfigProcessor : Loading config from cache: C:\Users\tl\AppData\Local\Temp\279434e09bc5e8b073f441f36778b3c5.mpf_cache
2026-03-30 11:46:37,348 : INFO : ConfigProcessor : Loading config from cache: C:\Users\tl\AppData\Local\Temp\f7ef3217062c4a128670875e2cb05ce9.mpf_cache
2026-03-30 11:46:37,350 : INFO : ConfigProcessor : Loading config from cache: C:\Users\tl\AppData\Local\Temp\354636526653009b6f35f36c4dc3e189.mpf_cache
2026-03-30 11:46:37,350 : INFO : ConfigProcessor : Loading config from cache: C:\Users\tl\AppData\Local\Temp\b41aec6702196d0bd650320fa331266f.mpf_cache
2026-03-30 11:46:37,351 : INFO : ConfigProcessor : Loading config from cache: C:\Users\tl\AppData\Local\Temp\a951eeea2c167365e5a009cce33f51d8.mpf_cache
2026-03-30 11:46:37,352 : INFO : ConfigProcessor : Loading config from cache: C:\Users\tl\AppData\Local\Temp\f020dca9eec5e09763b9289397e6c32f.mpf_cache
2026-03-30 11:46:37,353 : INFO : ConfigProcessor : Loading config from cache: C:\Users\tl\AppData\Local\Temp\edce5a74ebf86ee6330810859c361ede.mpf_cache
2026-03-30 11:46:37,354 : INFO : ConfigProcessor : Loading config from cache: C:\Users\tl\AppData\Local\Temp\7c825e76f3d981841c3099d018a06a8f.mpf_cache
2026-03-30 11:46:37,355 : INFO : ConfigProcessor : Loading config from cache: C:\Users\tl\AppData\Local\Temp\4c1252d1f04cb61ecc91110937cfd225.mpf_cache
2026-03-30 11:46:37,356 : INFO : ConfigProcessor : Loading config from cache: C:\Users\tl\AppData\Local\Temp\8d6d681afe5a7b6e9186321cd98f18ca.mpf_cache
2026-03-30 11:46:37,357 : INFO : ConfigProcessor : Loading config from file C:\Users\tl\Documents\tl-pinball\shows\.\led_flash_rgb_chain_test.yaml.
2026-03-30 11:46:37,467 : INFO : ConfigProcessor : Loading config: C:\Users\tl\Documents\tl-pinball\shows\.\led_flash_rgb_chain_test.yaml
2026-03-30 11:46:37,470 : INFO : ConfigProcessor : Config file cache created: C:\Users\tl\AppData\Local\Temp\271b31ea91f7fc416a689202738fcb25.mpf_cache
2026-03-30 11:46:37,470 : INFO : ConfigProcessor : Loading config from cache: C:\Users\tl\AppData\Local\Temp\d5113bae71fe9b2600b29bf116525aac.mpf_cache
2026-03-30 11:46:37,472 : INFO : Machine : Mission Pinball Framework Core Engine v0.80.0.dev12
2026-03-30 11:46:37,472 : INFO : Machine : Command line arguments: {'no_load_cache': False, 'create_config_cache': True, 'bcp': True, 'configfile': ['config.yaml'], 'force_assets_load': False, 'platform_integration_test': False, 'jsonlogging': False, 'logfile': 'logs\\2026-03-30-11-46-37-mpf-DESKTOP-HV85DRD.log', 'pause': False, 'production': False, 'text_ui': False, 'loglevel': 15, 'consoleloglevel': 20, 'force_platform': None, 'syslog_address': None, 'full_logfile_path': 'C:\\Users\\tl\\Documents\\tl-pinball\\logs\\2026-03-30-11-46-37-mpf-DESKTOP-HV85DRD.log'}
2026-03-30 11:46:37,472 : INFO : Machine : MPF path: C:\mpf\Lib\site-packages\mpf
2026-03-30 11:46:37,472 : INFO : Machine : Machine path: C:\Users\tl\Documents\tl-pinball
2026-03-30 11:46:37,472 : INFO : Machine : Platform: win32
2026-03-30 11:46:37,472 : INFO : Machine : Python executable location: C:\mpf\Scripts\python.exe
2026-03-30 11:46:37,472 : INFO : Machine : Python version: 3.12.7 (64-bit)
2026-03-30 11:46:37,475 : INFO : Machine : Initializing MPF...
2026-03-30 11:46:37,578 : INFO : FAST [NET] : Trying to connect to COM4 at 921600bps
2026-03-30 11:46:37,583 : INFO : FAST [NET] : Connected to COM4 at 921600bps
2026-03-30 11:46:37,592 : INFO : FAST [NET] : Connected to FP-CPU-2000 with firmware v02.26
2026-03-30 11:46:37,624 : INFO : FAST [NET] : Registered I/O Board 0: Model: FP-I/O-0024, Firmware: 01.10, Switches: 24, Drivers: 8
2026-03-30 11:46:37,640 : INFO : FAST [NET] : Registered I/O Board 1: Model: FP-I/O-1616, Firmware: 01.10, Switches: 16, Drivers: 16
2026-03-30 11:46:37,656 : INFO : FAST [NET] : Registered I/O Board 2: Model: FP-I/O-3208, Firmware: 01.10, Switches: 32, Drivers: 8
2026-03-30 11:46:37,672 : INFO : FAST [NET] : Registered I/O Board 3: Model: FP-I/O-1616, Firmware: 01.10, Switches: 16, Drivers: 16
2026-03-30 11:46:37,674 : INFO : FAST [EXP] : Trying to connect to COM5 at 921600bps
2026-03-30 11:46:37,679 : INFO : FAST [EXP] : Connected to COM5 at 921600bps
2026-03-30 11:46:37,688 : INFO : FAST [EXP] : Verifying hardware for EXP "ledneuron" (FP-EXP-2000, @48) with ID string "EXP FP-EXP-2000  0.42", board address 48
2026-03-30 11:46:37,704 : INFO : FAST [EXP] : Verifying hardware for EXP "ledneuron" (FP-EXP-2000, @48) with ID string "BRK FP-EXP-2000  0.42", board address 480
2026-03-30 11:46:37,736 : INFO : FAST [EXP] : Verifying hardware for EXP "ledpf1" (FP-EXP-0081, @84) with ID string "EXP FP-EXP-0081  0.38", board address 84
2026-03-30 11:46:37,752 : INFO : FAST [EXP] : Verifying hardware for EXP "ledpf1" (FP-EXP-0081, @84) with ID string "BRK FP-EXP-0081  0.38", board address 840
2026-03-30 11:46:37,768 : INFO : FAST [EXP] : Verifying hardware for EXP "ledpf1" (FP-EXP-0081, @84) with ID string "BRK FP-EXP-0081  0.38", board address 841
2026-03-30 11:46:37,799 : INFO : FAST [EXP] : Verifying hardware for EXP "ledpf2" (FP-EXP-0081, @85) with ID string "EXP FP-EXP-0081  0.48", board address 85
2026-03-30 11:46:37,815 : INFO : FAST [EXP] : Verifying hardware for EXP "ledpf2" (FP-EXP-0081, @85) with ID string "BRK FP-EXP-0081  0.48", board address 850
2026-03-30 11:46:37,831 : INFO : FAST [EXP] : Verifying hardware for EXP "ledpf2" (FP-EXP-0081, @85) with ID string "BRK FP-EXP-0081  0.48", board address 851
2026-03-30 11:46:37,847 : INFO : EventManager : Event: ======'machine_var_credits_string'====== Args={'value': 'FREE PLAY', 'prev_value': None, 'change': True}
2026-03-30 11:46:37,878 : INFO : EventManager : Event: ======'machine_var_master_volume'====== Args={'value': 0.5, 'prev_value': None, 'change': True}
2026-03-30 11:46:37,878 : INFO : EventManager : Event: ======'machine_var_player1_score'====== Args={'value': 1020126, 'prev_value': None, 'change': True}
2026-03-30 11:46:37,878 : INFO : EventManager : Event: ======'machine_var_last_game_score'====== Args={'value': 0, 'prev_value': None, 'change': True}
2026-03-30 11:46:37,878 : INFO : EventManager : Event: ======'machine_var_mpf_version'====== Args={'value': 'Mission Pinball Framework v0.80.0.dev12', 'prev_value': None, 'change': True}
2026-03-30 11:46:37,879 : INFO : EventManager : Event: ======'machine_var_mpf_extended_version'====== Args={'value': 'Mission Pinball Framework v0.80.0.dev12, Config version:6, Show version: 6, BCP version:1.1', 'prev_value': None, 'change': True}
2026-03-30 11:46:37,879 : INFO : EventManager : Event: ======'machine_var_python_version'====== Args={'value': '3.12.7', 'prev_value': None, 'change': True}
2026-03-30 11:46:37,906 : INFO : EventManager : Event: ======'machine_var_platform'====== Args={'value': 'Windows-10-10.0.19044-SP0', 'prev_value': None, 'change': True}
2026-03-30 11:46:37,906 : INFO : EventManager : Event: ======'machine_var_platform_system'====== Args={'value': 'Windows', 'prev_value': None, 'change': True}
2026-03-30 11:46:37,906 : INFO : EventManager : Event: ======'machine_var_platform_release'====== Args={'value': '10', 'prev_value': None, 'change': True}
2026-03-30 11:46:37,906 : INFO : EventManager : Event: ======'machine_var_platform_version'====== Args={'value': '10.0.19044', 'prev_value': None, 'change': True}
2026-03-30 11:46:37,906 : INFO : EventManager : Event: ======'machine_var_platform_machine'====== Args={'value': 'AMD64', 'prev_value': None, 'change': True}
2026-03-30 11:46:37,906 : INFO : EventManager : Event: ======'machine_var_log_file_path'====== Args={'value': 'C:\\Users\\tl\\Documents\\tl-pinball\\logs\\2026-03-30-11-46-37-mpf-DESKTOP-HV85DRD.log', 'prev_value': None, 'change': True}
2026-03-30 11:46:37,906 : INFO : EventManager : Event: ======'init_phase_1'====== Args={}
2026-03-30 11:46:38,026 : INFO : EventManager : Event: ======'drop_target_bank_dt_bank_1_4_up'====== Args={}
2026-03-30 11:46:38,027 : INFO : EventManager : Event: ======'drop_target_bank_dt_bank_5_7_up'====== Args={}
2026-03-30 11:46:40,624 : INFO : SwitchController : <<<<<<< 's_24_trough_1' active >>>>>>>
2026-03-30 11:46:40,624 : INFO : SwitchController : <<<<<<< 's_44_spinner_right' active >>>>>>>
2026-03-30 11:46:40,624 : INFO : SwitchController : <<<<<<< 's_64_varitarget_position_1' active >>>>>>>
2026-03-30 11:46:40,624 : INFO : SwitchController : <<<<<<< 's_67_varitarget_position_4' active >>>>>>>
2026-03-30 11:46:40,624 : INFO : SwitchController : <<<<<<< 's_71_spinner_left' active >>>>>>>
2026-03-30 11:46:40,624 : INFO : SwitchController : <<<<<<< 's_77_threebank_drop_1' active >>>>>>>
2026-03-30 11:46:40,624 : INFO : SwitchController : <<<<<<< 's_78_threebank_drop_2' active >>>>>>>
2026-03-30 11:46:40,705 : INFO : EventManager : Event: ======'init_phase_2'====== Args={}
2026-03-30 11:46:40,706 : INFO : SwitchController : Found active switch: (40, [FAST Platform Interface]) <switch.s_24_trough_1>
2026-03-30 11:46:40,706 : INFO : SwitchController : Found active switch: (60, [FAST Platform Interface]) <switch.s_44_spinner_right>
2026-03-30 11:46:40,706 : INFO : SwitchController : Found active switch: (32, [FAST Platform Interface]) <switch.s_64_varitarget_position_1>
2026-03-30 11:46:40,706 : INFO : SwitchController : Found active switch: (35, [FAST Platform Interface]) <switch.s_67_varitarget_position_4>
2026-03-30 11:46:40,706 : INFO : SwitchController : Found active switch: (39, [FAST Platform Interface]) <switch.s_71_spinner_left>
2026-03-30 11:46:40,706 : INFO : SwitchController : Found active switch: (77, [FAST Platform Interface]) <switch.s_77_threebank_drop_1>
2026-03-30 11:46:40,706 : INFO : SwitchController : Found active switch: (78, [FAST Platform Interface]) <switch.s_78_threebank_drop_2>
2026-03-30 11:46:40,727 : INFO : EventManager : Event: ======'machine_var_score1_label'====== Args={'value': 'GRAND CHAMPION', 'prev_value': None, 'change': True}
2026-03-30 11:46:40,727 : INFO : EventManager : Event: ======'machine_var_score1_name'====== Args={'value': 'AAA', 'prev_value': None, 'change': True}
2026-03-30 11:46:40,727 : INFO : EventManager : Event: ======'machine_var_score1_value'====== Args={'value': 2531176, 'prev_value': None, 'change': True}
2026-03-30 11:46:40,727 : INFO : EventManager : Event: ======'machine_var_score2_label'====== Args={'value': 'HIGH SCORE 1', 'prev_value': None, 'change': True}
2026-03-30 11:46:40,727 : INFO : EventManager : Event: ======'machine_var_score2_name'====== Args={'value': 'EEE', 'prev_value': None, 'change': True}
2026-03-30 11:46:40,727 : INFO : EventManager : Event: ======'machine_var_score2_value'====== Args={'value': 2194524, 'prev_value': None, 'change': True}
2026-03-30 11:46:40,728 : INFO : EventManager : Event: ======'machine_var_score3_label'====== Args={'value': 'HIGH SCORE 2', 'prev_value': None, 'change': True}
2026-03-30 11:46:40,728 : INFO : EventManager : Event: ======'machine_var_score3_name'====== Args={'value': 'AAA', 'prev_value': None, 'change': True}
2026-03-30 11:46:40,728 : INFO : EventManager : Event: ======'machine_var_score3_value'====== Args={'value': 1638150, 'prev_value': None, 'change': True}
2026-03-30 11:46:40,728 : INFO : EventManager : Event: ======'machine_var_score4_label'====== Args={'value': 'HIGH SCORE 3', 'prev_value': None, 'change': True}
2026-03-30 11:46:40,728 : INFO : EventManager : Event: ======'machine_var_score4_name'====== Args={'value': 'AAA', 'prev_value': None, 'change': True}
2026-03-30 11:46:40,728 : INFO : EventManager : Event: ======'machine_var_score4_value'====== Args={'value': 1578150, 'prev_value': None, 'change': True}
2026-03-30 11:46:40,728 : INFO : EventManager : Event: ======'machine_var_score5_label'====== Args={'value': 'HIGH SCORE 4', 'prev_value': None, 'change': True}
2026-03-30 11:46:40,728 : INFO : EventManager : Event: ======'machine_var_score5_name'====== Args={'value': 'AAA', 'prev_value': None, 'change': True}
2026-03-30 11:46:40,728 : INFO : EventManager : Event: ======'machine_var_score5_value'====== Args={'value': 1550789, 'prev_value': None, 'change': True}
2026-03-30 11:46:40,728 : INFO : EventManager : Event: ======'bcp_connection_attempt'====== Args={'name': 'local_display', 'host': 'localhost', 'port': 5050}
2026-03-30 11:46:40,730 : INFO : BCPClientSocket : Connecting BCP to 'local_display' at localhost:5050...
2026-03-30 11:46:43,776 : INFO : BCPClientSocket : Connected BCP to 'local_display' localhost:5050
2026-03-30 11:46:43,777 : INFO : EventManager : Event: ======'bcp_clients_connected'====== Args={}
2026-03-30 11:46:43,778 : INFO : ball_device.bd_plunger : BCH: Initial count: 0
2026-03-30 11:46:43,778 : INFO : ball_device.bd_plunger : State: idle
2026-03-30 11:46:43,779 : INFO : ball_device.bd_trough : BCH: Initial count: 1
2026-03-30 11:46:43,779 : INFO : ball_device.bd_trough : State: idle
2026-03-30 11:46:43,780 : INFO : ball_device.bd_left_vuk : BCH: Initial count: 0
2026-03-30 11:46:43,780 : INFO : ball_device.bd_left_vuk : State: idle
2026-03-30 11:46:43,781 : INFO : ball_device.bd_right_vuk : BCH: Initial count: 0
2026-03-30 11:46:43,781 : INFO : ball_device.bd_right_vuk : State: idle
2026-03-30 11:46:43,804 : INFO : EventManager : Event: ======'init_phase_3'====== Args={}
2026-03-30 11:46:43,874 : INFO : EventManager : Event: ======'init_phase_4'====== Args={}
2026-03-30 11:46:43,875 : INFO : EventManager : Event: ======'drop_target_dt_5_down'====== Args={'device': <drop_target.dt_5>}
2026-03-30 11:46:43,875 : INFO : EventManager : Event: ======'drop_target_dt_6_down'====== Args={'device': <drop_target.dt_6>}
2026-03-30 11:46:43,876 : INFO : BallController : Initial balls found: 1
2026-03-30 11:46:43,878 : INFO : EventManager : Event: ======'machine_var_audits_events_game_ended'====== Args={'value': 59, 'prev_value': None, 'change': True}
2026-03-30 11:46:43,878 : INFO : EventManager : Event: ======'machine_var_audits_events_game_started'====== Args={'value': 71, 'prev_value': None, 'change': True}
2026-03-30 11:46:43,878 : INFO : EventManager : Event: ======'machine_var_audits_missing_switches_s_00_service_esc'====== Args={'value': 71, 'prev_value': None, 'change': True}
2026-03-30 11:46:43,878 : INFO : EventManager : Event: ======'machine_var_audits_missing_switches_s_01_service_up'====== Args={'value': 71, 'prev_value': None, 'change': True}
2026-03-30 11:46:43,878 : INFO : EventManager : Event: ======'machine_var_audits_missing_switches_s_02_service_down'====== Args={'value': 71, 'prev_value': None, 'change': True}
2026-03-30 11:46:43,878 : INFO : EventManager : Event: ======'machine_var_audits_missing_switches_s_03_service_enter'====== Args={'value': 71, 'prev_value': None, 'change': True}
2026-03-30 11:46:43,878 : INFO : EventManager : Event: ======'machine_var_audits_missing_switches_s_11_start_button'====== Args={'value': 1, 'prev_value': None, 'change': True}
2026-03-30 11:46:43,878 : INFO : EventManager : Event: ======'machine_var_audits_missing_switches_s_32_right_inlane'====== Args={'value': 2, 'prev_value': None, 'change': True}
2026-03-30 11:46:43,879 : INFO : EventManager : Event: ======'machine_var_audits_missing_switches_s_33_right_outlane'====== Args={'value': 2, 'prev_value': None, 'change': True}
2026-03-30 11:46:43,879 : INFO : EventManager : Event: ======'machine_var_audits_missing_switches_s_34_right_sling'====== Args={'value': 2, 'prev_value': None, 'change': True}
2026-03-30 11:46:43,879 : INFO : EventManager : Event: ======'machine_var_audits_missing_switches_s_36_left_outlane'====== Args={'value': 2, 'prev_value': None, 'change': True}
2026-03-30 11:46:43,879 : INFO : EventManager : Event: ======'machine_var_audits_missing_switches_s_37_left_sling'====== Args={'value': 2, 'prev_value': None, 'change': True}
2026-03-30 11:46:43,879 : INFO : EventManager : Event: ======'machine_var_audits_missing_switches_s_38_star_rollover_bottom'====== Args={'value': 71, 'prev_value': None, 'change': True}
2026-03-30 11:46:43,879 : INFO : EventManager : Event: ======'machine_var_audits_missing_switches_s_39_star_rollover_top'====== Args={'value': 2, 'prev_value': None, 'change': True}
2026-03-30 11:46:43,879 : INFO : EventManager : Event: ======'machine_var_audits_missing_switches_s_40_stand_up_target_5'====== Args={'value': 2, 'prev_value': None, 'change': True}
2026-03-30 11:46:43,879 : INFO : EventManager : Event: ======'machine_var_audits_missing_switches_s_41_stand_up_target_6'====== Args={'value': 2, 'prev_value': None, 'change': True}
2026-03-30 11:46:43,879 : INFO : EventManager : Event: ======'machine_var_audits_missing_switches_s_42_stand_up_target_1'====== Args={'value': 2, 'prev_value': None, 'change': True}
2026-03-30 11:46:43,879 : INFO : EventManager : Event: ======'machine_var_audits_missing_switches_s_43_stand_up_target_4'====== Args={'value': 2, 'prev_value': None, 'change': True}
2026-03-30 11:46:43,879 : INFO : EventManager : Event: ======'machine_var_audits_missing_switches_s_44_spinner_right'====== Args={'value': 2, 'prev_value': None, 'change': True}
2026-03-30 11:46:43,879 : INFO : EventManager : Event: ======'machine_var_audits_missing_switches_s_56_pop_bumper_right'====== Args={'value': 2, 'prev_value': None, 'change': True}
2026-03-30 11:46:43,879 : INFO : EventManager : Event: ======'machine_var_audits_missing_switches_s_57_pop_bumper_center'====== Args={'value': 2, 'prev_value': None, 'change': True}
2026-03-30 11:46:43,879 : INFO : EventManager : Event: ======'machine_var_audits_missing_switches_s_58_pop_bumper_left'====== Args={'value': 2, 'prev_value': None, 'change': True}
2026-03-30 11:46:43,879 : INFO : EventManager : Event: ======'machine_var_audits_missing_switches_s_59_saucer_right'====== Args={'value': 2, 'prev_value': None, 'change': True}
2026-03-30 11:46:43,879 : INFO : EventManager : Event: ======'machine_var_audits_missing_switches_s_61_top_lane_b'====== Args={'value': 2, 'prev_value': None, 'change': True}
2026-03-30 11:46:43,879 : INFO : EventManager : Event: ======'machine_var_audits_missing_switches_s_62_top_lane_a'====== Args={'value': 71, 'prev_value': None, 'change': True}
2026-03-30 11:46:43,879 : INFO : EventManager : Event: ======'machine_var_audits_missing_switches_s_63_stand_up_target_3'====== Args={'value': 2, 'prev_value': None, 'change': True}
2026-03-30 11:46:43,879 : INFO : EventManager : Event: ======'machine_var_audits_missing_switches_s_64_varitarget_position_1'====== Args={'value': 31, 'prev_value': None, 'change': True}
2026-03-30 11:46:43,879 : INFO : EventManager : Event: ======'machine_var_audits_missing_switches_s_65_varitarget_position_2'====== Args={'value': 32, 'prev_value': None, 'change': True}
2026-03-30 11:46:43,879 : INFO : EventManager : Event: ======'machine_var_audits_missing_switches_s_66_varitarget_position_3'====== Args={'value': 31, 'prev_value': None, 'change': True}
2026-03-30 11:46:43,879 : INFO : EventManager : Event: ======'machine_var_audits_missing_switches_s_67_varitarget_position_4'====== Args={'value': 31, 'prev_value': None, 'change': True}
2026-03-30 11:46:43,880 : INFO : EventManager : Event: ======'machine_var_audits_missing_switches_s_68_varitarget_position_5'====== Args={'value': 31, 'prev_value': None, 'change': True}
2026-03-30 11:46:43,880 : INFO : EventManager : Event: ======'machine_var_audits_missing_switches_s_69_varitarget_position_6'====== Args={'value': 2, 'prev_value': None, 'change': True}
2026-03-30 11:46:43,880 : INFO : EventManager : Event: ======'machine_var_audits_missing_switches_s_70_varitarget_position_7'====== Args={'value': 2, 'prev_value': None, 'change': True}
2026-03-30 11:46:43,880 : INFO : EventManager : Event: ======'machine_var_audits_missing_switches_s_71_spinner_left'====== Args={'value': 71, 'prev_value': None, 'change': True}
2026-03-30 11:46:43,880 : INFO : EventManager : Event: ======'machine_var_audits_missing_switches_s_72_single_drop_1'====== Args={'value': 2, 'prev_value': None, 'change': True}
2026-03-30 11:46:43,880 : INFO : EventManager : Event: ======'machine_var_audits_missing_switches_s_73_fourbank_drop_1'====== Args={'value': 2, 'prev_value': None, 'change': True}
2026-03-30 11:46:43,880 : INFO : EventManager : Event: ======'machine_var_audits_missing_switches_s_74_fourbank_drop_2'====== Args={'value': 2, 'prev_value': None, 'change': True}
2026-03-30 11:46:43,880 : INFO : EventManager : Event: ======'machine_var_audits_missing_switches_s_75_fourbank_drop_3'====== Args={'value': 2, 'prev_value': None, 'change': True}
2026-03-30 11:46:43,880 : INFO : EventManager : Event: ======'machine_var_audits_missing_switches_s_76_fourbank_drop_4'====== Args={'value': 2, 'prev_value': None, 'change': True}
2026-03-30 11:46:43,880 : INFO : EventManager : Event: ======'machine_var_audits_missing_switches_s_79_threebank_drop_3'====== Args={'value': 1, 'prev_value': None, 'change': True}
2026-03-30 11:46:43,880 : INFO : EventManager : Event: ======'machine_var_audits_missing_switches_s_80_stand_up_target_2'====== Args={'value': 2, 'prev_value': None, 'change': True}
2026-03-30 11:46:43,880 : INFO : EventManager : Event: ======'machine_var_audits_missing_switches_s_81_saucer_left'====== Args={'value': 2, 'prev_value': None, 'change': True}
2026-03-30 11:46:43,880 : INFO : EventManager : Event: ======'machine_var_audits_missing_switches_s_82_stand_up_target_bank_1'====== Args={'value': 2, 'prev_value': None, 'change': True}
2026-03-30 11:46:43,880 : INFO : EventManager : Event: ======'machine_var_audits_missing_switches_s_83_stand_up_target_bank_2'====== Args={'value': 2, 'prev_value': None, 'change': True}
2026-03-30 11:46:43,880 : INFO : EventManager : Event: ======'machine_var_audits_missing_switches_s_84_stand_up_target_bank_3'====== Args={'value': 2, 'prev_value': None, 'change': True}
2026-03-30 11:46:43,880 : INFO : EventManager : Event: ======'machine_var_audits_missing_switches_s_85_stand_up_target_bank_4'====== Args={'value': 2, 'prev_value': None, 'change': True}
2026-03-30 11:46:43,880 : INFO : EventManager : Event: ======'machine_var_audits_missing_switches_s_87_stand_up_target_bank_6'====== Args={'value': 2, 'prev_value': None, 'change': True}
2026-03-30 11:46:43,880 : INFO : EventManager : Event: ======'machine_var_audits_player_score'====== Args={'value': {'average': 1286682, 'top': [2531176, 2194524, 1638150, 1578150, 1550789, 1547313, 1533004, 1531764, 1526554, 1521260], 'total': 59}, 'prev_value': None, 'change': True}
2026-03-30 11:46:43,880 : INFO : EventManager : Event: ======'machine_var_audits_shots_shot_dt_1'====== Args={'value': 18, 'prev_value': None, 'change': True}
2026-03-30 11:46:43,880 : INFO : EventManager : Event: ======'machine_var_audits_shots_shot_dt_2'====== Args={'value': 23, 'prev_value': None, 'change': True}
2026-03-30 11:46:43,880 : INFO : EventManager : Event: ======'machine_var_audits_shots_shot_dt_3'====== Args={'value': 21, 'prev_value': None, 'change': True}
2026-03-30 11:46:43,880 : INFO : EventManager : Event: ======'machine_var_audits_shots_shot_dt_4'====== Args={'value': 24, 'prev_value': None, 'change': True}
2026-03-30 11:46:43,881 : INFO : EventManager : Event: ======'machine_var_audits_shots_shot_dt_5'====== Args={'value': 24, 'prev_value': None, 'change': True}
2026-03-30 11:46:43,881 : INFO : EventManager : Event: ======'machine_var_audits_shots_shot_dt_6'====== Args={'value': 23, 'prev_value': None, 'change': True}
2026-03-30 11:46:43,881 : INFO : EventManager : Event: ======'machine_var_audits_shots_shot_dt_7'====== Args={'value': 16, 'prev_value': None, 'change': True}
2026-03-30 11:46:43,881 : INFO : EventManager : Event: ======'machine_var_audits_shots_shot_impossible'====== Args={'value': 17, 'prev_value': None, 'change': True}
2026-03-30 11:46:43,881 : INFO : EventManager : Event: ======'machine_var_audits_shots_shot_rollover_top'====== Args={'value': 17, 'prev_value': None, 'change': True}
2026-03-30 11:46:43,881 : INFO : EventManager : Event: ======'machine_var_audits_shots_shot_slingshot_l'====== Args={'value': 85, 'prev_value': None, 'change': True}
2026-03-30 11:46:43,881 : INFO : EventManager : Event: ======'machine_var_audits_shots_shot_slingshot_r'====== Args={'value': 288, 'prev_value': None, 'change': True}
2026-03-30 11:46:43,881 : INFO : EventManager : Event: ======'machine_var_audits_shots_shot_sut_1'====== Args={'value': 32, 'prev_value': None, 'change': True}
2026-03-30 11:46:43,881 : INFO : EventManager : Event: ======'machine_var_audits_shots_shot_sut_2'====== Args={'value': 53, 'prev_value': None, 'change': True}
2026-03-30 11:46:43,881 : INFO : EventManager : Event: ======'machine_var_audits_shots_shot_sut_3'====== Args={'value': 34, 'prev_value': None, 'change': True}
2026-03-30 11:46:43,881 : INFO : EventManager : Event: ======'machine_var_audits_shots_shot_sut_4'====== Args={'value': 39, 'prev_value': None, 'change': True}
2026-03-30 11:46:43,881 : INFO : EventManager : Event: ======'machine_var_audits_shots_shot_sut_5'====== Args={'value': 48, 'prev_value': None, 'change': True}
2026-03-30 11:46:43,881 : INFO : EventManager : Event: ======'machine_var_audits_shots_shot_sut_6'====== Args={'value': 24, 'prev_value': None, 'change': True}
2026-03-30 11:46:43,881 : INFO : EventManager : Event: ======'machine_var_audits_shots_shot_sut_blue'====== Args={'value': 101, 'prev_value': None, 'change': True}
2026-03-30 11:46:43,881 : INFO : EventManager : Event: ======'machine_var_audits_shots_shot_sut_green'====== Args={'value': 56, 'prev_value': None, 'change': True}
2026-03-30 11:46:43,881 : INFO : EventManager : Event: ======'machine_var_audits_shots_shot_sut_red'====== Args={'value': 73, 'prev_value': None, 'change': True}
2026-03-30 11:46:43,881 : INFO : EventManager : Event: ======'machine_var_audits_shots_spinner_right'====== Args={'value': 95, 'prev_value': None, 'change': True}
2026-03-30 11:46:43,881 : INFO : EventManager : Event: ======'machine_var_audits_shots_varitarget_p1'====== Args={'value': 146, 'prev_value': None, 'change': True}
2026-03-30 11:46:43,881 : INFO : EventManager : Event: ======'machine_var_audits_shots_varitarget_p2'====== Args={'value': 2, 'prev_value': None, 'change': True}
2026-03-30 11:46:43,881 : INFO : EventManager : Event: ======'machine_var_audits_shots_varitarget_p3'====== Args={'value': 3, 'prev_value': None, 'change': True}
2026-03-30 11:46:43,881 : INFO : EventManager : Event: ======'machine_var_audits_shots_varitarget_p4'====== Args={'value': 3, 'prev_value': None, 'change': True}
2026-03-30 11:46:43,881 : INFO : EventManager : Event: ======'machine_var_audits_shots_varitarget_p5'====== Args={'value': 9, 'prev_value': None, 'change': True}
2026-03-30 11:46:43,882 : INFO : EventManager : Event: ======'machine_var_audits_shots_varitarget_p6'====== Args={'value': 8, 'prev_value': None, 'change': True}
2026-03-30 11:46:43,882 : INFO : EventManager : Event: ======'machine_var_audits_shots_varitarget_p7'====== Args={'value': 58, 'prev_value': None, 'change': True}
2026-03-30 11:46:43,882 : INFO : EventManager : Event: ======'machine_var_audits_switches_s_00_service_esc'====== Args={'value': 0, 'prev_value': None, 'change': True}
2026-03-30 11:46:43,882 : INFO : EventManager : Event: ======'machine_var_audits_switches_s_01_service_up'====== Args={'value': 0, 'prev_value': None, 'change': True}
2026-03-30 11:46:43,882 : INFO : EventManager : Event: ======'machine_var_audits_switches_s_02_service_down'====== Args={'value': 0, 'prev_value': None, 'change': True}
2026-03-30 11:46:43,882 : INFO : EventManager : Event: ======'machine_var_audits_switches_s_03_service_enter'====== Args={'value': 0, 'prev_value': None, 'change': True}
2026-03-30 11:46:43,882 : INFO : EventManager : Event: ======'machine_var_audits_switches_s_08_left_flipper'====== Args={'value': 1128, 'prev_value': None, 'change': True}
2026-03-30 11:46:43,882 : INFO : EventManager : Event: ======'machine_var_audits_switches_s_11_start_button'====== Args={'value': 103, 'prev_value': None, 'change': True}
2026-03-30 11:46:43,882 : INFO : EventManager : Event: ======'machine_var_audits_switches_s_16_right_flipper'====== Args={'value': 1710, 'prev_value': None, 'change': True}
2026-03-30 11:46:43,882 : INFO : EventManager : Event: ======'machine_var_audits_switches_s_17_right_flipper_upper'====== Args={'value': 1315, 'prev_value': None, 'change': True}
2026-03-30 11:46:43,882 : INFO : EventManager : Event: ======'machine_var_audits_switches_s_24_trough_1'====== Args={'value': 100, 'prev_value': None, 'change': True}
2026-03-30 11:46:43,882 : INFO : EventManager : Event: ======'machine_var_audits_switches_s_25_trough_2'====== Args={'value': 94, 'prev_value': None, 'change': True}
2026-03-30 11:46:43,882 : INFO : EventManager : Event: ======'machine_var_audits_switches_s_26_trough_3'====== Args={'value': 80, 'prev_value': None, 'change': True}
2026-03-30 11:46:43,882 : INFO : EventManager : Event: ======'machine_var_audits_switches_s_27_trough_4'====== Args={'value': 71, 'prev_value': None, 'change': True}
2026-03-30 11:46:43,882 : INFO : EventManager : Event: ======'machine_var_audits_switches_s_28_trough_5'====== Args={'value': 71, 'prev_value': None, 'change': True}
2026-03-30 11:46:43,882 : INFO : EventManager : Event: ======'machine_var_audits_switches_s_29_trough_6'====== Args={'value': 85, 'prev_value': None, 'change': True}
2026-03-30 11:46:43,882 : INFO : EventManager : Event: ======'machine_var_audits_switches_s_30_trough_jam'====== Args={'value': 106, 'prev_value': None, 'change': True}
2026-03-30 11:46:43,882 : INFO : EventManager : Event: ======'machine_var_audits_switches_s_31_plunger_lane'====== Args={'value': 185, 'prev_value': None, 'change': True}
2026-03-30 11:46:43,882 : INFO : EventManager : Event: ======'machine_var_audits_switches_s_32_right_inlane'====== Args={'value': 38, 'prev_value': None, 'change': True}
2026-03-30 11:46:43,883 : INFO : EventManager : Event: ======'machine_var_audits_switches_s_33_right_outlane'====== Args={'value': 4, 'prev_value': None, 'change': True}
2026-03-30 11:46:43,883 : INFO : EventManager : Event: ======'machine_var_audits_switches_s_34_right_sling'====== Args={'value': 288, 'prev_value': None, 'change': True}
2026-03-30 11:46:43,883 : INFO : EventManager : Event: ======'machine_var_audits_switches_s_35_left_inlane'====== Args={'value': 66, 'prev_value': None, 'change': True}
2026-03-30 11:46:43,883 : INFO : EventManager : Event: ======'machine_var_audits_switches_s_36_left_outlane'====== Args={'value': 21, 'prev_value': None, 'change': True}
2026-03-30 11:46:43,883 : INFO : EventManager : Event: ======'machine_var_audits_switches_s_37_left_sling'====== Args={'value': 85, 'prev_value': None, 'change': True}
2026-03-30 11:46:43,883 : INFO : EventManager : Event: ======'machine_var_audits_switches_s_38_star_rollover_bottom'====== Args={'value': 0, 'prev_value': None, 'change': True}
2026-03-30 11:46:43,883 : INFO : EventManager : Event: ======'machine_var_audits_switches_s_39_star_rollover_top'====== Args={'value': 17, 'prev_value': None, 'change': True}
2026-03-30 11:46:43,883 : INFO : EventManager : Event: ======'machine_var_audits_switches_s_40_stand_up_target_5'====== Args={'value': 45, 'prev_value': None, 'change': True}
2026-03-30 11:46:43,883 : INFO : EventManager : Event: ======'machine_var_audits_switches_s_41_stand_up_target_6'====== Args={'value': 45, 'prev_value': None, 'change': True}
2026-03-30 11:46:43,883 : INFO : EventManager : Event: ======'machine_var_audits_switches_s_42_stand_up_target_1'====== Args={'value': 17, 'prev_value': None, 'change': True}
2026-03-30 11:46:43,883 : INFO : EventManager : Event: ======'machine_var_audits_switches_s_43_stand_up_target_4'====== Args={'value': 61, 'prev_value': None, 'change': True}
2026-03-30 11:46:43,883 : INFO : EventManager : Event: ======'machine_var_audits_switches_s_44_spinner_right'====== Args={'value': 96, 'prev_value': None, 'change': True}
2026-03-30 11:46:43,883 : INFO : EventManager : Event: ======'machine_var_audits_switches_s_56_pop_bumper_right'====== Args={'value': 89, 'prev_value': None, 'change': True}
2026-03-30 11:46:43,883 : INFO : EventManager : Event: ======'machine_var_audits_switches_s_57_pop_bumper_center'====== Args={'value': 200, 'prev_value': None, 'change': True}
2026-03-30 11:46:43,883 : INFO : EventManager : Event: ======'machine_var_audits_switches_s_58_pop_bumper_left'====== Args={'value': 267, 'prev_value': None, 'change': True}
2026-03-30 11:46:43,883 : INFO : EventManager : Event: ======'machine_var_audits_switches_s_59_saucer_right'====== Args={'value': 6, 'prev_value': None, 'change': True}
2026-03-30 11:46:43,883 : INFO : EventManager : Event: ======'machine_var_audits_switches_s_60_top_lane_c'====== Args={'value': 86, 'prev_value': None, 'change': True}
2026-03-30 11:46:43,883 : INFO : EventManager : Event: ======'machine_var_audits_switches_s_61_top_lane_b'====== Args={'value': 34, 'prev_value': None, 'change': True}
2026-03-30 11:46:43,883 : INFO : EventManager : Event: ======'machine_var_audits_switches_s_62_top_lane_a'====== Args={'value': 0, 'prev_value': None, 'change': True}
2026-03-30 11:46:43,883 : INFO : EventManager : Event: ======'machine_var_audits_switches_s_63_stand_up_target_3'====== Args={'value': 28, 'prev_value': None, 'change': True}
2026-03-30 11:46:43,883 : INFO : EventManager : Event: ======'machine_var_audits_switches_s_64_varitarget_position_1'====== Args={'value': 146, 'prev_value': None, 'change': True}
2026-03-30 11:46:43,883 : INFO : EventManager : Event: ======'machine_var_audits_switches_s_65_varitarget_position_2'====== Args={'value': 2, 'prev_value': None, 'change': True}
2026-03-30 11:46:43,884 : INFO : EventManager : Event: ======'machine_var_audits_switches_s_66_varitarget_position_3'====== Args={'value': 3, 'prev_value': None, 'change': True}
2026-03-30 11:46:43,884 : INFO : EventManager : Event: ======'machine_var_audits_switches_s_67_varitarget_position_4'====== Args={'value': 3, 'prev_value': None, 'change': True}
2026-03-30 11:46:43,884 : INFO : EventManager : Event: ======'machine_var_audits_switches_s_68_varitarget_position_5'====== Args={'value': 9, 'prev_value': None, 'change': True}
2026-03-30 11:46:43,884 : INFO : EventManager : Event: ======'machine_var_audits_switches_s_69_varitarget_position_6'====== Args={'value': 8, 'prev_value': None, 'change': True}
2026-03-30 11:46:43,884 : INFO : EventManager : Event: ======'machine_var_audits_switches_s_70_varitarget_position_7'====== Args={'value': 58, 'prev_value': None, 'change': True}
2026-03-30 11:46:43,884 : INFO : EventManager : Event: ======'machine_var_audits_switches_s_71_spinner_left'====== Args={'value': 0, 'prev_value': None, 'change': True}
2026-03-30 11:46:43,884 : INFO : EventManager : Event: ======'machine_var_audits_switches_s_72_single_drop_1'====== Args={'value': 25, 'prev_value': None, 'change': True}
2026-03-30 11:46:43,884 : INFO : EventManager : Event: ======'machine_var_audits_switches_s_73_fourbank_drop_1'====== Args={'value': 18, 'prev_value': None, 'change': True}
2026-03-30 11:46:43,884 : INFO : EventManager : Event: ======'machine_var_audits_switches_s_74_fourbank_drop_2'====== Args={'value': 24, 'prev_value': None, 'change': True}
2026-03-30 11:46:43,884 : INFO : EventManager : Event: ======'machine_var_audits_switches_s_75_fourbank_drop_3'====== Args={'value': 23, 'prev_value': None, 'change': True}
2026-03-30 11:46:43,884 : INFO : EventManager : Event: ======'machine_var_audits_switches_s_76_fourbank_drop_4'====== Args={'value': 25, 'prev_value': None, 'change': True}
2026-03-30 11:46:43,884 : INFO : EventManager : Event: ======'machine_var_audits_switches_s_77_threebank_drop_1'====== Args={'value': 36, 'prev_value': None, 'change': True}
2026-03-30 11:46:43,884 : INFO : EventManager : Event: ======'machine_var_audits_switches_s_78_threebank_drop_2'====== Args={'value': 27, 'prev_value': None, 'change': True}
2026-03-30 11:46:43,884 : INFO : EventManager : Event: ======'machine_var_audits_switches_s_79_threebank_drop_3'====== Args={'value': 16, 'prev_value': None, 'change': True}
2026-03-30 11:46:43,884 : INFO : EventManager : Event: ======'machine_var_audits_switches_s_80_stand_up_target_2'====== Args={'value': 5, 'prev_value': None, 'change': True}
2026-03-30 11:46:43,884 : INFO : EventManager : Event: ======'machine_var_audits_switches_s_81_saucer_left'====== Args={'value': 32, 'prev_value': None, 'change': True}
2026-03-30 11:46:43,884 : INFO : EventManager : Event: ======'machine_var_audits_switches_s_82_stand_up_target_bank_1'====== Args={'value': 32, 'prev_value': None, 'change': True}
2026-03-30 11:46:43,884 : INFO : EventManager : Event: ======'machine_var_audits_switches_s_83_stand_up_target_bank_2'====== Args={'value': 53, 'prev_value': None, 'change': True}
2026-03-30 11:46:43,884 : INFO : EventManager : Event: ======'machine_var_audits_switches_s_84_stand_up_target_bank_3'====== Args={'value': 34, 'prev_value': None, 'change': True}
2026-03-30 11:46:43,884 : INFO : EventManager : Event: ======'machine_var_audits_switches_s_85_stand_up_target_bank_4'====== Args={'value': 39, 'prev_value': None, 'change': True}
2026-03-30 11:46:43,884 : INFO : EventManager : Event: ======'machine_var_audits_switches_s_86_stand_up_target_bank_5'====== Args={'value': 48, 'prev_value': None, 'change': True}
2026-03-30 11:46:43,884 : INFO : EventManager : Event: ======'machine_var_audits_switches_s_87_stand_up_target_bank_6'====== Args={'value': 24, 'prev_value': None, 'change': True}
2026-03-30 11:46:43,885 : INFO : EventManager : Event: ======'init_phase_5'====== Args={}
2026-03-30 11:46:43,885 : INFO : EventManager : Event: ======'init_done'====== Args={}
2026-03-30 11:46:43,886 : INFO : EventManager : Event: ======'machine_reset_phase_1'====== Args={}
2026-03-30 11:46:43,895 : INFO : EventManager : Event: ======'machine_reset_phase_2'====== Args={}
2026-03-30 11:46:43,896 : INFO : EventManager : Event: ======'machine_reset_phase_3'====== Args={}
2026-03-30 11:46:43,896 : INFO : drop_target_bank.dt_bank_1_4 : All targets are already up. Will not reset bank.
2026-03-30 11:46:43,896 : INFO : drop_target_bank.dt_bank_5_7 : 2 targets are down. Will reset those.
2026-03-30 11:46:43,896 : INFO : coil.c_32_threebank_drop_reset : Pulsing Driver for 10ms (1.0 pulse_power)
2026-03-30 11:46:43,897 : INFO : EventManager : Event: ======'reset_complete'====== Args={}
2026-03-30 11:46:43,897 : INFO : EventManager : Event: ======'mode_attract_will_start'====== Args={}
2026-03-30 11:46:43,897 : INFO : Timer.attract_carousel_timer : Starting Timer.
2026-03-30 11:46:43,898 : INFO : EventManager : Event: ======'timer_attract_carousel_timer_started'====== Args={'ticks': 0, 'ticks_remaining': 1}
2026-03-30 11:46:43,898 : INFO : EventManager : Event: ======'timer_attract_carousel_timer_tick'====== Args={'ticks': 0, 'ticks_remaining': 1}
2026-03-30 11:46:43,898 : INFO : EventManager : Event: ======'mode_attract_starting'====== Args={}
2026-03-30 11:46:43,899 : INFO : Mode.attract : Started. Priority: 10
2026-03-30 11:46:43,899 : INFO : EventManager : Event: ======'modes_active_modes_changed'====== Args={}
2026-03-30 11:46:43,899 : INFO : EventManager : Event: ======'mode_attract_started'====== Args={}
2026-03-30 11:46:43,899 : INFO : EventManager : Event: ======'start_mode_attract_scores'====== Args={'priority': 0}
2026-03-30 11:46:43,899 : INFO : EventManager : Event: ======'start_mode_attract_credits'====== Args={'priority': 0}
2026-03-30 11:46:43,899 : ERROR : asyncio : Exception in callback DelayManager._process_delay_callback('fast_driver_39_delay', <bound method...01AA46CB97E0>>)()
handle: <TimerHandle when=11655.604000000001 DelayManager._process_delay_callback('fast_driver_39_delay', <bound method...01AA46CB97E0>>)()>
Traceback (most recent call last):
  File "C:\mpf\Lib\site-packages\mpf\core\show_controller.py", line 130, in replace_or_advance_show
    show_obj = self.machine.shows[config.name]
               ~~~~~~~~~~~~~~~~~~^^^^^^^^^^^^^
KeyError: 'lled_flash_rgb_chain_test'

During handling of the above exception, another exception occurred:

Traceback (most recent call last):
  File "C:\mpf\Lib\site-packages\mpf\core\events.py", line 755, in _run_handlers
    result = handler.callback(**merged_kwargs)
             ^^^^^^^^^^^^^^^^^^^^^^^^^^^^^^^^^
  File "C:\mpf\Lib\site-packages\mpf\core\config_player.py", line 348, in config_play_callback
    return self.play(settings=settings, context=context, calling_context=calling_context, priority=priority,
           ^^^^^^^^^^^^^^^^^^^^^^^^^^^^^^^^^^^^^^^^^^^^^^^^^^^^^^^^^^^^^^^^^^^^^^^^^^^^^^^^^^^^^^^^^^^^^^^^^
  File "C:\mpf\Lib\site-packages\mpf\config_players\show_player.py", line 60, in play
    self._update_show(show.name, show_settings, context, queue, start_time, show_tokens)
  File "C:\mpf\Lib\site-packages\mpf\config_players\show_player.py", line 225, in _update_show
    action(key, instance_dict, show_name, show_settings, queue, start_time, placeholder_args)
  File "C:\mpf\Lib\site-packages\mpf\config_players\show_player.py", line 117, in _play
    instance_dict[key] = self.machine.show_controller.replace_or_advance_show(previous_show, show_config,
                         ^^^^^^^^^^^^^^^^^^^^^^^^^^^^^^^^^^^^^^^^^^^^^^^^^^^^^^^^^^^^^^^^^^^^^^^^^^^^^^^^
  File "C:\mpf\Lib\site-packages\mpf\core\show_controller.py", line 132, in replace_or_advance_show
    raise KeyError("Cannot play show '{}'. No show with that "
KeyError: "Cannot play show 'lled_flash_rgb_chain_test'. No show with that name."

The above exception was the direct cause of the following exception:

Traceback (most recent call last):
  File "C:\Users\tl\AppData\Local\Programs\Python\Python312\Lib\asyncio\events.py", line 88, in _run
    self._context.run(self._callback, *self._args)
  File "C:\mpf\Lib\site-packages\mpf\core\delays.py", line 190, in _process_delay_callback
    self.machine.events.process_event_queue()
  File "C:\mpf\Lib\site-packages\mpf\core\events.py", line 846, in process_event_queue
    self._process_event(event=event[0],
  File "C:\mpf\Lib\site-packages\mpf\core\events.py", line 808, in _process_event
    result = self._run_handlers(event, ev_type, kwargs)
             ^^^^^^^^^^^^^^^^^^^^^^^^^^^^^^^^^^^^^^^^^^
  File "C:\mpf\Lib\site-packages\mpf\core\events.py", line 757, in _run_handlers
    raise EventHandlerException(
mpf.core.events.EventHandlerException: Exception while processing RegisteredHandler(callback=<bound method ConfigPlayer.config_play_callback of ConfigPlayer.show_player/shows>, priority=10, kwargs={'calling_context': 'mode_attract_started', 'mode': <Mode.attract>, 'settings': {lled_flash_rgb_chain_test-None-None: {'loops': -1, 'priority': 100, 'action': 'play', 'show': None, 'speed': <NativeTemplate 1.0>, 'block_queue': False, 'start_step': <NativeTemplate 1>, 'start_running': <Template True>, 'sync_ms': None, 'manual_advance': False, 'show_queue': None, 'key': None, 'show_tokens': {}, 'events_when_played': [], 'events_when_stopped': [], 'events_when_looped': [], 'events_when_paused': [], 'events_when_resumed': [], 'events_when_advanced': [], 'events_when_stepped_back': [], 'events_when_updated': [], 'events_when_completed': []}}}, key=UUID('ecdb1fdb-eefa-497e-8036-d7721b7607f2'), condition=None, blocking_facility=None) for event mode_attract_started. "Cannot play show 'lled_flash_rgb_chain_test'. No show with that name."
2026-03-30 11:46:43,919 : INFO : EventManager : Event: ======'mode_attract_scores_will_start'====== Args={'priority': 0}
2026-03-30 11:46:43,919 : INFO : Timer.attract_scores_carousel_timer : Starting Timer.
2026-03-30 11:46:43,919 : INFO : EventManager : Event: ======'timer_attract_scores_carousel_timer_started'====== Args={'ticks': 0, 'ticks_remaining': 1}
2026-03-30 11:46:43,919 : INFO : EventManager : Event: ======'timer_attract_scores_carousel_timer_tick'====== Args={'ticks': 0, 'ticks_remaining': 1}
2026-03-30 11:46:43,920 : INFO : EventManager : Event: ======'mode_attract_scores_starting'====== Args={'priority': 0}
2026-03-30 11:46:43,920 : INFO : EventManager : Event: ======'mode_attract_credits_will_start'====== Args={'priority': 0}
2026-03-30 11:46:43,920 : INFO : Timer.attract_credits_carousel_timer : Starting Timer.
2026-03-30 11:46:43,920 : INFO : EventManager : Event: ======'timer_attract_credits_carousel_timer_started'====== Args={'ticks': 0, 'ticks_remaining': 1}
2026-03-30 11:46:43,920 : INFO : EventManager : Event: ======'timer_attract_credits_carousel_timer_tick'====== Args={'ticks': 0, 'ticks_remaining': 1}
2026-03-30 11:46:43,920 : INFO : EventManager : Event: ======'mode_attract_credits_starting'====== Args={'priority': 0}
2026-03-30 11:46:43,920 : INFO : Mode.attract_credits : Will not start because machine is shutting down.
2026-03-30 11:46:43,921 : INFO : Mode.attract_scores : Will not start because machine is shutting down.
2026-03-30 11:46:43,921 : INFO : coil.c_32_threebank_drop_reset : Pulsing Driver for 10ms (1.0 pulse_power)
2026-03-30 11:46:43,922 : INFO : Machine : Starting the main run loop with active modes: [<Mode.attract>]
2026-03-30 11:46:43,923 : INFO : Machine : Shutting down...
2026-03-30 11:46:43,923 : INFO : EventManager : Event: ======'shutdown'====== Args={}
2026-03-30 11:46:43,927 : INFO : coil.c_32_threebank_drop_reset : Pulsing Driver for 10ms (1.0 pulse_power)
2026-03-30 11:46:43,952 : INFO : SwitchController : <<<<<<< 's_78_threebank_drop_2' inactive (muted) >>>>>>>
2026-03-30 11:46:43,952 : INFO : SwitchController : <<<<<<< 's_77_threebank_drop_1' inactive (muted) >>>>>>>
2026-03-30 11:46:43,967 : INFO : SwitchController : <<<<<<< 's_74_fourbank_drop_2' active >>>>>>>
2026-03-30 11:46:43,967 : INFO : EventManager : Event: ======'playfield_active'====== Args={'source': 'shot_dt_2'}
2026-03-30 11:46:43,967 : INFO : EventManager : Event: ======'unexpected_ball_on_playfield'====== Args={}
2026-03-30 11:46:43,967 : INFO : EventManager : Event: ======'playfield_active'====== Args={'source': 'dt_2'}
2026-03-30 11:46:43,967 : INFO : EventManager : Event: ======'unexpected_ball_on_playfield'====== Args={}
2026-03-30 11:46:43,967 : INFO : EventManager : Event: ======'drop_target_dt_2_down'====== Args={'device': <drop_target.dt_2>}
2026-03-30 11:46:43,967 : INFO : EventManager : Event: ======'drop_target_bank_dt_bank_1_4_mixed'====== Args={'prev_value': <DropTargetBankState.UP: 'up'>, 'down': 1}
2026-03-30 11:46:43,999 : INFO : SwitchController : <<<<<<< 's_77_threebank_drop_1' active (muted) >>>>>>>
2026-03-30 11:46:43,999 : INFO : SwitchController : <<<<<<< 's_78_threebank_drop_2' active (muted) >>>>>>>
2026-03-30 11:46:44,035 : ERROR : Machine : Runtime Exception
Traceback (most recent call last):
  File "C:\mpf\Lib\site-packages\mpf\core\show_controller.py", line 130, in replace_or_advance_show
    show_obj = self.machine.shows[config.name]
               ~~~~~~~~~~~~~~~~~~^^^^^^^^^^^^^
KeyError: 'lled_flash_rgb_chain_test'

During handling of the above exception, another exception occurred:

Traceback (most recent call last):
  File "C:\mpf\Lib\site-packages\mpf\core\events.py", line 755, in _run_handlers
    result = handler.callback(**merged_kwargs)
             ^^^^^^^^^^^^^^^^^^^^^^^^^^^^^^^^^
  File "C:\mpf\Lib\site-packages\mpf\core\config_player.py", line 348, in config_play_callback
    return self.play(settings=settings, context=context, calling_context=calling_context, priority=priority,
           ^^^^^^^^^^^^^^^^^^^^^^^^^^^^^^^^^^^^^^^^^^^^^^^^^^^^^^^^^^^^^^^^^^^^^^^^^^^^^^^^^^^^^^^^^^^^^^^^^
  File "C:\mpf\Lib\site-packages\mpf\config_players\show_player.py", line 60, in play
    self._update_show(show.name, show_settings, context, queue, start_time, show_tokens)
  File "C:\mpf\Lib\site-packages\mpf\config_players\show_player.py", line 225, in _update_show
    action(key, instance_dict, show_name, show_settings, queue, start_time, placeholder_args)
  File "C:\mpf\Lib\site-packages\mpf\config_players\show_player.py", line 117, in _play
    instance_dict[key] = self.machine.show_controller.replace_or_advance_show(previous_show, show_config,
                         ^^^^^^^^^^^^^^^^^^^^^^^^^^^^^^^^^^^^^^^^^^^^^^^^^^^^^^^^^^^^^^^^^^^^^^^^^^^^^^^^
  File "C:\mpf\Lib\site-packages\mpf\core\show_controller.py", line 132, in replace_or_advance_show
    raise KeyError("Cannot play show '{}'. No show with that "
KeyError: "Cannot play show 'lled_flash_rgb_chain_test'. No show with that name."

The above exception was the direct cause of the following exception:

Traceback (most recent call last):
  File "C:\mpf\Lib\site-packages\mpf\core\machine.py", line 810, in _run_loop
    raise self._exception['exception']
  File "C:\Users\tl\AppData\Local\Programs\Python\Python312\Lib\asyncio\events.py", line 88, in _run
    self._context.run(self._callback, *self._args)
  File "C:\mpf\Lib\site-packages\mpf\core\delays.py", line 190, in _process_delay_callback
    self.machine.events.process_event_queue()
  File "C:\mpf\Lib\site-packages\mpf\core\events.py", line 846, in process_event_queue
    self._process_event(event=event[0],
  File "C:\mpf\Lib\site-packages\mpf\core\events.py", line 808, in _process_event
    result = self._run_handlers(event, ev_type, kwargs)
             ^^^^^^^^^^^^^^^^^^^^^^^^^^^^^^^^^^^^^^^^^^
  File "C:\mpf\Lib\site-packages\mpf\core\events.py", line 757, in _run_handlers
    raise EventHandlerException(
mpf.core.events.EventHandlerException: Exception while processing RegisteredHandler(callback=<bound method ConfigPlayer.config_play_callback of ConfigPlayer.show_player/shows>, priority=10, kwargs={'calling_context': 'mode_attract_started', 'mode': <Mode.attract>, 'settings': {lled_flash_rgb_chain_test-None-None: {'loops': -1, 'priority': 100, 'action': 'play', 'show': None, 'speed': <NativeTemplate 1.0>, 'block_queue': False, 'start_step': <NativeTemplate 1>, 'start_running': <Template True>, 'sync_ms': None, 'manual_advance': False, 'show_queue': None, 'key': None, 'show_tokens': {}, 'events_when_played': [], 'events_when_stopped': [], 'events_when_looped': [], 'events_when_paused': [], 'events_when_resumed': [], 'events_when_advanced': [], 'events_when_stepped_back': [], 'events_when_updated': [], 'events_when_completed': []}}}, key=UUID('ecdb1fdb-eefa-497e-8036-d7721b7607f2'), condition=None, blocking_facility=None) for event mode_attract_started. "Cannot play show 'lled_flash_rgb_chain_test'. No show with that name."
2026-03-30 11:46:44,039 : INFO : root : MPF run loop ended.
