2026-02-11 10:36:04,192 : INFO : root : Loading config.
2026-02-11 10:36:04,195 : INFO : YamlMultifileConfigLoader : Machine config file #1: config.yaml
2026-02-11 10:36:04,196 : INFO : ConfigProcessor : Loading config from cache: C:\Users\tl\AppData\Local\Temp\86f932e179f318f5dae29f066573dee9.mpf_cache
2026-02-11 10:36:04,197 : WARNING : ConfigProcessor : Config file in cache changed: C:\Users\tl\Documents\tl-pinball\config\device_config_lights_led.yaml
2026-02-11 10:36:04,198 : INFO : ConfigProcessor : Loading config from file C:\mpf\Lib\site-packages\mpf\mpfconfig.yaml.
2026-02-11 10:36:04,198 : DEBUG : YAML File Interface : Loading file: C:\mpf\Lib\site-packages\mpf\mpfconfig.yaml
2026-02-11 10:36:04,210 : INFO : ConfigProcessor : Loading config: C:\mpf\Lib\site-packages\mpf\mpfconfig.yaml
2026-02-11 10:36:04,210 : INFO : ConfigProcessor : Loading config from file C:\Users\tl\Documents\tl-pinball\config\config.yaml.
2026-02-11 10:36:04,210 : DEBUG : YAML File Interface : Loading file: C:\Users\tl\Documents\tl-pinball\config\config.yaml
2026-02-11 10:36:04,212 : INFO : ConfigProcessor : Loading config: C:\Users\tl\Documents\tl-pinball\config\config.yaml
2026-02-11 10:36:04,213 : DEBUG : YAML File Interface : Loading file: C:\Users\tl\Documents\tl-pinball\config\config_ball_devices.yaml
2026-02-11 10:36:04,214 : INFO : ConfigProcessor : Loading config: C:\Users\tl\Documents\tl-pinball\config\config_ball_devices.yaml
2026-02-11 10:36:04,214 : DEBUG : YAML File Interface : Loading file: C:\Users\tl\Documents\tl-pinball\config\device_config_lights_led.yaml
2026-02-11 10:36:04,247 : INFO : ConfigProcessor : Loading config: C:\Users\tl\Documents\tl-pinball\config\device_config_lights_led.yaml
2026-02-11 10:36:04,249 : DEBUG : YAML File Interface : Loading file: C:\Users\tl\Documents\tl-pinball\config\device_config_game.yaml
2026-02-11 10:36:04,251 : INFO : ConfigProcessor : Loading config: C:\Users\tl\Documents\tl-pinball\config\device_config_game.yaml
2026-02-11 10:36:04,253 : DEBUG : YAML File Interface : Loading file: C:\Users\tl\Documents\tl-pinball\config\device_config_iomap.yaml
2026-02-11 10:36:04,258 : INFO : ConfigProcessor : Loading config: C:\Users\tl\Documents\tl-pinball\config\device_config_iomap.yaml
2026-02-11 10:36:04,260 : DEBUG : YAML File Interface : Loading file: C:\Users\tl\Documents\tl-pinball\config\device_config_iomap_coils.yaml
2026-02-11 10:36:04,263 : INFO : ConfigProcessor : Loading config: C:\Users\tl\Documents\tl-pinball\config\device_config_iomap_coils.yaml
2026-02-11 10:36:04,268 : INFO : ConfigProcessor : Config file cache created: C:\Users\tl\AppData\Local\Temp\86f932e179f318f5dae29f066573dee9.mpf_cache
2026-02-11 10:36:04,357 : DEBUG : YamlMultifileConfigLoader : Loading mode attract from C:\mpf\Lib\site-packages\mpf\modes\attract\config\attract.yaml
2026-02-11 10:36:04,357 : DEBUG : YamlMultifileConfigLoader : Loading mode attract from C:\mpf\Lib\site-packages\mpf\modes\attract\config\attract.yaml
2026-02-11 10:36:04,358 : WARNING : ConfigProcessor : Config file in cache changed: C:\Users\tl\Documents\tl-pinball\modes\attract\config\attract.yaml
2026-02-11 10:36:04,358 : INFO : ConfigProcessor : Loading config from file C:\mpf\Lib\site-packages\mpf\modes\attract\config\attract.yaml.
2026-02-11 10:36:04,358 : DEBUG : YAML File Interface : Loading file: C:\mpf\Lib\site-packages\mpf\modes\attract\config\attract.yaml
2026-02-11 10:36:04,359 : INFO : ConfigProcessor : Loading config: C:\mpf\Lib\site-packages\mpf\modes\attract\config\attract.yaml
2026-02-11 10:36:04,359 : INFO : ConfigProcessor : Loading config from file C:\Users\tl\Documents\tl-pinball\modes\attract\config\attract.yaml.
2026-02-11 10:36:04,359 : DEBUG : YAML File Interface : Loading file: C:\Users\tl\Documents\tl-pinball\modes\attract\config\attract.yaml
2026-02-11 10:36:04,360 : INFO : ConfigProcessor : Loading config: C:\Users\tl\Documents\tl-pinball\modes\attract\config\attract.yaml
2026-02-11 10:36:04,361 : INFO : ConfigProcessor : Config file cache created: C:\Users\tl\AppData\Local\Temp\5e7e3dd8e04e0aa46ea76018297218da.mpf_cache
2026-02-11 10:36:04,361 : DEBUG : YamlMultifileConfigLoader : Loading mode game from C:\mpf\Lib\site-packages\mpf\modes\game\config\game.yaml
2026-02-11 10:36:04,362 : INFO : ConfigProcessor : Loading config from cache: C:\Users\tl\AppData\Local\Temp\af6ad0dab2f43bd9cbdac83e0b2786ac.mpf_cache
2026-02-11 10:36:04,362 : DEBUG : YamlMultifileConfigLoader : Loading mode attract from C:\mpf\Lib\site-packages\mpf\modes\attract\config\attract.yaml
2026-02-11 10:36:04,363 : DEBUG : YamlMultifileConfigLoader : Loading mode attract from C:\mpf\Lib\site-packages\mpf\modes\attract\config\attract.yaml
2026-02-11 10:36:04,363 : INFO : ConfigProcessor : Loading config from cache: C:\Users\tl\AppData\Local\Temp\5e7e3dd8e04e0aa46ea76018297218da.mpf_cache
2026-02-11 10:36:04,365 : WARNING : ConfigProcessor : Config file in cache changed: C:\Users\tl\Documents\tl-pinball\shows\.\attract_lightshows_loop_test.yaml
2026-02-11 10:36:04,365 : INFO : ConfigProcessor : Loading config from file C:\Users\tl\Documents\tl-pinball\shows\.\attract_lightshows_loop_test.yaml.
2026-02-11 10:36:04,365 : DEBUG : YAML File Interface : Loading file: C:\Users\tl\Documents\tl-pinball\shows\.\attract_lightshows_loop_test.yaml
2026-02-11 10:36:04,369 : INFO : ConfigProcessor : Loading config: C:\Users\tl\Documents\tl-pinball\shows\.\attract_lightshows_loop_test.yaml
2026-02-11 10:36:04,369 : INFO : ConfigProcessor : Config file cache created: C:\Users\tl\AppData\Local\Temp\8e03a0223b8d1c0ca013681033326f0c.mpf_cache
2026-02-11 10:36:04,370 : INFO : ConfigProcessor : Loading config from cache: C:\Users\tl\AppData\Local\Temp\5087cf1b7abc06e96886e5988e0fc677.mpf_cache
2026-02-11 10:36:04,370 : INFO : ConfigProcessor : Loading config from cache: C:\Users\tl\AppData\Local\Temp\fa471351b89d1f3e25f91fc9913c9796.mpf_cache
2026-02-11 10:36:04,371 : INFO : ConfigProcessor : Loading config from cache: C:\Users\tl\AppData\Local\Temp\5571cab4eb1786965a59407287d5fe45.mpf_cache
2026-02-11 10:36:04,372 : INFO : ConfigProcessor : Loading config from cache: C:\Users\tl\AppData\Local\Temp\271c9b515d768458308058303b47c39a.mpf_cache
2026-02-11 10:36:04,373 : INFO : ConfigProcessor : Loading config from cache: C:\Users\tl\AppData\Local\Temp\cd67e5858d9a4eed8e637ab852052284.mpf_cache
2026-02-11 10:36:04,373 : WARNING : ConfigProcessor : Config file in cache changed: C:\Users\tl\Documents\tl-pinball\shows\.\output7.yaml
2026-02-11 10:36:04,373 : INFO : ConfigProcessor : Loading config from file C:\Users\tl\Documents\tl-pinball\shows\.\output7.yaml.
2026-02-11 10:36:04,373 : DEBUG : YAML File Interface : Loading file: C:\Users\tl\Documents\tl-pinball\shows\.\output7.yaml
2026-02-11 10:36:04,379 : INFO : ConfigProcessor : Loading config: C:\Users\tl\Documents\tl-pinball\shows\.\output7.yaml
2026-02-11 10:36:04,379 : INFO : ConfigProcessor : Config file cache created: C:\Users\tl\AppData\Local\Temp\5d4a31ba12353a8d97b779019117e810.mpf_cache
2026-02-11 10:36:04,380 : INFO : Machine : Mission Pinball Framework Core Engine v0.80.0.dev12
2026-02-11 10:36:04,380 : INFO : Machine : Command line arguments: {'no_load_cache': False, 'create_config_cache': True, 'bcp': False, 'configfile': ['config.yaml'], 'force_assets_load': True, 'platform_integration_test': False, 'jsonlogging': False, 'logfile': 'logs\\2026-02-11-10-36-04-mpf-DESKTOP-HV85DRD.log', 'pause': False, 'production': False, 'text_ui': False, 'loglevel': 10, 'consoleloglevel': 20, 'force_platform': None, 'syslog_address': None, 'full_logfile_path': 'C:\\Users\\tl\\Documents\\tl-pinball\\logs\\2026-02-11-10-36-04-mpf-DESKTOP-HV85DRD.log'}
2026-02-11 10:36:04,380 : INFO : Machine : MPF path: C:\mpf\Lib\site-packages\mpf
2026-02-11 10:36:04,380 : INFO : Machine : Machine path: C:\Users\tl\Documents\tl-pinball
2026-02-11 10:36:04,380 : INFO : Machine : Platform: win32
2026-02-11 10:36:04,380 : INFO : Machine : Python executable location: C:\mpf\Scripts\python.exe
2026-02-11 10:36:04,380 : INFO : Machine : Python version: 3.12.7 (64-bit)
2026-02-11 10:36:04,381 : DEBUG : asyncio : Using proactor: IocpProactor
2026-02-11 10:36:04,382 : INFO : Machine : Initializing MPF...
2026-02-11 10:36:04,482 : DEBUG : TextUi : Text UI is disabled. TUI option setting: False, Asciimatics loaded: <class 'asciimatics.scene.Scene'>
2026-02-11 10:36:04,494 : INFO : FAST : Auto-detecting ports for the following connections: ['net', 'exp']
2026-02-11 10:36:04,503 : DEBUG : FAST : Port COM3 is connected to a FAST Neuron Controller.
2026-02-11 10:36:04,503 : DEBUG : FAST : Port COM5 is connected to a FAST Neuron Controller.
2026-02-11 10:36:04,503 : DEBUG : FAST : Port COM4 is connected to a FAST Neuron Controller.
2026-02-11 10:36:04,532 : INFO : FAST : Detected EXP on port COM5
2026-02-11 10:36:04,532 : INFO : FAST : Detected NET on port COM4
2026-02-11 10:36:04,645 : INFO : FAST [NET] : Trying to connect to COM4 at 921600bps
2026-02-11 10:36:04,649 : INFO : FAST [NET] : Connected to COM4 at 921600bps
2026-02-11 10:36:04,676 : INFO : FAST [NET] : Connected to FP-CPU-2000 with firmware v02.26
2026-02-11 10:36:04,708 : INFO : FAST [NET] : Registered I/O Board 0: Model: FP-I/O-0804, Firmware: 01.10, Switches: 8, Drivers: 4
2026-02-11 10:36:04,724 : INFO : FAST [NET] : Registered I/O Board 1: Model: FP-I/O-1616, Firmware: 01.10, Switches: 16, Drivers: 16
2026-02-11 10:36:04,740 : INFO : FAST [NET] : Registered I/O Board 2: Model: FP-I/O-3208, Firmware: 01.10, Switches: 32, Drivers: 8
2026-02-11 10:36:04,756 : INFO : FAST [NET] : Registered I/O Board 3: Model: FP-I/O-1616, Firmware: 01.10, Switches: 16, Drivers: 16
2026-02-11 10:36:04,758 : INFO : FAST [EXP] : Trying to connect to COM5 at 921600bps
2026-02-11 10:36:04,763 : INFO : FAST [EXP] : Connected to COM5 at 921600bps
2026-02-11 10:36:04,763 : DEBUG : FAST [EXP] : Creating FAST Expansion Board "ledneuron" (FP-EXP-2000 Address: 48)
2026-02-11 10:36:04,763 : DEBUG : FAST [EXP] : Creating FAST Breakout Board 0 on EXP "ledneuron" (FP-EXP-2000, @48)
2026-02-11 10:36:04,772 : INFO : FAST [EXP] : Verifying hardware for EXP "ledneuron" (FP-EXP-2000, @48) with ID string "EXP FP-EXP-2000  0.42", board address 48
2026-02-11 10:36:04,788 : INFO : FAST [EXP] : Verifying hardware for EXP "ledneuron" (FP-EXP-2000, @48) with ID string "BRK FP-EXP-2000  0.42", board address 480
2026-02-11 10:36:08,938 : INFO : Machine : Starting the main run loop with active modes: []
2026-02-11 10:36:08,939 : ERROR : root : 'attract'
Traceback (most recent call last):
  File "C:\mpf\Lib\site-packages\mpf\commands\game.py", line 229, in __init__
    self.machine.run()
  File "C:\mpf\Lib\site-packages\mpf\core\machine.py", line 703, in run
    if not self.modes['attract'] in self.mode_controller.active_modes:
           ~~~~~~~~~~^^^^^^^^^^^
KeyError: 'attract'
