2026-03-25 14:25:57,636 : INFO : root : Loading config.
2026-03-25 14:25:57,640 : INFO : YamlMultifileConfigLoader : Machine config file #1: config.yaml
2026-03-25 14:25:57,641 : INFO : ConfigProcessor : Loading config from cache: C:\Users\tl\AppData\Local\Temp\86f932e179f318f5dae29f066573dee9.mpf_cache
2026-03-25 14:25:57,749 : INFO : ConfigProcessor : Loading config from cache: C:\Users\tl\AppData\Local\Temp\5e7e3dd8e04e0aa46ea76018297218da.mpf_cache
2026-03-25 14:25:57,749 : INFO : ConfigProcessor : Loading config from cache: C:\Users\tl\AppData\Local\Temp\af6ad0dab2f43bd9cbdac83e0b2786ac.mpf_cache
2026-03-25 14:25:57,750 : INFO : ConfigProcessor : Loading config from cache: C:\Users\tl\AppData\Local\Temp\5e7e3dd8e04e0aa46ea76018297218da.mpf_cache
2026-03-25 14:25:57,751 : INFO : ConfigProcessor : Loading config from cache: C:\Users\tl\AppData\Local\Temp\078e3f4c59f1cd1bf0ff8685cc9e7ff5.mpf_cache
2026-03-25 14:25:57,752 : INFO : ConfigProcessor : Loading config from cache: C:\Users\tl\AppData\Local\Temp\279434e09bc5e8b073f441f36778b3c5.mpf_cache
2026-03-25 14:25:57,752 : INFO : ConfigProcessor : Loading config from cache: C:\Users\tl\AppData\Local\Temp\f7ef3217062c4a128670875e2cb05ce9.mpf_cache
2026-03-25 14:25:57,753 : INFO : ConfigProcessor : Loading config from cache: C:\Users\tl\AppData\Local\Temp\354636526653009b6f35f36c4dc3e189.mpf_cache
2026-03-25 14:25:57,754 : INFO : ConfigProcessor : Loading config from cache: C:\Users\tl\AppData\Local\Temp\b41aec6702196d0bd650320fa331266f.mpf_cache
2026-03-25 14:25:57,755 : INFO : ConfigProcessor : Loading config from cache: C:\Users\tl\AppData\Local\Temp\a951eeea2c167365e5a009cce33f51d8.mpf_cache
2026-03-25 14:25:57,755 : INFO : ConfigProcessor : Loading config from cache: C:\Users\tl\AppData\Local\Temp\f020dca9eec5e09763b9289397e6c32f.mpf_cache
2026-03-25 14:25:57,756 : INFO : ConfigProcessor : Loading config from cache: C:\Users\tl\AppData\Local\Temp\edce5a74ebf86ee6330810859c361ede.mpf_cache
2026-03-25 14:25:57,757 : INFO : ConfigProcessor : Loading config from cache: C:\Users\tl\AppData\Local\Temp\7c825e76f3d981841c3099d018a06a8f.mpf_cache
2026-03-25 14:25:57,758 : INFO : ConfigProcessor : Loading config from cache: C:\Users\tl\AppData\Local\Temp\4c1252d1f04cb61ecc91110937cfd225.mpf_cache
2026-03-25 14:25:57,759 : INFO : ConfigProcessor : Loading config from cache: C:\Users\tl\AppData\Local\Temp\8d6d681afe5a7b6e9186321cd98f18ca.mpf_cache
2026-03-25 14:25:57,760 : INFO : Machine : Mission Pinball Framework Core Engine v0.80.0.dev12
2026-03-25 14:25:57,760 : INFO : Machine : Command line arguments: {'no_load_cache': False, 'create_config_cache': True, 'bcp': True, 'configfile': ['config.yaml'], 'force_assets_load': False, 'platform_integration_test': False, 'jsonlogging': False, 'logfile': 'logs\\2026-03-25-14-25-57-mpf-DESKTOP-HV85DRD.log', 'pause': False, 'production': False, 'text_ui': False, 'loglevel': 15, 'consoleloglevel': 20, 'force_platform': None, 'syslog_address': None, 'full_logfile_path': 'C:\\Users\\tl\\Documents\\tl-pinball\\logs\\2026-03-25-14-25-57-mpf-DESKTOP-HV85DRD.log'}
2026-03-25 14:25:57,760 : INFO : Machine : MPF path: C:\mpf\Lib\site-packages\mpf
2026-03-25 14:25:57,760 : INFO : Machine : Machine path: C:\Users\tl\Documents\tl-pinball
2026-03-25 14:25:57,760 : INFO : Machine : Platform: win32
2026-03-25 14:25:57,760 : INFO : Machine : Python executable location: C:\mpf\Scripts\python.exe
2026-03-25 14:25:57,760 : INFO : Machine : Python version: 3.12.7 (64-bit)
2026-03-25 14:25:57,763 : INFO : Machine : Initializing MPF...
2026-03-25 14:25:57,872 : INFO : FAST [NET] : Trying to connect to COM4 at 921600bps
2026-03-25 14:25:57,877 : INFO : FAST [NET] : Connected to COM4 at 921600bps
2026-03-25 14:25:57,881 : INFO : FAST [NET] : Connected to FP-CPU-2000 with firmware v02.26
2026-03-25 14:25:57,913 : INFO : FAST [NET] : Registered I/O Board 0: Model: FP-I/O-0024, Firmware: 01.10, Switches: 24, Drivers: 8
2026-03-25 14:25:57,929 : INFO : FAST [NET] : Registered I/O Board 1: Model: FP-I/O-1616, Firmware: 01.10, Switches: 16, Drivers: 16
2026-03-25 14:25:57,945 : INFO : FAST [NET] : Registered I/O Board 2: Model: FP-I/O-3208, Firmware: 01.10, Switches: 32, Drivers: 8
2026-03-25 14:25:57,961 : INFO : FAST [NET] : Registered I/O Board 3: Model: FP-I/O-1616, Firmware: 01.10, Switches: 16, Drivers: 16
2026-03-25 14:25:57,964 : INFO : FAST [EXP] : Trying to connect to COM5 at 921600bps
2026-03-25 14:25:57,968 : INFO : FAST [EXP] : Connected to COM5 at 921600bps
2026-03-25 14:25:57,977 : INFO : FAST [EXP] : Verifying hardware for EXP "ledneuron" (FP-EXP-2000, @48) with ID string "EXP FP-EXP-2000  0.42", board address 48
2026-03-25 14:25:57,993 : INFO : FAST [EXP] : Verifying hardware for EXP "ledneuron" (FP-EXP-2000, @48) with ID string "BRK FP-EXP-2000  0.42", board address 480
2026-03-25 14:25:58,025 : INFO : FAST [EXP] : Verifying hardware for EXP "ledpf1" (FP-EXP-0081, @84) with ID string "EXP FP-EXP-0081  0.38", board address 84
2026-03-25 14:25:58,041 : INFO : FAST [EXP] : Verifying hardware for EXP "ledpf1" (FP-EXP-0081, @84) with ID string "BRK FP-EXP-0081  0.38", board address 840
2026-03-25 14:25:58,057 : INFO : FAST [EXP] : Verifying hardware for EXP "ledpf1" (FP-EXP-0081, @84) with ID string "BRK FP-EXP-0081  0.38", board address 841
2026-03-25 14:25:58,073 : INFO : EventManager : Event: ======'machine_var_credits_string'====== Args={'value': 'FREE PLAY', 'prev_value': None, 'change': True}
2026-03-25 14:25:58,098 : INFO : EventManager : Event: ======'machine_var_master_volume'====== Args={'value': 0.5, 'prev_value': None, 'change': True}
2026-03-25 14:25:58,098 : INFO : EventManager : Event: ======'machine_var_player1_score'====== Args={'value': 1000000, 'prev_value': None, 'change': True}
2026-03-25 14:25:58,098 : INFO : EventManager : Event: ======'machine_var_last_game_score'====== Args={'value': 0, 'prev_value': None, 'change': True}
2026-03-25 14:25:58,098 : INFO : EventManager : Event: ======'machine_var_mpf_version'====== Args={'value': 'Mission Pinball Framework v0.80.0.dev12', 'prev_value': None, 'change': True}
2026-03-25 14:25:58,098 : INFO : EventManager : Event: ======'machine_var_mpf_extended_version'====== Args={'value': 'Mission Pinball Framework v0.80.0.dev12, Config version:6, Show version: 6, BCP version:1.1', 'prev_value': None, 'change': True}
2026-03-25 14:25:58,098 : INFO : EventManager : Event: ======'machine_var_python_version'====== Args={'value': '3.12.7', 'prev_value': None, 'change': True}
2026-03-25 14:25:58,124 : INFO : EventManager : Event: ======'machine_var_platform'====== Args={'value': 'Windows-10-10.0.19044-SP0', 'prev_value': None, 'change': True}
2026-03-25 14:25:58,124 : INFO : EventManager : Event: ======'machine_var_platform_system'====== Args={'value': 'Windows', 'prev_value': None, 'change': True}
2026-03-25 14:25:58,124 : INFO : EventManager : Event: ======'machine_var_platform_release'====== Args={'value': '10', 'prev_value': None, 'change': True}
2026-03-25 14:25:58,124 : INFO : EventManager : Event: ======'machine_var_platform_version'====== Args={'value': '10.0.19044', 'prev_value': None, 'change': True}
2026-03-25 14:25:58,124 : INFO : EventManager : Event: ======'machine_var_platform_machine'====== Args={'value': 'AMD64', 'prev_value': None, 'change': True}
2026-03-25 14:25:58,124 : INFO : EventManager : Event: ======'machine_var_log_file_path'====== Args={'value': 'C:\\Users\\tl\\Documents\\tl-pinball\\logs\\2026-03-25-14-25-57-mpf-DESKTOP-HV85DRD.log', 'prev_value': None, 'change': True}
2026-03-25 14:25:58,124 : INFO : EventManager : Event: ======'init_phase_1'====== Args={}
2026-03-25 14:25:58,167 : INFO : EventManager : Event: ======'drop_target_bank_dt_bank_1_4_up'====== Args={}
2026-03-25 14:25:58,167 : INFO : EventManager : Event: ======'drop_target_bank_dt_bank_5_7_up'====== Args={}
2026-03-25 14:26:00,767 : INFO : SwitchController : <<<<<<< 's_24_trough_1' active >>>>>>>
2026-03-25 14:26:00,767 : INFO : SwitchController : <<<<<<< 's_64_varitarget_position_1' active >>>>>>>
2026-03-25 14:26:00,767 : INFO : SwitchController : <<<<<<< 's_69_varitarget_position_6' active >>>>>>>
2026-03-25 14:26:00,767 : INFO : SwitchController : <<<<<<< 's_71_spinner_left' active >>>>>>>
2026-03-25 14:26:00,818 : INFO : EventManager : Event: ======'init_phase_2'====== Args={}
2026-03-25 14:26:00,818 : INFO : SwitchController : Found active switch: (40, [FAST Platform Interface]) <switch.s_24_trough_1>
2026-03-25 14:26:00,818 : INFO : SwitchController : Found active switch: (32, [FAST Platform Interface]) <switch.s_64_varitarget_position_1>
2026-03-25 14:26:00,818 : INFO : SwitchController : Found active switch: (37, [FAST Platform Interface]) <switch.s_69_varitarget_position_6>
2026-03-25 14:26:00,819 : INFO : SwitchController : Found active switch: (39, [FAST Platform Interface]) <switch.s_71_spinner_left>
2026-03-25 14:26:00,838 : INFO : EventManager : Event: ======'machine_var_score1_label'====== Args={'value': 'GRAND CHAMPION', 'prev_value': None, 'change': True}
2026-03-25 14:26:00,839 : INFO : EventManager : Event: ======'machine_var_score1_name'====== Args={'value': 'AAA', 'prev_value': None, 'change': True}
2026-03-25 14:26:00,839 : INFO : EventManager : Event: ======'machine_var_score1_value'====== Args={'value': 1550789, 'prev_value': None, 'change': True}
2026-03-25 14:26:00,839 : INFO : EventManager : Event: ======'machine_var_score2_label'====== Args={'value': 'HIGH SCORE 1', 'prev_value': None, 'change': True}
2026-03-25 14:26:00,839 : INFO : EventManager : Event: ======'machine_var_score2_name'====== Args={'value': 'YYY', 'prev_value': None, 'change': True}
2026-03-25 14:26:00,839 : INFO : EventManager : Event: ======'machine_var_score2_value'====== Args={'value': 1500403, 'prev_value': None, 'change': True}
2026-03-25 14:26:00,839 : INFO : EventManager : Event: ======'machine_var_score3_label'====== Args={'value': 'HIGH SCORE 2', 'prev_value': None, 'change': True}
2026-03-25 14:26:00,839 : INFO : EventManager : Event: ======'machine_var_score3_name'====== Args={'value': 'CCC', 'prev_value': None, 'change': True}
2026-03-25 14:26:00,839 : INFO : EventManager : Event: ======'machine_var_score3_value'====== Args={'value': 1500336, 'prev_value': None, 'change': True}
2026-03-25 14:26:00,839 : INFO : EventManager : Event: ======'machine_var_score4_label'====== Args={'value': 'HIGH SCORE 3', 'prev_value': None, 'change': True}
2026-03-25 14:26:00,839 : INFO : EventManager : Event: ======'machine_var_score4_name'====== Args={'value': 'AAA', 'prev_value': None, 'change': True}
2026-03-25 14:26:00,839 : INFO : EventManager : Event: ======'machine_var_score4_value'====== Args={'value': 1500042, 'prev_value': None, 'change': True}
2026-03-25 14:26:00,839 : INFO : EventManager : Event: ======'machine_var_score5_label'====== Args={'value': 'HIGH SCORE 4', 'prev_value': None, 'change': True}
2026-03-25 14:26:00,839 : INFO : EventManager : Event: ======'machine_var_score5_name'====== Args={'value': 'DEE', 'prev_value': None, 'change': True}
2026-03-25 14:26:00,839 : INFO : EventManager : Event: ======'machine_var_score5_value'====== Args={'value': 1500042, 'prev_value': None, 'change': True}
2026-03-25 14:26:00,840 : INFO : EventManager : Event: ======'bcp_connection_attempt'====== Args={'name': 'local_display', 'host': 'localhost', 'port': 5050}
2026-03-25 14:26:00,842 : INFO : BCPClientSocket : Connecting BCP to 'local_display' at localhost:5050...
2026-03-25 14:26:00,853 : INFO : BCPClientSocket : Connected BCP to 'local_display' localhost:5050
2026-03-25 14:26:00,854 : INFO : EventManager : Event: ======'bcp_clients_connected'====== Args={}
2026-03-25 14:26:00,855 : INFO : ball_device.bd_plunger : BCH: Initial count: 0
2026-03-25 14:26:00,855 : INFO : ball_device.bd_plunger : State: idle
2026-03-25 14:26:01,257 : INFO : ball_device.bd_trough : BCH: Initial count: 1
2026-03-25 14:26:01,257 : INFO : ball_device.bd_trough : State: idle
2026-03-25 14:26:01,258 : INFO : ball_device.bd_left_vuk : BCH: Initial count: 0
2026-03-25 14:26:01,258 : INFO : ball_device.bd_left_vuk : State: idle
2026-03-25 14:26:01,259 : INFO : ball_device.bd_right_vuk : BCH: Initial count: 0
2026-03-25 14:26:01,259 : INFO : ball_device.bd_right_vuk : State: idle
2026-03-25 14:26:01,284 : INFO : EventManager : Event: ======'init_phase_3'====== Args={}
2026-03-25 14:26:01,286 : INFO : EventManager : Event: ======'init_phase_4'====== Args={}
2026-03-25 14:26:01,286 : INFO : BallController : Initial balls found: 1
2026-03-25 14:26:01,287 : INFO : EventManager : Event: ======'machine_var_audits_events_game_ended'====== Args={'value': 12, 'prev_value': None, 'change': True}
2026-03-25 14:26:01,288 : INFO : EventManager : Event: ======'machine_var_audits_events_game_started'====== Args={'value': 19, 'prev_value': None, 'change': True}
2026-03-25 14:26:01,288 : INFO : EventManager : Event: ======'machine_var_audits_missing_switches_s_00_service_esc'====== Args={'value': 19, 'prev_value': None, 'change': True}
2026-03-25 14:26:01,288 : INFO : EventManager : Event: ======'machine_var_audits_missing_switches_s_01_service_up'====== Args={'value': 19, 'prev_value': None, 'change': True}
2026-03-25 14:26:01,288 : INFO : EventManager : Event: ======'machine_var_audits_missing_switches_s_02_service_down'====== Args={'value': 19, 'prev_value': None, 'change': True}
2026-03-25 14:26:01,288 : INFO : EventManager : Event: ======'machine_var_audits_missing_switches_s_03_service_enter'====== Args={'value': 19, 'prev_value': None, 'change': True}
2026-03-25 14:26:01,288 : INFO : EventManager : Event: ======'machine_var_audits_missing_switches_s_11_start_button'====== Args={'value': 6, 'prev_value': None, 'change': True}
2026-03-25 14:26:01,288 : INFO : EventManager : Event: ======'machine_var_audits_missing_switches_s_32_right_inlane'====== Args={'value': 12, 'prev_value': None, 'change': True}
2026-03-25 14:26:01,288 : INFO : EventManager : Event: ======'machine_var_audits_missing_switches_s_33_right_outlane'====== Args={'value': 19, 'prev_value': None, 'change': True}
2026-03-25 14:26:01,288 : INFO : EventManager : Event: ======'machine_var_audits_missing_switches_s_34_right_sling'====== Args={'value': 1, 'prev_value': None, 'change': True}
2026-03-25 14:26:01,288 : INFO : EventManager : Event: ======'machine_var_audits_missing_switches_s_35_left_inlane'====== Args={'value': 14, 'prev_value': None, 'change': True}
2026-03-25 14:26:01,288 : INFO : EventManager : Event: ======'machine_var_audits_missing_switches_s_36_left_outlane'====== Args={'value': 11, 'prev_value': None, 'change': True}
2026-03-25 14:26:01,288 : INFO : EventManager : Event: ======'machine_var_audits_missing_switches_s_37_left_sling'====== Args={'value': 1, 'prev_value': None, 'change': True}
2026-03-25 14:26:01,288 : INFO : EventManager : Event: ======'machine_var_audits_missing_switches_s_38_star_rollover_bottom'====== Args={'value': 19, 'prev_value': None, 'change': True}
2026-03-25 14:26:01,288 : INFO : EventManager : Event: ======'machine_var_audits_missing_switches_s_39_star_rollover_top'====== Args={'value': 19, 'prev_value': None, 'change': True}
2026-03-25 14:26:01,288 : INFO : EventManager : Event: ======'machine_var_audits_missing_switches_s_40_stand_up_target_5'====== Args={'value': 1, 'prev_value': None, 'change': True}
2026-03-25 14:26:01,288 : INFO : EventManager : Event: ======'machine_var_audits_missing_switches_s_41_stand_up_target_6'====== Args={'value': 10, 'prev_value': None, 'change': True}
2026-03-25 14:26:01,288 : INFO : EventManager : Event: ======'machine_var_audits_missing_switches_s_42_stand_up_target_1'====== Args={'value': 11, 'prev_value': None, 'change': True}
2026-03-25 14:26:01,288 : INFO : EventManager : Event: ======'machine_var_audits_missing_switches_s_43_stand_up_target_4'====== Args={'value': 19, 'prev_value': None, 'change': True}
2026-03-25 14:26:01,289 : INFO : EventManager : Event: ======'machine_var_audits_missing_switches_s_44_spinner_right'====== Args={'value': 2, 'prev_value': None, 'change': True}
2026-03-25 14:26:01,289 : INFO : EventManager : Event: ======'machine_var_audits_missing_switches_s_56_pop_bumper_right'====== Args={'value': 19, 'prev_value': None, 'change': True}
2026-03-25 14:26:01,289 : INFO : EventManager : Event: ======'machine_var_audits_missing_switches_s_57_pop_bumper_center'====== Args={'value': 10, 'prev_value': None, 'change': True}
2026-03-25 14:26:01,289 : INFO : EventManager : Event: ======'machine_var_audits_missing_switches_s_58_pop_bumper_left'====== Args={'value': 10, 'prev_value': None, 'change': True}
2026-03-25 14:26:01,289 : INFO : EventManager : Event: ======'machine_var_audits_missing_switches_s_59_saucer_right'====== Args={'value': 19, 'prev_value': None, 'change': True}
2026-03-25 14:26:01,289 : INFO : EventManager : Event: ======'machine_var_audits_missing_switches_s_60_top_lane_c'====== Args={'value': 19, 'prev_value': None, 'change': True}
2026-03-25 14:26:01,289 : INFO : EventManager : Event: ======'machine_var_audits_missing_switches_s_61_top_lane_b'====== Args={'value': 19, 'prev_value': None, 'change': True}
2026-03-25 14:26:01,289 : INFO : EventManager : Event: ======'machine_var_audits_missing_switches_s_62_top_lane_a'====== Args={'value': 19, 'prev_value': None, 'change': True}
2026-03-25 14:26:01,289 : INFO : EventManager : Event: ======'machine_var_audits_missing_switches_s_63_stand_up_target_3'====== Args={'value': 19, 'prev_value': None, 'change': True}
2026-03-25 14:26:01,289 : INFO : EventManager : Event: ======'machine_var_audits_missing_switches_s_64_varitarget_position_1'====== Args={'value': 19, 'prev_value': None, 'change': True}
2026-03-25 14:26:01,289 : INFO : EventManager : Event: ======'machine_var_audits_missing_switches_s_65_varitarget_position_2'====== Args={'value': 19, 'prev_value': None, 'change': True}
2026-03-25 14:26:01,289 : INFO : EventManager : Event: ======'machine_var_audits_missing_switches_s_66_varitarget_position_3'====== Args={'value': 19, 'prev_value': None, 'change': True}
2026-03-25 14:26:01,289 : INFO : EventManager : Event: ======'machine_var_audits_missing_switches_s_67_varitarget_position_4'====== Args={'value': 19, 'prev_value': None, 'change': True}
2026-03-25 14:26:01,289 : INFO : EventManager : Event: ======'machine_var_audits_missing_switches_s_68_varitarget_position_5'====== Args={'value': 19, 'prev_value': None, 'change': True}
2026-03-25 14:26:01,289 : INFO : EventManager : Event: ======'machine_var_audits_missing_switches_s_69_varitarget_position_6'====== Args={'value': 11, 'prev_value': None, 'change': True}
2026-03-25 14:26:01,289 : INFO : EventManager : Event: ======'machine_var_audits_missing_switches_s_70_varitarget_position_7'====== Args={'value': 19, 'prev_value': None, 'change': True}
2026-03-25 14:26:01,289 : INFO : EventManager : Event: ======'machine_var_audits_missing_switches_s_71_spinner_left'====== Args={'value': 19, 'prev_value': None, 'change': True}
2026-03-25 14:26:01,289 : INFO : EventManager : Event: ======'machine_var_audits_missing_switches_s_72_single_drop_1'====== Args={'value': 3, 'prev_value': None, 'change': True}
2026-03-25 14:26:01,289 : INFO : EventManager : Event: ======'machine_var_audits_missing_switches_s_73_fourbank_drop_1'====== Args={'value': 10, 'prev_value': None, 'change': True}
2026-03-25 14:26:01,290 : INFO : EventManager : Event: ======'machine_var_audits_missing_switches_s_74_fourbank_drop_2'====== Args={'value': 1, 'prev_value': None, 'change': True}
2026-03-25 14:26:01,290 : INFO : EventManager : Event: ======'machine_var_audits_missing_switches_s_75_fourbank_drop_3'====== Args={'value': 1, 'prev_value': None, 'change': True}
2026-03-25 14:26:01,290 : INFO : EventManager : Event: ======'machine_var_audits_missing_switches_s_76_fourbank_drop_4'====== Args={'value': 11, 'prev_value': None, 'change': True}
2026-03-25 14:26:01,290 : INFO : EventManager : Event: ======'machine_var_audits_missing_switches_s_77_threebank_drop_1'====== Args={'value': 11, 'prev_value': None, 'change': True}
2026-03-25 14:26:01,290 : INFO : EventManager : Event: ======'machine_var_audits_missing_switches_s_78_threebank_drop_2'====== Args={'value': 11, 'prev_value': None, 'change': True}
2026-03-25 14:26:01,290 : INFO : EventManager : Event: ======'machine_var_audits_missing_switches_s_79_threebank_drop_3'====== Args={'value': 19, 'prev_value': None, 'change': True}
2026-03-25 14:26:01,290 : INFO : EventManager : Event: ======'machine_var_audits_missing_switches_s_80_stand_up_target_2'====== Args={'value': 19, 'prev_value': None, 'change': True}
2026-03-25 14:26:01,290 : INFO : EventManager : Event: ======'machine_var_audits_missing_switches_s_81_saucer_left'====== Args={'value': 19, 'prev_value': None, 'change': True}
2026-03-25 14:26:01,290 : INFO : EventManager : Event: ======'machine_var_audits_missing_switches_s_82_stand_up_target_bank_1'====== Args={'value': 19, 'prev_value': None, 'change': True}
2026-03-25 14:26:01,290 : INFO : EventManager : Event: ======'machine_var_audits_missing_switches_s_83_stand_up_target_bank_2'====== Args={'value': 1, 'prev_value': None, 'change': True}
2026-03-25 14:26:01,290 : INFO : EventManager : Event: ======'machine_var_audits_missing_switches_s_84_stand_up_target_bank_3'====== Args={'value': 19, 'prev_value': None, 'change': True}
2026-03-25 14:26:01,290 : INFO : EventManager : Event: ======'machine_var_audits_missing_switches_s_85_stand_up_target_bank_4'====== Args={'value': 14, 'prev_value': None, 'change': True}
2026-03-25 14:26:01,290 : INFO : EventManager : Event: ======'machine_var_audits_missing_switches_s_86_stand_up_target_bank_5'====== Args={'value': 14, 'prev_value': None, 'change': True}
2026-03-25 14:26:01,290 : INFO : EventManager : Event: ======'machine_var_audits_missing_switches_s_87_stand_up_target_bank_6'====== Args={'value': 19, 'prev_value': None, 'change': True}
2026-03-25 14:26:01,290 : INFO : EventManager : Event: ======'machine_var_audits_player_score'====== Args={'value': {'average': 1264313, 'top': [1550789, 1500403, 1500336, 1500042, 1500042, 1500042, 1120126, 1000000, 1000000, 1000000], 'total': 12}, 'prev_value': None, 'change': True}
2026-03-25 14:26:01,290 : INFO : EventManager : Event: ======'machine_var_audits_shots_shot_dt_1'====== Args={'value': 1, 'prev_value': None, 'change': True}
2026-03-25 14:26:01,290 : INFO : EventManager : Event: ======'machine_var_audits_shots_shot_dt_2'====== Args={'value': 3, 'prev_value': None, 'change': True}
2026-03-25 14:26:01,290 : INFO : EventManager : Event: ======'machine_var_audits_shots_shot_dt_3'====== Args={'value': 2, 'prev_value': None, 'change': True}
2026-03-25 14:26:01,290 : INFO : EventManager : Event: ======'machine_var_audits_shots_shot_dt_4'====== Args={'value': 2, 'prev_value': None, 'change': True}
2026-03-25 14:26:01,290 : INFO : EventManager : Event: ======'machine_var_audits_shots_shot_dt_5'====== Args={'value': 2, 'prev_value': None, 'change': True}
2026-03-25 14:26:01,290 : INFO : EventManager : Event: ======'machine_var_audits_shots_shot_dt_6'====== Args={'value': 1, 'prev_value': None, 'change': True}
2026-03-25 14:26:01,290 : INFO : EventManager : Event: ======'machine_var_audits_shots_shot_impossible'====== Args={'value': 2, 'prev_value': None, 'change': True}
2026-03-25 14:26:01,291 : INFO : EventManager : Event: ======'machine_var_audits_shots_shot_slingshot_l'====== Args={'value': 10, 'prev_value': None, 'change': True}
2026-03-25 14:26:01,291 : INFO : EventManager : Event: ======'machine_var_audits_shots_shot_slingshot_r'====== Args={'value': 8, 'prev_value': None, 'change': True}
2026-03-25 14:26:01,291 : INFO : EventManager : Event: ======'machine_var_audits_shots_shot_sut_2'====== Args={'value': 3, 'prev_value': None, 'change': True}
2026-03-25 14:26:01,291 : INFO : EventManager : Event: ======'machine_var_audits_shots_shot_sut_4'====== Args={'value': 1, 'prev_value': None, 'change': True}
2026-03-25 14:26:01,291 : INFO : EventManager : Event: ======'machine_var_audits_shots_shot_sut_5'====== Args={'value': 1, 'prev_value': None, 'change': True}
2026-03-25 14:26:01,291 : INFO : EventManager : Event: ======'machine_var_audits_shots_shot_sut_blue'====== Args={'value': 4, 'prev_value': None, 'change': True}
2026-03-25 14:26:01,291 : INFO : EventManager : Event: ======'machine_var_audits_shots_shot_sut_red'====== Args={'value': 1, 'prev_value': None, 'change': True}
2026-03-25 14:26:01,291 : INFO : EventManager : Event: ======'machine_var_audits_shots_spinner_right'====== Args={'value': 5, 'prev_value': None, 'change': True}
2026-03-25 14:26:01,291 : INFO : EventManager : Event: ======'machine_var_audits_shots_varitarget_p6'====== Args={'value': 1, 'prev_value': None, 'change': True}
2026-03-25 14:26:01,291 : INFO : EventManager : Event: ======'machine_var_audits_switches_s_00_service_esc'====== Args={'value': 0, 'prev_value': None, 'change': True}
2026-03-25 14:26:01,291 : INFO : EventManager : Event: ======'machine_var_audits_switches_s_01_service_up'====== Args={'value': 0, 'prev_value': None, 'change': True}
2026-03-25 14:26:01,291 : INFO : EventManager : Event: ======'machine_var_audits_switches_s_02_service_down'====== Args={'value': 0, 'prev_value': None, 'change': True}
2026-03-25 14:26:01,291 : INFO : EventManager : Event: ======'machine_var_audits_switches_s_03_service_enter'====== Args={'value': 0, 'prev_value': None, 'change': True}
2026-03-25 14:26:01,291 : INFO : EventManager : Event: ======'machine_var_audits_switches_s_08_left_flipper'====== Args={'value': 198, 'prev_value': None, 'change': True}
2026-03-25 14:26:01,291 : INFO : EventManager : Event: ======'machine_var_audits_switches_s_11_start_button'====== Args={'value': 42, 'prev_value': None, 'change': True}
2026-03-25 14:26:01,291 : INFO : EventManager : Event: ======'machine_var_audits_switches_s_16_right_flipper'====== Args={'value': 244, 'prev_value': None, 'change': True}
2026-03-25 14:26:01,291 : INFO : EventManager : Event: ======'machine_var_audits_switches_s_17_right_flipper_upper'====== Args={'value': 188, 'prev_value': None, 'change': True}
2026-03-25 14:26:01,291 : INFO : EventManager : Event: ======'machine_var_audits_switches_s_24_trough_1'====== Args={'value': 20, 'prev_value': None, 'change': True}
2026-03-25 14:26:01,291 : INFO : EventManager : Event: ======'machine_var_audits_switches_s_25_trough_2'====== Args={'value': 17, 'prev_value': None, 'change': True}
2026-03-25 14:26:01,291 : INFO : EventManager : Event: ======'machine_var_audits_switches_s_26_trough_3'====== Args={'value': 16, 'prev_value': None, 'change': True}
2026-03-25 14:26:01,291 : INFO : EventManager : Event: ======'machine_var_audits_switches_s_27_trough_4'====== Args={'value': 16, 'prev_value': None, 'change': True}
2026-03-25 14:26:01,291 : INFO : EventManager : Event: ======'machine_var_audits_switches_s_28_trough_5'====== Args={'value': 16, 'prev_value': None, 'change': True}
2026-03-25 14:26:01,292 : INFO : EventManager : Event: ======'machine_var_audits_switches_s_29_trough_6'====== Args={'value': 17, 'prev_value': None, 'change': True}
2026-03-25 14:26:01,292 : INFO : EventManager : Event: ======'machine_var_audits_switches_s_30_trough_jam'====== Args={'value': 22, 'prev_value': None, 'change': True}
2026-03-25 14:26:01,292 : INFO : EventManager : Event: ======'machine_var_audits_switches_s_31_plunger_lane'====== Args={'value': 27, 'prev_value': None, 'change': True}
2026-03-25 14:26:01,292 : INFO : EventManager : Event: ======'machine_var_audits_switches_s_32_right_inlane'====== Args={'value': 1, 'prev_value': None, 'change': True}
2026-03-25 14:26:01,292 : INFO : EventManager : Event: ======'machine_var_audits_switches_s_33_right_outlane'====== Args={'value': 0, 'prev_value': None, 'change': True}
2026-03-25 14:26:01,292 : INFO : EventManager : Event: ======'machine_var_audits_switches_s_34_right_sling'====== Args={'value': 8, 'prev_value': None, 'change': True}
2026-03-25 14:26:01,292 : INFO : EventManager : Event: ======'machine_var_audits_switches_s_35_left_inlane'====== Args={'value': 4, 'prev_value': None, 'change': True}
2026-03-25 14:26:01,292 : INFO : EventManager : Event: ======'machine_var_audits_switches_s_36_left_outlane'====== Args={'value': 4, 'prev_value': None, 'change': True}
2026-03-25 14:26:01,292 : INFO : EventManager : Event: ======'machine_var_audits_switches_s_37_left_sling'====== Args={'value': 10, 'prev_value': None, 'change': True}
2026-03-25 14:26:01,292 : INFO : EventManager : Event: ======'machine_var_audits_switches_s_38_star_rollover_bottom'====== Args={'value': 0, 'prev_value': None, 'change': True}
2026-03-25 14:26:01,292 : INFO : EventManager : Event: ======'machine_var_audits_switches_s_39_star_rollover_top'====== Args={'value': 0, 'prev_value': None, 'change': True}
2026-03-25 14:26:01,292 : INFO : EventManager : Event: ======'machine_var_audits_switches_s_40_stand_up_target_5'====== Args={'value': 2, 'prev_value': None, 'change': True}
2026-03-25 14:26:01,292 : INFO : EventManager : Event: ======'machine_var_audits_switches_s_41_stand_up_target_6'====== Args={'value': 1, 'prev_value': None, 'change': True}
2026-03-25 14:26:01,292 : INFO : EventManager : Event: ======'machine_var_audits_switches_s_42_stand_up_target_1'====== Args={'value': 2, 'prev_value': None, 'change': True}
2026-03-25 14:26:01,292 : INFO : EventManager : Event: ======'machine_var_audits_switches_s_43_stand_up_target_4'====== Args={'value': 0, 'prev_value': None, 'change': True}
2026-03-25 14:26:01,292 : INFO : EventManager : Event: ======'machine_var_audits_switches_s_44_spinner_right'====== Args={'value': 6, 'prev_value': None, 'change': True}
2026-03-25 14:26:01,292 : INFO : EventManager : Event: ======'machine_var_audits_switches_s_56_pop_bumper_right'====== Args={'value': 0, 'prev_value': None, 'change': True}
2026-03-25 14:26:01,292 : INFO : EventManager : Event: ======'machine_var_audits_switches_s_57_pop_bumper_center'====== Args={'value': 4, 'prev_value': None, 'change': True}
2026-03-25 14:26:01,292 : INFO : EventManager : Event: ======'machine_var_audits_switches_s_58_pop_bumper_left'====== Args={'value': 7, 'prev_value': None, 'change': True}
2026-03-25 14:26:01,292 : INFO : EventManager : Event: ======'machine_var_audits_switches_s_59_saucer_right'====== Args={'value': 0, 'prev_value': None, 'change': True}
2026-03-25 14:26:01,292 : INFO : EventManager : Event: ======'machine_var_audits_switches_s_60_top_lane_c'====== Args={'value': 0, 'prev_value': None, 'change': True}
2026-03-25 14:26:01,292 : INFO : EventManager : Event: ======'machine_var_audits_switches_s_61_top_lane_b'====== Args={'value': 0, 'prev_value': None, 'change': True}
2026-03-25 14:26:01,293 : INFO : EventManager : Event: ======'machine_var_audits_switches_s_62_top_lane_a'====== Args={'value': 0, 'prev_value': None, 'change': True}
2026-03-25 14:26:01,293 : INFO : EventManager : Event: ======'machine_var_audits_switches_s_63_stand_up_target_3'====== Args={'value': 0, 'prev_value': None, 'change': True}
2026-03-25 14:26:01,293 : INFO : EventManager : Event: ======'machine_var_audits_switches_s_64_varitarget_position_1'====== Args={'value': 0, 'prev_value': None, 'change': True}
2026-03-25 14:26:01,293 : INFO : EventManager : Event: ======'machine_var_audits_switches_s_65_varitarget_position_2'====== Args={'value': 0, 'prev_value': None, 'change': True}
2026-03-25 14:26:01,293 : INFO : EventManager : Event: ======'machine_var_audits_switches_s_66_varitarget_position_3'====== Args={'value': 0, 'prev_value': None, 'change': True}
2026-03-25 14:26:01,293 : INFO : EventManager : Event: ======'machine_var_audits_switches_s_67_varitarget_position_4'====== Args={'value': 0, 'prev_value': None, 'change': True}
2026-03-25 14:26:01,293 : INFO : EventManager : Event: ======'machine_var_audits_switches_s_68_varitarget_position_5'====== Args={'value': 0, 'prev_value': None, 'change': True}
2026-03-25 14:26:01,293 : INFO : EventManager : Event: ======'machine_var_audits_switches_s_69_varitarget_position_6'====== Args={'value': 1, 'prev_value': None, 'change': True}
2026-03-25 14:26:01,293 : INFO : EventManager : Event: ======'machine_var_audits_switches_s_70_varitarget_position_7'====== Args={'value': 0, 'prev_value': None, 'change': True}
2026-03-25 14:26:01,293 : INFO : EventManager : Event: ======'machine_var_audits_switches_s_71_spinner_left'====== Args={'value': 0, 'prev_value': None, 'change': True}
2026-03-25 14:26:01,293 : INFO : EventManager : Event: ======'machine_var_audits_switches_s_72_single_drop_1'====== Args={'value': 4, 'prev_value': None, 'change': True}
2026-03-25 14:26:01,293 : INFO : EventManager : Event: ======'machine_var_audits_switches_s_73_fourbank_drop_1'====== Args={'value': 1, 'prev_value': None, 'change': True}
2026-03-25 14:26:01,293 : INFO : EventManager : Event: ======'machine_var_audits_switches_s_74_fourbank_drop_2'====== Args={'value': 3, 'prev_value': None, 'change': True}
2026-03-25 14:26:01,293 : INFO : EventManager : Event: ======'machine_var_audits_switches_s_75_fourbank_drop_3'====== Args={'value': 2, 'prev_value': None, 'change': True}
2026-03-25 14:26:01,293 : INFO : EventManager : Event: ======'machine_var_audits_switches_s_76_fourbank_drop_4'====== Args={'value': 2, 'prev_value': None, 'change': True}
2026-03-25 14:26:01,293 : INFO : EventManager : Event: ======'machine_var_audits_switches_s_77_threebank_drop_1'====== Args={'value': 3, 'prev_value': None, 'change': True}
2026-03-25 14:26:01,293 : INFO : EventManager : Event: ======'machine_var_audits_switches_s_78_threebank_drop_2'====== Args={'value': 1, 'prev_value': None, 'change': True}
2026-03-25 14:26:01,293 : INFO : EventManager : Event: ======'machine_var_audits_switches_s_79_threebank_drop_3'====== Args={'value': 0, 'prev_value': None, 'change': True}
2026-03-25 14:26:01,293 : INFO : EventManager : Event: ======'machine_var_audits_switches_s_80_stand_up_target_2'====== Args={'value': 0, 'prev_value': None, 'change': True}
2026-03-25 14:26:01,293 : INFO : EventManager : Event: ======'machine_var_audits_switches_s_81_saucer_left'====== Args={'value': 0, 'prev_value': None, 'change': True}
2026-03-25 14:26:01,293 : INFO : EventManager : Event: ======'machine_var_audits_switches_s_82_stand_up_target_bank_1'====== Args={'value': 0, 'prev_value': None, 'change': True}
2026-03-25 14:26:01,293 : INFO : EventManager : Event: ======'machine_var_audits_switches_s_83_stand_up_target_bank_2'====== Args={'value': 3, 'prev_value': None, 'change': True}
2026-03-25 14:26:01,294 : INFO : EventManager : Event: ======'machine_var_audits_switches_s_84_stand_up_target_bank_3'====== Args={'value': 0, 'prev_value': None, 'change': True}
2026-03-25 14:26:01,294 : INFO : EventManager : Event: ======'machine_var_audits_switches_s_85_stand_up_target_bank_4'====== Args={'value': 1, 'prev_value': None, 'change': True}
2026-03-25 14:26:01,294 : INFO : EventManager : Event: ======'machine_var_audits_switches_s_86_stand_up_target_bank_5'====== Args={'value': 1, 'prev_value': None, 'change': True}
2026-03-25 14:26:01,294 : INFO : EventManager : Event: ======'machine_var_audits_switches_s_87_stand_up_target_bank_6'====== Args={'value': 0, 'prev_value': None, 'change': True}
2026-03-25 14:26:01,294 : INFO : EventManager : Event: ======'init_phase_5'====== Args={}
2026-03-25 14:26:01,295 : INFO : EventManager : Event: ======'init_done'====== Args={}
2026-03-25 14:26:01,296 : INFO : EventManager : Event: ======'machine_reset_phase_1'====== Args={}
2026-03-25 14:26:01,306 : INFO : EventManager : Event: ======'machine_reset_phase_2'====== Args={}
2026-03-25 14:26:01,306 : INFO : EventManager : Event: ======'machine_reset_phase_3'====== Args={}
2026-03-25 14:26:01,307 : INFO : drop_target_bank.dt_bank_1_4 : All targets are already up. Will not reset bank.
2026-03-25 14:26:01,307 : INFO : drop_target_bank.dt_bank_5_7 : All targets are already up. Will not reset bank.
2026-03-25 14:26:01,307 : INFO : EventManager : Event: ======'reset_complete'====== Args={}
2026-03-25 14:26:01,307 : INFO : EventManager : Event: ======'mode_attract_will_start'====== Args={}
2026-03-25 14:26:01,308 : INFO : Timer.attract_carousel_timer : Starting Timer.
2026-03-25 14:26:01,308 : INFO : EventManager : Event: ======'timer_attract_carousel_timer_started'====== Args={'ticks': 0, 'ticks_remaining': 1}
2026-03-25 14:26:01,308 : INFO : EventManager : Event: ======'timer_attract_carousel_timer_tick'====== Args={'ticks': 0, 'ticks_remaining': 1}
2026-03-25 14:26:01,308 : INFO : EventManager : Event: ======'mode_attract_starting'====== Args={}
2026-03-25 14:26:01,309 : INFO : Mode.attract : Started. Priority: 10
2026-03-25 14:26:01,309 : INFO : EventManager : Event: ======'modes_active_modes_changed'====== Args={}
2026-03-25 14:26:01,309 : INFO : EventManager : Event: ======'mode_attract_started'====== Args={}
2026-03-25 14:26:01,309 : INFO : EventManager : Event: ======'start_mode_attract_scores'====== Args={'priority': 0}
2026-03-25 14:26:01,309 : INFO : EventManager : Event: ======'start_mode_attract_credits'====== Args={'priority': 0}
2026-03-25 14:26:01,309 : INFO : EventManager : Event: ======'mode_attract_scores_will_start'====== Args={'priority': 0}
2026-03-25 14:26:01,309 : INFO : Timer.attract_scores_carousel_timer : Starting Timer.
2026-03-25 14:26:01,309 : INFO : EventManager : Event: ======'timer_attract_scores_carousel_timer_started'====== Args={'ticks': 0, 'ticks_remaining': 1}
2026-03-25 14:26:01,309 : INFO : EventManager : Event: ======'timer_attract_scores_carousel_timer_tick'====== Args={'ticks': 0, 'ticks_remaining': 1}
2026-03-25 14:26:01,310 : INFO : EventManager : Event: ======'mode_attract_scores_starting'====== Args={'priority': 0}
2026-03-25 14:26:01,310 : INFO : EventManager : Event: ======'mode_attract_credits_will_start'====== Args={'priority': 0}
2026-03-25 14:26:01,310 : INFO : Timer.attract_credits_carousel_timer : Starting Timer.
2026-03-25 14:26:01,310 : INFO : EventManager : Event: ======'timer_attract_credits_carousel_timer_started'====== Args={'ticks': 0, 'ticks_remaining': 1}
2026-03-25 14:26:01,310 : INFO : EventManager : Event: ======'timer_attract_credits_carousel_timer_tick'====== Args={'ticks': 0, 'ticks_remaining': 1}
2026-03-25 14:26:01,310 : INFO : EventManager : Event: ======'mode_attract_credits_starting'====== Args={'priority': 0}
2026-03-25 14:26:01,310 : INFO : Mode.attract_credits : Started. Priority: 8
2026-03-25 14:26:01,310 : INFO : EventManager : Event: ======'modes_active_modes_changed'====== Args={}
2026-03-25 14:26:01,310 : INFO : EventManager : Event: ======'mode_attract_credits_started'====== Args={'priority': 0}
2026-03-25 14:26:01,311 : INFO : EventManager : Event: ======'carousel_item_highlighted'====== Args={'carousel': 'attract_credits', 'direction': None, 'item': 'credits_sfx'}
2026-03-25 14:26:01,311 : INFO : Mode.attract_scores : Started. Priority: 9
2026-03-25 14:26:01,311 : INFO : EventManager : Event: ======'modes_active_modes_changed'====== Args={}
2026-03-25 14:26:01,311 : INFO : EventManager : Event: ======'mode_attract_scores_started'====== Args={'priority': 0}
2026-03-25 14:26:01,311 : INFO : EventManager : Event: ======'carousel_item_highlighted'====== Args={'carousel': 'attract_scores', 'direction': None, 'item': 'last_game_score'}
2026-03-25 14:26:01,311 : INFO : EventManager : Event: ======'collecting_balls_complete'====== Args={}
2026-03-25 14:26:01,312 : INFO : EventManager : Event: ======'carousel_item_highlighted'====== Args={'carousel': 'attract', 'direction': None, 'item': 'title'}
2026-03-25 14:26:01,313 : INFO : Machine : Starting the main run loop with active modes: [<Mode.attract>, <Mode.attract_scores>, <Mode.attract_credits>]
2026-03-25 14:26:01,439 : INFO : EventManager : Event: ======'slide_attract_created'====== Args={'_from_bcp': True}
2026-03-25 14:26:01,440 : INFO : EventManager : Event: ======'slide__removed'====== Args={'_from_bcp': True}
2026-03-25 14:26:01,440 : INFO : EventManager : Event: ======'slide_attract_active'====== Args={'original_context': 'attract', 'original_calling_context': 'mode_attract_started', 'priority': 10.0, 'cmd': 'slides_play', '_from_bcp': True}
2026-03-25 14:26:02,607 : INFO : SwitchController : <<<<<<< 's_11_start_button' active >>>>>>>
2026-03-25 14:26:02,797 : INFO : SwitchController : <<<<<<< 's_11_start_button' inactive >>>>>>>
2026-03-25 14:26:02,797 : INFO : EventManager : Event: ======'request_to_start_game'====== Args={}
2026-03-25 14:26:02,798 : INFO : EventManager : Event: ======'game_start'====== Args={'buttons': [], 'hold_time': 0.18800000000010186}
2026-03-25 14:26:02,798 : INFO : EventManager : Event: ======'mode_game_will_start'====== Args={'buttons': [], 'hold_time': 0.18800000000010186}
2026-03-25 14:26:02,799 : INFO : EventManager : Event: ======'mode_game_starting'====== Args={'buttons': [], 'hold_time': 0.18800000000010186}
2026-03-25 14:26:02,799 : INFO : EventManager : Event: ======'mode_attract_will_stop'====== Args={}
2026-03-25 14:26:02,799 : INFO : EventManager : Event: ======'mode_attract_stopping'====== Args={}
2026-03-25 14:26:02,799 : INFO : EventManager : Event: ======'stop_mode_attract_scores'====== Args={'priority': 0}
2026-03-25 14:26:02,799 : INFO : EventManager : Event: ======'stop_mode_attract_credits'====== Args={'priority': 0}
2026-03-25 14:26:02,799 : INFO : EventManager : Event: ======'mode_attract_scores_will_stop'====== Args={}
2026-03-25 14:26:02,799 : INFO : EventManager : Event: ======'mode_attract_scores_stopping'====== Args={}
2026-03-25 14:26:02,799 : INFO : EventManager : Event: ======'mode_attract_credits_will_stop'====== Args={}
2026-03-25 14:26:02,799 : INFO : EventManager : Event: ======'mode_attract_credits_stopping'====== Args={}
2026-03-25 14:26:02,800 : INFO : Mode.attract : Stopped.
2026-03-25 14:26:02,800 : INFO : EventManager : Event: ======'modes_active_modes_changed'====== Args={}
2026-03-25 14:26:02,800 : INFO : EventManager : Event: ======'mode_attract_stopped'====== Args={}
2026-03-25 14:26:02,800 : INFO : EventManager : Event: ======'clear'====== Args={'key': 'attract'}
2026-03-25 14:26:02,800 : INFO : Timer.attract_carousel_timer : Stopping Timer
2026-03-25 14:26:02,800 : INFO : EventManager : Event: ======'timer_attract_carousel_timer_stopped'====== Args={'ticks': 0, 'ticks_remaining': 1}
2026-03-25 14:26:02,800 : INFO : Mode.attract_credits : Stopped.
2026-03-25 14:26:02,800 : INFO : EventManager : Event: ======'modes_active_modes_changed'====== Args={}
2026-03-25 14:26:02,800 : INFO : EventManager : Event: ======'mode_attract_credits_stopped'====== Args={}
2026-03-25 14:26:02,800 : INFO : EventManager : Event: ======'clear'====== Args={'key': 'attract_credits'}
2026-03-25 14:26:02,800 : INFO : Timer.attract_credits_carousel_timer : Stopping Timer
2026-03-25 14:26:02,800 : INFO : EventManager : Event: ======'timer_attract_credits_carousel_timer_stopped'====== Args={'ticks': 0, 'ticks_remaining': 1}
2026-03-25 14:26:02,801 : INFO : Mode.attract_scores : Stopped.
2026-03-25 14:26:02,801 : INFO : EventManager : Event: ======'modes_active_modes_changed'====== Args={}
2026-03-25 14:26:02,801 : INFO : EventManager : Event: ======'mode_attract_scores_stopped'====== Args={}
2026-03-25 14:26:02,801 : INFO : EventManager : Event: ======'clear'====== Args={'key': 'attract_scores'}
2026-03-25 14:26:02,801 : INFO : Timer.attract_scores_carousel_timer : Stopping Timer
2026-03-25 14:26:02,801 : INFO : EventManager : Event: ======'timer_attract_scores_carousel_timer_stopped'====== Args={'ticks': 0, 'ticks_remaining': 1}
2026-03-25 14:26:02,801 : INFO : Mode.game : Started. Priority: 20
2026-03-25 14:26:02,801 : INFO : EventManager : Event: ======'modes_active_modes_changed'====== Args={}
2026-03-25 14:26:02,801 : INFO : EventManager : Event: ======'mode_game_started'====== Args={'buttons': [], 'hold_time': 0.18800000000010186}
2026-03-25 14:26:02,802 : INFO : EventManager : Event: ======'game_will_start'====== Args={}
2026-03-25 14:26:02,803 : INFO : EventManager : Event: ======'game_starting'====== Args={'game': <Mode.game>}
2026-03-25 14:26:02,804 : INFO : EventManager : Unordered handler for class <Auditor> on event game_ended with priority 1. Handlers: [RegisteredHandler(callback=<bound method Auditor.disable of <Auditor>>, priority=1, kwargs={}, key=UUID('7fe26d9e-8672-4123-8256-cb1e38df1921'), condition=None, blocking_facility=None), RegisteredHandler(callback=<bound method Auditor._save_audits of <Auditor>>, priority=1, kwargs={}, key=UUID('1a96e1fa-1cfb-47d3-b7d4-19392548e01a'), condition=None, blocking_facility=None)]. The order of those handlers is not defined and they will be executed in random order. This might lead to race conditions and potential bugs.
2026-03-25 14:26:02,804 : INFO : EventManager : Event: ======'player_add_request'====== Args={}
2026-03-25 14:26:02,804 : INFO : EventManager : Event: ======'player_will_add'====== Args={'number': 1}
2026-03-25 14:26:02,805 : INFO : EventManager : Event: ======'player_adding'====== Args={'player': <Player 1>, 'number': 1}
2026-03-25 14:26:02,805 : INFO : EventManager : Event: ======'player_added'====== Args={'player': <Player 1>, 'num': 1}
2026-03-25 14:26:02,805 : INFO : Mode.game : Player added successfully. Total players: 1
2026-03-25 14:26:02,805 : INFO : EventManager : Event: ======'player_index'====== Args={'value': 0, 'prev_value': 0, 'change': 0, 'player_num': 1}
2026-03-25 14:26:02,805 : INFO : EventManager : Event: ======'player_number'====== Args={'value': 1, 'prev_value': 1, 'change': 0, 'player_num': 1}
2026-03-25 14:26:02,805 : INFO : EventManager : Event: ======'player_score'====== Args={'value': 0, 'prev_value': 0, 'change': 0, 'player_num': 1}
2026-03-25 14:26:02,805 : INFO : EventManager : Event: ======'game_started'====== Args={}
2026-03-25 14:26:02,806 : INFO : EventManager : Event: ======'player_turn_will_start'====== Args={'player': <Player 1>, 'number': 1}
2026-03-25 14:26:02,812 : INFO : EventManager : Event: ======'player_turn_starting'====== Args={'player': <Player 1>, 'number': 1}
2026-03-25 14:26:02,812 : INFO : EventManager : Event: ======'player_ball'====== Args={'value': 1, 'prev_value': 0, 'change': 1, 'player_num': 1}
2026-03-25 14:26:02,813 : INFO : EventManager : Event: ======'player_turn_started'====== Args={'player': <Player 1>, 'number': 1}
2026-03-25 14:26:02,815 : INFO : EventManager : Event: ======'ball_will_start'====== Args={'player': 1, 'ball': 1, 'balls_remaining': 0, 'is_extra_ball': False}
2026-03-25 14:26:02,815 : INFO : EventManager : Event: ======'ball_starting'====== Args={'player': 1, 'ball': 1, 'balls_remaining': 0, 'is_extra_ball': False}
2026-03-25 14:26:02,815 : INFO : EventManager : Event: ======'mode_skillshot_will_start'====== Args={'queue': <QueuedEvent>, 'player': 1, 'ball': 1, 'balls_remaining': 0, 'is_extra_ball': False}
2026-03-25 14:26:02,824 : INFO : EventManager : Event: ======'mode_skillshot_starting'====== Args={'queue': <QueuedEvent>, 'player': 1, 'ball': 1, 'balls_remaining': 0, 'is_extra_ball': False}
2026-03-25 14:26:02,824 : INFO : EventManager : Event: ======'mode_base_will_start'====== Args={'queue': <QueuedEvent>, 'player': 1, 'ball': 1, 'balls_remaining': 0, 'is_extra_ball': False}
2026-03-25 14:26:02,824 : INFO : EventManager : Event: ======'player_shot_varitarget_p1_enabled'====== Args={'value': True, 'prev_value': 0, 'change': 1, 'player_num': 1}
2026-03-25 14:26:02,824 : INFO : EventManager : Event: ======'player_shot_varitarget_p2_enabled'====== Args={'value': True, 'prev_value': 0, 'change': 1, 'player_num': 1}
2026-03-25 14:26:02,824 : INFO : EventManager : Event: ======'player_shot_varitarget_p3_enabled'====== Args={'value': True, 'prev_value': 0, 'change': 1, 'player_num': 1}
2026-03-25 14:26:02,843 : INFO : EventManager : Event: ======'player_shot_varitarget_p4_enabled'====== Args={'value': True, 'prev_value': 0, 'change': 1, 'player_num': 1}
2026-03-25 14:26:02,843 : INFO : EventManager : Event: ======'player_shot_varitarget_p5_enabled'====== Args={'value': True, 'prev_value': 0, 'change': 1, 'player_num': 1}
2026-03-25 14:26:02,843 : INFO : EventManager : Event: ======'player_shot_varitarget_p6_enabled'====== Args={'value': True, 'prev_value': 0, 'change': 1, 'player_num': 1}
2026-03-25 14:26:02,844 : INFO : EventManager : Event: ======'player_shot_varitarget_p7_enabled'====== Args={'value': True, 'prev_value': 0, 'change': 1, 'player_num': 1}
2026-03-25 14:26:02,844 : INFO : EventManager : Event: ======'player_shot_shot_impossible_enabled'====== Args={'value': True, 'prev_value': 0, 'change': 1, 'player_num': 1}
2026-03-25 14:26:02,844 : INFO : EventManager : Event: ======'player_shot_shot_dt_1_enabled'====== Args={'value': True, 'prev_value': 0, 'change': 1, 'player_num': 1}
2026-03-25 14:26:02,845 : INFO : EventManager : Event: ======'player_shot_shot_dt_2_enabled'====== Args={'value': True, 'prev_value': 0, 'change': 1, 'player_num': 1}
2026-03-25 14:26:02,845 : INFO : EventManager : Event: ======'player_shot_shot_dt_3_enabled'====== Args={'value': True, 'prev_value': 0, 'change': 1, 'player_num': 1}
2026-03-25 14:26:02,846 : INFO : EventManager : Event: ======'player_shot_shot_dt_4_enabled'====== Args={'value': True, 'prev_value': 0, 'change': 1, 'player_num': 1}
2026-03-25 14:26:02,846 : INFO : EventManager : Event: ======'player_shot_shot_dt_5_enabled'====== Args={'value': True, 'prev_value': 0, 'change': 1, 'player_num': 1}
2026-03-25 14:26:02,846 : INFO : EventManager : Event: ======'player_shot_shot_dt_6_enabled'====== Args={'value': True, 'prev_value': 0, 'change': 1, 'player_num': 1}
2026-03-25 14:26:02,847 : INFO : EventManager : Event: ======'player_shot_shot_dt_7_enabled'====== Args={'value': True, 'prev_value': 0, 'change': 1, 'player_num': 1}
2026-03-25 14:26:02,847 : INFO : EventManager : Event: ======'player_shot_shot_sut_1_enabled'====== Args={'value': True, 'prev_value': 0, 'change': 1, 'player_num': 1}
2026-03-25 14:26:02,847 : INFO : EventManager : Event: ======'player_shot_shot_sut_2_enabled'====== Args={'value': True, 'prev_value': 0, 'change': 1, 'player_num': 1}
2026-03-25 14:26:02,847 : INFO : EventManager : Event: ======'player_shot_shot_sut_3_enabled'====== Args={'value': True, 'prev_value': 0, 'change': 1, 'player_num': 1}
2026-03-25 14:26:02,848 : INFO : EventManager : Event: ======'player_shot_shot_sut_4_enabled'====== Args={'value': True, 'prev_value': 0, 'change': 1, 'player_num': 1}
2026-03-25 14:26:02,848 : INFO : EventManager : Event: ======'player_shot_shot_sut_5_enabled'====== Args={'value': True, 'prev_value': 0, 'change': 1, 'player_num': 1}
2026-03-25 14:26:02,848 : INFO : EventManager : Event: ======'player_shot_shot_sut_6_enabled'====== Args={'value': True, 'prev_value': 0, 'change': 1, 'player_num': 1}
2026-03-25 14:26:02,849 : INFO : EventManager : Event: ======'player_shot_shot_sut_green_enabled'====== Args={'value': True, 'prev_value': 0, 'change': 1, 'player_num': 1}
2026-03-25 14:26:02,849 : INFO : EventManager : Event: ======'player_shot_shot_sut_blue_enabled'====== Args={'value': True, 'prev_value': 0, 'change': 1, 'player_num': 1}
2026-03-25 14:26:02,849 : INFO : EventManager : Event: ======'player_shot_shot_sut_red_enabled'====== Args={'value': True, 'prev_value': 0, 'change': 1, 'player_num': 1}
2026-03-25 14:26:02,850 : INFO : EventManager : Event: ======'player_shot_shot_slingshot_l_enabled'====== Args={'value': True, 'prev_value': 0, 'change': 1, 'player_num': 1}
2026-03-25 14:26:02,850 : INFO : EventManager : Event: ======'player_shot_shot_slingshot_r_enabled'====== Args={'value': True, 'prev_value': 0, 'change': 1, 'player_num': 1}
2026-03-25 14:26:02,850 : INFO : EventManager : Event: ======'player_shot_shot_rollover_bottom_enabled'====== Args={'value': True, 'prev_value': 0, 'change': 1, 'player_num': 1}
2026-03-25 14:26:02,850 : INFO : EventManager : Event: ======'player_shot_shot_rollover_top_enabled'====== Args={'value': True, 'prev_value': 0, 'change': 1, 'player_num': 1}
2026-03-25 14:26:02,851 : INFO : EventManager : Event: ======'player_shot_spinner_left_enabled'====== Args={'value': True, 'prev_value': 0, 'change': 1, 'player_num': 1}
2026-03-25 14:26:02,851 : INFO : EventManager : Event: ======'player_shot_spinner_right_enabled'====== Args={'value': True, 'prev_value': 0, 'change': 1, 'player_num': 1}
2026-03-25 14:26:02,851 : INFO : EventManager : Event: ======'varitarget_positions_complete'====== Args={'state': 'unlit'}
2026-03-25 14:26:02,851 : INFO : EventManager : Event: ======'varitarget_positions_unlit_complete'====== Args={}
2026-03-25 14:26:02,852 : INFO : EventManager : Event: ======'player_base_varitarget_reset_timer_tick'====== Args={'value': 0, 'prev_value': 0, 'change': 0, 'player_num': 1}
2026-03-25 14:26:02,852 : INFO : EventManager : Event: ======'player_base_varitarget_hit_settle_tick'====== Args={'value': 3, 'prev_value': 0, 'change': 3, 'player_num': 1}
2026-03-25 14:26:02,856 : INFO : EventManager : Event: ======'mode_base_starting'====== Args={'queue': <QueuedEvent>, 'player': 1, 'ball': 1, 'balls_remaining': 0, 'is_extra_ball': False}
2026-03-25 14:26:02,857 : INFO : drop_target_bank.dt_bank_1_4 : All targets are already up. Will not reset bank.
2026-03-25 14:26:02,857 : INFO : drop_target_bank.dt_bank_5_7 : All targets are already up. Will not reset bank.
2026-03-25 14:26:02,857 : INFO : Mode.base : Started. Priority: 100
2026-03-25 14:26:02,857 : INFO : EventManager : Event: ======'modes_active_modes_changed'====== Args={}
2026-03-25 14:26:02,858 : INFO : EventManager : Event: ======'mode_base_started'====== Args={'queue': <QueuedEvent>, 'player': 1, 'ball': 1, 'balls_remaining': 0, 'is_extra_ball': False}
2026-03-25 14:26:02,858 : INFO : EventManager : Event: ======'mode_super_pops_will_start'====== Args={'queue': <QueuedEvent>, 'player': 1, 'ball': 1, 'balls_remaining': 0, 'is_extra_ball': False}
2026-03-25 14:26:02,858 : INFO : EventManager : Event: ======'player_super_pops_super_pops_mult_timer_tick'====== Args={'value': 0, 'prev_value': 0, 'change': 0, 'player_num': 1}
2026-03-25 14:26:02,859 : INFO : EventManager : Unordered handler for class <Auditor> on event game_ended with priority 1. Handlers: [RegisteredHandler(callback=<bound method Auditor.disable of <Auditor>>, priority=1, kwargs={}, key=UUID('7fe26d9e-8672-4123-8256-cb1e38df1921'), condition=None, blocking_facility=None), RegisteredHandler(callback=<bound method Auditor._save_audits of <Auditor>>, priority=1, kwargs={}, key=UUID('1a96e1fa-1cfb-47d3-b7d4-19392548e01a'), condition=None, blocking_facility=None)]. The order of those handlers is not defined and they will be executed in random order. This might lead to race conditions and potential bugs.
2026-03-25 14:26:02,862 : INFO : EventManager : Event: ======'mode_super_pops_starting'====== Args={'queue': <QueuedEvent>, 'player': 1, 'ball': 1, 'balls_remaining': 0, 'is_extra_ball': False}
2026-03-25 14:26:02,862 : INFO : EventManager : Event: ======'mode_spinner_2x_qualify_will_start'====== Args={'queue': <QueuedEvent>, 'player': 1, 'ball': 1, 'balls_remaining': 0, 'is_extra_ball': False}
2026-03-25 14:26:02,864 : INFO : EventManager : Event: ======'mode_spinner_2x_qualify_starting'====== Args={'queue': <QueuedEvent>, 'player': 1, 'ball': 1, 'balls_remaining': 0, 'is_extra_ball': False}
2026-03-25 14:26:02,864 : INFO : EventManager : Event: ======'varitarget_yaml_loaded'====== Args={'priority': 0}
2026-03-25 14:26:02,864 : INFO : EventManager : Event: ======'player_pf_multiplier'====== Args={'value': 1, 'prev_value': 0, 'change': 1, 'player_num': 1, 'source': 'base'}
2026-03-25 14:26:02,864 : INFO : EventManager : Event: ======'player_varitarget_position'====== Args={'value': 1, 'prev_value': 0, 'change': 1, 'player_num': 1, 'source': 'base'}
2026-03-25 14:26:02,864 : INFO : EventManager : Event: ======'player_varitarget_reset_attempts'====== Args={'value': 0, 'prev_value': 0, 'change': 0, 'player_num': 1, 'source': 'base'}
2026-03-25 14:26:02,864 : INFO : EventManager : Event: ======'player_varitarget_stable_position'====== Args={'value': 1, 'prev_value': 0, 'change': 1, 'player_num': 1, 'source': 'base'}
2026-03-25 14:26:02,865 : INFO : EventManager : Event: ======'player_varitarget_hit_active'====== Args={'value': 0, 'prev_value': 0, 'change': 0, 'player_num': 1, 'source': 'base'}
2026-03-25 14:26:02,865 : INFO : EventManager : Event: ======'player_varitarget_hit_start_pos'====== Args={'value': 1, 'prev_value': 0, 'change': 1, 'player_num': 1, 'source': 'base'}
2026-03-25 14:26:02,865 : INFO : EventManager : Event: ======'player_varitarget_hit_max_pos'====== Args={'value': 1, 'prev_value': 0, 'change': 1, 'player_num': 1, 'source': 'base'}
2026-03-25 14:26:02,865 : INFO : EventManager : Event: ======'player_varitarget_hit_moved'====== Args={'value': 0, 'prev_value': 0, 'change': 0, 'player_num': 1, 'source': 'base'}
2026-03-25 14:26:02,865 : INFO : Mode.spinner_2x_qualify : Started. Priority: 150
2026-03-25 14:26:02,865 : INFO : EventManager : Event: ======'modes_active_modes_changed'====== Args={}
2026-03-25 14:26:02,865 : INFO : EventManager : Event: ======'mode_spinner_2x_qualify_started'====== Args={'queue': <QueuedEvent>, 'player': 1, 'ball': 1, 'balls_remaining': 0, 'is_extra_ball': False}
2026-03-25 14:26:02,866 : INFO : EventManager : Event: ======'spinner_2x_stop'====== Args={'priority': 0}
2026-03-25 14:26:02,866 : INFO : EventManager : Event: ======'player_top_lane_a_lit'====== Args={'value': 0, 'prev_value': 0, 'change': 0, 'player_num': 1, 'source': 'spinner_2x_qualify'}
2026-03-25 14:26:02,866 : INFO : EventManager : Event: ======'player_top_lane_b_lit'====== Args={'value': 0, 'prev_value': 0, 'change': 0, 'player_num': 1, 'source': 'spinner_2x_qualify'}
2026-03-25 14:26:02,866 : INFO : EventManager : Event: ======'player_top_lane_c_lit'====== Args={'value': 0, 'prev_value': 0, 'change': 0, 'player_num': 1, 'source': 'spinner_2x_qualify'}
2026-03-25 14:26:02,866 : INFO : Mode.skillshot : Started. Priority: 200
2026-03-25 14:26:02,866 : INFO : EventManager : Event: ======'modes_active_modes_changed'====== Args={}
2026-03-25 14:26:02,866 : INFO : EventManager : Event: ======'mode_skillshot_started'====== Args={'queue': <QueuedEvent>, 'player': 1, 'ball': 1, 'balls_remaining': 0, 'is_extra_ball': False}
2026-03-25 14:26:02,866 : INFO : EventManager : Event: ======'player_skillshot_left_plunger'====== Args={'value': 0, 'prev_value': 0, 'change': 0, 'player_num': 1, 'source': 'skillshot'}
2026-03-25 14:26:02,866 : INFO : EventManager : Event: ======'player_skillshot_first_switch_seen'====== Args={'value': 0, 'prev_value': 0, 'change': 0, 'player_num': 1, 'source': 'skillshot'}
2026-03-25 14:26:02,867 : INFO : EventManager : Event: ======'player_skillshot_phase1_success'====== Args={'value': 0, 'prev_value': 0, 'change': 0, 'player_num': 1, 'source': 'skillshot'}
2026-03-25 14:26:02,867 : INFO : EventManager : Event: ======'player_skillshot_phase2_success'====== Args={'value': 0, 'prev_value': 0, 'change': 0, 'player_num': 1, 'source': 'skillshot'}
2026-03-25 14:26:02,867 : INFO : EventManager : Event: ======'player_skillshot_waiting_phase3'====== Args={'value': 0, 'prev_value': 0, 'change': 0, 'player_num': 1, 'source': 'skillshot'}
2026-03-25 14:26:02,867 : INFO : EventManager : Event: ======'player_skillshot_award'====== Args={'value': 500000, 'prev_value': 0, 'change': 500000, 'player_num': 1, 'source': 'skillshot'}
2026-03-25 14:26:02,867 : INFO : EventManager : Event: ======'balls_in_play'====== Args={'balls': 1}
2026-03-25 14:26:02,867 : INFO : EventManager : Event: ======'ball_started'====== Args={'player': 1, 'ball': 1, 'balls_remaining': 0, 'is_extra_ball': False}
2026-03-25 14:26:02,868 : INFO : EventManager : Event: ======'mode_stars_mode_will_start'====== Args={'player': 1, 'ball': 1, 'balls_remaining': 0, 'is_extra_ball': False}
2026-03-25 14:26:02,868 : INFO : EventManager : Event: ======'player_stars_mode_stars_s80_hold_tick'====== Args={'value': 0, 'prev_value': 0, 'change': 0, 'player_num': 1}
2026-03-25 14:26:02,868 : INFO : EventManager : Event: ======'player_stars_mode_stars_10x_timer_tick'====== Args={'value': 0, 'prev_value': 0, 'change': 0, 'player_num': 1}
2026-03-25 14:26:02,872 : INFO : EventManager : Event: ======'mode_stars_mode_starting'====== Args={'player': 1, 'ball': 1, 'balls_remaining': 0, 'is_extra_ball': False}
2026-03-25 14:26:02,872 : INFO : EventManager : Event: ======'mode_autoplunge_will_start'====== Args={'player': 1, 'ball': 1, 'balls_remaining': 0, 'is_extra_ball': False}
2026-03-25 14:26:02,872 : INFO : EventManager : Event: ======'player_autoplunge_t_auto_plunge_tick'====== Args={'value': 10, 'prev_value': 0, 'change': 10, 'player_num': 1}
2026-03-25 14:26:02,873 : INFO : EventManager : Event: ======'mode_autoplunge_starting'====== Args={'player': 1, 'ball': 1, 'balls_remaining': 0, 'is_extra_ball': False}
2026-03-25 14:26:02,873 : INFO : EventManager : Event: ======'mode_brian_combo_will_start'====== Args={'player': 1, 'ball': 1, 'balls_remaining': 0, 'is_extra_ball': False}
2026-03-25 14:26:02,873 : INFO : EventManager : Event: ======'mode_brian_combo_starting'====== Args={'player': 1, 'ball': 1, 'balls_remaining': 0, 'is_extra_ball': False}
2026-03-25 14:26:02,874 : INFO : Mode.brian_combo : Started. Priority: 120
2026-03-25 14:26:02,874 : INFO : EventManager : Event: ======'modes_active_modes_changed'====== Args={}
2026-03-25 14:26:02,874 : INFO : EventManager : Event: ======'mode_brian_combo_started'====== Args={'player': 1, 'ball': 1, 'balls_remaining': 0, 'is_extra_ball': False}
2026-03-25 14:26:02,875 : INFO : EventManager : Event: ======'player_brian_combo_step'====== Args={'value': 0, 'prev_value': 0, 'change': 0, 'player_num': 1, 'source': 'brian_combo'}
2026-03-25 14:26:02,875 : INFO : Mode.autoplunge : Started. Priority: 200
2026-03-25 14:26:02,875 : INFO : EventManager : Event: ======'modes_active_modes_changed'====== Args={}
2026-03-25 14:26:02,875 : INFO : EventManager : Event: ======'mode_autoplunge_started'====== Args={'player': 1, 'ball': 1, 'balls_remaining': 0, 'is_extra_ball': False}
2026-03-25 14:26:02,875 : INFO : Mode.stars_mode : Started. Priority: 220
2026-03-25 14:26:02,875 : INFO : EventManager : Event: ======'modes_active_modes_changed'====== Args={}
2026-03-25 14:26:02,875 : INFO : EventManager : Event: ======'mode_stars_mode_started'====== Args={'player': 1, 'ball': 1, 'balls_remaining': 0, 'is_extra_ball': False}
2026-03-25 14:26:02,875 : INFO : EventManager : Event: ======'player_stars_t40'====== Args={'value': 0, 'prev_value': 0, 'change': 0, 'player_num': 1, 'source': 'stars_mode'}
2026-03-25 14:26:02,875 : INFO : EventManager : Event: ======'player_stars_t41'====== Args={'value': 0, 'prev_value': 0, 'change': 0, 'player_num': 1, 'source': 'stars_mode'}
2026-03-25 14:26:02,875 : INFO : EventManager : Event: ======'player_stars_t42'====== Args={'value': 0, 'prev_value': 0, 'change': 0, 'player_num': 1, 'source': 'stars_mode'}
2026-03-25 14:26:02,875 : INFO : EventManager : Event: ======'player_stars_t43'====== Args={'value': 0, 'prev_value': 0, 'change': 0, 'player_num': 1, 'source': 'stars_mode'}
2026-03-25 14:26:02,875 : INFO : EventManager : Event: ======'player_stars_t63'====== Args={'value': 0, 'prev_value': 0, 'change': 0, 'player_num': 1, 'source': 'stars_mode'}
2026-03-25 14:26:02,876 : INFO : EventManager : Event: ======'player_stars_s80_on'====== Args={'value': 0, 'prev_value': 0, 'change': 0, 'player_num': 1, 'source': 'stars_mode'}
2026-03-25 14:26:02,876 : INFO : EventManager : Event: ======'player_stars_s80_qualified'====== Args={'value': 0, 'prev_value': 0, 'change': 0, 'player_num': 1, 'source': 'stars_mode'}
2026-03-25 14:26:02,876 : INFO : EventManager : Event: ======'player_stars_targets_lit_count'====== Args={'value': 0, 'prev_value': 0, 'change': 0, 'player_num': 1, 'source': 'stars_mode'}
2026-03-25 14:26:02,876 : INFO : EventManager : Event: ======'player_stars_10x_active'====== Args={'value': 0, 'prev_value': 0, 'change': 0, 'player_num': 1, 'source': 'stars_mode'}
2026-03-25 14:26:02,876 : INFO : EventManager : Event: ======'logicblock_super_pops_phase1_counter_updated'====== Args={'value': 0, 'enabled': False}
2026-03-25 14:26:02,876 : INFO : EventManager : Event: ======'logicblock_super_pops_phase2_counter_updated'====== Args={'value': 0, 'enabled': False}
2026-03-25 14:26:02,876 : INFO : EventManager : Event: ======'logicblock_super_pops_phase3_counter_updated'====== Args={'value': 0, 'enabled': False}
2026-03-25 14:26:02,876 : INFO : EventManager : Event: ======'logicblock_super_pops_mega_counter_updated'====== Args={'value': 0, 'enabled': False}
2026-03-25 14:26:02,876 : INFO : Mode.super_pops : Started. Priority: 210
2026-03-25 14:26:02,876 : INFO : EventManager : Event: ======'modes_active_modes_changed'====== Args={}
2026-03-25 14:26:02,876 : INFO : EventManager : Event: ======'mode_super_pops_started'====== Args={'queue': <QueuedEvent>, 'player': 1, 'ball': 1, 'balls_remaining': 0, 'is_extra_ball': False}
2026-03-25 14:26:02,877 : INFO : EventManager : Event: ======'logicblock_super_pops_phase1_counter_updated'====== Args={'value': 0, 'enabled': True}
2026-03-25 14:26:02,877 : INFO : EventManager : Event: ======'logicblock_super_pops_phase1_counter_updated'====== Args={'value': 0, 'enabled': True}
2026-03-25 14:26:02,877 : INFO : EventManager : Event: ======'player_score'====== Args={'value': 1000000, 'prev_value': 0, 'change': 1000000, 'player_num': 1, 'source': 'super_pops'}
2026-03-25 14:26:02,877 : INFO : EventManager : Event: ======'player_super_pops_multiplier'====== Args={'value': 1, 'prev_value': 0, 'change': 1, 'player_num': 1, 'source': 'super_pops'}
2026-03-25 14:26:02,877 : INFO : EventManager : Event: ======'single_player_ball_started'====== Args={}
2026-03-25 14:26:02,878 : INFO : EventManager : Event: ======'ball_start_target'====== Args={'target': 'playfield'}
2026-03-25 14:26:02,878 : INFO : ball_device.bd_plunger : Setting up player-controlled eject. Balls: 1, Target: <playfield.playfield>, player_controlled_eject_event: None
2026-03-25 14:26:02,879 : INFO : EventManager : Event: ======'balldevice_balls_available'====== Args={}
2026-03-25 14:26:02,882 : INFO : ball_device.bd_trough : State: waiting_for_target_ready
2026-03-25 14:26:02,882 : INFO : EventManager : Event: ======'balldevice_bd_trough_ball_eject_attempt'====== Args={'balls': 1, 'target': <ball_device.bd_plunger>, 'source': <ball_device.bd_trough>, 'mechanical_eject': True, 'num_attempts': 0}
2026-03-25 14:26:02,882 : INFO : ball_device.bd_plunger : State: waiting_for_ball
2026-03-25 14:26:02,883 : INFO : ball_device.bd_trough : State: ejecting
2026-03-25 14:26:02,883 : INFO : ball_device.bd_trough : Ejecting ball to <ball_device.bd_plunger>
2026-03-25 14:26:02,883 : INFO : EventManager : Event: ======'balldevice_bd_trough_ejecting_ball'====== Args={'balls': 1, 'target': <ball_device.bd_plunger>, 'source': <ball_device.bd_trough>, 'mechanical_eject': True, 'num_attempts': 0}
2026-03-25 14:26:02,884 : INFO : ball_device.bd_trough : Wait for ball to leave device
2026-03-25 14:26:02,885 : INFO : coil.c_02_trough_eject : Pulsing Driver for 30ms (1.0 pulse_power)
2026-03-25 14:26:02,922 : INFO : SwitchController : <<<<<<< 's_24_trough_1' inactive >>>>>>>
2026-03-25 14:26:02,922 : INFO : SwitchController : <<<<<<< 's_30_trough_jam' active >>>>>>>
2026-03-25 14:26:02,922 : INFO : EventManager : Event: ======'machine_var_audits_switches_s_30_trough_jam'====== Args={'value': 23, 'prev_value': 22, 'change': 1}
2026-03-25 14:26:02,923 : INFO : ball_device.bd_trough : State: ball_left
2026-03-25 14:26:02,923 : INFO : ball_device.bd_trough : Ball left
2026-03-25 14:26:02,923 : INFO : ball_device.bd_trough : Wait for confirm with timeout 10.0
2026-03-25 14:26:02,937 : INFO : SwitchController : <<<<<<< 's_30_trough_jam' inactive >>>>>>>
2026-03-25 14:26:03,161 : INFO : EventManager : Event: ======'slide_base_slide_created'====== Args={'_from_bcp': True}
2026-03-25 14:26:03,162 : INFO : EventManager : Event: ======'slide_attract_inactive'====== Args={'is_removing': True, '_from_bcp': True}
2026-03-25 14:26:03,162 : INFO : EventManager : Event: ======'slide_base_slide_active'====== Args={'original_context': 'base', 'original_calling_context': 'mode_base_started', 'priority': 100.0, 'queue': '<QueuedEvent>', 'player': 1.0, 'ball': 1.0, 'balls_remaining': 0.0, 'is_extra_ball': False, 'cmd': 'slides_play', '_from_bcp': True}
2026-03-25 14:26:03,180 : INFO : EventManager : Event: ======'slide_attract_removed'====== Args={'_from_bcp': True}
2026-03-25 14:26:05,105 : INFO : SwitchController : <<<<<<< 's_08_left_flipper' active >>>>>>>
2026-03-25 14:26:05,105 : INFO : EventManager : Event: ======'machine_var_audits_switches_s_08_left_flipper'====== Args={'value': 199, 'prev_value': 198, 'change': 1}
2026-03-25 14:26:08,105 : INFO : EventManager : Event: ======'flipper_cradle'====== Args={}
2026-03-25 14:26:09,166 : INFO : SwitchController : <<<<<<< 's_08_left_flipper' inactive >>>>>>>
2026-03-25 14:26:09,166 : INFO : EventManager : Event: ======'flipper_cradle_release'====== Args={}
2026-03-25 14:26:09,829 : INFO : SwitchController : <<<<<<< 's_08_left_flipper' active >>>>>>>
2026-03-25 14:26:09,829 : INFO : EventManager : Event: ======'machine_var_audits_switches_s_08_left_flipper'====== Args={'value': 200, 'prev_value': 199, 'change': 1}
2026-03-25 14:26:10,384 : INFO : SwitchController : <<<<<<< 's_08_left_flipper' inactive >>>>>>>
2026-03-25 14:26:10,747 : INFO : SwitchController : <<<<<<< 's_08_left_flipper' active >>>>>>>
2026-03-25 14:26:10,747 : INFO : EventManager : Event: ======'machine_var_audits_switches_s_08_left_flipper'====== Args={'value': 201, 'prev_value': 200, 'change': 1}
2026-03-25 14:26:11,160 : INFO : SwitchController : <<<<<<< 's_08_left_flipper' inactive >>>>>>>
2026-03-25 14:26:12,921 : INFO : ball_device.bd_trough : State: failed_confirm
2026-03-25 14:26:12,921 : INFO : ball_device.bd_trough : Got timeout (10.0s) before confirm from <ball_device.bd_plunger>
2026-03-25 14:26:12,922 : INFO : ball_device.bd_plunger : Expecting incoming ball which may skip the device.
2026-03-25 14:26:12,922 : INFO : EventManager : Event: ======'balldevice_bd_plunger_ejecting_ball'====== Args={'balls': 1, 'target': <playfield.playfield>, 'source': <ball_device.bd_plunger>, 'mechanical_eject': False, 'num_attempts': 1}
2026-03-25 14:26:13,493 : INFO : SwitchController : <<<<<<< 's_08_left_flipper' active >>>>>>>
2026-03-25 14:26:13,493 : INFO : EventManager : Event: ======'machine_var_audits_switches_s_08_left_flipper'====== Args={'value': 202, 'prev_value': 201, 'change': 1}
2026-03-25 14:26:14,446 : INFO : SwitchController : <<<<<<< 's_08_left_flipper' inactive >>>>>>>
2026-03-25 14:26:14,762 : INFO : SwitchController : <<<<<<< 's_16_right_flipper' active >>>>>>>
2026-03-25 14:26:14,762 : INFO : EventManager : Event: ======'machine_var_audits_switches_s_16_right_flipper'====== Args={'value': 245, 'prev_value': 244, 'change': 1}
2026-03-25 14:26:14,809 : INFO : SwitchController : <<<<<<< 's_17_right_flipper_upper' active >>>>>>>
2026-03-25 14:26:14,809 : INFO : EventManager : Event: ======'machine_var_audits_switches_s_17_right_flipper_upper'====== Args={'value': 189, 'prev_value': 188, 'change': 1}
2026-03-25 14:26:15,553 : INFO : SwitchController : <<<<<<< 's_17_right_flipper_upper' inactive >>>>>>>
2026-03-25 14:26:15,569 : INFO : SwitchController : <<<<<<< 's_16_right_flipper' inactive >>>>>>>
2026-03-25 14:26:16,252 : INFO : SwitchController : <<<<<<< 's_08_left_flipper' active >>>>>>>
2026-03-25 14:26:16,252 : INFO : EventManager : Event: ======'machine_var_audits_switches_s_08_left_flipper'====== Args={'value': 203, 'prev_value': 202, 'change': 1}
2026-03-25 14:26:16,917 : INFO : ball_device.bd_plunger : Got confirm for skipping ball.
2026-03-25 14:26:16,917 : INFO : ball_device.bd_plunger : Eject successful
2026-03-25 14:26:16,917 : INFO : EventManager : Event: ======'balldevice_bd_plunger_ball_eject_success'====== Args={'balls': 1, 'target': <playfield.playfield>}
2026-03-25 14:26:16,917 : INFO : EventManager : Event: ======'balldevice_playfield_ball_enter'====== Args={'new_balls': 1, 'unclaimed_balls': 1, 'device': <playfield.playfield>}
2026-03-25 14:26:16,918 : INFO : EventManager : Event: ======'playfield_ball_count_change'====== Args={'balls': 1, 'change': 1}
2026-03-25 14:26:16,918 : INFO : ball_device.bd_plunger : State: idle
2026-03-25 14:26:16,919 : INFO : ball_device.bd_trough : Eject successful
2026-03-25 14:26:16,919 : INFO : EventManager : Event: ======'balldevice_bd_trough_ball_eject_success'====== Args={'balls': 1, 'target': <ball_device.bd_plunger>}
2026-03-25 14:26:16,919 : INFO : EventManager : Event: ======'balldevice_bd_trough_ball_count_changed'====== Args={'balls': 0}
2026-03-25 14:26:16,919 : INFO : ball_device.bd_trough : State: idle
2026-03-25 14:26:17,139 : INFO : SwitchController : <<<<<<< 's_08_left_flipper' inactive >>>>>>>
2026-03-25 14:26:18,519 : INFO : SwitchController : <<<<<<< 's_08_left_flipper' active >>>>>>>
2026-03-25 14:26:18,519 : INFO : EventManager : Event: ======'machine_var_audits_switches_s_08_left_flipper'====== Args={'value': 204, 'prev_value': 203, 'change': 1}
2026-03-25 14:26:18,614 : INFO : SwitchController : <<<<<<< 's_08_left_flipper' inactive >>>>>>>
2026-03-25 14:26:18,757 : INFO : SwitchController : <<<<<<< 's_08_left_flipper' active >>>>>>>
2026-03-25 14:26:18,757 : INFO : EventManager : Event: ======'machine_var_audits_switches_s_08_left_flipper'====== Args={'value': 205, 'prev_value': 204, 'change': 1}
2026-03-25 14:26:18,821 : INFO : SwitchController : <<<<<<< 's_08_left_flipper' inactive >>>>>>>
2026-03-25 14:26:22,167 : INFO : SwitchController : <<<<<<< 's_30_trough_jam' active >>>>>>>
2026-03-25 14:26:22,167 : INFO : EventManager : Event: ======'machine_var_audits_switches_s_30_trough_jam'====== Args={'value': 24, 'prev_value': 23, 'change': 1}
2026-03-25 14:26:22,183 : INFO : SwitchController : <<<<<<< 's_30_trough_jam' inactive >>>>>>>
2026-03-25 14:26:22,183 : INFO : SwitchController : <<<<<<< 's_24_trough_1' active >>>>>>>
2026-03-25 14:26:22,183 : INFO : EventManager : Event: ======'machine_var_audits_switches_s_24_trough_1'====== Args={'value': 21, 'prev_value': 20, 'change': 1}
2026-03-25 14:26:22,215 : INFO : SwitchController : <<<<<<< 's_24_trough_1' inactive >>>>>>>
2026-03-25 14:26:22,293 : INFO : SwitchController : <<<<<<< 's_25_trough_2' active >>>>>>>
2026-03-25 14:26:22,293 : INFO : EventManager : Event: ======'machine_var_audits_switches_s_25_trough_2'====== Args={'value': 18, 'prev_value': 17, 'change': 1}
2026-03-25 14:26:22,468 : INFO : SwitchController : <<<<<<< 's_25_trough_2' inactive >>>>>>>
2026-03-25 14:26:22,516 : INFO : SwitchController : <<<<<<< 's_26_trough_3' active >>>>>>>
2026-03-25 14:26:22,516 : INFO : EventManager : Event: ======'machine_var_audits_switches_s_26_trough_3'====== Args={'value': 17, 'prev_value': 16, 'change': 1}
2026-03-25 14:26:22,882 : INFO : SwitchController : <<<<<<< 's_26_trough_3' inactive >>>>>>>
2026-03-25 14:26:22,913 : INFO : SwitchController : <<<<<<< 's_25_trough_2' active >>>>>>>
2026-03-25 14:26:22,913 : INFO : EventManager : Event: ======'machine_var_audits_switches_s_25_trough_2'====== Args={'value': 19, 'prev_value': 18, 'change': 1}
2026-03-25 14:26:23,104 : INFO : SwitchController : <<<<<<< 's_25_trough_2' inactive >>>>>>>
2026-03-25 14:26:23,120 : INFO : SwitchController : <<<<<<< 's_24_trough_1' active >>>>>>>
2026-03-25 14:26:23,120 : INFO : EventManager : Event: ======'machine_var_audits_switches_s_24_trough_1'====== Args={'value': 22, 'prev_value': 21, 'change': 1}
2026-03-25 14:26:23,625 : INFO : EventManager : Event: ======'balldevice_bd_trough_ball_count_changed'====== Args={'balls': 1}
2026-03-25 14:26:23,625 : INFO : ball_device.bd_trough : Received unexpected ball
2026-03-25 14:26:23,625 : INFO : EventManager : Event: ======'balldevice_captured_from_playfield'====== Args={'balls': 1}
2026-03-25 14:26:23,625 : INFO : EventManager : Event: ======'sw_playfield_active'====== Args={'balls': 1}
2026-03-25 14:26:23,626 : INFO : EventManager : Event: ======'playfield_ball_count_change'====== Args={'balls': 0, 'change': -1}
2026-03-25 14:26:23,626 : INFO : EventManager : Event: ======'balldevice_bd_trough_ball_enter'====== Args={'new_balls': 1, 'unclaimed_balls': 1, 'new_available_balls': 1, 'device': <ball_device.bd_trough>}
2026-03-25 14:26:23,626 : INFO : EventManager : Event: ======'ball_drain'====== Args={'device': <ball_device.bd_trough>, 'balls': 1}
2026-03-25 14:26:23,627 : INFO : EventManager : Event: ======'ball_will_end'====== Args={}
2026-03-25 14:26:23,627 : INFO : EventManager : Event: ======'balldevice_balls_available'====== Args={}
2026-03-25 14:26:23,627 : INFO : EventManager : Event: ======'balldevice_bd_trough_ball_entered'====== Args={'new_balls': 1, 'device': <ball_device.bd_trough>}
2026-03-25 14:26:23,627 : INFO : EventManager : Event: ======'mode_stars_mode_will_stop'====== Args={}
2026-03-25 14:26:23,627 : INFO : EventManager : Event: ======'mode_stars_mode_stopping'====== Args={}
2026-03-25 14:26:23,627 : INFO : EventManager : Event: ======'mode_skillshot_will_stop'====== Args={}
2026-03-25 14:26:23,627 : INFO : EventManager : Event: ======'mode_skillshot_stopping'====== Args={}
2026-03-25 14:26:23,628 : INFO : EventManager : Event: ======'mode_spinner_2x_qualify_will_stop'====== Args={}
2026-03-25 14:26:23,628 : INFO : EventManager : Event: ======'mode_spinner_2x_qualify_stopping'====== Args={}
2026-03-25 14:26:23,628 : INFO : EventManager : Event: ======'mode_base_will_stop'====== Args={}
2026-03-25 14:26:23,628 : INFO : EventManager : Event: ======'mode_base_stopping'====== Args={}
2026-03-25 14:26:23,628 : INFO : Mode.spinner_2x_qualify : Stopped.
2026-03-25 14:26:23,628 : INFO : EventManager : Event: ======'modes_active_modes_changed'====== Args={}
2026-03-25 14:26:23,628 : INFO : EventManager : Event: ======'mode_spinner_2x_qualify_stopped'====== Args={}
2026-03-25 14:26:23,628 : INFO : EventManager : Event: ======'clear'====== Args={'key': 'spinner_2x_qualify'}
2026-03-25 14:26:23,628 : INFO : Mode.skillshot : Stopped.
2026-03-25 14:26:23,628 : INFO : EventManager : Event: ======'modes_active_modes_changed'====== Args={}
2026-03-25 14:26:23,629 : INFO : EventManager : Event: ======'mode_skillshot_stopped'====== Args={}
2026-03-25 14:26:23,629 : INFO : EventManager : Event: ======'clear'====== Args={'key': 'skillshot'}
2026-03-25 14:26:23,629 : INFO : Mode.stars_mode : Stopped.
2026-03-25 14:26:23,629 : INFO : EventManager : Event: ======'modes_active_modes_changed'====== Args={}
2026-03-25 14:26:23,629 : INFO : EventManager : Event: ======'mode_stars_mode_stopped'====== Args={}
2026-03-25 14:26:23,629 : INFO : EventManager : Event: ======'clear'====== Args={'key': 'stars_mode'}
2026-03-25 14:26:23,630 : INFO : Timer.stars_s80_hold : Stopping Timer
2026-03-25 14:26:23,630 : INFO : EventManager : Event: ======'timer_stars_s80_hold_stopped'====== Args={'ticks': 0, 'ticks_remaining': 0}
2026-03-25 14:26:23,630 : INFO : Timer.stars_10x_timer : Stopping Timer
2026-03-25 14:26:23,630 : INFO : EventManager : Event: ======'timer_stars_10x_timer_stopped'====== Args={'ticks': 0, 'ticks_remaining': 0}
2026-03-25 14:26:23,630 : INFO : EventManager : Event: ======'mode_super_pops_will_stop'====== Args={}
2026-03-25 14:26:23,630 : INFO : EventManager : Event: ======'mode_super_pops_stopping'====== Args={}
2026-03-25 14:26:23,630 : INFO : Timer.varitarget_reset_timer : Stopping Timer
2026-03-25 14:26:23,630 : INFO : EventManager : Event: ======'timer_varitarget_reset_timer_stopped'====== Args={'ticks': 0, 'ticks_remaining': 0}
2026-03-25 14:26:23,630 : INFO : Timer.varitarget_hit_settle : Stopping Timer
2026-03-25 14:26:23,631 : INFO : EventManager : Event: ======'timer_varitarget_hit_settle_stopped'====== Args={'ticks': 3, 'ticks_remaining': 0}
2026-03-25 14:26:23,631 : INFO : Mode.base : Stopped.
2026-03-25 14:26:23,631 : INFO : EventManager : Event: ======'modes_active_modes_changed'====== Args={}
2026-03-25 14:26:23,631 : INFO : EventManager : Event: ======'mode_base_stopped'====== Args={}
2026-03-25 14:26:23,631 : INFO : EventManager : Event: ======'clear'====== Args={'key': 'base'}
2026-03-25 14:26:23,631 : INFO : Timer.varitarget_reset_timer : Stopping Timer
2026-03-25 14:26:23,632 : INFO : EventManager : Event: ======'timer_varitarget_reset_timer_stopped'====== Args={'ticks': 0, 'ticks_remaining': 0}
2026-03-25 14:26:23,632 : INFO : Timer.varitarget_hit_settle : Stopping Timer
2026-03-25 14:26:23,632 : INFO : EventManager : Event: ======'timer_varitarget_hit_settle_stopped'====== Args={'ticks': 3, 'ticks_remaining': 0}
2026-03-25 14:26:23,633 : INFO : Mode.super_pops : Stopped.
2026-03-25 14:26:23,633 : INFO : EventManager : Event: ======'modes_active_modes_changed'====== Args={}
2026-03-25 14:26:23,633 : INFO : EventManager : Event: ======'mode_super_pops_stopped'====== Args={}
2026-03-25 14:26:23,633 : INFO : EventManager : Event: ======'clear'====== Args={'key': 'super_pops'}
2026-03-25 14:26:23,633 : INFO : Timer.super_pops_mult_timer : Stopping Timer
2026-03-25 14:26:23,633 : INFO : EventManager : Event: ======'timer_super_pops_mult_timer_stopped'====== Args={'ticks': 0, 'ticks_remaining': 0}
2026-03-25 14:26:23,634 : INFO : EventManager : Event: ======'ball_ending'====== Args={}
2026-03-25 14:26:23,634 : INFO : EventManager : Event: ======'mode_autoplunge_will_stop'====== Args={}
2026-03-25 14:26:23,634 : INFO : EventManager : Event: ======'mode_autoplunge_stopping'====== Args={}
2026-03-25 14:26:23,634 : INFO : Timer.t_auto_plunge : Stopping Timer
2026-03-25 14:26:23,634 : INFO : EventManager : Event: ======'timer_t_auto_plunge_stopped'====== Args={'ticks': 10, 'ticks_remaining': 0}
2026-03-25 14:26:23,634 : INFO : EventManager : Event: ======'mode_brian_combo_will_stop'====== Args={}
2026-03-25 14:26:23,635 : INFO : EventManager : Event: ======'mode_brian_combo_stopping'====== Args={}
2026-03-25 14:26:23,635 : INFO : Mode.brian_combo : Stopped.
2026-03-25 14:26:23,635 : INFO : EventManager : Event: ======'modes_active_modes_changed'====== Args={}
2026-03-25 14:26:23,635 : INFO : EventManager : Event: ======'mode_brian_combo_stopped'====== Args={}
2026-03-25 14:26:23,635 : INFO : EventManager : Event: ======'clear'====== Args={'key': 'brian_combo'}
2026-03-25 14:26:23,635 : INFO : Mode.autoplunge : Stopped.
2026-03-25 14:26:23,635 : INFO : EventManager : Event: ======'modes_active_modes_changed'====== Args={}
2026-03-25 14:26:23,635 : INFO : EventManager : Event: ======'mode_autoplunge_stopped'====== Args={}
2026-03-25 14:26:23,635 : INFO : EventManager : Event: ======'clear'====== Args={'key': 'autoplunge'}
2026-03-25 14:26:23,635 : INFO : Timer.t_auto_plunge : Stopping Timer
2026-03-25 14:26:23,635 : INFO : EventManager : Event: ======'timer_t_auto_plunge_stopped'====== Args={'ticks': 10, 'ticks_remaining': 0}
2026-03-25 14:26:23,636 : INFO : EventManager : Event: ======'ball_ended'====== Args={}
2026-03-25 14:26:23,637 : INFO : EventManager : Event: ======'player_turn_will_end'====== Args={'player': <Player 1>, 'number': 1}
2026-03-25 14:26:23,637 : INFO : EventManager : Event: ======'player_turn_ending'====== Args={'player': <Player 1>, 'number': 1}
2026-03-25 14:26:23,638 : INFO : EventManager : Event: ======'player_turn_ended'====== Args={'player': <Player 1>, 'number': 1}
2026-03-25 14:26:23,638 : INFO : EventManager : Event: ======'game_will_end'====== Args={}
2026-03-25 14:26:23,638 : INFO : EventManager : Event: ======'game_ending'====== Args={}
2026-03-25 14:26:23,639 : INFO : EventManager : Event: ======'mode_high_score_will_start'====== Args={'queue': <QueuedEvent>}
2026-03-25 14:26:23,640 : INFO : EventManager : Event: ======'mode_high_score_starting'====== Args={'queue': <QueuedEvent>}
2026-03-25 14:26:23,640 : INFO : Mode.high_score : Started. Priority: 500
2026-03-25 14:26:23,640 : INFO : EventManager : Event: ======'modes_active_modes_changed'====== Args={}
2026-03-25 14:26:23,640 : INFO : EventManager : Event: ======'mode_high_score_started'====== Args={'queue': <QueuedEvent>}
2026-03-25 14:26:23,641 : INFO : EventManager : Event: ======'mode_high_score_will_stop'====== Args={}
2026-03-25 14:26:23,641 : INFO : EventManager : Event: ======'mode_high_score_stopping'====== Args={}
2026-03-25 14:26:23,641 : INFO : Mode.high_score : Stopped.
2026-03-25 14:26:23,641 : INFO : EventManager : Event: ======'modes_active_modes_changed'====== Args={}
2026-03-25 14:26:23,642 : INFO : EventManager : Event: ======'mode_high_score_stopped'====== Args={}
2026-03-25 14:26:23,642 : INFO : EventManager : Event: ======'clear'====== Args={'key': 'high_score'}
2026-03-25 14:26:23,643 : INFO : EventManager : Event: ======'game_ended'====== Args={}
2026-03-25 14:26:23,643 : INFO : EventManager : Event: ======'mode_game_will_stop'====== Args={}
2026-03-25 14:26:23,643 : INFO : EventManager : Event: ======'mode_game_stopping'====== Args={}
2026-03-25 14:26:23,644 : INFO : EventManager : Event: ======'mode_attract_will_start'====== Args={}
2026-03-25 14:26:23,644 : INFO : Timer.attract_carousel_timer : Starting Timer.
2026-03-25 14:26:23,644 : INFO : EventManager : Event: ======'timer_attract_carousel_timer_started'====== Args={'ticks': 0, 'ticks_remaining': 1}
2026-03-25 14:26:23,644 : INFO : EventManager : Event: ======'timer_attract_carousel_timer_tick'====== Args={'ticks': 0, 'ticks_remaining': 1}
2026-03-25 14:26:23,645 : INFO : EventManager : Event: ======'mode_attract_starting'====== Args={}
2026-03-25 14:26:23,645 : INFO : EventManager : Event: ======'machine_var_last_game_score'====== Args={'value': 1000000, 'prev_value': 0, 'change': 1000000}
2026-03-25 14:26:23,646 : INFO : Mode.attract : Started. Priority: 10
2026-03-25 14:26:23,646 : INFO : EventManager : Event: ======'modes_active_modes_changed'====== Args={}
2026-03-25 14:26:23,646 : INFO : EventManager : Event: ======'mode_attract_started'====== Args={}
2026-03-25 14:26:23,646 : INFO : EventManager : Event: ======'start_mode_attract_scores'====== Args={'priority': 0}
2026-03-25 14:26:23,646 : INFO : EventManager : Event: ======'start_mode_attract_credits'====== Args={'priority': 0}
2026-03-25 14:26:23,646 : INFO : EventManager : Event: ======'mode_attract_scores_will_start'====== Args={'priority': 0}
2026-03-25 14:26:23,647 : INFO : Timer.attract_scores_carousel_timer : Starting Timer.
2026-03-25 14:26:23,647 : INFO : EventManager : Event: ======'timer_attract_scores_carousel_timer_started'====== Args={'ticks': 0, 'ticks_remaining': 1}
2026-03-25 14:26:23,647 : INFO : EventManager : Event: ======'timer_attract_scores_carousel_timer_tick'====== Args={'ticks': 0, 'ticks_remaining': 1}
2026-03-25 14:26:23,647 : INFO : EventManager : Event: ======'mode_attract_scores_starting'====== Args={'priority': 0}
2026-03-25 14:26:23,647 : INFO : EventManager : Event: ======'mode_attract_credits_will_start'====== Args={'priority': 0}
2026-03-25 14:26:23,648 : INFO : Timer.attract_credits_carousel_timer : Starting Timer.
2026-03-25 14:26:23,648 : INFO : EventManager : Event: ======'timer_attract_credits_carousel_timer_started'====== Args={'ticks': 0, 'ticks_remaining': 1}
2026-03-25 14:26:23,648 : INFO : EventManager : Event: ======'timer_attract_credits_carousel_timer_tick'====== Args={'ticks': 0, 'ticks_remaining': 1}
2026-03-25 14:26:23,648 : INFO : EventManager : Event: ======'mode_attract_credits_starting'====== Args={'priority': 0}
2026-03-25 14:26:23,648 : INFO : Mode.attract_credits : Started. Priority: 8
2026-03-25 14:26:23,648 : INFO : EventManager : Event: ======'modes_active_modes_changed'====== Args={}
2026-03-25 14:26:23,648 : INFO : EventManager : Event: ======'mode_attract_credits_started'====== Args={'priority': 0}
2026-03-25 14:26:23,649 : INFO : EventManager : Event: ======'carousel_item_highlighted'====== Args={'carousel': 'attract_credits', 'direction': None, 'item': 'credits_sfx'}
2026-03-25 14:26:23,649 : INFO : Mode.attract_scores : Started. Priority: 9
2026-03-25 14:26:23,649 : INFO : EventManager : Event: ======'modes_active_modes_changed'====== Args={}
2026-03-25 14:26:23,649 : INFO : EventManager : Event: ======'mode_attract_scores_started'====== Args={'priority': 0}
2026-03-25 14:26:23,649 : INFO : EventManager : Event: ======'carousel_item_highlighted'====== Args={'carousel': 'attract_scores', 'direction': None, 'item': 'last_game_score'}
2026-03-25 14:26:23,649 : INFO : EventManager : Event: ======'collecting_balls_complete'====== Args={}
2026-03-25 14:26:23,649 : INFO : EventManager : Event: ======'carousel_item_highlighted'====== Args={'carousel': 'attract', 'direction': None, 'item': 'title'}
2026-03-25 14:26:23,651 : INFO : Mode.game : Stopped.
2026-03-25 14:26:23,651 : INFO : EventManager : Event: ======'modes_active_modes_changed'====== Args={}
2026-03-25 14:26:23,651 : INFO : EventManager : Event: ======'mode_game_stopped'====== Args={}
2026-03-25 14:26:23,651 : INFO : EventManager : Event: ======'clear'====== Args={'key': 'game'}
2026-03-25 14:26:23,697 : INFO : EventManager : Event: ======'slide_attract_created'====== Args={'_from_bcp': True}
2026-03-25 14:26:23,698 : INFO : EventManager : Event: ======'slide_base_slide_inactive'====== Args={'is_removing': True, '_from_bcp': True}
2026-03-25 14:26:23,698 : INFO : EventManager : Event: ======'slide_attract_active'====== Args={'original_context': 'attract', 'original_calling_context': 'mode_attract_started', 'priority': 10.0, 'cmd': 'slides_play', '_from_bcp': True}
2026-03-25 14:26:23,715 : INFO : EventManager : Event: ======'slide_base_slide_removed'====== Args={'_from_bcp': True}
2026-03-25 14:26:28,638 : INFO : Timer.attract_carousel_timer : Timer Complete
2026-03-25 14:26:28,638 : INFO : Timer.attract_carousel_timer : Stopping Timer
2026-03-25 14:26:28,638 : INFO : EventManager : Event: ======'timer_attract_carousel_timer_stopped'====== Args={'ticks': 1, 'ticks_remaining': 1}
2026-03-25 14:26:28,638 : INFO : EventManager : Event: ======'timer_attract_carousel_timer_complete'====== Args={'ticks': 1, 'ticks_remaining': 1}
2026-03-25 14:26:28,638 : INFO : Timer.attract_scores_carousel_timer : Timer Complete
2026-03-25 14:26:28,638 : INFO : Timer.attract_scores_carousel_timer : Stopping Timer
2026-03-25 14:26:28,638 : INFO : EventManager : Event: ======'timer_attract_scores_carousel_timer_stopped'====== Args={'ticks': 1, 'ticks_remaining': 1}
2026-03-25 14:26:28,638 : INFO : EventManager : Event: ======'timer_attract_scores_carousel_timer_complete'====== Args={'ticks': 1, 'ticks_remaining': 1}
2026-03-25 14:26:28,638 : INFO : Timer.attract_credits_carousel_timer : Timer Complete
2026-03-25 14:26:28,638 : INFO : Timer.attract_credits_carousel_timer : Stopping Timer
2026-03-25 14:26:28,638 : INFO : EventManager : Event: ======'timer_attract_credits_carousel_timer_stopped'====== Args={'ticks': 1, 'ticks_remaining': 1}
2026-03-25 14:26:28,638 : INFO : EventManager : Event: ======'timer_attract_credits_carousel_timer_complete'====== Args={'ticks': 1, 'ticks_remaining': 1}
2026-03-25 14:26:28,639 : INFO : EventManager : Event: ======'carousel_item_highlighted'====== Args={'carousel': 'attract', 'direction': 'forwards', 'item': 'title2'}
2026-03-25 14:26:28,639 : INFO : Timer.attract_carousel_timer : Starting Timer.
2026-03-25 14:26:28,639 : INFO : EventManager : Event: ======'timer_attract_carousel_timer_started'====== Args={'ticks': 0, 'ticks_remaining': 1}
2026-03-25 14:26:28,639 : INFO : EventManager : Event: ======'timer_attract_carousel_timer_tick'====== Args={'ticks': 0, 'ticks_remaining': 1}
2026-03-25 14:26:28,639 : INFO : EventManager : Event: ======'carousel_item_highlighted'====== Args={'carousel': 'attract_scores', 'direction': 'forwards', 'item': 'grand_champion'}
2026-03-25 14:26:28,639 : INFO : EventManager : Event: ======'carousel_item_highlighted'====== Args={'carousel': 'attract_credits', 'direction': 'forwards', 'item': 'credits_mpf'}
2026-03-25 14:26:29,109 : INFO : Machine : Shutting down...
2026-03-25 14:26:29,109 : INFO : EventManager : Event: ======'shutdown'====== Args={}
2026-03-25 14:26:29,194 : INFO : root : MPF run loop ended.
