2026-03-28 14:56:29,689 : INFO : root : Loading config.
2026-03-28 14:56:29,693 : INFO : YamlMultifileConfigLoader : Machine config file #1: config.yaml
2026-03-28 14:56:29,693 : WARNING : ConfigProcessor : Config file in cache changed: C:\Users\tl\Documents\tl-pinball\config\config.yaml
2026-03-28 14:56:29,694 : INFO : ConfigProcessor : Loading config from file C:\mpf\Lib\site-packages\mpf\mpfconfig.yaml.
2026-03-28 14:56:29,706 : INFO : ConfigProcessor : Loading config: C:\mpf\Lib\site-packages\mpf\mpfconfig.yaml
2026-03-28 14:56:29,706 : INFO : ConfigProcessor : Loading config from file C:\Users\tl\Documents\tl-pinball\config\config.yaml.
2026-03-28 14:56:29,716 : INFO : ConfigProcessor : Loading config: C:\Users\tl\Documents\tl-pinball\config\config.yaml
2026-03-28 14:56:29,718 : INFO : ConfigProcessor : Loading config: C:\Users\tl\Documents\tl-pinball\config\config_hardware.yaml
2026-03-28 14:56:29,720 : INFO : ConfigProcessor : Loading config: C:\Users\tl\Documents\tl-pinball\config\config_ball_devices.yaml
2026-03-28 14:56:29,721 : INFO : ConfigProcessor : Loading config: C:\Users\tl\Documents\tl-pinball\config\config_sounds.yaml
2026-03-28 14:56:29,721 : ERROR : ConfigProcessor : Config section 'sounds' is removed in MPF 0.80 and will be ignored.
2026-03-28 14:56:29,723 : INFO : ConfigProcessor : Loading config: C:\Users\tl\Documents\tl-pinball\config\device_config_lights_led.yaml
2026-03-28 14:56:29,725 : INFO : ConfigProcessor : Loading config: C:\Users\tl\Documents\tl-pinball\config\device_config_game.yaml
2026-03-28 14:56:29,730 : INFO : ConfigProcessor : Loading config: C:\Users\tl\Documents\tl-pinball\config\device_config_iomap.yaml
2026-03-28 14:56:29,734 : INFO : ConfigProcessor : Loading config: C:\Users\tl\Documents\tl-pinball\config\device_config_iomap_coils.yaml
2026-03-28 14:56:29,737 : INFO : ConfigProcessor : Loading config: C:\Users\tl\Documents\tl-pinball\config\config_testing.yaml
2026-03-28 14:56:29,738 : INFO : ConfigProcessor : Loading config: C:\Users\tl\Documents\tl-pinball\config\config_ball_save.yaml
2026-03-28 14:56:29,739 : INFO : ConfigProcessor : Loading config: C:\Users\tl\Documents\tl-pinball\config\seq_shots.yaml
2026-03-28 14:56:29,742 : INFO : ConfigProcessor : Config file cache created: C:\Users\tl\AppData\Local\Temp\86f932e179f318f5dae29f066573dee9.mpf_cache
2026-03-28 14:56:29,842 : INFO : ConfigProcessor : Loading config from cache: C:\Users\tl\AppData\Local\Temp\5e7e3dd8e04e0aa46ea76018297218da.mpf_cache
2026-03-28 14:56:29,843 : INFO : ConfigProcessor : Loading config from cache: C:\Users\tl\AppData\Local\Temp\af6ad0dab2f43bd9cbdac83e0b2786ac.mpf_cache
2026-03-28 14:56:29,844 : INFO : ConfigProcessor : Loading config from cache: C:\Users\tl\AppData\Local\Temp\5e7e3dd8e04e0aa46ea76018297218da.mpf_cache
2026-03-28 14:56:29,845 : INFO : ConfigProcessor : Loading config from cache: C:\Users\tl\AppData\Local\Temp\078e3f4c59f1cd1bf0ff8685cc9e7ff5.mpf_cache
2026-03-28 14:56:29,845 : INFO : ConfigProcessor : Loading config from cache: C:\Users\tl\AppData\Local\Temp\279434e09bc5e8b073f441f36778b3c5.mpf_cache
2026-03-28 14:56:29,846 : INFO : ConfigProcessor : Loading config from cache: C:\Users\tl\AppData\Local\Temp\f7ef3217062c4a128670875e2cb05ce9.mpf_cache
2026-03-28 14:56:29,847 : INFO : ConfigProcessor : Loading config from cache: C:\Users\tl\AppData\Local\Temp\354636526653009b6f35f36c4dc3e189.mpf_cache
2026-03-28 14:56:29,848 : INFO : ConfigProcessor : Loading config from cache: C:\Users\tl\AppData\Local\Temp\b41aec6702196d0bd650320fa331266f.mpf_cache
2026-03-28 14:56:29,849 : INFO : ConfigProcessor : Loading config from cache: C:\Users\tl\AppData\Local\Temp\a951eeea2c167365e5a009cce33f51d8.mpf_cache
2026-03-28 14:56:29,850 : INFO : ConfigProcessor : Loading config from cache: C:\Users\tl\AppData\Local\Temp\f020dca9eec5e09763b9289397e6c32f.mpf_cache
2026-03-28 14:56:29,851 : INFO : ConfigProcessor : Loading config from cache: C:\Users\tl\AppData\Local\Temp\edce5a74ebf86ee6330810859c361ede.mpf_cache
2026-03-28 14:56:29,852 : INFO : ConfigProcessor : Loading config from cache: C:\Users\tl\AppData\Local\Temp\7c825e76f3d981841c3099d018a06a8f.mpf_cache
2026-03-28 14:56:29,853 : INFO : ConfigProcessor : Loading config from cache: C:\Users\tl\AppData\Local\Temp\4c1252d1f04cb61ecc91110937cfd225.mpf_cache
2026-03-28 14:56:29,854 : INFO : ConfigProcessor : Loading config from cache: C:\Users\tl\AppData\Local\Temp\8d6d681afe5a7b6e9186321cd98f18ca.mpf_cache
2026-03-28 14:56:29,855 : INFO : Machine : Mission Pinball Framework Core Engine v0.80.0.dev12
2026-03-28 14:56:29,855 : INFO : Machine : Command line arguments: {'no_load_cache': False, 'create_config_cache': True, 'bcp': True, 'configfile': ['config.yaml'], 'force_assets_load': False, 'platform_integration_test': False, 'jsonlogging': False, 'logfile': 'logs\\2026-03-28-14-56-29-mpf-DESKTOP-HV85DRD.log', 'pause': False, 'production': False, 'text_ui': False, 'loglevel': 15, 'consoleloglevel': 20, 'force_platform': None, 'syslog_address': None, 'full_logfile_path': 'C:\\Users\\tl\\Documents\\tl-pinball\\logs\\2026-03-28-14-56-29-mpf-DESKTOP-HV85DRD.log'}
2026-03-28 14:56:29,855 : INFO : Machine : MPF path: C:\mpf\Lib\site-packages\mpf
2026-03-28 14:56:29,855 : INFO : Machine : Machine path: C:\Users\tl\Documents\tl-pinball
2026-03-28 14:56:29,855 : INFO : Machine : Platform: win32
2026-03-28 14:56:29,855 : INFO : Machine : Python executable location: C:\mpf\Scripts\python.exe
2026-03-28 14:56:29,855 : INFO : Machine : Python version: 3.12.7 (64-bit)
2026-03-28 14:56:29,858 : INFO : Machine : Initializing MPF...
2026-03-28 14:56:29,974 : INFO : FAST [NET] : Trying to connect to COM4 at 921600bps
2026-03-28 14:56:29,979 : INFO : FAST [NET] : Connected to COM4 at 921600bps
2026-03-28 14:56:29,985 : INFO : FAST [NET] : Connected to FP-CPU-2000 with firmware v02.26
2026-03-28 14:56:30,015 : INFO : FAST [NET] : Registered I/O Board 0: Model: FP-I/O-0024, Firmware: 01.10, Switches: 24, Drivers: 8
2026-03-28 14:56:30,031 : INFO : FAST [NET] : Registered I/O Board 1: Model: FP-I/O-1616, Firmware: 01.10, Switches: 16, Drivers: 16
2026-03-28 14:56:30,047 : INFO : FAST [NET] : Registered I/O Board 2: Model: FP-I/O-3208, Firmware: 01.10, Switches: 32, Drivers: 8
2026-03-28 14:56:30,063 : INFO : FAST [NET] : Registered I/O Board 3: Model: FP-I/O-1616, Firmware: 01.10, Switches: 16, Drivers: 16
2026-03-28 14:56:30,066 : INFO : FAST [EXP] : Trying to connect to COM5 at 921600bps
2026-03-28 14:56:30,070 : INFO : FAST [EXP] : Connected to COM5 at 921600bps
2026-03-28 14:56:30,078 : INFO : FAST [EXP] : Verifying hardware for EXP "ledneuron" (FP-EXP-2000, @48) with ID string "EXP FP-EXP-2000  0.42", board address 48
2026-03-28 14:56:30,094 : INFO : FAST [EXP] : Verifying hardware for EXP "ledneuron" (FP-EXP-2000, @48) with ID string "BRK FP-EXP-2000  0.42", board address 480
2026-03-28 14:56:33,333 : INFO : Machine : Starting the main run loop with active modes: []
2026-03-28 14:56:33,333 : ERROR : root : 'attract'
Traceback (most recent call last):
  File "C:\mpf\Lib\site-packages\mpf\commands\game.py", line 229, in __init__
    self.machine.run()
  File "C:\mpf\Lib\site-packages\mpf\core\machine.py", line 703, in run
    if not self.modes['attract'] in self.mode_controller.active_modes:
           ~~~~~~~~~~^^^^^^^^^^^
KeyError: 'attract'
