2026-06-12 23:18:33,218 : INFO : root : Loading config.
2026-06-12 23:18:33,223 : INFO : YamlMultifileConfigLoader : Machine config file #1: config.yaml
2026-06-12 23:18:33,223 : INFO : ConfigProcessor : Loading config from cache: C:\Users\tl\AppData\Local\Temp\86f932e179f318f5dae29f066573dee9.mpf_cache
2026-06-12 23:18:33,314 : INFO : ConfigProcessor : Loading config from cache: C:\Users\tl\AppData\Local\Temp\5e7e3dd8e04e0aa46ea76018297218da.mpf_cache
2026-06-12 23:18:33,315 : INFO : ConfigProcessor : Loading config from cache: C:\Users\tl\AppData\Local\Temp\af6ad0dab2f43bd9cbdac83e0b2786ac.mpf_cache
2026-06-12 23:18:33,316 : INFO : ConfigProcessor : Loading config from cache: C:\Users\tl\AppData\Local\Temp\5e7e3dd8e04e0aa46ea76018297218da.mpf_cache
2026-06-12 23:18:33,317 : INFO : ConfigProcessor : Loading config from cache: C:\Users\tl\AppData\Local\Temp\078e3f4c59f1cd1bf0ff8685cc9e7ff5.mpf_cache
2026-06-12 23:18:33,318 : INFO : ConfigProcessor : Loading config from cache: C:\Users\tl\AppData\Local\Temp\279434e09bc5e8b073f441f36778b3c5.mpf_cache
2026-06-12 23:18:33,318 : INFO : ConfigProcessor : Loading config from cache: C:\Users\tl\AppData\Local\Temp\f7ef3217062c4a128670875e2cb05ce9.mpf_cache
2026-06-12 23:18:33,319 : INFO : ConfigProcessor : Loading config from cache: C:\Users\tl\AppData\Local\Temp\e0885cd80287b6cf2bdb3b3b7e551419.mpf_cache
2026-06-12 23:18:33,320 : INFO : ConfigProcessor : Loading config from cache: C:\Users\tl\AppData\Local\Temp\21a3b6af72788c31c1bb21496f7d3280.mpf_cache
2026-06-12 23:18:33,321 : INFO : ConfigProcessor : Loading config from cache: C:\Users\tl\AppData\Local\Temp\5ad868424699ac3c9402d8d89c5742fa.mpf_cache
2026-06-12 23:18:33,322 : INFO : ConfigProcessor : Loading config from cache: C:\Users\tl\AppData\Local\Temp\b41aec6702196d0bd650320fa331266f.mpf_cache
2026-06-12 23:18:33,322 : INFO : ConfigProcessor : Loading config from cache: C:\Users\tl\AppData\Local\Temp\a951eeea2c167365e5a009cce33f51d8.mpf_cache
2026-06-12 23:18:33,323 : INFO : ConfigProcessor : Loading config from cache: C:\Users\tl\AppData\Local\Temp\f020dca9eec5e09763b9289397e6c32f.mpf_cache
2026-06-12 23:18:33,324 : INFO : ConfigProcessor : Loading config from cache: C:\Users\tl\AppData\Local\Temp\edce5a74ebf86ee6330810859c361ede.mpf_cache
2026-06-12 23:18:33,325 : INFO : ConfigProcessor : Loading config from cache: C:\Users\tl\AppData\Local\Temp\7c825e76f3d981841c3099d018a06a8f.mpf_cache
2026-06-12 23:18:33,326 : INFO : ConfigProcessor : Loading config from cache: C:\Users\tl\AppData\Local\Temp\4c1252d1f04cb61ecc91110937cfd225.mpf_cache
2026-06-12 23:18:33,326 : INFO : ConfigProcessor : Loading config from cache: C:\Users\tl\AppData\Local\Temp\8d6d681afe5a7b6e9186321cd98f18ca.mpf_cache
2026-06-12 23:18:33,327 : INFO : ConfigProcessor : Loading config from cache: C:\Users\tl\AppData\Local\Temp\271b31ea91f7fc416a689202738fcb25.mpf_cache
2026-06-12 23:18:33,329 : INFO : ConfigProcessor : Loading config from cache: C:\Users\tl\AppData\Local\Temp\d5113bae71fe9b2600b29bf116525aac.mpf_cache
2026-06-12 23:18:33,330 : INFO : ConfigProcessor : Loading config from cache: C:\Users\tl\AppData\Local\Temp\ae5d383473e063efe671bf30ab478239.mpf_cache
2026-06-12 23:18:33,331 : INFO : ConfigProcessor : Loading config from cache: C:\Users\tl\AppData\Local\Temp\46870b44a1c011c86a746a823adf6b5a.mpf_cache
2026-06-12 23:18:33,332 : INFO : ConfigProcessor : Loading config from cache: C:\Users\tl\AppData\Local\Temp\0cf169c51710e2e034dc49f1aab9dfdd.mpf_cache
2026-06-12 23:18:33,338 : INFO : ConfigProcessor : Loading config from cache: C:\Users\tl\AppData\Local\Temp\1a8067b3018dc540f40ee09fbd30147e.mpf_cache
2026-06-12 23:18:33,339 : INFO : ConfigProcessor : Loading config from cache: C:\Users\tl\AppData\Local\Temp\34d2c1cbec8fdaa1db7761a61cc7c1b6.mpf_cache
2026-06-12 23:18:33,340 : INFO : ConfigProcessor : Loading config from cache: C:\Users\tl\AppData\Local\Temp\4065fa59aedcbd523b942a40672a4db1.mpf_cache
2026-06-12 23:18:33,346 : INFO : ConfigProcessor : Loading config from cache: C:\Users\tl\AppData\Local\Temp\911efd7252939128e304c2322100ac37.mpf_cache
2026-06-12 23:18:33,346 : INFO : ConfigProcessor : Loading config from cache: C:\Users\tl\AppData\Local\Temp\95a50568c399a025ef217996526f3494.mpf_cache
2026-06-12 23:18:33,348 : INFO : ConfigProcessor : Loading config from cache: C:\Users\tl\AppData\Local\Temp\4fa9cf92dccc774be532e383b837572e.mpf_cache
2026-06-12 23:18:33,348 : INFO : ConfigProcessor : Loading config from cache: C:\Users\tl\AppData\Local\Temp\7d6afe43d2cd59003bd26d29f6951346.mpf_cache
2026-06-12 23:18:33,349 : INFO : ConfigProcessor : Loading config from cache: C:\Users\tl\AppData\Local\Temp\3ec53097f46dd8f92da5caf7a9362729.mpf_cache
2026-06-12 23:18:33,354 : INFO : ConfigProcessor : Loading config from cache: C:\Users\tl\AppData\Local\Temp\c36da47bad15180a41187d147cb7917e.mpf_cache
2026-06-12 23:18:33,355 : INFO : ConfigProcessor : Loading config from cache: C:\Users\tl\AppData\Local\Temp\ca9866041621d35ab6358609b63e90d5.mpf_cache
2026-06-12 23:18:33,356 : INFO : ConfigProcessor : Loading config from cache: C:\Users\tl\AppData\Local\Temp\d3b229dc9cb99a8202099f03c2a43090.mpf_cache
2026-06-12 23:18:33,357 : INFO : ConfigProcessor : Loading config from cache: C:\Users\tl\AppData\Local\Temp\81582981e74d3995e366d06d8338d799.mpf_cache
2026-06-12 23:18:33,361 : INFO : ConfigProcessor : Loading config from cache: C:\Users\tl\AppData\Local\Temp\5b34afe52ee194dd00e9309f3b7b7351.mpf_cache
2026-06-12 23:18:33,369 : INFO : ConfigProcessor : Loading config from cache: C:\Users\tl\AppData\Local\Temp\879969db85bf719d2fcb9e04ce9b1f2c.mpf_cache
2026-06-12 23:18:33,375 : INFO : ConfigProcessor : Loading config from cache: C:\Users\tl\AppData\Local\Temp\b4093eb1dd81447678927dbfa4b9c600.mpf_cache
2026-06-12 23:18:33,381 : INFO : ConfigProcessor : Loading config from cache: C:\Users\tl\AppData\Local\Temp\e35a82f552c222d594bf16e07246473c.mpf_cache
2026-06-12 23:18:33,382 : INFO : ConfigProcessor : Loading config from cache: C:\Users\tl\AppData\Local\Temp\a4723462ff8ee54e9440eae8a1a4781c.mpf_cache
2026-06-12 23:18:33,388 : INFO : ConfigProcessor : Loading config from cache: C:\Users\tl\AppData\Local\Temp\33800f163ed2f7721971ef060d638387.mpf_cache
2026-06-12 23:18:33,401 : INFO : ConfigProcessor : Loading config from cache: C:\Users\tl\AppData\Local\Temp\cfac8a12b8c870509d27980bb08852ae.mpf_cache
2026-06-12 23:18:33,406 : INFO : ConfigProcessor : Loading config from cache: C:\Users\tl\AppData\Local\Temp\83c76c71cb0df61411f4c0eb7dea7353.mpf_cache
2026-06-12 23:18:33,410 : INFO : ConfigProcessor : Loading config from cache: C:\Users\tl\AppData\Local\Temp\08e4cfee44032ad50b613fdfc1c76afd.mpf_cache
2026-06-12 23:18:33,411 : INFO : ConfigProcessor : Loading config from cache: C:\Users\tl\AppData\Local\Temp\8f542fdb27a9c7af6359517ab8d171a1.mpf_cache
2026-06-12 23:18:33,411 : INFO : ConfigProcessor : Loading config from cache: C:\Users\tl\AppData\Local\Temp\c899bce83960d7b8a909fd30af5ba34c.mpf_cache
2026-06-12 23:18:33,412 : INFO : ConfigProcessor : Loading config from cache: C:\Users\tl\AppData\Local\Temp\e3f8c10279e680757f03e6b0889aa739.mpf_cache
2026-06-12 23:18:33,412 : INFO : ConfigProcessor : Loading config from cache: C:\Users\tl\AppData\Local\Temp\ff087817282734556151e8020b1fd49c.mpf_cache
2026-06-12 23:18:33,413 : INFO : ConfigProcessor : Loading config from cache: C:\Users\tl\AppData\Local\Temp\17b17d6e70b510a409968e15bd8ba63c.mpf_cache
2026-06-12 23:18:33,509 : INFO : ConfigProcessor : Loading config from cache: C:\Users\tl\AppData\Local\Temp\31f3b89ebad27aaf6ad1cb7b6e8c1ae3.mpf_cache
2026-06-12 23:18:33,510 : INFO : ConfigProcessor : Loading config from cache: C:\Users\tl\AppData\Local\Temp\5bdc262ac811f8916946a10b325faaed.mpf_cache
2026-06-12 23:18:33,617 : INFO : ConfigProcessor : Loading config from cache: C:\Users\tl\AppData\Local\Temp\4262986a441bb7754780f112bb0e0c56.mpf_cache
2026-06-12 23:18:33,618 : INFO : ConfigProcessor : Loading config from cache: C:\Users\tl\AppData\Local\Temp\d572a2de143bf480090a737668938cb0.mpf_cache
2026-06-12 23:18:33,619 : INFO : ConfigProcessor : Loading config from cache: C:\Users\tl\AppData\Local\Temp\2e7beac76d3bca457a3a521575ba4ead.mpf_cache
2026-06-12 23:18:33,620 : INFO : ConfigProcessor : Loading config from cache: C:\Users\tl\AppData\Local\Temp\7c0931ffc6b13496fd8fae8b9d1b7a08.mpf_cache
2026-06-12 23:18:33,620 : INFO : ConfigProcessor : Loading config from cache: C:\Users\tl\AppData\Local\Temp\62404ae2e9ee2b95d65f52fccac154f0.mpf_cache
2026-06-12 23:18:33,621 : INFO : ConfigProcessor : Loading config from cache: C:\Users\tl\AppData\Local\Temp\537cd9276618929e3a64b374ceb3437f.mpf_cache
2026-06-12 23:18:33,621 : INFO : ConfigProcessor : Loading config from cache: C:\Users\tl\AppData\Local\Temp\cf29873bc64cfbd46b5a5b4c47c95532.mpf_cache
2026-06-12 23:18:33,622 : INFO : ConfigProcessor : Loading config from cache: C:\Users\tl\AppData\Local\Temp\16182b247314d06896cbae33110acd4c.mpf_cache
2026-06-12 23:18:33,624 : INFO : ConfigProcessor : Loading config from cache: C:\Users\tl\AppData\Local\Temp\13826b94a4b36b65ca4171a1d326006f.mpf_cache
2026-06-12 23:18:33,624 : INFO : ConfigProcessor : Loading config from cache: C:\Users\tl\AppData\Local\Temp\34a4b7622c4ff26b43be2fcb96c6a855.mpf_cache
2026-06-12 23:18:33,625 : INFO : ConfigProcessor : Loading config from cache: C:\Users\tl\AppData\Local\Temp\0560061596499ba9c1490154fdcef2ca.mpf_cache
2026-06-12 23:18:33,626 : INFO : ConfigProcessor : Loading config from cache: C:\Users\tl\AppData\Local\Temp\33a0313dc768edabc6062a57466c6435.mpf_cache
2026-06-12 23:18:33,626 : INFO : ConfigProcessor : Loading config from cache: C:\Users\tl\AppData\Local\Temp\51d1034df3c2d8154cfea3abae2369be.mpf_cache
2026-06-12 23:18:33,627 : INFO : ConfigProcessor : Loading config from cache: C:\Users\tl\AppData\Local\Temp\2904ce8d8b78981642dc8b63141b390e.mpf_cache
2026-06-12 23:18:33,628 : INFO : ConfigProcessor : Loading config from cache: C:\Users\tl\AppData\Local\Temp\3ef5173c7a910a36727c66b6285f9c3e.mpf_cache
2026-06-12 23:18:33,628 : INFO : ConfigProcessor : Loading config from cache: C:\Users\tl\AppData\Local\Temp\1671f2a7e01818367d14934820caa625.mpf_cache
2026-06-12 23:18:33,629 : INFO : ConfigProcessor : Loading config from cache: C:\Users\tl\AppData\Local\Temp\f222a647edf3886b9afe02940fb5218b.mpf_cache
2026-06-12 23:18:33,629 : INFO : ConfigProcessor : Loading config from cache: C:\Users\tl\AppData\Local\Temp\2856cb3dd9823be7f227bcd3e9e74d9c.mpf_cache
2026-06-12 23:18:33,630 : INFO : ConfigProcessor : Loading config from cache: C:\Users\tl\AppData\Local\Temp\7bc597beac49bd83589c0f432d6df3a7.mpf_cache
2026-06-12 23:18:33,631 : INFO : ConfigProcessor : Loading config from cache: C:\Users\tl\AppData\Local\Temp\701f2c032cd9e807d4fb3fa2828f9b37.mpf_cache
2026-06-12 23:18:33,632 : INFO : ConfigProcessor : Loading config from cache: C:\Users\tl\AppData\Local\Temp\c801690053c2da5c09f6d10b42ee9917.mpf_cache
2026-06-12 23:18:33,632 : INFO : ConfigProcessor : Loading config from cache: C:\Users\tl\AppData\Local\Temp\2e335ca9623f971cc8240d357e9bde21.mpf_cache
2026-06-12 23:18:33,633 : INFO : ConfigProcessor : Loading config from cache: C:\Users\tl\AppData\Local\Temp\291432155100441a6a6d1cc35a9827e6.mpf_cache
2026-06-12 23:18:33,634 : INFO : ConfigProcessor : Loading config from cache: C:\Users\tl\AppData\Local\Temp\3a13ce866f38c1bdfd88cdf5d8a37b57.mpf_cache
2026-06-12 23:18:33,634 : INFO : ConfigProcessor : Loading config from cache: C:\Users\tl\AppData\Local\Temp\67766e06be15afe44bf4653d2e0643ac.mpf_cache
2026-06-12 23:18:33,635 : INFO : ConfigProcessor : Loading config from cache: C:\Users\tl\AppData\Local\Temp\4d0875bd28a5b9899fb2c6e9ca5fbaa0.mpf_cache
2026-06-12 23:18:33,635 : INFO : Machine : Mission Pinball Framework Core Engine v0.80.0.dev12
2026-06-12 23:18:33,636 : INFO : Machine : Command line arguments: {'no_load_cache': False, 'create_config_cache': True, 'bcp': True, 'configfile': ['config.yaml'], 'force_assets_load': False, 'platform_integration_test': False, 'jsonlogging': False, 'logfile': 'logs\\2026-06-12-23-18-33-mpf-DESKTOP-HV85DRD.log', 'pause': False, 'production': False, 'text_ui': False, 'loglevel': 15, 'consoleloglevel': 20, 'force_platform': None, 'syslog_address': None, 'full_logfile_path': 'C:\\Users\\tl\\Documents\\tl-pinball\\logs\\2026-06-12-23-18-33-mpf-DESKTOP-HV85DRD.log'}
2026-06-12 23:18:33,636 : INFO : Machine : MPF path: C:\mpf\Lib\site-packages\mpf
2026-06-12 23:18:33,636 : INFO : Machine : Machine path: C:\Users\tl\Documents\tl-pinball
2026-06-12 23:18:33,636 : INFO : Machine : Platform: win32
2026-06-12 23:18:33,636 : INFO : Machine : Python executable location: C:\mpf\Scripts\python.exe
2026-06-12 23:18:33,636 : INFO : Machine : Python version: 3.12.7 (64-bit)
2026-06-12 23:18:33,638 : INFO : Machine : Initializing MPF...
2026-06-12 23:18:33,746 : INFO : FAST [NET] : Trying to connect to COM4 at 921600bps
2026-06-12 23:18:33,751 : INFO : FAST [NET] : Connected to COM4 at 921600bps
2026-06-12 23:18:33,764 : INFO : FAST [NET] : Connected to FP-CPU-2000 with firmware v02.26
2026-06-12 23:18:33,796 : INFO : FAST [NET] : Registered I/O Board 0: Model: FP-I/O-0024, Firmware: 01.10, Switches: 24, Drivers: 8
2026-06-12 23:18:33,812 : INFO : FAST [NET] : Registered I/O Board 1: Model: FP-I/O-1616, Firmware: 01.10, Switches: 16, Drivers: 16
2026-06-12 23:18:33,828 : INFO : FAST [NET] : Registered I/O Board 2: Model: FP-I/O-3208, Firmware: 01.10, Switches: 32, Drivers: 8
2026-06-12 23:18:33,844 : INFO : FAST [NET] : Registered I/O Board 3: Model: FP-I/O-1616, Firmware: 01.10, Switches: 16, Drivers: 16
2026-06-12 23:18:33,846 : INFO : FAST [EXP] : Trying to connect to COM5 at 921600bps
2026-06-12 23:18:33,851 : INFO : FAST [EXP] : Connected to COM5 at 921600bps
2026-06-12 23:18:33,860 : INFO : FAST [EXP] : Verifying hardware for EXP "ledcab" (FP-EXP-2000, @48) with ID string "EXP FP-EXP-2000  0.42", board address 48
2026-06-12 23:18:33,876 : INFO : FAST [EXP] : Verifying hardware for EXP "ledcab" (FP-EXP-2000, @48) with ID string "BRK FP-EXP-2000  0.42", board address 480
2026-06-12 23:18:33,907 : INFO : FAST [EXP] : Verifying hardware for EXP "ledpf1" (FP-EXP-0081, @84) with ID string "EXP FP-EXP-0081  0.38", board address 84
2026-06-12 23:18:33,923 : INFO : FAST [EXP] : Verifying hardware for EXP "ledpf1" (FP-EXP-0081, @84) with ID string "BRK FP-EXP-0081  0.38", board address 840
2026-06-12 23:18:33,939 : INFO : FAST [EXP] : Verifying hardware for EXP "ledpf1" (FP-EXP-0081, @84) with ID string "BRK FP-EXP-0081  0.38", board address 841
2026-06-12 23:18:33,971 : INFO : FAST [EXP] : Verifying hardware for EXP "ledpf2" (FP-EXP-0081, @85) with ID string "EXP FP-EXP-0081  0.48", board address 85
2026-06-12 23:18:33,986 : INFO : FAST [EXP] : Verifying hardware for EXP "ledpf2" (FP-EXP-0081, @85) with ID string "BRK FP-EXP-0081  0.48", board address 850
2026-06-12 23:18:34,002 : INFO : FAST [EXP] : Verifying hardware for EXP "ledpf2" (FP-EXP-0081, @85) with ID string "BRK FP-EXP-0081  0.48", board address 851
2026-06-12 23:18:34,018 : INFO : EventManager : Event: ======'machine_var_credits_string'====== Args={'value': 'FREE PLAY', 'prev_value': None, 'change': True}
2026-06-12 23:18:34,067 : INFO : EventManager : Event: ======'machine_var_master_volume'====== Args={'value': 0.5, 'prev_value': None, 'change': True}
2026-06-12 23:18:34,067 : INFO : EventManager : Event: ======'machine_var_player1_score'====== Args={'value': 9095170, 'prev_value': None, 'change': True}
2026-06-12 23:18:34,068 : INFO : EventManager : Event: ======'machine_var_last_game_score'====== Args={'value': 0, 'prev_value': None, 'change': True}
2026-06-12 23:18:34,068 : INFO : EventManager : Event: ======'machine_var_mpf_version'====== Args={'value': 'Mission Pinball Framework v0.80.0.dev12', 'prev_value': None, 'change': True}
2026-06-12 23:18:34,068 : INFO : EventManager : Event: ======'machine_var_mpf_extended_version'====== Args={'value': 'Mission Pinball Framework v0.80.0.dev12, Config version:6, Show version: 6, BCP version:1.1', 'prev_value': None, 'change': True}
2026-06-12 23:18:34,068 : INFO : EventManager : Event: ======'machine_var_python_version'====== Args={'value': '3.12.7', 'prev_value': None, 'change': True}
2026-06-12 23:18:34,098 : INFO : EventManager : Event: ======'machine_var_platform'====== Args={'value': 'Windows-10-10.0.19044-SP0', 'prev_value': None, 'change': True}
2026-06-12 23:18:34,098 : INFO : EventManager : Event: ======'machine_var_platform_system'====== Args={'value': 'Windows', 'prev_value': None, 'change': True}
2026-06-12 23:18:34,098 : INFO : EventManager : Event: ======'machine_var_platform_release'====== Args={'value': '10', 'prev_value': None, 'change': True}
2026-06-12 23:18:34,098 : INFO : EventManager : Event: ======'machine_var_platform_version'====== Args={'value': '10.0.19044', 'prev_value': None, 'change': True}
2026-06-12 23:18:34,098 : INFO : EventManager : Event: ======'machine_var_platform_machine'====== Args={'value': 'AMD64', 'prev_value': None, 'change': True}
2026-06-12 23:18:34,098 : INFO : EventManager : Event: ======'machine_var_log_file_path'====== Args={'value': 'C:\\Users\\tl\\Documents\\tl-pinball\\logs\\2026-06-12-23-18-33-mpf-DESKTOP-HV85DRD.log', 'prev_value': None, 'change': True}
2026-06-12 23:18:34,098 : INFO : EventManager : Event: ======'init_phase_1'====== Args={}
2026-06-12 23:18:34,248 : INFO : EventManager : Event: ======'drop_target_bank_dt_bank_1_4_up'====== Args={}
2026-06-12 23:18:34,248 : INFO : EventManager : Event: ======'drop_target_bank_dt_bank_5_7_up'====== Args={}
2026-06-12 23:18:36,661 : INFO : SwitchController : <<<<<<< 's_24_trough_1' active >>>>>>>
2026-06-12 23:18:36,661 : INFO : SwitchController : <<<<<<< 's_44_spinner_right' active >>>>>>>
2026-06-12 23:18:36,661 : INFO : SwitchController : <<<<<<< 's_64_varitarget_position_1' active >>>>>>>
2026-06-12 23:18:36,661 : INFO : SwitchController : <<<<<<< 's_70_varitarget_position_7' active >>>>>>>
2026-06-12 23:18:36,661 : INFO : SwitchController : <<<<<<< 's_71_spinner_left' active >>>>>>>
2026-06-12 23:18:36,661 : INFO : SwitchController : <<<<<<< 's_72_single_drop_1' active >>>>>>>
2026-06-12 23:18:36,661 : INFO : SwitchController : <<<<<<< 's_73_fourbank_drop_1' active >>>>>>>
2026-06-12 23:18:36,661 : INFO : SwitchController : <<<<<<< 's_74_fourbank_drop_2' active >>>>>>>
2026-06-12 23:18:36,661 : INFO : SwitchController : <<<<<<< 's_75_fourbank_drop_3' active >>>>>>>
2026-06-12 23:18:36,661 : INFO : SwitchController : <<<<<<< 's_76_fourbank_drop_4' active >>>>>>>
2026-06-12 23:18:36,662 : INFO : SwitchController : <<<<<<< 's_77_threebank_drop_1' active >>>>>>>
2026-06-12 23:18:36,662 : INFO : SwitchController : <<<<<<< 's_78_threebank_drop_2' active >>>>>>>
2026-06-12 23:18:36,662 : INFO : SwitchController : <<<<<<< 's_79_threebank_drop_3' active >>>>>>>
2026-06-12 23:18:36,743 : INFO : EventManager : Event: ======'init_phase_2'====== Args={}
2026-06-12 23:18:36,744 : INFO : SwitchController : Found active switch: (40, [FAST Platform Interface]) <switch.s_24_trough_1>
2026-06-12 23:18:36,744 : INFO : SwitchController : Found active switch: (60, [FAST Platform Interface]) <switch.s_44_spinner_right>
2026-06-12 23:18:36,744 : INFO : SwitchController : Found active switch: (32, [FAST Platform Interface]) <switch.s_64_varitarget_position_1>
2026-06-12 23:18:36,744 : INFO : SwitchController : Found active switch: (38, [FAST Platform Interface]) <switch.s_70_varitarget_position_7>
2026-06-12 23:18:36,744 : INFO : SwitchController : Found active switch: (39, [FAST Platform Interface]) <switch.s_71_spinner_left>
2026-06-12 23:18:36,744 : INFO : SwitchController : Found active switch: (72, [FAST Platform Interface]) <switch.s_72_single_drop_1>
2026-06-12 23:18:36,745 : INFO : SwitchController : Found active switch: (73, [FAST Platform Interface]) <switch.s_73_fourbank_drop_1>
2026-06-12 23:18:36,745 : INFO : SwitchController : Found active switch: (74, [FAST Platform Interface]) <switch.s_74_fourbank_drop_2>
2026-06-12 23:18:36,745 : INFO : SwitchController : Found active switch: (75, [FAST Platform Interface]) <switch.s_75_fourbank_drop_3>
2026-06-12 23:18:36,745 : INFO : SwitchController : Found active switch: (76, [FAST Platform Interface]) <switch.s_76_fourbank_drop_4>
2026-06-12 23:18:36,745 : INFO : SwitchController : Found active switch: (77, [FAST Platform Interface]) <switch.s_77_threebank_drop_1>
2026-06-12 23:18:36,745 : INFO : SwitchController : Found active switch: (78, [FAST Platform Interface]) <switch.s_78_threebank_drop_2>
2026-06-12 23:18:36,745 : INFO : SwitchController : Found active switch: (79, [FAST Platform Interface]) <switch.s_79_threebank_drop_3>
2026-06-12 23:18:36,772 : INFO : EventManager : Event: ======'bcp_connection_attempt'====== Args={'name': 'local_display', 'host': 'localhost', 'port': 5050}
2026-06-12 23:18:36,775 : INFO : BCPClientSocket : Connecting BCP to 'local_display' at localhost:5050...
2026-06-12 23:18:40,833 : INFO : BCPClientSocket : Connected BCP to 'local_display' localhost:5050
2026-06-12 23:18:40,834 : INFO : EventManager : Event: ======'bcp_clients_connected'====== Args={}
2026-06-12 23:18:40,836 : INFO : ball_device.bd_plunger : BCH: Initial count: 0
2026-06-12 23:18:40,837 : INFO : ball_device.bd_plunger : State: idle
2026-06-12 23:18:40,838 : INFO : ball_device.bd_trough : BCH: Initial count: 1
2026-06-12 23:18:40,838 : INFO : ball_device.bd_trough : State: idle
2026-06-12 23:18:40,839 : INFO : ball_device.bd_left_vuk : BCH: Initial count: 0
2026-06-12 23:18:40,839 : INFO : ball_device.bd_left_vuk : State: idle
2026-06-12 23:18:40,840 : INFO : ball_device.bd_right_vuk : BCH: Initial count: 0
2026-06-12 23:18:40,840 : INFO : ball_device.bd_right_vuk : State: idle
2026-06-12 23:18:40,853 : INFO : EventManager : Event: ======'init_phase_3'====== Args={}
2026-06-12 23:18:42,490 : ERROR : asyncio : Exception in callback EventManager._queue_task_done(<Task finishe...d color 0.0')>)
handle: <Handle EventManager._queue_task_done(<Task finishe...d color 0.0')>)>
Traceback (most recent call last):
  File "C:\mpf\Lib\site-packages\mpf\config_players\light_player.py", line 122, in _convert_color
    color = RGBColor(color)
            ^^^^^^^^^^^^^^^
  File "C:\mpf\Lib\site-packages\mpf\core\rgb_color.py", line 177, in __init__
    self._color = RGBColor.string_to_rgb(color)
                  ^^^^^^^^^^^^^^^^^^^^^^^^^^^^^
  File "C:\mpf\Lib\site-packages\mpf\core\rgb_color.py", line 420, in string_to_rgb
    raise ColorException("Invalid RGB string: {}".format(value))
mpf.core.rgb_color.ColorException: Invalid RGB string: 0.0

The above exception was the direct cause of the following exception:

Traceback (most recent call last):
  File "C:\Users\tl\AppData\Local\Programs\Python\Python312\Lib\asyncio\events.py", line 88, in _run
    self._context.run(self._callback, *self._args)
  File "C:\mpf\Lib\site-packages\mpf\core\events.py", line 795, in _queue_task_done
    future.result()
  File "C:\mpf\Lib\site-packages\mpf\core\events.py", line 708, in _run_handlers_sequential
    handler.callback(queue=queue, **merged_kwargs)
  File "C:\mpf\Lib\site-packages\mpf\core\show_controller.py", line 53, in _load_shows
    self.machine.shows[show_name].load(show_config)
  File "C:\mpf\Lib\site-packages\mpf\assets\show.py", line 171, in load
    self._process_step_actions(step, actions)
  File "C:\mpf\Lib\site-packages\mpf\assets\show.py", line 201, in _process_step_actions
    raise e
  File "C:\mpf\Lib\site-packages\mpf\assets\show.py", line 197, in _process_step_actions
    self.machine.show_controller.show_players[key].validate_config_entry(value, self.name)
  File "C:\mpf\Lib\site-packages\mpf\config_players\device_config_player.py", line 56, in validate_config_entry
    raise e
  File "C:\mpf\Lib\site-packages\mpf\config_players\device_config_player.py", line 52, in validate_config_entry
    self._validate_config_item(device, device_settings))
    ^^^^^^^^^^^^^^^^^^^^^^^^^^^^^^^^^^^^^^^^^^^^^^^^^^^
  File "C:\mpf\Lib\site-packages\mpf\config_players\device_config_player.py", line 83, in _validate_config_item
    raise e
  File "C:\mpf\Lib\site-packages\mpf\config_players\device_config_player.py", line 80, in _validate_config_item
    device_settings = self._expand_device_config(device_settings)
                      ^^^^^^^^^^^^^^^^^^^^^^^^^^^^^^^^^^^^^^^^^^^
  File "C:\mpf\Lib\site-packages\mpf\config_players\light_player.py", line 133, in _expand_device_config
    device_settings['color'] = self._convert_color(color)
                               ^^^^^^^^^^^^^^^^^^^^^^^^^^
  File "C:\mpf\Lib\site-packages\mpf\config_players\light_player.py", line 124, in _convert_color
    self.raise_config_error("Invalid color {}".format(color), 1, source_exception=e, context=context)
  File "C:\mpf\Lib\site-packages\mpf\core\logging.py", line 175, in raise_config_error
    raise ConfigFileError(msg, error_no, self.log.name if self.log else "", context, self._url_base) \
mpf.exceptions.config_file_error.ConfigFileError: Config File Error in light_player: Show "show_knights_build_1" >> Failed to load config player show_knights_build_1:lights with settings {'l_pf1_3_5': '141414', 'l_pf1_1_1': '141414', 'l_pf1_3_20': '141414', 'l_pf1_2_22': '141414', 'l_pf1_2_23': '0044AB', 'l_pf2_8_1': '141414', 'l_pf1_3_32': '141414', 'l_pf1_3_24': '004CC0', 'l_pf1_3_6': '0065FD', 'l_pf1_1_2': '141414', 'l_pf1_2_16': '005BE5', 'l_pf1_2_17': '0049B8', 'l_pf1_2_18': '0055D5', 'l_pf1_2_24': '0064FB', 'l_pf1_2_25': '002153', 'l_pf1_2_3': '001D49', 'l_pf1_4_1': 0.0, 'l_pf1_4_16': '0064FB', 'l_pf1_4_17': '0064FB', 'l_pf1_4_18': '0064FB', 'l_pf1_4_28': '003F9E', 'l_pf1_5_25': '001F4E', 'l_pf1_5_26': '004BBD', 'l_pf1_5_27': '004CC0', 'l_pf2_6_11': '001E4B', 'l_pf2_6_12': '0064FB', 'l_pf2_6_13': '0047B3', 'l_pf2_6_20': '0041A3', 'l_pf2_6_21': '000B1B', 'l_pf2_6_8': '0064FB', 'l_pf2_6_9': '001E4B', 'l_pf1_3_8': 'FF9A18', 'l_pf1_3_9': '72450A', 'l_pf1_3_13': '72450A', 'l_pf1_3_10': '261703', 'l_pf1_3_12': '261703', 'l_pf1_3_29': 'B2B2B2', 'l_pf1_3_30': '505050', 'l_pf1_3_28': '505050', 'l_pf1_3_31': '1A1A1A', 'l_pf1_3_27': '1A1A1A', 'l_pf1_3_14': 'FFFFFF', 'l_pf1_3_15': 'FFFFFF', 'l_pf1_3_16': 'FFFFFF', 'l_pf1_3_17': 'FFFFFF', 'l_pf1_3_18': 'FFFFFF', 'l_pf1_3_19': 'FFFFFF'} >> Failed to expand entry "l_pf1_4_1". >> Invalid color 0.0 Error Code: CFE-light_player-1 (https://missionpinball.org/latest/logs)
2026-06-12 23:18:42,494 : INFO : Machine : Starting the main run loop with active modes: []
2026-06-12 23:18:42,494 : WARNING : Machine : Attract mode is not active, game will not be playable. Please check your attract mode configuration.
2026-06-12 23:18:42,495 : INFO : Machine : Shutting down...
2026-06-12 23:18:42,495 : INFO : EventManager : Event: ======'shutdown'====== Args={}
2026-06-12 23:18:43,599 : ERROR : Machine : Runtime Exception
Traceback (most recent call last):
  File "C:\mpf\Lib\site-packages\mpf\config_players\light_player.py", line 122, in _convert_color
    color = RGBColor(color)
            ^^^^^^^^^^^^^^^
  File "C:\mpf\Lib\site-packages\mpf\core\rgb_color.py", line 177, in __init__
    self._color = RGBColor.string_to_rgb(color)
                  ^^^^^^^^^^^^^^^^^^^^^^^^^^^^^
  File "C:\mpf\Lib\site-packages\mpf\core\rgb_color.py", line 420, in string_to_rgb
    raise ColorException("Invalid RGB string: {}".format(value))
mpf.core.rgb_color.ColorException: Invalid RGB string: 0.0

The above exception was the direct cause of the following exception:

Traceback (most recent call last):
  File "C:\mpf\Lib\site-packages\mpf\core\machine.py", line 810, in _run_loop
    raise self._exception['exception']
  File "C:\Users\tl\AppData\Local\Programs\Python\Python312\Lib\asyncio\events.py", line 88, in _run
    self._context.run(self._callback, *self._args)
  File "C:\mpf\Lib\site-packages\mpf\core\events.py", line 795, in _queue_task_done
    future.result()
  File "C:\mpf\Lib\site-packages\mpf\core\events.py", line 708, in _run_handlers_sequential
    handler.callback(queue=queue, **merged_kwargs)
  File "C:\mpf\Lib\site-packages\mpf\core\show_controller.py", line 53, in _load_shows
    self.machine.shows[show_name].load(show_config)
  File "C:\mpf\Lib\site-packages\mpf\assets\show.py", line 171, in load
    self._process_step_actions(step, actions)
  File "C:\mpf\Lib\site-packages\mpf\assets\show.py", line 201, in _process_step_actions
    raise e
  File "C:\mpf\Lib\site-packages\mpf\assets\show.py", line 197, in _process_step_actions
    self.machine.show_controller.show_players[key].validate_config_entry(value, self.name)
  File "C:\mpf\Lib\site-packages\mpf\config_players\device_config_player.py", line 56, in validate_config_entry
    raise e
  File "C:\mpf\Lib\site-packages\mpf\config_players\device_config_player.py", line 52, in validate_config_entry
    self._validate_config_item(device, device_settings))
    ^^^^^^^^^^^^^^^^^^^^^^^^^^^^^^^^^^^^^^^^^^^^^^^^^^^
  File "C:\mpf\Lib\site-packages\mpf\config_players\device_config_player.py", line 83, in _validate_config_item
    raise e
  File "C:\mpf\Lib\site-packages\mpf\config_players\device_config_player.py", line 80, in _validate_config_item
    device_settings = self._expand_device_config(device_settings)
                      ^^^^^^^^^^^^^^^^^^^^^^^^^^^^^^^^^^^^^^^^^^^
  File "C:\mpf\Lib\site-packages\mpf\config_players\light_player.py", line 133, in _expand_device_config
    device_settings['color'] = self._convert_color(color)
                               ^^^^^^^^^^^^^^^^^^^^^^^^^^
  File "C:\mpf\Lib\site-packages\mpf\config_players\light_player.py", line 124, in _convert_color
    self.raise_config_error("Invalid color {}".format(color), 1, source_exception=e, context=context)
  File "C:\mpf\Lib\site-packages\mpf\core\logging.py", line 175, in raise_config_error
    raise ConfigFileError(msg, error_no, self.log.name if self.log else "", context, self._url_base) \
mpf.exceptions.config_file_error.ConfigFileError: Config File Error in light_player: Show "show_knights_build_1" >> Failed to load config player show_knights_build_1:lights with settings {'l_pf1_3_5': '141414', 'l_pf1_1_1': '141414', 'l_pf1_3_20': '141414', 'l_pf1_2_22': '141414', 'l_pf1_2_23': '0044AB', 'l_pf2_8_1': '141414', 'l_pf1_3_32': '141414', 'l_pf1_3_24': '004CC0', 'l_pf1_3_6': '0065FD', 'l_pf1_1_2': '141414', 'l_pf1_2_16': '005BE5', 'l_pf1_2_17': '0049B8', 'l_pf1_2_18': '0055D5', 'l_pf1_2_24': '0064FB', 'l_pf1_2_25': '002153', 'l_pf1_2_3': '001D49', 'l_pf1_4_1': 0.0, 'l_pf1_4_16': '0064FB', 'l_pf1_4_17': '0064FB', 'l_pf1_4_18': '0064FB', 'l_pf1_4_28': '003F9E', 'l_pf1_5_25': '001F4E', 'l_pf1_5_26': '004BBD', 'l_pf1_5_27': '004CC0', 'l_pf2_6_11': '001E4B', 'l_pf2_6_12': '0064FB', 'l_pf2_6_13': '0047B3', 'l_pf2_6_20': '0041A3', 'l_pf2_6_21': '000B1B', 'l_pf2_6_8': '0064FB', 'l_pf2_6_9': '001E4B', 'l_pf1_3_8': 'FF9A18', 'l_pf1_3_9': '72450A', 'l_pf1_3_13': '72450A', 'l_pf1_3_10': '261703', 'l_pf1_3_12': '261703', 'l_pf1_3_29': 'B2B2B2', 'l_pf1_3_30': '505050', 'l_pf1_3_28': '505050', 'l_pf1_3_31': '1A1A1A', 'l_pf1_3_27': '1A1A1A', 'l_pf1_3_14': 'FFFFFF', 'l_pf1_3_15': 'FFFFFF', 'l_pf1_3_16': 'FFFFFF', 'l_pf1_3_17': 'FFFFFF', 'l_pf1_3_18': 'FFFFFF', 'l_pf1_3_19': 'FFFFFF'} >> Failed to expand entry "l_pf1_4_1". >> Invalid color 0.0 Error Code: CFE-light_player-1 (https://missionpinball.org/latest/logs)
2026-06-12 23:18:43,602 : INFO : root : MPF run loop ended.
