2026-02-16 19:56:19,407 : INFO : root : Loading config.
2026-02-16 19:56:19,410 : INFO : YamlMultifileConfigLoader : Machine config file #1: config.yaml
2026-02-16 19:56:19,411 : INFO : ConfigProcessor : Loading config from cache: C:\Users\tl\AppData\Local\Temp\86f932e179f318f5dae29f066573dee9.mpf_cache
2026-02-16 19:56:19,512 : INFO : ConfigProcessor : Loading config from cache: C:\Users\tl\AppData\Local\Temp\5e7e3dd8e04e0aa46ea76018297218da.mpf_cache
2026-02-16 19:56:19,513 : INFO : ConfigProcessor : Loading config from cache: C:\Users\tl\AppData\Local\Temp\af6ad0dab2f43bd9cbdac83e0b2786ac.mpf_cache
2026-02-16 19:56:19,514 : INFO : ConfigProcessor : Loading config from cache: C:\Users\tl\AppData\Local\Temp\5e7e3dd8e04e0aa46ea76018297218da.mpf_cache
2026-02-16 19:56:19,515 : INFO : ConfigProcessor : Loading config from cache: C:\Users\tl\AppData\Local\Temp\f7ef3217062c4a128670875e2cb05ce9.mpf_cache
2026-02-16 19:56:19,516 : INFO : Machine : Mission Pinball Framework Core Engine v0.80.0.dev12
2026-02-16 19:56:19,516 : INFO : Machine : Command line arguments: {'no_load_cache': False, 'create_config_cache': True, 'bcp': True, 'configfile': ['config.yaml'], 'force_assets_load': False, 'platform_integration_test': False, 'jsonlogging': False, 'logfile': 'logs\\2026-02-16-19-56-19-mpf-DESKTOP-HV85DRD.log', 'pause': False, 'production': False, 'text_ui': False, 'loglevel': 15, 'consoleloglevel': 20, 'force_platform': None, 'syslog_address': None, 'full_logfile_path': 'C:\\Users\\tl\\Documents\\tl-pinball\\logs\\2026-02-16-19-56-19-mpf-DESKTOP-HV85DRD.log'}
2026-02-16 19:56:19,516 : INFO : Machine : MPF path: C:\mpf\Lib\site-packages\mpf
2026-02-16 19:56:19,516 : INFO : Machine : Machine path: C:\Users\tl\Documents\tl-pinball
2026-02-16 19:56:19,516 : INFO : Machine : Platform: win32
2026-02-16 19:56:19,516 : INFO : Machine : Python executable location: C:\mpf\Scripts\python.exe
2026-02-16 19:56:19,516 : INFO : Machine : Python version: 3.12.7 (64-bit)
2026-02-16 19:56:19,518 : INFO : Machine : Initializing MPF...
2026-02-16 19:56:19,636 : INFO : FAST [NET] : Trying to connect to COM4 at 921600bps
2026-02-16 19:56:19,640 : INFO : FAST [NET] : Connected to COM4 at 921600bps
2026-02-16 19:56:19,652 : INFO : FAST [NET] : Connected to FP-CPU-2000 with firmware v02.26
2026-02-16 19:56:19,684 : INFO : FAST [NET] : Registered I/O Board 0: Model: FP-I/O-0804, Firmware: 01.10, Switches: 8, Drivers: 4
2026-02-16 19:56:19,700 : INFO : FAST [NET] : Registered I/O Board 1: Model: FP-I/O-1616, Firmware: 01.10, Switches: 16, Drivers: 16
2026-02-16 19:56:19,716 : INFO : FAST [NET] : Registered I/O Board 2: Model: FP-I/O-3208, Firmware: 01.10, Switches: 32, Drivers: 8
2026-02-16 19:56:19,732 : INFO : FAST [NET] : Registered I/O Board 3: Model: FP-I/O-1616, Firmware: 01.10, Switches: 16, Drivers: 16
2026-02-16 19:56:19,734 : INFO : FAST [EXP] : Trying to connect to COM5 at 921600bps
2026-02-16 19:56:19,739 : INFO : FAST [EXP] : Connected to COM5 at 921600bps
2026-02-16 19:56:19,748 : INFO : FAST [EXP] : Verifying hardware for EXP "ledneuron" (FP-EXP-2000, @48) with ID string "EXP FP-EXP-2000  0.42", board address 48
2026-02-16 19:56:19,764 : INFO : FAST [EXP] : Verifying hardware for EXP "ledneuron" (FP-EXP-2000, @48) with ID string "BRK FP-EXP-2000  0.42", board address 480
2026-02-16 19:56:19,795 : INFO : FAST [EXP] : Verifying hardware for EXP "ledpf1" (FP-EXP-0081, @84) with ID string "EXP FP-EXP-0081  0.38", board address 84
2026-02-16 19:56:19,811 : INFO : FAST [EXP] : Verifying hardware for EXP "ledpf1" (FP-EXP-0081, @84) with ID string "BRK FP-EXP-0081  0.38", board address 840
2026-02-16 19:56:19,827 : INFO : FAST [EXP] : Verifying hardware for EXP "ledpf1" (FP-EXP-0081, @84) with ID string "BRK FP-EXP-0081  0.38", board address 841
2026-02-16 19:56:19,843 : INFO : EventManager : Event: ======'machine_var_credits_string'====== Args={'value': 'FREE PLAY', 'prev_value': None, 'change': True}
2026-02-16 19:56:19,870 : INFO : EventManager : Event: ======'machine_var_master_volume'====== Args={'value': 0.55, 'prev_value': None, 'change': True}
2026-02-16 19:56:19,870 : INFO : EventManager : Event: ======'machine_var_player1_score'====== Args={'value': 0, 'prev_value': None, 'change': True}
2026-02-16 19:56:19,870 : INFO : EventManager : Event: ======'machine_var_mpf_version'====== Args={'value': 'Mission Pinball Framework v0.80.0.dev12', 'prev_value': None, 'change': True}
2026-02-16 19:56:19,870 : INFO : EventManager : Event: ======'machine_var_mpf_extended_version'====== Args={'value': 'Mission Pinball Framework v0.80.0.dev12, Config version:6, Show version: 6, BCP version:1.1', 'prev_value': None, 'change': True}
2026-02-16 19:56:19,871 : INFO : EventManager : Event: ======'machine_var_python_version'====== Args={'value': '3.12.7', 'prev_value': None, 'change': True}
2026-02-16 19:56:19,980 : INFO : EventManager : Event: ======'machine_var_platform'====== Args={'value': 'Windows-10-10.0.19044-SP0', 'prev_value': None, 'change': True}
2026-02-16 19:56:19,980 : INFO : EventManager : Event: ======'machine_var_platform_system'====== Args={'value': 'Windows', 'prev_value': None, 'change': True}
2026-02-16 19:56:19,980 : INFO : EventManager : Event: ======'machine_var_platform_release'====== Args={'value': '10', 'prev_value': None, 'change': True}
2026-02-16 19:56:19,980 : INFO : EventManager : Event: ======'machine_var_platform_version'====== Args={'value': '10.0.19044', 'prev_value': None, 'change': True}
2026-02-16 19:56:19,980 : INFO : EventManager : Event: ======'machine_var_platform_machine'====== Args={'value': 'AMD64', 'prev_value': None, 'change': True}
2026-02-16 19:56:19,980 : INFO : EventManager : Event: ======'machine_var_log_file_path'====== Args={'value': 'C:\\Users\\tl\\Documents\\tl-pinball\\logs\\2026-02-16-19-56-19-mpf-DESKTOP-HV85DRD.log', 'prev_value': None, 'change': True}
2026-02-16 19:56:19,980 : INFO : EventManager : Event: ======'init_phase_1'====== Args={}
2026-02-16 19:56:20,013 : INFO : EventManager : Event: ======'drop_target_bank_dt_bank_1_4_up'====== Args={}
2026-02-16 19:56:20,014 : INFO : EventManager : Event: ======'drop_target_bank_dt_bank_5_7_up'====== Args={}
2026-02-16 19:56:22,432 : INFO : SwitchController : <<<<<<< 's_71_spinner_left' active >>>>>>>
2026-02-16 19:56:22,432 : INFO : SwitchController : <<<<<<< 's_74_fourbank_drop_2' active >>>>>>>
2026-02-16 19:56:22,432 : INFO : SwitchController : <<<<<<< 's_78_threebank_drop_2' active >>>>>>>
2026-02-16 19:56:22,481 : INFO : EventManager : Event: ======'init_phase_2'====== Args={}
2026-02-16 19:56:22,482 : INFO : SwitchController : Found active switch: (23, [FAST Platform Interface]) <switch.s_71_spinner_left>
2026-02-16 19:56:22,482 : INFO : SwitchController : Found active switch: (58, [FAST Platform Interface]) <switch.s_74_fourbank_drop_2>
2026-02-16 19:56:22,482 : INFO : SwitchController : Found active switch: (62, [FAST Platform Interface]) <switch.s_78_threebank_drop_2>
2026-02-16 19:56:22,485 : INFO : EventManager : Event: ======'bcp_connection_attempt'====== Args={'name': 'local_display', 'host': 'localhost', 'port': 5050}
2026-02-16 19:56:22,490 : INFO : BCPClientSocket : Connecting BCP to 'local_display' at localhost:5050...
2026-02-16 19:56:22,499 : INFO : BCPClientSocket : Connected BCP to 'local_display' localhost:5050
2026-02-16 19:56:22,500 : INFO : EventManager : Event: ======'bcp_clients_connected'====== Args={}
2026-02-16 19:56:22,501 : INFO : ball_device.bd_plunger : BCH: Initial count: 0
2026-02-16 19:56:22,501 : INFO : ball_device.bd_plunger : State: idle
2026-02-16 19:56:22,502 : INFO : ball_device.bd_trough : BCH: Initial count: 0
2026-02-16 19:56:22,502 : INFO : ball_device.bd_trough : State: idle
2026-02-16 19:56:22,519 : INFO : EventManager : Event: ======'init_phase_3'====== Args={}
2026-02-16 19:56:22,521 : INFO : EventManager : Event: ======'init_phase_4'====== Args={}
2026-02-16 19:56:22,521 : INFO : EventManager : Event: ======'drop_target_dt_2_down'====== Args={'device': <drop_target.dt_2>}
2026-02-16 19:56:22,521 : INFO : EventManager : Event: ======'drop_target_dt_6_down'====== Args={'device': <drop_target.dt_6>}
2026-02-16 19:56:22,522 : INFO : BallController : Initial balls found: 0
2026-02-16 19:56:22,523 : INFO : EventManager : Event: ======'machine_var_audits_events_game_ended'====== Args={'value': 10, 'prev_value': None, 'change': True}
2026-02-16 19:56:22,523 : INFO : EventManager : Event: ======'machine_var_audits_events_game_started'====== Args={'value': 64, 'prev_value': None, 'change': True}
2026-02-16 19:56:22,523 : INFO : EventManager : Event: ======'machine_var_audits_missing_switches_s_00_service_esc'====== Args={'value': 18, 'prev_value': None, 'change': True}
2026-02-16 19:56:22,523 : INFO : EventManager : Event: ======'machine_var_audits_missing_switches_s_01_service_up'====== Args={'value': 18, 'prev_value': None, 'change': True}
2026-02-16 19:56:22,523 : INFO : EventManager : Event: ======'machine_var_audits_missing_switches_s_02_service_down'====== Args={'value': 18, 'prev_value': None, 'change': True}
2026-02-16 19:56:22,523 : INFO : EventManager : Event: ======'machine_var_audits_missing_switches_s_03_service_enter'====== Args={'value': 18, 'prev_value': None, 'change': True}
2026-02-16 19:56:22,523 : INFO : EventManager : Event: ======'machine_var_audits_missing_switches_s_08_left_flipper'====== Args={'value': 5, 'prev_value': None, 'change': True}
2026-02-16 19:56:22,524 : INFO : EventManager : Event: ======'machine_var_audits_missing_switches_s_0_service_esc'====== Args={'value': 46, 'prev_value': None, 'change': True}
2026-02-16 19:56:22,524 : INFO : EventManager : Event: ======'machine_var_audits_missing_switches_s_11_start_button'====== Args={'value': 4, 'prev_value': None, 'change': True}
2026-02-16 19:56:22,524 : INFO : EventManager : Event: ======'machine_var_audits_missing_switches_s_12_tilt_bob'====== Args={'value': 3, 'prev_value': None, 'change': True}
2026-02-16 19:56:22,524 : INFO : EventManager : Event: ======'machine_var_audits_missing_switches_s_13_coin_door'====== Args={'value': 3, 'prev_value': None, 'change': True}
2026-02-16 19:56:22,524 : INFO : EventManager : Event: ======'machine_var_audits_missing_switches_s_17_right_flipper_upper'====== Args={'value': 1, 'prev_value': None, 'change': True}
2026-02-16 19:56:22,524 : INFO : EventManager : Event: ======'machine_var_audits_missing_switches_s_19_cab_arrow_left'====== Args={'value': 3, 'prev_value': None, 'change': True}
2026-02-16 19:56:22,524 : INFO : EventManager : Event: ======'machine_var_audits_missing_switches_s_1_service_up'====== Args={'value': 46, 'prev_value': None, 'change': True}
2026-02-16 19:56:22,524 : INFO : EventManager : Event: ======'machine_var_audits_missing_switches_s_20_cab_arrow_right'====== Args={'value': 3, 'prev_value': None, 'change': True}
2026-02-16 19:56:22,524 : INFO : EventManager : Event: ======'machine_var_audits_missing_switches_s_24_trough_1'====== Args={'value': 1, 'prev_value': None, 'change': True}
2026-02-16 19:56:22,524 : INFO : EventManager : Event: ======'machine_var_audits_missing_switches_s_25_trough_2'====== Args={'value': 1, 'prev_value': None, 'change': True}
2026-02-16 19:56:22,524 : INFO : EventManager : Event: ======'machine_var_audits_missing_switches_s_25_trough_jam'====== Args={'value': 2, 'prev_value': None, 'change': True}
2026-02-16 19:56:22,524 : INFO : EventManager : Event: ======'machine_var_audits_missing_switches_s_26_trough_1'====== Args={'value': 1, 'prev_value': None, 'change': True}
2026-02-16 19:56:22,524 : INFO : EventManager : Event: ======'machine_var_audits_missing_switches_s_26_trough_3'====== Args={'value': 1, 'prev_value': None, 'change': True}
2026-02-16 19:56:22,524 : INFO : EventManager : Event: ======'machine_var_audits_missing_switches_s_27_trough_4'====== Args={'value': 1, 'prev_value': None, 'change': True}
2026-02-16 19:56:22,524 : INFO : EventManager : Event: ======'machine_var_audits_missing_switches_s_28_trough_3'====== Args={'value': 1, 'prev_value': None, 'change': True}
2026-02-16 19:56:22,524 : INFO : EventManager : Event: ======'machine_var_audits_missing_switches_s_28_trough_5'====== Args={'value': 1, 'prev_value': None, 'change': True}
2026-02-16 19:56:22,524 : INFO : EventManager : Event: ======'machine_var_audits_missing_switches_s_29_trough_4'====== Args={'value': 1, 'prev_value': None, 'change': True}
2026-02-16 19:56:22,524 : INFO : EventManager : Event: ======'machine_var_audits_missing_switches_s_29_trough_6'====== Args={'value': 1, 'prev_value': None, 'change': True}
2026-02-16 19:56:22,524 : INFO : EventManager : Event: ======'machine_var_audits_missing_switches_s_2_service_down'====== Args={'value': 46, 'prev_value': None, 'change': True}
2026-02-16 19:56:22,524 : INFO : EventManager : Event: ======'machine_var_audits_missing_switches_s_32_right_inlane'====== Args={'value': 19, 'prev_value': None, 'change': True}
2026-02-16 19:56:22,525 : INFO : EventManager : Event: ======'machine_var_audits_missing_switches_s_33_right_outlane'====== Args={'value': 26, 'prev_value': None, 'change': True}
2026-02-16 19:56:22,525 : INFO : EventManager : Event: ======'machine_var_audits_missing_switches_s_34_right_sling'====== Args={'value': 2, 'prev_value': None, 'change': True}
2026-02-16 19:56:22,525 : INFO : EventManager : Event: ======'machine_var_audits_missing_switches_s_35_left_inlane'====== Args={'value': 6, 'prev_value': None, 'change': True}
2026-02-16 19:56:22,525 : INFO : EventManager : Event: ======'machine_var_audits_missing_switches_s_36_left_outlane'====== Args={'value': 2, 'prev_value': None, 'change': True}
2026-02-16 19:56:22,525 : INFO : EventManager : Event: ======'machine_var_audits_missing_switches_s_37_left_sling'====== Args={'value': 1, 'prev_value': None, 'change': True}
2026-02-16 19:56:22,525 : INFO : EventManager : Event: ======'machine_var_audits_missing_switches_s_38_star_rollover_bottom'====== Args={'value': 61, 'prev_value': None, 'change': True}
2026-02-16 19:56:22,525 : INFO : EventManager : Event: ======'machine_var_audits_missing_switches_s_38_top_lane_a'====== Args={'value': 3, 'prev_value': None, 'change': True}
2026-02-16 19:56:22,525 : INFO : EventManager : Event: ======'machine_var_audits_missing_switches_s_39_star_rollover_top'====== Args={'value': 1, 'prev_value': None, 'change': True}
2026-02-16 19:56:22,525 : INFO : EventManager : Event: ======'machine_var_audits_missing_switches_s_39_top_lane_b'====== Args={'value': 3, 'prev_value': None, 'change': True}
2026-02-16 19:56:22,525 : INFO : EventManager : Event: ======'machine_var_audits_missing_switches_s_3_service_enter'====== Args={'value': 46, 'prev_value': None, 'change': True}
2026-02-16 19:56:22,525 : INFO : EventManager : Event: ======'machine_var_audits_missing_switches_s_40_stand_up_target_5'====== Args={'value': 2, 'prev_value': None, 'change': True}
2026-02-16 19:56:22,525 : INFO : EventManager : Event: ======'machine_var_audits_missing_switches_s_40_top_lane_c'====== Args={'value': 3, 'prev_value': None, 'change': True}
2026-02-16 19:56:22,525 : INFO : EventManager : Event: ======'machine_var_audits_missing_switches_s_41_pop_bumper_1'====== Args={'value': 2, 'prev_value': None, 'change': True}
2026-02-16 19:56:22,525 : INFO : EventManager : Event: ======'machine_var_audits_missing_switches_s_41_stand_up_target_6'====== Args={'value': 2, 'prev_value': None, 'change': True}
2026-02-16 19:56:22,525 : INFO : EventManager : Event: ======'machine_var_audits_missing_switches_s_42_pop_bumper_2'====== Args={'value': 3, 'prev_value': None, 'change': True}
2026-02-16 19:56:22,525 : INFO : EventManager : Event: ======'machine_var_audits_missing_switches_s_42_stand_up_target_1'====== Args={'value': 2, 'prev_value': None, 'change': True}
2026-02-16 19:56:22,525 : INFO : EventManager : Event: ======'machine_var_audits_missing_switches_s_43_stand_up_target_4'====== Args={'value': 2, 'prev_value': None, 'change': True}
2026-02-16 19:56:22,525 : INFO : EventManager : Event: ======'machine_var_audits_missing_switches_s_44_spinner_left'====== Args={'value': 1, 'prev_value': None, 'change': True}
2026-02-16 19:56:22,525 : INFO : EventManager : Event: ======'machine_var_audits_missing_switches_s_44_spinner_right'====== Args={'value': 1, 'prev_value': None, 'change': True}
2026-02-16 19:56:22,525 : INFO : EventManager : Event: ======'machine_var_audits_missing_switches_s_45_spinner_right'====== Args={'value': 3, 'prev_value': None, 'change': True}
2026-02-16 19:56:22,525 : INFO : EventManager : Event: ======'machine_var_audits_missing_switches_s_45_varitarget_poisition_1'====== Args={'value': 3, 'prev_value': None, 'change': True}
2026-02-16 19:56:22,525 : INFO : EventManager : Event: ======'machine_var_audits_missing_switches_s_46_varitarget_poisition_2'====== Args={'value': 3, 'prev_value': None, 'change': True}
2026-02-16 19:56:22,526 : INFO : EventManager : Event: ======'machine_var_audits_missing_switches_s_47_varitarget_poisition_3'====== Args={'value': 3, 'prev_value': None, 'change': True}
2026-02-16 19:56:22,526 : INFO : EventManager : Event: ======'machine_var_audits_missing_switches_s_48_varitarget_poisition_4'====== Args={'value': 3, 'prev_value': None, 'change': True}
2026-02-16 19:56:22,526 : INFO : EventManager : Event: ======'machine_var_audits_missing_switches_s_49_varitarget_poisition_5'====== Args={'value': 3, 'prev_value': None, 'change': True}
2026-02-16 19:56:22,526 : INFO : EventManager : Event: ======'machine_var_audits_missing_switches_s_50_saucer_left'====== Args={'value': 3, 'prev_value': None, 'change': True}
2026-02-16 19:56:22,526 : INFO : EventManager : Event: ======'machine_var_audits_missing_switches_s_51_saucer_right'====== Args={'value': 2, 'prev_value': None, 'change': True}
2026-02-16 19:56:22,526 : INFO : EventManager : Event: ======'machine_var_audits_missing_switches_s_52_star_rollover_top'====== Args={'value': 3, 'prev_value': None, 'change': True}
2026-02-16 19:56:22,526 : INFO : EventManager : Event: ======'machine_var_audits_missing_switches_s_53_star_rollover_bottom'====== Args={'value': 3, 'prev_value': None, 'change': True}
2026-02-16 19:56:22,526 : INFO : EventManager : Event: ======'machine_var_audits_missing_switches_s_54_single_drop_1'====== Args={'value': 3, 'prev_value': None, 'change': True}
2026-02-16 19:56:22,526 : INFO : EventManager : Event: ======'machine_var_audits_missing_switches_s_55_fourbank_drop_1'====== Args={'value': 3, 'prev_value': None, 'change': True}
2026-02-16 19:56:22,526 : INFO : EventManager : Event: ======'machine_var_audits_missing_switches_s_56_fourbank_drop_2'====== Args={'value': 3, 'prev_value': None, 'change': True}
2026-02-16 19:56:22,526 : INFO : EventManager : Event: ======'machine_var_audits_missing_switches_s_56_pop_bumper_right'====== Args={'value': 1, 'prev_value': None, 'change': True}
2026-02-16 19:56:22,526 : INFO : EventManager : Event: ======'machine_var_audits_missing_switches_s_57_fourbank_drop_3'====== Args={'value': 2, 'prev_value': None, 'change': True}
2026-02-16 19:56:22,526 : INFO : EventManager : Event: ======'machine_var_audits_missing_switches_s_57_pop_bumper_center'====== Args={'value': 1, 'prev_value': None, 'change': True}
2026-02-16 19:56:22,526 : INFO : EventManager : Event: ======'machine_var_audits_missing_switches_s_58_fourbank_drop_4'====== Args={'value': 2, 'prev_value': None, 'change': True}
2026-02-16 19:56:22,526 : INFO : EventManager : Event: ======'machine_var_audits_missing_switches_s_58_pop_bumper_left'====== Args={'value': 1, 'prev_value': None, 'change': True}
2026-02-16 19:56:22,526 : INFO : EventManager : Event: ======'machine_var_audits_missing_switches_s_59_saucer_right'====== Args={'value': 1, 'prev_value': None, 'change': True}
2026-02-16 19:56:22,526 : INFO : EventManager : Event: ======'machine_var_audits_missing_switches_s_59_threebank_drop_1'====== Args={'value': 2, 'prev_value': None, 'change': True}
2026-02-16 19:56:22,526 : INFO : EventManager : Event: ======'machine_var_audits_missing_switches_s_60_threebank_drop_2'====== Args={'value': 2, 'prev_value': None, 'change': True}
2026-02-16 19:56:22,526 : INFO : EventManager : Event: ======'machine_var_audits_missing_switches_s_61_threebank_drop_3'====== Args={'value': 3, 'prev_value': None, 'change': True}
2026-02-16 19:56:22,526 : INFO : EventManager : Event: ======'machine_var_audits_missing_switches_s_61_top_lane_b'====== Args={'value': 15, 'prev_value': None, 'change': True}
2026-02-16 19:56:22,527 : INFO : EventManager : Event: ======'machine_var_audits_missing_switches_s_62_stand_up_target_1'====== Args={'value': 3, 'prev_value': None, 'change': True}
2026-02-16 19:56:22,527 : INFO : EventManager : Event: ======'machine_var_audits_missing_switches_s_62_top_lane_a'====== Args={'value': 19, 'prev_value': None, 'change': True}
2026-02-16 19:56:22,527 : INFO : EventManager : Event: ======'machine_var_audits_missing_switches_s_63_stand_up_target_2'====== Args={'value': 2, 'prev_value': None, 'change': True}
2026-02-16 19:56:22,527 : INFO : EventManager : Event: ======'machine_var_audits_missing_switches_s_63_stand_up_target_3'====== Args={'value': 1, 'prev_value': None, 'change': True}
2026-02-16 19:56:22,527 : INFO : EventManager : Event: ======'machine_var_audits_missing_switches_s_64_stand_up_target_3'====== Args={'value': 2, 'prev_value': None, 'change': True}
2026-02-16 19:56:22,527 : INFO : EventManager : Event: ======'machine_var_audits_missing_switches_s_64_varitarget_poisition_1'====== Args={'value': 1, 'prev_value': None, 'change': True}
2026-02-16 19:56:22,527 : INFO : EventManager : Event: ======'machine_var_audits_missing_switches_s_65_stand_up_target_4'====== Args={'value': 3, 'prev_value': None, 'change': True}
2026-02-16 19:56:22,527 : INFO : EventManager : Event: ======'machine_var_audits_missing_switches_s_65_varitarget_poisition_2'====== Args={'value': 2, 'prev_value': None, 'change': True}
2026-02-16 19:56:22,527 : INFO : EventManager : Event: ======'machine_var_audits_missing_switches_s_66_stand_up_target_5'====== Args={'value': 3, 'prev_value': None, 'change': True}
2026-02-16 19:56:22,527 : INFO : EventManager : Event: ======'machine_var_audits_missing_switches_s_66_varitarget_poisition_3'====== Args={'value': 2, 'prev_value': None, 'change': True}
2026-02-16 19:56:22,527 : INFO : EventManager : Event: ======'machine_var_audits_missing_switches_s_67_stand_up_target_6'====== Args={'value': 3, 'prev_value': None, 'change': True}
2026-02-16 19:56:22,527 : INFO : EventManager : Event: ======'machine_var_audits_missing_switches_s_67_varitarget_poisition_4'====== Args={'value': 39, 'prev_value': None, 'change': True}
2026-02-16 19:56:22,527 : INFO : EventManager : Event: ======'machine_var_audits_missing_switches_s_68_stand_up_target_7'====== Args={'value': 2, 'prev_value': None, 'change': True}
2026-02-16 19:56:22,527 : INFO : EventManager : Event: ======'machine_var_audits_missing_switches_s_68_varitarget_poisition_5'====== Args={'value': 39, 'prev_value': None, 'change': True}
2026-02-16 19:56:22,527 : INFO : EventManager : Event: ======'machine_var_audits_missing_switches_s_69_stand_up_target_8'====== Args={'value': 1, 'prev_value': None, 'change': True}
2026-02-16 19:56:22,527 : INFO : EventManager : Event: ======'machine_var_audits_missing_switches_s_69_varitarget_poisition_6'====== Args={'value': 39, 'prev_value': None, 'change': True}
2026-02-16 19:56:22,527 : INFO : EventManager : Event: ======'machine_var_audits_missing_switches_s_70_stand_up_target_9'====== Args={'value': 3, 'prev_value': None, 'change': True}
2026-02-16 19:56:22,527 : INFO : EventManager : Event: ======'machine_var_audits_missing_switches_s_70_varitarget_poisition_7'====== Args={'value': 22, 'prev_value': None, 'change': True}
2026-02-16 19:56:22,527 : INFO : EventManager : Event: ======'machine_var_audits_missing_switches_s_71_spinner_left'====== Args={'value': 1, 'prev_value': None, 'change': True}
2026-02-16 19:56:22,528 : INFO : EventManager : Event: ======'machine_var_audits_missing_switches_s_71_stand_up_target_10'====== Args={'value': 3, 'prev_value': None, 'change': True}
2026-02-16 19:56:22,528 : INFO : EventManager : Event: ======'machine_var_audits_missing_switches_s_72_single_drop_1'====== Args={'value': 2, 'prev_value': None, 'change': True}
2026-02-16 19:56:22,528 : INFO : EventManager : Event: ======'machine_var_audits_missing_switches_s_72_stand_up_target_11'====== Args={'value': 3, 'prev_value': None, 'change': True}
2026-02-16 19:56:22,528 : INFO : EventManager : Event: ======'machine_var_audits_missing_switches_s_73_fourbank_drop_1'====== Args={'value': 6, 'prev_value': None, 'change': True}
2026-02-16 19:56:22,528 : INFO : EventManager : Event: ======'machine_var_audits_missing_switches_s_75_fourbank_drop_3'====== Args={'value': 23, 'prev_value': None, 'change': True}
2026-02-16 19:56:22,528 : INFO : EventManager : Event: ======'machine_var_audits_missing_switches_s_76_fourbank_drop_4'====== Args={'value': 28, 'prev_value': None, 'change': True}
2026-02-16 19:56:22,528 : INFO : EventManager : Event: ======'machine_var_audits_missing_switches_s_77_threebank_drop_1'====== Args={'value': 22, 'prev_value': None, 'change': True}
2026-02-16 19:56:22,528 : INFO : EventManager : Event: ======'machine_var_audits_missing_switches_s_80_stand_up_target_2'====== Args={'value': 19, 'prev_value': None, 'change': True}
2026-02-16 19:56:22,528 : INFO : EventManager : Event: ======'machine_var_audits_missing_switches_s_81_saucer_left'====== Args={'value': 51, 'prev_value': None, 'change': True}
2026-02-16 19:56:22,528 : INFO : EventManager : Event: ======'machine_var_audits_missing_switches_s_82_stand_up_target_bank_1'====== Args={'value': 25, 'prev_value': None, 'change': True}
2026-02-16 19:56:22,528 : INFO : EventManager : Event: ======'machine_var_audits_missing_switches_s_83_stand_up_target_bank_2'====== Args={'value': 10, 'prev_value': None, 'change': True}
2026-02-16 19:56:22,528 : INFO : EventManager : Event: ======'machine_var_audits_missing_switches_s_84_stand_up_target_bank_3'====== Args={'value': 24, 'prev_value': None, 'change': True}
2026-02-16 19:56:22,528 : INFO : EventManager : Event: ======'machine_var_audits_missing_switches_s_85_stand_up_target_bank_4'====== Args={'value': 19, 'prev_value': None, 'change': True}
2026-02-16 19:56:22,528 : INFO : EventManager : Event: ======'machine_var_audits_missing_switches_s_86_stand_up_target_bank_5'====== Args={'value': 19, 'prev_value': None, 'change': True}
2026-02-16 19:56:22,528 : INFO : EventManager : Event: ======'machine_var_audits_missing_switches_s_87_stand_up_target_bank_6'====== Args={'value': 25, 'prev_value': None, 'change': True}
2026-02-16 19:56:22,529 : INFO : EventManager : Event: ======'machine_var_audits_missing_switches_s_8_left_flipper'====== Args={'value': 19, 'prev_value': None, 'change': True}
2026-02-16 19:56:22,529 : INFO : EventManager : Event: ======'machine_var_audits_player_score'====== Args={'value': {'average': 0, 'top': [0, 0, 0, 0, 0, 0, 0, 0, 0, 0], 'total': 10}, 'prev_value': None, 'change': True}
2026-02-16 19:56:22,529 : INFO : EventManager : Event: ======'machine_var_audits_switches_s_00_service_esc'====== Args={'value': 0, 'prev_value': None, 'change': True}
2026-02-16 19:56:22,529 : INFO : EventManager : Event: ======'machine_var_audits_switches_s_01_service_up'====== Args={'value': 0, 'prev_value': None, 'change': True}
2026-02-16 19:56:22,529 : INFO : EventManager : Event: ======'machine_var_audits_switches_s_02_service_down'====== Args={'value': 0, 'prev_value': None, 'change': True}
2026-02-16 19:56:22,529 : INFO : EventManager : Event: ======'machine_var_audits_switches_s_03_service_enter'====== Args={'value': 0, 'prev_value': None, 'change': True}
2026-02-16 19:56:22,529 : INFO : EventManager : Event: ======'machine_var_audits_switches_s_08_left_flipper'====== Args={'value': 35, 'prev_value': None, 'change': True}
2026-02-16 19:56:22,529 : INFO : EventManager : Event: ======'machine_var_audits_switches_s_0_service_esc'====== Args={'value': 0, 'prev_value': None, 'change': True}
2026-02-16 19:56:22,529 : INFO : EventManager : Event: ======'machine_var_audits_switches_s_11_start_button'====== Args={'value': 23, 'prev_value': None, 'change': True}
2026-02-16 19:56:22,529 : INFO : EventManager : Event: ======'machine_var_audits_switches_s_12_tilt_bob'====== Args={'value': 0, 'prev_value': None, 'change': True}
2026-02-16 19:56:22,529 : INFO : EventManager : Event: ======'machine_var_audits_switches_s_13_coin_door'====== Args={'value': 0, 'prev_value': None, 'change': True}
2026-02-16 19:56:22,529 : INFO : EventManager : Event: ======'machine_var_audits_switches_s_16_right_flipper'====== Args={'value': 646, 'prev_value': None, 'change': True}
2026-02-16 19:56:22,529 : INFO : EventManager : Event: ======'machine_var_audits_switches_s_17_right_flipper_upper'====== Args={'value': 538, 'prev_value': None, 'change': True}
2026-02-16 19:56:22,529 : INFO : EventManager : Event: ======'machine_var_audits_switches_s_19_cab_arrow_left'====== Args={'value': 0, 'prev_value': None, 'change': True}
2026-02-16 19:56:22,529 : INFO : EventManager : Event: ======'machine_var_audits_switches_s_1_service_up'====== Args={'value': 0, 'prev_value': None, 'change': True}
2026-02-16 19:56:22,529 : INFO : EventManager : Event: ======'machine_var_audits_switches_s_20_cab_arrow_right'====== Args={'value': 0, 'prev_value': None, 'change': True}
2026-02-16 19:56:22,529 : INFO : EventManager : Event: ======'machine_var_audits_switches_s_24_plunger_lane'====== Args={'value': 19, 'prev_value': None, 'change': True}
2026-02-16 19:56:22,529 : INFO : EventManager : Event: ======'machine_var_audits_switches_s_24_trough_1'====== Args={'value': 63, 'prev_value': None, 'change': True}
2026-02-16 19:56:22,529 : INFO : EventManager : Event: ======'machine_var_audits_switches_s_25_trough_2'====== Args={'value': 54, 'prev_value': None, 'change': True}
2026-02-16 19:56:22,529 : INFO : EventManager : Event: ======'machine_var_audits_switches_s_25_trough_jam'====== Args={'value': 3, 'prev_value': None, 'change': True}
2026-02-16 19:56:22,529 : INFO : EventManager : Event: ======'machine_var_audits_switches_s_26_trough_1'====== Args={'value': 21, 'prev_value': None, 'change': True}
2026-02-16 19:56:22,529 : INFO : EventManager : Event: ======'machine_var_audits_switches_s_26_trough_3'====== Args={'value': 50, 'prev_value': None, 'change': True}
2026-02-16 19:56:22,530 : INFO : EventManager : Event: ======'machine_var_audits_switches_s_27_trough_2'====== Args={'value': 19, 'prev_value': None, 'change': True}
2026-02-16 19:56:22,530 : INFO : EventManager : Event: ======'machine_var_audits_switches_s_27_trough_4'====== Args={'value': 42, 'prev_value': None, 'change': True}
2026-02-16 19:56:22,530 : INFO : EventManager : Event: ======'machine_var_audits_switches_s_28_trough_3'====== Args={'value': 2, 'prev_value': None, 'change': True}
2026-02-16 19:56:22,530 : INFO : EventManager : Event: ======'machine_var_audits_switches_s_28_trough_5'====== Args={'value': 45, 'prev_value': None, 'change': True}
2026-02-16 19:56:22,530 : INFO : EventManager : Event: ======'machine_var_audits_switches_s_29_trough_4'====== Args={'value': 2, 'prev_value': None, 'change': True}
2026-02-16 19:56:22,530 : INFO : EventManager : Event: ======'machine_var_audits_switches_s_29_trough_6'====== Args={'value': 61, 'prev_value': None, 'change': True}
2026-02-16 19:56:22,530 : INFO : EventManager : Event: ======'machine_var_audits_switches_s_2_service_down'====== Args={'value': 0, 'prev_value': None, 'change': True}
2026-02-16 19:56:22,530 : INFO : EventManager : Event: ======'machine_var_audits_switches_s_30_trough_jam'====== Args={'value': 98, 'prev_value': None, 'change': True}
2026-02-16 19:56:22,530 : INFO : EventManager : Event: ======'machine_var_audits_switches_s_31_plunger_lane'====== Args={'value': 105, 'prev_value': None, 'change': True}
2026-02-16 19:56:22,530 : INFO : EventManager : Event: ======'machine_var_audits_switches_s_32_right_inlane'====== Args={'value': 13, 'prev_value': None, 'change': True}
2026-02-16 19:56:22,530 : INFO : EventManager : Event: ======'machine_var_audits_switches_s_33_right_outlane'====== Args={'value': 1, 'prev_value': None, 'change': True}
2026-02-16 19:56:22,530 : INFO : EventManager : Event: ======'machine_var_audits_switches_s_34_right_sling'====== Args={'value': 634, 'prev_value': None, 'change': True}
2026-02-16 19:56:22,530 : INFO : EventManager : Event: ======'machine_var_audits_switches_s_35_left_inlane'====== Args={'value': 46, 'prev_value': None, 'change': True}
2026-02-16 19:56:22,530 : INFO : EventManager : Event: ======'machine_var_audits_switches_s_36_left_outlane'====== Args={'value': 269, 'prev_value': None, 'change': True}
2026-02-16 19:56:22,530 : INFO : EventManager : Event: ======'machine_var_audits_switches_s_37_left_sling'====== Args={'value': 177, 'prev_value': None, 'change': True}
2026-02-16 19:56:22,530 : INFO : EventManager : Event: ======'machine_var_audits_switches_s_38_star_rollover_bottom'====== Args={'value': 0, 'prev_value': None, 'change': True}
2026-02-16 19:56:22,530 : INFO : EventManager : Event: ======'machine_var_audits_switches_s_38_top_lane_a'====== Args={'value': 0, 'prev_value': None, 'change': True}
2026-02-16 19:56:22,530 : INFO : EventManager : Event: ======'machine_var_audits_switches_s_39_star_rollover_top'====== Args={'value': 14, 'prev_value': None, 'change': True}
2026-02-16 19:56:22,530 : INFO : EventManager : Event: ======'machine_var_audits_switches_s_39_top_lane_b'====== Args={'value': 0, 'prev_value': None, 'change': True}
2026-02-16 19:56:22,530 : INFO : EventManager : Event: ======'machine_var_audits_switches_s_3_service_enter'====== Args={'value': 0, 'prev_value': None, 'change': True}
2026-02-16 19:56:22,530 : INFO : EventManager : Event: ======'machine_var_audits_switches_s_40_stand_up_target_5'====== Args={'value': 2, 'prev_value': None, 'change': True}
2026-02-16 19:56:22,530 : INFO : EventManager : Event: ======'machine_var_audits_switches_s_40_stand_up_target_7'====== Args={'value': 26, 'prev_value': None, 'change': True}
2026-02-16 19:56:22,531 : INFO : EventManager : Event: ======'machine_var_audits_switches_s_40_top_lane_c'====== Args={'value': 0, 'prev_value': None, 'change': True}
2026-02-16 19:56:22,531 : INFO : EventManager : Event: ======'machine_var_audits_switches_s_41_pop_bumper_1'====== Args={'value': 1, 'prev_value': None, 'change': True}
2026-02-16 19:56:22,531 : INFO : EventManager : Event: ======'machine_var_audits_switches_s_41_stand_up_target_6'====== Args={'value': 7, 'prev_value': None, 'change': True}
2026-02-16 19:56:22,531 : INFO : EventManager : Event: ======'machine_var_audits_switches_s_41_stand_up_target_8'====== Args={'value': 32, 'prev_value': None, 'change': True}
2026-02-16 19:56:22,531 : INFO : EventManager : Event: ======'machine_var_audits_switches_s_42_pop_bumper_2'====== Args={'value': 0, 'prev_value': None, 'change': True}
2026-02-16 19:56:22,531 : INFO : EventManager : Event: ======'machine_var_audits_switches_s_42_stand_up_target_1'====== Args={'value': 4, 'prev_value': None, 'change': True}
2026-02-16 19:56:22,531 : INFO : EventManager : Event: ======'machine_var_audits_switches_s_42_stand_up_target_9'====== Args={'value': 69, 'prev_value': None, 'change': True}
2026-02-16 19:56:22,531 : INFO : EventManager : Event: ======'machine_var_audits_switches_s_43_pop_bumper_3'====== Args={'value': 16, 'prev_value': None, 'change': True}
2026-02-16 19:56:22,531 : INFO : EventManager : Event: ======'machine_var_audits_switches_s_43_stand_up_target_10'====== Args={'value': 40, 'prev_value': None, 'change': True}
2026-02-16 19:56:22,531 : INFO : EventManager : Event: ======'machine_var_audits_switches_s_43_stand_up_target_4'====== Args={'value': 2, 'prev_value': None, 'change': True}
2026-02-16 19:56:22,531 : INFO : EventManager : Event: ======'machine_var_audits_switches_s_44_spinner_left'====== Args={'value': 8, 'prev_value': None, 'change': True}
2026-02-16 19:56:22,531 : INFO : EventManager : Event: ======'machine_var_audits_switches_s_44_spinner_right'====== Args={'value': 192, 'prev_value': None, 'change': True}
2026-02-16 19:56:22,531 : INFO : EventManager : Event: ======'machine_var_audits_switches_s_45_spinner_right'====== Args={'value': 0, 'prev_value': None, 'change': True}
2026-02-16 19:56:22,531 : INFO : EventManager : Event: ======'machine_var_audits_switches_s_45_varitarget_poisition_1'====== Args={'value': 0, 'prev_value': None, 'change': True}
2026-02-16 19:56:22,531 : INFO : EventManager : Event: ======'machine_var_audits_switches_s_46_varitarget_poisition_2'====== Args={'value': 0, 'prev_value': None, 'change': True}
2026-02-16 19:56:22,531 : INFO : EventManager : Event: ======'machine_var_audits_switches_s_47_varitarget_poisition_3'====== Args={'value': 0, 'prev_value': None, 'change': True}
2026-02-16 19:56:22,531 : INFO : EventManager : Event: ======'machine_var_audits_switches_s_48_varitarget_poisition_4'====== Args={'value': 0, 'prev_value': None, 'change': True}
2026-02-16 19:56:22,531 : INFO : EventManager : Event: ======'machine_var_audits_switches_s_49_varitarget_poisition_5'====== Args={'value': 0, 'prev_value': None, 'change': True}
2026-02-16 19:56:22,531 : INFO : EventManager : Event: ======'machine_var_audits_switches_s_50_saucer_left'====== Args={'value': 0, 'prev_value': None, 'change': True}
2026-02-16 19:56:22,531 : INFO : EventManager : Event: ======'machine_var_audits_switches_s_51_saucer_right'====== Args={'value': 2, 'prev_value': None, 'change': True}
2026-02-16 19:56:22,531 : INFO : EventManager : Event: ======'machine_var_audits_switches_s_52_star_rollover_top'====== Args={'value': 0, 'prev_value': None, 'change': True}
2026-02-16 19:56:22,532 : INFO : EventManager : Event: ======'machine_var_audits_switches_s_53_star_rollover_bottom'====== Args={'value': 0, 'prev_value': None, 'change': True}
2026-02-16 19:56:22,532 : INFO : EventManager : Event: ======'machine_var_audits_switches_s_54_single_drop_1'====== Args={'value': 0, 'prev_value': None, 'change': True}
2026-02-16 19:56:22,532 : INFO : EventManager : Event: ======'machine_var_audits_switches_s_55_fourbank_drop_1'====== Args={'value': 0, 'prev_value': None, 'change': True}
2026-02-16 19:56:22,532 : INFO : EventManager : Event: ======'machine_var_audits_switches_s_56_fourbank_drop_2'====== Args={'value': 0, 'prev_value': None, 'change': True}
2026-02-16 19:56:22,532 : INFO : EventManager : Event: ======'machine_var_audits_switches_s_56_pop_bumper_right'====== Args={'value': 68, 'prev_value': None, 'change': True}
2026-02-16 19:56:22,532 : INFO : EventManager : Event: ======'machine_var_audits_switches_s_57_fourbank_drop_3'====== Args={'value': 1, 'prev_value': None, 'change': True}
2026-02-16 19:56:22,532 : INFO : EventManager : Event: ======'machine_var_audits_switches_s_57_pop_bumper_center'====== Args={'value': 177, 'prev_value': None, 'change': True}
2026-02-16 19:56:22,532 : INFO : EventManager : Event: ======'machine_var_audits_switches_s_58_fourbank_drop_4'====== Args={'value': 1, 'prev_value': None, 'change': True}
2026-02-16 19:56:22,532 : INFO : EventManager : Event: ======'machine_var_audits_switches_s_58_pop_bumper_left'====== Args={'value': 141, 'prev_value': None, 'change': True}
2026-02-16 19:56:22,532 : INFO : EventManager : Event: ======'machine_var_audits_switches_s_59_saucer_right'====== Args={'value': 9, 'prev_value': None, 'change': True}
2026-02-16 19:56:22,532 : INFO : EventManager : Event: ======'machine_var_audits_switches_s_59_threebank_drop_1'====== Args={'value': 1, 'prev_value': None, 'change': True}
2026-02-16 19:56:22,532 : INFO : EventManager : Event: ======'machine_var_audits_switches_s_60_threebank_drop_2'====== Args={'value': 1, 'prev_value': None, 'change': True}
2026-02-16 19:56:22,532 : INFO : EventManager : Event: ======'machine_var_audits_switches_s_60_top_lane_c'====== Args={'value': 97, 'prev_value': None, 'change': True}
2026-02-16 19:56:22,532 : INFO : EventManager : Event: ======'machine_var_audits_switches_s_61_threebank_drop_3'====== Args={'value': 0, 'prev_value': None, 'change': True}
2026-02-16 19:56:22,532 : INFO : EventManager : Event: ======'machine_var_audits_switches_s_61_top_lane_b'====== Args={'value': 31, 'prev_value': None, 'change': True}
2026-02-16 19:56:22,532 : INFO : EventManager : Event: ======'machine_var_audits_switches_s_62_stand_up_target_1'====== Args={'value': 0, 'prev_value': None, 'change': True}
2026-02-16 19:56:22,532 : INFO : EventManager : Event: ======'machine_var_audits_switches_s_62_top_lane_a'====== Args={'value': 124, 'prev_value': None, 'change': True}
2026-02-16 19:56:22,532 : INFO : EventManager : Event: ======'machine_var_audits_switches_s_63_stand_up_target_11'====== Args={'value': 43, 'prev_value': None, 'change': True}
2026-02-16 19:56:22,532 : INFO : EventManager : Event: ======'machine_var_audits_switches_s_63_stand_up_target_2'====== Args={'value': 1, 'prev_value': None, 'change': True}
2026-02-16 19:56:22,532 : INFO : EventManager : Event: ======'machine_var_audits_switches_s_63_stand_up_target_3'====== Args={'value': 11, 'prev_value': None, 'change': True}
2026-02-16 19:56:22,532 : INFO : EventManager : Event: ======'machine_var_audits_switches_s_64_stand_up_target_3'====== Args={'value': 1, 'prev_value': None, 'change': True}
2026-02-16 19:56:22,532 : INFO : EventManager : Event: ======'machine_var_audits_switches_s_64_varitarget_poisition_1'====== Args={'value': 980, 'prev_value': None, 'change': True}
2026-02-16 19:56:22,533 : INFO : EventManager : Event: ======'machine_var_audits_switches_s_65_stand_up_target_4'====== Args={'value': 0, 'prev_value': None, 'change': True}
2026-02-16 19:56:22,533 : INFO : EventManager : Event: ======'machine_var_audits_switches_s_65_varitarget_poisition_2'====== Args={'value': 14, 'prev_value': None, 'change': True}
2026-02-16 19:56:22,533 : INFO : EventManager : Event: ======'machine_var_audits_switches_s_66_stand_up_target_5'====== Args={'value': 0, 'prev_value': None, 'change': True}
2026-02-16 19:56:22,533 : INFO : EventManager : Event: ======'machine_var_audits_switches_s_66_varitarget_poisition_3'====== Args={'value': 9, 'prev_value': None, 'change': True}
2026-02-16 19:56:22,533 : INFO : EventManager : Event: ======'machine_var_audits_switches_s_67_stand_up_target_6'====== Args={'value': 0, 'prev_value': None, 'change': True}
2026-02-16 19:56:22,533 : INFO : EventManager : Event: ======'machine_var_audits_switches_s_67_varitarget_poisition_4'====== Args={'value': 11, 'prev_value': None, 'change': True}
2026-02-16 19:56:22,533 : INFO : EventManager : Event: ======'machine_var_audits_switches_s_68_stand_up_target_7'====== Args={'value': 1, 'prev_value': None, 'change': True}
2026-02-16 19:56:22,533 : INFO : EventManager : Event: ======'machine_var_audits_switches_s_68_varitarget_poisition_5'====== Args={'value': 5, 'prev_value': None, 'change': True}
2026-02-16 19:56:22,533 : INFO : EventManager : Event: ======'machine_var_audits_switches_s_69_stand_up_target_8'====== Args={'value': 2, 'prev_value': None, 'change': True}
2026-02-16 19:56:22,533 : INFO : EventManager : Event: ======'machine_var_audits_switches_s_69_varitarget_poisition_6'====== Args={'value': 4, 'prev_value': None, 'change': True}
2026-02-16 19:56:22,533 : INFO : EventManager : Event: ======'machine_var_audits_switches_s_70_stand_up_target_9'====== Args={'value': 0, 'prev_value': None, 'change': True}
2026-02-16 19:56:22,533 : INFO : EventManager : Event: ======'machine_var_audits_switches_s_70_varitarget_poisition_7'====== Args={'value': 66, 'prev_value': None, 'change': True}
2026-02-16 19:56:22,533 : INFO : EventManager : Event: ======'machine_var_audits_switches_s_71_spinner_left'====== Args={'value': 2111, 'prev_value': None, 'change': True}
2026-02-16 19:56:22,533 : INFO : EventManager : Event: ======'machine_var_audits_switches_s_71_stand_up_target_10'====== Args={'value': 0, 'prev_value': None, 'change': True}
2026-02-16 19:56:22,533 : INFO : EventManager : Event: ======'machine_var_audits_switches_s_72_single_drop_1'====== Args={'value': 44, 'prev_value': None, 'change': True}
2026-02-16 19:56:22,533 : INFO : EventManager : Event: ======'machine_var_audits_switches_s_72_stand_up_target_11'====== Args={'value': 0, 'prev_value': None, 'change': True}
2026-02-16 19:56:22,533 : INFO : EventManager : Event: ======'machine_var_audits_switches_s_73_fourbank_drop_1'====== Args={'value': 253, 'prev_value': None, 'change': True}
2026-02-16 19:56:22,533 : INFO : EventManager : Event: ======'machine_var_audits_switches_s_74_fourbank_drop_2'====== Args={'value': 103, 'prev_value': None, 'change': True}
2026-02-16 19:56:22,533 : INFO : EventManager : Event: ======'machine_var_audits_switches_s_75_fourbank_drop_3'====== Args={'value': 99, 'prev_value': None, 'change': True}
2026-02-16 19:56:22,533 : INFO : EventManager : Event: ======'machine_var_audits_switches_s_76_fourbank_drop_4'====== Args={'value': 3, 'prev_value': None, 'change': True}
2026-02-16 19:56:22,533 : INFO : EventManager : Event: ======'machine_var_audits_switches_s_77_threebank_drop_1'====== Args={'value': 93, 'prev_value': None, 'change': True}
2026-02-16 19:56:22,533 : INFO : EventManager : Event: ======'machine_var_audits_switches_s_78_threebank_drop_2'====== Args={'value': 2102, 'prev_value': None, 'change': True}
2026-02-16 19:56:22,533 : INFO : EventManager : Event: ======'machine_var_audits_switches_s_79_threebank_drop_3'====== Args={'value': 315, 'prev_value': None, 'change': True}
2026-02-16 19:56:22,534 : INFO : EventManager : Event: ======'machine_var_audits_switches_s_80_stand_up_target_1'====== Args={'value': 72, 'prev_value': None, 'change': True}
2026-02-16 19:56:22,534 : INFO : EventManager : Event: ======'machine_var_audits_switches_s_80_stand_up_target_2'====== Args={'value': 0, 'prev_value': None, 'change': True}
2026-02-16 19:56:22,534 : INFO : EventManager : Event: ======'machine_var_audits_switches_s_81_saucer_left'====== Args={'value': 13, 'prev_value': None, 'change': True}
2026-02-16 19:56:22,534 : INFO : EventManager : Event: ======'machine_var_audits_switches_s_82_stand_up_target_bank_1'====== Args={'value': 25, 'prev_value': None, 'change': True}
2026-02-16 19:56:22,534 : INFO : EventManager : Event: ======'machine_var_audits_switches_s_83_stand_up_target_bank_2'====== Args={'value': 56, 'prev_value': None, 'change': True}
2026-02-16 19:56:22,534 : INFO : EventManager : Event: ======'machine_var_audits_switches_s_84_stand_up_target_bank_3'====== Args={'value': 41, 'prev_value': None, 'change': True}
2026-02-16 19:56:22,534 : INFO : EventManager : Event: ======'machine_var_audits_switches_s_85_stand_up_target_bank_4'====== Args={'value': 56, 'prev_value': None, 'change': True}
2026-02-16 19:56:22,534 : INFO : EventManager : Event: ======'machine_var_audits_switches_s_86_stand_up_target_bank_5'====== Args={'value': 215, 'prev_value': None, 'change': True}
2026-02-16 19:56:22,534 : INFO : EventManager : Event: ======'machine_var_audits_switches_s_87_stand_up_target_bank_6'====== Args={'value': 142, 'prev_value': None, 'change': True}
2026-02-16 19:56:22,534 : INFO : EventManager : Event: ======'machine_var_audits_switches_s_8_left_flipper'====== Args={'value': 455, 'prev_value': None, 'change': True}
2026-02-16 19:56:22,535 : INFO : EventManager : Event: ======'init_phase_5'====== Args={}
2026-02-16 19:56:22,535 : INFO : EventManager : Event: ======'init_done'====== Args={}
2026-02-16 19:56:22,535 : INFO : EventManager : Event: ======'machine_reset_phase_1'====== Args={}
2026-02-16 19:56:22,544 : INFO : EventManager : Event: ======'machine_reset_phase_2'====== Args={}
2026-02-16 19:56:22,544 : INFO : EventManager : Event: ======'machine_reset_phase_3'====== Args={}
2026-02-16 19:56:22,545 : INFO : drop_target_bank.dt_bank_1_4 : 1 targets are down. Will reset those.
2026-02-16 19:56:22,545 : INFO : coil.c_40_fourbank_drop_reset : Pulsing Driver for 10ms (1.0 pulse_power)
2026-02-16 19:56:22,545 : INFO : drop_target_bank.dt_bank_5_7 : 1 targets are down. Will reset those.
2026-02-16 19:56:22,546 : INFO : EventManager : Event: ======'reset_complete'====== Args={}
2026-02-16 19:56:22,546 : INFO : EventManager : Event: ======'mode_attract_will_start'====== Args={}
2026-02-16 19:56:22,546 : INFO : Timer.attract_carousel_timer : Starting Timer.
2026-02-16 19:56:22,546 : INFO : EventManager : Event: ======'timer_attract_carousel_timer_started'====== Args={'ticks': 0, 'ticks_remaining': 1}
2026-02-16 19:56:22,546 : INFO : EventManager : Event: ======'timer_attract_carousel_timer_tick'====== Args={'ticks': 0, 'ticks_remaining': 1}
2026-02-16 19:56:22,547 : INFO : EventManager : Event: ======'mode_attract_starting'====== Args={}
2026-02-16 19:56:22,547 : INFO : Mode.attract : Started. Priority: 10
2026-02-16 19:56:22,547 : INFO : EventManager : Event: ======'modes_active_modes_changed'====== Args={}
2026-02-16 19:56:22,548 : INFO : EventManager : Event: ======'mode_attract_started'====== Args={}
2026-02-16 19:56:22,548 : INFO : EventManager : Event: ======'collecting_balls_complete'====== Args={}
2026-02-16 19:56:22,548 : INFO : EventManager : Event: ======'carousel_item_highlighted'====== Args={'carousel': 'attract', 'direction': None, 'item': 'title'}
2026-02-16 19:56:22,550 : INFO : Machine : Starting the main run loop with active modes: [<Mode.attract>]
2026-02-16 19:56:22,550 : INFO : coil.c_32_threebank_drop_reset : Pulsing Driver for 10ms (1.0 pulse_power)
2026-02-16 19:56:22,575 : INFO : coil.c_40_fourbank_drop_reset : Pulsing Driver for 10ms (1.0 pulse_power)
2026-02-16 19:56:22,575 : INFO : SwitchController : <<<<<<< 's_78_threebank_drop_2' inactive (muted) >>>>>>>
2026-02-16 19:56:22,576 : INFO : SwitchController : <<<<<<< 's_74_fourbank_drop_2' inactive (muted) >>>>>>>
2026-02-16 19:56:22,576 : INFO : EventManager : Event: ======'slide_attract_created'====== Args={'_from_bcp': True}
2026-02-16 19:56:22,577 : INFO : EventManager : Event: ======'slide__removed'====== Args={'_from_bcp': True}
2026-02-16 19:56:22,577 : INFO : EventManager : Event: ======'slide_attract_active'====== Args={'original_context': 'attract', 'original_calling_context': 'mode_attract_started', 'priority': 10.0, 'cmd': 'slides_play', '_from_bcp': True}
2026-02-16 19:56:22,591 : INFO : coil.c_32_threebank_drop_reset : Pulsing Driver for 10ms (1.0 pulse_power)
2026-02-16 19:56:22,591 : INFO : SwitchController : <<<<<<< 's_74_fourbank_drop_2' active (muted) >>>>>>>
2026-02-16 19:56:22,607 : INFO : SwitchController : <<<<<<< 's_74_fourbank_drop_2' inactive (muted) >>>>>>>
2026-02-16 19:56:22,780 : INFO : SwitchController : <<<<<<< 's_74_fourbank_drop_2' active (muted) >>>>>>>
2026-02-16 19:56:23,034 : INFO : EventManager : Event: ======'drop_target_bank_dt_bank_1_4_mixed'====== Args={'prev_value': <DropTargetBankState.UP: 'up'>, 'down': 1}
2026-02-16 19:56:23,034 : INFO : EventManager : Event: ======'drop_target_dt_6_up'====== Args={'device': <drop_target.dt_6>}
2026-02-16 19:56:25,778 : INFO : SwitchController : <<<<<<< 's_16_right_flipper' active >>>>>>>
2026-02-16 19:56:25,778 : INFO : EventManager : Event: ======'s_16_right_flipper_active'====== Args={}
2026-02-16 19:56:25,778 : INFO : EventManager : Event: ======'carousel_item_highlighted'====== Args={'carousel': 'attract', 'direction': 'forwards', 'item': 'credits'}
2026-02-16 19:56:25,844 : INFO : SwitchController : <<<<<<< 's_16_right_flipper' inactive >>>>>>>
2026-02-16 19:56:26,128 : INFO : SwitchController : <<<<<<< 's_16_right_flipper' active >>>>>>>
2026-02-16 19:56:26,128 : INFO : EventManager : Event: ======'s_16_right_flipper_active'====== Args={}
2026-02-16 19:56:26,129 : INFO : EventManager : Event: ======'carousel_item_highlighted'====== Args={'carousel': 'attract', 'direction': 'forwards', 'item': 'mpf_logo'}
2026-02-16 19:56:26,178 : INFO : SwitchController : <<<<<<< 's_16_right_flipper' inactive >>>>>>>
2026-02-16 19:56:26,495 : INFO : SwitchController : <<<<<<< 's_16_right_flipper' active >>>>>>>
2026-02-16 19:56:26,495 : INFO : EventManager : Event: ======'s_16_right_flipper_active'====== Args={}
2026-02-16 19:56:26,495 : INFO : EventManager : Event: ======'carousel_item_highlighted'====== Args={'carousel': 'attract', 'direction': 'forwards', 'item': 'title'}
2026-02-16 19:56:26,528 : INFO : SwitchController : <<<<<<< 's_16_right_flipper' inactive >>>>>>>
2026-02-16 19:56:26,811 : INFO : SwitchController : <<<<<<< 's_16_right_flipper' active >>>>>>>
2026-02-16 19:56:26,811 : INFO : EventManager : Event: ======'s_16_right_flipper_active'====== Args={}
2026-02-16 19:56:26,812 : INFO : EventManager : Event: ======'carousel_item_highlighted'====== Args={'carousel': 'attract', 'direction': 'forwards', 'item': 'credits'}
2026-02-16 19:56:26,861 : INFO : SwitchController : <<<<<<< 's_16_right_flipper' inactive >>>>>>>
2026-02-16 19:56:26,978 : INFO : SwitchController : <<<<<<< 's_16_right_flipper' active >>>>>>>
2026-02-16 19:56:26,978 : INFO : EventManager : Event: ======'s_16_right_flipper_active'====== Args={}
2026-02-16 19:56:26,978 : INFO : EventManager : Event: ======'carousel_item_highlighted'====== Args={'carousel': 'attract', 'direction': 'forwards', 'item': 'mpf_logo'}
2026-02-16 19:56:27,044 : INFO : SwitchController : <<<<<<< 's_16_right_flipper' inactive >>>>>>>
2026-02-16 19:56:27,161 : INFO : SwitchController : <<<<<<< 's_16_right_flipper' active >>>>>>>
2026-02-16 19:56:27,162 : INFO : EventManager : Event: ======'s_16_right_flipper_active'====== Args={}
2026-02-16 19:56:27,162 : INFO : EventManager : Event: ======'carousel_item_highlighted'====== Args={'carousel': 'attract', 'direction': 'forwards', 'item': 'title'}
2026-02-16 19:56:27,244 : INFO : SwitchController : <<<<<<< 's_16_right_flipper' inactive >>>>>>>
2026-02-16 19:56:27,538 : INFO : Timer.attract_carousel_timer : Timer Complete
2026-02-16 19:56:27,538 : INFO : Timer.attract_carousel_timer : Stopping Timer
2026-02-16 19:56:27,538 : INFO : EventManager : Event: ======'timer_attract_carousel_timer_stopped'====== Args={'ticks': 1, 'ticks_remaining': 1}
2026-02-16 19:56:27,538 : INFO : EventManager : Event: ======'timer_attract_carousel_timer_complete'====== Args={'ticks': 1, 'ticks_remaining': 1}
2026-02-16 19:56:27,538 : INFO : EventManager : Event: ======'carousel_item_highlighted'====== Args={'carousel': 'attract', 'direction': 'forwards', 'item': 'credits'}
2026-02-16 19:56:27,562 : INFO : SwitchController : <<<<<<< 's_16_right_flipper' active >>>>>>>
2026-02-16 19:56:27,562 : INFO : EventManager : Event: ======'s_16_right_flipper_active'====== Args={}
2026-02-16 19:56:27,562 : INFO : EventManager : Event: ======'carousel_item_highlighted'====== Args={'carousel': 'attract', 'direction': 'forwards', 'item': 'mpf_logo'}
2026-02-16 19:56:27,611 : INFO : SwitchController : <<<<<<< 's_16_right_flipper' inactive >>>>>>>
2026-02-16 19:56:27,928 : INFO : SwitchController : <<<<<<< 's_08_left_flipper' active >>>>>>>
2026-02-16 19:56:27,928 : INFO : EventManager : Event: ======'s_08_left_flipper_active'====== Args={}
2026-02-16 19:56:27,929 : INFO : EventManager : Event: ======'carousel_item_highlighted'====== Args={'carousel': 'attract', 'direction': 'backwards', 'item': 'credits'}
2026-02-16 19:56:27,978 : INFO : SwitchController : <<<<<<< 's_08_left_flipper' inactive >>>>>>>
2026-02-16 19:56:28,328 : INFO : SwitchController : <<<<<<< 's_16_right_flipper' active >>>>>>>
2026-02-16 19:56:28,328 : INFO : EventManager : Event: ======'s_16_right_flipper_active'====== Args={}
2026-02-16 19:56:28,329 : INFO : EventManager : Event: ======'carousel_item_highlighted'====== Args={'carousel': 'attract', 'direction': 'forwards', 'item': 'mpf_logo'}
2026-02-16 19:56:28,378 : INFO : SwitchController : <<<<<<< 's_16_right_flipper' inactive >>>>>>>
2026-02-16 19:56:28,695 : INFO : SwitchController : <<<<<<< 's_08_left_flipper' active >>>>>>>
2026-02-16 19:56:28,695 : INFO : EventManager : Event: ======'s_08_left_flipper_active'====== Args={}
2026-02-16 19:56:28,695 : INFO : EventManager : Event: ======'carousel_item_highlighted'====== Args={'carousel': 'attract', 'direction': 'backwards', 'item': 'credits'}
2026-02-16 19:56:28,761 : INFO : SwitchController : <<<<<<< 's_08_left_flipper' inactive >>>>>>>
2026-02-16 19:56:29,061 : INFO : SwitchController : <<<<<<< 's_16_right_flipper' active >>>>>>>
2026-02-16 19:56:29,061 : INFO : EventManager : Event: ======'s_16_right_flipper_active'====== Args={}
2026-02-16 19:56:29,062 : INFO : EventManager : Event: ======'carousel_item_highlighted'====== Args={'carousel': 'attract', 'direction': 'forwards', 'item': 'mpf_logo'}
2026-02-16 19:56:29,128 : INFO : SwitchController : <<<<<<< 's_16_right_flipper' inactive >>>>>>>
2026-02-16 19:56:29,428 : INFO : SwitchController : <<<<<<< 's_08_left_flipper' active >>>>>>>
2026-02-16 19:56:29,428 : INFO : EventManager : Event: ======'s_08_left_flipper_active'====== Args={}
2026-02-16 19:56:29,429 : INFO : EventManager : Event: ======'carousel_item_highlighted'====== Args={'carousel': 'attract', 'direction': 'backwards', 'item': 'credits'}
2026-02-16 19:56:29,495 : INFO : SwitchController : <<<<<<< 's_08_left_flipper' inactive >>>>>>>
2026-02-16 19:56:29,828 : INFO : SwitchController : <<<<<<< 's_16_right_flipper' active >>>>>>>
2026-02-16 19:56:29,828 : INFO : EventManager : Event: ======'s_16_right_flipper_active'====== Args={}
2026-02-16 19:56:29,829 : INFO : EventManager : Event: ======'carousel_item_highlighted'====== Args={'carousel': 'attract', 'direction': 'forwards', 'item': 'mpf_logo'}
2026-02-16 19:56:29,878 : INFO : SwitchController : <<<<<<< 's_16_right_flipper' inactive >>>>>>>
2026-02-16 19:56:30,011 : INFO : SwitchController : <<<<<<< 's_16_right_flipper' active >>>>>>>
2026-02-16 19:56:30,011 : INFO : EventManager : Event: ======'s_16_right_flipper_active'====== Args={}
2026-02-16 19:56:30,012 : INFO : EventManager : Event: ======'carousel_item_highlighted'====== Args={'carousel': 'attract', 'direction': 'forwards', 'item': 'title'}
2026-02-16 19:56:30,061 : INFO : SwitchController : <<<<<<< 's_16_right_flipper' inactive >>>>>>>
2026-02-16 19:56:30,228 : INFO : SwitchController : <<<<<<< 's_16_right_flipper' active >>>>>>>
2026-02-16 19:56:30,228 : INFO : EventManager : Event: ======'s_16_right_flipper_active'====== Args={}
2026-02-16 19:56:30,229 : INFO : EventManager : Event: ======'carousel_item_highlighted'====== Args={'carousel': 'attract', 'direction': 'forwards', 'item': 'credits'}
2026-02-16 19:56:30,311 : INFO : SwitchController : <<<<<<< 's_16_right_flipper' inactive >>>>>>>
2026-02-16 19:56:30,528 : INFO : SwitchController : <<<<<<< 's_08_left_flipper' active >>>>>>>
2026-02-16 19:56:30,528 : INFO : EventManager : Event: ======'s_08_left_flipper_active'====== Args={}
2026-02-16 19:56:30,529 : INFO : EventManager : Event: ======'carousel_item_highlighted'====== Args={'carousel': 'attract', 'direction': 'backwards', 'item': 'title'}
2026-02-16 19:56:30,595 : INFO : SwitchController : <<<<<<< 's_08_left_flipper' inactive >>>>>>>
2026-02-16 19:56:31,384 : INFO : SwitchController : <<<<<<< 's_08_left_flipper' active >>>>>>>
2026-02-16 19:56:31,384 : INFO : EventManager : Event: ======'s_08_left_flipper_active'====== Args={}
2026-02-16 19:56:31,384 : INFO : EventManager : Event: ======'carousel_item_highlighted'====== Args={'carousel': 'attract', 'direction': 'backwards', 'item': 'mpf_logo'}
2026-02-16 19:56:31,559 : INFO : SwitchController : <<<<<<< 's_08_left_flipper' inactive >>>>>>>
2026-02-16 19:56:31,639 : INFO : SwitchController : <<<<<<< 's_08_left_flipper' active >>>>>>>
2026-02-16 19:56:31,639 : INFO : EventManager : Event: ======'s_08_left_flipper_active'====== Args={}
2026-02-16 19:56:31,639 : INFO : EventManager : Event: ======'carousel_item_highlighted'====== Args={'carousel': 'attract', 'direction': 'backwards', 'item': 'credits'}
2026-02-16 19:56:32,071 : INFO : SwitchController : <<<<<<< 's_08_left_flipper' inactive >>>>>>>
2026-02-16 19:56:32,119 : INFO : SwitchController : <<<<<<< 's_08_left_flipper' active >>>>>>>
2026-02-16 19:56:32,119 : INFO : EventManager : Event: ======'s_08_left_flipper_active'====== Args={}
2026-02-16 19:56:32,119 : INFO : EventManager : Event: ======'carousel_item_highlighted'====== Args={'carousel': 'attract', 'direction': 'backwards', 'item': 'title'}
2026-02-16 19:56:32,567 : INFO : SwitchController : <<<<<<< 's_08_left_flipper' inactive >>>>>>>
2026-02-16 19:56:34,989 : INFO : SwitchController : <<<<<<< 's_78_threebank_drop_2' active >>>>>>>
2026-02-16 19:56:34,989 : INFO : EventManager : Event: ======'playfield_active'====== Args={'source': 'dt_6'}
2026-02-16 19:56:34,989 : INFO : EventManager : Event: ======'unexpected_ball_on_playfield'====== Args={}
2026-02-16 19:56:34,989 : INFO : EventManager : Event: ======'drop_target_dt_6_down'====== Args={'device': <drop_target.dt_6>}
2026-02-16 19:56:34,989 : INFO : EventManager : Event: ======'drop_target_bank_dt_bank_5_7_mixed'====== Args={'prev_value': <DropTargetBankState.UP: 'up'>, 'down': 1}
2026-02-16 19:56:34,989 : INFO : SwitchController : <<<<<<< 's_78_threebank_drop_2' inactive >>>>>>>
2026-02-16 19:56:34,989 : INFO : EventManager : Event: ======'playfield_active'====== Args={'source': 'dt_6'}
2026-02-16 19:56:34,989 : INFO : EventManager : Event: ======'unexpected_ball_on_playfield'====== Args={}
2026-02-16 19:56:34,990 : INFO : EventManager : Event: ======'drop_target_dt_6_up'====== Args={'device': <drop_target.dt_6>}
2026-02-16 19:56:34,990 : INFO : EventManager : Event: ======'drop_target_bank_dt_bank_5_7_up'====== Args={}
2026-02-16 19:56:35,243 : INFO : SwitchController : <<<<<<< 's_78_threebank_drop_2' active >>>>>>>
2026-02-16 19:56:35,243 : INFO : EventManager : Event: ======'playfield_active'====== Args={'source': 'dt_6'}
2026-02-16 19:56:35,243 : INFO : EventManager : Event: ======'unexpected_ball_on_playfield'====== Args={}
2026-02-16 19:56:35,243 : INFO : EventManager : Event: ======'drop_target_dt_6_down'====== Args={'device': <drop_target.dt_6>}
2026-02-16 19:56:35,243 : INFO : EventManager : Event: ======'drop_target_bank_dt_bank_5_7_mixed'====== Args={'prev_value': <DropTargetBankState.UP: 'up'>, 'down': 1}
2026-02-16 19:56:35,259 : INFO : SwitchController : <<<<<<< 's_78_threebank_drop_2' inactive >>>>>>>
2026-02-16 19:56:35,259 : INFO : EventManager : Event: ======'playfield_active'====== Args={'source': 'dt_6'}
2026-02-16 19:56:35,259 : INFO : EventManager : Event: ======'unexpected_ball_on_playfield'====== Args={}
2026-02-16 19:56:35,259 : INFO : EventManager : Event: ======'drop_target_dt_6_up'====== Args={'device': <drop_target.dt_6>}
2026-02-16 19:56:35,259 : INFO : EventManager : Event: ======'drop_target_bank_dt_bank_5_7_up'====== Args={}
2026-02-16 19:56:42,207 : INFO : SwitchController : <<<<<<< 's_78_threebank_drop_2' active >>>>>>>
2026-02-16 19:56:42,207 : INFO : EventManager : Event: ======'playfield_active'====== Args={'source': 'dt_6'}
2026-02-16 19:56:42,207 : INFO : EventManager : Event: ======'unexpected_ball_on_playfield'====== Args={}
2026-02-16 19:56:42,207 : INFO : EventManager : Event: ======'drop_target_dt_6_down'====== Args={'device': <drop_target.dt_6>}
2026-02-16 19:56:42,207 : INFO : EventManager : Event: ======'drop_target_bank_dt_bank_5_7_mixed'====== Args={'prev_value': <DropTargetBankState.UP: 'up'>, 'down': 1}
2026-02-16 19:56:42,223 : INFO : SwitchController : <<<<<<< 's_78_threebank_drop_2' inactive >>>>>>>
2026-02-16 19:56:42,223 : INFO : EventManager : Event: ======'playfield_active'====== Args={'source': 'dt_6'}
2026-02-16 19:56:42,223 : INFO : EventManager : Event: ======'unexpected_ball_on_playfield'====== Args={}
2026-02-16 19:56:42,223 : INFO : EventManager : Event: ======'drop_target_dt_6_up'====== Args={'device': <drop_target.dt_6>}
2026-02-16 19:56:42,223 : INFO : EventManager : Event: ======'drop_target_bank_dt_bank_5_7_up'====== Args={}
2026-02-16 19:56:46,720 : INFO : SwitchController : <<<<<<< 's_78_threebank_drop_2' active >>>>>>>
2026-02-16 19:56:46,720 : INFO : EventManager : Event: ======'playfield_active'====== Args={'source': 'dt_6'}
2026-02-16 19:56:46,720 : INFO : EventManager : Event: ======'unexpected_ball_on_playfield'====== Args={}
2026-02-16 19:56:46,720 : INFO : EventManager : Event: ======'drop_target_dt_6_down'====== Args={'device': <drop_target.dt_6>}
2026-02-16 19:56:46,720 : INFO : EventManager : Event: ======'drop_target_bank_dt_bank_5_7_mixed'====== Args={'prev_value': <DropTargetBankState.UP: 'up'>, 'down': 1}
2026-02-16 19:56:46,721 : INFO : SwitchController : <<<<<<< 's_78_threebank_drop_2' inactive >>>>>>>
2026-02-16 19:56:46,721 : INFO : EventManager : Event: ======'playfield_active'====== Args={'source': 'dt_6'}
2026-02-16 19:56:46,721 : INFO : EventManager : Event: ======'unexpected_ball_on_playfield'====== Args={}
2026-02-16 19:56:46,721 : INFO : EventManager : Event: ======'drop_target_dt_6_up'====== Args={'device': <drop_target.dt_6>}
2026-02-16 19:56:46,721 : INFO : EventManager : Event: ======'drop_target_bank_dt_bank_5_7_up'====== Args={}
2026-02-16 19:56:51,709 : INFO : SwitchController : <<<<<<< 's_78_threebank_drop_2' active >>>>>>>
2026-02-16 19:56:51,709 : INFO : EventManager : Event: ======'playfield_active'====== Args={'source': 'dt_6'}
2026-02-16 19:56:51,709 : INFO : EventManager : Event: ======'unexpected_ball_on_playfield'====== Args={}
2026-02-16 19:56:51,709 : INFO : EventManager : Event: ======'drop_target_dt_6_down'====== Args={'device': <drop_target.dt_6>}
2026-02-16 19:56:51,709 : INFO : EventManager : Event: ======'drop_target_bank_dt_bank_5_7_mixed'====== Args={'prev_value': <DropTargetBankState.UP: 'up'>, 'down': 1}
2026-02-16 19:56:51,725 : INFO : SwitchController : <<<<<<< 's_78_threebank_drop_2' inactive >>>>>>>
2026-02-16 19:56:51,725 : INFO : EventManager : Event: ======'playfield_active'====== Args={'source': 'dt_6'}
2026-02-16 19:56:51,725 : INFO : EventManager : Event: ======'unexpected_ball_on_playfield'====== Args={}
2026-02-16 19:56:51,725 : INFO : EventManager : Event: ======'drop_target_dt_6_up'====== Args={'device': <drop_target.dt_6>}
2026-02-16 19:56:51,725 : INFO : EventManager : Event: ======'drop_target_bank_dt_bank_5_7_up'====== Args={}
2026-02-16 19:56:55,161 : INFO : SwitchController : <<<<<<< 's_16_right_flipper' active >>>>>>>
2026-02-16 19:56:55,162 : INFO : EventManager : Event: ======'s_16_right_flipper_active'====== Args={}
2026-02-16 19:56:55,162 : INFO : EventManager : Event: ======'carousel_item_highlighted'====== Args={'carousel': 'attract', 'direction': 'forwards', 'item': 'credits'}
2026-02-16 19:56:55,228 : INFO : SwitchController : <<<<<<< 's_16_right_flipper' inactive >>>>>>>
2026-02-16 19:56:55,311 : INFO : SwitchController : <<<<<<< 's_16_right_flipper' active >>>>>>>
2026-02-16 19:56:55,311 : INFO : EventManager : Event: ======'s_16_right_flipper_active'====== Args={}
2026-02-16 19:56:55,312 : INFO : EventManager : Event: ======'carousel_item_highlighted'====== Args={'carousel': 'attract', 'direction': 'forwards', 'item': 'mpf_logo'}
2026-02-16 19:56:55,428 : INFO : SwitchController : <<<<<<< 's_16_right_flipper' inactive >>>>>>>
2026-02-16 19:56:55,444 : INFO : SwitchController : <<<<<<< 's_16_right_flipper' active >>>>>>>
2026-02-16 19:56:55,444 : INFO : EventManager : Event: ======'s_16_right_flipper_active'====== Args={}
2026-02-16 19:56:55,445 : INFO : EventManager : Event: ======'carousel_item_highlighted'====== Args={'carousel': 'attract', 'direction': 'forwards', 'item': 'title'}
2026-02-16 19:56:55,528 : INFO : SwitchController : <<<<<<< 's_16_right_flipper' inactive >>>>>>>
2026-02-16 19:56:55,628 : INFO : SwitchController : <<<<<<< 's_16_right_flipper' active >>>>>>>
2026-02-16 19:56:55,628 : INFO : EventManager : Event: ======'s_16_right_flipper_active'====== Args={}
2026-02-16 19:56:55,629 : INFO : EventManager : Event: ======'carousel_item_highlighted'====== Args={'carousel': 'attract', 'direction': 'forwards', 'item': 'credits'}
2026-02-16 19:56:55,711 : INFO : SwitchController : <<<<<<< 's_16_right_flipper' inactive >>>>>>>
2026-02-16 19:56:55,844 : INFO : SwitchController : <<<<<<< 's_08_left_flipper' active >>>>>>>
2026-02-16 19:56:55,845 : INFO : EventManager : Event: ======'s_08_left_flipper_active'====== Args={}
2026-02-16 19:56:55,845 : INFO : EventManager : Event: ======'carousel_item_highlighted'====== Args={'carousel': 'attract', 'direction': 'backwards', 'item': 'title'}
2026-02-16 19:56:55,861 : INFO : SwitchController : <<<<<<< 's_08_left_flipper' inactive >>>>>>>
2026-02-16 19:56:55,961 : INFO : SwitchController : <<<<<<< 's_08_left_flipper' active >>>>>>>
2026-02-16 19:56:55,962 : INFO : EventManager : Event: ======'s_08_left_flipper_active'====== Args={}
2026-02-16 19:56:55,962 : INFO : EventManager : Event: ======'carousel_item_highlighted'====== Args={'carousel': 'attract', 'direction': 'backwards', 'item': 'mpf_logo'}
2026-02-16 19:56:56,044 : INFO : SwitchController : <<<<<<< 's_08_left_flipper' inactive >>>>>>>
2026-02-16 19:56:56,128 : INFO : SwitchController : <<<<<<< 's_08_left_flipper' active >>>>>>>
2026-02-16 19:56:56,128 : INFO : EventManager : Event: ======'s_08_left_flipper_active'====== Args={}
2026-02-16 19:56:56,129 : INFO : EventManager : Event: ======'carousel_item_highlighted'====== Args={'carousel': 'attract', 'direction': 'backwards', 'item': 'credits'}
2026-02-16 19:56:56,211 : INFO : SwitchController : <<<<<<< 's_08_left_flipper' inactive >>>>>>>
2026-02-16 19:56:56,328 : INFO : SwitchController : <<<<<<< 's_08_left_flipper' active >>>>>>>
2026-02-16 19:56:56,328 : INFO : EventManager : Event: ======'s_08_left_flipper_active'====== Args={}
2026-02-16 19:56:56,329 : INFO : EventManager : Event: ======'carousel_item_highlighted'====== Args={'carousel': 'attract', 'direction': 'backwards', 'item': 'title'}
2026-02-16 19:56:56,378 : INFO : SwitchController : <<<<<<< 's_08_left_flipper' inactive >>>>>>>
2026-02-16 19:56:56,928 : INFO : SwitchController : <<<<<<< 's_16_right_flipper' active >>>>>>>
2026-02-16 19:56:56,928 : INFO : EventManager : Event: ======'s_16_right_flipper_active'====== Args={}
2026-02-16 19:56:56,929 : INFO : EventManager : Event: ======'carousel_item_highlighted'====== Args={'carousel': 'attract', 'direction': 'forwards', 'item': 'credits'}
2026-02-16 19:56:56,978 : INFO : SwitchController : <<<<<<< 's_16_right_flipper' inactive >>>>>>>
2026-02-16 19:56:57,095 : INFO : SwitchController : <<<<<<< 's_16_right_flipper' active >>>>>>>
2026-02-16 19:56:57,095 : INFO : EventManager : Event: ======'s_16_right_flipper_active'====== Args={}
2026-02-16 19:56:57,095 : INFO : EventManager : Event: ======'carousel_item_highlighted'====== Args={'carousel': 'attract', 'direction': 'forwards', 'item': 'mpf_logo'}
2026-02-16 19:56:57,161 : INFO : SwitchController : <<<<<<< 's_16_right_flipper' inactive >>>>>>>
2026-02-16 19:56:57,244 : INFO : SwitchController : <<<<<<< 's_16_right_flipper' active >>>>>>>
2026-02-16 19:56:57,245 : INFO : EventManager : Event: ======'s_16_right_flipper_active'====== Args={}
2026-02-16 19:56:57,245 : INFO : EventManager : Event: ======'carousel_item_highlighted'====== Args={'carousel': 'attract', 'direction': 'forwards', 'item': 'title'}
2026-02-16 19:56:57,336 : INFO : SwitchController : <<<<<<< 's_78_threebank_drop_2' active >>>>>>>
2026-02-16 19:56:57,336 : INFO : EventManager : Event: ======'playfield_active'====== Args={'source': 'dt_6'}
2026-02-16 19:56:57,336 : INFO : EventManager : Event: ======'unexpected_ball_on_playfield'====== Args={}
2026-02-16 19:56:57,336 : INFO : EventManager : Event: ======'drop_target_dt_6_down'====== Args={'device': <drop_target.dt_6>}
2026-02-16 19:56:57,336 : INFO : EventManager : Event: ======'drop_target_bank_dt_bank_5_7_mixed'====== Args={'prev_value': <DropTargetBankState.UP: 'up'>, 'down': 1}
2026-02-16 19:56:57,336 : INFO : SwitchController : <<<<<<< 's_78_threebank_drop_2' inactive >>>>>>>
2026-02-16 19:56:57,336 : INFO : EventManager : Event: ======'playfield_active'====== Args={'source': 'dt_6'}
2026-02-16 19:56:57,336 : INFO : EventManager : Event: ======'unexpected_ball_on_playfield'====== Args={}
2026-02-16 19:56:57,337 : INFO : EventManager : Event: ======'drop_target_dt_6_up'====== Args={'device': <drop_target.dt_6>}
2026-02-16 19:56:57,337 : INFO : EventManager : Event: ======'drop_target_bank_dt_bank_5_7_up'====== Args={}
2026-02-16 19:56:57,362 : INFO : SwitchController : <<<<<<< 's_16_right_flipper' inactive >>>>>>>
2026-02-16 19:56:57,395 : INFO : SwitchController : <<<<<<< 's_16_right_flipper' active >>>>>>>
2026-02-16 19:56:57,395 : INFO : EventManager : Event: ======'s_16_right_flipper_active'====== Args={}
2026-02-16 19:56:57,395 : INFO : EventManager : Event: ======'carousel_item_highlighted'====== Args={'carousel': 'attract', 'direction': 'forwards', 'item': 'credits'}
2026-02-16 19:56:57,511 : INFO : SwitchController : <<<<<<< 's_16_right_flipper' inactive >>>>>>>
2026-02-16 19:56:57,644 : INFO : SwitchController : <<<<<<< 's_08_left_flipper' active >>>>>>>
2026-02-16 19:56:57,645 : INFO : EventManager : Event: ======'s_08_left_flipper_active'====== Args={}
2026-02-16 19:56:57,645 : INFO : EventManager : Event: ======'carousel_item_highlighted'====== Args={'carousel': 'attract', 'direction': 'backwards', 'item': 'title'}
2026-02-16 19:56:57,711 : INFO : SwitchController : <<<<<<< 's_08_left_flipper' inactive >>>>>>>
2026-02-16 19:56:57,845 : INFO : SwitchController : <<<<<<< 's_08_left_flipper' active >>>>>>>
2026-02-16 19:56:57,845 : INFO : EventManager : Event: ======'s_08_left_flipper_active'====== Args={}
2026-02-16 19:56:57,845 : INFO : EventManager : Event: ======'carousel_item_highlighted'====== Args={'carousel': 'attract', 'direction': 'backwards', 'item': 'mpf_logo'}
2026-02-16 19:56:57,895 : INFO : SwitchController : <<<<<<< 's_08_left_flipper' inactive >>>>>>>
2026-02-16 19:56:57,962 : INFO : SwitchController : <<<<<<< 's_08_left_flipper' active >>>>>>>
2026-02-16 19:56:57,962 : INFO : EventManager : Event: ======'s_08_left_flipper_active'====== Args={}
2026-02-16 19:56:57,963 : INFO : EventManager : Event: ======'carousel_item_highlighted'====== Args={'carousel': 'attract', 'direction': 'backwards', 'item': 'credits'}
2026-02-16 19:56:58,018 : INFO : SwitchController : <<<<<<< 's_78_threebank_drop_2' active >>>>>>>
2026-02-16 19:56:58,018 : INFO : EventManager : Event: ======'playfield_active'====== Args={'source': 'dt_6'}
2026-02-16 19:56:58,018 : INFO : EventManager : Event: ======'unexpected_ball_on_playfield'====== Args={}
2026-02-16 19:56:58,018 : INFO : EventManager : Event: ======'drop_target_dt_6_down'====== Args={'device': <drop_target.dt_6>}
2026-02-16 19:56:58,018 : INFO : EventManager : Event: ======'drop_target_bank_dt_bank_5_7_mixed'====== Args={'prev_value': <DropTargetBankState.UP: 'up'>, 'down': 1}
2026-02-16 19:56:58,061 : INFO : SwitchController : <<<<<<< 's_08_left_flipper' inactive >>>>>>>
2026-02-16 19:56:58,192 : INFO : SwitchController : <<<<<<< 's_78_threebank_drop_2' inactive >>>>>>>
2026-02-16 19:56:58,192 : INFO : EventManager : Event: ======'playfield_active'====== Args={'source': 'dt_6'}
2026-02-16 19:56:58,192 : INFO : EventManager : Event: ======'unexpected_ball_on_playfield'====== Args={}
2026-02-16 19:56:58,192 : INFO : EventManager : Event: ======'drop_target_dt_6_up'====== Args={'device': <drop_target.dt_6>}
2026-02-16 19:56:58,192 : INFO : EventManager : Event: ======'drop_target_bank_dt_bank_5_7_up'====== Args={}
2026-02-16 19:56:58,311 : INFO : SwitchController : <<<<<<< 's_16_right_flipper' active >>>>>>>
2026-02-16 19:56:58,311 : INFO : EventManager : Event: ======'s_16_right_flipper_active'====== Args={}
2026-02-16 19:56:58,312 : INFO : EventManager : Event: ======'carousel_item_highlighted'====== Args={'carousel': 'attract', 'direction': 'forwards', 'item': 'mpf_logo'}
2026-02-16 19:56:58,428 : INFO : SwitchController : <<<<<<< 's_16_right_flipper' inactive >>>>>>>
2026-02-16 19:56:58,611 : INFO : SwitchController : <<<<<<< 's_08_left_flipper' active >>>>>>>
2026-02-16 19:56:58,611 : INFO : EventManager : Event: ======'s_08_left_flipper_active'====== Args={}
2026-02-16 19:56:58,611 : INFO : EventManager : Event: ======'carousel_item_highlighted'====== Args={'carousel': 'attract', 'direction': 'backwards', 'item': 'credits'}
2026-02-16 19:56:58,711 : INFO : SwitchController : <<<<<<< 's_08_left_flipper' inactive >>>>>>>
2026-02-16 19:56:58,895 : INFO : SwitchController : <<<<<<< 's_16_right_flipper' active >>>>>>>
2026-02-16 19:56:58,895 : INFO : EventManager : Event: ======'s_16_right_flipper_active'====== Args={}
2026-02-16 19:56:58,895 : INFO : EventManager : Event: ======'carousel_item_highlighted'====== Args={'carousel': 'attract', 'direction': 'forwards', 'item': 'mpf_logo'}
2026-02-16 19:56:59,011 : INFO : SwitchController : <<<<<<< 's_16_right_flipper' inactive >>>>>>>
2026-02-16 19:56:59,079 : INFO : SwitchController : <<<<<<< 's_78_threebank_drop_2' active >>>>>>>
2026-02-16 19:56:59,079 : INFO : EventManager : Event: ======'playfield_active'====== Args={'source': 'dt_6'}
2026-02-16 19:56:59,079 : INFO : EventManager : Event: ======'unexpected_ball_on_playfield'====== Args={}
2026-02-16 19:56:59,079 : INFO : EventManager : Event: ======'drop_target_dt_6_down'====== Args={'device': <drop_target.dt_6>}
2026-02-16 19:56:59,079 : INFO : EventManager : Event: ======'drop_target_bank_dt_bank_5_7_mixed'====== Args={'prev_value': <DropTargetBankState.UP: 'up'>, 'down': 1}
2026-02-16 19:56:59,095 : INFO : SwitchController : <<<<<<< 's_78_threebank_drop_2' inactive >>>>>>>
2026-02-16 19:56:59,095 : INFO : EventManager : Event: ======'playfield_active'====== Args={'source': 'dt_6'}
2026-02-16 19:56:59,095 : INFO : EventManager : Event: ======'unexpected_ball_on_playfield'====== Args={}
2026-02-16 19:56:59,095 : INFO : EventManager : Event: ======'drop_target_dt_6_up'====== Args={'device': <drop_target.dt_6>}
2026-02-16 19:56:59,095 : INFO : EventManager : Event: ======'drop_target_bank_dt_bank_5_7_up'====== Args={}
2026-02-16 19:56:59,161 : INFO : SwitchController : <<<<<<< 's_08_left_flipper' active >>>>>>>
2026-02-16 19:56:59,162 : INFO : EventManager : Event: ======'s_08_left_flipper_active'====== Args={}
2026-02-16 19:56:59,162 : INFO : EventManager : Event: ======'carousel_item_highlighted'====== Args={'carousel': 'attract', 'direction': 'backwards', 'item': 'credits'}
2026-02-16 19:56:59,278 : INFO : SwitchController : <<<<<<< 's_08_left_flipper' inactive >>>>>>>
2026-02-16 19:56:59,461 : INFO : SwitchController : <<<<<<< 's_16_right_flipper' active >>>>>>>
2026-02-16 19:56:59,461 : INFO : EventManager : Event: ======'s_16_right_flipper_active'====== Args={}
2026-02-16 19:56:59,462 : INFO : EventManager : Event: ======'carousel_item_highlighted'====== Args={'carousel': 'attract', 'direction': 'forwards', 'item': 'mpf_logo'}
2026-02-16 19:56:59,544 : INFO : SwitchController : <<<<<<< 's_16_right_flipper' inactive >>>>>>>
2026-02-16 19:56:59,744 : INFO : SwitchController : <<<<<<< 's_08_left_flipper' active >>>>>>>
2026-02-16 19:56:59,744 : INFO : EventManager : Event: ======'s_08_left_flipper_active'====== Args={}
2026-02-16 19:56:59,745 : INFO : EventManager : Event: ======'carousel_item_highlighted'====== Args={'carousel': 'attract', 'direction': 'backwards', 'item': 'credits'}
2026-02-16 19:56:59,878 : INFO : SwitchController : <<<<<<< 's_08_left_flipper' inactive >>>>>>>
2026-02-16 19:57:00,044 : INFO : SwitchController : <<<<<<< 's_16_right_flipper' active >>>>>>>
2026-02-16 19:57:00,044 : INFO : EventManager : Event: ======'s_16_right_flipper_active'====== Args={}
2026-02-16 19:57:00,045 : INFO : EventManager : Event: ======'carousel_item_highlighted'====== Args={'carousel': 'attract', 'direction': 'forwards', 'item': 'mpf_logo'}
2026-02-16 19:57:00,244 : INFO : SwitchController : <<<<<<< 's_16_right_flipper' inactive >>>>>>>
2026-02-16 19:57:01,568 : INFO : SwitchController : <<<<<<< 's_78_threebank_drop_2' active >>>>>>>
2026-02-16 19:57:01,568 : INFO : EventManager : Event: ======'playfield_active'====== Args={'source': 'dt_6'}
2026-02-16 19:57:01,568 : INFO : EventManager : Event: ======'unexpected_ball_on_playfield'====== Args={}
2026-02-16 19:57:01,568 : INFO : EventManager : Event: ======'drop_target_dt_6_down'====== Args={'device': <drop_target.dt_6>}
2026-02-16 19:57:01,568 : INFO : EventManager : Event: ======'drop_target_bank_dt_bank_5_7_mixed'====== Args={'prev_value': <DropTargetBankState.UP: 'up'>, 'down': 1}
2026-02-16 19:57:01,663 : INFO : SwitchController : <<<<<<< 's_78_threebank_drop_2' inactive >>>>>>>
2026-02-16 19:57:01,663 : INFO : EventManager : Event: ======'playfield_active'====== Args={'source': 'dt_6'}
2026-02-16 19:57:01,663 : INFO : EventManager : Event: ======'unexpected_ball_on_playfield'====== Args={}
2026-02-16 19:57:01,663 : INFO : EventManager : Event: ======'drop_target_dt_6_up'====== Args={'device': <drop_target.dt_6>}
2026-02-16 19:57:01,663 : INFO : EventManager : Event: ======'drop_target_bank_dt_bank_5_7_up'====== Args={}
2026-02-16 19:57:04,453 : INFO : SwitchController : <<<<<<< 's_78_threebank_drop_2' active >>>>>>>
2026-02-16 19:57:04,453 : INFO : EventManager : Event: ======'playfield_active'====== Args={'source': 'dt_6'}
2026-02-16 19:57:04,453 : INFO : EventManager : Event: ======'unexpected_ball_on_playfield'====== Args={}
2026-02-16 19:57:04,453 : INFO : EventManager : Event: ======'drop_target_dt_6_down'====== Args={'device': <drop_target.dt_6>}
2026-02-16 19:57:04,453 : INFO : EventManager : Event: ======'drop_target_bank_dt_bank_5_7_mixed'====== Args={'prev_value': <DropTargetBankState.UP: 'up'>, 'down': 1}
2026-02-16 19:57:04,469 : INFO : SwitchController : <<<<<<< 's_78_threebank_drop_2' inactive >>>>>>>
2026-02-16 19:57:04,469 : INFO : EventManager : Event: ======'playfield_active'====== Args={'source': 'dt_6'}
2026-02-16 19:57:04,469 : INFO : EventManager : Event: ======'unexpected_ball_on_playfield'====== Args={}
2026-02-16 19:57:04,469 : INFO : EventManager : Event: ======'drop_target_dt_6_up'====== Args={'device': <drop_target.dt_6>}
2026-02-16 19:57:04,469 : INFO : EventManager : Event: ======'drop_target_bank_dt_bank_5_7_up'====== Args={}
2026-02-16 19:57:04,469 : INFO : SwitchController : <<<<<<< 's_78_threebank_drop_2' active >>>>>>>
2026-02-16 19:57:04,469 : INFO : EventManager : Event: ======'playfield_active'====== Args={'source': 'dt_6'}
2026-02-16 19:57:04,469 : INFO : EventManager : Event: ======'unexpected_ball_on_playfield'====== Args={}
2026-02-16 19:57:04,469 : INFO : EventManager : Event: ======'drop_target_dt_6_down'====== Args={'device': <drop_target.dt_6>}
2026-02-16 19:57:04,470 : INFO : EventManager : Event: ======'drop_target_bank_dt_bank_5_7_mixed'====== Args={'prev_value': <DropTargetBankState.UP: 'up'>, 'down': 1}
2026-02-16 19:57:04,485 : INFO : SwitchController : <<<<<<< 's_78_threebank_drop_2' inactive >>>>>>>
2026-02-16 19:57:04,485 : INFO : EventManager : Event: ======'playfield_active'====== Args={'source': 'dt_6'}
2026-02-16 19:57:04,485 : INFO : EventManager : Event: ======'unexpected_ball_on_playfield'====== Args={}
2026-02-16 19:57:04,485 : INFO : EventManager : Event: ======'drop_target_dt_6_up'====== Args={'device': <drop_target.dt_6>}
2026-02-16 19:57:04,485 : INFO : EventManager : Event: ======'drop_target_bank_dt_bank_5_7_up'====== Args={}
2026-02-16 19:57:05,058 : INFO : SwitchController : <<<<<<< 's_78_threebank_drop_2' active >>>>>>>
2026-02-16 19:57:05,058 : INFO : EventManager : Event: ======'playfield_active'====== Args={'source': 'dt_6'}
2026-02-16 19:57:05,058 : INFO : EventManager : Event: ======'unexpected_ball_on_playfield'====== Args={}
2026-02-16 19:57:05,058 : INFO : EventManager : Event: ======'drop_target_dt_6_down'====== Args={'device': <drop_target.dt_6>}
2026-02-16 19:57:05,058 : INFO : EventManager : Event: ======'drop_target_bank_dt_bank_5_7_mixed'====== Args={'prev_value': <DropTargetBankState.UP: 'up'>, 'down': 1}
2026-02-16 19:57:05,202 : INFO : SwitchController : <<<<<<< 's_78_threebank_drop_2' inactive >>>>>>>
2026-02-16 19:57:05,202 : INFO : EventManager : Event: ======'playfield_active'====== Args={'source': 'dt_6'}
2026-02-16 19:57:05,202 : INFO : EventManager : Event: ======'unexpected_ball_on_playfield'====== Args={}
2026-02-16 19:57:05,202 : INFO : EventManager : Event: ======'drop_target_dt_6_up'====== Args={'device': <drop_target.dt_6>}
2026-02-16 19:57:05,202 : INFO : EventManager : Event: ======'drop_target_bank_dt_bank_5_7_up'====== Args={}
2026-02-16 19:57:05,234 : INFO : SwitchController : <<<<<<< 's_78_threebank_drop_2' active >>>>>>>
2026-02-16 19:57:05,234 : INFO : EventManager : Event: ======'playfield_active'====== Args={'source': 'dt_6'}
2026-02-16 19:57:05,234 : INFO : EventManager : Event: ======'unexpected_ball_on_playfield'====== Args={}
2026-02-16 19:57:05,234 : INFO : EventManager : Event: ======'drop_target_dt_6_down'====== Args={'device': <drop_target.dt_6>}
2026-02-16 19:57:05,234 : INFO : EventManager : Event: ======'drop_target_bank_dt_bank_5_7_mixed'====== Args={'prev_value': <DropTargetBankState.UP: 'up'>, 'down': 1}
2026-02-16 19:57:05,234 : INFO : SwitchController : <<<<<<< 's_78_threebank_drop_2' inactive >>>>>>>
2026-02-16 19:57:05,234 : INFO : EventManager : Event: ======'playfield_active'====== Args={'source': 'dt_6'}
2026-02-16 19:57:05,234 : INFO : EventManager : Event: ======'unexpected_ball_on_playfield'====== Args={}
2026-02-16 19:57:05,234 : INFO : EventManager : Event: ======'drop_target_dt_6_up'====== Args={'device': <drop_target.dt_6>}
2026-02-16 19:57:05,234 : INFO : EventManager : Event: ======'drop_target_bank_dt_bank_5_7_up'====== Args={}
2026-02-16 19:57:05,250 : INFO : SwitchController : <<<<<<< 's_78_threebank_drop_2' active >>>>>>>
2026-02-16 19:57:05,250 : INFO : EventManager : Event: ======'playfield_active'====== Args={'source': 'dt_6'}
2026-02-16 19:57:05,250 : INFO : EventManager : Event: ======'unexpected_ball_on_playfield'====== Args={}
2026-02-16 19:57:05,250 : INFO : EventManager : Event: ======'drop_target_dt_6_down'====== Args={'device': <drop_target.dt_6>}
2026-02-16 19:57:05,250 : INFO : EventManager : Event: ======'drop_target_bank_dt_bank_5_7_mixed'====== Args={'prev_value': <DropTargetBankState.UP: 'up'>, 'down': 1}
2026-02-16 19:57:05,250 : INFO : SwitchController : <<<<<<< 's_78_threebank_drop_2' inactive >>>>>>>
2026-02-16 19:57:05,250 : INFO : EventManager : Event: ======'playfield_active'====== Args={'source': 'dt_6'}
2026-02-16 19:57:05,250 : INFO : EventManager : Event: ======'unexpected_ball_on_playfield'====== Args={}
2026-02-16 19:57:05,250 : INFO : EventManager : Event: ======'drop_target_dt_6_up'====== Args={'device': <drop_target.dt_6>}
2026-02-16 19:57:05,251 : INFO : EventManager : Event: ======'drop_target_bank_dt_bank_5_7_up'====== Args={}
2026-02-16 19:57:07,811 : INFO : SwitchController : <<<<<<< 's_78_threebank_drop_2' active >>>>>>>
2026-02-16 19:57:07,811 : INFO : EventManager : Event: ======'playfield_active'====== Args={'source': 'dt_6'}
2026-02-16 19:57:07,811 : INFO : EventManager : Event: ======'unexpected_ball_on_playfield'====== Args={}
2026-02-16 19:57:07,811 : INFO : EventManager : Event: ======'drop_target_dt_6_down'====== Args={'device': <drop_target.dt_6>}
2026-02-16 19:57:07,811 : INFO : EventManager : Event: ======'drop_target_bank_dt_bank_5_7_mixed'====== Args={'prev_value': <DropTargetBankState.UP: 'up'>, 'down': 1}
2026-02-16 19:57:07,907 : INFO : SwitchController : <<<<<<< 's_78_threebank_drop_2' inactive >>>>>>>
2026-02-16 19:57:07,907 : INFO : EventManager : Event: ======'playfield_active'====== Args={'source': 'dt_6'}
2026-02-16 19:57:07,907 : INFO : EventManager : Event: ======'unexpected_ball_on_playfield'====== Args={}
2026-02-16 19:57:07,907 : INFO : EventManager : Event: ======'drop_target_dt_6_up'====== Args={'device': <drop_target.dt_6>}
2026-02-16 19:57:07,907 : INFO : EventManager : Event: ======'drop_target_bank_dt_bank_5_7_up'====== Args={}
2026-02-16 19:57:07,922 : INFO : SwitchController : <<<<<<< 's_78_threebank_drop_2' active >>>>>>>
2026-02-16 19:57:07,922 : INFO : EventManager : Event: ======'playfield_active'====== Args={'source': 'dt_6'}
2026-02-16 19:57:07,922 : INFO : EventManager : Event: ======'unexpected_ball_on_playfield'====== Args={}
2026-02-16 19:57:07,922 : INFO : EventManager : Event: ======'drop_target_dt_6_down'====== Args={'device': <drop_target.dt_6>}
2026-02-16 19:57:07,922 : INFO : EventManager : Event: ======'drop_target_bank_dt_bank_5_7_mixed'====== Args={'prev_value': <DropTargetBankState.UP: 'up'>, 'down': 1}
2026-02-16 19:57:07,953 : INFO : SwitchController : <<<<<<< 's_78_threebank_drop_2' inactive >>>>>>>
2026-02-16 19:57:07,953 : INFO : EventManager : Event: ======'playfield_active'====== Args={'source': 'dt_6'}
2026-02-16 19:57:07,953 : INFO : EventManager : Event: ======'unexpected_ball_on_playfield'====== Args={}
2026-02-16 19:57:07,953 : INFO : EventManager : Event: ======'drop_target_dt_6_up'====== Args={'device': <drop_target.dt_6>}
2026-02-16 19:57:07,953 : INFO : EventManager : Event: ======'drop_target_bank_dt_bank_5_7_up'====== Args={}
2026-02-16 19:57:10,699 : INFO : SwitchController : <<<<<<< 's_78_threebank_drop_2' active >>>>>>>
2026-02-16 19:57:10,699 : INFO : EventManager : Event: ======'playfield_active'====== Args={'source': 'dt_6'}
2026-02-16 19:57:10,699 : INFO : EventManager : Event: ======'unexpected_ball_on_playfield'====== Args={}
2026-02-16 19:57:10,699 : INFO : EventManager : Event: ======'drop_target_dt_6_down'====== Args={'device': <drop_target.dt_6>}
2026-02-16 19:57:10,699 : INFO : EventManager : Event: ======'drop_target_bank_dt_bank_5_7_mixed'====== Args={'prev_value': <DropTargetBankState.UP: 'up'>, 'down': 1}
2026-02-16 19:57:10,715 : INFO : SwitchController : <<<<<<< 's_78_threebank_drop_2' inactive >>>>>>>
2026-02-16 19:57:10,715 : INFO : EventManager : Event: ======'playfield_active'====== Args={'source': 'dt_6'}
2026-02-16 19:57:10,715 : INFO : EventManager : Event: ======'unexpected_ball_on_playfield'====== Args={}
2026-02-16 19:57:10,715 : INFO : EventManager : Event: ======'drop_target_dt_6_up'====== Args={'device': <drop_target.dt_6>}
2026-02-16 19:57:10,715 : INFO : EventManager : Event: ======'drop_target_bank_dt_bank_5_7_up'====== Args={}
2026-02-16 19:57:10,843 : INFO : SwitchController : <<<<<<< 's_78_threebank_drop_2' active >>>>>>>
2026-02-16 19:57:10,843 : INFO : EventManager : Event: ======'playfield_active'====== Args={'source': 'dt_6'}
2026-02-16 19:57:10,843 : INFO : EventManager : Event: ======'unexpected_ball_on_playfield'====== Args={}
2026-02-16 19:57:10,843 : INFO : EventManager : Event: ======'drop_target_dt_6_down'====== Args={'device': <drop_target.dt_6>}
2026-02-16 19:57:10,843 : INFO : EventManager : Event: ======'drop_target_bank_dt_bank_5_7_mixed'====== Args={'prev_value': <DropTargetBankState.UP: 'up'>, 'down': 1}
2026-02-16 19:57:10,859 : INFO : SwitchController : <<<<<<< 's_78_threebank_drop_2' inactive >>>>>>>
2026-02-16 19:57:10,859 : INFO : EventManager : Event: ======'playfield_active'====== Args={'source': 'dt_6'}
2026-02-16 19:57:10,859 : INFO : EventManager : Event: ======'unexpected_ball_on_playfield'====== Args={}
2026-02-16 19:57:10,859 : INFO : EventManager : Event: ======'drop_target_dt_6_up'====== Args={'device': <drop_target.dt_6>}
2026-02-16 19:57:10,859 : INFO : EventManager : Event: ======'drop_target_bank_dt_bank_5_7_up'====== Args={}
2026-02-16 19:57:11,255 : INFO : SwitchController : <<<<<<< 's_78_threebank_drop_2' active >>>>>>>
2026-02-16 19:57:11,255 : INFO : EventManager : Event: ======'playfield_active'====== Args={'source': 'dt_6'}
2026-02-16 19:57:11,255 : INFO : EventManager : Event: ======'unexpected_ball_on_playfield'====== Args={}
2026-02-16 19:57:11,255 : INFO : EventManager : Event: ======'drop_target_dt_6_down'====== Args={'device': <drop_target.dt_6>}
2026-02-16 19:57:11,255 : INFO : EventManager : Event: ======'drop_target_bank_dt_bank_5_7_mixed'====== Args={'prev_value': <DropTargetBankState.UP: 'up'>, 'down': 1}
2026-02-16 19:57:11,271 : INFO : SwitchController : <<<<<<< 's_78_threebank_drop_2' inactive >>>>>>>
2026-02-16 19:57:11,271 : INFO : EventManager : Event: ======'playfield_active'====== Args={'source': 'dt_6'}
2026-02-16 19:57:11,271 : INFO : EventManager : Event: ======'unexpected_ball_on_playfield'====== Args={}
2026-02-16 19:57:11,271 : INFO : EventManager : Event: ======'drop_target_dt_6_up'====== Args={'device': <drop_target.dt_6>}
2026-02-16 19:57:11,271 : INFO : EventManager : Event: ======'drop_target_bank_dt_bank_5_7_up'====== Args={}
2026-02-16 19:57:11,296 : INFO : Machine : Shutting down...
2026-02-16 19:57:11,296 : INFO : EventManager : Event: ======'shutdown'====== Args={}
2026-02-16 19:57:11,385 : INFO : root : MPF run loop ended.
