2026-02-11 18:55:59,474 : INFO : root : Loading config.
2026-02-11 18:55:59,477 : INFO : YamlMultifileConfigLoader : Machine config file #1: config.yaml
2026-02-11 18:55:59,478 : INFO : ConfigProcessor : Loading config from cache: C:\Users\tl\AppData\Local\Temp\86f932e179f318f5dae29f066573dee9.mpf_cache
2026-02-11 18:55:59,576 : DEBUG : YamlMultifileConfigLoader : Loading mode attract from C:\mpf\Lib\site-packages\mpf\modes\attract\config\attract.yaml
2026-02-11 18:55:59,576 : DEBUG : YamlMultifileConfigLoader : Loading mode attract from C:\mpf\Lib\site-packages\mpf\modes\attract\config\attract.yaml
2026-02-11 18:55:59,576 : INFO : ConfigProcessor : Loading config from cache: C:\Users\tl\AppData\Local\Temp\5e7e3dd8e04e0aa46ea76018297218da.mpf_cache
2026-02-11 18:55:59,577 : DEBUG : YamlMultifileConfigLoader : Loading mode game from C:\mpf\Lib\site-packages\mpf\modes\game\config\game.yaml
2026-02-11 18:55:59,577 : INFO : ConfigProcessor : Loading config from cache: C:\Users\tl\AppData\Local\Temp\af6ad0dab2f43bd9cbdac83e0b2786ac.mpf_cache
2026-02-11 18:55:59,578 : DEBUG : YamlMultifileConfigLoader : Loading mode attract from C:\mpf\Lib\site-packages\mpf\modes\attract\config\attract.yaml
2026-02-11 18:55:59,578 : DEBUG : YamlMultifileConfigLoader : Loading mode attract from C:\mpf\Lib\site-packages\mpf\modes\attract\config\attract.yaml
2026-02-11 18:55:59,578 : INFO : ConfigProcessor : Loading config from cache: C:\Users\tl\AppData\Local\Temp\5e7e3dd8e04e0aa46ea76018297218da.mpf_cache
2026-02-11 18:55:59,579 : INFO : ConfigProcessor : Loading config from cache: C:\Users\tl\AppData\Local\Temp\5d4a31ba12353a8d97b779019117e810.mpf_cache
2026-02-11 18:55:59,580 : INFO : Machine : Mission Pinball Framework Core Engine v0.80.0.dev12
2026-02-11 18:55:59,580 : INFO : Machine : Command line arguments: {'no_load_cache': False, 'create_config_cache': True, 'bcp': False, 'configfile': ['config.yaml'], 'force_assets_load': True, 'platform_integration_test': False, 'jsonlogging': False, 'logfile': 'logs\\2026-02-11-18-55-59-mpf-DESKTOP-HV85DRD.log', 'pause': False, 'production': False, 'text_ui': False, 'loglevel': 10, 'consoleloglevel': 20, 'force_platform': None, 'syslog_address': None, 'full_logfile_path': 'C:\\Users\\tl\\Documents\\tl-pinball\\logs\\2026-02-11-18-55-59-mpf-DESKTOP-HV85DRD.log'}
2026-02-11 18:55:59,580 : INFO : Machine : MPF path: C:\mpf\Lib\site-packages\mpf
2026-02-11 18:55:59,580 : INFO : Machine : Machine path: C:\Users\tl\Documents\tl-pinball
2026-02-11 18:55:59,580 : INFO : Machine : Platform: win32
2026-02-11 18:55:59,580 : INFO : Machine : Python executable location: C:\mpf\Scripts\python.exe
2026-02-11 18:55:59,580 : INFO : Machine : Python version: 3.12.7 (64-bit)
2026-02-11 18:55:59,581 : DEBUG : asyncio : Using proactor: IocpProactor
2026-02-11 18:55:59,582 : INFO : Machine : Initializing MPF...
2026-02-11 18:55:59,673 : DEBUG : TextUi : Text UI is disabled. TUI option setting: False, Asciimatics loaded: <class 'asciimatics.scene.Scene'>
2026-02-11 18:55:59,684 : INFO : FAST : Auto-detecting ports for the following connections: ['net', 'exp']
2026-02-11 18:55:59,691 : DEBUG : FAST : Port COM3 is connected to a FAST Neuron Controller.
2026-02-11 18:55:59,691 : DEBUG : FAST : Port COM5 is connected to a FAST Neuron Controller.
2026-02-11 18:55:59,691 : DEBUG : FAST : Port COM4 is connected to a FAST Neuron Controller.
2026-02-11 18:55:59,719 : INFO : FAST : Detected EXP on port COM5
2026-02-11 18:55:59,719 : INFO : FAST : Detected NET on port COM4
2026-02-11 18:55:59,831 : INFO : FAST [NET] : Trying to connect to COM4 at 921600bps
2026-02-11 18:55:59,835 : INFO : FAST [NET] : Connected to COM4 at 921600bps
2026-02-11 18:55:59,846 : INFO : FAST [NET] : Connected to FP-CPU-2000 with firmware v02.26
2026-02-11 18:55:59,878 : INFO : FAST [NET] : Registered I/O Board 0: Model: FP-I/O-0804, Firmware: 01.10, Switches: 8, Drivers: 4
2026-02-11 18:55:59,894 : INFO : FAST [NET] : Registered I/O Board 1: Model: FP-I/O-1616, Firmware: 01.10, Switches: 16, Drivers: 16
2026-02-11 18:55:59,910 : INFO : FAST [NET] : Registered I/O Board 2: Model: FP-I/O-3208, Firmware: 01.10, Switches: 32, Drivers: 8
2026-02-11 18:55:59,926 : INFO : FAST [NET] : Registered I/O Board 3: Model: FP-I/O-1616, Firmware: 01.10, Switches: 16, Drivers: 16
2026-02-11 18:55:59,928 : INFO : FAST [EXP] : Trying to connect to COM5 at 921600bps
2026-02-11 18:55:59,932 : INFO : FAST [EXP] : Connected to COM5 at 921600bps
2026-02-11 18:55:59,933 : DEBUG : FAST [EXP] : Creating FAST Expansion Board "ledneuron" (FP-EXP-2000 Address: 48)
2026-02-11 18:55:59,933 : DEBUG : FAST [EXP] : Creating FAST Breakout Board 0 on EXP "ledneuron" (FP-EXP-2000, @48)
2026-02-11 18:55:59,942 : INFO : FAST [EXP] : Verifying hardware for EXP "ledneuron" (FP-EXP-2000, @48) with ID string "EXP FP-EXP-2000  0.42", board address 48
2026-02-11 18:55:59,958 : INFO : FAST [EXP] : Verifying hardware for EXP "ledneuron" (FP-EXP-2000, @48) with ID string "BRK FP-EXP-2000  0.42", board address 480
2026-02-11 18:55:59,974 : DEBUG : FAST [EXP] : Creating FAST Expansion Board "ledpf1" (FP-EXP-0081 Address: 84)
2026-02-11 18:55:59,974 : DEBUG : FAST [EXP] : Creating FAST Breakout Board 0 on EXP "ledpf1" (FP-EXP-0081, @84)
2026-02-11 18:55:59,974 : DEBUG : FAST [EXP] : Creating FAST Breakout Board 1 on EXP "ledpf1" (FP-EXP-0081, @84)
2026-02-11 18:55:59,990 : INFO : FAST [EXP] : Verifying hardware for EXP "ledpf1" (FP-EXP-0081, @84) with ID string "EXP FP-EXP-0081  0.38", board address 84
2026-02-11 18:56:00,005 : INFO : FAST [EXP] : Verifying hardware for EXP "ledpf1" (FP-EXP-0081, @84) with ID string "BRK FP-EXP-0081  0.38", board address 840
2026-02-11 18:56:00,021 : INFO : FAST [EXP] : Verifying hardware for EXP "ledpf1" (FP-EXP-0081, @84) with ID string "BRK FP-EXP-0081  0.38", board address 841
2026-02-11 18:56:00,036 : INFO : EventManager : Event: ======'machine_var_credits_string'====== Args={'value': 'FREE PLAY', 'prev_value': None, 'change': True}
2026-02-11 18:56:00,057 : DEBUG : YAML File Interface : Loading file: C:\Users\tl\Documents\tl-pinball\data/machine_vars.yaml
2026-02-11 18:56:00,059 : INFO : EventManager : Event: ======'machine_var_master_volume'====== Args={'value': 0.5, 'prev_value': None, 'change': True}
2026-02-11 18:56:00,059 : INFO : EventManager : Event: ======'machine_var_player1_score'====== Args={'value': 0, 'prev_value': None, 'change': True}
2026-02-11 18:56:00,059 : INFO : EventManager : Event: ======'machine_var_mpf_version'====== Args={'value': 'Mission Pinball Framework v0.80.0.dev12', 'prev_value': None, 'change': True}
2026-02-11 18:56:00,059 : INFO : EventManager : Event: ======'machine_var_mpf_extended_version'====== Args={'value': 'Mission Pinball Framework v0.80.0.dev12, Config version:6, Show version: 6, BCP version:1.1', 'prev_value': None, 'change': True}
2026-02-11 18:56:00,059 : INFO : EventManager : Event: ======'machine_var_python_version'====== Args={'value': '3.12.7', 'prev_value': None, 'change': True}
2026-02-11 18:56:00,135 : INFO : EventManager : Event: ======'machine_var_platform'====== Args={'value': 'Windows-10-10.0.19044-SP0', 'prev_value': None, 'change': True}
2026-02-11 18:56:00,135 : INFO : EventManager : Event: ======'machine_var_platform_system'====== Args={'value': 'Windows', 'prev_value': None, 'change': True}
2026-02-11 18:56:00,135 : INFO : EventManager : Event: ======'machine_var_platform_release'====== Args={'value': '10', 'prev_value': None, 'change': True}
2026-02-11 18:56:00,136 : INFO : EventManager : Event: ======'machine_var_platform_version'====== Args={'value': '10.0.19044', 'prev_value': None, 'change': True}
2026-02-11 18:56:00,136 : INFO : EventManager : Event: ======'machine_var_platform_machine'====== Args={'value': 'AMD64', 'prev_value': None, 'change': True}
2026-02-11 18:56:00,136 : INFO : EventManager : Event: ======'machine_var_log_file_path'====== Args={'value': 'C:\\Users\\tl\\Documents\\tl-pinball\\logs\\2026-02-11-18-55-59-mpf-DESKTOP-HV85DRD.log', 'prev_value': None, 'change': True}
2026-02-11 18:56:00,136 : INFO : EventManager : Event: ======'init_phase_1'====== Args={}
2026-02-11 18:56:00,143 : DEBUG : ModeController : Loaded mode attract
2026-02-11 18:56:00,146 : DEBUG : ModeController : Loaded mode game
2026-02-11 18:56:00,162 : DEBUG : FASTLED : Creating FAST RGB LED on expansion board at hardware address: 48000
2026-02-11 18:56:00,162 : DEBUG : FASTLED : Creating FAST RGB LED on expansion board at hardware address: 48001
2026-02-11 18:56:00,166 : INFO : EventManager : Event: ======'drop_target_bank_dtb_characters_up'====== Args={}
2026-02-11 18:56:00,166 : INFO : EventManager : Event: ======'drop_target_bank_dtb_rollover_up'====== Args={}
2026-02-11 18:56:01,921 : DEBUG : FAST Driver : Sending config to driver 4 (0x04). one_shot: False. wait_to_confirm: False
2026-02-11 18:56:01,953 : DEBUG : FAST Driver : Sending config to driver 5 (0x05). one_shot: False. wait_to_confirm: False
2026-02-11 18:56:02,001 : DEBUG : FAST Driver : Sending config to driver 7 (0x07). one_shot: False. wait_to_confirm: False
2026-02-11 18:56:02,033 : DEBUG : FAST Driver : Sending config to driver 8 (0x08). one_shot: False. wait_to_confirm: False
2026-02-11 18:56:02,065 : DEBUG : FAST Driver : Sending config to driver 9 (0x09). one_shot: False. wait_to_confirm: False
2026-02-11 18:56:02,288 : DEBUG : FAST Driver : Sending config to driver 22 (0x16). one_shot: False. wait_to_confirm: False
2026-02-11 18:56:02,319 : DEBUG : FAST Driver : Sending config to driver 23 (0x17). one_shot: False. wait_to_confirm: False
2026-02-11 18:56:02,351 : DEBUG : FAST Driver : Sending config to driver 24 (0x18). one_shot: False. wait_to_confirm: False
2026-02-11 18:56:02,383 : DEBUG : FAST Driver : Sending config to driver 25 (0x19). one_shot: False. wait_to_confirm: False
2026-02-11 18:56:02,414 : DEBUG : FAST Driver : Sending config to driver 26 (0x1A). one_shot: False. wait_to_confirm: False
2026-02-11 18:56:02,446 : DEBUG : FAST Driver : Sending config to driver 27 (0x1B). one_shot: False. wait_to_confirm: False
2026-02-11 18:56:02,798 : INFO : SwitchController : <<<<<<< 's_44_spinner_right' active >>>>>>>
2026-02-11 18:56:02,798 : INFO : SwitchController : <<<<<<< 's_59_saucer_right' active >>>>>>>
2026-02-11 18:56:02,798 : INFO : SwitchController : <<<<<<< 's_64_varitarget_poisition_1' active >>>>>>>
2026-02-11 18:56:02,798 : INFO : SwitchController : <<<<<<< 's_70_varitarget_poisition_7' active >>>>>>>
2026-02-11 18:56:02,798 : INFO : SwitchController : <<<<<<< 's_71_spinner_left' active >>>>>>>
2026-02-11 18:56:02,798 : INFO : SwitchController : <<<<<<< 's_72_single_drop_1' active >>>>>>>
2026-02-11 18:56:02,798 : INFO : SwitchController : <<<<<<< 's_73_fourbank_drop_1' active >>>>>>>
2026-02-11 18:56:02,798 : INFO : SwitchController : <<<<<<< 's_74_fourbank_drop_2' active >>>>>>>
2026-02-11 18:56:02,798 : INFO : SwitchController : <<<<<<< 's_75_fourbank_drop_3' active >>>>>>>
2026-02-11 18:56:02,798 : INFO : SwitchController : <<<<<<< 's_77_threebank_drop_1' active >>>>>>>
2026-02-11 18:56:02,798 : INFO : SwitchController : <<<<<<< 's_78_threebank_drop_2' active >>>>>>>
2026-02-11 18:56:02,798 : INFO : SwitchController : <<<<<<< 's_79_threebank_drop_3' active >>>>>>>
2026-02-11 18:56:02,799 : INFO : SwitchController : <<<<<<< 's_81_saucer_left' active >>>>>>>
2026-02-11 18:56:02,846 : INFO : EventManager : Event: ======'init_phase_2'====== Args={}
2026-02-11 18:56:02,847 : INFO : SwitchController : Found active switch: (44, [FAST Platform Interface]) <switch.s_44_spinner_right>
2026-02-11 18:56:02,847 : INFO : SwitchController : Found active switch: (11, [FAST Platform Interface]) <switch.s_59_saucer_right>
2026-02-11 18:56:02,847 : INFO : SwitchController : Found active switch: (16, [FAST Platform Interface]) <switch.s_64_varitarget_poisition_1>
2026-02-11 18:56:02,847 : INFO : SwitchController : Found active switch: (22, [FAST Platform Interface]) <switch.s_70_varitarget_poisition_7>
2026-02-11 18:56:02,847 : INFO : SwitchController : Found active switch: (23, [FAST Platform Interface]) <switch.s_71_spinner_left>
2026-02-11 18:56:02,847 : INFO : SwitchController : Found active switch: (56, [FAST Platform Interface]) <switch.s_72_single_drop_1>
2026-02-11 18:56:02,847 : INFO : SwitchController : Found active switch: (57, [FAST Platform Interface]) <switch.s_73_fourbank_drop_1>
2026-02-11 18:56:02,847 : INFO : SwitchController : Found active switch: (58, [FAST Platform Interface]) <switch.s_74_fourbank_drop_2>
2026-02-11 18:56:02,847 : INFO : SwitchController : Found active switch: (59, [FAST Platform Interface]) <switch.s_75_fourbank_drop_3>
2026-02-11 18:56:02,847 : INFO : SwitchController : Found active switch: (61, [FAST Platform Interface]) <switch.s_77_threebank_drop_1>
2026-02-11 18:56:02,847 : INFO : SwitchController : Found active switch: (62, [FAST Platform Interface]) <switch.s_78_threebank_drop_2>
2026-02-11 18:56:02,847 : INFO : SwitchController : Found active switch: (63, [FAST Platform Interface]) <switch.s_79_threebank_drop_3>
2026-02-11 18:56:02,847 : INFO : SwitchController : Found active switch: (65, [FAST Platform Interface]) <switch.s_81_saucer_left>
2026-02-11 18:56:02,853 : INFO : ball_device.bd_plunger : BCH: Initial count: 0
2026-02-11 18:56:02,853 : INFO : ball_device.bd_plunger : State: idle
2026-02-11 18:56:02,854 : INFO : ball_device.bd_trough : BCH: Initial count: 0
2026-02-11 18:56:02,854 : INFO : ball_device.bd_trough : State: idle
2026-02-11 18:56:02,856 : DEBUG : YAML File Interface : Loading file: C:\Users\tl\Documents\tl-pinball\data/audits.yaml
2026-02-11 18:56:02,877 : DEBUG : Machine : "info_lights:" section not found in machine configuration, so the InfoLights will not be used.
2026-02-11 18:56:02,879 : DEBUG : Machine : "switch_player:" section not found in machine configuration, so the SwitchPlayer will not be used.
2026-02-11 18:56:02,881 : DEBUG : Machine : "twitch_client:" section not found in machine configuration, so the TwitchBot will not be used.
2026-02-11 18:56:02,882 : DEBUG : Machine : "virtual_segment_display_connector:" section not found in machine configuration, so the VirtualSegmentDisplayConnector will not be used.
2026-02-11 18:56:02,882 : INFO : EventManager : Event: ======'init_phase_3'====== Args={}
2026-02-11 18:56:02,882 : DEBUG : ShowController : Loading show: flash
2026-02-11 18:56:02,883 : DEBUG : ShowController : Loading show: on
2026-02-11 18:56:02,883 : DEBUG : ShowController : Loading show: off
2026-02-11 18:56:02,883 : DEBUG : ShowController : Loading show: led_color
2026-02-11 18:56:02,884 : DEBUG : ShowController : Loading show: bl_color
2026-02-11 18:56:02,884 : DEBUG : ShowController : Loading show: flash_color
2026-02-11 18:56:02,884 : DEBUG : ShowController : Loading show: output7
2026-02-11 18:56:02,884 : INFO : EventManager : Event: ======'init_phase_4'====== Args={}
2026-02-11 18:56:02,885 : INFO : EventManager : Event: ======'drop_target_dt_character_1_down'====== Args={'device': <drop_target.dt_character_1>}
2026-02-11 18:56:02,885 : INFO : EventManager : Event: ======'drop_target_dt_character_2_down'====== Args={'device': <drop_target.dt_character_2>}
2026-02-11 18:56:02,885 : INFO : EventManager : Event: ======'drop_target_dt_character_3_down'====== Args={'device': <drop_target.dt_character_3>}
2026-02-11 18:56:02,886 : INFO : EventManager : Event: ======'drop_target_dt_character_5_down'====== Args={'device': <drop_target.dt_character_5>}
2026-02-11 18:56:02,886 : INFO : EventManager : Event: ======'drop_target_dt_character_6_down'====== Args={'device': <drop_target.dt_character_6>}
2026-02-11 18:56:02,886 : INFO : EventManager : Event: ======'drop_target_dt_character_7_down'====== Args={'device': <drop_target.dt_character_7>}
2026-02-11 18:56:02,886 : INFO : EventManager : Event: ======'drop_target_dt_single_1_down'====== Args={'device': <drop_target.dt_single_1>}
2026-02-11 18:56:02,887 : INFO : BallController : Initial balls found: 0
2026-02-11 18:56:02,888 : INFO : EventManager : Event: ======'machine_var_audits_events_game_ended'====== Args={'value': 2, 'prev_value': None, 'change': True}
2026-02-11 18:56:02,888 : INFO : EventManager : Event: ======'machine_var_audits_events_game_started'====== Args={'value': 11, 'prev_value': None, 'change': True}
2026-02-11 18:56:02,888 : INFO : EventManager : Event: ======'machine_var_audits_missing_switches_s_0_service_esc'====== Args={'value': 11, 'prev_value': None, 'change': True}
2026-02-11 18:56:02,888 : INFO : EventManager : Event: ======'machine_var_audits_missing_switches_s_11_start_button'====== Args={'value': 2, 'prev_value': None, 'change': True}
2026-02-11 18:56:02,888 : INFO : EventManager : Event: ======'machine_var_audits_missing_switches_s_12_tilt_bob'====== Args={'value': 3, 'prev_value': None, 'change': True}
2026-02-11 18:56:02,888 : INFO : EventManager : Event: ======'machine_var_audits_missing_switches_s_13_coin_door'====== Args={'value': 3, 'prev_value': None, 'change': True}
2026-02-11 18:56:02,888 : INFO : EventManager : Event: ======'machine_var_audits_missing_switches_s_16_right_flipper'====== Args={'value': 1, 'prev_value': None, 'change': True}
2026-02-11 18:56:02,888 : INFO : EventManager : Event: ======'machine_var_audits_missing_switches_s_17_right_flipper_upper'====== Args={'value': 1, 'prev_value': None, 'change': True}
2026-02-11 18:56:02,888 : INFO : EventManager : Event: ======'machine_var_audits_missing_switches_s_19_cab_arrow_left'====== Args={'value': 3, 'prev_value': None, 'change': True}
2026-02-11 18:56:02,888 : INFO : EventManager : Event: ======'machine_var_audits_missing_switches_s_1_service_up'====== Args={'value': 11, 'prev_value': None, 'change': True}
2026-02-11 18:56:02,888 : INFO : EventManager : Event: ======'machine_var_audits_missing_switches_s_20_cab_arrow_right'====== Args={'value': 3, 'prev_value': None, 'change': True}
2026-02-11 18:56:02,888 : INFO : EventManager : Event: ======'machine_var_audits_missing_switches_s_24_trough_1'====== Args={'value': 3, 'prev_value': None, 'change': True}
2026-02-11 18:56:02,889 : INFO : EventManager : Event: ======'machine_var_audits_missing_switches_s_25_trough_2'====== Args={'value': 3, 'prev_value': None, 'change': True}
2026-02-11 18:56:02,889 : INFO : EventManager : Event: ======'machine_var_audits_missing_switches_s_25_trough_jam'====== Args={'value': 2, 'prev_value': None, 'change': True}
2026-02-11 18:56:02,889 : INFO : EventManager : Event: ======'machine_var_audits_missing_switches_s_26_trough_1'====== Args={'value': 1, 'prev_value': None, 'change': True}
2026-02-11 18:56:02,889 : INFO : EventManager : Event: ======'machine_var_audits_missing_switches_s_26_trough_3'====== Args={'value': 3, 'prev_value': None, 'change': True}
2026-02-11 18:56:02,889 : INFO : EventManager : Event: ======'machine_var_audits_missing_switches_s_27_trough_4'====== Args={'value': 3, 'prev_value': None, 'change': True}
2026-02-11 18:56:02,889 : INFO : EventManager : Event: ======'machine_var_audits_missing_switches_s_28_trough_3'====== Args={'value': 1, 'prev_value': None, 'change': True}
2026-02-11 18:56:02,889 : INFO : EventManager : Event: ======'machine_var_audits_missing_switches_s_28_trough_5'====== Args={'value': 3, 'prev_value': None, 'change': True}
2026-02-11 18:56:02,889 : INFO : EventManager : Event: ======'machine_var_audits_missing_switches_s_29_trough_4'====== Args={'value': 1, 'prev_value': None, 'change': True}
2026-02-11 18:56:02,889 : INFO : EventManager : Event: ======'machine_var_audits_missing_switches_s_29_trough_6'====== Args={'value': 3, 'prev_value': None, 'change': True}
2026-02-11 18:56:02,889 : INFO : EventManager : Event: ======'machine_var_audits_missing_switches_s_2_service_down'====== Args={'value': 11, 'prev_value': None, 'change': True}
2026-02-11 18:56:02,889 : INFO : EventManager : Event: ======'machine_var_audits_missing_switches_s_32_right_inlane'====== Args={'value': 9, 'prev_value': None, 'change': True}
2026-02-11 18:56:02,889 : INFO : EventManager : Event: ======'machine_var_audits_missing_switches_s_33_right_outlane'====== Args={'value': 11, 'prev_value': None, 'change': True}
2026-02-11 18:56:02,889 : INFO : EventManager : Event: ======'machine_var_audits_missing_switches_s_34_right_sling'====== Args={'value': 3, 'prev_value': None, 'change': True}
2026-02-11 18:56:02,889 : INFO : EventManager : Event: ======'machine_var_audits_missing_switches_s_35_left_inlane'====== Args={'value': 3, 'prev_value': None, 'change': True}
2026-02-11 18:56:02,889 : INFO : EventManager : Event: ======'machine_var_audits_missing_switches_s_36_left_outlane'====== Args={'value': 3, 'prev_value': None, 'change': True}
2026-02-11 18:56:02,889 : INFO : EventManager : Event: ======'machine_var_audits_missing_switches_s_37_left_sling'====== Args={'value': 6, 'prev_value': None, 'change': True}
2026-02-11 18:56:02,889 : INFO : EventManager : Event: ======'machine_var_audits_missing_switches_s_38_star_rollover_bottom'====== Args={'value': 8, 'prev_value': None, 'change': True}
2026-02-11 18:56:02,889 : INFO : EventManager : Event: ======'machine_var_audits_missing_switches_s_38_top_lane_a'====== Args={'value': 3, 'prev_value': None, 'change': True}
2026-02-11 18:56:02,889 : INFO : EventManager : Event: ======'machine_var_audits_missing_switches_s_39_star_rollover_top'====== Args={'value': 3, 'prev_value': None, 'change': True}
2026-02-11 18:56:02,889 : INFO : EventManager : Event: ======'machine_var_audits_missing_switches_s_39_top_lane_b'====== Args={'value': 3, 'prev_value': None, 'change': True}
2026-02-11 18:56:02,890 : INFO : EventManager : Event: ======'machine_var_audits_missing_switches_s_3_service_enter'====== Args={'value': 11, 'prev_value': None, 'change': True}
2026-02-11 18:56:02,890 : INFO : EventManager : Event: ======'machine_var_audits_missing_switches_s_40_stand_up_target_7'====== Args={'value': 3, 'prev_value': None, 'change': True}
2026-02-11 18:56:02,890 : INFO : EventManager : Event: ======'machine_var_audits_missing_switches_s_40_top_lane_c'====== Args={'value': 3, 'prev_value': None, 'change': True}
2026-02-11 18:56:02,890 : INFO : EventManager : Event: ======'machine_var_audits_missing_switches_s_41_pop_bumper_1'====== Args={'value': 2, 'prev_value': None, 'change': True}
2026-02-11 18:56:02,890 : INFO : EventManager : Event: ======'machine_var_audits_missing_switches_s_41_stand_up_target_8'====== Args={'value': 3, 'prev_value': None, 'change': True}
2026-02-11 18:56:02,890 : INFO : EventManager : Event: ======'machine_var_audits_missing_switches_s_42_pop_bumper_2'====== Args={'value': 3, 'prev_value': None, 'change': True}
2026-02-11 18:56:02,890 : INFO : EventManager : Event: ======'machine_var_audits_missing_switches_s_42_stand_up_target_9'====== Args={'value': 5, 'prev_value': None, 'change': True}
2026-02-11 18:56:02,890 : INFO : EventManager : Event: ======'machine_var_audits_missing_switches_s_43_stand_up_target_10'====== Args={'value': 8, 'prev_value': None, 'change': True}
2026-02-11 18:56:02,890 : INFO : EventManager : Event: ======'machine_var_audits_missing_switches_s_44_spinner_left'====== Args={'value': 1, 'prev_value': None, 'change': True}
2026-02-11 18:56:02,890 : INFO : EventManager : Event: ======'machine_var_audits_missing_switches_s_44_spinner_right'====== Args={'value': 3, 'prev_value': None, 'change': True}
2026-02-11 18:56:02,890 : INFO : EventManager : Event: ======'machine_var_audits_missing_switches_s_45_spinner_right'====== Args={'value': 3, 'prev_value': None, 'change': True}
2026-02-11 18:56:02,890 : INFO : EventManager : Event: ======'machine_var_audits_missing_switches_s_45_varitarget_poisition_1'====== Args={'value': 3, 'prev_value': None, 'change': True}
2026-02-11 18:56:02,890 : INFO : EventManager : Event: ======'machine_var_audits_missing_switches_s_46_varitarget_poisition_2'====== Args={'value': 3, 'prev_value': None, 'change': True}
2026-02-11 18:56:02,890 : INFO : EventManager : Event: ======'machine_var_audits_missing_switches_s_47_varitarget_poisition_3'====== Args={'value': 3, 'prev_value': None, 'change': True}
2026-02-11 18:56:02,890 : INFO : EventManager : Event: ======'machine_var_audits_missing_switches_s_48_varitarget_poisition_4'====== Args={'value': 3, 'prev_value': None, 'change': True}
2026-02-11 18:56:02,890 : INFO : EventManager : Event: ======'machine_var_audits_missing_switches_s_49_varitarget_poisition_5'====== Args={'value': 3, 'prev_value': None, 'change': True}
2026-02-11 18:56:02,890 : INFO : EventManager : Event: ======'machine_var_audits_missing_switches_s_50_saucer_left'====== Args={'value': 3, 'prev_value': None, 'change': True}
2026-02-11 18:56:02,890 : INFO : EventManager : Event: ======'machine_var_audits_missing_switches_s_51_saucer_right'====== Args={'value': 2, 'prev_value': None, 'change': True}
2026-02-11 18:56:02,890 : INFO : EventManager : Event: ======'machine_var_audits_missing_switches_s_52_star_rollover_top'====== Args={'value': 3, 'prev_value': None, 'change': True}
2026-02-11 18:56:02,890 : INFO : EventManager : Event: ======'machine_var_audits_missing_switches_s_53_star_rollover_bottom'====== Args={'value': 3, 'prev_value': None, 'change': True}
2026-02-11 18:56:02,890 : INFO : EventManager : Event: ======'machine_var_audits_missing_switches_s_54_single_drop_1'====== Args={'value': 3, 'prev_value': None, 'change': True}
2026-02-11 18:56:02,890 : INFO : EventManager : Event: ======'machine_var_audits_missing_switches_s_55_fourbank_drop_1'====== Args={'value': 3, 'prev_value': None, 'change': True}
2026-02-11 18:56:02,891 : INFO : EventManager : Event: ======'machine_var_audits_missing_switches_s_56_fourbank_drop_2'====== Args={'value': 3, 'prev_value': None, 'change': True}
2026-02-11 18:56:02,891 : INFO : EventManager : Event: ======'machine_var_audits_missing_switches_s_56_pop_bumper_right'====== Args={'value': 3, 'prev_value': None, 'change': True}
2026-02-11 18:56:02,891 : INFO : EventManager : Event: ======'machine_var_audits_missing_switches_s_57_fourbank_drop_3'====== Args={'value': 2, 'prev_value': None, 'change': True}
2026-02-11 18:56:02,891 : INFO : EventManager : Event: ======'machine_var_audits_missing_switches_s_57_pop_bumper_center'====== Args={'value': 8, 'prev_value': None, 'change': True}
2026-02-11 18:56:02,891 : INFO : EventManager : Event: ======'machine_var_audits_missing_switches_s_58_fourbank_drop_4'====== Args={'value': 2, 'prev_value': None, 'change': True}
2026-02-11 18:56:02,891 : INFO : EventManager : Event: ======'machine_var_audits_missing_switches_s_58_pop_bumper_left'====== Args={'value': 8, 'prev_value': None, 'change': True}
2026-02-11 18:56:02,891 : INFO : EventManager : Event: ======'machine_var_audits_missing_switches_s_59_threebank_drop_1'====== Args={'value': 2, 'prev_value': None, 'change': True}
2026-02-11 18:56:02,891 : INFO : EventManager : Event: ======'machine_var_audits_missing_switches_s_60_threebank_drop_2'====== Args={'value': 2, 'prev_value': None, 'change': True}
2026-02-11 18:56:02,891 : INFO : EventManager : Event: ======'machine_var_audits_missing_switches_s_60_top_lane_c'====== Args={'value': 3, 'prev_value': None, 'change': True}
2026-02-11 18:56:02,891 : INFO : EventManager : Event: ======'machine_var_audits_missing_switches_s_61_threebank_drop_3'====== Args={'value': 3, 'prev_value': None, 'change': True}
2026-02-11 18:56:02,891 : INFO : EventManager : Event: ======'machine_var_audits_missing_switches_s_61_top_lane_b'====== Args={'value': 8, 'prev_value': None, 'change': True}
2026-02-11 18:56:02,891 : INFO : EventManager : Event: ======'machine_var_audits_missing_switches_s_62_stand_up_target_1'====== Args={'value': 3, 'prev_value': None, 'change': True}
2026-02-11 18:56:02,891 : INFO : EventManager : Event: ======'machine_var_audits_missing_switches_s_63_stand_up_target_11'====== Args={'value': 2, 'prev_value': None, 'change': True}
2026-02-11 18:56:02,891 : INFO : EventManager : Event: ======'machine_var_audits_missing_switches_s_63_stand_up_target_2'====== Args={'value': 2, 'prev_value': None, 'change': True}
2026-02-11 18:56:02,891 : INFO : EventManager : Event: ======'machine_var_audits_missing_switches_s_64_stand_up_target_3'====== Args={'value': 2, 'prev_value': None, 'change': True}
2026-02-11 18:56:02,891 : INFO : EventManager : Event: ======'machine_var_audits_missing_switches_s_64_varitarget_poisition_1'====== Args={'value': 3, 'prev_value': None, 'change': True}
2026-02-11 18:56:02,891 : INFO : EventManager : Event: ======'machine_var_audits_missing_switches_s_65_stand_up_target_4'====== Args={'value': 3, 'prev_value': None, 'change': True}
2026-02-11 18:56:02,891 : INFO : EventManager : Event: ======'machine_var_audits_missing_switches_s_65_varitarget_poisition_2'====== Args={'value': 8, 'prev_value': None, 'change': True}
2026-02-11 18:56:02,891 : INFO : EventManager : Event: ======'machine_var_audits_missing_switches_s_66_stand_up_target_5'====== Args={'value': 3, 'prev_value': None, 'change': True}
2026-02-11 18:56:02,891 : INFO : EventManager : Event: ======'machine_var_audits_missing_switches_s_66_varitarget_poisition_3'====== Args={'value': 8, 'prev_value': None, 'change': True}
2026-02-11 18:56:02,891 : INFO : EventManager : Event: ======'machine_var_audits_missing_switches_s_67_stand_up_target_6'====== Args={'value': 3, 'prev_value': None, 'change': True}
2026-02-11 18:56:02,891 : INFO : EventManager : Event: ======'machine_var_audits_missing_switches_s_67_varitarget_poisition_4'====== Args={'value': 3, 'prev_value': None, 'change': True}
2026-02-11 18:56:02,891 : INFO : EventManager : Event: ======'machine_var_audits_missing_switches_s_68_stand_up_target_7'====== Args={'value': 2, 'prev_value': None, 'change': True}
2026-02-11 18:56:02,892 : INFO : EventManager : Event: ======'machine_var_audits_missing_switches_s_68_varitarget_poisition_5'====== Args={'value': 8, 'prev_value': None, 'change': True}
2026-02-11 18:56:02,892 : INFO : EventManager : Event: ======'machine_var_audits_missing_switches_s_69_stand_up_target_8'====== Args={'value': 1, 'prev_value': None, 'change': True}
2026-02-11 18:56:02,892 : INFO : EventManager : Event: ======'machine_var_audits_missing_switches_s_69_varitarget_poisition_6'====== Args={'value': 8, 'prev_value': None, 'change': True}
2026-02-11 18:56:02,892 : INFO : EventManager : Event: ======'machine_var_audits_missing_switches_s_70_stand_up_target_9'====== Args={'value': 3, 'prev_value': None, 'change': True}
2026-02-11 18:56:02,892 : INFO : EventManager : Event: ======'machine_var_audits_missing_switches_s_70_varitarget_poisition_7'====== Args={'value': 1, 'prev_value': None, 'change': True}
2026-02-11 18:56:02,892 : INFO : EventManager : Event: ======'machine_var_audits_missing_switches_s_71_spinner_left'====== Args={'value': 8, 'prev_value': None, 'change': True}
2026-02-11 18:56:02,892 : INFO : EventManager : Event: ======'machine_var_audits_missing_switches_s_71_stand_up_target_10'====== Args={'value': 3, 'prev_value': None, 'change': True}
2026-02-11 18:56:02,892 : INFO : EventManager : Event: ======'machine_var_audits_missing_switches_s_72_single_drop_1'====== Args={'value': 8, 'prev_value': None, 'change': True}
2026-02-11 18:56:02,892 : INFO : EventManager : Event: ======'machine_var_audits_missing_switches_s_72_stand_up_target_11'====== Args={'value': 3, 'prev_value': None, 'change': True}
2026-02-11 18:56:02,892 : INFO : EventManager : Event: ======'machine_var_audits_missing_switches_s_73_fourbank_drop_1'====== Args={'value': 3, 'prev_value': None, 'change': True}
2026-02-11 18:56:02,892 : INFO : EventManager : Event: ======'machine_var_audits_missing_switches_s_74_fourbank_drop_2'====== Args={'value': 3, 'prev_value': None, 'change': True}
2026-02-11 18:56:02,892 : INFO : EventManager : Event: ======'machine_var_audits_missing_switches_s_75_fourbank_drop_3'====== Args={'value': 3, 'prev_value': None, 'change': True}
2026-02-11 18:56:02,892 : INFO : EventManager : Event: ======'machine_var_audits_missing_switches_s_76_fourbank_drop_4'====== Args={'value': 8, 'prev_value': None, 'change': True}
2026-02-11 18:56:02,892 : INFO : EventManager : Event: ======'machine_var_audits_missing_switches_s_77_threebank_drop_1'====== Args={'value': 3, 'prev_value': None, 'change': True}
2026-02-11 18:56:02,892 : INFO : EventManager : Event: ======'machine_var_audits_missing_switches_s_78_threebank_drop_2'====== Args={'value': 6, 'prev_value': None, 'change': True}
2026-02-11 18:56:02,892 : INFO : EventManager : Event: ======'machine_var_audits_missing_switches_s_79_threebank_drop_3'====== Args={'value': 6, 'prev_value': None, 'change': True}
2026-02-11 18:56:02,892 : INFO : EventManager : Event: ======'machine_var_audits_missing_switches_s_80_stand_up_target_1'====== Args={'value': 2, 'prev_value': None, 'change': True}
2026-02-11 18:56:02,892 : INFO : EventManager : Event: ======'machine_var_audits_missing_switches_s_82_stand_up_target_bank_1'====== Args={'value': 5, 'prev_value': None, 'change': True}
2026-02-11 18:56:02,892 : INFO : EventManager : Event: ======'machine_var_audits_missing_switches_s_83_stand_up_target_bank_2'====== Args={'value': 5, 'prev_value': None, 'change': True}
2026-02-11 18:56:02,892 : INFO : EventManager : Event: ======'machine_var_audits_missing_switches_s_84_stand_up_target_bank_3'====== Args={'value': 5, 'prev_value': None, 'change': True}
2026-02-11 18:56:02,892 : INFO : EventManager : Event: ======'machine_var_audits_missing_switches_s_85_stand_up_target_bank_4'====== Args={'value': 5, 'prev_value': None, 'change': True}
2026-02-11 18:56:02,892 : INFO : EventManager : Event: ======'machine_var_audits_missing_switches_s_86_stand_up_target_bank_5'====== Args={'value': 5, 'prev_value': None, 'change': True}
2026-02-11 18:56:02,892 : INFO : EventManager : Event: ======'machine_var_audits_missing_switches_s_87_stand_up_target_bank_6'====== Args={'value': 5, 'prev_value': None, 'change': True}
2026-02-11 18:56:02,893 : INFO : EventManager : Event: ======'machine_var_audits_missing_switches_s_8_left_flipper'====== Args={'value': 1, 'prev_value': None, 'change': True}
2026-02-11 18:56:02,893 : INFO : EventManager : Event: ======'machine_var_audits_player_score'====== Args={'value': {'average': 0, 'top': [0, 0], 'total': 2}, 'prev_value': None, 'change': True}
2026-02-11 18:56:02,893 : INFO : EventManager : Event: ======'machine_var_audits_switches_s_0_service_esc'====== Args={'value': 0, 'prev_value': None, 'change': True}
2026-02-11 18:56:02,893 : INFO : EventManager : Event: ======'machine_var_audits_switches_s_11_start_button'====== Args={'value': 8, 'prev_value': None, 'change': True}
2026-02-11 18:56:02,893 : INFO : EventManager : Event: ======'machine_var_audits_switches_s_12_tilt_bob'====== Args={'value': 0, 'prev_value': None, 'change': True}
2026-02-11 18:56:02,893 : INFO : EventManager : Event: ======'machine_var_audits_switches_s_13_coin_door'====== Args={'value': 0, 'prev_value': None, 'change': True}
2026-02-11 18:56:02,893 : INFO : EventManager : Event: ======'machine_var_audits_switches_s_16_right_flipper'====== Args={'value': 197, 'prev_value': None, 'change': True}
2026-02-11 18:56:02,893 : INFO : EventManager : Event: ======'machine_var_audits_switches_s_17_right_flipper_upper'====== Args={'value': 170, 'prev_value': None, 'change': True}
2026-02-11 18:56:02,893 : INFO : EventManager : Event: ======'machine_var_audits_switches_s_19_cab_arrow_left'====== Args={'value': 0, 'prev_value': None, 'change': True}
2026-02-11 18:56:02,893 : INFO : EventManager : Event: ======'machine_var_audits_switches_s_1_service_up'====== Args={'value': 0, 'prev_value': None, 'change': True}
2026-02-11 18:56:02,893 : INFO : EventManager : Event: ======'machine_var_audits_switches_s_20_cab_arrow_right'====== Args={'value': 0, 'prev_value': None, 'change': True}
2026-02-11 18:56:02,893 : INFO : EventManager : Event: ======'machine_var_audits_switches_s_24_plunger_lane'====== Args={'value': 19, 'prev_value': None, 'change': True}
2026-02-11 18:56:02,893 : INFO : EventManager : Event: ======'machine_var_audits_switches_s_24_trough_1'====== Args={'value': 10, 'prev_value': None, 'change': True}
2026-02-11 18:56:02,893 : INFO : EventManager : Event: ======'machine_var_audits_switches_s_25_trough_2'====== Args={'value': 10, 'prev_value': None, 'change': True}
2026-02-11 18:56:02,893 : INFO : EventManager : Event: ======'machine_var_audits_switches_s_25_trough_jam'====== Args={'value': 3, 'prev_value': None, 'change': True}
2026-02-11 18:56:02,893 : INFO : EventManager : Event: ======'machine_var_audits_switches_s_26_trough_1'====== Args={'value': 21, 'prev_value': None, 'change': True}
2026-02-11 18:56:02,893 : INFO : EventManager : Event: ======'machine_var_audits_switches_s_26_trough_3'====== Args={'value': 10, 'prev_value': None, 'change': True}
2026-02-11 18:56:02,893 : INFO : EventManager : Event: ======'machine_var_audits_switches_s_27_trough_2'====== Args={'value': 19, 'prev_value': None, 'change': True}
2026-02-11 18:56:02,893 : INFO : EventManager : Event: ======'machine_var_audits_switches_s_27_trough_4'====== Args={'value': 10, 'prev_value': None, 'change': True}
2026-02-11 18:56:02,894 : INFO : EventManager : Event: ======'machine_var_audits_switches_s_28_trough_3'====== Args={'value': 2, 'prev_value': None, 'change': True}
2026-02-11 18:56:02,894 : INFO : EventManager : Event: ======'machine_var_audits_switches_s_28_trough_5'====== Args={'value': 11, 'prev_value': None, 'change': True}
2026-02-11 18:56:02,894 : INFO : EventManager : Event: ======'machine_var_audits_switches_s_29_trough_4'====== Args={'value': 2, 'prev_value': None, 'change': True}
2026-02-11 18:56:02,894 : INFO : EventManager : Event: ======'machine_var_audits_switches_s_29_trough_6'====== Args={'value': 8, 'prev_value': None, 'change': True}
2026-02-11 18:56:02,894 : INFO : EventManager : Event: ======'machine_var_audits_switches_s_2_service_down'====== Args={'value': 0, 'prev_value': None, 'change': True}
2026-02-11 18:56:02,894 : INFO : EventManager : Event: ======'machine_var_audits_switches_s_30_trough_jam'====== Args={'value': 15, 'prev_value': None, 'change': True}
2026-02-11 18:56:02,894 : INFO : EventManager : Event: ======'machine_var_audits_switches_s_31_plunger_lane'====== Args={'value': 15, 'prev_value': None, 'change': True}
2026-02-11 18:56:02,894 : INFO : EventManager : Event: ======'machine_var_audits_switches_s_32_right_inlane'====== Args={'value': 11, 'prev_value': None, 'change': True}
2026-02-11 18:56:02,894 : INFO : EventManager : Event: ======'machine_var_audits_switches_s_33_right_outlane'====== Args={'value': 0, 'prev_value': None, 'change': True}
2026-02-11 18:56:02,894 : INFO : EventManager : Event: ======'machine_var_audits_switches_s_34_right_sling'====== Args={'value': 424, 'prev_value': None, 'change': True}
2026-02-11 18:56:02,894 : INFO : EventManager : Event: ======'machine_var_audits_switches_s_35_left_inlane'====== Args={'value': 10, 'prev_value': None, 'change': True}
2026-02-11 18:56:02,894 : INFO : EventManager : Event: ======'machine_var_audits_switches_s_36_left_outlane'====== Args={'value': 30, 'prev_value': None, 'change': True}
2026-02-11 18:56:02,894 : INFO : EventManager : Event: ======'machine_var_audits_switches_s_37_left_sling'====== Args={'value': 20, 'prev_value': None, 'change': True}
2026-02-11 18:56:02,894 : INFO : EventManager : Event: ======'machine_var_audits_switches_s_38_star_rollover_bottom'====== Args={'value': 0, 'prev_value': None, 'change': True}
2026-02-11 18:56:02,894 : INFO : EventManager : Event: ======'machine_var_audits_switches_s_38_top_lane_a'====== Args={'value': 0, 'prev_value': None, 'change': True}
2026-02-11 18:56:02,894 : INFO : EventManager : Event: ======'machine_var_audits_switches_s_39_star_rollover_top'====== Args={'value': 1, 'prev_value': None, 'change': True}
2026-02-11 18:56:02,894 : INFO : EventManager : Event: ======'machine_var_audits_switches_s_39_top_lane_b'====== Args={'value': 0, 'prev_value': None, 'change': True}
2026-02-11 18:56:02,894 : INFO : EventManager : Event: ======'machine_var_audits_switches_s_3_service_enter'====== Args={'value': 0, 'prev_value': None, 'change': True}
2026-02-11 18:56:02,894 : INFO : EventManager : Event: ======'machine_var_audits_switches_s_40_stand_up_target_7'====== Args={'value': 1, 'prev_value': None, 'change': True}
2026-02-11 18:56:02,894 : INFO : EventManager : Event: ======'machine_var_audits_switches_s_40_top_lane_c'====== Args={'value': 0, 'prev_value': None, 'change': True}
2026-02-11 18:56:02,894 : INFO : EventManager : Event: ======'machine_var_audits_switches_s_41_pop_bumper_1'====== Args={'value': 1, 'prev_value': None, 'change': True}
2026-02-11 18:56:02,894 : INFO : EventManager : Event: ======'machine_var_audits_switches_s_41_stand_up_target_8'====== Args={'value': 1, 'prev_value': None, 'change': True}
2026-02-11 18:56:02,894 : INFO : EventManager : Event: ======'machine_var_audits_switches_s_42_pop_bumper_2'====== Args={'value': 0, 'prev_value': None, 'change': True}
2026-02-11 18:56:02,895 : INFO : EventManager : Event: ======'machine_var_audits_switches_s_42_stand_up_target_9'====== Args={'value': 4, 'prev_value': None, 'change': True}
2026-02-11 18:56:02,895 : INFO : EventManager : Event: ======'machine_var_audits_switches_s_43_pop_bumper_3'====== Args={'value': 16, 'prev_value': None, 'change': True}
2026-02-11 18:56:02,895 : INFO : EventManager : Event: ======'machine_var_audits_switches_s_43_stand_up_target_10'====== Args={'value': 0, 'prev_value': None, 'change': True}
2026-02-11 18:56:02,895 : INFO : EventManager : Event: ======'machine_var_audits_switches_s_44_spinner_left'====== Args={'value': 8, 'prev_value': None, 'change': True}
2026-02-11 18:56:02,895 : INFO : EventManager : Event: ======'machine_var_audits_switches_s_44_spinner_right'====== Args={'value': 34, 'prev_value': None, 'change': True}
2026-02-11 18:56:02,895 : INFO : EventManager : Event: ======'machine_var_audits_switches_s_45_spinner_right'====== Args={'value': 0, 'prev_value': None, 'change': True}
2026-02-11 18:56:02,895 : INFO : EventManager : Event: ======'machine_var_audits_switches_s_45_varitarget_poisition_1'====== Args={'value': 0, 'prev_value': None, 'change': True}
2026-02-11 18:56:02,895 : INFO : EventManager : Event: ======'machine_var_audits_switches_s_46_varitarget_poisition_2'====== Args={'value': 0, 'prev_value': None, 'change': True}
2026-02-11 18:56:02,895 : INFO : EventManager : Event: ======'machine_var_audits_switches_s_47_varitarget_poisition_3'====== Args={'value': 0, 'prev_value': None, 'change': True}
2026-02-11 18:56:02,895 : INFO : EventManager : Event: ======'machine_var_audits_switches_s_48_varitarget_poisition_4'====== Args={'value': 0, 'prev_value': None, 'change': True}
2026-02-11 18:56:02,895 : INFO : EventManager : Event: ======'machine_var_audits_switches_s_49_varitarget_poisition_5'====== Args={'value': 0, 'prev_value': None, 'change': True}
2026-02-11 18:56:02,895 : INFO : EventManager : Event: ======'machine_var_audits_switches_s_50_saucer_left'====== Args={'value': 0, 'prev_value': None, 'change': True}
2026-02-11 18:56:02,895 : INFO : EventManager : Event: ======'machine_var_audits_switches_s_51_saucer_right'====== Args={'value': 2, 'prev_value': None, 'change': True}
2026-02-11 18:56:02,895 : INFO : EventManager : Event: ======'machine_var_audits_switches_s_52_star_rollover_top'====== Args={'value': 0, 'prev_value': None, 'change': True}
2026-02-11 18:56:02,895 : INFO : EventManager : Event: ======'machine_var_audits_switches_s_53_star_rollover_bottom'====== Args={'value': 0, 'prev_value': None, 'change': True}
2026-02-11 18:56:02,895 : INFO : EventManager : Event: ======'machine_var_audits_switches_s_54_single_drop_1'====== Args={'value': 0, 'prev_value': None, 'change': True}
2026-02-11 18:56:02,895 : INFO : EventManager : Event: ======'machine_var_audits_switches_s_55_fourbank_drop_1'====== Args={'value': 0, 'prev_value': None, 'change': True}
2026-02-11 18:56:02,895 : INFO : EventManager : Event: ======'machine_var_audits_switches_s_56_fourbank_drop_2'====== Args={'value': 0, 'prev_value': None, 'change': True}
2026-02-11 18:56:02,895 : INFO : EventManager : Event: ======'machine_var_audits_switches_s_56_pop_bumper_right'====== Args={'value': 1, 'prev_value': None, 'change': True}
2026-02-11 18:56:02,895 : INFO : EventManager : Event: ======'machine_var_audits_switches_s_57_fourbank_drop_3'====== Args={'value': 1, 'prev_value': None, 'change': True}
2026-02-11 18:56:02,895 : INFO : EventManager : Event: ======'machine_var_audits_switches_s_57_pop_bumper_center'====== Args={'value': 0, 'prev_value': None, 'change': True}
2026-02-11 18:56:02,895 : INFO : EventManager : Event: ======'machine_var_audits_switches_s_58_fourbank_drop_4'====== Args={'value': 1, 'prev_value': None, 'change': True}
2026-02-11 18:56:02,896 : INFO : EventManager : Event: ======'machine_var_audits_switches_s_58_pop_bumper_left'====== Args={'value': 0, 'prev_value': None, 'change': True}
2026-02-11 18:56:02,896 : INFO : EventManager : Event: ======'machine_var_audits_switches_s_59_saucer_right'====== Args={'value': 1, 'prev_value': None, 'change': True}
2026-02-11 18:56:02,896 : INFO : EventManager : Event: ======'machine_var_audits_switches_s_59_threebank_drop_1'====== Args={'value': 1, 'prev_value': None, 'change': True}
2026-02-11 18:56:02,896 : INFO : EventManager : Event: ======'machine_var_audits_switches_s_60_threebank_drop_2'====== Args={'value': 1, 'prev_value': None, 'change': True}
2026-02-11 18:56:02,896 : INFO : EventManager : Event: ======'machine_var_audits_switches_s_60_top_lane_c'====== Args={'value': 4, 'prev_value': None, 'change': True}
2026-02-11 18:56:02,896 : INFO : EventManager : Event: ======'machine_var_audits_switches_s_61_threebank_drop_3'====== Args={'value': 0, 'prev_value': None, 'change': True}
2026-02-11 18:56:02,896 : INFO : EventManager : Event: ======'machine_var_audits_switches_s_61_top_lane_b'====== Args={'value': 0, 'prev_value': None, 'change': True}
2026-02-11 18:56:02,896 : INFO : EventManager : Event: ======'machine_var_audits_switches_s_62_stand_up_target_1'====== Args={'value': 0, 'prev_value': None, 'change': True}
2026-02-11 18:56:02,896 : INFO : EventManager : Event: ======'machine_var_audits_switches_s_62_top_lane_a'====== Args={'value': 24, 'prev_value': None, 'change': True}
2026-02-11 18:56:02,896 : INFO : EventManager : Event: ======'machine_var_audits_switches_s_63_stand_up_target_11'====== Args={'value': 8, 'prev_value': None, 'change': True}
2026-02-11 18:56:02,896 : INFO : EventManager : Event: ======'machine_var_audits_switches_s_63_stand_up_target_2'====== Args={'value': 1, 'prev_value': None, 'change': True}
2026-02-11 18:56:02,896 : INFO : EventManager : Event: ======'machine_var_audits_switches_s_64_stand_up_target_3'====== Args={'value': 1, 'prev_value': None, 'change': True}
2026-02-11 18:56:02,896 : INFO : EventManager : Event: ======'machine_var_audits_switches_s_64_varitarget_poisition_1'====== Args={'value': 249, 'prev_value': None, 'change': True}
2026-02-11 18:56:02,896 : INFO : EventManager : Event: ======'machine_var_audits_switches_s_65_stand_up_target_4'====== Args={'value': 0, 'prev_value': None, 'change': True}
2026-02-11 18:56:02,896 : INFO : EventManager : Event: ======'machine_var_audits_switches_s_65_varitarget_poisition_2'====== Args={'value': 0, 'prev_value': None, 'change': True}
2026-02-11 18:56:02,896 : INFO : EventManager : Event: ======'machine_var_audits_switches_s_66_stand_up_target_5'====== Args={'value': 0, 'prev_value': None, 'change': True}
2026-02-11 18:56:02,896 : INFO : EventManager : Event: ======'machine_var_audits_switches_s_66_varitarget_poisition_3'====== Args={'value': 0, 'prev_value': None, 'change': True}
2026-02-11 18:56:02,896 : INFO : EventManager : Event: ======'machine_var_audits_switches_s_67_stand_up_target_6'====== Args={'value': 0, 'prev_value': None, 'change': True}
2026-02-11 18:56:02,896 : INFO : EventManager : Event: ======'machine_var_audits_switches_s_67_varitarget_poisition_4'====== Args={'value': 1, 'prev_value': None, 'change': True}
2026-02-11 18:56:02,896 : INFO : EventManager : Event: ======'machine_var_audits_switches_s_68_stand_up_target_7'====== Args={'value': 1, 'prev_value': None, 'change': True}
2026-02-11 18:56:02,896 : INFO : EventManager : Event: ======'machine_var_audits_switches_s_68_varitarget_poisition_5'====== Args={'value': 0, 'prev_value': None, 'change': True}
2026-02-11 18:56:02,896 : INFO : EventManager : Event: ======'machine_var_audits_switches_s_69_stand_up_target_8'====== Args={'value': 2, 'prev_value': None, 'change': True}
2026-02-11 18:56:02,897 : INFO : EventManager : Event: ======'machine_var_audits_switches_s_69_varitarget_poisition_6'====== Args={'value': 0, 'prev_value': None, 'change': True}
2026-02-11 18:56:02,897 : INFO : EventManager : Event: ======'machine_var_audits_switches_s_70_stand_up_target_9'====== Args={'value': 0, 'prev_value': None, 'change': True}
2026-02-11 18:56:02,897 : INFO : EventManager : Event: ======'machine_var_audits_switches_s_70_varitarget_poisition_7'====== Args={'value': 38, 'prev_value': None, 'change': True}
2026-02-11 18:56:02,897 : INFO : EventManager : Event: ======'machine_var_audits_switches_s_71_spinner_left'====== Args={'value': 0, 'prev_value': None, 'change': True}
2026-02-11 18:56:02,897 : INFO : EventManager : Event: ======'machine_var_audits_switches_s_71_stand_up_target_10'====== Args={'value': 0, 'prev_value': None, 'change': True}
2026-02-11 18:56:02,897 : INFO : EventManager : Event: ======'machine_var_audits_switches_s_72_single_drop_1'====== Args={'value': 0, 'prev_value': None, 'change': True}
2026-02-11 18:56:02,897 : INFO : EventManager : Event: ======'machine_var_audits_switches_s_72_stand_up_target_11'====== Args={'value': 0, 'prev_value': None, 'change': True}
2026-02-11 18:56:02,897 : INFO : EventManager : Event: ======'machine_var_audits_switches_s_73_fourbank_drop_1'====== Args={'value': 96, 'prev_value': None, 'change': True}
2026-02-11 18:56:02,897 : INFO : EventManager : Event: ======'machine_var_audits_switches_s_74_fourbank_drop_2'====== Args={'value': 5, 'prev_value': None, 'change': True}
2026-02-11 18:56:02,897 : INFO : EventManager : Event: ======'machine_var_audits_switches_s_75_fourbank_drop_3'====== Args={'value': 7, 'prev_value': None, 'change': True}
2026-02-11 18:56:02,897 : INFO : EventManager : Event: ======'machine_var_audits_switches_s_76_fourbank_drop_4'====== Args={'value': 0, 'prev_value': None, 'change': True}
2026-02-11 18:56:02,897 : INFO : EventManager : Event: ======'machine_var_audits_switches_s_77_threebank_drop_1'====== Args={'value': 3, 'prev_value': None, 'change': True}
2026-02-11 18:56:02,897 : INFO : EventManager : Event: ======'machine_var_audits_switches_s_78_threebank_drop_2'====== Args={'value': 2, 'prev_value': None, 'change': True}
2026-02-11 18:56:02,897 : INFO : EventManager : Event: ======'machine_var_audits_switches_s_79_threebank_drop_3'====== Args={'value': 1, 'prev_value': None, 'change': True}
2026-02-11 18:56:02,897 : INFO : EventManager : Event: ======'machine_var_audits_switches_s_80_stand_up_target_1'====== Args={'value': 9, 'prev_value': None, 'change': True}
2026-02-11 18:56:02,897 : INFO : EventManager : Event: ======'machine_var_audits_switches_s_81_saucer_left'====== Args={'value': 5, 'prev_value': None, 'change': True}
2026-02-11 18:56:02,897 : INFO : EventManager : Event: ======'machine_var_audits_switches_s_82_stand_up_target_bank_1'====== Args={'value': 4, 'prev_value': None, 'change': True}
2026-02-11 18:56:02,897 : INFO : EventManager : Event: ======'machine_var_audits_switches_s_83_stand_up_target_bank_2'====== Args={'value': 6, 'prev_value': None, 'change': True}
2026-02-11 18:56:02,897 : INFO : EventManager : Event: ======'machine_var_audits_switches_s_84_stand_up_target_bank_3'====== Args={'value': 4, 'prev_value': None, 'change': True}
2026-02-11 18:56:02,897 : INFO : EventManager : Event: ======'machine_var_audits_switches_s_85_stand_up_target_bank_4'====== Args={'value': 6, 'prev_value': None, 'change': True}
2026-02-11 18:56:02,897 : INFO : EventManager : Event: ======'machine_var_audits_switches_s_86_stand_up_target_bank_5'====== Args={'value': 2, 'prev_value': None, 'change': True}
2026-02-11 18:56:02,897 : INFO : EventManager : Event: ======'machine_var_audits_switches_s_87_stand_up_target_bank_6'====== Args={'value': 7, 'prev_value': None, 'change': True}
2026-02-11 18:56:02,897 : INFO : EventManager : Event: ======'machine_var_audits_switches_s_8_left_flipper'====== Args={'value': 104, 'prev_value': None, 'change': True}
2026-02-11 18:56:02,898 : INFO : EventManager : Event: ======'init_phase_5'====== Args={}
2026-02-11 18:56:02,899 : INFO : EventManager : Event: ======'init_done'====== Args={}
2026-02-11 18:56:02,899 : INFO : EventManager : Event: ======'machine_reset_phase_1'====== Args={}
2026-02-11 18:56:02,900 : INFO : EventManager : Event: ======'machine_reset_phase_2'====== Args={}
2026-02-11 18:56:02,900 : INFO : EventManager : Event: ======'machine_reset_phase_3'====== Args={}
2026-02-11 18:56:02,901 : INFO : EventManager : Event: ======'reset_complete'====== Args={}
2026-02-11 18:56:02,901 : INFO : EventManager : Event: ======'mode_attract_will_start'====== Args={}
2026-02-11 18:56:02,902 : INFO : Timer.attract_carousel_timer : Starting Timer.
2026-02-11 18:56:02,902 : INFO : EventManager : Event: ======'timer_attract_carousel_timer_started'====== Args={'ticks': 0, 'ticks_remaining': 1}
2026-02-11 18:56:02,902 : INFO : EventManager : Event: ======'timer_attract_carousel_timer_tick'====== Args={'ticks': 0, 'ticks_remaining': 1}
2026-02-11 18:56:02,902 : INFO : EventManager : Event: ======'mode_attract_starting'====== Args={}
2026-02-11 18:56:02,902 : INFO : drop_target_bank.dtb_characters : 6 targets are down. Will reset those.
2026-02-11 18:56:02,903 : INFO : coil.c_40_fourbank_drop_reset : Pulsing Driver for 1ms (1.0 pulse_power)
2026-02-11 18:56:02,903 : DEBUG : FAST Driver : Pulsing driver 43 with pulse_settings: PulseSettings(power=1.0, duration=1).
2026-02-11 18:56:02,903 : INFO : drop_target_bank.dtb_rollover : 1 targets are down. Will reset those.
2026-02-11 18:56:02,903 : INFO : Mode.attract : Started. Priority: 10
2026-02-11 18:56:02,903 : INFO : EventManager : Event: ======'modes_active_modes_changed'====== Args={}
2026-02-11 18:56:02,903 : INFO : EventManager : Event: ======'mode_attract_started'====== Args={}
2026-02-11 18:56:02,903 : INFO : EventManager : Event: ======'collecting_balls_complete'====== Args={}
2026-02-11 18:56:02,904 : INFO : EventManager : Event: ======'carousel_item_highlighted'====== Args={'carousel': 'attract', 'direction': None, 'item': 'title'}
2026-02-11 18:56:02,904 : INFO : coil.c_32_threebank_drop_reset : Pulsing Driver for 1ms (1.0 pulse_power)
2026-02-11 18:56:02,904 : DEBUG : FAST Driver : Pulsing driver 35 with pulse_settings: PulseSettings(power=1.0, duration=1).
2026-02-11 18:56:02,905 : INFO : Machine : Starting the main run loop with active modes: [<Mode.attract>]
2026-02-11 18:56:02,906 : INFO : coil.c_31_single_drop_1_reset : Pulsing Driver for 1ms (1.0 pulse_power)
2026-02-11 18:56:02,906 : DEBUG : FAST Driver : Pulsing driver 34 with pulse_settings: PulseSettings(power=1.0, duration=1).
2026-02-11 18:56:03,404 : INFO : EventManager : Event: ======'drop_target_bank_dtb_characters_mixed'====== Args={'prev_value': <DropTargetBankState.UP: 'up'>, 'down': 6}
2026-02-11 18:56:03,420 : INFO : EventManager : Event: ======'drop_target_bank_dtb_rollover_down'====== Args={}
2026-02-11 18:56:07,903 : INFO : Timer.attract_carousel_timer : Timer Complete
2026-02-11 18:56:07,903 : INFO : Timer.attract_carousel_timer : Stopping Timer
2026-02-11 18:56:07,903 : INFO : EventManager : Event: ======'timer_attract_carousel_timer_stopped'====== Args={'ticks': 1, 'ticks_remaining': 1}
2026-02-11 18:56:07,903 : INFO : EventManager : Event: ======'timer_attract_carousel_timer_complete'====== Args={'ticks': 1, 'ticks_remaining': 1}
2026-02-11 18:56:07,903 : INFO : EventManager : Event: ======'carousel_item_highlighted'====== Args={'carousel': 'attract', 'direction': 'forwards', 'item': 'credits'}
2026-02-11 18:56:16,359 : INFO : SwitchController : <<<<<<< 's_11_start_button' active >>>>>>>
2026-02-11 18:56:16,375 : INFO : SwitchController : <<<<<<< 's_11_start_button' inactive >>>>>>>
2026-02-11 18:56:16,375 : INFO : EventManager : Event: ======'request_to_start_game'====== Args={}
2026-02-11 18:56:16,375 : INFO : BallController : Known balls: 0
2026-02-11 18:56:16,375 : INFO : BallController : bd_plunger contains 0 balls. Tags []
2026-02-11 18:56:16,375 : INFO : BallController : bd_trough contains 0 balls. Tags ['trough', 'home', 'drain']
2026-02-11 18:56:16,376 : INFO : BallController : playfield contains 0 balls. Tags ['default']
2026-02-11 18:56:16,376 : WARNING : BallController : BallController denies game start. Not enough balls. 0 found. 1 required
2026-02-11 18:56:16,376 : INFO : BallController : Triggering ball search.
2026-02-11 18:56:16,391 : INFO : SwitchController : <<<<<<< 's_11_start_button' active >>>>>>>
2026-02-11 18:56:16,647 : INFO : SwitchController : <<<<<<< 's_11_start_button' inactive >>>>>>>
2026-02-11 18:56:16,647 : INFO : EventManager : Event: ======'request_to_start_game'====== Args={}
2026-02-11 18:56:16,647 : INFO : BallController : Known balls: 0
2026-02-11 18:56:16,647 : INFO : BallController : bd_plunger contains 0 balls. Tags []
2026-02-11 18:56:16,647 : INFO : BallController : bd_trough contains 0 balls. Tags ['trough', 'home', 'drain']
2026-02-11 18:56:16,648 : INFO : BallController : playfield contains 0 balls. Tags ['default']
2026-02-11 18:56:16,648 : WARNING : BallController : BallController denies game start. Not enough balls. 0 found. 1 required
2026-02-11 18:56:16,648 : INFO : BallController : Triggering ball search.
2026-02-11 18:56:25,161 : INFO : SwitchController : <<<<<<< 's_59_saucer_right' inactive >>>>>>>
2026-02-11 18:56:28,674 : INFO : SwitchController : <<<<<<< 's_28_trough_5' active >>>>>>>
2026-02-11 18:56:28,690 : INFO : SwitchController : <<<<<<< 's_28_trough_5' inactive >>>>>>>
2026-02-11 18:56:28,738 : INFO : SwitchController : <<<<<<< 's_27_trough_4' active >>>>>>>
2026-02-11 18:56:28,850 : INFO : SwitchController : <<<<<<< 's_27_trough_4' inactive >>>>>>>
2026-02-11 18:56:28,866 : INFO : SwitchController : <<<<<<< 's_26_trough_3' active >>>>>>>
2026-02-11 18:56:28,946 : INFO : SwitchController : <<<<<<< 's_26_trough_3' inactive >>>>>>>
2026-02-11 18:56:28,962 : INFO : SwitchController : <<<<<<< 's_25_trough_2' active >>>>>>>
2026-02-11 18:56:29,025 : INFO : SwitchController : <<<<<<< 's_25_trough_2' inactive >>>>>>>
2026-02-11 18:56:29,041 : INFO : SwitchController : <<<<<<< 's_24_trough_1' active >>>>>>>
2026-02-11 18:56:29,537 : INFO : EventManager : Event: ======'balldevice_bd_trough_ball_count_changed'====== Args={'balls': 1}
2026-02-11 18:56:29,537 : INFO : ball_device.bd_trough : Received unexpected ball
2026-02-11 18:56:29,537 : INFO : EventManager : Event: ======'balldevice_captured_from_playfield'====== Args={'balls': 1}
2026-02-11 18:56:29,537 : INFO : EventManager : Event: ======'sw_playfield_active'====== Args={'balls': 1}
2026-02-11 18:56:29,537 : INFO : EventManager : Event: ======'playfield_active'====== Args={'source': None}
2026-02-11 18:56:29,538 : INFO : EventManager : Event: ======'unexpected_ball_on_playfield'====== Args={}
2026-02-11 18:56:29,538 : INFO : EventManager : Event: ======'playfield_ball_count_change'====== Args={'balls': -1, 'change': -1}
2026-02-11 18:56:29,538 : INFO : EventManager : Event: ======'balldevice_playfield_ball_enter'====== Args={'new_balls': 1, 'unclaimed_balls': 1, 'device': <playfield.playfield>}
2026-02-11 18:56:29,538 : INFO : EventManager : Event: ======'playfield_ball_count_change'====== Args={'balls': 0, 'change': 1}
2026-02-11 18:56:29,538 : INFO : BallController : Found a new ball which was captured from playfield. Known balls: 1
2026-02-11 18:56:29,538 : INFO : EventManager : Event: ======'found_new_ball'====== Args={}
2026-02-11 18:56:29,538 : INFO : EventManager : Event: ======'balldevice_bd_trough_ball_enter'====== Args={'new_balls': 1, 'unclaimed_balls': 1, 'new_available_balls': 1, 'device': <ball_device.bd_trough>}
2026-02-11 18:56:29,539 : INFO : EventManager : Event: ======'ball_drain'====== Args={'device': <ball_device.bd_trough>, 'balls': 1}
2026-02-11 18:56:29,539 : INFO : EventManager : Event: ======'balldevice_balls_available'====== Args={}
2026-02-11 18:56:29,539 : INFO : EventManager : Event: ======'balldevice_bd_trough_ball_entered'====== Args={'new_balls': 1, 'device': <ball_device.bd_trough>}
2026-02-11 18:56:34,072 : INFO : SwitchController : <<<<<<< 's_11_start_button' active >>>>>>>
2026-02-11 18:56:34,279 : INFO : SwitchController : <<<<<<< 's_11_start_button' inactive >>>>>>>
2026-02-11 18:56:34,279 : INFO : EventManager : Event: ======'request_to_start_game'====== Args={}
2026-02-11 18:56:34,279 : INFO : EventManager : Event: ======'game_start'====== Args={'buttons': [], 'hold_time': 0.20300000000861473}
2026-02-11 18:56:34,279 : INFO : EventManager : Event: ======'mode_game_will_start'====== Args={'buttons': [], 'hold_time': 0.20300000000861473}
2026-02-11 18:56:34,280 : INFO : EventManager : Event: ======'mode_game_starting'====== Args={'buttons': [], 'hold_time': 0.20300000000861473}
2026-02-11 18:56:34,280 : INFO : EventManager : Event: ======'mode_attract_will_stop'====== Args={}
2026-02-11 18:56:34,280 : INFO : EventManager : Event: ======'mode_attract_stopping'====== Args={}
2026-02-11 18:56:34,280 : INFO : Mode.attract : Stopped.
2026-02-11 18:56:34,280 : INFO : EventManager : Event: ======'modes_active_modes_changed'====== Args={}
2026-02-11 18:56:34,280 : INFO : EventManager : Event: ======'mode_attract_stopped'====== Args={}
2026-02-11 18:56:34,280 : INFO : EventManager : Event: ======'clear'====== Args={'key': 'attract'}
2026-02-11 18:56:34,280 : INFO : Timer.attract_carousel_timer : Stopping Timer
2026-02-11 18:56:34,280 : INFO : EventManager : Event: ======'timer_attract_carousel_timer_stopped'====== Args={'ticks': 1, 'ticks_remaining': 1}
2026-02-11 18:56:34,280 : INFO : Mode.game : Started. Priority: 20
2026-02-11 18:56:34,280 : INFO : EventManager : Event: ======'modes_active_modes_changed'====== Args={}
2026-02-11 18:56:34,281 : INFO : EventManager : Event: ======'mode_game_started'====== Args={'buttons': [], 'hold_time': 0.20300000000861473}
2026-02-11 18:56:34,281 : INFO : EventManager : Event: ======'game_will_start'====== Args={}
2026-02-11 18:56:34,282 : INFO : EventManager : Event: ======'game_starting'====== Args={'game': <Mode.game>}
2026-02-11 18:56:34,282 : DEBUG : Auditor : Enabling the Auditor
2026-02-11 18:56:34,282 : INFO : EventManager : Unordered handler for class <Auditor> on event game_ended with priority 1. Handlers: [RegisteredHandler(callback=<bound method Auditor.disable of <Auditor>>, priority=1, kwargs={}, key=UUID('aade5522-4cf8-4644-bfb4-70b517bf512b'), condition=None, blocking_facility=None), RegisteredHandler(callback=<bound method Auditor._save_audits of <Auditor>>, priority=1, kwargs={}, key=UUID('b1ed65fc-6840-414c-8668-63f9384b2b12'), condition=None, blocking_facility=None)]. The order of those handlers is not defined and they will be executed in random order. This might lead to race conditions and potential bugs.
2026-02-11 18:56:34,283 : INFO : EventManager : Event: ======'player_add_request'====== Args={}
2026-02-11 18:56:34,283 : INFO : EventManager : Event: ======'player_will_add'====== Args={'number': 1}
2026-02-11 18:56:34,283 : DEBUG : Player : Creating new player: Player 1. (player index '0')
2026-02-11 18:56:34,283 : DEBUG : Player : Setting 'score' to: 0, (prior: 0, change: 0)
2026-02-11 18:56:34,283 : INFO : EventManager : Event: ======'player_adding'====== Args={'player': <Player 1>, 'number': 1}
2026-02-11 18:56:34,283 : INFO : EventManager : Event: ======'player_added'====== Args={'player': <Player 1>, 'num': 1}
2026-02-11 18:56:34,283 : INFO : Mode.game : Player added successfully. Total players: 1
2026-02-11 18:56:34,283 : INFO : EventManager : Event: ======'player_index'====== Args={'value': 0, 'prev_value': 0, 'change': 0, 'player_num': 1}
2026-02-11 18:56:34,283 : INFO : EventManager : Event: ======'player_number'====== Args={'value': 1, 'prev_value': 1, 'change': 0, 'player_num': 1}
2026-02-11 18:56:34,283 : INFO : EventManager : Event: ======'player_score'====== Args={'value': 0, 'prev_value': 0, 'change': 0, 'player_num': 1}
2026-02-11 18:56:34,284 : INFO : EventManager : Event: ======'game_started'====== Args={}
2026-02-11 18:56:34,284 : INFO : EventManager : Event: ======'player_turn_will_start'====== Args={'player': <Player 1>, 'number': 1}
2026-02-11 18:56:34,292 : INFO : EventManager : Event: ======'player_turn_starting'====== Args={'player': <Player 1>, 'number': 1}
2026-02-11 18:56:34,292 : DEBUG : Player : Setting 'ball' to: 1, (prior: 0, change: 1)
2026-02-11 18:56:34,292 : INFO : EventManager : Event: ======'player_ball'====== Args={'value': 1, 'prev_value': 0, 'change': 1, 'player_num': 1}
2026-02-11 18:56:34,292 : INFO : EventManager : Event: ======'player_turn_started'====== Args={'player': <Player 1>, 'number': 1}
2026-02-11 18:56:34,293 : INFO : EventManager : Event: ======'ball_will_start'====== Args={'player': 1, 'ball': 1, 'balls_remaining': 2, 'is_extra_ball': False}
2026-02-11 18:56:34,293 : INFO : drop_target_bank.dtb_characters : 6 targets are down. Will reset those.
2026-02-11 18:56:34,294 : INFO : coil.c_40_fourbank_drop_reset : Pulsing Driver for 1ms (1.0 pulse_power)
2026-02-11 18:56:34,294 : DEBUG : FAST Driver : Pulsing driver 43 with pulse_settings: PulseSettings(power=1.0, duration=1).
2026-02-11 18:56:34,294 : INFO : drop_target_bank.dtb_rollover : 1 targets are down. Will reset those.
2026-02-11 18:56:34,294 : INFO : EventManager : Event: ======'ball_starting'====== Args={'player': 1, 'ball': 1, 'balls_remaining': 2, 'is_extra_ball': False}
2026-02-11 18:56:34,294 : INFO : coil.c_32_threebank_drop_reset : Pulsing Driver for 1ms (1.0 pulse_power)
2026-02-11 18:56:34,295 : DEBUG : FAST Driver : Pulsing driver 35 with pulse_settings: PulseSettings(power=1.0, duration=1).
2026-02-11 18:56:34,295 : INFO : EventManager : Event: ======'balls_in_play'====== Args={'balls': 1}
2026-02-11 18:56:34,295 : INFO : EventManager : Event: ======'ball_started'====== Args={'player': 1, 'ball': 1, 'balls_remaining': 2, 'is_extra_ball': False}
2026-02-11 18:56:34,296 : DEBUG : FAST Driver : Setting hardware rule for driver 26. Mode: None. Switch: 25. coil_settings: DriverSettings(hw_driver=<mpf.platforms.fast.fast_driver.FASTDriver object at 0x00000136528C6420>, pulse_settings=PulseSettings(power=1.0, duration=10), hold_settings=None, recycle=True). kwargs: {}.
2026-02-11 18:56:34,296 : DEBUG : FAST Driver : Setting hardware rule for driver 27. Mode: None. Switch: 22. coil_settings: DriverSettings(hw_driver=<mpf.platforms.fast.fast_driver.FASTDriver object at 0x00000136528C6490>, pulse_settings=PulseSettings(power=1.0, duration=10), hold_settings=None, recycle=True). kwargs: {}.
2026-02-11 18:56:34,296 : DEBUG : FAST Driver : Setting hardware rule for driver 9. Mode: None. Switch: 0A. coil_settings: DriverSettings(hw_driver=<mpf.platforms.fast.fast_driver.FASTDriver object at 0x00000136528C5C40>, pulse_settings=PulseSettings(power=1.0, duration=1), hold_settings=None, recycle=True). kwargs: {}.
2026-02-11 18:56:34,296 : DEBUG : FAST Driver : Setting hardware rule for driver 7. Mode: None. Switch: 09. coil_settings: DriverSettings(hw_driver=<mpf.platforms.fast.fast_driver.FASTDriver object at 0x00000136528C5B60>, pulse_settings=PulseSettings(power=1.0, duration=1), hold_settings=None, recycle=True). kwargs: {}.
2026-02-11 18:56:34,296 : DEBUG : FAST Driver : Setting hardware rule for driver 8. Mode: None. Switch: 08. coil_settings: DriverSettings(hw_driver=<mpf.platforms.fast.fast_driver.FASTDriver object at 0x00000136528C5BD0>, pulse_settings=PulseSettings(power=1.0, duration=1), hold_settings=None, recycle=True). kwargs: {}.
2026-02-11 18:56:34,297 : DEBUG : FAST Driver : Setting hardware rule for driver 24. Mode: 18. Switch: 06. coil_settings: DriverSettings(hw_driver=<mpf.platforms.fast.fast_driver.FASTDriver object at 0x00000136528C6340>, pulse_settings=PulseSettings(power=1.0, duration=20), hold_settings=None, recycle=False). kwargs: {}.
2026-02-11 18:56:34,297 : DEBUG : FAST Driver : Sending config to driver 24 (0x18). one_shot: False. wait_to_confirm: False
2026-02-11 18:56:34,297 : DEBUG : FAST Driver : Setting hardware rule for driver 25. Mode: 18. Switch: 06. coil_settings: DriverSettings(hw_driver=<mpf.platforms.fast.fast_driver.FASTDriver object at 0x00000136528C63B0>, pulse_settings=PulseSettings(power=1.0, duration=20), hold_settings=HoldSettings(power=1.0, duration=None), recycle=False). kwargs: {}.
2026-02-11 18:56:34,297 : DEBUG : FAST Driver : Sending config to driver 25 (0x19). one_shot: False. wait_to_confirm: False
2026-02-11 18:56:34,297 : DEBUG : FAST Driver : Setting hardware rule for driver 22. Mode: 18. Switch: 04. coil_settings: DriverSettings(hw_driver=<mpf.platforms.fast.fast_driver.FASTDriver object at 0x00000136528C6260>, pulse_settings=PulseSettings(power=1.0, duration=20), hold_settings=None, recycle=False). kwargs: {}.
2026-02-11 18:56:34,297 : DEBUG : FAST Driver : Sending config to driver 22 (0x16). one_shot: False. wait_to_confirm: False
2026-02-11 18:56:34,297 : DEBUG : FAST Driver : Setting hardware rule for driver 23. Mode: 18. Switch: 04. coil_settings: DriverSettings(hw_driver=<mpf.platforms.fast.fast_driver.FASTDriver object at 0x00000136528C62D0>, pulse_settings=PulseSettings(power=1.0, duration=20), hold_settings=HoldSettings(power=1.0, duration=None), recycle=False). kwargs: {}.
2026-02-11 18:56:34,297 : DEBUG : FAST Driver : Sending config to driver 23 (0x17). one_shot: False. wait_to_confirm: False
2026-02-11 18:56:34,297 : DEBUG : FAST Driver : Setting hardware rule for driver 5. Mode: 18. Switch: 07. coil_settings: DriverSettings(hw_driver=<mpf.platforms.fast.fast_driver.FASTDriver object at 0x00000136528C5A80>, pulse_settings=PulseSettings(power=1.0, duration=20), hold_settings=None, recycle=False). kwargs: {}.
2026-02-11 18:56:34,297 : DEBUG : FAST Driver : Sending config to driver 5 (0x05). one_shot: False. wait_to_confirm: False
2026-02-11 18:56:34,297 : DEBUG : FAST Driver : Setting hardware rule for driver 4. Mode: 18. Switch: 07. coil_settings: DriverSettings(hw_driver=<mpf.platforms.fast.fast_driver.FASTDriver object at 0x00000136528C5A10>, pulse_settings=PulseSettings(power=1.0, duration=20), hold_settings=HoldSettings(power=1.0, duration=None), recycle=False). kwargs: {}.
2026-02-11 18:56:34,297 : DEBUG : FAST Driver : Sending config to driver 4 (0x04). one_shot: False. wait_to_confirm: False
2026-02-11 18:56:34,298 : INFO : EventManager : Event: ======'single_player_ball_started'====== Args={}
2026-02-11 18:56:34,298 : INFO : coil.c_31_single_drop_1_reset : Pulsing Driver for 1ms (1.0 pulse_power)
2026-02-11 18:56:34,298 : DEBUG : FAST Driver : Pulsing driver 34 with pulse_settings: PulseSettings(power=1.0, duration=1).
2026-02-11 18:56:34,299 : INFO : EventManager : Event: ======'ball_start_target'====== Args={'target': 'playfield'}
2026-02-11 18:56:34,299 : INFO : ball_device.bd_trough : Setting up player-controlled eject. Balls: 1, Target: <playfield.playfield>, player_controlled_eject_event: None
2026-02-11 18:56:34,300 : INFO : ball_device.bd_trough : Adding 1 ball(s) to the eject_queue with target <playfield.playfield>.
2026-02-11 18:56:34,300 : INFO : EventManager : Event: ======'balldevice_balls_available'====== Args={}
2026-02-11 18:56:34,301 : INFO : ball_device.bd_trough : State: waiting_for_target_ready
2026-02-11 18:56:34,301 : INFO : EventManager : Event: ======'balldevice_bd_trough_ball_eject_attempt'====== Args={'balls': 1, 'target': <ball_device.bd_plunger>, 'source': <ball_device.bd_trough>, 'mechanical_eject': False, 'num_attempts': 0}
2026-02-11 18:56:34,301 : INFO : ball_device.bd_plunger : State: waiting_for_ball
2026-02-11 18:56:34,302 : INFO : ball_device.bd_trough : State: ejecting
2026-02-11 18:56:34,302 : INFO : ball_device.bd_trough : Ejecting ball to <ball_device.bd_plunger>
2026-02-11 18:56:34,302 : INFO : EventManager : Event: ======'balldevice_bd_trough_ejecting_ball'====== Args={'balls': 1, 'target': <ball_device.bd_plunger>, 'source': <ball_device.bd_trough>, 'mechanical_eject': False, 'num_attempts': 0}
2026-02-11 18:56:34,303 : INFO : ball_device.bd_trough : Wait for ball to leave device
2026-02-11 18:56:34,327 : INFO : coil.c_2_trough_eject : Pulsing Driver for 30ms (1.0 pulse_power)
2026-02-11 18:56:34,327 : DEBUG : FAST Driver : Pulsing driver 21 with pulse_settings: PulseSettings(power=1.0, duration=30).
2026-02-11 18:56:34,358 : INFO : SwitchController : <<<<<<< 's_24_trough_1' inactive >>>>>>>
2026-02-11 18:56:34,358 : INFO : SwitchController : <<<<<<< 's_30_trough_jam' active >>>>>>>
2026-02-11 18:56:34,358 : INFO : EventManager : Event: ======'machine_var_audits_switches_s_30_trough_jam'====== Args={'value': 16, 'prev_value': 15, 'change': 1}
2026-02-11 18:56:34,359 : INFO : ball_device.bd_trough : State: ball_left
2026-02-11 18:56:34,359 : INFO : ball_device.bd_trough : Ball left
2026-02-11 18:56:34,359 : INFO : ball_device.bd_trough : Wait for confirm with timeout 10.0
2026-02-11 18:56:34,374 : INFO : SwitchController : <<<<<<< 's_30_trough_jam' inactive >>>>>>>
2026-02-11 18:56:34,789 : INFO : EventManager : Event: ======'drop_target_bank_dtb_characters_mixed'====== Args={'prev_value': <DropTargetBankState.MIXED: 'mixed'>, 'down': 6}
2026-02-11 18:56:35,380 : INFO : SwitchController : <<<<<<< 's_31_plunger_lane' active >>>>>>>
2026-02-11 18:56:35,380 : INFO : EventManager : Event: ======'machine_var_audits_switches_s_31_plunger_lane'====== Args={'value': 16, 'prev_value': 15, 'change': 1}
2026-02-11 18:56:35,875 : INFO : ball_device.bd_plunger : Received ball from <ball_device.bd_trough>
2026-02-11 18:56:35,875 : INFO : EventManager : Event: ======'balldevice_bd_plunger_ball_enter'====== Args={'new_balls': 1, 'unclaimed_balls': 0, 'new_available_balls': 0, 'device': <ball_device.bd_plunger>}
2026-02-11 18:56:35,876 : INFO : EventManager : Event: ======'balldevice_bd_plunger_ball_entered'====== Args={'new_balls': 0, 'device': <ball_device.bd_plunger>}
2026-02-11 18:56:35,876 : INFO : EventManager : Event: ======'balldevice_bd_plunger_ball_count_changed'====== Args={'balls': 1}
2026-02-11 18:56:35,876 : INFO : ball_device.bd_trough : Got eject confirm
2026-02-11 18:56:35,876 : INFO : ball_device.bd_trough : Eject successful
2026-02-11 18:56:35,876 : INFO : EventManager : Event: ======'balldevice_bd_trough_ball_eject_success'====== Args={'balls': 1, 'target': <ball_device.bd_plunger>}
2026-02-11 18:56:35,877 : INFO : ball_device.bd_plunger : State: waiting_for_target_ready
2026-02-11 18:56:35,877 : INFO : EventManager : Event: ======'balldevice_bd_plunger_ball_eject_attempt'====== Args={'balls': 1, 'target': <playfield.playfield>, 'source': <ball_device.bd_plunger>, 'mechanical_eject': False, 'num_attempts': 0}
2026-02-11 18:56:35,877 : INFO : EventManager : Event: ======'balldevice_bd_trough_ball_count_changed'====== Args={'balls': 0}
2026-02-11 18:56:35,877 : INFO : ball_device.bd_trough : State: idle
2026-02-11 18:56:35,877 : INFO : ball_device.bd_plunger : State: ejecting
2026-02-11 18:56:35,878 : INFO : ball_device.bd_plunger : Ejecting ball to <playfield.playfield>
2026-02-11 18:56:35,878 : INFO : EventManager : Event: ======'balldevice_bd_plunger_ejecting_ball'====== Args={'balls': 1, 'target': <playfield.playfield>, 'source': <ball_device.bd_plunger>, 'mechanical_eject': False, 'num_attempts': 0}
2026-02-11 18:56:35,878 : INFO : ball_device.bd_plunger : Wait for ball to leave device
2026-02-11 18:56:35,878 : INFO : coil.c_1_plunger : Pulsing Driver for 20ms (1.0 pulse_power)
2026-02-11 18:56:35,878 : DEBUG : FAST Driver : Pulsing driver 20 with pulse_settings: PulseSettings(power=1.0, duration=20).
2026-02-11 18:56:35,907 : INFO : SwitchController : <<<<<<< 's_31_plunger_lane' inactive >>>>>>>
2026-02-11 18:56:35,907 : INFO : ball_device.bd_plunger : State: ball_left
2026-02-11 18:56:35,908 : INFO : ball_device.bd_plunger : Ball left
2026-02-11 18:56:35,908 : INFO : ball_device.bd_plunger : Wait for confirm with timeout 10.0
2026-02-11 18:56:37,281 : INFO : SwitchController : <<<<<<< 's_63_stand_up_target_11' active >>>>>>>
2026-02-11 18:56:37,281 : INFO : EventManager : Event: ======'machine_var_audits_switches_s_63_stand_up_target_11'====== Args={'value': 9, 'prev_value': 8, 'change': 1}
2026-02-11 18:56:37,281 : INFO : SwitchController : <<<<<<< 's_63_stand_up_target_11' inactive >>>>>>>
2026-02-11 18:56:42,262 : INFO : SwitchController : <<<<<<< 's_59_saucer_right' active >>>>>>>
2026-02-11 18:56:42,262 : INFO : EventManager : Event: ======'machine_var_audits_switches_s_59_saucer_right'====== Args={'value': 2, 'prev_value': 1, 'change': 1}
2026-02-11 18:56:45,919 : INFO : ball_device.bd_plunger : State: failed_confirm
2026-02-11 18:56:45,919 : INFO : ball_device.bd_plunger : Got timeout (10.0s) before confirm from <playfield.playfield>
2026-02-11 18:56:46,015 : INFO : ball_device.bd_plunger : Confirming eject because target is playfield and ball did not return.
2026-02-11 18:56:46,015 : INFO : ball_device.bd_plunger : Eject successful
2026-02-11 18:56:46,015 : INFO : EventManager : Event: ======'balldevice_bd_plunger_ball_eject_success'====== Args={'balls': 1, 'target': <playfield.playfield>}
2026-02-11 18:56:46,015 : INFO : EventManager : Event: ======'balldevice_playfield_ball_enter'====== Args={'new_balls': 1, 'unclaimed_balls': 1, 'device': <playfield.playfield>}
2026-02-11 18:56:46,015 : INFO : EventManager : Event: ======'playfield_ball_count_change'====== Args={'balls': 1, 'change': 1}
2026-02-11 18:56:46,016 : INFO : EventManager : Event: ======'balldevice_bd_plunger_ball_count_changed'====== Args={'balls': 0}
2026-02-11 18:56:46,016 : INFO : ball_device.bd_plunger : State: idle
2026-02-11 18:57:38,014 : INFO : SwitchController : <<<<<<< 's_59_saucer_right' inactive >>>>>>>
2026-02-11 18:57:38,398 : INFO : SwitchController : <<<<<<< 's_59_saucer_right' active >>>>>>>
2026-02-11 18:57:38,398 : INFO : EventManager : Event: ======'machine_var_audits_switches_s_59_saucer_right'====== Args={'value': 3, 'prev_value': 2, 'change': 1}
2026-02-11 18:57:39,084 : INFO : SwitchController : <<<<<<< 's_59_saucer_right' inactive >>>>>>>
2026-02-11 18:57:39,612 : INFO : SwitchController : <<<<<<< 's_59_saucer_right' active >>>>>>>
2026-02-11 18:57:39,612 : INFO : EventManager : Event: ======'machine_var_audits_switches_s_59_saucer_right'====== Args={'value': 4, 'prev_value': 3, 'change': 1}
2026-02-11 18:57:46,913 : INFO : SwitchController : <<<<<<< 's_59_saucer_right' inactive >>>>>>>
2026-02-11 18:58:00,713 : INFO : SwitchController : <<<<<<< 's_59_saucer_right' active >>>>>>>
2026-02-11 18:58:00,713 : INFO : EventManager : Event: ======'machine_var_audits_switches_s_59_saucer_right'====== Args={'value': 5, 'prev_value': 4, 'change': 1}
2026-02-11 18:58:04,151 : INFO : SwitchController : <<<<<<< 's_59_saucer_right' inactive >>>>>>>
2026-02-11 18:58:11,129 : INFO : SwitchController : <<<<<<< 's_81_saucer_left' inactive >>>>>>>
2026-02-11 18:58:11,225 : INFO : SwitchController : <<<<<<< 's_81_saucer_left' active >>>>>>>
2026-02-11 18:58:11,225 : INFO : EventManager : Event: ======'machine_var_audits_switches_s_81_saucer_left'====== Args={'value': 6, 'prev_value': 5, 'change': 1}
2026-02-11 18:58:11,783 : INFO : SwitchController : <<<<<<< 's_81_saucer_left' inactive >>>>>>>
2026-02-11 18:58:18,334 : INFO : SwitchController : <<<<<<< 's_81_saucer_left' active >>>>>>>
2026-02-11 18:58:18,334 : INFO : EventManager : Event: ======'machine_var_audits_switches_s_81_saucer_left'====== Args={'value': 7, 'prev_value': 6, 'change': 1}
2026-02-11 18:58:54,255 : INFO : Machine : Shutting down...
2026-02-11 18:58:54,255 : INFO : EventManager : Event: ======'shutdown'====== Args={}
2026-02-11 18:58:54,256 : INFO : EventManager : Event: ======'mode_game_will_stop'====== Args={}
2026-02-11 18:58:54,256 : INFO : EventManager : Event: ======'mode_game_stopping'====== Args={}
2026-02-11 18:58:54,257 : INFO : Mode.game : Stopped.
2026-02-11 18:58:54,257 : INFO : EventManager : Event: ======'modes_active_modes_changed'====== Args={}
2026-02-11 18:58:54,257 : INFO : EventManager : Event: ======'mode_game_stopped'====== Args={}
2026-02-11 18:58:54,257 : INFO : EventManager : Event: ======'clear'====== Args={'key': 'game'}
2026-02-11 18:58:54,351 : DEBUG : FAST [NET] : Stop called on serial connection NET
2026-02-11 18:58:54,352 : DEBUG : FAST [EXP] : Stop called on serial connection EXP
2026-02-11 18:58:54,353 : INFO : root : MPF run loop ended.
