2026-03-17 21:52:16,998 : INFO : root : Loading config.
2026-03-17 21:52:17,017 : INFO : YamlMultifileConfigLoader : Machine config file #1: config.yaml
2026-03-17 21:52:17,018 : WARNING : ConfigProcessor : Config file in cache changed: C:\Users\tl\Documents\tl-pinball\config\config.yaml
2026-03-17 21:52:17,018 : INFO : ConfigProcessor : Loading config from file C:\mpf\Lib\site-packages\mpf\mpfconfig.yaml.
2026-03-17 21:52:17,040 : INFO : ConfigProcessor : Loading config: C:\mpf\Lib\site-packages\mpf\mpfconfig.yaml
2026-03-17 21:52:17,040 : INFO : ConfigProcessor : Loading config from file C:\Users\tl\Documents\tl-pinball\config\config.yaml.
2026-03-17 21:52:17,042 : INFO : ConfigProcessor : Loading config: C:\Users\tl\Documents\tl-pinball\config\config.yaml
2026-03-17 21:52:17,043 : INFO : ConfigProcessor : Loading config: C:\Users\tl\Documents\tl-pinball\config\config_hardware.yaml
2026-03-17 21:52:17,045 : INFO : ConfigProcessor : Loading config: C:\Users\tl\Documents\tl-pinball\config\config_ball_devices.yaml
2026-03-17 21:52:17,046 : INFO : ConfigProcessor : Loading config: C:\Users\tl\Documents\tl-pinball\config\device_config_lights_led.yaml
2026-03-17 21:52:17,049 : INFO : ConfigProcessor : Loading config: C:\Users\tl\Documents\tl-pinball\config\device_config_game.yaml
2026-03-17 21:52:17,054 : INFO : ConfigProcessor : Loading config: C:\Users\tl\Documents\tl-pinball\config\device_config_iomap.yaml
2026-03-17 21:52:17,057 : INFO : ConfigProcessor : Loading config: C:\Users\tl\Documents\tl-pinball\config\device_config_iomap_coils.yaml
2026-03-17 21:52:17,060 : INFO : ConfigProcessor : Loading config: C:\Users\tl\Documents\tl-pinball\config\config_testing.yaml
2026-03-17 21:52:17,061 : INFO : ConfigProcessor : Loading config: C:\Users\tl\Documents\tl-pinball\config\config_ball_save.yaml
2026-03-17 21:52:17,063 : INFO : ConfigProcessor : Loading config: C:\Users\tl\Documents\tl-pinball\config\seq_shots.yaml
2026-03-17 21:52:17,066 : INFO : ConfigProcessor : Config file cache created: C:\Users\tl\AppData\Local\Temp\86f932e179f318f5dae29f066573dee9.mpf_cache
2026-03-17 21:52:17,165 : WARNING : ConfigProcessor : Config file in cache changed: C:\Users\tl\Documents\tl-pinball\modes\attract\config\attract.yaml
2026-03-17 21:52:17,165 : INFO : ConfigProcessor : Loading config from file C:\mpf\Lib\site-packages\mpf\modes\attract\config\attract.yaml.
2026-03-17 21:52:17,174 : INFO : ConfigProcessor : Loading config: C:\mpf\Lib\site-packages\mpf\modes\attract\config\attract.yaml
2026-03-17 21:52:17,174 : INFO : ConfigProcessor : Loading config from file C:\Users\tl\Documents\tl-pinball\modes\attract\config\attract.yaml.
2026-03-17 21:52:17,176 : INFO : ConfigProcessor : Loading config: C:\Users\tl\Documents\tl-pinball\modes\attract\config\attract.yaml
2026-03-17 21:52:17,176 : INFO : ConfigProcessor : Config file cache created: C:\Users\tl\AppData\Local\Temp\5e7e3dd8e04e0aa46ea76018297218da.mpf_cache
2026-03-17 21:52:17,177 : INFO : ConfigProcessor : Loading config from cache: C:\Users\tl\AppData\Local\Temp\af6ad0dab2f43bd9cbdac83e0b2786ac.mpf_cache
2026-03-17 21:52:17,192 : INFO : ConfigProcessor : Loading config from cache: C:\Users\tl\AppData\Local\Temp\5e7e3dd8e04e0aa46ea76018297218da.mpf_cache
2026-03-17 21:52:17,207 : INFO : ConfigProcessor : Loading config from cache: C:\Users\tl\AppData\Local\Temp\f7ef3217062c4a128670875e2cb05ce9.mpf_cache
2026-03-17 21:52:17,210 : INFO : ConfigProcessor : Loading config from file C:\mpf\Lib\site-packages\mpf\modes\high_score\config\high_score.yaml.
2026-03-17 21:52:17,221 : INFO : ConfigProcessor : Loading config: C:\mpf\Lib\site-packages\mpf\modes\high_score\config\high_score.yaml
2026-03-17 21:52:17,221 : INFO : ConfigProcessor : Loading config from file C:\Users\tl\Documents\tl-pinball\modes\high_score\config\high_score.yaml.
2026-03-17 21:52:17,223 : INFO : ConfigProcessor : Loading config: C:\Users\tl\Documents\tl-pinball\modes\high_score\config\high_score.yaml
2026-03-17 21:52:17,224 : INFO : ConfigProcessor : Config file cache created: C:\Users\tl\AppData\Local\Temp\354636526653009b6f35f36c4dc3e189.mpf_cache
2026-03-17 21:52:17,225 : INFO : ConfigProcessor : Loading config from cache: C:\Users\tl\AppData\Local\Temp\b41aec6702196d0bd650320fa331266f.mpf_cache
2026-03-17 21:52:17,227 : INFO : ConfigProcessor : Loading config from cache: C:\Users\tl\AppData\Local\Temp\a951eeea2c167365e5a009cce33f51d8.mpf_cache
2026-03-17 21:52:17,229 : INFO : ConfigProcessor : Loading config from cache: C:\Users\tl\AppData\Local\Temp\f020dca9eec5e09763b9289397e6c32f.mpf_cache
2026-03-17 21:52:17,230 : INFO : ConfigProcessor : Loading config from cache: C:\Users\tl\AppData\Local\Temp\edce5a74ebf86ee6330810859c361ede.mpf_cache
2026-03-17 21:52:17,247 : INFO : ConfigProcessor : Loading config from cache: C:\Users\tl\AppData\Local\Temp\7c825e76f3d981841c3099d018a06a8f.mpf_cache
2026-03-17 21:52:17,265 : INFO : ConfigProcessor : Loading config from cache: C:\Users\tl\AppData\Local\Temp\4c1252d1f04cb61ecc91110937cfd225.mpf_cache
2026-03-17 21:52:17,280 : INFO : ConfigProcessor : Loading config from cache: C:\Users\tl\AppData\Local\Temp\8d6d681afe5a7b6e9186321cd98f18ca.mpf_cache
2026-03-17 21:52:17,282 : INFO : Machine : Mission Pinball Framework Core Engine v0.80.0.dev12
2026-03-17 21:52:17,282 : INFO : Machine : Command line arguments: {'no_load_cache': False, 'create_config_cache': True, 'bcp': True, 'configfile': ['config.yaml'], 'force_assets_load': False, 'platform_integration_test': False, 'jsonlogging': False, 'logfile': 'logs\\2026-03-17-21-52-16-mpf-DESKTOP-HV85DRD.log', 'pause': False, 'production': False, 'text_ui': True, 'loglevel': 15, 'consoleloglevel': 20, 'force_platform': 'virtual', 'syslog_address': None, 'full_logfile_path': 'C:\\Users\\tl\\Documents\\tl-pinball\\logs\\2026-03-17-21-52-16-mpf-DESKTOP-HV85DRD.log'}
2026-03-17 21:52:17,282 : INFO : Machine : MPF path: C:\mpf\Lib\site-packages\mpf
2026-03-17 21:52:17,282 : INFO : Machine : Machine path: C:\Users\tl\Documents\tl-pinball
2026-03-17 21:52:17,282 : INFO : Machine : Platform: win32
2026-03-17 21:52:17,282 : INFO : Machine : Python executable location: C:\mpf\Scripts\python.exe
2026-03-17 21:52:17,282 : INFO : Machine : Python version: 3.12.7 (64-bit)
2026-03-17 21:52:17,284 : INFO : Machine : Initializing MPF...
2026-03-17 21:52:17,712 : INFO : EventManager : Event: ======'machine_var_credits_string'====== Args={'value': 'FREE PLAY', 'prev_value': None, 'change': True}
2026-03-17 21:52:17,735 : INFO : EventManager : Event: ======'machine_var_master_volume'====== Args={'value': 0.55, 'prev_value': None, 'change': True}
2026-03-17 21:52:17,736 : INFO : EventManager : Event: ======'machine_var_player1_score'====== Args={'value': 7016554, 'prev_value': None, 'change': True}
2026-03-17 21:52:17,736 : INFO : EventManager : Event: ======'machine_var_mpf_version'====== Args={'value': 'Mission Pinball Framework v0.80.0.dev12', 'prev_value': None, 'change': True}
2026-03-17 21:52:17,736 : INFO : EventManager : Event: ======'machine_var_mpf_extended_version'====== Args={'value': 'Mission Pinball Framework v0.80.0.dev12, Config version:6, Show version: 6, BCP version:1.1', 'prev_value': None, 'change': True}
2026-03-17 21:52:17,736 : INFO : EventManager : Event: ======'machine_var_python_version'====== Args={'value': '3.12.7', 'prev_value': None, 'change': True}
2026-03-17 21:52:17,762 : INFO : EventManager : Event: ======'machine_var_platform'====== Args={'value': 'Windows-10-10.0.19044-SP0', 'prev_value': None, 'change': True}
2026-03-17 21:52:17,762 : INFO : EventManager : Event: ======'machine_var_platform_system'====== Args={'value': 'Windows', 'prev_value': None, 'change': True}
2026-03-17 21:52:17,762 : INFO : EventManager : Event: ======'machine_var_platform_release'====== Args={'value': '10', 'prev_value': None, 'change': True}
2026-03-17 21:52:17,763 : INFO : EventManager : Event: ======'machine_var_platform_version'====== Args={'value': '10.0.19044', 'prev_value': None, 'change': True}
2026-03-17 21:52:17,763 : INFO : EventManager : Event: ======'machine_var_platform_machine'====== Args={'value': 'AMD64', 'prev_value': None, 'change': True}
2026-03-17 21:52:17,763 : INFO : EventManager : Event: ======'machine_var_log_file_path'====== Args={'value': 'C:\\Users\\tl\\Documents\\tl-pinball\\logs\\2026-03-17-21-52-16-mpf-DESKTOP-HV85DRD.log', 'prev_value': None, 'change': True}
2026-03-17 21:52:17,763 : INFO : EventManager : Event: ======'init_phase_1'====== Args={}
2026-03-17 21:52:17,802 : INFO : EventManager : Event: ======'drop_target_bank_dt_bank_1_4_up'====== Args={}
2026-03-17 21:52:17,803 : INFO : EventManager : Event: ======'drop_target_bank_dt_bank_5_7_up'====== Args={}
2026-03-17 21:52:17,806 : INFO : EventManager : Event: ======'init_phase_2'====== Args={}
2026-03-17 21:52:17,818 : INFO : EventManager : Event: ======'machine_var_score1_label'====== Args={'value': 'GRAND CHAMPION', 'prev_value': None, 'change': True}
2026-03-17 21:52:17,819 : INFO : EventManager : Event: ======'machine_var_score1_name'====== Args={'value': 'BWC', 'prev_value': None, 'change': True}
2026-03-17 21:52:17,819 : INFO : EventManager : Event: ======'machine_var_score1_value'====== Args={'value': 50000000, 'prev_value': None, 'change': True}
2026-03-17 21:52:17,819 : INFO : EventManager : Event: ======'machine_var_score2_label'====== Args={'value': 'HIGH SCORE 1', 'prev_value': None, 'change': True}
2026-03-17 21:52:17,819 : INFO : EventManager : Event: ======'machine_var_score2_name'====== Args={'value': 'APC', 'prev_value': None, 'change': True}
2026-03-17 21:52:17,819 : INFO : EventManager : Event: ======'machine_var_score2_value'====== Args={'value': 25000000, 'prev_value': None, 'change': True}
2026-03-17 21:52:17,819 : INFO : EventManager : Event: ======'machine_var_score3_label'====== Args={'value': 'HIGH SCORE 2', 'prev_value': None, 'change': True}
2026-03-17 21:52:17,819 : INFO : EventManager : Event: ======'machine_var_score3_name'====== Args={'value': 'CLC', 'prev_value': None, 'change': True}
2026-03-17 21:52:17,819 : INFO : EventManager : Event: ======'machine_var_score3_value'====== Args={'value': 10000000, 'prev_value': None, 'change': True}
2026-03-17 21:52:17,819 : INFO : EventManager : Event: ======'machine_var_score4_label'====== Args={'value': 'HIGH SCORE 3', 'prev_value': None, 'change': True}
2026-03-17 21:52:17,819 : INFO : EventManager : Event: ======'machine_var_score4_name'====== Args={'value': 'BRI', 'prev_value': None, 'change': True}
2026-03-17 21:52:17,819 : INFO : EventManager : Event: ======'machine_var_score4_value'====== Args={'value': 7016554, 'prev_value': None, 'change': True}
2026-03-17 21:52:17,819 : INFO : EventManager : Event: ======'machine_var_score5_label'====== Args={'value': 'HIGH SCORE 4', 'prev_value': None, 'change': True}
2026-03-17 21:52:17,820 : INFO : EventManager : Event: ======'machine_var_score5_name'====== Args={'value': 'WFC', 'prev_value': None, 'change': True}
2026-03-17 21:52:17,820 : INFO : EventManager : Event: ======'machine_var_score5_value'====== Args={'value': 5000000, 'prev_value': None, 'change': True}
2026-03-17 21:52:17,820 : INFO : EventManager : Event: ======'bcp_connection_attempt'====== Args={'name': 'local_display', 'host': 'localhost', 'port': 5050}
2026-03-17 21:52:17,822 : INFO : BCPClientSocket : Connecting BCP to 'local_display' at localhost:5050...
2026-03-17 21:52:17,895 : INFO : BCPClientSocket : Connected BCP to 'local_display' localhost:5050
2026-03-17 21:52:17,895 : INFO : EventManager : Event: ======'bcp_clients_connected'====== Args={}
2026-03-17 21:52:18,038 : INFO : ball_device.bd_plunger : BCH: Initial count: 0
2026-03-17 21:52:18,038 : INFO : ball_device.bd_plunger : State: idle
2026-03-17 21:52:18,038 : INFO : ball_device.bd_trough : BCH: Initial count: 0
2026-03-17 21:52:18,038 : INFO : ball_device.bd_trough : State: idle
2026-03-17 21:52:18,039 : INFO : ball_device.bd_left_vuk : BCH: Initial count: 0
2026-03-17 21:52:18,039 : INFO : ball_device.bd_left_vuk : State: idle
2026-03-17 21:52:18,039 : INFO : ball_device.bd_right_vuk : BCH: Initial count: 0
2026-03-17 21:52:18,040 : INFO : ball_device.bd_right_vuk : State: idle
2026-03-17 21:52:18,057 : INFO : EventManager : Event: ======'init_phase_3'====== Args={}
2026-03-17 21:52:18,059 : INFO : EventManager : Event: ======'init_phase_4'====== Args={}
2026-03-17 21:52:18,059 : INFO : BallController : Initial balls found: 0
2026-03-17 21:52:18,060 : INFO : EventManager : Event: ======'machine_var_audits_events_game_ended'====== Args={'value': 40, 'prev_value': None, 'change': True}
2026-03-17 21:52:18,060 : INFO : EventManager : Event: ======'machine_var_audits_events_game_started'====== Args={'value': 150, 'prev_value': None, 'change': True}
2026-03-17 21:52:18,060 : INFO : EventManager : Event: ======'machine_var_audits_missing_switches_s_00_service_esc'====== Args={'value': 14, 'prev_value': None, 'change': True}
2026-03-17 21:52:18,060 : INFO : EventManager : Event: ======'machine_var_audits_missing_switches_s_01_service_up'====== Args={'value': 104, 'prev_value': None, 'change': True}
2026-03-17 21:52:18,060 : INFO : EventManager : Event: ======'machine_var_audits_missing_switches_s_02_service_down'====== Args={'value': 104, 'prev_value': None, 'change': True}
2026-03-17 21:52:18,061 : INFO : EventManager : Event: ======'machine_var_audits_missing_switches_s_03_service_enter'====== Args={'value': 14, 'prev_value': None, 'change': True}
2026-03-17 21:52:18,061 : INFO : EventManager : Event: ======'machine_var_audits_missing_switches_s_0_service_esc'====== Args={'value': 46, 'prev_value': None, 'change': True}
2026-03-17 21:52:18,061 : INFO : EventManager : Event: ======'machine_var_audits_missing_switches_s_12_tilt_bob'====== Args={'value': 3, 'prev_value': None, 'change': True}
2026-03-17 21:52:18,061 : INFO : EventManager : Event: ======'machine_var_audits_missing_switches_s_13_coin_door'====== Args={'value': 3, 'prev_value': None, 'change': True}
2026-03-17 21:52:18,061 : INFO : EventManager : Event: ======'machine_var_audits_missing_switches_s_17_right_flipper_upper'====== Args={'value': 87, 'prev_value': None, 'change': True}
2026-03-17 21:52:18,061 : INFO : EventManager : Event: ======'machine_var_audits_missing_switches_s_19_cab_arrow_left'====== Args={'value': 3, 'prev_value': None, 'change': True}
2026-03-17 21:52:18,061 : INFO : EventManager : Event: ======'machine_var_audits_missing_switches_s_1_service_up'====== Args={'value': 46, 'prev_value': None, 'change': True}
2026-03-17 21:52:18,061 : INFO : EventManager : Event: ======'machine_var_audits_missing_switches_s_20_cab_arrow_right'====== Args={'value': 3, 'prev_value': None, 'change': True}
2026-03-17 21:52:18,061 : INFO : EventManager : Event: ======'machine_var_audits_missing_switches_s_25_trough_2'====== Args={'value': 14, 'prev_value': None, 'change': True}
2026-03-17 21:52:18,061 : INFO : EventManager : Event: ======'machine_var_audits_missing_switches_s_25_trough_jam'====== Args={'value': 2, 'prev_value': None, 'change': True}
2026-03-17 21:52:18,061 : INFO : EventManager : Event: ======'machine_var_audits_missing_switches_s_26_trough_1'====== Args={'value': 1, 'prev_value': None, 'change': True}
2026-03-17 21:52:18,062 : INFO : EventManager : Event: ======'machine_var_audits_missing_switches_s_26_trough_3'====== Args={'value': 14, 'prev_value': None, 'change': True}
2026-03-17 21:52:18,062 : INFO : EventManager : Event: ======'machine_var_audits_missing_switches_s_27_trough_4'====== Args={'value': 85, 'prev_value': None, 'change': True}
2026-03-17 21:52:18,062 : INFO : EventManager : Event: ======'machine_var_audits_missing_switches_s_28_trough_3'====== Args={'value': 1, 'prev_value': None, 'change': True}
2026-03-17 21:52:18,062 : INFO : EventManager : Event: ======'machine_var_audits_missing_switches_s_28_trough_5'====== Args={'value': 85, 'prev_value': None, 'change': True}
2026-03-17 21:52:18,062 : INFO : EventManager : Event: ======'machine_var_audits_missing_switches_s_29_trough_4'====== Args={'value': 1, 'prev_value': None, 'change': True}
2026-03-17 21:52:18,062 : INFO : EventManager : Event: ======'machine_var_audits_missing_switches_s_29_trough_6'====== Args={'value': 81, 'prev_value': None, 'change': True}
2026-03-17 21:52:18,062 : INFO : EventManager : Event: ======'machine_var_audits_missing_switches_s_2_service_down'====== Args={'value': 46, 'prev_value': None, 'change': True}
2026-03-17 21:52:18,062 : INFO : EventManager : Event: ======'machine_var_audits_missing_switches_s_30_trough_jam'====== Args={'value': 51, 'prev_value': None, 'change': True}
2026-03-17 21:52:18,062 : INFO : EventManager : Event: ======'machine_var_audits_missing_switches_s_32_right_inlane'====== Args={'value': 17, 'prev_value': None, 'change': True}
2026-03-17 21:52:18,062 : INFO : EventManager : Event: ======'machine_var_audits_missing_switches_s_33_right_outlane'====== Args={'value': 112, 'prev_value': None, 'change': True}
2026-03-17 21:52:18,062 : INFO : EventManager : Event: ======'machine_var_audits_missing_switches_s_34_right_sling'====== Args={'value': 3, 'prev_value': None, 'change': True}
2026-03-17 21:52:18,062 : INFO : EventManager : Event: ======'machine_var_audits_missing_switches_s_35_left_inlane'====== Args={'value': 92, 'prev_value': None, 'change': True}
2026-03-17 21:52:18,063 : INFO : EventManager : Event: ======'machine_var_audits_missing_switches_s_36_left_outlane'====== Args={'value': 88, 'prev_value': None, 'change': True}
2026-03-17 21:52:18,063 : INFO : EventManager : Event: ======'machine_var_audits_missing_switches_s_37_left_sling'====== Args={'value': 16, 'prev_value': None, 'change': True}
2026-03-17 21:52:18,063 : INFO : EventManager : Event: ======'machine_var_audits_missing_switches_s_38_star_rollover_bottom'====== Args={'value': 42, 'prev_value': None, 'change': True}
2026-03-17 21:52:18,063 : INFO : EventManager : Event: ======'machine_var_audits_missing_switches_s_38_top_lane_a'====== Args={'value': 3, 'prev_value': None, 'change': True}
2026-03-17 21:52:18,063 : INFO : EventManager : Event: ======'machine_var_audits_missing_switches_s_39_star_rollover_top'====== Args={'value': 24, 'prev_value': None, 'change': True}
2026-03-17 21:52:18,063 : INFO : EventManager : Event: ======'machine_var_audits_missing_switches_s_39_top_lane_b'====== Args={'value': 3, 'prev_value': None, 'change': True}
2026-03-17 21:52:18,063 : INFO : EventManager : Event: ======'machine_var_audits_missing_switches_s_3_service_enter'====== Args={'value': 46, 'prev_value': None, 'change': True}
2026-03-17 21:52:18,063 : INFO : EventManager : Event: ======'machine_var_audits_missing_switches_s_40_stand_up_target_5'====== Args={'value': 13, 'prev_value': None, 'change': True}
2026-03-17 21:52:18,063 : INFO : EventManager : Event: ======'machine_var_audits_missing_switches_s_40_top_lane_c'====== Args={'value': 3, 'prev_value': None, 'change': True}
2026-03-17 21:52:18,063 : INFO : EventManager : Event: ======'machine_var_audits_missing_switches_s_41_pop_bumper_1'====== Args={'value': 2, 'prev_value': None, 'change': True}
2026-03-17 21:52:18,064 : INFO : EventManager : Event: ======'machine_var_audits_missing_switches_s_41_stand_up_target_6'====== Args={'value': 34, 'prev_value': None, 'change': True}
2026-03-17 21:52:18,064 : INFO : EventManager : Event: ======'machine_var_audits_missing_switches_s_42_pop_bumper_2'====== Args={'value': 3, 'prev_value': None, 'change': True}
2026-03-17 21:52:18,064 : INFO : EventManager : Event: ======'machine_var_audits_missing_switches_s_43_stand_up_target_4'====== Args={'value': 24, 'prev_value': None, 'change': True}
2026-03-17 21:52:18,064 : INFO : EventManager : Event: ======'machine_var_audits_missing_switches_s_44_spinner_left'====== Args={'value': 1, 'prev_value': None, 'change': True}
2026-03-17 21:52:18,064 : INFO : EventManager : Event: ======'machine_var_audits_missing_switches_s_45_spinner_right'====== Args={'value': 3, 'prev_value': None, 'change': True}
2026-03-17 21:52:18,064 : INFO : EventManager : Event: ======'machine_var_audits_missing_switches_s_45_varitarget_poisition_1'====== Args={'value': 3, 'prev_value': None, 'change': True}
2026-03-17 21:52:18,064 : INFO : EventManager : Event: ======'machine_var_audits_missing_switches_s_46_varitarget_poisition_2'====== Args={'value': 3, 'prev_value': None, 'change': True}
2026-03-17 21:52:18,064 : INFO : EventManager : Event: ======'machine_var_audits_missing_switches_s_47_varitarget_poisition_3'====== Args={'value': 3, 'prev_value': None, 'change': True}
2026-03-17 21:52:18,064 : INFO : EventManager : Event: ======'machine_var_audits_missing_switches_s_48_varitarget_poisition_4'====== Args={'value': 3, 'prev_value': None, 'change': True}
2026-03-17 21:52:18,064 : INFO : EventManager : Event: ======'machine_var_audits_missing_switches_s_49_varitarget_poisition_5'====== Args={'value': 3, 'prev_value': None, 'change': True}
2026-03-17 21:52:18,064 : INFO : EventManager : Event: ======'machine_var_audits_missing_switches_s_50_saucer_left'====== Args={'value': 3, 'prev_value': None, 'change': True}
2026-03-17 21:52:18,064 : INFO : EventManager : Event: ======'machine_var_audits_missing_switches_s_51_saucer_right'====== Args={'value': 2, 'prev_value': None, 'change': True}
2026-03-17 21:52:18,065 : INFO : EventManager : Event: ======'machine_var_audits_missing_switches_s_52_star_rollover_top'====== Args={'value': 3, 'prev_value': None, 'change': True}
2026-03-17 21:52:18,065 : INFO : EventManager : Event: ======'machine_var_audits_missing_switches_s_53_star_rollover_bottom'====== Args={'value': 3, 'prev_value': None, 'change': True}
2026-03-17 21:52:18,065 : INFO : EventManager : Event: ======'machine_var_audits_missing_switches_s_54_single_drop_1'====== Args={'value': 3, 'prev_value': None, 'change': True}
2026-03-17 21:52:18,065 : INFO : EventManager : Event: ======'machine_var_audits_missing_switches_s_55_fourbank_drop_1'====== Args={'value': 3, 'prev_value': None, 'change': True}
2026-03-17 21:52:18,065 : INFO : EventManager : Event: ======'machine_var_audits_missing_switches_s_56_fourbank_drop_2'====== Args={'value': 3, 'prev_value': None, 'change': True}
2026-03-17 21:52:18,065 : INFO : EventManager : Event: ======'machine_var_audits_missing_switches_s_56_pop_bumper_right'====== Args={'value': 1, 'prev_value': None, 'change': True}
2026-03-17 21:52:18,065 : INFO : EventManager : Event: ======'machine_var_audits_missing_switches_s_57_fourbank_drop_3'====== Args={'value': 2, 'prev_value': None, 'change': True}
2026-03-17 21:52:18,065 : INFO : EventManager : Event: ======'machine_var_audits_missing_switches_s_57_pop_bumper_center'====== Args={'value': 1, 'prev_value': None, 'change': True}
2026-03-17 21:52:18,065 : INFO : EventManager : Event: ======'machine_var_audits_missing_switches_s_58_fourbank_drop_4'====== Args={'value': 2, 'prev_value': None, 'change': True}
2026-03-17 21:52:18,065 : INFO : EventManager : Event: ======'machine_var_audits_missing_switches_s_58_pop_bumper_left'====== Args={'value': 1, 'prev_value': None, 'change': True}
2026-03-17 21:52:18,065 : INFO : EventManager : Event: ======'machine_var_audits_missing_switches_s_59_saucer_right'====== Args={'value': 40, 'prev_value': None, 'change': True}
2026-03-17 21:52:18,066 : INFO : EventManager : Event: ======'machine_var_audits_missing_switches_s_59_threebank_drop_1'====== Args={'value': 2, 'prev_value': None, 'change': True}
2026-03-17 21:52:18,066 : INFO : EventManager : Event: ======'machine_var_audits_missing_switches_s_60_threebank_drop_2'====== Args={'value': 2, 'prev_value': None, 'change': True}
2026-03-17 21:52:18,066 : INFO : EventManager : Event: ======'machine_var_audits_missing_switches_s_61_threebank_drop_3'====== Args={'value': 3, 'prev_value': None, 'change': True}
2026-03-17 21:52:18,066 : INFO : EventManager : Event: ======'machine_var_audits_missing_switches_s_62_stand_up_target_1'====== Args={'value': 3, 'prev_value': None, 'change': True}
2026-03-17 21:52:18,066 : INFO : EventManager : Event: ======'machine_var_audits_missing_switches_s_63_stand_up_target_2'====== Args={'value': 2, 'prev_value': None, 'change': True}
2026-03-17 21:52:18,066 : INFO : EventManager : Event: ======'machine_var_audits_missing_switches_s_63_stand_up_target_3'====== Args={'value': 26, 'prev_value': None, 'change': True}
2026-03-17 21:52:18,066 : INFO : EventManager : Event: ======'machine_var_audits_missing_switches_s_64_stand_up_target_3'====== Args={'value': 2, 'prev_value': None, 'change': True}
2026-03-17 21:52:18,066 : INFO : EventManager : Event: ======'machine_var_audits_missing_switches_s_64_varitarget_poisition_1'====== Args={'value': 18, 'prev_value': None, 'change': True}
2026-03-17 21:52:18,066 : INFO : EventManager : Event: ======'machine_var_audits_missing_switches_s_64_varitarget_position_1'====== Args={'value': 44, 'prev_value': None, 'change': True}
2026-03-17 21:52:18,066 : INFO : EventManager : Event: ======'machine_var_audits_missing_switches_s_65_stand_up_target_4'====== Args={'value': 3, 'prev_value': None, 'change': True}
2026-03-17 21:52:18,066 : INFO : EventManager : Event: ======'machine_var_audits_missing_switches_s_65_varitarget_poisition_2'====== Args={'value': 18, 'prev_value': None, 'change': True}
2026-03-17 21:52:18,066 : INFO : EventManager : Event: ======'machine_var_audits_missing_switches_s_65_varitarget_position_2'====== Args={'value': 62, 'prev_value': None, 'change': True}
2026-03-17 21:52:18,067 : INFO : EventManager : Event: ======'machine_var_audits_missing_switches_s_66_stand_up_target_5'====== Args={'value': 3, 'prev_value': None, 'change': True}
2026-03-17 21:52:18,067 : INFO : EventManager : Event: ======'machine_var_audits_missing_switches_s_66_varitarget_poisition_3'====== Args={'value': 18, 'prev_value': None, 'change': True}
2026-03-17 21:52:18,067 : INFO : EventManager : Event: ======'machine_var_audits_missing_switches_s_66_varitarget_position_3'====== Args={'value': 46, 'prev_value': None, 'change': True}
2026-03-17 21:52:18,067 : INFO : EventManager : Event: ======'machine_var_audits_missing_switches_s_67_stand_up_target_6'====== Args={'value': 3, 'prev_value': None, 'change': True}
2026-03-17 21:52:18,067 : INFO : EventManager : Event: ======'machine_var_audits_missing_switches_s_67_varitarget_poisition_4'====== Args={'value': 22, 'prev_value': None, 'change': True}
2026-03-17 21:52:18,067 : INFO : EventManager : Event: ======'machine_var_audits_missing_switches_s_67_varitarget_position_4'====== Args={'value': 26, 'prev_value': None, 'change': True}
2026-03-17 21:52:18,067 : INFO : EventManager : Event: ======'machine_var_audits_missing_switches_s_68_stand_up_target_7'====== Args={'value': 2, 'prev_value': None, 'change': True}
2026-03-17 21:52:18,067 : INFO : EventManager : Event: ======'machine_var_audits_missing_switches_s_68_varitarget_poisition_5'====== Args={'value': 62, 'prev_value': None, 'change': True}
2026-03-17 21:52:18,068 : INFO : EventManager : Event: ======'machine_var_audits_missing_switches_s_68_varitarget_position_5'====== Args={'value': 26, 'prev_value': None, 'change': True}
2026-03-17 21:52:18,068 : INFO : EventManager : Event: ======'machine_var_audits_missing_switches_s_69_stand_up_target_8'====== Args={'value': 1, 'prev_value': None, 'change': True}
2026-03-17 21:52:18,068 : INFO : EventManager : Event: ======'machine_var_audits_missing_switches_s_69_varitarget_poisition_6'====== Args={'value': 62, 'prev_value': None, 'change': True}
2026-03-17 21:52:18,068 : INFO : EventManager : Event: ======'machine_var_audits_missing_switches_s_69_varitarget_position_6'====== Args={'value': 45, 'prev_value': None, 'change': True}
2026-03-17 21:52:18,068 : INFO : EventManager : Event: ======'machine_var_audits_missing_switches_s_70_stand_up_target_9'====== Args={'value': 3, 'prev_value': None, 'change': True}
2026-03-17 21:52:18,068 : INFO : EventManager : Event: ======'machine_var_audits_missing_switches_s_70_varitarget_poisition_7'====== Args={'value': 45, 'prev_value': None, 'change': True}
2026-03-17 21:52:18,068 : INFO : EventManager : Event: ======'machine_var_audits_missing_switches_s_70_varitarget_position_7'====== Args={'value': 26, 'prev_value': None, 'change': True}
2026-03-17 21:52:18,068 : INFO : EventManager : Event: ======'machine_var_audits_missing_switches_s_71_spinner_left'====== Args={'value': 26, 'prev_value': None, 'change': True}
2026-03-17 21:52:18,068 : INFO : EventManager : Event: ======'machine_var_audits_missing_switches_s_71_stand_up_target_10'====== Args={'value': 3, 'prev_value': None, 'change': True}
2026-03-17 21:52:18,068 : INFO : EventManager : Event: ======'machine_var_audits_missing_switches_s_72_single_drop_1'====== Args={'value': 35, 'prev_value': None, 'change': True}
2026-03-17 21:52:18,068 : INFO : EventManager : Event: ======'machine_var_audits_missing_switches_s_72_stand_up_target_11'====== Args={'value': 3, 'prev_value': None, 'change': True}
2026-03-17 21:52:18,068 : INFO : EventManager : Event: ======'machine_var_audits_missing_switches_s_73_fourbank_drop_1'====== Args={'value': 44, 'prev_value': None, 'change': True}
2026-03-17 21:52:18,068 : INFO : EventManager : Event: ======'machine_var_audits_missing_switches_s_74_fourbank_drop_2'====== Args={'value': 44, 'prev_value': None, 'change': True}
2026-03-17 21:52:18,068 : INFO : EventManager : Event: ======'machine_var_audits_missing_switches_s_75_fourbank_drop_3'====== Args={'value': 44, 'prev_value': None, 'change': True}
2026-03-17 21:52:18,068 : INFO : EventManager : Event: ======'machine_var_audits_missing_switches_s_76_fourbank_drop_4'====== Args={'value': 44, 'prev_value': None, 'change': True}
2026-03-17 21:52:18,068 : INFO : EventManager : Event: ======'machine_var_audits_missing_switches_s_77_threebank_drop_1'====== Args={'value': 44, 'prev_value': None, 'change': True}
2026-03-17 21:52:18,068 : INFO : EventManager : Event: ======'machine_var_audits_missing_switches_s_78_threebank_drop_2'====== Args={'value': 17, 'prev_value': None, 'change': True}
2026-03-17 21:52:18,068 : INFO : EventManager : Event: ======'machine_var_audits_missing_switches_s_79_threebank_drop_3'====== Args={'value': 16, 'prev_value': None, 'change': True}
2026-03-17 21:52:18,068 : INFO : EventManager : Event: ======'machine_var_audits_missing_switches_s_80_stand_up_target_2'====== Args={'value': 42, 'prev_value': None, 'change': True}
2026-03-17 21:52:18,068 : INFO : EventManager : Event: ======'machine_var_audits_missing_switches_s_81_saucer_left'====== Args={'value': 40, 'prev_value': None, 'change': True}
2026-03-17 21:52:18,069 : INFO : EventManager : Event: ======'machine_var_audits_missing_switches_s_82_stand_up_target_bank_1'====== Args={'value': 44, 'prev_value': None, 'change': True}
2026-03-17 21:52:18,069 : INFO : EventManager : Event: ======'machine_var_audits_missing_switches_s_83_stand_up_target_bank_2'====== Args={'value': 35, 'prev_value': None, 'change': True}
2026-03-17 21:52:18,069 : INFO : EventManager : Event: ======'machine_var_audits_missing_switches_s_84_stand_up_target_bank_3'====== Args={'value': 44, 'prev_value': None, 'change': True}
2026-03-17 21:52:18,069 : INFO : EventManager : Event: ======'machine_var_audits_missing_switches_s_85_stand_up_target_bank_4'====== Args={'value': 44, 'prev_value': None, 'change': True}
2026-03-17 21:52:18,069 : INFO : EventManager : Event: ======'machine_var_audits_missing_switches_s_86_stand_up_target_bank_5'====== Args={'value': 44, 'prev_value': None, 'change': True}
2026-03-17 21:52:18,069 : INFO : EventManager : Event: ======'machine_var_audits_missing_switches_s_87_stand_up_target_bank_6'====== Args={'value': 44, 'prev_value': None, 'change': True}
2026-03-17 21:52:18,069 : INFO : EventManager : Event: ======'machine_var_audits_missing_switches_s_8_left_flipper'====== Args={'value': 19, 'prev_value': None, 'change': True}
2026-03-17 21:52:18,069 : INFO : EventManager : Event: ======'machine_var_audits_player_score'====== Args={'value': {'average': 1994840, 'top': [15147626, 7016554, 4600378, 4501428, 4501176, 4501134, 4304452, 3500966, 3445710, 2875000], 'total': 41}, 'prev_value': None, 'change': True}
2026-03-17 21:52:18,069 : INFO : EventManager : Event: ======'machine_var_audits_shots_varitarget_p1'====== Args={'value': 13, 'prev_value': None, 'change': True}
2026-03-17 21:52:18,069 : INFO : EventManager : Event: ======'machine_var_audits_shots_varitarget_p3'====== Args={'value': 1, 'prev_value': None, 'change': True}
2026-03-17 21:52:18,070 : INFO : EventManager : Event: ======'machine_var_audits_shots_varitarget_p4'====== Args={'value': 4, 'prev_value': None, 'change': True}
2026-03-17 21:52:18,070 : INFO : EventManager : Event: ======'machine_var_audits_shots_varitarget_p5'====== Args={'value': 5, 'prev_value': None, 'change': True}
2026-03-17 21:52:18,070 : INFO : EventManager : Event: ======'machine_var_audits_shots_varitarget_p6'====== Args={'value': 2, 'prev_value': None, 'change': True}
2026-03-17 21:52:18,070 : INFO : EventManager : Event: ======'machine_var_audits_shots_varitarget_p7'====== Args={'value': 7, 'prev_value': None, 'change': True}
2026-03-17 21:52:18,070 : INFO : EventManager : Event: ======'machine_var_audits_switches_s_00_service_esc'====== Args={'value': 14, 'prev_value': None, 'change': True}
2026-03-17 21:52:18,070 : INFO : EventManager : Event: ======'machine_var_audits_switches_s_01_service_up'====== Args={'value': 0, 'prev_value': None, 'change': True}
2026-03-17 21:52:18,070 : INFO : EventManager : Event: ======'machine_var_audits_switches_s_02_service_down'====== Args={'value': 0, 'prev_value': None, 'change': True}
2026-03-17 21:52:18,070 : INFO : EventManager : Event: ======'machine_var_audits_switches_s_03_service_enter'====== Args={'value': 12, 'prev_value': None, 'change': True}
2026-03-17 21:52:18,070 : INFO : EventManager : Event: ======'machine_var_audits_switches_s_08_left_flipper'====== Args={'value': 92, 'prev_value': None, 'change': True}
2026-03-17 21:52:18,070 : INFO : EventManager : Event: ======'machine_var_audits_switches_s_0_service_esc'====== Args={'value': 0, 'prev_value': None, 'change': True}
2026-03-17 21:52:18,070 : INFO : EventManager : Event: ======'machine_var_audits_switches_s_11_start_button'====== Args={'value': 80, 'prev_value': None, 'change': True}
2026-03-17 21:52:18,071 : INFO : EventManager : Event: ======'machine_var_audits_switches_s_12_tilt_bob'====== Args={'value': 0, 'prev_value': None, 'change': True}
2026-03-17 21:52:18,071 : INFO : EventManager : Event: ======'machine_var_audits_switches_s_13_coin_door'====== Args={'value': 0, 'prev_value': None, 'change': True}
2026-03-17 21:52:18,071 : INFO : EventManager : Event: ======'machine_var_audits_switches_s_16_right_flipper'====== Args={'value': 860, 'prev_value': None, 'change': True}
2026-03-17 21:52:18,071 : INFO : EventManager : Event: ======'machine_var_audits_switches_s_17_right_flipper_upper'====== Args={'value': 538, 'prev_value': None, 'change': True}
2026-03-17 21:52:18,071 : INFO : EventManager : Event: ======'machine_var_audits_switches_s_19_cab_arrow_left'====== Args={'value': 0, 'prev_value': None, 'change': True}
2026-03-17 21:52:18,071 : INFO : EventManager : Event: ======'machine_var_audits_switches_s_1_service_up'====== Args={'value': 0, 'prev_value': None, 'change': True}
2026-03-17 21:52:18,071 : INFO : EventManager : Event: ======'machine_var_audits_switches_s_20_cab_arrow_right'====== Args={'value': 0, 'prev_value': None, 'change': True}
2026-03-17 21:52:18,071 : INFO : EventManager : Event: ======'machine_var_audits_switches_s_24_plunger_lane'====== Args={'value': 19, 'prev_value': None, 'change': True}
2026-03-17 21:52:18,071 : INFO : EventManager : Event: ======'machine_var_audits_switches_s_24_trough_1'====== Args={'value': 152, 'prev_value': None, 'change': True}
2026-03-17 21:52:18,071 : INFO : EventManager : Event: ======'machine_var_audits_switches_s_25_trough_2'====== Args={'value': 68, 'prev_value': None, 'change': True}
2026-03-17 21:52:18,072 : INFO : EventManager : Event: ======'machine_var_audits_switches_s_25_trough_jam'====== Args={'value': 3, 'prev_value': None, 'change': True}
2026-03-17 21:52:18,072 : INFO : EventManager : Event: ======'machine_var_audits_switches_s_26_trough_1'====== Args={'value': 21, 'prev_value': None, 'change': True}
2026-03-17 21:52:18,072 : INFO : EventManager : Event: ======'machine_var_audits_switches_s_26_trough_3'====== Args={'value': 56, 'prev_value': None, 'change': True}
2026-03-17 21:52:18,072 : INFO : EventManager : Event: ======'machine_var_audits_switches_s_27_trough_2'====== Args={'value': 19, 'prev_value': None, 'change': True}
2026-03-17 21:52:18,072 : INFO : EventManager : Event: ======'machine_var_audits_switches_s_27_trough_4'====== Args={'value': 45, 'prev_value': None, 'change': True}
2026-03-17 21:52:18,072 : INFO : EventManager : Event: ======'machine_var_audits_switches_s_28_trough_3'====== Args={'value': 2, 'prev_value': None, 'change': True}
2026-03-17 21:52:18,072 : INFO : EventManager : Event: ======'machine_var_audits_switches_s_28_trough_5'====== Args={'value': 48, 'prev_value': None, 'change': True}
2026-03-17 21:52:18,072 : INFO : EventManager : Event: ======'machine_var_audits_switches_s_29_trough_4'====== Args={'value': 2, 'prev_value': None, 'change': True}
2026-03-17 21:52:18,073 : INFO : EventManager : Event: ======'machine_var_audits_switches_s_29_trough_6'====== Args={'value': 73, 'prev_value': None, 'change': True}
2026-03-17 21:52:18,073 : INFO : EventManager : Event: ======'machine_var_audits_switches_s_2_service_down'====== Args={'value': 0, 'prev_value': None, 'change': True}
2026-03-17 21:52:18,073 : INFO : EventManager : Event: ======'machine_var_audits_switches_s_30_trough_jam'====== Args={'value': 102, 'prev_value': None, 'change': True}
2026-03-17 21:52:18,073 : INFO : EventManager : Event: ======'machine_var_audits_switches_s_31_plunger_lane'====== Args={'value': 255, 'prev_value': None, 'change': True}
2026-03-17 21:52:18,073 : INFO : EventManager : Event: ======'machine_var_audits_switches_s_32_right_inlane'====== Args={'value': 122, 'prev_value': None, 'change': True}
2026-03-17 21:52:18,073 : INFO : EventManager : Event: ======'machine_var_audits_switches_s_33_right_outlane'====== Args={'value': 1, 'prev_value': None, 'change': True}
2026-03-17 21:52:18,073 : INFO : EventManager : Event: ======'machine_var_audits_switches_s_34_right_sling'====== Args={'value': 1000, 'prev_value': None, 'change': True}
2026-03-17 21:52:18,073 : INFO : EventManager : Event: ======'machine_var_audits_switches_s_35_left_inlane'====== Args={'value': 46, 'prev_value': None, 'change': True}
2026-03-17 21:52:18,074 : INFO : EventManager : Event: ======'machine_var_audits_switches_s_36_left_outlane'====== Args={'value': 269, 'prev_value': None, 'change': True}
2026-03-17 21:52:18,074 : INFO : EventManager : Event: ======'machine_var_audits_switches_s_37_left_sling'====== Args={'value': 190, 'prev_value': None, 'change': True}
2026-03-17 21:52:18,074 : INFO : EventManager : Event: ======'machine_var_audits_switches_s_38_star_rollover_bottom'====== Args={'value': 13, 'prev_value': None, 'change': True}
2026-03-17 21:52:18,074 : INFO : EventManager : Event: ======'machine_var_audits_switches_s_38_top_lane_a'====== Args={'value': 0, 'prev_value': None, 'change': True}
2026-03-17 21:52:18,074 : INFO : EventManager : Event: ======'machine_var_audits_switches_s_39_star_rollover_top'====== Args={'value': 48, 'prev_value': None, 'change': True}
2026-03-17 21:52:18,074 : INFO : EventManager : Event: ======'machine_var_audits_switches_s_39_top_lane_b'====== Args={'value': 0, 'prev_value': None, 'change': True}
2026-03-17 21:52:18,074 : INFO : EventManager : Event: ======'machine_var_audits_switches_s_3_service_enter'====== Args={'value': 0, 'prev_value': None, 'change': True}
2026-03-17 21:52:18,074 : INFO : EventManager : Event: ======'machine_var_audits_switches_s_40_stand_up_target_5'====== Args={'value': 65, 'prev_value': None, 'change': True}
2026-03-17 21:52:18,074 : INFO : EventManager : Event: ======'machine_var_audits_switches_s_40_stand_up_target_7'====== Args={'value': 26, 'prev_value': None, 'change': True}
2026-03-17 21:52:18,074 : INFO : EventManager : Event: ======'machine_var_audits_switches_s_40_top_lane_c'====== Args={'value': 0, 'prev_value': None, 'change': True}
2026-03-17 21:52:18,075 : INFO : EventManager : Event: ======'machine_var_audits_switches_s_41_pop_bumper_1'====== Args={'value': 1, 'prev_value': None, 'change': True}
2026-03-17 21:52:18,075 : INFO : EventManager : Event: ======'machine_var_audits_switches_s_41_stand_up_target_6'====== Args={'value': 19, 'prev_value': None, 'change': True}
2026-03-17 21:52:18,075 : INFO : EventManager : Event: ======'machine_var_audits_switches_s_41_stand_up_target_8'====== Args={'value': 32, 'prev_value': None, 'change': True}
2026-03-17 21:52:18,075 : INFO : EventManager : Event: ======'machine_var_audits_switches_s_42_pop_bumper_2'====== Args={'value': 0, 'prev_value': None, 'change': True}
2026-03-17 21:52:18,075 : INFO : EventManager : Event: ======'machine_var_audits_switches_s_42_stand_up_target_1'====== Args={'value': 66, 'prev_value': None, 'change': True}
2026-03-17 21:52:18,075 : INFO : EventManager : Event: ======'machine_var_audits_switches_s_42_stand_up_target_9'====== Args={'value': 69, 'prev_value': None, 'change': True}
2026-03-17 21:52:18,075 : INFO : EventManager : Event: ======'machine_var_audits_switches_s_43_pop_bumper_3'====== Args={'value': 16, 'prev_value': None, 'change': True}
2026-03-17 21:52:18,075 : INFO : EventManager : Event: ======'machine_var_audits_switches_s_43_stand_up_target_10'====== Args={'value': 40, 'prev_value': None, 'change': True}
2026-03-17 21:52:18,075 : INFO : EventManager : Event: ======'machine_var_audits_switches_s_43_stand_up_target_4'====== Args={'value': 56, 'prev_value': None, 'change': True}
2026-03-17 21:52:18,076 : INFO : EventManager : Event: ======'machine_var_audits_switches_s_44_spinner_left'====== Args={'value': 8, 'prev_value': None, 'change': True}
2026-03-17 21:52:18,076 : INFO : EventManager : Event: ======'machine_var_audits_switches_s_44_spinner_right'====== Args={'value': 1010, 'prev_value': None, 'change': True}
2026-03-17 21:52:18,076 : INFO : EventManager : Event: ======'machine_var_audits_switches_s_45_spinner_right'====== Args={'value': 0, 'prev_value': None, 'change': True}
2026-03-17 21:52:18,076 : INFO : EventManager : Event: ======'machine_var_audits_switches_s_45_varitarget_poisition_1'====== Args={'value': 0, 'prev_value': None, 'change': True}
2026-03-17 21:52:18,076 : INFO : EventManager : Event: ======'machine_var_audits_switches_s_46_varitarget_poisition_2'====== Args={'value': 0, 'prev_value': None, 'change': True}
2026-03-17 21:52:18,076 : INFO : EventManager : Event: ======'machine_var_audits_switches_s_47_varitarget_poisition_3'====== Args={'value': 0, 'prev_value': None, 'change': True}
2026-03-17 21:52:18,076 : INFO : EventManager : Event: ======'machine_var_audits_switches_s_48_varitarget_poisition_4'====== Args={'value': 0, 'prev_value': None, 'change': True}
2026-03-17 21:52:18,076 : INFO : EventManager : Event: ======'machine_var_audits_switches_s_49_varitarget_poisition_5'====== Args={'value': 0, 'prev_value': None, 'change': True}
2026-03-17 21:52:18,076 : INFO : EventManager : Event: ======'machine_var_audits_switches_s_50_saucer_left'====== Args={'value': 0, 'prev_value': None, 'change': True}
2026-03-17 21:52:18,076 : INFO : EventManager : Event: ======'machine_var_audits_switches_s_51_saucer_right'====== Args={'value': 2, 'prev_value': None, 'change': True}
2026-03-17 21:52:18,077 : INFO : EventManager : Event: ======'machine_var_audits_switches_s_52_star_rollover_top'====== Args={'value': 0, 'prev_value': None, 'change': True}
2026-03-17 21:52:18,077 : INFO : EventManager : Event: ======'machine_var_audits_switches_s_53_star_rollover_bottom'====== Args={'value': 0, 'prev_value': None, 'change': True}
2026-03-17 21:52:18,077 : INFO : EventManager : Event: ======'machine_var_audits_switches_s_54_single_drop_1'====== Args={'value': 0, 'prev_value': None, 'change': True}
2026-03-17 21:52:18,077 : INFO : EventManager : Event: ======'machine_var_audits_switches_s_55_fourbank_drop_1'====== Args={'value': 0, 'prev_value': None, 'change': True}
2026-03-17 21:52:18,077 : INFO : EventManager : Event: ======'machine_var_audits_switches_s_56_fourbank_drop_2'====== Args={'value': 0, 'prev_value': None, 'change': True}
2026-03-17 21:52:18,077 : INFO : EventManager : Event: ======'machine_var_audits_switches_s_56_pop_bumper_right'====== Args={'value': 632, 'prev_value': None, 'change': True}
2026-03-17 21:52:18,077 : INFO : EventManager : Event: ======'machine_var_audits_switches_s_57_fourbank_drop_3'====== Args={'value': 1, 'prev_value': None, 'change': True}
2026-03-17 21:52:18,077 : INFO : EventManager : Event: ======'machine_var_audits_switches_s_57_pop_bumper_center'====== Args={'value': 539, 'prev_value': None, 'change': True}
2026-03-17 21:52:18,077 : INFO : EventManager : Event: ======'machine_var_audits_switches_s_58_fourbank_drop_4'====== Args={'value': 1, 'prev_value': None, 'change': True}
2026-03-17 21:52:18,077 : INFO : EventManager : Event: ======'machine_var_audits_switches_s_58_pop_bumper_left'====== Args={'value': 911, 'prev_value': None, 'change': True}
2026-03-17 21:52:18,078 : INFO : EventManager : Event: ======'machine_var_audits_switches_s_59_saucer_right'====== Args={'value': 10, 'prev_value': None, 'change': True}
2026-03-17 21:52:18,078 : INFO : EventManager : Event: ======'machine_var_audits_switches_s_59_threebank_drop_1'====== Args={'value': 1, 'prev_value': None, 'change': True}
2026-03-17 21:52:18,078 : INFO : EventManager : Event: ======'machine_var_audits_switches_s_60_threebank_drop_2'====== Args={'value': 1, 'prev_value': None, 'change': True}
2026-03-17 21:52:18,078 : INFO : EventManager : Event: ======'machine_var_audits_switches_s_60_top_lane_c'====== Args={'value': 170, 'prev_value': None, 'change': True}
2026-03-17 21:52:18,078 : INFO : EventManager : Event: ======'machine_var_audits_switches_s_61_threebank_drop_3'====== Args={'value': 0, 'prev_value': None, 'change': True}
2026-03-17 21:52:18,078 : INFO : EventManager : Event: ======'machine_var_audits_switches_s_61_top_lane_b'====== Args={'value': 97, 'prev_value': None, 'change': True}
2026-03-17 21:52:18,078 : INFO : EventManager : Event: ======'machine_var_audits_switches_s_62_stand_up_target_1'====== Args={'value': 0, 'prev_value': None, 'change': True}
2026-03-17 21:52:18,078 : INFO : EventManager : Event: ======'machine_var_audits_switches_s_62_top_lane_a'====== Args={'value': 207, 'prev_value': None, 'change': True}
2026-03-17 21:52:18,078 : INFO : EventManager : Event: ======'machine_var_audits_switches_s_63_stand_up_target_11'====== Args={'value': 43, 'prev_value': None, 'change': True}
2026-03-17 21:52:18,079 : INFO : EventManager : Event: ======'machine_var_audits_switches_s_63_stand_up_target_2'====== Args={'value': 1, 'prev_value': None, 'change': True}
2026-03-17 21:52:18,079 : INFO : EventManager : Event: ======'machine_var_audits_switches_s_63_stand_up_target_3'====== Args={'value': 21, 'prev_value': None, 'change': True}
2026-03-17 21:52:18,079 : INFO : EventManager : Event: ======'machine_var_audits_switches_s_64_stand_up_target_3'====== Args={'value': 1, 'prev_value': None, 'change': True}
2026-03-17 21:52:18,079 : INFO : EventManager : Event: ======'machine_var_audits_switches_s_64_varitarget_poisition_1'====== Args={'value': 986, 'prev_value': None, 'change': True}
2026-03-17 21:52:18,079 : INFO : EventManager : Event: ======'machine_var_audits_switches_s_64_varitarget_position_1'====== Args={'value': 18, 'prev_value': None, 'change': True}
2026-03-17 21:52:18,079 : INFO : EventManager : Event: ======'machine_var_audits_switches_s_65_stand_up_target_4'====== Args={'value': 0, 'prev_value': None, 'change': True}
2026-03-17 21:52:18,079 : INFO : EventManager : Event: ======'machine_var_audits_switches_s_65_varitarget_poisition_2'====== Args={'value': 16, 'prev_value': None, 'change': True}
2026-03-17 21:52:18,079 : INFO : EventManager : Event: ======'machine_var_audits_switches_s_65_varitarget_position_2'====== Args={'value': 1, 'prev_value': None, 'change': True}
2026-03-17 21:52:18,079 : INFO : EventManager : Event: ======'machine_var_audits_switches_s_66_stand_up_target_5'====== Args={'value': 0, 'prev_value': None, 'change': True}
2026-03-17 21:52:18,080 : INFO : EventManager : Event: ======'machine_var_audits_switches_s_66_varitarget_poisition_3'====== Args={'value': 11, 'prev_value': None, 'change': True}
2026-03-17 21:52:18,080 : INFO : EventManager : Event: ======'machine_var_audits_switches_s_66_varitarget_position_3'====== Args={'value': 3, 'prev_value': None, 'change': True}
2026-03-17 21:52:18,080 : INFO : EventManager : Event: ======'machine_var_audits_switches_s_67_stand_up_target_6'====== Args={'value': 0, 'prev_value': None, 'change': True}
2026-03-17 21:52:18,080 : INFO : EventManager : Event: ======'machine_var_audits_switches_s_67_varitarget_poisition_4'====== Args={'value': 12, 'prev_value': None, 'change': True}
2026-03-17 21:52:18,080 : INFO : EventManager : Event: ======'machine_var_audits_switches_s_67_varitarget_position_4'====== Args={'value': 9, 'prev_value': None, 'change': True}
2026-03-17 21:52:18,080 : INFO : EventManager : Event: ======'machine_var_audits_switches_s_68_stand_up_target_7'====== Args={'value': 1, 'prev_value': None, 'change': True}
2026-03-17 21:52:18,080 : INFO : EventManager : Event: ======'machine_var_audits_switches_s_68_varitarget_poisition_5'====== Args={'value': 5, 'prev_value': None, 'change': True}
2026-03-17 21:52:18,080 : INFO : EventManager : Event: ======'machine_var_audits_switches_s_68_varitarget_position_5'====== Args={'value': 6, 'prev_value': None, 'change': True}
2026-03-17 21:52:18,080 : INFO : EventManager : Event: ======'machine_var_audits_switches_s_69_stand_up_target_8'====== Args={'value': 2, 'prev_value': None, 'change': True}
2026-03-17 21:52:18,080 : INFO : EventManager : Event: ======'machine_var_audits_switches_s_69_varitarget_poisition_6'====== Args={'value': 4, 'prev_value': None, 'change': True}
2026-03-17 21:52:18,081 : INFO : EventManager : Event: ======'machine_var_audits_switches_s_69_varitarget_position_6'====== Args={'value': 4, 'prev_value': None, 'change': True}
2026-03-17 21:52:18,081 : INFO : EventManager : Event: ======'machine_var_audits_switches_s_70_stand_up_target_9'====== Args={'value': 0, 'prev_value': None, 'change': True}
2026-03-17 21:52:18,081 : INFO : EventManager : Event: ======'machine_var_audits_switches_s_70_varitarget_poisition_7'====== Args={'value': 66, 'prev_value': None, 'change': True}
2026-03-17 21:52:18,081 : INFO : EventManager : Event: ======'machine_var_audits_switches_s_70_varitarget_position_7'====== Args={'value': 16, 'prev_value': None, 'change': True}
2026-03-17 21:52:18,081 : INFO : EventManager : Event: ======'machine_var_audits_switches_s_71_spinner_left'====== Args={'value': 2138, 'prev_value': None, 'change': True}
2026-03-17 21:52:18,082 : INFO : EventManager : Event: ======'machine_var_audits_switches_s_71_stand_up_target_10'====== Args={'value': 0, 'prev_value': None, 'change': True}
2026-03-17 21:52:18,082 : INFO : EventManager : Event: ======'machine_var_audits_switches_s_72_single_drop_1'====== Args={'value': 69, 'prev_value': None, 'change': True}
2026-03-17 21:52:18,082 : INFO : EventManager : Event: ======'machine_var_audits_switches_s_72_stand_up_target_11'====== Args={'value': 0, 'prev_value': None, 'change': True}
2026-03-17 21:52:18,082 : INFO : EventManager : Event: ======'machine_var_audits_switches_s_73_fourbank_drop_1'====== Args={'value': 256, 'prev_value': None, 'change': True}
2026-03-17 21:52:18,082 : INFO : EventManager : Event: ======'machine_var_audits_switches_s_74_fourbank_drop_2'====== Args={'value': 110, 'prev_value': None, 'change': True}
2026-03-17 21:52:18,082 : INFO : EventManager : Event: ======'machine_var_audits_switches_s_75_fourbank_drop_3'====== Args={'value': 102, 'prev_value': None, 'change': True}
2026-03-17 21:52:18,082 : INFO : EventManager : Event: ======'machine_var_audits_switches_s_76_fourbank_drop_4'====== Args={'value': 6, 'prev_value': None, 'change': True}
2026-03-17 21:52:18,082 : INFO : EventManager : Event: ======'machine_var_audits_switches_s_77_threebank_drop_1'====== Args={'value': 96, 'prev_value': None, 'change': True}
2026-03-17 21:52:18,082 : INFO : EventManager : Event: ======'machine_var_audits_switches_s_78_threebank_drop_2'====== Args={'value': 2188, 'prev_value': None, 'change': True}
2026-03-17 21:52:18,082 : INFO : EventManager : Event: ======'machine_var_audits_switches_s_79_threebank_drop_3'====== Args={'value': 328, 'prev_value': None, 'change': True}
2026-03-17 21:52:18,083 : INFO : EventManager : Event: ======'machine_var_audits_switches_s_80_stand_up_target_1'====== Args={'value': 72, 'prev_value': None, 'change': True}
2026-03-17 21:52:18,083 : INFO : EventManager : Event: ======'machine_var_audits_switches_s_80_stand_up_target_2'====== Args={'value': 18, 'prev_value': None, 'change': True}
2026-03-17 21:52:18,083 : INFO : EventManager : Event: ======'machine_var_audits_switches_s_81_saucer_left'====== Args={'value': 28, 'prev_value': None, 'change': True}
2026-03-17 21:52:18,083 : INFO : EventManager : Event: ======'machine_var_audits_switches_s_82_stand_up_target_bank_1'====== Args={'value': 27, 'prev_value': None, 'change': True}
2026-03-17 21:52:18,083 : INFO : EventManager : Event: ======'machine_var_audits_switches_s_83_stand_up_target_bank_2'====== Args={'value': 70, 'prev_value': None, 'change': True}
2026-03-17 21:52:18,083 : INFO : EventManager : Event: ======'machine_var_audits_switches_s_84_stand_up_target_bank_3'====== Args={'value': 43, 'prev_value': None, 'change': True}
2026-03-17 21:52:18,083 : INFO : EventManager : Event: ======'machine_var_audits_switches_s_85_stand_up_target_bank_4'====== Args={'value': 58, 'prev_value': None, 'change': True}
2026-03-17 21:52:18,083 : INFO : EventManager : Event: ======'machine_var_audits_switches_s_86_stand_up_target_bank_5'====== Args={'value': 217, 'prev_value': None, 'change': True}
2026-03-17 21:52:18,083 : INFO : EventManager : Event: ======'machine_var_audits_switches_s_87_stand_up_target_bank_6'====== Args={'value': 145, 'prev_value': None, 'change': True}
2026-03-17 21:52:18,084 : INFO : EventManager : Event: ======'machine_var_audits_switches_s_8_left_flipper'====== Args={'value': 455, 'prev_value': None, 'change': True}
2026-03-17 21:52:18,084 : INFO : EventManager : Event: ======'init_phase_5'====== Args={}
2026-03-17 21:52:18,136 : INFO : EventManager : Event: ======'init_done'====== Args={}
2026-03-17 21:52:18,136 : INFO : EventManager : Event: ======'machine_reset_phase_1'====== Args={}
2026-03-17 21:52:18,144 : INFO : EventManager : Event: ======'machine_reset_phase_2'====== Args={}
2026-03-17 21:52:18,144 : INFO : EventManager : Event: ======'machine_reset_phase_3'====== Args={}
2026-03-17 21:52:18,145 : INFO : drop_target_bank.dt_bank_1_4 : All targets are already up. Will not reset bank.
2026-03-17 21:52:18,145 : INFO : drop_target_bank.dt_bank_5_7 : All targets are already up. Will not reset bank.
2026-03-17 21:52:18,145 : INFO : EventManager : Event: ======'reset_complete'====== Args={}
2026-03-17 21:52:18,145 : INFO : EventManager : Event: ======'mode_attract_will_start'====== Args={}
2026-03-17 21:52:18,145 : INFO : Timer.attract_carousel_timer : Starting Timer.
2026-03-17 21:52:18,145 : INFO : EventManager : Event: ======'timer_attract_carousel_timer_started'====== Args={'ticks': 0, 'ticks_remaining': 1}
2026-03-17 21:52:18,145 : INFO : EventManager : Event: ======'timer_attract_carousel_timer_tick'====== Args={'ticks': 0, 'ticks_remaining': 1}
2026-03-17 21:52:18,146 : INFO : EventManager : Event: ======'mode_attract_starting'====== Args={}
2026-03-17 21:52:18,146 : INFO : Mode.attract : Started. Priority: 10
2026-03-17 21:52:18,146 : INFO : EventManager : Event: ======'modes_active_modes_changed'====== Args={}
2026-03-17 21:52:18,146 : INFO : EventManager : Event: ======'mode_attract_started'====== Args={}
2026-03-17 21:52:18,147 : INFO : EventManager : Event: ======'collecting_balls_complete'====== Args={}
2026-03-17 21:52:18,147 : INFO : EventManager : Event: ======'carousel_item_highlighted'====== Args={'carousel': 'attract', 'direction': None, 'item': 'title'}
2026-03-17 21:52:18,166 : INFO : Machine : Starting the main run loop with active modes: [<Mode.attract>]
2026-03-17 21:52:18,255 : INFO : EventManager : Event: ======'slide_attract_created'====== Args={'_from_bcp': True}
2026-03-17 21:52:18,255 : INFO : EventManager : Event: ======'slide__removed'====== Args={'_from_bcp': True}
2026-03-17 21:52:18,256 : INFO : EventManager : Event: ======'slide_attract_active'====== Args={'original_context': 'attract', 'original_calling_context': 'mode_attract_started', 'priority': 10.0, 'cmd': 'slides_play', '_from_bcp': True}
2026-03-17 21:52:23,140 : INFO : Timer.attract_carousel_timer : Timer Complete
2026-03-17 21:52:23,140 : INFO : Timer.attract_carousel_timer : Stopping Timer
2026-03-17 21:52:23,140 : INFO : EventManager : Event: ======'timer_attract_carousel_timer_stopped'====== Args={'ticks': 1, 'ticks_remaining': 1}
2026-03-17 21:52:23,140 : INFO : EventManager : Event: ======'timer_attract_carousel_timer_complete'====== Args={'ticks': 1, 'ticks_remaining': 1}
2026-03-17 21:52:23,140 : INFO : EventManager : Event: ======'carousel_item_highlighted'====== Args={'carousel': 'attract', 'direction': 'forwards', 'item': 'title2'}
2026-03-17 21:52:34,374 : INFO : BcpServer : New client connected.
2026-03-17 21:53:29,543 : INFO : SwitchController : <<<<<<< 's_16_right_flipper' active >>>>>>>
2026-03-17 21:53:29,543 : INFO : EventManager : Event: ======'s_16_right_flipper_active'====== Args={}
2026-03-17 21:53:29,546 : INFO : EventManager : Event: ======'carousel_item_highlighted'====== Args={'carousel': 'attract', 'direction': 'forwards', 'item': 'title'}
2026-03-17 21:53:29,674 : INFO : SwitchController : <<<<<<< 's_16_right_flipper' inactive >>>>>>>
2026-03-17 21:53:29,840 : INFO : SwitchController : <<<<<<< 's_16_right_flipper' active >>>>>>>
2026-03-17 21:53:29,840 : INFO : EventManager : Event: ======'s_16_right_flipper_active'====== Args={}
2026-03-17 21:53:29,841 : INFO : EventManager : Event: ======'carousel_item_highlighted'====== Args={'carousel': 'attract', 'direction': 'forwards', 'item': 'title2'}
2026-03-17 21:53:29,923 : INFO : SwitchController : <<<<<<< 's_16_right_flipper' inactive >>>>>>>
2026-03-17 21:53:30,223 : INFO : SwitchController : <<<<<<< 's_16_right_flipper' active >>>>>>>
2026-03-17 21:53:30,223 : INFO : EventManager : Event: ======'s_16_right_flipper_active'====== Args={}
2026-03-17 21:53:30,223 : INFO : EventManager : Event: ======'carousel_item_highlighted'====== Args={'carousel': 'attract', 'direction': 'forwards', 'item': 'title'}
2026-03-17 21:53:30,290 : INFO : SwitchController : <<<<<<< 's_16_right_flipper' inactive >>>>>>>
2026-03-17 21:53:30,390 : INFO : SwitchController : <<<<<<< 's_16_right_flipper' active >>>>>>>
2026-03-17 21:53:30,391 : INFO : EventManager : Event: ======'s_16_right_flipper_active'====== Args={}
2026-03-17 21:53:30,391 : INFO : EventManager : Event: ======'carousel_item_highlighted'====== Args={'carousel': 'attract', 'direction': 'forwards', 'item': 'title2'}
2026-03-17 21:53:30,491 : INFO : SwitchController : <<<<<<< 's_16_right_flipper' inactive >>>>>>>
2026-03-17 21:53:30,573 : INFO : SwitchController : <<<<<<< 's_16_right_flipper' active >>>>>>>
2026-03-17 21:53:30,573 : INFO : EventManager : Event: ======'s_16_right_flipper_active'====== Args={}
2026-03-17 21:53:30,574 : INFO : EventManager : Event: ======'carousel_item_highlighted'====== Args={'carousel': 'attract', 'direction': 'forwards', 'item': 'title'}
2026-03-17 21:53:30,675 : INFO : SwitchController : <<<<<<< 's_16_right_flipper' inactive >>>>>>>
2026-03-17 21:53:30,773 : INFO : SwitchController : <<<<<<< 's_16_right_flipper' active >>>>>>>
2026-03-17 21:53:30,773 : INFO : EventManager : Event: ======'s_16_right_flipper_active'====== Args={}
2026-03-17 21:53:30,773 : INFO : EventManager : Event: ======'carousel_item_highlighted'====== Args={'carousel': 'attract', 'direction': 'forwards', 'item': 'title2'}
2026-03-17 21:53:30,858 : INFO : SwitchController : <<<<<<< 's_16_right_flipper' inactive >>>>>>>
2026-03-17 21:53:31,157 : INFO : SwitchController : <<<<<<< 's_16_right_flipper' active >>>>>>>
2026-03-17 21:53:31,157 : INFO : EventManager : Event: ======'s_16_right_flipper_active'====== Args={}
2026-03-17 21:53:31,157 : INFO : EventManager : Event: ======'carousel_item_highlighted'====== Args={'carousel': 'attract', 'direction': 'forwards', 'item': 'title'}
2026-03-17 21:53:31,240 : INFO : SwitchController : <<<<<<< 's_16_right_flipper' inactive >>>>>>>
2026-03-17 21:53:31,591 : INFO : SwitchController : <<<<<<< 's_16_right_flipper' active >>>>>>>
2026-03-17 21:53:31,591 : INFO : EventManager : Event: ======'s_16_right_flipper_active'====== Args={}
2026-03-17 21:53:31,591 : INFO : EventManager : Event: ======'carousel_item_highlighted'====== Args={'carousel': 'attract', 'direction': 'forwards', 'item': 'title2'}
2026-03-17 21:53:31,673 : INFO : SwitchController : <<<<<<< 's_16_right_flipper' inactive >>>>>>>
2026-03-17 21:53:31,991 : INFO : SwitchController : <<<<<<< 's_16_right_flipper' active >>>>>>>
2026-03-17 21:53:31,991 : INFO : EventManager : Event: ======'s_16_right_flipper_active'====== Args={}
2026-03-17 21:53:31,991 : INFO : EventManager : Event: ======'carousel_item_highlighted'====== Args={'carousel': 'attract', 'direction': 'forwards', 'item': 'title'}
2026-03-17 21:53:32,058 : INFO : SwitchController : <<<<<<< 's_16_right_flipper' inactive >>>>>>>
2026-03-17 21:53:32,207 : INFO : SwitchController : <<<<<<< 's_16_right_flipper' active >>>>>>>
2026-03-17 21:53:32,207 : INFO : EventManager : Event: ======'s_16_right_flipper_active'====== Args={}
2026-03-17 21:53:32,207 : INFO : EventManager : Event: ======'carousel_item_highlighted'====== Args={'carousel': 'attract', 'direction': 'forwards', 'item': 'title2'}
2026-03-17 21:53:32,241 : INFO : SwitchController : <<<<<<< 's_16_right_flipper' inactive >>>>>>>
2026-03-17 21:53:32,391 : INFO : SwitchController : <<<<<<< 's_16_right_flipper' active >>>>>>>
2026-03-17 21:53:32,391 : INFO : EventManager : Event: ======'s_16_right_flipper_active'====== Args={}
2026-03-17 21:53:32,391 : INFO : EventManager : Event: ======'carousel_item_highlighted'====== Args={'carousel': 'attract', 'direction': 'forwards', 'item': 'title'}
2026-03-17 21:53:32,440 : INFO : SwitchController : <<<<<<< 's_16_right_flipper' inactive >>>>>>>
2026-03-17 21:53:32,573 : INFO : SwitchController : <<<<<<< 's_16_right_flipper' active >>>>>>>
2026-03-17 21:53:32,573 : INFO : EventManager : Event: ======'s_16_right_flipper_active'====== Args={}
2026-03-17 21:53:32,573 : INFO : EventManager : Event: ======'carousel_item_highlighted'====== Args={'carousel': 'attract', 'direction': 'forwards', 'item': 'title2'}
2026-03-17 21:53:32,657 : INFO : SwitchController : <<<<<<< 's_16_right_flipper' inactive >>>>>>>
2026-03-17 21:53:33,075 : INFO : SwitchController : <<<<<<< 's_16_right_flipper' active >>>>>>>
2026-03-17 21:53:33,075 : INFO : EventManager : Event: ======'s_16_right_flipper_active'====== Args={}
2026-03-17 21:53:33,075 : INFO : EventManager : Event: ======'carousel_item_highlighted'====== Args={'carousel': 'attract', 'direction': 'forwards', 'item': 'title'}
2026-03-17 21:53:33,191 : INFO : SwitchController : <<<<<<< 's_16_right_flipper' inactive >>>>>>>
2026-03-17 21:53:33,624 : INFO : SwitchController : <<<<<<< 's_16_right_flipper' active >>>>>>>
2026-03-17 21:53:33,625 : INFO : EventManager : Event: ======'s_16_right_flipper_active'====== Args={}
2026-03-17 21:53:33,625 : INFO : EventManager : Event: ======'carousel_item_highlighted'====== Args={'carousel': 'attract', 'direction': 'forwards', 'item': 'title2'}
2026-03-17 21:53:33,758 : INFO : SwitchController : <<<<<<< 's_16_right_flipper' inactive >>>>>>>
2026-03-17 21:53:34,307 : INFO : SwitchController : <<<<<<< 's_16_right_flipper' active >>>>>>>
2026-03-17 21:53:34,307 : INFO : EventManager : Event: ======'s_16_right_flipper_active'====== Args={}
2026-03-17 21:53:34,307 : INFO : EventManager : Event: ======'carousel_item_highlighted'====== Args={'carousel': 'attract', 'direction': 'forwards', 'item': 'title'}
2026-03-17 21:53:34,373 : INFO : SwitchController : <<<<<<< 's_16_right_flipper' inactive >>>>>>>
2026-03-17 21:53:34,473 : INFO : SwitchController : <<<<<<< 's_16_right_flipper' active >>>>>>>
2026-03-17 21:53:34,473 : INFO : EventManager : Event: ======'s_16_right_flipper_active'====== Args={}
2026-03-17 21:53:34,474 : INFO : EventManager : Event: ======'carousel_item_highlighted'====== Args={'carousel': 'attract', 'direction': 'forwards', 'item': 'title2'}
2026-03-17 21:53:34,543 : INFO : SwitchController : <<<<<<< 's_16_right_flipper' inactive >>>>>>>
2026-03-17 21:53:34,656 : INFO : SwitchController : <<<<<<< 's_16_right_flipper' active >>>>>>>
2026-03-17 21:53:34,656 : INFO : EventManager : Event: ======'s_16_right_flipper_active'====== Args={}
2026-03-17 21:53:34,657 : INFO : EventManager : Event: ======'carousel_item_highlighted'====== Args={'carousel': 'attract', 'direction': 'forwards', 'item': 'title'}
2026-03-17 21:53:34,741 : INFO : SwitchController : <<<<<<< 's_16_right_flipper' inactive >>>>>>>
2026-03-17 21:53:34,825 : INFO : SwitchController : <<<<<<< 's_16_right_flipper' active >>>>>>>
2026-03-17 21:53:34,825 : INFO : EventManager : Event: ======'s_16_right_flipper_active'====== Args={}
2026-03-17 21:53:34,825 : INFO : EventManager : Event: ======'carousel_item_highlighted'====== Args={'carousel': 'attract', 'direction': 'forwards', 'item': 'title2'}
2026-03-17 21:53:34,906 : INFO : SwitchController : <<<<<<< 's_16_right_flipper' inactive >>>>>>>
2026-03-17 21:53:35,007 : INFO : SwitchController : <<<<<<< 's_16_right_flipper' active >>>>>>>
2026-03-17 21:53:35,008 : INFO : EventManager : Event: ======'s_16_right_flipper_active'====== Args={}
2026-03-17 21:53:35,008 : INFO : EventManager : Event: ======'carousel_item_highlighted'====== Args={'carousel': 'attract', 'direction': 'forwards', 'item': 'title'}
2026-03-17 21:53:35,090 : INFO : SwitchController : <<<<<<< 's_16_right_flipper' inactive >>>>>>>
2026-03-17 21:53:35,206 : INFO : SwitchController : <<<<<<< 's_16_right_flipper' active >>>>>>>
2026-03-17 21:53:35,206 : INFO : EventManager : Event: ======'s_16_right_flipper_active'====== Args={}
2026-03-17 21:53:35,207 : INFO : EventManager : Event: ======'carousel_item_highlighted'====== Args={'carousel': 'attract', 'direction': 'forwards', 'item': 'title2'}
2026-03-17 21:53:35,291 : INFO : SwitchController : <<<<<<< 's_16_right_flipper' inactive >>>>>>>
2026-03-17 21:53:35,789 : INFO : SwitchController : <<<<<<< 's_16_right_flipper' active >>>>>>>
2026-03-17 21:53:35,790 : INFO : EventManager : Event: ======'s_16_right_flipper_active'====== Args={}
2026-03-17 21:53:35,790 : INFO : EventManager : Event: ======'carousel_item_highlighted'====== Args={'carousel': 'attract', 'direction': 'forwards', 'item': 'title'}
2026-03-17 21:53:35,841 : INFO : SwitchController : <<<<<<< 's_16_right_flipper' inactive >>>>>>>
2026-03-17 21:53:37,041 : INFO : SwitchController : <<<<<<< 's_08_left_flipper' active >>>>>>>
2026-03-17 21:53:37,041 : INFO : EventManager : Event: ======'s_08_left_flipper_active'====== Args={}
2026-03-17 21:53:37,041 : INFO : EventManager : Event: ======'carousel_item_highlighted'====== Args={'carousel': 'attract', 'direction': 'backwards', 'item': 'title2'}
2026-03-17 21:53:37,173 : INFO : SwitchController : <<<<<<< 's_08_left_flipper' inactive >>>>>>>
2026-03-17 21:53:37,225 : INFO : SwitchController : <<<<<<< 's_16_right_flipper' active >>>>>>>
2026-03-17 21:53:37,225 : INFO : EventManager : Event: ======'s_16_right_flipper_active'====== Args={}
2026-03-17 21:53:37,225 : INFO : EventManager : Event: ======'carousel_item_highlighted'====== Args={'carousel': 'attract', 'direction': 'forwards', 'item': 'title'}
2026-03-17 21:53:37,374 : INFO : SwitchController : <<<<<<< 's_16_right_flipper' inactive >>>>>>>
2026-03-17 21:53:37,374 : INFO : SwitchController : <<<<<<< 's_08_left_flipper' active >>>>>>>
2026-03-17 21:53:37,374 : INFO : EventManager : Event: ======'s_08_left_flipper_active'====== Args={}
2026-03-17 21:53:37,374 : INFO : EventManager : Event: ======'carousel_item_highlighted'====== Args={'carousel': 'attract', 'direction': 'backwards', 'item': 'title2'}
2026-03-17 21:53:37,474 : INFO : SwitchController : <<<<<<< 's_08_left_flipper' inactive >>>>>>>
2026-03-17 21:53:37,508 : INFO : SwitchController : <<<<<<< 's_16_right_flipper' active >>>>>>>
2026-03-17 21:53:37,508 : INFO : EventManager : Event: ======'s_16_right_flipper_active'====== Args={}
2026-03-17 21:53:37,508 : INFO : EventManager : Event: ======'carousel_item_highlighted'====== Args={'carousel': 'attract', 'direction': 'forwards', 'item': 'title'}
2026-03-17 21:53:37,624 : INFO : SwitchController : <<<<<<< 's_16_right_flipper' inactive >>>>>>>
2026-03-17 21:53:37,657 : INFO : SwitchController : <<<<<<< 's_08_left_flipper' active >>>>>>>
2026-03-17 21:53:37,657 : INFO : EventManager : Event: ======'s_08_left_flipper_active'====== Args={}
2026-03-17 21:53:37,658 : INFO : EventManager : Event: ======'carousel_item_highlighted'====== Args={'carousel': 'attract', 'direction': 'backwards', 'item': 'title2'}
2026-03-17 21:53:37,773 : INFO : SwitchController : <<<<<<< 's_08_left_flipper' inactive >>>>>>>
2026-03-17 21:53:37,808 : INFO : SwitchController : <<<<<<< 's_16_right_flipper' active >>>>>>>
2026-03-17 21:53:37,808 : INFO : EventManager : Event: ======'s_16_right_flipper_active'====== Args={}
2026-03-17 21:53:37,808 : INFO : EventManager : Event: ======'carousel_item_highlighted'====== Args={'carousel': 'attract', 'direction': 'forwards', 'item': 'title'}
2026-03-17 21:53:37,956 : INFO : SwitchController : <<<<<<< 's_16_right_flipper' inactive >>>>>>>
2026-03-17 21:53:37,976 : INFO : SwitchController : <<<<<<< 's_08_left_flipper' active >>>>>>>
2026-03-17 21:53:37,976 : INFO : EventManager : Event: ======'s_08_left_flipper_active'====== Args={}
2026-03-17 21:53:37,976 : INFO : EventManager : Event: ======'carousel_item_highlighted'====== Args={'carousel': 'attract', 'direction': 'backwards', 'item': 'title2'}
2026-03-17 21:53:38,091 : INFO : SwitchController : <<<<<<< 's_08_left_flipper' inactive >>>>>>>
2026-03-17 21:53:38,143 : INFO : SwitchController : <<<<<<< 's_16_right_flipper' active >>>>>>>
2026-03-17 21:53:38,144 : INFO : EventManager : Event: ======'s_16_right_flipper_active'====== Args={}
2026-03-17 21:53:38,144 : INFO : EventManager : Event: ======'carousel_item_highlighted'====== Args={'carousel': 'attract', 'direction': 'forwards', 'item': 'title'}
2026-03-17 21:53:38,458 : INFO : SwitchController : <<<<<<< 's_16_right_flipper' inactive >>>>>>>
2026-03-17 21:53:38,824 : INFO : SwitchController : <<<<<<< 's_16_right_flipper' active >>>>>>>
2026-03-17 21:53:38,824 : INFO : EventManager : Event: ======'s_16_right_flipper_active'====== Args={}
2026-03-17 21:53:38,824 : INFO : EventManager : Event: ======'carousel_item_highlighted'====== Args={'carousel': 'attract', 'direction': 'forwards', 'item': 'title2'}
2026-03-17 21:53:38,857 : INFO : SwitchController : <<<<<<< 's_16_right_flipper' inactive >>>>>>>
2026-03-17 21:53:38,973 : INFO : SwitchController : <<<<<<< 's_16_right_flipper' active >>>>>>>
2026-03-17 21:53:38,973 : INFO : EventManager : Event: ======'s_16_right_flipper_active'====== Args={}
2026-03-17 21:53:38,973 : INFO : EventManager : Event: ======'carousel_item_highlighted'====== Args={'carousel': 'attract', 'direction': 'forwards', 'item': 'title'}
2026-03-17 21:53:39,041 : INFO : SwitchController : <<<<<<< 's_16_right_flipper' inactive >>>>>>>
2026-03-17 21:53:39,123 : INFO : SwitchController : <<<<<<< 's_16_right_flipper' active >>>>>>>
2026-03-17 21:53:39,123 : INFO : EventManager : Event: ======'s_16_right_flipper_active'====== Args={}
2026-03-17 21:53:39,124 : INFO : EventManager : Event: ======'carousel_item_highlighted'====== Args={'carousel': 'attract', 'direction': 'forwards', 'item': 'title2'}
2026-03-17 21:53:39,206 : INFO : SwitchController : <<<<<<< 's_16_right_flipper' inactive >>>>>>>
2026-03-17 21:53:39,324 : INFO : SwitchController : <<<<<<< 's_16_right_flipper' active >>>>>>>
2026-03-17 21:53:39,325 : INFO : EventManager : Event: ======'s_16_right_flipper_active'====== Args={}
2026-03-17 21:53:39,325 : INFO : EventManager : Event: ======'carousel_item_highlighted'====== Args={'carousel': 'attract', 'direction': 'forwards', 'item': 'title'}
2026-03-17 21:53:39,407 : INFO : SwitchController : <<<<<<< 's_16_right_flipper' inactive >>>>>>>
2026-03-17 21:53:39,541 : INFO : SwitchController : <<<<<<< 's_16_right_flipper' active >>>>>>>
2026-03-17 21:53:39,541 : INFO : EventManager : Event: ======'s_16_right_flipper_active'====== Args={}
2026-03-17 21:53:39,541 : INFO : EventManager : Event: ======'carousel_item_highlighted'====== Args={'carousel': 'attract', 'direction': 'forwards', 'item': 'title2'}
2026-03-17 21:53:39,591 : INFO : SwitchController : <<<<<<< 's_16_right_flipper' inactive >>>>>>>
2026-03-17 21:53:39,706 : INFO : SwitchController : <<<<<<< 's_16_right_flipper' active >>>>>>>
2026-03-17 21:53:39,706 : INFO : EventManager : Event: ======'s_16_right_flipper_active'====== Args={}
2026-03-17 21:53:39,706 : INFO : EventManager : Event: ======'carousel_item_highlighted'====== Args={'carousel': 'attract', 'direction': 'forwards', 'item': 'title'}
2026-03-17 21:53:39,773 : INFO : SwitchController : <<<<<<< 's_16_right_flipper' inactive >>>>>>>
2026-03-17 21:54:16,045 : INFO : BcpServer : New client connected.
