2026-06-08 20:20:13,588 : INFO : root : Loading config.
2026-06-08 20:20:13,592 : INFO : YamlMultifileConfigLoader : Machine config file #1: config.yaml
2026-06-08 20:20:13,592 : INFO : ConfigProcessor : Loading config from cache: C:\Users\tl\AppData\Local\Temp\86f932e179f318f5dae29f066573dee9.mpf_cache
2026-06-08 20:20:13,684 : INFO : ConfigProcessor : Loading config from cache: C:\Users\tl\AppData\Local\Temp\5e7e3dd8e04e0aa46ea76018297218da.mpf_cache
2026-06-08 20:20:13,684 : INFO : ConfigProcessor : Loading config from cache: C:\Users\tl\AppData\Local\Temp\af6ad0dab2f43bd9cbdac83e0b2786ac.mpf_cache
2026-06-08 20:20:13,685 : INFO : ConfigProcessor : Loading config from cache: C:\Users\tl\AppData\Local\Temp\5e7e3dd8e04e0aa46ea76018297218da.mpf_cache
2026-06-08 20:20:13,686 : INFO : ConfigProcessor : Loading config from cache: C:\Users\tl\AppData\Local\Temp\078e3f4c59f1cd1bf0ff8685cc9e7ff5.mpf_cache
2026-06-08 20:20:13,686 : INFO : ConfigProcessor : Loading config from cache: C:\Users\tl\AppData\Local\Temp\279434e09bc5e8b073f441f36778b3c5.mpf_cache
2026-06-08 20:20:13,687 : INFO : ConfigProcessor : Loading config from cache: C:\Users\tl\AppData\Local\Temp\f7ef3217062c4a128670875e2cb05ce9.mpf_cache
2026-06-08 20:20:13,688 : INFO : ConfigProcessor : Loading config from cache: C:\Users\tl\AppData\Local\Temp\354636526653009b6f35f36c4dc3e189.mpf_cache
2026-06-08 20:20:13,689 : INFO : ConfigProcessor : Loading config from cache: C:\Users\tl\AppData\Local\Temp\b41aec6702196d0bd650320fa331266f.mpf_cache
2026-06-08 20:20:13,690 : INFO : ConfigProcessor : Loading config from cache: C:\Users\tl\AppData\Local\Temp\a951eeea2c167365e5a009cce33f51d8.mpf_cache
2026-06-08 20:20:13,690 : INFO : ConfigProcessor : Loading config from cache: C:\Users\tl\AppData\Local\Temp\f020dca9eec5e09763b9289397e6c32f.mpf_cache
2026-06-08 20:20:13,691 : INFO : ConfigProcessor : Loading config from cache: C:\Users\tl\AppData\Local\Temp\edce5a74ebf86ee6330810859c361ede.mpf_cache
2026-06-08 20:20:13,692 : INFO : ConfigProcessor : Loading config from cache: C:\Users\tl\AppData\Local\Temp\7c825e76f3d981841c3099d018a06a8f.mpf_cache
2026-06-08 20:20:13,693 : INFO : ConfigProcessor : Loading config from cache: C:\Users\tl\AppData\Local\Temp\4c1252d1f04cb61ecc91110937cfd225.mpf_cache
2026-06-08 20:20:13,694 : INFO : ConfigProcessor : Loading config from cache: C:\Users\tl\AppData\Local\Temp\8d6d681afe5a7b6e9186321cd98f18ca.mpf_cache
2026-06-08 20:20:13,695 : INFO : ConfigProcessor : Loading config from cache: C:\Users\tl\AppData\Local\Temp\271b31ea91f7fc416a689202738fcb25.mpf_cache
2026-06-08 20:20:13,696 : INFO : ConfigProcessor : Loading config from cache: C:\Users\tl\AppData\Local\Temp\d5113bae71fe9b2600b29bf116525aac.mpf_cache
2026-06-08 20:20:13,697 : INFO : ConfigProcessor : Loading config from cache: C:\Users\tl\AppData\Local\Temp\ae5d383473e063efe671bf30ab478239.mpf_cache
2026-06-08 20:20:13,698 : INFO : ConfigProcessor : Loading config from cache: C:\Users\tl\AppData\Local\Temp\46870b44a1c011c86a746a823adf6b5a.mpf_cache
2026-06-08 20:20:13,699 : INFO : ConfigProcessor : Loading config from cache: C:\Users\tl\AppData\Local\Temp\0cf169c51710e2e034dc49f1aab9dfdd.mpf_cache
2026-06-08 20:20:13,705 : INFO : ConfigProcessor : Loading config from cache: C:\Users\tl\AppData\Local\Temp\1a8067b3018dc540f40ee09fbd30147e.mpf_cache
2026-06-08 20:20:13,706 : INFO : ConfigProcessor : Loading config from cache: C:\Users\tl\AppData\Local\Temp\34d2c1cbec8fdaa1db7761a61cc7c1b6.mpf_cache
2026-06-08 20:20:13,707 : INFO : ConfigProcessor : Loading config from cache: C:\Users\tl\AppData\Local\Temp\95a50568c399a025ef217996526f3494.mpf_cache
2026-06-08 20:20:13,708 : INFO : ConfigProcessor : Loading config from cache: C:\Users\tl\AppData\Local\Temp\ca9866041621d35ab6358609b63e90d5.mpf_cache
2026-06-08 20:20:13,709 : INFO : ConfigProcessor : Loading config from cache: C:\Users\tl\AppData\Local\Temp\e3f8c10279e680757f03e6b0889aa739.mpf_cache
2026-06-08 20:20:13,710 : INFO : ConfigProcessor : Loading config from cache: C:\Users\tl\AppData\Local\Temp\4262986a441bb7754780f112bb0e0c56.mpf_cache
2026-06-08 20:20:13,711 : INFO : ConfigProcessor : Loading config from cache: C:\Users\tl\AppData\Local\Temp\d572a2de143bf480090a737668938cb0.mpf_cache
2026-06-08 20:20:13,712 : INFO : ConfigProcessor : Loading config from cache: C:\Users\tl\AppData\Local\Temp\537cd9276618929e3a64b374ceb3437f.mpf_cache
2026-06-08 20:20:13,713 : INFO : ConfigProcessor : Loading config from cache: C:\Users\tl\AppData\Local\Temp\cf29873bc64cfbd46b5a5b4c47c95532.mpf_cache
2026-06-08 20:20:13,713 : INFO : ConfigProcessor : Loading config from cache: C:\Users\tl\AppData\Local\Temp\16182b247314d06896cbae33110acd4c.mpf_cache
2026-06-08 20:20:13,715 : INFO : ConfigProcessor : Loading config from cache: C:\Users\tl\AppData\Local\Temp\33a0313dc768edabc6062a57466c6435.mpf_cache
2026-06-08 20:20:13,715 : INFO : ConfigProcessor : Loading config from cache: C:\Users\tl\AppData\Local\Temp\2856cb3dd9823be7f227bcd3e9e74d9c.mpf_cache
2026-06-08 20:20:13,716 : INFO : ConfigProcessor : Loading config from cache: C:\Users\tl\AppData\Local\Temp\7bc597beac49bd83589c0f432d6df3a7.mpf_cache
2026-06-08 20:20:13,718 : INFO : Machine : Mission Pinball Framework Core Engine v0.80.0.dev12
2026-06-08 20:20:13,718 : INFO : Machine : Command line arguments: {'no_load_cache': False, 'create_config_cache': True, 'bcp': True, 'configfile': ['config.yaml'], 'force_assets_load': False, 'platform_integration_test': False, 'jsonlogging': False, 'logfile': 'logs\\2026-06-08-20-20-13-mpf-DESKTOP-HV85DRD.log', 'pause': False, 'production': False, 'text_ui': False, 'loglevel': 15, 'consoleloglevel': 20, 'force_platform': None, 'syslog_address': None, 'full_logfile_path': 'C:\\Users\\tl\\Documents\\tl-pinball\\logs\\2026-06-08-20-20-13-mpf-DESKTOP-HV85DRD.log'}
2026-06-08 20:20:13,718 : INFO : Machine : MPF path: C:\mpf\Lib\site-packages\mpf
2026-06-08 20:20:13,718 : INFO : Machine : Machine path: C:\Users\tl\Documents\tl-pinball
2026-06-08 20:20:13,718 : INFO : Machine : Platform: win32
2026-06-08 20:20:13,718 : INFO : Machine : Python executable location: C:\mpf\Scripts\python.exe
2026-06-08 20:20:13,718 : INFO : Machine : Python version: 3.12.7 (64-bit)
2026-06-08 20:20:13,722 : INFO : Machine : Initializing MPF...
2026-06-08 20:20:13,829 : INFO : FAST [NET] : Trying to connect to COM4 at 921600bps
2026-06-08 20:20:13,834 : INFO : FAST [NET] : Connected to COM4 at 921600bps
2026-06-08 20:20:13,843 : INFO : FAST [NET] : Connected to FP-CPU-2000 with firmware v02.26
2026-06-08 20:20:13,874 : INFO : FAST [NET] : Registered I/O Board 0: Model: FP-I/O-0024, Firmware: 01.10, Switches: 24, Drivers: 8
2026-06-08 20:20:13,890 : INFO : FAST [NET] : Registered I/O Board 1: Model: FP-I/O-1616, Firmware: 01.10, Switches: 16, Drivers: 16
2026-06-08 20:20:13,906 : INFO : FAST [NET] : Registered I/O Board 2: Model: FP-I/O-3208, Firmware: 01.10, Switches: 32, Drivers: 8
2026-06-08 20:20:13,922 : INFO : FAST [NET] : Registered I/O Board 3: Model: FP-I/O-1616, Firmware: 01.10, Switches: 16, Drivers: 16
2026-06-08 20:20:13,924 : INFO : FAST [EXP] : Trying to connect to COM5 at 921600bps
2026-06-08 20:20:13,929 : INFO : FAST [EXP] : Connected to COM5 at 921600bps
2026-06-08 20:20:13,938 : INFO : FAST [EXP] : Verifying hardware for EXP "ledneuron" (FP-EXP-2000, @48) with ID string "EXP FP-EXP-2000  0.42", board address 48
2026-06-08 20:20:13,953 : INFO : FAST [EXP] : Verifying hardware for EXP "ledneuron" (FP-EXP-2000, @48) with ID string "BRK FP-EXP-2000  0.42", board address 480
2026-06-08 20:20:13,985 : INFO : FAST [EXP] : Verifying hardware for EXP "ledpf1" (FP-EXP-0081, @84) with ID string "EXP FP-EXP-0081  0.38", board address 84
2026-06-08 20:20:14,001 : INFO : FAST [EXP] : Verifying hardware for EXP "ledpf1" (FP-EXP-0081, @84) with ID string "BRK FP-EXP-0081  0.38", board address 840
2026-06-08 20:20:14,017 : INFO : FAST [EXP] : Verifying hardware for EXP "ledpf1" (FP-EXP-0081, @84) with ID string "BRK FP-EXP-0081  0.38", board address 841
2026-06-08 20:20:14,049 : INFO : FAST [EXP] : Verifying hardware for EXP "ledpf2" (FP-EXP-0081, @85) with ID string "EXP FP-EXP-0081  0.48", board address 85
2026-06-08 20:20:14,065 : INFO : FAST [EXP] : Verifying hardware for EXP "ledpf2" (FP-EXP-0081, @85) with ID string "BRK FP-EXP-0081  0.48", board address 850
2026-06-08 20:20:14,080 : INFO : FAST [EXP] : Verifying hardware for EXP "ledpf2" (FP-EXP-0081, @85) with ID string "BRK FP-EXP-0081  0.48", board address 851
2026-06-08 20:20:14,096 : INFO : EventManager : Event: ======'machine_var_credits_string'====== Args={'value': 'FREE PLAY', 'prev_value': None, 'change': True}
2026-06-08 20:20:14,122 : INFO : EventManager : Event: ======'machine_var_last_game_score'====== Args={'value': 1005000, 'prev_value': None, 'change': True}
2026-06-08 20:20:14,122 : INFO : EventManager : Event: ======'machine_var_master_volume'====== Args={'value': 0.5, 'prev_value': None, 'change': True}
2026-06-08 20:20:14,122 : INFO : EventManager : Event: ======'machine_var_player1_score'====== Args={'value': 1005000, 'prev_value': None, 'change': True}
2026-06-08 20:20:14,122 : INFO : EventManager : Event: ======'machine_var_mpf_version'====== Args={'value': 'Mission Pinball Framework v0.80.0.dev12', 'prev_value': None, 'change': True}
2026-06-08 20:20:14,122 : INFO : EventManager : Event: ======'machine_var_mpf_extended_version'====== Args={'value': 'Mission Pinball Framework v0.80.0.dev12, Config version:6, Show version: 6, BCP version:1.1', 'prev_value': None, 'change': True}
2026-06-08 20:20:14,122 : INFO : EventManager : Event: ======'machine_var_python_version'====== Args={'value': '3.12.7', 'prev_value': None, 'change': True}
2026-06-08 20:20:14,150 : INFO : EventManager : Event: ======'machine_var_platform'====== Args={'value': 'Windows-10-10.0.19044-SP0', 'prev_value': None, 'change': True}
2026-06-08 20:20:14,150 : INFO : EventManager : Event: ======'machine_var_platform_system'====== Args={'value': 'Windows', 'prev_value': None, 'change': True}
2026-06-08 20:20:14,150 : INFO : EventManager : Event: ======'machine_var_platform_release'====== Args={'value': '10', 'prev_value': None, 'change': True}
2026-06-08 20:20:14,150 : INFO : EventManager : Event: ======'machine_var_platform_version'====== Args={'value': '10.0.19044', 'prev_value': None, 'change': True}
2026-06-08 20:20:14,150 : INFO : EventManager : Event: ======'machine_var_platform_machine'====== Args={'value': 'AMD64', 'prev_value': None, 'change': True}
2026-06-08 20:20:14,150 : INFO : EventManager : Event: ======'machine_var_log_file_path'====== Args={'value': 'C:\\Users\\tl\\Documents\\tl-pinball\\logs\\2026-06-08-20-20-13-mpf-DESKTOP-HV85DRD.log', 'prev_value': None, 'change': True}
2026-06-08 20:20:14,150 : INFO : EventManager : Event: ======'init_phase_1'====== Args={}
2026-06-08 20:20:14,299 : INFO : EventManager : Event: ======'drop_target_bank_dt_bank_1_4_up'====== Args={}
2026-06-08 20:20:14,299 : INFO : EventManager : Event: ======'drop_target_bank_dt_bank_5_7_up'====== Args={}
2026-06-08 20:20:16,723 : INFO : SwitchController : <<<<<<< 's_34_right_sling' active >>>>>>>
2026-06-08 20:20:16,723 : INFO : SwitchController : <<<<<<< 's_44_spinner_right' active >>>>>>>
2026-06-08 20:20:16,723 : INFO : SwitchController : <<<<<<< 's_64_varitarget_position_1' active >>>>>>>
2026-06-08 20:20:16,723 : INFO : SwitchController : <<<<<<< 's_66_varitarget_position_3' active >>>>>>>
2026-06-08 20:20:16,723 : INFO : SwitchController : <<<<<<< 's_71_spinner_left' active >>>>>>>
2026-06-08 20:20:16,804 : INFO : EventManager : Event: ======'init_phase_2'====== Args={}
2026-06-08 20:20:16,805 : INFO : SwitchController : Found active switch: (50, [FAST Platform Interface]) <switch.s_34_right_sling>
2026-06-08 20:20:16,805 : INFO : SwitchController : Found active switch: (60, [FAST Platform Interface]) <switch.s_44_spinner_right>
2026-06-08 20:20:16,805 : INFO : SwitchController : Found active switch: (32, [FAST Platform Interface]) <switch.s_64_varitarget_position_1>
2026-06-08 20:20:16,805 : INFO : SwitchController : Found active switch: (34, [FAST Platform Interface]) <switch.s_66_varitarget_position_3>
2026-06-08 20:20:16,805 : INFO : SwitchController : Found active switch: (39, [FAST Platform Interface]) <switch.s_71_spinner_left>
2026-06-08 20:20:16,818 : INFO : EventManager : Event: ======'machine_var_score1_label'====== Args={'value': 'GRAND CHAMPION', 'prev_value': None, 'change': True}
2026-06-08 20:20:16,819 : INFO : EventManager : Event: ======'machine_var_score1_name'====== Args={'value': 'AAA', 'prev_value': None, 'change': True}
2026-06-08 20:20:16,819 : INFO : EventManager : Event: ======'machine_var_score1_value'====== Args={'value': 2531176, 'prev_value': None, 'change': True}
2026-06-08 20:20:16,819 : INFO : EventManager : Event: ======'machine_var_score2_label'====== Args={'value': 'HIGH SCORE 1', 'prev_value': None, 'change': True}
2026-06-08 20:20:16,819 : INFO : EventManager : Event: ======'machine_var_score2_name'====== Args={'value': 'EEE', 'prev_value': None, 'change': True}
2026-06-08 20:20:16,819 : INFO : EventManager : Event: ======'machine_var_score2_value'====== Args={'value': 2194524, 'prev_value': None, 'change': True}
2026-06-08 20:20:16,819 : INFO : EventManager : Event: ======'machine_var_score3_label'====== Args={'value': 'HIGH SCORE 2', 'prev_value': None, 'change': True}
2026-06-08 20:20:16,819 : INFO : EventManager : Event: ======'machine_var_score3_name'====== Args={'value': 'CAS', 'prev_value': None, 'change': True}
2026-06-08 20:20:16,819 : INFO : EventManager : Event: ======'machine_var_score3_value'====== Args={'value': 1880840, 'prev_value': None, 'change': True}
2026-06-08 20:20:16,819 : INFO : EventManager : Event: ======'machine_var_score4_label'====== Args={'value': 'HIGH SCORE 3', 'prev_value': None, 'change': True}
2026-06-08 20:20:16,819 : INFO : EventManager : Event: ======'machine_var_score4_name'====== Args={'value': 'AAA', 'prev_value': None, 'change': True}
2026-06-08 20:20:16,819 : INFO : EventManager : Event: ======'machine_var_score4_value'====== Args={'value': 1792394, 'prev_value': None, 'change': True}
2026-06-08 20:20:16,819 : INFO : EventManager : Event: ======'machine_var_score5_label'====== Args={'value': 'HIGH SCORE 4', 'prev_value': None, 'change': True}
2026-06-08 20:20:16,819 : INFO : EventManager : Event: ======'machine_var_score5_name'====== Args={'value': 'AAA', 'prev_value': None, 'change': True}
2026-06-08 20:20:16,819 : INFO : EventManager : Event: ======'machine_var_score5_value'====== Args={'value': 1680944, 'prev_value': None, 'change': True}
2026-06-08 20:20:16,820 : INFO : EventManager : Event: ======'bcp_connection_attempt'====== Args={'name': 'local_display', 'host': 'localhost', 'port': 5050}
2026-06-08 20:20:16,822 : INFO : BCPClientSocket : Connecting BCP to 'local_display' at localhost:5050...
2026-06-08 20:20:19,865 : INFO : BCPClientSocket : Connected BCP to 'local_display' localhost:5050
2026-06-08 20:20:19,866 : INFO : EventManager : Event: ======'bcp_clients_connected'====== Args={}
2026-06-08 20:20:19,867 : INFO : ball_device.bd_plunger : BCH: Initial count: 0
2026-06-08 20:20:19,868 : INFO : ball_device.bd_plunger : State: idle
2026-06-08 20:20:19,869 : INFO : ball_device.bd_trough : BCH: Initial count: 0
2026-06-08 20:20:19,869 : INFO : ball_device.bd_trough : State: idle
2026-06-08 20:20:19,870 : INFO : ball_device.bd_left_vuk : BCH: Initial count: 0
2026-06-08 20:20:19,870 : INFO : ball_device.bd_left_vuk : State: idle
2026-06-08 20:20:19,870 : INFO : ball_device.bd_right_vuk : BCH: Initial count: 0
2026-06-08 20:20:19,871 : INFO : ball_device.bd_right_vuk : State: idle
2026-06-08 20:20:19,887 : INFO : EventManager : Event: ======'init_phase_3'====== Args={}
2026-06-08 20:20:20,902 : INFO : EventManager : Event: ======'init_phase_4'====== Args={}
2026-06-08 20:20:20,903 : INFO : BallController : Initial balls found: 0
2026-06-08 20:20:20,906 : INFO : EventManager : Event: ======'machine_var_audits_events_game_ended'====== Args={'value': 84, 'prev_value': None, 'change': True}
2026-06-08 20:20:20,906 : INFO : EventManager : Event: ======'machine_var_audits_events_game_started'====== Args={'value': 97, 'prev_value': None, 'change': True}
2026-06-08 20:20:20,906 : INFO : EventManager : Event: ======'machine_var_audits_missing_switches_s_00_service_esc'====== Args={'value': 97, 'prev_value': None, 'change': True}
2026-06-08 20:20:20,906 : INFO : EventManager : Event: ======'machine_var_audits_missing_switches_s_01_service_up'====== Args={'value': 97, 'prev_value': None, 'change': True}
2026-06-08 20:20:20,906 : INFO : EventManager : Event: ======'machine_var_audits_missing_switches_s_02_service_down'====== Args={'value': 97, 'prev_value': None, 'change': True}
2026-06-08 20:20:20,906 : INFO : EventManager : Event: ======'machine_var_audits_missing_switches_s_03_service_enter'====== Args={'value': 97, 'prev_value': None, 'change': True}
2026-06-08 20:20:20,906 : INFO : EventManager : Event: ======'machine_var_audits_missing_switches_s_08_left_flipper'====== Args={'value': 2, 'prev_value': None, 'change': True}
2026-06-08 20:20:20,906 : INFO : EventManager : Event: ======'machine_var_audits_missing_switches_s_11_start_button'====== Args={'value': 2, 'prev_value': None, 'change': True}
2026-06-08 20:20:20,906 : INFO : EventManager : Event: ======'machine_var_audits_missing_switches_s_16_right_flipper'====== Args={'value': 2, 'prev_value': None, 'change': True}
2026-06-08 20:20:20,906 : INFO : EventManager : Event: ======'machine_var_audits_missing_switches_s_17_right_flipper_upper'====== Args={'value': 2, 'prev_value': None, 'change': True}
2026-06-08 20:20:20,906 : INFO : EventManager : Event: ======'machine_var_audits_missing_switches_s_32_right_inlane'====== Args={'value': 18, 'prev_value': None, 'change': True}
2026-06-08 20:20:20,906 : INFO : EventManager : Event: ======'machine_var_audits_missing_switches_s_33_right_outlane'====== Args={'value': 28, 'prev_value': None, 'change': True}
2026-06-08 20:20:20,906 : INFO : EventManager : Event: ======'machine_var_audits_missing_switches_s_34_right_sling'====== Args={'value': 18, 'prev_value': None, 'change': True}
2026-06-08 20:20:20,906 : INFO : EventManager : Event: ======'machine_var_audits_missing_switches_s_35_left_inlane'====== Args={'value': 3, 'prev_value': None, 'change': True}
2026-06-08 20:20:20,906 : INFO : EventManager : Event: ======'machine_var_audits_missing_switches_s_36_left_outlane'====== Args={'value': 12, 'prev_value': None, 'change': True}
2026-06-08 20:20:20,906 : INFO : EventManager : Event: ======'machine_var_audits_missing_switches_s_37_left_sling'====== Args={'value': 3, 'prev_value': None, 'change': True}
2026-06-08 20:20:20,907 : INFO : EventManager : Event: ======'machine_var_audits_missing_switches_s_38_star_rollover_bottom'====== Args={'value': 97, 'prev_value': None, 'change': True}
2026-06-08 20:20:20,907 : INFO : EventManager : Event: ======'machine_var_audits_missing_switches_s_39_star_rollover_top'====== Args={'value': 6, 'prev_value': None, 'change': True}
2026-06-08 20:20:20,907 : INFO : EventManager : Event: ======'machine_var_audits_missing_switches_s_40_stand_up_target_5'====== Args={'value': 3, 'prev_value': None, 'change': True}
2026-06-08 20:20:20,907 : INFO : EventManager : Event: ======'machine_var_audits_missing_switches_s_41_stand_up_target_6'====== Args={'value': 6, 'prev_value': None, 'change': True}
2026-06-08 20:20:20,907 : INFO : EventManager : Event: ======'machine_var_audits_missing_switches_s_42_stand_up_target_1'====== Args={'value': 3, 'prev_value': None, 'change': True}
2026-06-08 20:20:20,907 : INFO : EventManager : Event: ======'machine_var_audits_missing_switches_s_43_stand_up_target_4'====== Args={'value': 3, 'prev_value': None, 'change': True}
2026-06-08 20:20:20,907 : INFO : EventManager : Event: ======'machine_var_audits_missing_switches_s_44_spinner_right'====== Args={'value': 12, 'prev_value': None, 'change': True}
2026-06-08 20:20:20,907 : INFO : EventManager : Event: ======'machine_var_audits_missing_switches_s_56_pop_bumper_right'====== Args={'value': 3, 'prev_value': None, 'change': True}
2026-06-08 20:20:20,907 : INFO : EventManager : Event: ======'machine_var_audits_missing_switches_s_57_pop_bumper_center'====== Args={'value': 3, 'prev_value': None, 'change': True}
2026-06-08 20:20:20,907 : INFO : EventManager : Event: ======'machine_var_audits_missing_switches_s_58_pop_bumper_left'====== Args={'value': 2, 'prev_value': None, 'change': True}
2026-06-08 20:20:20,907 : INFO : EventManager : Event: ======'machine_var_audits_missing_switches_s_59_saucer_right'====== Args={'value': 16, 'prev_value': None, 'change': True}
2026-06-08 20:20:20,907 : INFO : EventManager : Event: ======'machine_var_audits_missing_switches_s_61_top_lane_b'====== Args={'value': 16, 'prev_value': None, 'change': True}
2026-06-08 20:20:20,907 : INFO : EventManager : Event: ======'machine_var_audits_missing_switches_s_62_top_lane_a'====== Args={'value': 97, 'prev_value': None, 'change': True}
2026-06-08 20:20:20,907 : INFO : EventManager : Event: ======'machine_var_audits_missing_switches_s_63_stand_up_target_3'====== Args={'value': 3, 'prev_value': None, 'change': True}
2026-06-08 20:20:20,907 : INFO : EventManager : Event: ======'machine_var_audits_missing_switches_s_64_varitarget_position_1'====== Args={'value': 57, 'prev_value': None, 'change': True}
2026-06-08 20:20:20,907 : INFO : EventManager : Event: ======'machine_var_audits_missing_switches_s_65_varitarget_position_2'====== Args={'value': 58, 'prev_value': None, 'change': True}
2026-06-08 20:20:20,907 : INFO : EventManager : Event: ======'machine_var_audits_missing_switches_s_66_varitarget_position_3'====== Args={'value': 3, 'prev_value': None, 'change': True}
2026-06-08 20:20:20,907 : INFO : EventManager : Event: ======'machine_var_audits_missing_switches_s_67_varitarget_position_4'====== Args={'value': 15, 'prev_value': None, 'change': True}
2026-06-08 20:20:20,907 : INFO : EventManager : Event: ======'machine_var_audits_missing_switches_s_68_varitarget_position_5'====== Args={'value': 15, 'prev_value': None, 'change': True}
2026-06-08 20:20:20,907 : INFO : EventManager : Event: ======'machine_var_audits_missing_switches_s_69_varitarget_position_6'====== Args={'value': 15, 'prev_value': None, 'change': True}
2026-06-08 20:20:20,907 : INFO : EventManager : Event: ======'machine_var_audits_missing_switches_s_70_varitarget_position_7'====== Args={'value': 18, 'prev_value': None, 'change': True}
2026-06-08 20:20:20,908 : INFO : EventManager : Event: ======'machine_var_audits_missing_switches_s_71_spinner_left'====== Args={'value': 4, 'prev_value': None, 'change': True}
2026-06-08 20:20:20,908 : INFO : EventManager : Event: ======'machine_var_audits_missing_switches_s_72_single_drop_1'====== Args={'value': 3, 'prev_value': None, 'change': True}
2026-06-08 20:20:20,908 : INFO : EventManager : Event: ======'machine_var_audits_missing_switches_s_73_fourbank_drop_1'====== Args={'value': 18, 'prev_value': None, 'change': True}
2026-06-08 20:20:20,908 : INFO : EventManager : Event: ======'machine_var_audits_missing_switches_s_74_fourbank_drop_2'====== Args={'value': 9, 'prev_value': None, 'change': True}
2026-06-08 20:20:20,908 : INFO : EventManager : Event: ======'machine_var_audits_missing_switches_s_75_fourbank_drop_3'====== Args={'value': 5, 'prev_value': None, 'change': True}
2026-06-08 20:20:20,908 : INFO : EventManager : Event: ======'machine_var_audits_missing_switches_s_76_fourbank_drop_4'====== Args={'value': 3, 'prev_value': None, 'change': True}
2026-06-08 20:20:20,908 : INFO : EventManager : Event: ======'machine_var_audits_missing_switches_s_77_threebank_drop_1'====== Args={'value': 3, 'prev_value': None, 'change': True}
2026-06-08 20:20:20,908 : INFO : EventManager : Event: ======'machine_var_audits_missing_switches_s_78_threebank_drop_2'====== Args={'value': 3, 'prev_value': None, 'change': True}
2026-06-08 20:20:20,908 : INFO : EventManager : Event: ======'machine_var_audits_missing_switches_s_79_threebank_drop_3'====== Args={'value': 3, 'prev_value': None, 'change': True}
2026-06-08 20:20:20,908 : INFO : EventManager : Event: ======'machine_var_audits_missing_switches_s_80_stand_up_target_2'====== Args={'value': 18, 'prev_value': None, 'change': True}
2026-06-08 20:20:20,908 : INFO : EventManager : Event: ======'machine_var_audits_missing_switches_s_81_saucer_left'====== Args={'value': 15, 'prev_value': None, 'change': True}
2026-06-08 20:20:20,908 : INFO : EventManager : Event: ======'machine_var_audits_missing_switches_s_82_stand_up_target_bank_1'====== Args={'value': 15, 'prev_value': None, 'change': True}
2026-06-08 20:20:20,908 : INFO : EventManager : Event: ======'machine_var_audits_missing_switches_s_83_stand_up_target_bank_2'====== Args={'value': 15, 'prev_value': None, 'change': True}
2026-06-08 20:20:20,908 : INFO : EventManager : Event: ======'machine_var_audits_missing_switches_s_84_stand_up_target_bank_3'====== Args={'value': 15, 'prev_value': None, 'change': True}
2026-06-08 20:20:20,908 : INFO : EventManager : Event: ======'machine_var_audits_missing_switches_s_85_stand_up_target_bank_4'====== Args={'value': 5, 'prev_value': None, 'change': True}
2026-06-08 20:20:20,908 : INFO : EventManager : Event: ======'machine_var_audits_missing_switches_s_86_stand_up_target_bank_5'====== Args={'value': 3, 'prev_value': None, 'change': True}
2026-06-08 20:20:20,908 : INFO : EventManager : Event: ======'machine_var_audits_missing_switches_s_87_stand_up_target_bank_6'====== Args={'value': 4, 'prev_value': None, 'change': True}
2026-06-08 20:20:20,908 : INFO : EventManager : Event: ======'machine_var_audits_player_score'====== Args={'value': {'average': 1264614, 'top': [2531176, 2194524, 1880840, 1792394, 1680944, 1638150, 1578150, 1550789, 1547313, 1540168], 'total': 84}, 'prev_value': None, 'change': True}
2026-06-08 20:20:20,908 : INFO : EventManager : Event: ======'machine_var_audits_shots_shot_dt_1'====== Args={'value': 20, 'prev_value': None, 'change': True}
2026-06-08 20:20:20,908 : INFO : EventManager : Event: ======'machine_var_audits_shots_shot_dt_2'====== Args={'value': 30, 'prev_value': None, 'change': True}
2026-06-08 20:20:20,908 : INFO : EventManager : Event: ======'machine_var_audits_shots_shot_dt_3'====== Args={'value': 29, 'prev_value': None, 'change': True}
2026-06-08 20:20:20,909 : INFO : EventManager : Event: ======'machine_var_audits_shots_shot_dt_4'====== Args={'value': 34, 'prev_value': None, 'change': True}
2026-06-08 20:20:20,909 : INFO : EventManager : Event: ======'machine_var_audits_shots_shot_dt_5'====== Args={'value': 36, 'prev_value': None, 'change': True}
2026-06-08 20:20:20,909 : INFO : EventManager : Event: ======'machine_var_audits_shots_shot_dt_6'====== Args={'value': 34, 'prev_value': None, 'change': True}
2026-06-08 20:20:20,909 : INFO : EventManager : Event: ======'machine_var_audits_shots_shot_dt_7'====== Args={'value': 24, 'prev_value': None, 'change': True}
2026-06-08 20:20:20,909 : INFO : EventManager : Event: ======'machine_var_audits_shots_shot_impossible'====== Args={'value': 19, 'prev_value': None, 'change': True}
2026-06-08 20:20:20,909 : INFO : EventManager : Event: ======'machine_var_audits_shots_shot_rollover_top'====== Args={'value': 20, 'prev_value': None, 'change': True}
2026-06-08 20:20:20,909 : INFO : EventManager : Event: ======'machine_var_audits_shots_shot_slingshot_l'====== Args={'value': 96, 'prev_value': None, 'change': True}
2026-06-08 20:20:20,909 : INFO : EventManager : Event: ======'machine_var_audits_shots_shot_slingshot_r'====== Args={'value': 302, 'prev_value': None, 'change': True}
2026-06-08 20:20:20,909 : INFO : EventManager : Event: ======'machine_var_audits_shots_shot_sut_1'====== Args={'value': 35, 'prev_value': None, 'change': True}
2026-06-08 20:20:20,909 : INFO : EventManager : Event: ======'machine_var_audits_shots_shot_sut_2'====== Args={'value': 61, 'prev_value': None, 'change': True}
2026-06-08 20:20:20,909 : INFO : EventManager : Event: ======'machine_var_audits_shots_shot_sut_3'====== Args={'value': 38, 'prev_value': None, 'change': True}
2026-06-08 20:20:20,909 : INFO : EventManager : Event: ======'machine_var_audits_shots_shot_sut_4'====== Args={'value': 47, 'prev_value': None, 'change': True}
2026-06-08 20:20:20,909 : INFO : EventManager : Event: ======'machine_var_audits_shots_shot_sut_5'====== Args={'value': 69, 'prev_value': None, 'change': True}
2026-06-08 20:20:20,909 : INFO : EventManager : Event: ======'machine_var_audits_shots_shot_sut_6'====== Args={'value': 32, 'prev_value': None, 'change': True}
2026-06-08 20:20:20,909 : INFO : EventManager : Event: ======'machine_var_audits_shots_shot_sut_blue'====== Args={'value': 130, 'prev_value': None, 'change': True}
2026-06-08 20:20:20,909 : INFO : EventManager : Event: ======'machine_var_audits_shots_shot_sut_green'====== Args={'value': 67, 'prev_value': None, 'change': True}
2026-06-08 20:20:20,909 : INFO : EventManager : Event: ======'machine_var_audits_shots_shot_sut_red'====== Args={'value': 85, 'prev_value': None, 'change': True}
2026-06-08 20:20:20,909 : INFO : EventManager : Event: ======'machine_var_audits_shots_spinner_left'====== Args={'value': 110, 'prev_value': None, 'change': True}
2026-06-08 20:20:20,909 : INFO : EventManager : Event: ======'machine_var_audits_shots_spinner_right'====== Args={'value': 132, 'prev_value': None, 'change': True}
2026-06-08 20:20:20,909 : INFO : EventManager : Event: ======'machine_var_audits_shots_varitarget_p1'====== Args={'value': 146, 'prev_value': None, 'change': True}
2026-06-08 20:20:20,909 : INFO : EventManager : Event: ======'machine_var_audits_shots_varitarget_p2'====== Args={'value': 2, 'prev_value': None, 'change': True}
2026-06-08 20:20:20,909 : INFO : EventManager : Event: ======'machine_var_audits_shots_varitarget_p3'====== Args={'value': 16, 'prev_value': None, 'change': True}
2026-06-08 20:20:20,909 : INFO : EventManager : Event: ======'machine_var_audits_shots_varitarget_p4'====== Args={'value': 7, 'prev_value': None, 'change': True}
2026-06-08 20:20:20,910 : INFO : EventManager : Event: ======'machine_var_audits_shots_varitarget_p5'====== Args={'value': 21, 'prev_value': None, 'change': True}
2026-06-08 20:20:20,910 : INFO : EventManager : Event: ======'machine_var_audits_shots_varitarget_p6'====== Args={'value': 19, 'prev_value': None, 'change': True}
2026-06-08 20:20:20,910 : INFO : EventManager : Event: ======'machine_var_audits_shots_varitarget_p7'====== Args={'value': 63, 'prev_value': None, 'change': True}
2026-06-08 20:20:20,910 : INFO : EventManager : Event: ======'machine_var_audits_switches_s_00_service_esc'====== Args={'value': 0, 'prev_value': None, 'change': True}
2026-06-08 20:20:20,910 : INFO : EventManager : Event: ======'machine_var_audits_switches_s_01_service_up'====== Args={'value': 0, 'prev_value': None, 'change': True}
2026-06-08 20:20:20,910 : INFO : EventManager : Event: ======'machine_var_audits_switches_s_02_service_down'====== Args={'value': 0, 'prev_value': None, 'change': True}
2026-06-08 20:20:20,910 : INFO : EventManager : Event: ======'machine_var_audits_switches_s_03_service_enter'====== Args={'value': 0, 'prev_value': None, 'change': True}
2026-06-08 20:20:20,910 : INFO : EventManager : Event: ======'machine_var_audits_switches_s_08_left_flipper'====== Args={'value': 1333, 'prev_value': None, 'change': True}
2026-06-08 20:20:20,910 : INFO : EventManager : Event: ======'machine_var_audits_switches_s_11_start_button'====== Args={'value': 118, 'prev_value': None, 'change': True}
2026-06-08 20:20:20,910 : INFO : EventManager : Event: ======'machine_var_audits_switches_s_16_right_flipper'====== Args={'value': 2004, 'prev_value': None, 'change': True}
2026-06-08 20:20:20,910 : INFO : EventManager : Event: ======'machine_var_audits_switches_s_17_right_flipper_upper'====== Args={'value': 1554, 'prev_value': None, 'change': True}
2026-06-08 20:20:20,910 : INFO : EventManager : Event: ======'machine_var_audits_switches_s_24_trough_1'====== Args={'value': 133, 'prev_value': None, 'change': True}
2026-06-08 20:20:20,910 : INFO : EventManager : Event: ======'machine_var_audits_switches_s_25_trough_2'====== Args={'value': 127, 'prev_value': None, 'change': True}
2026-06-08 20:20:20,910 : INFO : EventManager : Event: ======'machine_var_audits_switches_s_26_trough_3'====== Args={'value': 108, 'prev_value': None, 'change': True}
2026-06-08 20:20:20,910 : INFO : EventManager : Event: ======'machine_var_audits_switches_s_27_trough_4'====== Args={'value': 98, 'prev_value': None, 'change': True}
2026-06-08 20:20:20,910 : INFO : EventManager : Event: ======'machine_var_audits_switches_s_28_trough_5'====== Args={'value': 96, 'prev_value': None, 'change': True}
2026-06-08 20:20:20,910 : INFO : EventManager : Event: ======'machine_var_audits_switches_s_29_trough_6'====== Args={'value': 117, 'prev_value': None, 'change': True}
2026-06-08 20:20:20,910 : INFO : EventManager : Event: ======'machine_var_audits_switches_s_30_trough_jam'====== Args={'value': 138, 'prev_value': None, 'change': True}
2026-06-08 20:20:20,911 : INFO : EventManager : Event: ======'machine_var_audits_switches_s_31_plunger_lane'====== Args={'value': 248, 'prev_value': None, 'change': True}
2026-06-08 20:20:20,911 : INFO : EventManager : Event: ======'machine_var_audits_switches_s_32_right_inlane'====== Args={'value': 45, 'prev_value': None, 'change': True}
2026-06-08 20:20:20,911 : INFO : EventManager : Event: ======'machine_var_audits_switches_s_33_right_outlane'====== Args={'value': 4, 'prev_value': None, 'change': True}
2026-06-08 20:20:20,911 : INFO : EventManager : Event: ======'machine_var_audits_switches_s_34_right_sling'====== Args={'value': 302, 'prev_value': None, 'change': True}
2026-06-08 20:20:20,911 : INFO : EventManager : Event: ======'machine_var_audits_switches_s_35_left_inlane'====== Args={'value': 82, 'prev_value': None, 'change': True}
2026-06-08 20:20:20,911 : INFO : EventManager : Event: ======'machine_var_audits_switches_s_36_left_outlane'====== Args={'value': 23, 'prev_value': None, 'change': True}
2026-06-08 20:20:20,911 : INFO : EventManager : Event: ======'machine_var_audits_switches_s_37_left_sling'====== Args={'value': 96, 'prev_value': None, 'change': True}
2026-06-08 20:20:20,911 : INFO : EventManager : Event: ======'machine_var_audits_switches_s_38_star_rollover_bottom'====== Args={'value': 0, 'prev_value': None, 'change': True}
2026-06-08 20:20:20,911 : INFO : EventManager : Event: ======'machine_var_audits_switches_s_39_star_rollover_top'====== Args={'value': 20, 'prev_value': None, 'change': True}
2026-06-08 20:20:20,911 : INFO : EventManager : Event: ======'machine_var_audits_switches_s_40_stand_up_target_5'====== Args={'value': 63, 'prev_value': None, 'change': True}
2026-06-08 20:20:20,911 : INFO : EventManager : Event: ======'machine_var_audits_switches_s_41_stand_up_target_6'====== Args={'value': 59, 'prev_value': None, 'change': True}
2026-06-08 20:20:20,911 : INFO : EventManager : Event: ======'machine_var_audits_switches_s_42_stand_up_target_1'====== Args={'value': 19, 'prev_value': None, 'change': True}
2026-06-08 20:20:20,911 : INFO : EventManager : Event: ======'machine_var_audits_switches_s_43_stand_up_target_4'====== Args={'value': 75, 'prev_value': None, 'change': True}
2026-06-08 20:20:20,911 : INFO : EventManager : Event: ======'machine_var_audits_switches_s_44_spinner_right'====== Args={'value': 133, 'prev_value': None, 'change': True}
2026-06-08 20:20:20,911 : INFO : EventManager : Event: ======'machine_var_audits_switches_s_56_pop_bumper_right'====== Args={'value': 124, 'prev_value': None, 'change': True}
2026-06-08 20:20:20,911 : INFO : EventManager : Event: ======'machine_var_audits_switches_s_57_pop_bumper_center'====== Args={'value': 244, 'prev_value': None, 'change': True}
2026-06-08 20:20:20,911 : INFO : EventManager : Event: ======'machine_var_audits_switches_s_58_pop_bumper_left'====== Args={'value': 362, 'prev_value': None, 'change': True}
2026-06-08 20:20:20,911 : INFO : EventManager : Event: ======'machine_var_audits_switches_s_59_saucer_right'====== Args={'value': 8, 'prev_value': None, 'change': True}
2026-06-08 20:20:20,911 : INFO : EventManager : Event: ======'machine_var_audits_switches_s_60_top_lane_c'====== Args={'value': 116, 'prev_value': None, 'change': True}
2026-06-08 20:20:20,911 : INFO : EventManager : Event: ======'machine_var_audits_switches_s_61_top_lane_b'====== Args={'value': 35, 'prev_value': None, 'change': True}
2026-06-08 20:20:20,911 : INFO : EventManager : Event: ======'machine_var_audits_switches_s_62_top_lane_a'====== Args={'value': 0, 'prev_value': None, 'change': True}
2026-06-08 20:20:20,911 : INFO : EventManager : Event: ======'machine_var_audits_switches_s_63_stand_up_target_3'====== Args={'value': 33, 'prev_value': None, 'change': True}
2026-06-08 20:20:20,912 : INFO : EventManager : Event: ======'machine_var_audits_switches_s_64_varitarget_position_1'====== Args={'value': 146, 'prev_value': None, 'change': True}
2026-06-08 20:20:20,912 : INFO : EventManager : Event: ======'machine_var_audits_switches_s_65_varitarget_position_2'====== Args={'value': 2, 'prev_value': None, 'change': True}
2026-06-08 20:20:20,912 : INFO : EventManager : Event: ======'machine_var_audits_switches_s_66_varitarget_position_3'====== Args={'value': 16, 'prev_value': None, 'change': True}
2026-06-08 20:20:20,912 : INFO : EventManager : Event: ======'machine_var_audits_switches_s_67_varitarget_position_4'====== Args={'value': 7, 'prev_value': None, 'change': True}
2026-06-08 20:20:20,912 : INFO : EventManager : Event: ======'machine_var_audits_switches_s_68_varitarget_position_5'====== Args={'value': 21, 'prev_value': None, 'change': True}
2026-06-08 20:20:20,912 : INFO : EventManager : Event: ======'machine_var_audits_switches_s_69_varitarget_position_6'====== Args={'value': 19, 'prev_value': None, 'change': True}
2026-06-08 20:20:20,912 : INFO : EventManager : Event: ======'machine_var_audits_switches_s_70_varitarget_position_7'====== Args={'value': 63, 'prev_value': None, 'change': True}
2026-06-08 20:20:20,912 : INFO : EventManager : Event: ======'machine_var_audits_switches_s_71_spinner_left'====== Args={'value': 110, 'prev_value': None, 'change': True}
2026-06-08 20:20:20,912 : INFO : EventManager : Event: ======'machine_var_audits_switches_s_72_single_drop_1'====== Args={'value': 34, 'prev_value': None, 'change': True}
2026-06-08 20:20:20,912 : INFO : EventManager : Event: ======'machine_var_audits_switches_s_73_fourbank_drop_1'====== Args={'value': 20, 'prev_value': None, 'change': True}
2026-06-08 20:20:20,912 : INFO : EventManager : Event: ======'machine_var_audits_switches_s_74_fourbank_drop_2'====== Args={'value': 31, 'prev_value': None, 'change': True}
2026-06-08 20:20:20,912 : INFO : EventManager : Event: ======'machine_var_audits_switches_s_75_fourbank_drop_3'====== Args={'value': 32, 'prev_value': None, 'change': True}
2026-06-08 20:20:20,912 : INFO : EventManager : Event: ======'machine_var_audits_switches_s_76_fourbank_drop_4'====== Args={'value': 35, 'prev_value': None, 'change': True}
2026-06-08 20:20:20,912 : INFO : EventManager : Event: ======'machine_var_audits_switches_s_77_threebank_drop_1'====== Args={'value': 56, 'prev_value': None, 'change': True}
2026-06-08 20:20:20,912 : INFO : EventManager : Event: ======'machine_var_audits_switches_s_78_threebank_drop_2'====== Args={'value': 40, 'prev_value': None, 'change': True}
2026-06-08 20:20:20,912 : INFO : EventManager : Event: ======'machine_var_audits_switches_s_79_threebank_drop_3'====== Args={'value': 24, 'prev_value': None, 'change': True}
2026-06-08 20:20:20,912 : INFO : EventManager : Event: ======'machine_var_audits_switches_s_80_stand_up_target_2'====== Args={'value': 8, 'prev_value': None, 'change': True}
2026-06-08 20:20:20,912 : INFO : EventManager : Event: ======'machine_var_audits_switches_s_81_saucer_left'====== Args={'value': 44, 'prev_value': None, 'change': True}
2026-06-08 20:20:20,912 : INFO : EventManager : Event: ======'machine_var_audits_switches_s_82_stand_up_target_bank_1'====== Args={'value': 35, 'prev_value': None, 'change': True}
2026-06-08 20:20:20,912 : INFO : EventManager : Event: ======'machine_var_audits_switches_s_83_stand_up_target_bank_2'====== Args={'value': 61, 'prev_value': None, 'change': True}
2026-06-08 20:20:20,912 : INFO : EventManager : Event: ======'machine_var_audits_switches_s_84_stand_up_target_bank_3'====== Args={'value': 38, 'prev_value': None, 'change': True}
2026-06-08 20:20:20,912 : INFO : EventManager : Event: ======'machine_var_audits_switches_s_85_stand_up_target_bank_4'====== Args={'value': 47, 'prev_value': None, 'change': True}
2026-06-08 20:20:20,912 : INFO : EventManager : Event: ======'machine_var_audits_switches_s_86_stand_up_target_bank_5'====== Args={'value': 69, 'prev_value': None, 'change': True}
2026-06-08 20:20:20,913 : INFO : EventManager : Event: ======'machine_var_audits_switches_s_87_stand_up_target_bank_6'====== Args={'value': 32, 'prev_value': None, 'change': True}
2026-06-08 20:20:20,913 : INFO : EventManager : Event: ======'init_phase_5'====== Args={}
2026-06-08 20:20:20,914 : INFO : EventManager : Event: ======'init_done'====== Args={}
2026-06-08 20:20:20,914 : INFO : EventManager : Event: ======'machine_reset_phase_1'====== Args={}
2026-06-08 20:20:20,922 : INFO : EventManager : Event: ======'machine_reset_phase_2'====== Args={}
2026-06-08 20:20:20,923 : INFO : EventManager : Event: ======'machine_reset_phase_3'====== Args={}
2026-06-08 20:20:20,923 : INFO : drop_target_bank.dt_bank_1_4 : All targets are already up. Will not reset bank.
2026-06-08 20:20:20,923 : INFO : drop_target_bank.dt_bank_5_7 : All targets are already up. Will not reset bank.
2026-06-08 20:20:20,924 : INFO : EventManager : Event: ======'reset_complete'====== Args={}
2026-06-08 20:20:20,924 : INFO : EventManager : Event: ======'mode_attract_will_start'====== Args={}
2026-06-08 20:20:20,924 : INFO : Timer.attract_carousel_timer : Starting Timer.
2026-06-08 20:20:20,924 : INFO : EventManager : Event: ======'timer_attract_carousel_timer_started'====== Args={'ticks': 0, 'ticks_remaining': 1}
2026-06-08 20:20:20,924 : INFO : EventManager : Event: ======'timer_attract_carousel_timer_tick'====== Args={'ticks': 0, 'ticks_remaining': 1}
2026-06-08 20:20:20,925 : INFO : EventManager : Event: ======'mode_attract_starting'====== Args={}
2026-06-08 20:20:20,925 : INFO : Mode.attract : Started. Priority: 10
2026-06-08 20:20:20,925 : INFO : EventManager : Event: ======'modes_active_modes_changed'====== Args={}
2026-06-08 20:20:20,925 : INFO : EventManager : Event: ======'mode_attract_started'====== Args={}
2026-06-08 20:20:20,926 : INFO : EventManager : Event: ======'start_mode_attract_scores'====== Args={'priority': 0}
2026-06-08 20:20:20,926 : INFO : EventManager : Event: ======'start_mode_attract_credits'====== Args={'priority': 0}
2026-06-08 20:20:20,926 : INFO : EventManager : Event: ======'mode_attract_scores_will_start'====== Args={'priority': 0}
2026-06-08 20:20:20,927 : INFO : Timer.attract_scores_carousel_timer : Starting Timer.
2026-06-08 20:20:20,927 : INFO : EventManager : Event: ======'timer_attract_scores_carousel_timer_started'====== Args={'ticks': 0, 'ticks_remaining': 1}
2026-06-08 20:20:20,927 : INFO : EventManager : Event: ======'timer_attract_scores_carousel_timer_tick'====== Args={'ticks': 0, 'ticks_remaining': 1}
2026-06-08 20:20:20,927 : INFO : EventManager : Event: ======'mode_attract_scores_starting'====== Args={'priority': 0}
2026-06-08 20:20:20,927 : INFO : EventManager : Event: ======'mode_attract_credits_will_start'====== Args={'priority': 0}
2026-06-08 20:20:20,927 : INFO : Timer.attract_credits_carousel_timer : Starting Timer.
2026-06-08 20:20:20,927 : INFO : EventManager : Event: ======'timer_attract_credits_carousel_timer_started'====== Args={'ticks': 0, 'ticks_remaining': 1}
2026-06-08 20:20:20,927 : INFO : EventManager : Event: ======'timer_attract_credits_carousel_timer_tick'====== Args={'ticks': 0, 'ticks_remaining': 1}
2026-06-08 20:20:20,928 : INFO : EventManager : Event: ======'mode_attract_credits_starting'====== Args={'priority': 0}
2026-06-08 20:20:20,928 : INFO : Mode.attract_credits : Started. Priority: 8
2026-06-08 20:20:20,928 : INFO : EventManager : Event: ======'modes_active_modes_changed'====== Args={}
2026-06-08 20:20:20,928 : INFO : EventManager : Event: ======'mode_attract_credits_started'====== Args={'priority': 0}
2026-06-08 20:20:20,928 : INFO : EventManager : Event: ======'carousel_item_highlighted'====== Args={'carousel': 'attract_credits', 'direction': None, 'item': 'credits_sfx'}
2026-06-08 20:20:20,928 : INFO : Mode.attract_scores : Started. Priority: 9
2026-06-08 20:20:20,928 : INFO : EventManager : Event: ======'modes_active_modes_changed'====== Args={}
2026-06-08 20:20:20,928 : INFO : EventManager : Event: ======'mode_attract_scores_started'====== Args={'priority': 0}
2026-06-08 20:20:20,929 : INFO : EventManager : Event: ======'carousel_item_highlighted'====== Args={'carousel': 'attract_scores', 'direction': None, 'item': 'last_game_score'}
2026-06-08 20:20:20,929 : INFO : EventManager : Event: ======'collecting_balls_complete'====== Args={}
2026-06-08 20:20:20,929 : INFO : EventManager : Event: ======'carousel_item_highlighted'====== Args={'carousel': 'attract', 'direction': None, 'item': 'title'}
2026-06-08 20:20:20,930 : INFO : Machine : Starting the main run loop with active modes: [<Mode.attract>, <Mode.attract_scores>, <Mode.attract_credits>]
2026-06-08 20:20:21,077 : INFO : EventManager : Event: ======'slide_attract_created'====== Args={'_from_bcp': True}
2026-06-08 20:20:21,077 : INFO : EventManager : Event: ======'slide__removed'====== Args={'_from_bcp': True}
2026-06-08 20:20:21,078 : INFO : EventManager : Event: ======'slide_attract_active'====== Args={'original_context': 'attract', 'original_calling_context': 'mode_attract_started', 'priority': 10.0, 'cmd': 'slides_play', '_from_bcp': True}
2026-06-08 20:20:21,320 : INFO : BcpServer : New client connected.
2026-06-08 20:20:21,536 : INFO : BcpServer : New client connected.
2026-06-08 20:20:21,659 : INFO : BcpServer : New client connected.
2026-06-08 20:20:25,924 : INFO : Timer.attract_credits_carousel_timer : Timer Complete
2026-06-08 20:20:25,924 : INFO : Timer.attract_credits_carousel_timer : Stopping Timer
2026-06-08 20:20:25,925 : INFO : EventManager : Event: ======'timer_attract_credits_carousel_timer_stopped'====== Args={'ticks': 1, 'ticks_remaining': 1}
2026-06-08 20:20:25,925 : INFO : EventManager : Event: ======'timer_attract_credits_carousel_timer_complete'====== Args={'ticks': 1, 'ticks_remaining': 1}
2026-06-08 20:20:25,925 : INFO : Timer.attract_scores_carousel_timer : Timer Complete
2026-06-08 20:20:25,925 : INFO : Timer.attract_scores_carousel_timer : Stopping Timer
2026-06-08 20:20:25,925 : INFO : EventManager : Event: ======'timer_attract_scores_carousel_timer_stopped'====== Args={'ticks': 1, 'ticks_remaining': 1}
2026-06-08 20:20:25,925 : INFO : EventManager : Event: ======'timer_attract_scores_carousel_timer_complete'====== Args={'ticks': 1, 'ticks_remaining': 1}
2026-06-08 20:20:25,926 : INFO : Timer.attract_carousel_timer : Timer Complete
2026-06-08 20:20:25,926 : INFO : Timer.attract_carousel_timer : Stopping Timer
2026-06-08 20:20:25,926 : INFO : EventManager : Event: ======'timer_attract_carousel_timer_stopped'====== Args={'ticks': 1, 'ticks_remaining': 1}
2026-06-08 20:20:25,926 : INFO : EventManager : Event: ======'timer_attract_carousel_timer_complete'====== Args={'ticks': 1, 'ticks_remaining': 1}
2026-06-08 20:20:25,927 : INFO : EventManager : Event: ======'carousel_item_highlighted'====== Args={'carousel': 'attract_credits', 'direction': 'forwards', 'item': 'credits_mpf'}
2026-06-08 20:20:25,928 : INFO : EventManager : Event: ======'carousel_item_highlighted'====== Args={'carousel': 'attract_scores', 'direction': 'forwards', 'item': 'grand_champion'}
2026-06-08 20:20:25,928 : INFO : EventManager : Event: ======'carousel_item_highlighted'====== Args={'carousel': 'attract', 'direction': 'forwards', 'item': 'title2'}
2026-06-08 20:20:25,928 : INFO : Timer.attract_carousel_timer : Starting Timer.
2026-06-08 20:20:25,928 : INFO : EventManager : Event: ======'timer_attract_carousel_timer_started'====== Args={'ticks': 0, 'ticks_remaining': 1}
2026-06-08 20:20:25,929 : INFO : EventManager : Event: ======'timer_attract_carousel_timer_tick'====== Args={'ticks': 0, 'ticks_remaining': 1}
2026-06-08 20:20:30,917 : INFO : Timer.attract_carousel_timer : Timer Complete
2026-06-08 20:20:30,918 : INFO : Timer.attract_carousel_timer : Stopping Timer
2026-06-08 20:20:30,918 : INFO : EventManager : Event: ======'timer_attract_carousel_timer_stopped'====== Args={'ticks': 1, 'ticks_remaining': 1}
2026-06-08 20:20:30,918 : INFO : EventManager : Event: ======'timer_attract_carousel_timer_complete'====== Args={'ticks': 1, 'ticks_remaining': 1}
2026-06-08 20:20:30,920 : INFO : EventManager : Event: ======'carousel_item_highlighted'====== Args={'carousel': 'attract', 'direction': 'forwards', 'item': 'title'}
2026-06-08 20:20:30,921 : INFO : Timer.attract_carousel_timer : Starting Timer.
2026-06-08 20:20:30,921 : INFO : EventManager : Event: ======'timer_attract_carousel_timer_started'====== Args={'ticks': 0, 'ticks_remaining': 1}
2026-06-08 20:20:30,921 : INFO : EventManager : Event: ======'timer_attract_carousel_timer_tick'====== Args={'ticks': 0, 'ticks_remaining': 1}
2026-06-08 20:20:35,928 : INFO : Timer.attract_carousel_timer : Timer Complete
2026-06-08 20:20:35,928 : INFO : Timer.attract_carousel_timer : Stopping Timer
2026-06-08 20:20:35,928 : INFO : EventManager : Event: ======'timer_attract_carousel_timer_stopped'====== Args={'ticks': 1, 'ticks_remaining': 1}
2026-06-08 20:20:35,928 : INFO : EventManager : Event: ======'timer_attract_carousel_timer_complete'====== Args={'ticks': 1, 'ticks_remaining': 1}
2026-06-08 20:20:35,929 : INFO : EventManager : Event: ======'carousel_item_highlighted'====== Args={'carousel': 'attract', 'direction': 'forwards', 'item': 'title2'}
2026-06-08 20:20:35,930 : INFO : Timer.attract_carousel_timer : Starting Timer.
2026-06-08 20:20:35,930 : INFO : EventManager : Event: ======'timer_attract_carousel_timer_started'====== Args={'ticks': 0, 'ticks_remaining': 1}
2026-06-08 20:20:35,930 : INFO : EventManager : Event: ======'timer_attract_carousel_timer_tick'====== Args={'ticks': 0, 'ticks_remaining': 1}
2026-06-08 20:20:40,923 : INFO : Timer.attract_carousel_timer : Timer Complete
2026-06-08 20:20:40,923 : INFO : Timer.attract_carousel_timer : Stopping Timer
2026-06-08 20:20:40,924 : INFO : EventManager : Event: ======'timer_attract_carousel_timer_stopped'====== Args={'ticks': 1, 'ticks_remaining': 1}
2026-06-08 20:20:40,924 : INFO : EventManager : Event: ======'timer_attract_carousel_timer_complete'====== Args={'ticks': 1, 'ticks_remaining': 1}
2026-06-08 20:20:40,925 : INFO : EventManager : Event: ======'carousel_item_highlighted'====== Args={'carousel': 'attract', 'direction': 'forwards', 'item': 'title'}
2026-06-08 20:20:40,925 : INFO : Timer.attract_carousel_timer : Starting Timer.
2026-06-08 20:20:40,925 : INFO : EventManager : Event: ======'timer_attract_carousel_timer_started'====== Args={'ticks': 0, 'ticks_remaining': 1}
2026-06-08 20:20:40,926 : INFO : EventManager : Event: ======'timer_attract_carousel_timer_tick'====== Args={'ticks': 0, 'ticks_remaining': 1}
2026-06-08 20:20:45,928 : INFO : Timer.attract_carousel_timer : Timer Complete
2026-06-08 20:20:45,928 : INFO : Timer.attract_carousel_timer : Stopping Timer
2026-06-08 20:20:45,928 : INFO : EventManager : Event: ======'timer_attract_carousel_timer_stopped'====== Args={'ticks': 1, 'ticks_remaining': 1}
2026-06-08 20:20:45,929 : INFO : EventManager : Event: ======'timer_attract_carousel_timer_complete'====== Args={'ticks': 1, 'ticks_remaining': 1}
2026-06-08 20:20:45,929 : INFO : EventManager : Event: ======'carousel_item_highlighted'====== Args={'carousel': 'attract', 'direction': 'forwards', 'item': 'title2'}
2026-06-08 20:20:45,930 : INFO : Timer.attract_carousel_timer : Starting Timer.
2026-06-08 20:20:45,930 : INFO : EventManager : Event: ======'timer_attract_carousel_timer_started'====== Args={'ticks': 0, 'ticks_remaining': 1}
2026-06-08 20:20:45,930 : INFO : EventManager : Event: ======'timer_attract_carousel_timer_tick'====== Args={'ticks': 0, 'ticks_remaining': 1}
2026-06-08 20:20:50,926 : INFO : Timer.attract_carousel_timer : Timer Complete
2026-06-08 20:20:50,926 : INFO : Timer.attract_carousel_timer : Stopping Timer
2026-06-08 20:20:50,927 : INFO : EventManager : Event: ======'timer_attract_carousel_timer_stopped'====== Args={'ticks': 1, 'ticks_remaining': 1}
2026-06-08 20:20:50,927 : INFO : EventManager : Event: ======'timer_attract_carousel_timer_complete'====== Args={'ticks': 1, 'ticks_remaining': 1}
2026-06-08 20:20:50,928 : INFO : EventManager : Event: ======'carousel_item_highlighted'====== Args={'carousel': 'attract', 'direction': 'forwards', 'item': 'title'}
2026-06-08 20:20:50,928 : INFO : Timer.attract_carousel_timer : Starting Timer.
2026-06-08 20:20:50,928 : INFO : EventManager : Event: ======'timer_attract_carousel_timer_started'====== Args={'ticks': 0, 'ticks_remaining': 1}
2026-06-08 20:20:50,928 : INFO : EventManager : Event: ======'timer_attract_carousel_timer_tick'====== Args={'ticks': 0, 'ticks_remaining': 1}
2026-06-08 20:20:55,925 : INFO : Timer.attract_carousel_timer : Timer Complete
2026-06-08 20:20:55,925 : INFO : Timer.attract_carousel_timer : Stopping Timer
2026-06-08 20:20:55,925 : INFO : EventManager : Event: ======'timer_attract_carousel_timer_stopped'====== Args={'ticks': 1, 'ticks_remaining': 1}
2026-06-08 20:20:55,926 : INFO : EventManager : Event: ======'timer_attract_carousel_timer_complete'====== Args={'ticks': 1, 'ticks_remaining': 1}
2026-06-08 20:20:55,926 : INFO : EventManager : Event: ======'carousel_item_highlighted'====== Args={'carousel': 'attract', 'direction': 'forwards', 'item': 'title2'}
2026-06-08 20:20:55,927 : INFO : Timer.attract_carousel_timer : Starting Timer.
2026-06-08 20:20:55,927 : INFO : EventManager : Event: ======'timer_attract_carousel_timer_started'====== Args={'ticks': 0, 'ticks_remaining': 1}
2026-06-08 20:20:55,927 : INFO : EventManager : Event: ======'timer_attract_carousel_timer_tick'====== Args={'ticks': 0, 'ticks_remaining': 1}
2026-06-08 20:21:00,922 : INFO : Timer.attract_carousel_timer : Timer Complete
2026-06-08 20:21:00,922 : INFO : Timer.attract_carousel_timer : Stopping Timer
2026-06-08 20:21:00,923 : INFO : EventManager : Event: ======'timer_attract_carousel_timer_stopped'====== Args={'ticks': 1, 'ticks_remaining': 1}
2026-06-08 20:21:00,923 : INFO : EventManager : Event: ======'timer_attract_carousel_timer_complete'====== Args={'ticks': 1, 'ticks_remaining': 1}
2026-06-08 20:21:00,924 : INFO : EventManager : Event: ======'carousel_item_highlighted'====== Args={'carousel': 'attract', 'direction': 'forwards', 'item': 'title'}
2026-06-08 20:21:00,924 : INFO : Timer.attract_carousel_timer : Starting Timer.
2026-06-08 20:21:00,925 : INFO : EventManager : Event: ======'timer_attract_carousel_timer_started'====== Args={'ticks': 0, 'ticks_remaining': 1}
2026-06-08 20:21:00,925 : INFO : EventManager : Event: ======'timer_attract_carousel_timer_tick'====== Args={'ticks': 0, 'ticks_remaining': 1}
2026-06-08 20:21:05,919 : INFO : Timer.attract_carousel_timer : Timer Complete
2026-06-08 20:21:05,919 : INFO : Timer.attract_carousel_timer : Stopping Timer
2026-06-08 20:21:05,919 : INFO : EventManager : Event: ======'timer_attract_carousel_timer_stopped'====== Args={'ticks': 1, 'ticks_remaining': 1}
2026-06-08 20:21:05,919 : INFO : EventManager : Event: ======'timer_attract_carousel_timer_complete'====== Args={'ticks': 1, 'ticks_remaining': 1}
2026-06-08 20:21:05,921 : INFO : EventManager : Event: ======'carousel_item_highlighted'====== Args={'carousel': 'attract', 'direction': 'forwards', 'item': 'title2'}
2026-06-08 20:21:05,921 : INFO : Timer.attract_carousel_timer : Starting Timer.
2026-06-08 20:21:05,921 : INFO : EventManager : Event: ======'timer_attract_carousel_timer_started'====== Args={'ticks': 0, 'ticks_remaining': 1}
2026-06-08 20:21:05,922 : INFO : EventManager : Event: ======'timer_attract_carousel_timer_tick'====== Args={'ticks': 0, 'ticks_remaining': 1}
2026-06-08 20:21:10,928 : INFO : Timer.attract_carousel_timer : Timer Complete
2026-06-08 20:21:10,928 : INFO : Timer.attract_carousel_timer : Stopping Timer
2026-06-08 20:21:10,929 : INFO : EventManager : Event: ======'timer_attract_carousel_timer_stopped'====== Args={'ticks': 1, 'ticks_remaining': 1}
2026-06-08 20:21:10,929 : INFO : EventManager : Event: ======'timer_attract_carousel_timer_complete'====== Args={'ticks': 1, 'ticks_remaining': 1}
2026-06-08 20:21:10,929 : INFO : EventManager : Event: ======'carousel_item_highlighted'====== Args={'carousel': 'attract', 'direction': 'forwards', 'item': 'title'}
2026-06-08 20:21:10,930 : INFO : Timer.attract_carousel_timer : Starting Timer.
2026-06-08 20:21:10,930 : INFO : EventManager : Event: ======'timer_attract_carousel_timer_started'====== Args={'ticks': 0, 'ticks_remaining': 1}
2026-06-08 20:21:10,930 : INFO : EventManager : Event: ======'timer_attract_carousel_timer_tick'====== Args={'ticks': 0, 'ticks_remaining': 1}
2026-06-08 20:21:15,928 : INFO : Timer.attract_carousel_timer : Timer Complete
2026-06-08 20:21:15,928 : INFO : Timer.attract_carousel_timer : Stopping Timer
2026-06-08 20:21:15,928 : INFO : EventManager : Event: ======'timer_attract_carousel_timer_stopped'====== Args={'ticks': 1, 'ticks_remaining': 1}
2026-06-08 20:21:15,929 : INFO : EventManager : Event: ======'timer_attract_carousel_timer_complete'====== Args={'ticks': 1, 'ticks_remaining': 1}
2026-06-08 20:21:15,929 : INFO : EventManager : Event: ======'carousel_item_highlighted'====== Args={'carousel': 'attract', 'direction': 'forwards', 'item': 'title2'}
2026-06-08 20:21:15,930 : INFO : Timer.attract_carousel_timer : Starting Timer.
2026-06-08 20:21:15,930 : INFO : EventManager : Event: ======'timer_attract_carousel_timer_started'====== Args={'ticks': 0, 'ticks_remaining': 1}
2026-06-08 20:21:15,930 : INFO : EventManager : Event: ======'timer_attract_carousel_timer_tick'====== Args={'ticks': 0, 'ticks_remaining': 1}
2026-06-08 20:21:20,931 : INFO : Timer.attract_carousel_timer : Timer Complete
2026-06-08 20:21:20,931 : INFO : Timer.attract_carousel_timer : Stopping Timer
2026-06-08 20:21:20,931 : INFO : EventManager : Event: ======'timer_attract_carousel_timer_stopped'====== Args={'ticks': 1, 'ticks_remaining': 1}
2026-06-08 20:21:20,932 : INFO : EventManager : Event: ======'timer_attract_carousel_timer_complete'====== Args={'ticks': 1, 'ticks_remaining': 1}
2026-06-08 20:21:20,932 : INFO : EventManager : Event: ======'carousel_item_highlighted'====== Args={'carousel': 'attract', 'direction': 'forwards', 'item': 'title'}
2026-06-08 20:21:20,933 : INFO : Timer.attract_carousel_timer : Starting Timer.
2026-06-08 20:21:20,933 : INFO : EventManager : Event: ======'timer_attract_carousel_timer_started'====== Args={'ticks': 0, 'ticks_remaining': 1}
2026-06-08 20:21:20,933 : INFO : EventManager : Event: ======'timer_attract_carousel_timer_tick'====== Args={'ticks': 0, 'ticks_remaining': 1}
2026-06-08 20:21:25,926 : INFO : Timer.attract_carousel_timer : Timer Complete
2026-06-08 20:21:25,926 : INFO : Timer.attract_carousel_timer : Stopping Timer
2026-06-08 20:21:25,926 : INFO : EventManager : Event: ======'timer_attract_carousel_timer_stopped'====== Args={'ticks': 1, 'ticks_remaining': 1}
2026-06-08 20:21:25,927 : INFO : EventManager : Event: ======'timer_attract_carousel_timer_complete'====== Args={'ticks': 1, 'ticks_remaining': 1}
2026-06-08 20:21:25,927 : INFO : EventManager : Event: ======'carousel_item_highlighted'====== Args={'carousel': 'attract', 'direction': 'forwards', 'item': 'title2'}
2026-06-08 20:21:25,928 : INFO : Timer.attract_carousel_timer : Starting Timer.
2026-06-08 20:21:25,928 : INFO : EventManager : Event: ======'timer_attract_carousel_timer_started'====== Args={'ticks': 0, 'ticks_remaining': 1}
2026-06-08 20:21:25,928 : INFO : EventManager : Event: ======'timer_attract_carousel_timer_tick'====== Args={'ticks': 0, 'ticks_remaining': 1}
2026-06-08 20:21:30,925 : INFO : Timer.attract_carousel_timer : Timer Complete
2026-06-08 20:21:30,925 : INFO : Timer.attract_carousel_timer : Stopping Timer
2026-06-08 20:21:30,926 : INFO : EventManager : Event: ======'timer_attract_carousel_timer_stopped'====== Args={'ticks': 1, 'ticks_remaining': 1}
2026-06-08 20:21:30,926 : INFO : EventManager : Event: ======'timer_attract_carousel_timer_complete'====== Args={'ticks': 1, 'ticks_remaining': 1}
2026-06-08 20:21:30,927 : INFO : EventManager : Event: ======'carousel_item_highlighted'====== Args={'carousel': 'attract', 'direction': 'forwards', 'item': 'title'}
2026-06-08 20:21:30,927 : INFO : Timer.attract_carousel_timer : Starting Timer.
2026-06-08 20:21:30,928 : INFO : EventManager : Event: ======'timer_attract_carousel_timer_started'====== Args={'ticks': 0, 'ticks_remaining': 1}
2026-06-08 20:21:30,928 : INFO : EventManager : Event: ======'timer_attract_carousel_timer_tick'====== Args={'ticks': 0, 'ticks_remaining': 1}
2026-06-08 20:21:35,927 : INFO : Timer.attract_carousel_timer : Timer Complete
2026-06-08 20:21:35,927 : INFO : Timer.attract_carousel_timer : Stopping Timer
2026-06-08 20:21:35,927 : INFO : EventManager : Event: ======'timer_attract_carousel_timer_stopped'====== Args={'ticks': 1, 'ticks_remaining': 1}
2026-06-08 20:21:35,928 : INFO : EventManager : Event: ======'timer_attract_carousel_timer_complete'====== Args={'ticks': 1, 'ticks_remaining': 1}
2026-06-08 20:21:35,928 : INFO : EventManager : Event: ======'carousel_item_highlighted'====== Args={'carousel': 'attract', 'direction': 'forwards', 'item': 'title2'}
2026-06-08 20:21:35,929 : INFO : Timer.attract_carousel_timer : Starting Timer.
2026-06-08 20:21:35,929 : INFO : EventManager : Event: ======'timer_attract_carousel_timer_started'====== Args={'ticks': 0, 'ticks_remaining': 1}
2026-06-08 20:21:35,929 : INFO : EventManager : Event: ======'timer_attract_carousel_timer_tick'====== Args={'ticks': 0, 'ticks_remaining': 1}
2026-06-08 20:21:40,932 : INFO : Timer.attract_carousel_timer : Timer Complete
2026-06-08 20:21:40,932 : INFO : Timer.attract_carousel_timer : Stopping Timer
2026-06-08 20:21:40,933 : INFO : EventManager : Event: ======'timer_attract_carousel_timer_stopped'====== Args={'ticks': 1, 'ticks_remaining': 1}
2026-06-08 20:21:40,933 : INFO : EventManager : Event: ======'timer_attract_carousel_timer_complete'====== Args={'ticks': 1, 'ticks_remaining': 1}
2026-06-08 20:21:40,935 : INFO : EventManager : Event: ======'carousel_item_highlighted'====== Args={'carousel': 'attract', 'direction': 'forwards', 'item': 'title'}
2026-06-08 20:21:40,936 : INFO : Timer.attract_carousel_timer : Starting Timer.
2026-06-08 20:21:40,937 : INFO : EventManager : Event: ======'timer_attract_carousel_timer_started'====== Args={'ticks': 0, 'ticks_remaining': 1}
2026-06-08 20:21:40,937 : INFO : EventManager : Event: ======'timer_attract_carousel_timer_tick'====== Args={'ticks': 0, 'ticks_remaining': 1}
2026-06-08 20:21:45,946 : INFO : Timer.attract_carousel_timer : Timer Complete
2026-06-08 20:21:45,946 : INFO : Timer.attract_carousel_timer : Stopping Timer
2026-06-08 20:21:45,947 : INFO : EventManager : Event: ======'timer_attract_carousel_timer_stopped'====== Args={'ticks': 1, 'ticks_remaining': 1}
2026-06-08 20:21:45,947 : INFO : EventManager : Event: ======'timer_attract_carousel_timer_complete'====== Args={'ticks': 1, 'ticks_remaining': 1}
2026-06-08 20:21:45,948 : INFO : EventManager : Event: ======'carousel_item_highlighted'====== Args={'carousel': 'attract', 'direction': 'forwards', 'item': 'title2'}
2026-06-08 20:21:45,948 : INFO : Timer.attract_carousel_timer : Starting Timer.
2026-06-08 20:21:45,948 : INFO : EventManager : Event: ======'timer_attract_carousel_timer_started'====== Args={'ticks': 0, 'ticks_remaining': 1}
2026-06-08 20:21:45,949 : INFO : EventManager : Event: ======'timer_attract_carousel_timer_tick'====== Args={'ticks': 0, 'ticks_remaining': 1}
2026-06-08 20:21:50,948 : INFO : Timer.attract_carousel_timer : Timer Complete
2026-06-08 20:21:50,948 : INFO : Timer.attract_carousel_timer : Stopping Timer
2026-06-08 20:21:50,948 : INFO : EventManager : Event: ======'timer_attract_carousel_timer_stopped'====== Args={'ticks': 1, 'ticks_remaining': 1}
2026-06-08 20:21:50,949 : INFO : EventManager : Event: ======'timer_attract_carousel_timer_complete'====== Args={'ticks': 1, 'ticks_remaining': 1}
2026-06-08 20:21:50,950 : INFO : EventManager : Event: ======'carousel_item_highlighted'====== Args={'carousel': 'attract', 'direction': 'forwards', 'item': 'title'}
2026-06-08 20:21:50,951 : INFO : Timer.attract_carousel_timer : Starting Timer.
2026-06-08 20:21:50,953 : INFO : EventManager : Event: ======'timer_attract_carousel_timer_started'====== Args={'ticks': 0, 'ticks_remaining': 1}
2026-06-08 20:21:50,954 : INFO : EventManager : Event: ======'timer_attract_carousel_timer_tick'====== Args={'ticks': 0, 'ticks_remaining': 1}
2026-06-08 20:21:55,944 : INFO : Timer.attract_carousel_timer : Timer Complete
2026-06-08 20:21:55,944 : INFO : Timer.attract_carousel_timer : Stopping Timer
2026-06-08 20:21:55,945 : INFO : EventManager : Event: ======'timer_attract_carousel_timer_stopped'====== Args={'ticks': 1, 'ticks_remaining': 1}
2026-06-08 20:21:55,945 : INFO : EventManager : Event: ======'timer_attract_carousel_timer_complete'====== Args={'ticks': 1, 'ticks_remaining': 1}
2026-06-08 20:21:55,947 : INFO : EventManager : Event: ======'carousel_item_highlighted'====== Args={'carousel': 'attract', 'direction': 'forwards', 'item': 'title2'}
2026-06-08 20:21:55,947 : INFO : Timer.attract_carousel_timer : Starting Timer.
2026-06-08 20:21:55,947 : INFO : EventManager : Event: ======'timer_attract_carousel_timer_started'====== Args={'ticks': 0, 'ticks_remaining': 1}
2026-06-08 20:21:55,948 : INFO : EventManager : Event: ======'timer_attract_carousel_timer_tick'====== Args={'ticks': 0, 'ticks_remaining': 1}
2026-06-08 20:22:00,937 : INFO : Timer.attract_carousel_timer : Timer Complete
2026-06-08 20:22:00,937 : INFO : Timer.attract_carousel_timer : Stopping Timer
2026-06-08 20:22:00,937 : INFO : EventManager : Event: ======'timer_attract_carousel_timer_stopped'====== Args={'ticks': 1, 'ticks_remaining': 1}
2026-06-08 20:22:00,938 : INFO : EventManager : Event: ======'timer_attract_carousel_timer_complete'====== Args={'ticks': 1, 'ticks_remaining': 1}
2026-06-08 20:22:00,938 : INFO : EventManager : Event: ======'carousel_item_highlighted'====== Args={'carousel': 'attract', 'direction': 'forwards', 'item': 'title'}
2026-06-08 20:22:00,939 : INFO : Timer.attract_carousel_timer : Starting Timer.
2026-06-08 20:22:00,939 : INFO : EventManager : Event: ======'timer_attract_carousel_timer_started'====== Args={'ticks': 0, 'ticks_remaining': 1}
2026-06-08 20:22:00,939 : INFO : EventManager : Event: ======'timer_attract_carousel_timer_tick'====== Args={'ticks': 0, 'ticks_remaining': 1}
2026-06-08 20:22:05,948 : INFO : Timer.attract_carousel_timer : Timer Complete
2026-06-08 20:22:05,949 : INFO : Timer.attract_carousel_timer : Stopping Timer
2026-06-08 20:22:05,949 : INFO : EventManager : Event: ======'timer_attract_carousel_timer_stopped'====== Args={'ticks': 1, 'ticks_remaining': 1}
2026-06-08 20:22:05,949 : INFO : EventManager : Event: ======'timer_attract_carousel_timer_complete'====== Args={'ticks': 1, 'ticks_remaining': 1}
2026-06-08 20:22:05,950 : INFO : EventManager : Event: ======'carousel_item_highlighted'====== Args={'carousel': 'attract', 'direction': 'forwards', 'item': 'title2'}
2026-06-08 20:22:05,950 : INFO : Timer.attract_carousel_timer : Starting Timer.
2026-06-08 20:22:05,951 : INFO : EventManager : Event: ======'timer_attract_carousel_timer_started'====== Args={'ticks': 0, 'ticks_remaining': 1}
2026-06-08 20:22:05,951 : INFO : EventManager : Event: ======'timer_attract_carousel_timer_tick'====== Args={'ticks': 0, 'ticks_remaining': 1}
2026-06-08 20:22:10,940 : INFO : Timer.attract_carousel_timer : Timer Complete
2026-06-08 20:22:10,940 : INFO : Timer.attract_carousel_timer : Stopping Timer
2026-06-08 20:22:10,940 : INFO : EventManager : Event: ======'timer_attract_carousel_timer_stopped'====== Args={'ticks': 1, 'ticks_remaining': 1}
2026-06-08 20:22:10,941 : INFO : EventManager : Event: ======'timer_attract_carousel_timer_complete'====== Args={'ticks': 1, 'ticks_remaining': 1}
2026-06-08 20:22:10,941 : INFO : EventManager : Event: ======'carousel_item_highlighted'====== Args={'carousel': 'attract', 'direction': 'forwards', 'item': 'title'}
2026-06-08 20:22:10,942 : INFO : Timer.attract_carousel_timer : Starting Timer.
2026-06-08 20:22:10,942 : INFO : EventManager : Event: ======'timer_attract_carousel_timer_started'====== Args={'ticks': 0, 'ticks_remaining': 1}
2026-06-08 20:22:10,942 : INFO : EventManager : Event: ======'timer_attract_carousel_timer_tick'====== Args={'ticks': 0, 'ticks_remaining': 1}
2026-06-08 20:22:12,328 : INFO : Machine : Shutting down...
2026-06-08 20:22:12,328 : INFO : EventManager : Event: ======'shutdown'====== Args={}
2026-06-08 20:22:12,429 : INFO : root : MPF run loop ended.
