2026-06-11 08:42:38,759 : INFO : root : Loading config.
2026-06-11 08:42:38,764 : INFO : YamlMultifileConfigLoader : Machine config file #1: config.yaml
2026-06-11 08:42:38,764 : INFO : ConfigProcessor : Loading config from cache: C:\Users\tl\AppData\Local\Temp\86f932e179f318f5dae29f066573dee9.mpf_cache
2026-06-11 08:42:38,888 : WARNING : ConfigProcessor : Config file in cache changed: C:\Users\tl\Documents\tl-pinball\modes\attract\config\attract.yaml
2026-06-11 08:42:38,888 : INFO : ConfigProcessor : Loading config from file C:\mpf\Lib\site-packages\mpf\modes\attract\config\attract.yaml.
2026-06-11 08:42:38,900 : INFO : ConfigProcessor : Loading config: C:\mpf\Lib\site-packages\mpf\modes\attract\config\attract.yaml
2026-06-11 08:42:38,901 : INFO : ConfigProcessor : Loading config from file C:\Users\tl\Documents\tl-pinball\modes\attract\config\attract.yaml.
2026-06-11 08:42:38,913 : INFO : ConfigProcessor : Loading config: C:\Users\tl\Documents\tl-pinball\modes\attract\config\attract.yaml
2026-06-11 08:42:38,913 : INFO : ConfigProcessor : Config file cache created: C:\Users\tl\AppData\Local\Temp\5e7e3dd8e04e0aa46ea76018297218da.mpf_cache
2026-06-11 08:42:38,914 : INFO : ConfigProcessor : Loading config from cache: C:\Users\tl\AppData\Local\Temp\af6ad0dab2f43bd9cbdac83e0b2786ac.mpf_cache
2026-06-11 08:42:38,915 : INFO : ConfigProcessor : Loading config from cache: C:\Users\tl\AppData\Local\Temp\5e7e3dd8e04e0aa46ea76018297218da.mpf_cache
2026-06-11 08:42:38,934 : INFO : ConfigProcessor : Loading config from cache: C:\Users\tl\AppData\Local\Temp\078e3f4c59f1cd1bf0ff8685cc9e7ff5.mpf_cache
2026-06-11 08:42:38,935 : INFO : ConfigProcessor : Loading config from cache: C:\Users\tl\AppData\Local\Temp\279434e09bc5e8b073f441f36778b3c5.mpf_cache
2026-06-11 08:42:38,936 : INFO : ConfigProcessor : Loading config from cache: C:\Users\tl\AppData\Local\Temp\f7ef3217062c4a128670875e2cb05ce9.mpf_cache
2026-06-11 08:42:38,938 : INFO : ConfigProcessor : Loading config from cache: C:\Users\tl\AppData\Local\Temp\5ad868424699ac3c9402d8d89c5742fa.mpf_cache
2026-06-11 08:42:38,939 : INFO : ConfigProcessor : Loading config from cache: C:\Users\tl\AppData\Local\Temp\354636526653009b6f35f36c4dc3e189.mpf_cache
2026-06-11 08:42:38,940 : INFO : ConfigProcessor : Loading config from cache: C:\Users\tl\AppData\Local\Temp\b41aec6702196d0bd650320fa331266f.mpf_cache
2026-06-11 08:42:38,940 : INFO : ConfigProcessor : Loading config from cache: C:\Users\tl\AppData\Local\Temp\a951eeea2c167365e5a009cce33f51d8.mpf_cache
2026-06-11 08:42:38,941 : INFO : ConfigProcessor : Loading config from cache: C:\Users\tl\AppData\Local\Temp\f020dca9eec5e09763b9289397e6c32f.mpf_cache
2026-06-11 08:42:38,942 : INFO : ConfigProcessor : Loading config from cache: C:\Users\tl\AppData\Local\Temp\edce5a74ebf86ee6330810859c361ede.mpf_cache
2026-06-11 08:42:38,943 : INFO : ConfigProcessor : Loading config from cache: C:\Users\tl\AppData\Local\Temp\7c825e76f3d981841c3099d018a06a8f.mpf_cache
2026-06-11 08:42:38,944 : INFO : ConfigProcessor : Loading config from cache: C:\Users\tl\AppData\Local\Temp\4c1252d1f04cb61ecc91110937cfd225.mpf_cache
2026-06-11 08:42:38,944 : INFO : ConfigProcessor : Loading config from cache: C:\Users\tl\AppData\Local\Temp\8d6d681afe5a7b6e9186321cd98f18ca.mpf_cache
2026-06-11 08:42:38,945 : INFO : ConfigProcessor : Loading config from cache: C:\Users\tl\AppData\Local\Temp\271b31ea91f7fc416a689202738fcb25.mpf_cache
2026-06-11 08:42:38,946 : INFO : ConfigProcessor : Loading config from cache: C:\Users\tl\AppData\Local\Temp\d5113bae71fe9b2600b29bf116525aac.mpf_cache
2026-06-11 08:42:38,947 : INFO : ConfigProcessor : Loading config from cache: C:\Users\tl\AppData\Local\Temp\ae5d383473e063efe671bf30ab478239.mpf_cache
2026-06-11 08:42:38,949 : INFO : ConfigProcessor : Loading config from cache: C:\Users\tl\AppData\Local\Temp\46870b44a1c011c86a746a823adf6b5a.mpf_cache
2026-06-11 08:42:38,950 : INFO : ConfigProcessor : Loading config from cache: C:\Users\tl\AppData\Local\Temp\0cf169c51710e2e034dc49f1aab9dfdd.mpf_cache
2026-06-11 08:42:38,956 : INFO : ConfigProcessor : Loading config from cache: C:\Users\tl\AppData\Local\Temp\1a8067b3018dc540f40ee09fbd30147e.mpf_cache
2026-06-11 08:42:38,957 : INFO : ConfigProcessor : Loading config from cache: C:\Users\tl\AppData\Local\Temp\34d2c1cbec8fdaa1db7761a61cc7c1b6.mpf_cache
2026-06-11 08:42:38,958 : INFO : ConfigProcessor : Loading config from cache: C:\Users\tl\AppData\Local\Temp\95a50568c399a025ef217996526f3494.mpf_cache
2026-06-11 08:42:38,959 : INFO : ConfigProcessor : Loading config from cache: C:\Users\tl\AppData\Local\Temp\ca9866041621d35ab6358609b63e90d5.mpf_cache
2026-06-11 08:42:38,960 : INFO : ConfigProcessor : Loading config from file C:\Users\tl\Documents\tl-pinball\shows\.\show_leftorbit_1.yaml.
