2026-02-12 09:12:05,009 : INFO : root : Loading config.
2026-02-12 09:12:05,010 : INFO : YamlMultifileConfigLoader : Machine config file #1: config.yaml
2026-02-12 09:12:05,010 : INFO : ConfigProcessor : Loading config from cache: C:\Users\tl\AppData\Local\Temp\86f932e179f318f5dae29f066573dee9.mpf_cache
2026-02-12 09:12:05,102 : DEBUG : YamlMultifileConfigLoader : Loading mode attract from C:\mpf\Lib\site-packages\mpf\modes\attract\config\attract.yaml
2026-02-12 09:12:05,102 : DEBUG : YamlMultifileConfigLoader : Loading mode attract from C:\mpf\Lib\site-packages\mpf\modes\attract\config\attract.yaml
2026-02-12 09:12:05,102 : INFO : ConfigProcessor : Loading config from cache: C:\Users\tl\AppData\Local\Temp\5e7e3dd8e04e0aa46ea76018297218da.mpf_cache
2026-02-12 09:12:05,103 : DEBUG : YamlMultifileConfigLoader : Loading mode game from C:\mpf\Lib\site-packages\mpf\modes\game\config\game.yaml
2026-02-12 09:12:05,103 : INFO : ConfigProcessor : Loading config from cache: C:\Users\tl\AppData\Local\Temp\af6ad0dab2f43bd9cbdac83e0b2786ac.mpf_cache
2026-02-12 09:12:05,104 : DEBUG : YamlMultifileConfigLoader : Loading mode attract from C:\mpf\Lib\site-packages\mpf\modes\attract\config\attract.yaml
2026-02-12 09:12:05,104 : DEBUG : YamlMultifileConfigLoader : Loading mode attract from C:\mpf\Lib\site-packages\mpf\modes\attract\config\attract.yaml
2026-02-12 09:12:05,104 : INFO : ConfigProcessor : Loading config from cache: C:\Users\tl\AppData\Local\Temp\5e7e3dd8e04e0aa46ea76018297218da.mpf_cache
2026-02-12 09:12:05,105 : INFO : ConfigProcessor : Loading config from cache: C:\Users\tl\AppData\Local\Temp\5d4a31ba12353a8d97b779019117e810.mpf_cache
2026-02-12 09:12:05,106 : INFO : Machine : Mission Pinball Framework Core Engine v0.80.0.dev12
2026-02-12 09:12:05,106 : INFO : Machine : Command line arguments: {'no_load_cache': False, 'create_config_cache': True, 'bcp': False, 'configfile': ['config.yaml'], 'force_assets_load': False, 'platform_integration_test': False, 'jsonlogging': False, 'logfile': 'logs\\2026-02-12-09-12-05-mpf-DESKTOP-HV85DRD.log', 'pause': False, 'production': False, 'text_ui': False, 'loglevel': 10, 'consoleloglevel': 20, 'force_platform': None, 'syslog_address': None, 'full_logfile_path': 'C:\\Users\\tl\\Documents\\tl-pinball\\logs\\2026-02-12-09-12-05-mpf-DESKTOP-HV85DRD.log'}
2026-02-12 09:12:05,106 : INFO : Machine : MPF path: C:\mpf\Lib\site-packages\mpf
2026-02-12 09:12:05,106 : INFO : Machine : Machine path: C:\Users\tl\Documents\tl-pinball
2026-02-12 09:12:05,106 : INFO : Machine : Platform: win32
2026-02-12 09:12:05,106 : INFO : Machine : Python executable location: C:\mpf\Scripts\python.exe
2026-02-12 09:12:05,106 : INFO : Machine : Python version: 3.12.7 (64-bit)
2026-02-12 09:12:05,108 : DEBUG : asyncio : Using proactor: IocpProactor
2026-02-12 09:12:05,108 : INFO : Machine : Initializing MPF...
2026-02-12 09:12:05,206 : DEBUG : TextUi : Text UI is disabled. TUI option setting: False, Asciimatics loaded: <class 'asciimatics.scene.Scene'>
2026-02-12 09:12:05,217 : INFO : FAST : Auto-detecting ports for the following connections: ['net', 'exp']
2026-02-12 09:12:05,225 : DEBUG : FAST : Port COM3 is connected to a FAST Neuron Controller.
2026-02-12 09:12:05,226 : DEBUG : FAST : Port COM5 is connected to a FAST Neuron Controller.
2026-02-12 09:12:05,226 : DEBUG : FAST : Port COM4 is connected to a FAST Neuron Controller.
2026-02-12 09:12:05,244 : INFO : FAST : Detected NET on port COM4
2026-02-12 09:12:06,229 : INFO : FAST : Detected EXP on port COM5
2026-02-12 09:12:06,337 : INFO : FAST [NET] : Trying to connect to COM4 at 921600bps
2026-02-12 09:12:06,337 : INFO : FAST [NET] : Connected to COM4 at 921600bps
2026-02-12 09:12:06,353 : INFO : FAST [NET] : Connected to FP-CPU-2000 with firmware v02.26
2026-02-12 09:12:06,384 : INFO : FAST [NET] : Registered I/O Board 0: Model: FP-I/O-0804, Firmware: 01.10, Switches: 8, Drivers: 4
2026-02-12 09:12:06,400 : INFO : FAST [NET] : Registered I/O Board 1: Model: FP-I/O-1616, Firmware: 01.10, Switches: 16, Drivers: 16
2026-02-12 09:12:06,416 : INFO : FAST [NET] : Registered I/O Board 2: Model: FP-I/O-3208, Firmware: 01.10, Switches: 32, Drivers: 8
2026-02-12 09:12:06,432 : INFO : FAST [NET] : Registered I/O Board 3: Model: FP-I/O-1616, Firmware: 01.10, Switches: 16, Drivers: 16
2026-02-12 09:12:06,432 : INFO : FAST [EXP] : Trying to connect to COM5 at 921600bps
2026-02-12 09:12:06,432 : INFO : FAST [EXP] : Connected to COM5 at 921600bps
2026-02-12 09:12:06,432 : DEBUG : FAST [EXP] : Creating FAST Expansion Board "ledneuron" (FP-EXP-2000 Address: 48)
2026-02-12 09:12:06,432 : DEBUG : FAST [EXP] : Creating FAST Breakout Board 0 on EXP "ledneuron" (FP-EXP-2000, @48)
2026-02-12 09:12:06,447 : INFO : FAST [EXP] : Verifying hardware for EXP "ledneuron" (FP-EXP-2000, @48) with ID string "EXP FP-EXP-2000  0.42", board address 48
2026-02-12 09:12:06,463 : INFO : FAST [EXP] : Verifying hardware for EXP "ledneuron" (FP-EXP-2000, @48) with ID string "BRK FP-EXP-2000  0.42", board address 480
2026-02-12 09:12:06,479 : DEBUG : FAST [EXP] : Creating FAST Expansion Board "ledpf1" (FP-EXP-0081 Address: 84)
2026-02-12 09:12:06,479 : DEBUG : FAST [EXP] : Creating FAST Breakout Board 0 on EXP "ledpf1" (FP-EXP-0081, @84)
2026-02-12 09:12:06,479 : DEBUG : FAST [EXP] : Creating FAST Breakout Board 1 on EXP "ledpf1" (FP-EXP-0081, @84)
2026-02-12 09:12:06,494 : INFO : FAST [EXP] : Verifying hardware for EXP "ledpf1" (FP-EXP-0081, @84) with ID string "EXP FP-EXP-0081  0.38", board address 84
2026-02-12 09:12:06,510 : INFO : FAST [EXP] : Verifying hardware for EXP "ledpf1" (FP-EXP-0081, @84) with ID string "BRK FP-EXP-0081  0.38", board address 840
2026-02-12 09:12:06,525 : INFO : FAST [EXP] : Verifying hardware for EXP "ledpf1" (FP-EXP-0081, @84) with ID string "BRK FP-EXP-0081  0.38", board address 841
2026-02-12 09:12:06,540 : INFO : EventManager : Event: ======'machine_var_credits_string'====== Args={'value': 'FREE PLAY', 'prev_value': None, 'change': True}
2026-02-12 09:12:06,556 : DEBUG : YAML File Interface : Loading file: C:\Users\tl\Documents\tl-pinball\data/machine_vars.yaml
2026-02-12 09:12:06,556 : INFO : EventManager : Event: ======'machine_var_master_volume'====== Args={'value': 0.5, 'prev_value': None, 'change': True}
2026-02-12 09:12:06,556 : INFO : EventManager : Event: ======'machine_var_player1_score'====== Args={'value': 0, 'prev_value': None, 'change': True}
2026-02-12 09:12:06,556 : INFO : EventManager : Event: ======'machine_var_mpf_version'====== Args={'value': 'Mission Pinball Framework v0.80.0.dev12', 'prev_value': None, 'change': True}
2026-02-12 09:12:06,556 : INFO : EventManager : Event: ======'machine_var_mpf_extended_version'====== Args={'value': 'Mission Pinball Framework v0.80.0.dev12, Config version:6, Show version: 6, BCP version:1.1', 'prev_value': None, 'change': True}
2026-02-12 09:12:06,556 : INFO : EventManager : Event: ======'machine_var_python_version'====== Args={'value': '3.12.7', 'prev_value': None, 'change': True}
2026-02-12 09:12:06,666 : INFO : EventManager : Event: ======'machine_var_platform'====== Args={'value': 'Windows-10-10.0.19044-SP0', 'prev_value': None, 'change': True}
2026-02-12 09:12:06,666 : INFO : EventManager : Event: ======'machine_var_platform_system'====== Args={'value': 'Windows', 'prev_value': None, 'change': True}
2026-02-12 09:12:06,666 : INFO : EventManager : Event: ======'machine_var_platform_release'====== Args={'value': '10', 'prev_value': None, 'change': True}
2026-02-12 09:12:06,666 : INFO : EventManager : Event: ======'machine_var_platform_version'====== Args={'value': '10.0.19044', 'prev_value': None, 'change': True}
2026-02-12 09:12:06,666 : INFO : EventManager : Event: ======'machine_var_platform_machine'====== Args={'value': 'AMD64', 'prev_value': None, 'change': True}
2026-02-12 09:12:06,666 : INFO : EventManager : Event: ======'machine_var_log_file_path'====== Args={'value': 'C:\\Users\\tl\\Documents\\tl-pinball\\logs\\2026-02-12-09-12-05-mpf-DESKTOP-HV85DRD.log', 'prev_value': None, 'change': True}
2026-02-12 09:12:06,666 : INFO : EventManager : Event: ======'init_phase_1'====== Args={}
2026-02-12 09:12:06,682 : DEBUG : ModeController : Loaded mode attract
2026-02-12 09:12:06,682 : DEBUG : ModeController : Loaded mode game
2026-02-12 09:12:06,697 : DEBUG : FASTLED : Creating FAST RGB LED on expansion board at hardware address: 48000
2026-02-12 09:12:06,697 : DEBUG : FASTLED : Creating FAST RGB LED on expansion board at hardware address: 48001
2026-02-12 09:12:06,697 : INFO : EventManager : Event: ======'drop_target_bank_dtb_characters_up'====== Args={}
2026-02-12 09:12:06,697 : INFO : EventManager : Event: ======'drop_target_bank_dtb_rollover_up'====== Args={}
2026-02-12 09:12:10,229 : DEBUG : FAST Driver : Sending config to driver 4 (0x04). one_shot: False. wait_to_confirm: False
2026-02-12 09:12:10,275 : DEBUG : FAST Driver : Sending config to driver 5 (0x05). one_shot: False. wait_to_confirm: False
2026-02-12 09:12:10,322 : DEBUG : FAST Driver : Sending config to driver 7 (0x07). one_shot: False. wait_to_confirm: False
2026-02-12 09:12:10,353 : DEBUG : FAST Driver : Sending config to driver 8 (0x08). one_shot: False. wait_to_confirm: False
2026-02-12 09:12:10,385 : DEBUG : FAST Driver : Sending config to driver 9 (0x09). one_shot: False. wait_to_confirm: False
2026-02-12 09:12:10,416 : DEBUG : FAST Driver : Sending config to driver 10 (0x0A). one_shot: False. wait_to_confirm: False
2026-02-12 09:12:10,447 : DEBUG : FAST Driver : Sending config to driver 11 (0x0B). one_shot: False. wait_to_confirm: False
2026-02-12 09:12:10,619 : DEBUG : FAST Driver : Sending config to driver 20 (0x14). one_shot: False. wait_to_confirm: False
2026-02-12 09:12:10,650 : DEBUG : FAST Driver : Sending config to driver 21 (0x15). one_shot: False. wait_to_confirm: False
2026-02-12 09:12:10,681 : DEBUG : FAST Driver : Sending config to driver 22 (0x16). one_shot: False. wait_to_confirm: False
2026-02-12 09:12:10,712 : DEBUG : FAST Driver : Sending config to driver 23 (0x17). one_shot: False. wait_to_confirm: False
2026-02-12 09:12:10,744 : DEBUG : FAST Driver : Sending config to driver 24 (0x18). one_shot: False. wait_to_confirm: False
2026-02-12 09:12:10,775 : DEBUG : FAST Driver : Sending config to driver 25 (0x19). one_shot: False. wait_to_confirm: False
2026-02-12 09:12:10,807 : DEBUG : FAST Driver : Sending config to driver 26 (0x1A). one_shot: False. wait_to_confirm: False
2026-02-12 09:12:10,838 : DEBUG : FAST Driver : Sending config to driver 27 (0x1B). one_shot: False. wait_to_confirm: False
2026-02-12 09:12:10,947 : DEBUG : FAST Driver : Sending config to driver 32 (0x20). one_shot: False. wait_to_confirm: False
2026-02-12 09:12:10,978 : DEBUG : FAST Driver : Sending config to driver 33 (0x21). one_shot: False. wait_to_confirm: False
2026-02-12 09:12:11,009 : DEBUG : FAST Driver : Sending config to driver 34 (0x22). one_shot: False. wait_to_confirm: False
2026-02-12 09:12:11,041 : DEBUG : FAST Driver : Sending config to driver 35 (0x23). one_shot: False. wait_to_confirm: False
2026-02-12 09:12:11,072 : DEBUG : FAST Driver : Sending config to driver 36 (0x24). one_shot: False. wait_to_confirm: False
2026-02-12 09:12:11,103 : DEBUG : FAST Driver : Sending config to driver 37 (0x25). one_shot: False. wait_to_confirm: False
2026-02-12 09:12:11,150 : DEBUG : FAST Driver : Sending config to driver 38 (0x26). one_shot: False. wait_to_confirm: False
2026-02-12 09:12:11,181 : DEBUG : FAST Driver : Sending config to driver 39 (0x27). one_shot: False. wait_to_confirm: False
2026-02-12 09:12:11,212 : DEBUG : FAST Driver : Sending config to driver 40 (0x28). one_shot: False. wait_to_confirm: False
2026-02-12 09:12:11,244 : DEBUG : FAST Driver : Sending config to driver 41 (0x29). one_shot: False. wait_to_confirm: False
2026-02-12 09:12:11,275 : DEBUG : FAST Driver : Sending config to driver 42 (0x2A). one_shot: False. wait_to_confirm: False
2026-02-12 09:12:11,307 : DEBUG : FAST Driver : Sending config to driver 43 (0x2B). one_shot: False. wait_to_confirm: False
2026-02-12 09:12:11,415 : INFO : SwitchController : <<<<<<< 's_64_varitarget_poisition_1' active >>>>>>>
2026-02-12 09:12:11,415 : INFO : SwitchController : <<<<<<< 's_70_varitarget_poisition_7' active >>>>>>>
2026-02-12 09:12:11,415 : INFO : SwitchController : <<<<<<< 's_71_spinner_left' active >>>>>>>
2026-02-12 09:12:11,415 : INFO : SwitchController : <<<<<<< 's_72_single_drop_1' active >>>>>>>
2026-02-12 09:12:11,415 : INFO : SwitchController : <<<<<<< 's_75_fourbank_drop_3' active >>>>>>>
2026-02-12 09:12:11,415 : INFO : SwitchController : <<<<<<< 's_78_threebank_drop_2' active >>>>>>>
2026-02-12 09:12:11,415 : INFO : SwitchController : <<<<<<< 's_79_threebank_drop_3' active >>>>>>>
2026-02-12 09:12:11,463 : INFO : EventManager : Event: ======'init_phase_2'====== Args={}
2026-02-12 09:12:11,463 : INFO : SwitchController : Found active switch: (16, [FAST Platform Interface]) <switch.s_64_varitarget_poisition_1>
2026-02-12 09:12:11,463 : INFO : SwitchController : Found active switch: (22, [FAST Platform Interface]) <switch.s_70_varitarget_poisition_7>
2026-02-12 09:12:11,463 : INFO : SwitchController : Found active switch: (23, [FAST Platform Interface]) <switch.s_71_spinner_left>
2026-02-12 09:12:11,463 : INFO : SwitchController : Found active switch: (56, [FAST Platform Interface]) <switch.s_72_single_drop_1>
2026-02-12 09:12:11,463 : INFO : SwitchController : Found active switch: (59, [FAST Platform Interface]) <switch.s_75_fourbank_drop_3>
2026-02-12 09:12:11,463 : INFO : SwitchController : Found active switch: (62, [FAST Platform Interface]) <switch.s_78_threebank_drop_2>
2026-02-12 09:12:11,463 : INFO : SwitchController : Found active switch: (63, [FAST Platform Interface]) <switch.s_79_threebank_drop_3>
2026-02-12 09:12:11,463 : INFO : ball_device.bd_plunger : BCH: Initial count: 0
2026-02-12 09:12:11,463 : INFO : ball_device.bd_plunger : State: idle
2026-02-12 09:12:11,463 : INFO : ball_device.bd_trough : BCH: Initial count: 0
2026-02-12 09:12:11,463 : INFO : ball_device.bd_trough : State: idle
2026-02-12 09:12:11,463 : DEBUG : YAML File Interface : Loading file: C:\Users\tl\Documents\tl-pinball\data/audits.yaml
2026-02-12 09:12:11,478 : DEBUG : Machine : "info_lights:" section not found in machine configuration, so the InfoLights will not be used.
2026-02-12 09:12:11,478 : DEBUG : Machine : "switch_player:" section not found in machine configuration, so the SwitchPlayer will not be used.
2026-02-12 09:12:11,478 : DEBUG : Machine : "twitch_client:" section not found in machine configuration, so the TwitchBot will not be used.
2026-02-12 09:12:11,478 : DEBUG : Machine : "virtual_segment_display_connector:" section not found in machine configuration, so the VirtualSegmentDisplayConnector will not be used.
2026-02-12 09:12:11,478 : INFO : EventManager : Event: ======'init_phase_3'====== Args={}
2026-02-12 09:12:11,478 : DEBUG : ShowController : Loading show: flash
2026-02-12 09:12:11,478 : DEBUG : ShowController : Loading show: on
2026-02-12 09:12:11,478 : DEBUG : ShowController : Loading show: off
2026-02-12 09:12:11,478 : DEBUG : ShowController : Loading show: led_color
2026-02-12 09:12:11,478 : DEBUG : ShowController : Loading show: bl_color
2026-02-12 09:12:11,478 : DEBUG : ShowController : Loading show: flash_color
2026-02-12 09:12:11,478 : DEBUG : ShowController : Loading show: output7
2026-02-12 09:12:11,478 : INFO : EventManager : Event: ======'init_phase_4'====== Args={}
2026-02-12 09:12:11,478 : INFO : EventManager : Event: ======'drop_target_dt_character_3_down'====== Args={'device': <drop_target.dt_character_3>}
2026-02-12 09:12:11,478 : INFO : EventManager : Event: ======'drop_target_dt_character_6_down'====== Args={'device': <drop_target.dt_character_6>}
2026-02-12 09:12:11,478 : INFO : EventManager : Event: ======'drop_target_dt_character_7_down'====== Args={'device': <drop_target.dt_character_7>}
2026-02-12 09:12:11,478 : INFO : EventManager : Event: ======'drop_target_dt_single_1_down'====== Args={'device': <drop_target.dt_single_1>}
2026-02-12 09:12:11,478 : INFO : BallController : Initial balls found: 0
2026-02-12 09:12:11,494 : INFO : EventManager : Event: ======'machine_var_audits_events_game_ended'====== Args={'value': 2, 'prev_value': None, 'change': True}
2026-02-12 09:12:11,494 : INFO : EventManager : Event: ======'machine_var_audits_events_game_started'====== Args={'value': 13, 'prev_value': None, 'change': True}
2026-02-12 09:12:11,494 : INFO : EventManager : Event: ======'machine_var_audits_missing_switches_s_0_service_esc'====== Args={'value': 13, 'prev_value': None, 'change': True}
2026-02-12 09:12:11,494 : INFO : EventManager : Event: ======'machine_var_audits_missing_switches_s_11_start_button'====== Args={'value': 4, 'prev_value': None, 'change': True}
2026-02-12 09:12:11,494 : INFO : EventManager : Event: ======'machine_var_audits_missing_switches_s_12_tilt_bob'====== Args={'value': 3, 'prev_value': None, 'change': True}
2026-02-12 09:12:11,494 : INFO : EventManager : Event: ======'machine_var_audits_missing_switches_s_13_coin_door'====== Args={'value': 3, 'prev_value': None, 'change': True}
2026-02-12 09:12:11,494 : INFO : EventManager : Event: ======'machine_var_audits_missing_switches_s_19_cab_arrow_left'====== Args={'value': 3, 'prev_value': None, 'change': True}
2026-02-12 09:12:11,494 : INFO : EventManager : Event: ======'machine_var_audits_missing_switches_s_1_service_up'====== Args={'value': 13, 'prev_value': None, 'change': True}
2026-02-12 09:12:11,494 : INFO : EventManager : Event: ======'machine_var_audits_missing_switches_s_20_cab_arrow_right'====== Args={'value': 3, 'prev_value': None, 'change': True}
2026-02-12 09:12:11,494 : INFO : EventManager : Event: ======'machine_var_audits_missing_switches_s_25_trough_jam'====== Args={'value': 2, 'prev_value': None, 'change': True}
2026-02-12 09:12:11,494 : INFO : EventManager : Event: ======'machine_var_audits_missing_switches_s_26_trough_1'====== Args={'value': 1, 'prev_value': None, 'change': True}
2026-02-12 09:12:11,494 : INFO : EventManager : Event: ======'machine_var_audits_missing_switches_s_27_trough_4'====== Args={'value': 5, 'prev_value': None, 'change': True}
2026-02-12 09:12:11,494 : INFO : EventManager : Event: ======'machine_var_audits_missing_switches_s_28_trough_3'====== Args={'value': 1, 'prev_value': None, 'change': True}
2026-02-12 09:12:11,494 : INFO : EventManager : Event: ======'machine_var_audits_missing_switches_s_28_trough_5'====== Args={'value': 5, 'prev_value': None, 'change': True}
2026-02-12 09:12:11,494 : INFO : EventManager : Event: ======'machine_var_audits_missing_switches_s_29_trough_4'====== Args={'value': 1, 'prev_value': None, 'change': True}
2026-02-12 09:12:11,494 : INFO : EventManager : Event: ======'machine_var_audits_missing_switches_s_29_trough_6'====== Args={'value': 5, 'prev_value': None, 'change': True}
2026-02-12 09:12:11,494 : INFO : EventManager : Event: ======'machine_var_audits_missing_switches_s_2_service_down'====== Args={'value': 13, 'prev_value': None, 'change': True}
2026-02-12 09:12:11,494 : INFO : EventManager : Event: ======'machine_var_audits_missing_switches_s_32_right_inlane'====== Args={'value': 11, 'prev_value': None, 'change': True}
2026-02-12 09:12:11,494 : INFO : EventManager : Event: ======'machine_var_audits_missing_switches_s_33_right_outlane'====== Args={'value': 13, 'prev_value': None, 'change': True}
2026-02-12 09:12:11,494 : INFO : EventManager : Event: ======'machine_var_audits_missing_switches_s_34_right_sling'====== Args={'value': 5, 'prev_value': None, 'change': True}
2026-02-12 09:12:11,494 : INFO : EventManager : Event: ======'machine_var_audits_missing_switches_s_35_left_inlane'====== Args={'value': 5, 'prev_value': None, 'change': True}
2026-02-12 09:12:11,494 : INFO : EventManager : Event: ======'machine_var_audits_missing_switches_s_36_left_outlane'====== Args={'value': 5, 'prev_value': None, 'change': True}
2026-02-12 09:12:11,494 : INFO : EventManager : Event: ======'machine_var_audits_missing_switches_s_38_star_rollover_bottom'====== Args={'value': 10, 'prev_value': None, 'change': True}
2026-02-12 09:12:11,494 : INFO : EventManager : Event: ======'machine_var_audits_missing_switches_s_38_top_lane_a'====== Args={'value': 3, 'prev_value': None, 'change': True}
2026-02-12 09:12:11,494 : INFO : EventManager : Event: ======'machine_var_audits_missing_switches_s_39_star_rollover_top'====== Args={'value': 5, 'prev_value': None, 'change': True}
2026-02-12 09:12:11,494 : INFO : EventManager : Event: ======'machine_var_audits_missing_switches_s_39_top_lane_b'====== Args={'value': 3, 'prev_value': None, 'change': True}
2026-02-12 09:12:11,494 : INFO : EventManager : Event: ======'machine_var_audits_missing_switches_s_3_service_enter'====== Args={'value': 13, 'prev_value': None, 'change': True}
2026-02-12 09:12:11,494 : INFO : EventManager : Event: ======'machine_var_audits_missing_switches_s_40_stand_up_target_7'====== Args={'value': 5, 'prev_value': None, 'change': True}
2026-02-12 09:12:11,494 : INFO : EventManager : Event: ======'machine_var_audits_missing_switches_s_40_top_lane_c'====== Args={'value': 3, 'prev_value': None, 'change': True}
2026-02-12 09:12:11,494 : INFO : EventManager : Event: ======'machine_var_audits_missing_switches_s_41_pop_bumper_1'====== Args={'value': 2, 'prev_value': None, 'change': True}
2026-02-12 09:12:11,494 : INFO : EventManager : Event: ======'machine_var_audits_missing_switches_s_41_stand_up_target_8'====== Args={'value': 5, 'prev_value': None, 'change': True}
2026-02-12 09:12:11,494 : INFO : EventManager : Event: ======'machine_var_audits_missing_switches_s_42_pop_bumper_2'====== Args={'value': 3, 'prev_value': None, 'change': True}
2026-02-12 09:12:11,494 : INFO : EventManager : Event: ======'machine_var_audits_missing_switches_s_42_stand_up_target_9'====== Args={'value': 7, 'prev_value': None, 'change': True}
2026-02-12 09:12:11,494 : INFO : EventManager : Event: ======'machine_var_audits_missing_switches_s_43_stand_up_target_10'====== Args={'value': 10, 'prev_value': None, 'change': True}
2026-02-12 09:12:11,494 : INFO : EventManager : Event: ======'machine_var_audits_missing_switches_s_44_spinner_left'====== Args={'value': 1, 'prev_value': None, 'change': True}
2026-02-12 09:12:11,494 : INFO : EventManager : Event: ======'machine_var_audits_missing_switches_s_44_spinner_right'====== Args={'value': 5, 'prev_value': None, 'change': True}
2026-02-12 09:12:11,494 : INFO : EventManager : Event: ======'machine_var_audits_missing_switches_s_45_spinner_right'====== Args={'value': 3, 'prev_value': None, 'change': True}
2026-02-12 09:12:11,494 : INFO : EventManager : Event: ======'machine_var_audits_missing_switches_s_45_varitarget_poisition_1'====== Args={'value': 3, 'prev_value': None, 'change': True}
2026-02-12 09:12:11,494 : INFO : EventManager : Event: ======'machine_var_audits_missing_switches_s_46_varitarget_poisition_2'====== Args={'value': 3, 'prev_value': None, 'change': True}
2026-02-12 09:12:11,494 : INFO : EventManager : Event: ======'machine_var_audits_missing_switches_s_47_varitarget_poisition_3'====== Args={'value': 3, 'prev_value': None, 'change': True}
2026-02-12 09:12:11,494 : INFO : EventManager : Event: ======'machine_var_audits_missing_switches_s_48_varitarget_poisition_4'====== Args={'value': 3, 'prev_value': None, 'change': True}
2026-02-12 09:12:11,494 : INFO : EventManager : Event: ======'machine_var_audits_missing_switches_s_49_varitarget_poisition_5'====== Args={'value': 3, 'prev_value': None, 'change': True}
2026-02-12 09:12:11,494 : INFO : EventManager : Event: ======'machine_var_audits_missing_switches_s_50_saucer_left'====== Args={'value': 3, 'prev_value': None, 'change': True}
2026-02-12 09:12:11,494 : INFO : EventManager : Event: ======'machine_var_audits_missing_switches_s_51_saucer_right'====== Args={'value': 2, 'prev_value': None, 'change': True}
2026-02-12 09:12:11,494 : INFO : EventManager : Event: ======'machine_var_audits_missing_switches_s_52_star_rollover_top'====== Args={'value': 3, 'prev_value': None, 'change': True}
2026-02-12 09:12:11,494 : INFO : EventManager : Event: ======'machine_var_audits_missing_switches_s_53_star_rollover_bottom'====== Args={'value': 3, 'prev_value': None, 'change': True}
2026-02-12 09:12:11,494 : INFO : EventManager : Event: ======'machine_var_audits_missing_switches_s_54_single_drop_1'====== Args={'value': 3, 'prev_value': None, 'change': True}
2026-02-12 09:12:11,494 : INFO : EventManager : Event: ======'machine_var_audits_missing_switches_s_55_fourbank_drop_1'====== Args={'value': 3, 'prev_value': None, 'change': True}
2026-02-12 09:12:11,494 : INFO : EventManager : Event: ======'machine_var_audits_missing_switches_s_56_fourbank_drop_2'====== Args={'value': 3, 'prev_value': None, 'change': True}
2026-02-12 09:12:11,494 : INFO : EventManager : Event: ======'machine_var_audits_missing_switches_s_57_fourbank_drop_3'====== Args={'value': 2, 'prev_value': None, 'change': True}
2026-02-12 09:12:11,494 : INFO : EventManager : Event: ======'machine_var_audits_missing_switches_s_57_pop_bumper_center'====== Args={'value': 10, 'prev_value': None, 'change': True}
2026-02-12 09:12:11,494 : INFO : EventManager : Event: ======'machine_var_audits_missing_switches_s_58_fourbank_drop_4'====== Args={'value': 2, 'prev_value': None, 'change': True}
2026-02-12 09:12:11,494 : INFO : EventManager : Event: ======'machine_var_audits_missing_switches_s_59_threebank_drop_1'====== Args={'value': 2, 'prev_value': None, 'change': True}
2026-02-12 09:12:11,494 : INFO : EventManager : Event: ======'machine_var_audits_missing_switches_s_60_threebank_drop_2'====== Args={'value': 2, 'prev_value': None, 'change': True}
2026-02-12 09:12:11,494 : INFO : EventManager : Event: ======'machine_var_audits_missing_switches_s_60_top_lane_c'====== Args={'value': 5, 'prev_value': None, 'change': True}
2026-02-12 09:12:11,494 : INFO : EventManager : Event: ======'machine_var_audits_missing_switches_s_61_threebank_drop_3'====== Args={'value': 3, 'prev_value': None, 'change': True}
2026-02-12 09:12:11,494 : INFO : EventManager : Event: ======'machine_var_audits_missing_switches_s_61_top_lane_b'====== Args={'value': 10, 'prev_value': None, 'change': True}
2026-02-12 09:12:11,494 : INFO : EventManager : Event: ======'machine_var_audits_missing_switches_s_62_stand_up_target_1'====== Args={'value': 3, 'prev_value': None, 'change': True}
2026-02-12 09:12:11,494 : INFO : EventManager : Event: ======'machine_var_audits_missing_switches_s_62_top_lane_a'====== Args={'value': 2, 'prev_value': None, 'change': True}
2026-02-12 09:12:11,494 : INFO : EventManager : Event: ======'machine_var_audits_missing_switches_s_63_stand_up_target_11'====== Args={'value': 1, 'prev_value': None, 'change': True}
2026-02-12 09:12:11,494 : INFO : EventManager : Event: ======'machine_var_audits_missing_switches_s_63_stand_up_target_2'====== Args={'value': 2, 'prev_value': None, 'change': True}
2026-02-12 09:12:11,494 : INFO : EventManager : Event: ======'machine_var_audits_missing_switches_s_64_stand_up_target_3'====== Args={'value': 2, 'prev_value': None, 'change': True}
2026-02-12 09:12:11,494 : INFO : EventManager : Event: ======'machine_var_audits_missing_switches_s_64_varitarget_poisition_1'====== Args={'value': 5, 'prev_value': None, 'change': True}
2026-02-12 09:12:11,494 : INFO : EventManager : Event: ======'machine_var_audits_missing_switches_s_65_stand_up_target_4'====== Args={'value': 3, 'prev_value': None, 'change': True}
2026-02-12 09:12:11,494 : INFO : EventManager : Event: ======'machine_var_audits_missing_switches_s_65_varitarget_poisition_2'====== Args={'value': 10, 'prev_value': None, 'change': True}
2026-02-12 09:12:11,494 : INFO : EventManager : Event: ======'machine_var_audits_missing_switches_s_66_stand_up_target_5'====== Args={'value': 3, 'prev_value': None, 'change': True}
2026-02-12 09:12:11,494 : INFO : EventManager : Event: ======'machine_var_audits_missing_switches_s_66_varitarget_poisition_3'====== Args={'value': 10, 'prev_value': None, 'change': True}
2026-02-12 09:12:11,494 : INFO : EventManager : Event: ======'machine_var_audits_missing_switches_s_67_stand_up_target_6'====== Args={'value': 3, 'prev_value': None, 'change': True}
2026-02-12 09:12:11,494 : INFO : EventManager : Event: ======'machine_var_audits_missing_switches_s_67_varitarget_poisition_4'====== Args={'value': 5, 'prev_value': None, 'change': True}
2026-02-12 09:12:11,494 : INFO : EventManager : Event: ======'machine_var_audits_missing_switches_s_68_stand_up_target_7'====== Args={'value': 2, 'prev_value': None, 'change': True}
2026-02-12 09:12:11,494 : INFO : EventManager : Event: ======'machine_var_audits_missing_switches_s_68_varitarget_poisition_5'====== Args={'value': 10, 'prev_value': None, 'change': True}
2026-02-12 09:12:11,494 : INFO : EventManager : Event: ======'machine_var_audits_missing_switches_s_69_stand_up_target_8'====== Args={'value': 1, 'prev_value': None, 'change': True}
2026-02-12 09:12:11,494 : INFO : EventManager : Event: ======'machine_var_audits_missing_switches_s_69_varitarget_poisition_6'====== Args={'value': 10, 'prev_value': None, 'change': True}
2026-02-12 09:12:11,494 : INFO : EventManager : Event: ======'machine_var_audits_missing_switches_s_70_stand_up_target_9'====== Args={'value': 3, 'prev_value': None, 'change': True}
2026-02-12 09:12:11,494 : INFO : EventManager : Event: ======'machine_var_audits_missing_switches_s_70_varitarget_poisition_7'====== Args={'value': 3, 'prev_value': None, 'change': True}
2026-02-12 09:12:11,494 : INFO : EventManager : Event: ======'machine_var_audits_missing_switches_s_71_spinner_left'====== Args={'value': 10, 'prev_value': None, 'change': True}
2026-02-12 09:12:11,494 : INFO : EventManager : Event: ======'machine_var_audits_missing_switches_s_71_stand_up_target_10'====== Args={'value': 3, 'prev_value': None, 'change': True}
2026-02-12 09:12:11,494 : INFO : EventManager : Event: ======'machine_var_audits_missing_switches_s_72_single_drop_1'====== Args={'value': 10, 'prev_value': None, 'change': True}
2026-02-12 09:12:11,494 : INFO : EventManager : Event: ======'machine_var_audits_missing_switches_s_72_stand_up_target_11'====== Args={'value': 3, 'prev_value': None, 'change': True}
2026-02-12 09:12:11,494 : INFO : EventManager : Event: ======'machine_var_audits_missing_switches_s_73_fourbank_drop_1'====== Args={'value': 5, 'prev_value': None, 'change': True}
2026-02-12 09:12:11,494 : INFO : EventManager : Event: ======'machine_var_audits_missing_switches_s_74_fourbank_drop_2'====== Args={'value': 5, 'prev_value': None, 'change': True}
2026-02-12 09:12:11,494 : INFO : EventManager : Event: ======'machine_var_audits_missing_switches_s_75_fourbank_drop_3'====== Args={'value': 5, 'prev_value': None, 'change': True}
2026-02-12 09:12:11,494 : INFO : EventManager : Event: ======'machine_var_audits_missing_switches_s_76_fourbank_drop_4'====== Args={'value': 10, 'prev_value': None, 'change': True}
2026-02-12 09:12:11,494 : INFO : EventManager : Event: ======'machine_var_audits_missing_switches_s_77_threebank_drop_1'====== Args={'value': 5, 'prev_value': None, 'change': True}
2026-02-12 09:12:11,494 : INFO : EventManager : Event: ======'machine_var_audits_missing_switches_s_78_threebank_drop_2'====== Args={'value': 8, 'prev_value': None, 'change': True}
2026-02-12 09:12:11,494 : INFO : EventManager : Event: ======'machine_var_audits_missing_switches_s_79_threebank_drop_3'====== Args={'value': 8, 'prev_value': None, 'change': True}
2026-02-12 09:12:11,494 : INFO : EventManager : Event: ======'machine_var_audits_missing_switches_s_82_stand_up_target_bank_1'====== Args={'value': 7, 'prev_value': None, 'change': True}
2026-02-12 09:12:11,494 : INFO : EventManager : Event: ======'machine_var_audits_missing_switches_s_83_stand_up_target_bank_2'====== Args={'value': 7, 'prev_value': None, 'change': True}
2026-02-12 09:12:11,494 : INFO : EventManager : Event: ======'machine_var_audits_missing_switches_s_84_stand_up_target_bank_3'====== Args={'value': 7, 'prev_value': None, 'change': True}
2026-02-12 09:12:11,494 : INFO : EventManager : Event: ======'machine_var_audits_missing_switches_s_85_stand_up_target_bank_4'====== Args={'value': 7, 'prev_value': None, 'change': True}
2026-02-12 09:12:11,494 : INFO : EventManager : Event: ======'machine_var_audits_missing_switches_s_86_stand_up_target_bank_5'====== Args={'value': 7, 'prev_value': None, 'change': True}
2026-02-12 09:12:11,494 : INFO : EventManager : Event: ======'machine_var_audits_missing_switches_s_87_stand_up_target_bank_6'====== Args={'value': 7, 'prev_value': None, 'change': True}
2026-02-12 09:12:11,494 : INFO : EventManager : Event: ======'machine_var_audits_missing_switches_s_8_left_flipper'====== Args={'value': 3, 'prev_value': None, 'change': True}
2026-02-12 09:12:11,494 : INFO : EventManager : Event: ======'machine_var_audits_player_score'====== Args={'value': {'average': 0, 'top': [0, 0], 'total': 2}, 'prev_value': None, 'change': True}
2026-02-12 09:12:11,494 : INFO : EventManager : Event: ======'machine_var_audits_switches_s_0_service_esc'====== Args={'value': 0, 'prev_value': None, 'change': True}
2026-02-12 09:12:11,494 : INFO : EventManager : Event: ======'machine_var_audits_switches_s_11_start_button'====== Args={'value': 8, 'prev_value': None, 'change': True}
2026-02-12 09:12:11,494 : INFO : EventManager : Event: ======'machine_var_audits_switches_s_12_tilt_bob'====== Args={'value': 0, 'prev_value': None, 'change': True}
2026-02-12 09:12:11,494 : INFO : EventManager : Event: ======'machine_var_audits_switches_s_13_coin_door'====== Args={'value': 0, 'prev_value': None, 'change': True}
2026-02-12 09:12:11,494 : INFO : EventManager : Event: ======'machine_var_audits_switches_s_16_right_flipper'====== Args={'value': 211, 'prev_value': None, 'change': True}
2026-02-12 09:12:11,494 : INFO : EventManager : Event: ======'machine_var_audits_switches_s_17_right_flipper_upper'====== Args={'value': 175, 'prev_value': None, 'change': True}
2026-02-12 09:12:11,494 : INFO : EventManager : Event: ======'machine_var_audits_switches_s_19_cab_arrow_left'====== Args={'value': 0, 'prev_value': None, 'change': True}
2026-02-12 09:12:11,494 : INFO : EventManager : Event: ======'machine_var_audits_switches_s_1_service_up'====== Args={'value': 0, 'prev_value': None, 'change': True}
2026-02-12 09:12:11,494 : INFO : EventManager : Event: ======'machine_var_audits_switches_s_20_cab_arrow_right'====== Args={'value': 0, 'prev_value': None, 'change': True}
2026-02-12 09:12:11,494 : INFO : EventManager : Event: ======'machine_var_audits_switches_s_24_plunger_lane'====== Args={'value': 19, 'prev_value': None, 'change': True}
2026-02-12 09:12:11,494 : INFO : EventManager : Event: ======'machine_var_audits_switches_s_24_trough_1'====== Args={'value': 11, 'prev_value': None, 'change': True}
2026-02-12 09:12:11,494 : INFO : EventManager : Event: ======'machine_var_audits_switches_s_25_trough_2'====== Args={'value': 11, 'prev_value': None, 'change': True}
2026-02-12 09:12:11,494 : INFO : EventManager : Event: ======'machine_var_audits_switches_s_25_trough_jam'====== Args={'value': 3, 'prev_value': None, 'change': True}
2026-02-12 09:12:11,494 : INFO : EventManager : Event: ======'machine_var_audits_switches_s_26_trough_1'====== Args={'value': 21, 'prev_value': None, 'change': True}
2026-02-12 09:12:11,494 : INFO : EventManager : Event: ======'machine_var_audits_switches_s_26_trough_3'====== Args={'value': 11, 'prev_value': None, 'change': True}
2026-02-12 09:12:11,494 : INFO : EventManager : Event: ======'machine_var_audits_switches_s_27_trough_2'====== Args={'value': 19, 'prev_value': None, 'change': True}
2026-02-12 09:12:11,494 : INFO : EventManager : Event: ======'machine_var_audits_switches_s_27_trough_4'====== Args={'value': 10, 'prev_value': None, 'change': True}
2026-02-12 09:12:11,494 : INFO : EventManager : Event: ======'machine_var_audits_switches_s_28_trough_3'====== Args={'value': 2, 'prev_value': None, 'change': True}
2026-02-12 09:12:11,494 : INFO : EventManager : Event: ======'machine_var_audits_switches_s_28_trough_5'====== Args={'value': 11, 'prev_value': None, 'change': True}
2026-02-12 09:12:11,494 : INFO : EventManager : Event: ======'machine_var_audits_switches_s_29_trough_4'====== Args={'value': 2, 'prev_value': None, 'change': True}
2026-02-12 09:12:11,494 : INFO : EventManager : Event: ======'machine_var_audits_switches_s_29_trough_6'====== Args={'value': 8, 'prev_value': None, 'change': True}
2026-02-12 09:12:11,494 : INFO : EventManager : Event: ======'machine_var_audits_switches_s_2_service_down'====== Args={'value': 0, 'prev_value': None, 'change': True}
2026-02-12 09:12:11,494 : INFO : EventManager : Event: ======'machine_var_audits_switches_s_30_trough_jam'====== Args={'value': 18, 'prev_value': None, 'change': True}
2026-02-12 09:12:11,494 : INFO : EventManager : Event: ======'machine_var_audits_switches_s_31_plunger_lane'====== Args={'value': 17, 'prev_value': None, 'change': True}
2026-02-12 09:12:11,494 : INFO : EventManager : Event: ======'machine_var_audits_switches_s_32_right_inlane'====== Args={'value': 11, 'prev_value': None, 'change': True}
2026-02-12 09:12:11,494 : INFO : EventManager : Event: ======'machine_var_audits_switches_s_33_right_outlane'====== Args={'value': 0, 'prev_value': None, 'change': True}
2026-02-12 09:12:11,494 : INFO : EventManager : Event: ======'machine_var_audits_switches_s_34_right_sling'====== Args={'value': 424, 'prev_value': None, 'change': True}
2026-02-12 09:12:11,494 : INFO : EventManager : Event: ======'machine_var_audits_switches_s_35_left_inlane'====== Args={'value': 10, 'prev_value': None, 'change': True}
2026-02-12 09:12:11,494 : INFO : EventManager : Event: ======'machine_var_audits_switches_s_36_left_outlane'====== Args={'value': 30, 'prev_value': None, 'change': True}
2026-02-12 09:12:11,494 : INFO : EventManager : Event: ======'machine_var_audits_switches_s_37_left_sling'====== Args={'value': 21, 'prev_value': None, 'change': True}
2026-02-12 09:12:11,494 : INFO : EventManager : Event: ======'machine_var_audits_switches_s_38_star_rollover_bottom'====== Args={'value': 0, 'prev_value': None, 'change': True}
2026-02-12 09:12:11,494 : INFO : EventManager : Event: ======'machine_var_audits_switches_s_38_top_lane_a'====== Args={'value': 0, 'prev_value': None, 'change': True}
2026-02-12 09:12:11,494 : INFO : EventManager : Event: ======'machine_var_audits_switches_s_39_star_rollover_top'====== Args={'value': 1, 'prev_value': None, 'change': True}
2026-02-12 09:12:11,494 : INFO : EventManager : Event: ======'machine_var_audits_switches_s_39_top_lane_b'====== Args={'value': 0, 'prev_value': None, 'change': True}
2026-02-12 09:12:11,494 : INFO : EventManager : Event: ======'machine_var_audits_switches_s_3_service_enter'====== Args={'value': 0, 'prev_value': None, 'change': True}
2026-02-12 09:12:11,494 : INFO : EventManager : Event: ======'machine_var_audits_switches_s_40_stand_up_target_7'====== Args={'value': 1, 'prev_value': None, 'change': True}
2026-02-12 09:12:11,494 : INFO : EventManager : Event: ======'machine_var_audits_switches_s_40_top_lane_c'====== Args={'value': 0, 'prev_value': None, 'change': True}
2026-02-12 09:12:11,494 : INFO : EventManager : Event: ======'machine_var_audits_switches_s_41_pop_bumper_1'====== Args={'value': 1, 'prev_value': None, 'change': True}
2026-02-12 09:12:11,494 : INFO : EventManager : Event: ======'machine_var_audits_switches_s_41_stand_up_target_8'====== Args={'value': 1, 'prev_value': None, 'change': True}
2026-02-12 09:12:11,494 : INFO : EventManager : Event: ======'machine_var_audits_switches_s_42_pop_bumper_2'====== Args={'value': 0, 'prev_value': None, 'change': True}
2026-02-12 09:12:11,494 : INFO : EventManager : Event: ======'machine_var_audits_switches_s_42_stand_up_target_9'====== Args={'value': 4, 'prev_value': None, 'change': True}
2026-02-12 09:12:11,494 : INFO : EventManager : Event: ======'machine_var_audits_switches_s_43_pop_bumper_3'====== Args={'value': 16, 'prev_value': None, 'change': True}
2026-02-12 09:12:11,494 : INFO : EventManager : Event: ======'machine_var_audits_switches_s_43_stand_up_target_10'====== Args={'value': 0, 'prev_value': None, 'change': True}
2026-02-12 09:12:11,494 : INFO : EventManager : Event: ======'machine_var_audits_switches_s_44_spinner_left'====== Args={'value': 8, 'prev_value': None, 'change': True}
2026-02-12 09:12:11,494 : INFO : EventManager : Event: ======'machine_var_audits_switches_s_44_spinner_right'====== Args={'value': 34, 'prev_value': None, 'change': True}
2026-02-12 09:12:11,494 : INFO : EventManager : Event: ======'machine_var_audits_switches_s_45_spinner_right'====== Args={'value': 0, 'prev_value': None, 'change': True}
2026-02-12 09:12:11,494 : INFO : EventManager : Event: ======'machine_var_audits_switches_s_45_varitarget_poisition_1'====== Args={'value': 0, 'prev_value': None, 'change': True}
2026-02-12 09:12:11,494 : INFO : EventManager : Event: ======'machine_var_audits_switches_s_46_varitarget_poisition_2'====== Args={'value': 0, 'prev_value': None, 'change': True}
2026-02-12 09:12:11,494 : INFO : EventManager : Event: ======'machine_var_audits_switches_s_47_varitarget_poisition_3'====== Args={'value': 0, 'prev_value': None, 'change': True}
2026-02-12 09:12:11,494 : INFO : EventManager : Event: ======'machine_var_audits_switches_s_48_varitarget_poisition_4'====== Args={'value': 0, 'prev_value': None, 'change': True}
2026-02-12 09:12:11,494 : INFO : EventManager : Event: ======'machine_var_audits_switches_s_49_varitarget_poisition_5'====== Args={'value': 0, 'prev_value': None, 'change': True}
2026-02-12 09:12:11,494 : INFO : EventManager : Event: ======'machine_var_audits_switches_s_50_saucer_left'====== Args={'value': 0, 'prev_value': None, 'change': True}
2026-02-12 09:12:11,494 : INFO : EventManager : Event: ======'machine_var_audits_switches_s_51_saucer_right'====== Args={'value': 2, 'prev_value': None, 'change': True}
2026-02-12 09:12:11,494 : INFO : EventManager : Event: ======'machine_var_audits_switches_s_52_star_rollover_top'====== Args={'value': 0, 'prev_value': None, 'change': True}
2026-02-12 09:12:11,494 : INFO : EventManager : Event: ======'machine_var_audits_switches_s_53_star_rollover_bottom'====== Args={'value': 0, 'prev_value': None, 'change': True}
2026-02-12 09:12:11,494 : INFO : EventManager : Event: ======'machine_var_audits_switches_s_54_single_drop_1'====== Args={'value': 0, 'prev_value': None, 'change': True}
2026-02-12 09:12:11,494 : INFO : EventManager : Event: ======'machine_var_audits_switches_s_55_fourbank_drop_1'====== Args={'value': 0, 'prev_value': None, 'change': True}
2026-02-12 09:12:11,494 : INFO : EventManager : Event: ======'machine_var_audits_switches_s_56_fourbank_drop_2'====== Args={'value': 0, 'prev_value': None, 'change': True}
2026-02-12 09:12:11,494 : INFO : EventManager : Event: ======'machine_var_audits_switches_s_56_pop_bumper_right'====== Args={'value': 18, 'prev_value': None, 'change': True}
2026-02-12 09:12:11,494 : INFO : EventManager : Event: ======'machine_var_audits_switches_s_57_fourbank_drop_3'====== Args={'value': 1, 'prev_value': None, 'change': True}
2026-02-12 09:12:11,494 : INFO : EventManager : Event: ======'machine_var_audits_switches_s_57_pop_bumper_center'====== Args={'value': 0, 'prev_value': None, 'change': True}
2026-02-12 09:12:11,494 : INFO : EventManager : Event: ======'machine_var_audits_switches_s_58_fourbank_drop_4'====== Args={'value': 1, 'prev_value': None, 'change': True}
2026-02-12 09:12:11,494 : INFO : EventManager : Event: ======'machine_var_audits_switches_s_58_pop_bumper_left'====== Args={'value': 3, 'prev_value': None, 'change': True}
2026-02-12 09:12:11,494 : INFO : EventManager : Event: ======'machine_var_audits_switches_s_59_saucer_right'====== Args={'value': 6, 'prev_value': None, 'change': True}
2026-02-12 09:12:11,494 : INFO : EventManager : Event: ======'machine_var_audits_switches_s_59_threebank_drop_1'====== Args={'value': 1, 'prev_value': None, 'change': True}
2026-02-12 09:12:11,494 : INFO : EventManager : Event: ======'machine_var_audits_switches_s_60_threebank_drop_2'====== Args={'value': 1, 'prev_value': None, 'change': True}
2026-02-12 09:12:11,494 : INFO : EventManager : Event: ======'machine_var_audits_switches_s_60_top_lane_c'====== Args={'value': 4, 'prev_value': None, 'change': True}
2026-02-12 09:12:11,494 : INFO : EventManager : Event: ======'machine_var_audits_switches_s_61_threebank_drop_3'====== Args={'value': 0, 'prev_value': None, 'change': True}
2026-02-12 09:12:11,494 : INFO : EventManager : Event: ======'machine_var_audits_switches_s_61_top_lane_b'====== Args={'value': 0, 'prev_value': None, 'change': True}
2026-02-12 09:12:11,494 : INFO : EventManager : Event: ======'machine_var_audits_switches_s_62_stand_up_target_1'====== Args={'value': 0, 'prev_value': None, 'change': True}
2026-02-12 09:12:11,494 : INFO : EventManager : Event: ======'machine_var_audits_switches_s_62_top_lane_a'====== Args={'value': 24, 'prev_value': None, 'change': True}
2026-02-12 09:12:11,494 : INFO : EventManager : Event: ======'machine_var_audits_switches_s_63_stand_up_target_11'====== Args={'value': 9, 'prev_value': None, 'change': True}
2026-02-12 09:12:11,494 : INFO : EventManager : Event: ======'machine_var_audits_switches_s_63_stand_up_target_2'====== Args={'value': 1, 'prev_value': None, 'change': True}
2026-02-12 09:12:11,494 : INFO : EventManager : Event: ======'machine_var_audits_switches_s_64_stand_up_target_3'====== Args={'value': 1, 'prev_value': None, 'change': True}
2026-02-12 09:12:11,494 : INFO : EventManager : Event: ======'machine_var_audits_switches_s_64_varitarget_poisition_1'====== Args={'value': 249, 'prev_value': None, 'change': True}
2026-02-12 09:12:11,494 : INFO : EventManager : Event: ======'machine_var_audits_switches_s_65_stand_up_target_4'====== Args={'value': 0, 'prev_value': None, 'change': True}
2026-02-12 09:12:11,494 : INFO : EventManager : Event: ======'machine_var_audits_switches_s_65_varitarget_poisition_2'====== Args={'value': 0, 'prev_value': None, 'change': True}
2026-02-12 09:12:11,494 : INFO : EventManager : Event: ======'machine_var_audits_switches_s_66_stand_up_target_5'====== Args={'value': 0, 'prev_value': None, 'change': True}
2026-02-12 09:12:11,494 : INFO : EventManager : Event: ======'machine_var_audits_switches_s_66_varitarget_poisition_3'====== Args={'value': 0, 'prev_value': None, 'change': True}
2026-02-12 09:12:11,494 : INFO : EventManager : Event: ======'machine_var_audits_switches_s_67_stand_up_target_6'====== Args={'value': 0, 'prev_value': None, 'change': True}
2026-02-12 09:12:11,494 : INFO : EventManager : Event: ======'machine_var_audits_switches_s_67_varitarget_poisition_4'====== Args={'value': 1, 'prev_value': None, 'change': True}
2026-02-12 09:12:11,494 : INFO : EventManager : Event: ======'machine_var_audits_switches_s_68_stand_up_target_7'====== Args={'value': 1, 'prev_value': None, 'change': True}
2026-02-12 09:12:11,494 : INFO : EventManager : Event: ======'machine_var_audits_switches_s_68_varitarget_poisition_5'====== Args={'value': 0, 'prev_value': None, 'change': True}
2026-02-12 09:12:11,494 : INFO : EventManager : Event: ======'machine_var_audits_switches_s_69_stand_up_target_8'====== Args={'value': 2, 'prev_value': None, 'change': True}
2026-02-12 09:12:11,494 : INFO : EventManager : Event: ======'machine_var_audits_switches_s_69_varitarget_poisition_6'====== Args={'value': 0, 'prev_value': None, 'change': True}
2026-02-12 09:12:11,494 : INFO : EventManager : Event: ======'machine_var_audits_switches_s_70_stand_up_target_9'====== Args={'value': 0, 'prev_value': None, 'change': True}
2026-02-12 09:12:11,494 : INFO : EventManager : Event: ======'machine_var_audits_switches_s_70_varitarget_poisition_7'====== Args={'value': 38, 'prev_value': None, 'change': True}
2026-02-12 09:12:11,494 : INFO : EventManager : Event: ======'machine_var_audits_switches_s_71_spinner_left'====== Args={'value': 0, 'prev_value': None, 'change': True}
2026-02-12 09:12:11,494 : INFO : EventManager : Event: ======'machine_var_audits_switches_s_71_stand_up_target_10'====== Args={'value': 0, 'prev_value': None, 'change': True}
2026-02-12 09:12:11,494 : INFO : EventManager : Event: ======'machine_var_audits_switches_s_72_single_drop_1'====== Args={'value': 0, 'prev_value': None, 'change': True}
2026-02-12 09:12:11,494 : INFO : EventManager : Event: ======'machine_var_audits_switches_s_72_stand_up_target_11'====== Args={'value': 0, 'prev_value': None, 'change': True}
2026-02-12 09:12:11,494 : INFO : EventManager : Event: ======'machine_var_audits_switches_s_73_fourbank_drop_1'====== Args={'value': 96, 'prev_value': None, 'change': True}
2026-02-12 09:12:11,494 : INFO : EventManager : Event: ======'machine_var_audits_switches_s_74_fourbank_drop_2'====== Args={'value': 5, 'prev_value': None, 'change': True}
2026-02-12 09:12:11,494 : INFO : EventManager : Event: ======'machine_var_audits_switches_s_75_fourbank_drop_3'====== Args={'value': 7, 'prev_value': None, 'change': True}
2026-02-12 09:12:11,494 : INFO : EventManager : Event: ======'machine_var_audits_switches_s_76_fourbank_drop_4'====== Args={'value': 0, 'prev_value': None, 'change': True}
2026-02-12 09:12:11,494 : INFO : EventManager : Event: ======'machine_var_audits_switches_s_77_threebank_drop_1'====== Args={'value': 3, 'prev_value': None, 'change': True}
2026-02-12 09:12:11,494 : INFO : EventManager : Event: ======'machine_var_audits_switches_s_78_threebank_drop_2'====== Args={'value': 2, 'prev_value': None, 'change': True}
2026-02-12 09:12:11,494 : INFO : EventManager : Event: ======'machine_var_audits_switches_s_79_threebank_drop_3'====== Args={'value': 1, 'prev_value': None, 'change': True}
2026-02-12 09:12:11,494 : INFO : EventManager : Event: ======'machine_var_audits_switches_s_80_stand_up_target_1'====== Args={'value': 10, 'prev_value': None, 'change': True}
2026-02-12 09:12:11,494 : INFO : EventManager : Event: ======'machine_var_audits_switches_s_81_saucer_left'====== Args={'value': 13, 'prev_value': None, 'change': True}
2026-02-12 09:12:11,494 : INFO : EventManager : Event: ======'machine_var_audits_switches_s_82_stand_up_target_bank_1'====== Args={'value': 4, 'prev_value': None, 'change': True}
2026-02-12 09:12:11,494 : INFO : EventManager : Event: ======'machine_var_audits_switches_s_83_stand_up_target_bank_2'====== Args={'value': 6, 'prev_value': None, 'change': True}
2026-02-12 09:12:11,494 : INFO : EventManager : Event: ======'machine_var_audits_switches_s_84_stand_up_target_bank_3'====== Args={'value': 4, 'prev_value': None, 'change': True}
2026-02-12 09:12:11,494 : INFO : EventManager : Event: ======'machine_var_audits_switches_s_85_stand_up_target_bank_4'====== Args={'value': 6, 'prev_value': None, 'change': True}
2026-02-12 09:12:11,494 : INFO : EventManager : Event: ======'machine_var_audits_switches_s_86_stand_up_target_bank_5'====== Args={'value': 2, 'prev_value': None, 'change': True}
2026-02-12 09:12:11,494 : INFO : EventManager : Event: ======'machine_var_audits_switches_s_87_stand_up_target_bank_6'====== Args={'value': 7, 'prev_value': None, 'change': True}
2026-02-12 09:12:11,494 : INFO : EventManager : Event: ======'machine_var_audits_switches_s_8_left_flipper'====== Args={'value': 104, 'prev_value': None, 'change': True}
2026-02-12 09:12:11,494 : INFO : EventManager : Event: ======'init_phase_5'====== Args={}
2026-02-12 09:12:11,494 : INFO : EventManager : Event: ======'init_done'====== Args={}
2026-02-12 09:12:11,494 : INFO : EventManager : Event: ======'machine_reset_phase_1'====== Args={}
2026-02-12 09:12:11,494 : INFO : EventManager : Event: ======'machine_reset_phase_2'====== Args={}
2026-02-12 09:12:11,494 : INFO : EventManager : Event: ======'machine_reset_phase_3'====== Args={}
2026-02-12 09:12:11,494 : INFO : EventManager : Event: ======'reset_complete'====== Args={}
2026-02-12 09:12:11,494 : INFO : EventManager : Event: ======'mode_attract_will_start'====== Args={}
2026-02-12 09:12:11,494 : INFO : Timer.attract_carousel_timer : Starting Timer.
2026-02-12 09:12:11,494 : INFO : EventManager : Event: ======'timer_attract_carousel_timer_started'====== Args={'ticks': 0, 'ticks_remaining': 1}
2026-02-12 09:12:11,494 : INFO : EventManager : Event: ======'timer_attract_carousel_timer_tick'====== Args={'ticks': 0, 'ticks_remaining': 1}
2026-02-12 09:12:11,494 : INFO : EventManager : Event: ======'mode_attract_starting'====== Args={}
2026-02-12 09:12:11,494 : INFO : drop_target_bank.dtb_characters : 3 targets are down. Will reset those.
2026-02-12 09:12:11,494 : INFO : coil.c_40_fourbank_drop_reset : Pulsing Driver for 1ms (1.0 pulse_power)
2026-02-12 09:12:11,494 : DEBUG : FAST Driver : Pulsing driver 43 with pulse_settings: PulseSettings(power=1.0, duration=1).
2026-02-12 09:12:11,494 : INFO : drop_target_bank.dtb_rollover : 1 targets are down. Will reset those.
2026-02-12 09:12:11,494 : INFO : Mode.attract : Started. Priority: 10
2026-02-12 09:12:11,494 : INFO : EventManager : Event: ======'modes_active_modes_changed'====== Args={}
2026-02-12 09:12:11,494 : INFO : EventManager : Event: ======'mode_attract_started'====== Args={}
2026-02-12 09:12:11,510 : INFO : EventManager : Event: ======'collecting_balls_complete'====== Args={}
2026-02-12 09:12:11,510 : INFO : EventManager : Event: ======'carousel_item_highlighted'====== Args={'carousel': 'attract', 'direction': None, 'item': 'title'}
2026-02-12 09:12:11,510 : INFO : coil.c_32_threebank_drop_reset : Pulsing Driver for 1ms (1.0 pulse_power)
2026-02-12 09:12:11,510 : DEBUG : FAST Driver : Pulsing driver 35 with pulse_settings: PulseSettings(power=1.0, duration=1).
2026-02-12 09:12:11,510 : INFO : coil.c_31_single_drop_1_reset : Pulsing Driver for 1ms (1.0 pulse_power)
2026-02-12 09:12:11,510 : DEBUG : FAST Driver : Pulsing driver 34 with pulse_settings: PulseSettings(power=1.0, duration=1).
2026-02-12 09:12:11,510 : INFO : Machine : Starting the main run loop with active modes: [<Mode.attract>]
2026-02-12 09:12:11,994 : INFO : EventManager : Event: ======'drop_target_bank_dtb_characters_mixed'====== Args={'prev_value': <DropTargetBankState.UP: 'up'>, 'down': 3}
2026-02-12 09:12:12,010 : INFO : EventManager : Event: ======'drop_target_bank_dtb_rollover_down'====== Args={}
2026-02-12 09:12:15,400 : INFO : SwitchController : <<<<<<< 's_33_right_outlane' active >>>>>>>
2026-02-12 09:12:15,510 : INFO : SwitchController : <<<<<<< 's_33_right_outlane' inactive >>>>>>>
2026-02-12 09:12:15,791 : INFO : SwitchController : <<<<<<< 's_33_right_outlane' active >>>>>>>
2026-02-12 09:12:15,822 : INFO : SwitchController : <<<<<<< 's_33_right_outlane' inactive >>>>>>>
2026-02-12 09:12:15,931 : INFO : SwitchController : <<<<<<< 's_33_right_outlane' active >>>>>>>
2026-02-12 09:12:16,010 : INFO : SwitchController : <<<<<<< 's_33_right_outlane' inactive >>>>>>>
2026-02-12 09:12:16,103 : INFO : SwitchController : <<<<<<< 's_33_right_outlane' active >>>>>>>
2026-02-12 09:12:16,119 : INFO : SwitchController : <<<<<<< 's_33_right_outlane' inactive >>>>>>>
2026-02-12 09:12:16,244 : INFO : SwitchController : <<<<<<< 's_33_right_outlane' active >>>>>>>
2026-02-12 09:12:16,275 : INFO : SwitchController : <<<<<<< 's_33_right_outlane' inactive >>>>>>>
2026-02-12 09:12:16,400 : INFO : SwitchController : <<<<<<< 's_33_right_outlane' active >>>>>>>
2026-02-12 09:12:16,400 : INFO : SwitchController : <<<<<<< 's_33_right_outlane' inactive >>>>>>>
2026-02-12 09:12:16,494 : INFO : Timer.attract_carousel_timer : Timer Complete
2026-02-12 09:12:16,494 : INFO : Timer.attract_carousel_timer : Stopping Timer
2026-02-12 09:12:16,494 : INFO : EventManager : Event: ======'timer_attract_carousel_timer_stopped'====== Args={'ticks': 1, 'ticks_remaining': 1}
2026-02-12 09:12:16,494 : INFO : EventManager : Event: ======'timer_attract_carousel_timer_complete'====== Args={'ticks': 1, 'ticks_remaining': 1}
2026-02-12 09:12:16,494 : INFO : EventManager : Event: ======'carousel_item_highlighted'====== Args={'carousel': 'attract', 'direction': 'forwards', 'item': 'credits'}
2026-02-12 09:12:58,635 : INFO : SwitchController : <<<<<<< 's_33_right_outlane' active >>>>>>>
2026-02-12 09:12:58,728 : INFO : SwitchController : <<<<<<< 's_33_right_outlane' inactive >>>>>>>
2026-02-12 09:12:58,838 : INFO : SwitchController : <<<<<<< 's_33_right_outlane' active >>>>>>>
2026-02-12 09:12:58,900 : INFO : SwitchController : <<<<<<< 's_33_right_outlane' inactive >>>>>>>
2026-02-12 09:12:58,993 : INFO : SwitchController : <<<<<<< 's_33_right_outlane' active >>>>>>>
2026-02-12 09:12:59,041 : INFO : SwitchController : <<<<<<< 's_33_right_outlane' inactive >>>>>>>
2026-02-12 09:12:59,447 : INFO : SwitchController : <<<<<<< 's_33_right_outlane' active >>>>>>>
2026-02-12 09:12:59,509 : INFO : SwitchController : <<<<<<< 's_33_right_outlane' inactive >>>>>>>
2026-02-12 09:12:59,603 : INFO : SwitchController : <<<<<<< 's_33_right_outlane' active >>>>>>>
2026-02-12 09:12:59,666 : INFO : SwitchController : <<<<<<< 's_33_right_outlane' inactive >>>>>>>
2026-02-12 09:13:09,119 : INFO : SwitchController : <<<<<<< 's_8_left_flipper' active >>>>>>>
2026-02-12 09:13:09,338 : INFO : SwitchController : <<<<<<< 's_8_left_flipper' inactive >>>>>>>
2026-02-12 09:13:10,385 : INFO : SwitchController : <<<<<<< 's_8_left_flipper' active >>>>>>>
2026-02-12 09:13:10,572 : INFO : SwitchController : <<<<<<< 's_8_left_flipper' inactive >>>>>>>
2026-02-12 09:15:03,541 : INFO : SwitchController : <<<<<<< 's_33_right_outlane' active >>>>>>>
2026-02-12 09:15:03,697 : INFO : SwitchController : <<<<<<< 's_33_right_outlane' inactive >>>>>>>
2026-02-12 09:15:03,697 : INFO : SwitchController : <<<<<<< 's_33_right_outlane' active >>>>>>>
2026-02-12 09:15:03,713 : INFO : SwitchController : <<<<<<< 's_33_right_outlane' inactive >>>>>>>
2026-02-12 09:15:03,729 : INFO : SwitchController : <<<<<<< 's_33_right_outlane' active >>>>>>>
2026-02-12 09:15:03,994 : INFO : SwitchController : <<<<<<< 's_33_right_outlane' inactive >>>>>>>
2026-02-12 09:15:04,994 : INFO : SwitchController : <<<<<<< 's_33_right_outlane' active >>>>>>>
2026-02-12 09:15:06,057 : INFO : SwitchController : <<<<<<< 's_33_right_outlane' inactive >>>>>>>
2026-02-12 09:15:26,837 : INFO : SwitchController : <<<<<<< 's_33_right_outlane' active >>>>>>>
2026-02-12 09:15:26,930 : INFO : SwitchController : <<<<<<< 's_33_right_outlane' inactive >>>>>>>
2026-02-12 09:15:27,072 : INFO : SwitchController : <<<<<<< 's_33_right_outlane' active >>>>>>>
2026-02-12 09:15:32,353 : INFO : SwitchController : <<<<<<< 's_33_right_outlane' inactive >>>>>>>
2026-02-12 09:15:42,884 : INFO : SwitchController : <<<<<<< 's_33_right_outlane' active >>>>>>>
2026-02-12 09:15:42,931 : INFO : SwitchController : <<<<<<< 's_33_right_outlane' inactive >>>>>>>
2026-02-12 09:15:43,213 : INFO : SwitchController : <<<<<<< 's_33_right_outlane' active >>>>>>>
2026-02-12 09:15:43,260 : INFO : SwitchController : <<<<<<< 's_33_right_outlane' inactive >>>>>>>
2026-02-12 09:15:43,353 : INFO : SwitchController : <<<<<<< 's_33_right_outlane' active >>>>>>>
2026-02-12 09:15:43,431 : INFO : SwitchController : <<<<<<< 's_33_right_outlane' inactive >>>>>>>
2026-02-12 09:15:43,681 : INFO : SwitchController : <<<<<<< 's_33_right_outlane' active >>>>>>>
2026-02-12 09:15:43,744 : INFO : SwitchController : <<<<<<< 's_33_right_outlane' inactive >>>>>>>
2026-02-12 09:15:43,838 : INFO : SwitchController : <<<<<<< 's_33_right_outlane' active >>>>>>>
2026-02-12 09:15:43,900 : INFO : SwitchController : <<<<<<< 's_33_right_outlane' inactive >>>>>>>
2026-02-12 09:15:43,978 : INFO : SwitchController : <<<<<<< 's_33_right_outlane' active >>>>>>>
2026-02-12 09:15:44,041 : INFO : SwitchController : <<<<<<< 's_33_right_outlane' inactive >>>>>>>
2026-02-12 09:15:44,118 : INFO : SwitchController : <<<<<<< 's_33_right_outlane' active >>>>>>>
2026-02-12 09:15:44,228 : INFO : SwitchController : <<<<<<< 's_33_right_outlane' inactive >>>>>>>
2026-02-12 09:16:36,759 : INFO : SwitchController : <<<<<<< 's_33_right_outlane' active >>>>>>>
2026-02-12 09:16:36,759 : INFO : SwitchController : <<<<<<< 's_33_right_outlane' inactive >>>>>>>
2026-02-12 09:16:37,369 : INFO : SwitchController : <<<<<<< 's_33_right_outlane' active >>>>>>>
2026-02-12 09:16:37,432 : INFO : SwitchController : <<<<<<< 's_33_right_outlane' inactive >>>>>>>
2026-02-12 09:16:37,525 : INFO : SwitchController : <<<<<<< 's_33_right_outlane' active >>>>>>>
2026-02-12 09:16:37,588 : INFO : SwitchController : <<<<<<< 's_33_right_outlane' inactive >>>>>>>
2026-02-12 09:16:37,682 : INFO : SwitchController : <<<<<<< 's_33_right_outlane' active >>>>>>>
2026-02-12 09:16:37,760 : INFO : SwitchController : <<<<<<< 's_33_right_outlane' inactive >>>>>>>
2026-02-12 09:16:37,837 : INFO : SwitchController : <<<<<<< 's_33_right_outlane' active >>>>>>>
2026-02-12 09:16:37,915 : INFO : SwitchController : <<<<<<< 's_33_right_outlane' inactive >>>>>>>
2026-02-12 09:16:37,978 : INFO : SwitchController : <<<<<<< 's_33_right_outlane' active >>>>>>>
2026-02-12 09:16:38,056 : INFO : SwitchController : <<<<<<< 's_33_right_outlane' inactive >>>>>>>
2026-02-12 09:16:38,150 : INFO : SwitchController : <<<<<<< 's_33_right_outlane' active >>>>>>>
2026-02-12 09:16:38,244 : INFO : SwitchController : <<<<<<< 's_33_right_outlane' inactive >>>>>>>
2026-02-12 09:16:38,306 : INFO : SwitchController : <<<<<<< 's_33_right_outlane' active >>>>>>>
2026-02-12 09:16:38,385 : INFO : SwitchController : <<<<<<< 's_33_right_outlane' inactive >>>>>>>
2026-02-12 09:16:38,462 : INFO : SwitchController : <<<<<<< 's_33_right_outlane' active >>>>>>>
2026-02-12 09:16:38,525 : INFO : SwitchController : <<<<<<< 's_33_right_outlane' inactive >>>>>>>
2026-02-12 09:16:38,619 : INFO : SwitchController : <<<<<<< 's_33_right_outlane' active >>>>>>>
2026-02-12 09:16:38,682 : INFO : SwitchController : <<<<<<< 's_33_right_outlane' inactive >>>>>>>
2026-02-12 09:16:38,760 : INFO : SwitchController : <<<<<<< 's_33_right_outlane' active >>>>>>>
2026-02-12 09:16:38,838 : INFO : SwitchController : <<<<<<< 's_33_right_outlane' inactive >>>>>>>
2026-02-12 09:16:38,947 : INFO : SwitchController : <<<<<<< 's_33_right_outlane' active >>>>>>>
2026-02-12 09:16:38,978 : INFO : SwitchController : <<<<<<< 's_33_right_outlane' inactive >>>>>>>
2026-02-12 09:16:39,072 : INFO : SwitchController : <<<<<<< 's_33_right_outlane' active >>>>>>>
2026-02-12 09:16:39,165 : INFO : SwitchController : <<<<<<< 's_33_right_outlane' inactive >>>>>>>
2026-02-12 09:16:39,181 : INFO : SwitchController : <<<<<<< 's_33_right_outlane' active >>>>>>>
2026-02-12 09:16:39,259 : INFO : SwitchController : <<<<<<< 's_33_right_outlane' inactive >>>>>>>
2026-02-12 09:16:43,635 : INFO : SwitchController : <<<<<<< 's_29_trough_6' active >>>>>>>
2026-02-12 09:16:44,025 : INFO : SwitchController : <<<<<<< 's_28_trough_5' active >>>>>>>
2026-02-12 09:16:44,041 : INFO : SwitchController : <<<<<<< 's_29_trough_6' inactive >>>>>>>
2026-02-12 09:16:44,072 : INFO : SwitchController : <<<<<<< 's_28_trough_5' inactive >>>>>>>
2026-02-12 09:16:44,103 : INFO : SwitchController : <<<<<<< 's_28_trough_5' active >>>>>>>
2026-02-12 09:16:44,604 : INFO : EventManager : Event: ======'balldevice_bd_trough_ball_count_changed'====== Args={'balls': 1}
2026-02-12 09:16:44,604 : INFO : ball_device.bd_trough : Received unexpected ball
2026-02-12 09:16:44,604 : INFO : EventManager : Event: ======'balldevice_captured_from_playfield'====== Args={'balls': 1}
2026-02-12 09:16:44,604 : INFO : EventManager : Event: ======'sw_playfield_active'====== Args={'balls': 1}
2026-02-12 09:16:44,604 : INFO : EventManager : Event: ======'playfield_active'====== Args={'source': None}
2026-02-12 09:16:44,604 : INFO : EventManager : Event: ======'unexpected_ball_on_playfield'====== Args={}
2026-02-12 09:16:44,604 : INFO : EventManager : Event: ======'playfield_ball_count_change'====== Args={'balls': -1, 'change': -1}
2026-02-12 09:16:44,604 : INFO : EventManager : Event: ======'balldevice_playfield_ball_enter'====== Args={'new_balls': 1, 'unclaimed_balls': 1, 'device': <playfield.playfield>}
2026-02-12 09:16:44,604 : INFO : EventManager : Event: ======'playfield_ball_count_change'====== Args={'balls': 0, 'change': 1}
2026-02-12 09:16:44,604 : INFO : BallController : Found a new ball which was captured from playfield. Known balls: 1
2026-02-12 09:16:44,604 : INFO : EventManager : Event: ======'found_new_ball'====== Args={}
2026-02-12 09:16:44,604 : INFO : EventManager : Event: ======'balldevice_bd_trough_ball_enter'====== Args={'new_balls': 1, 'unclaimed_balls': 1, 'new_available_balls': 1, 'device': <ball_device.bd_trough>}
2026-02-12 09:16:44,604 : INFO : EventManager : Event: ======'ball_drain'====== Args={'device': <ball_device.bd_trough>, 'balls': 1}
2026-02-12 09:16:44,604 : INFO : EventManager : Event: ======'balldevice_balls_available'====== Args={}
2026-02-12 09:16:44,604 : INFO : EventManager : Event: ======'balldevice_bd_trough_ball_entered'====== Args={'new_balls': 1, 'device': <ball_device.bd_trough>}
2026-02-12 09:16:44,744 : INFO : SwitchController : <<<<<<< 's_28_trough_5' inactive >>>>>>>
2026-02-12 09:16:44,744 : INFO : SwitchController : <<<<<<< 's_29_trough_6' active >>>>>>>
2026-02-12 09:16:44,775 : INFO : SwitchController : <<<<<<< 's_29_trough_6' inactive >>>>>>>
2026-02-12 09:16:45,041 : INFO : SwitchController : <<<<<<< 's_29_trough_6' active >>>>>>>
2026-02-12 09:16:47,400 : INFO : SwitchController : <<<<<<< 's_28_trough_5' active >>>>>>>
2026-02-12 09:16:47,415 : INFO : SwitchController : <<<<<<< 's_29_trough_6' inactive >>>>>>>
2026-02-12 09:16:47,447 : INFO : SwitchController : <<<<<<< 's_28_trough_5' inactive >>>>>>>
2026-02-12 09:16:47,462 : INFO : SwitchController : <<<<<<< 's_28_trough_5' active >>>>>>>
2026-02-12 09:16:47,759 : INFO : SwitchController : <<<<<<< 's_28_trough_5' inactive >>>>>>>
2026-02-12 09:16:48,371 : INFO : SwitchController : <<<<<<< 's_28_trough_5' active >>>>>>>
2026-02-12 09:16:48,541 : INFO : SwitchController : <<<<<<< 's_28_trough_5' inactive >>>>>>>
2026-02-12 09:16:48,541 : INFO : SwitchController : <<<<<<< 's_28_trough_5' active >>>>>>>
2026-02-12 09:16:48,572 : INFO : SwitchController : <<<<<<< 's_28_trough_5' inactive >>>>>>>
2026-02-12 09:16:48,572 : INFO : SwitchController : <<<<<<< 's_29_trough_6' active >>>>>>>
2026-02-12 09:16:48,916 : INFO : SwitchController : <<<<<<< 's_28_trough_5' active >>>>>>>
2026-02-12 09:16:48,931 : INFO : SwitchController : <<<<<<< 's_29_trough_6' inactive >>>>>>>
2026-02-12 09:16:48,947 : INFO : SwitchController : <<<<<<< 's_28_trough_5' inactive >>>>>>>
2026-02-12 09:16:48,963 : INFO : SwitchController : <<<<<<< 's_28_trough_5' active >>>>>>>
2026-02-12 09:16:49,134 : INFO : SwitchController : <<<<<<< 's_28_trough_5' inactive >>>>>>>
2026-02-12 09:16:49,150 : INFO : SwitchController : <<<<<<< 's_29_trough_6' active >>>>>>>
2026-02-12 09:16:49,306 : INFO : SwitchController : <<<<<<< 's_28_trough_5' active >>>>>>>
2026-02-12 09:16:49,306 : INFO : SwitchController : <<<<<<< 's_29_trough_6' inactive >>>>>>>
2026-02-12 09:16:49,431 : INFO : SwitchController : <<<<<<< 's_28_trough_5' inactive >>>>>>>
2026-02-12 09:16:49,431 : INFO : SwitchController : <<<<<<< 's_29_trough_6' active >>>>>>>
2026-02-12 09:16:49,572 : INFO : SwitchController : <<<<<<< 's_28_trough_5' active >>>>>>>
2026-02-12 09:16:49,572 : INFO : SwitchController : <<<<<<< 's_29_trough_6' inactive >>>>>>>
2026-02-12 09:16:49,603 : INFO : SwitchController : <<<<<<< 's_28_trough_5' inactive >>>>>>>
2026-02-12 09:16:49,619 : INFO : SwitchController : <<<<<<< 's_28_trough_5' active >>>>>>>
2026-02-12 09:16:49,634 : INFO : SwitchController : <<<<<<< 's_28_trough_5' inactive >>>>>>>
2026-02-12 09:16:49,650 : INFO : SwitchController : <<<<<<< 's_28_trough_5' active >>>>>>>
2026-02-12 09:16:49,697 : INFO : SwitchController : <<<<<<< 's_29_trough_6' active >>>>>>>
2026-02-12 09:16:49,697 : INFO : SwitchController : <<<<<<< 's_28_trough_5' inactive >>>>>>>
2026-02-12 09:16:49,822 : INFO : SwitchController : <<<<<<< 's_29_trough_6' inactive >>>>>>>
2026-02-12 09:16:49,822 : INFO : SwitchController : <<<<<<< 's_28_trough_5' active >>>>>>>
2026-02-12 09:16:49,838 : INFO : SwitchController : <<<<<<< 's_28_trough_5' inactive >>>>>>>
2026-02-12 09:16:49,918 : INFO : SwitchController : <<<<<<< 's_28_trough_5' active >>>>>>>
2026-02-12 09:16:49,947 : INFO : SwitchController : <<<<<<< 's_28_trough_5' inactive >>>>>>>
2026-02-12 09:16:49,947 : INFO : SwitchController : <<<<<<< 's_29_trough_6' active >>>>>>>
2026-02-12 09:16:50,056 : INFO : SwitchController : <<<<<<< 's_29_trough_6' inactive >>>>>>>
2026-02-12 09:16:50,056 : INFO : SwitchController : <<<<<<< 's_28_trough_5' active >>>>>>>
2026-02-12 09:16:50,087 : INFO : SwitchController : <<<<<<< 's_28_trough_5' inactive >>>>>>>
2026-02-12 09:16:50,103 : INFO : SwitchController : <<<<<<< 's_28_trough_5' active >>>>>>>
2026-02-12 09:16:50,150 : INFO : SwitchController : <<<<<<< 's_29_trough_6' active >>>>>>>
2026-02-12 09:16:50,150 : INFO : SwitchController : <<<<<<< 's_28_trough_5' inactive >>>>>>>
2026-02-12 09:16:50,275 : INFO : SwitchController : <<<<<<< 's_28_trough_5' active >>>>>>>
2026-02-12 09:16:50,275 : INFO : SwitchController : <<<<<<< 's_29_trough_6' inactive >>>>>>>
2026-02-12 09:16:50,353 : INFO : SwitchController : <<<<<<< 's_29_trough_6' active >>>>>>>
2026-02-12 09:16:50,353 : INFO : SwitchController : <<<<<<< 's_28_trough_5' inactive >>>>>>>
2026-02-12 09:16:50,494 : INFO : SwitchController : <<<<<<< 's_28_trough_5' active >>>>>>>
2026-02-12 09:16:50,494 : INFO : SwitchController : <<<<<<< 's_29_trough_6' inactive >>>>>>>
2026-02-12 09:16:50,572 : INFO : SwitchController : <<<<<<< 's_29_trough_6' active >>>>>>>
2026-02-12 09:16:50,572 : INFO : SwitchController : <<<<<<< 's_28_trough_5' inactive >>>>>>>
2026-02-12 09:16:50,712 : INFO : SwitchController : <<<<<<< 's_29_trough_6' inactive >>>>>>>
2026-02-12 09:16:53,259 : INFO : EventManager : Event: ======'balldevice_bd_trough_ball_count_changed'====== Args={'balls': 0}
2026-02-12 09:16:53,259 : WARNING : ball_device.bd_trough : Ball disappeared while idle. This should not normally happen.
2026-02-12 09:16:53,259 : INFO : EventManager : Event: ======'balldevice_playfield_ball_enter'====== Args={'new_balls': 1, 'unclaimed_balls': 1, 'device': <playfield.playfield>}
2026-02-12 09:16:53,259 : INFO : EventManager : Event: ======'playfield_ball_count_change'====== Args={'balls': 1, 'change': 1}
2026-02-12 09:16:53,259 : INFO : ball_device.bd_trough : 1 ball(s) missing from device. Mechanical eject? False
2026-02-12 09:16:53,259 : INFO : EventManager : Event: ======'balldevice_bd_trough_ball_missing'====== Args={'balls': 1}
2026-02-12 09:16:53,259 : INFO : EventManager : Event: ======'balldevice_ball_missing'====== Args={'balls': 1, 'name': 'bd_trough'}
2026-02-12 09:17:30,572 : INFO : Machine : Shutting down...
2026-02-12 09:17:30,572 : INFO : EventManager : Event: ======'shutdown'====== Args={}
2026-02-12 09:17:30,666 : DEBUG : FAST [NET] : Stop called on serial connection NET
2026-02-12 09:17:30,666 : DEBUG : FAST [EXP] : Stop called on serial connection EXP
2026-02-12 09:17:30,666 : INFO : root : MPF run loop ended.
