2026-02-11 18:52:25,336 : INFO : root : Loading config.
2026-02-11 18:52:25,340 : INFO : YamlMultifileConfigLoader : Machine config file #1: config.yaml
2026-02-11 18:52:25,340 : INFO : ConfigProcessor : Loading config from cache: C:\Users\tl\AppData\Local\Temp\86f932e179f318f5dae29f066573dee9.mpf_cache
2026-02-11 18:52:25,439 : DEBUG : YamlMultifileConfigLoader : Loading mode attract from C:\mpf\Lib\site-packages\mpf\modes\attract\config\attract.yaml
2026-02-11 18:52:25,439 : DEBUG : YamlMultifileConfigLoader : Loading mode attract from C:\mpf\Lib\site-packages\mpf\modes\attract\config\attract.yaml
2026-02-11 18:52:25,439 : INFO : ConfigProcessor : Loading config from cache: C:\Users\tl\AppData\Local\Temp\5e7e3dd8e04e0aa46ea76018297218da.mpf_cache
2026-02-11 18:52:25,440 : DEBUG : YamlMultifileConfigLoader : Loading mode game from C:\mpf\Lib\site-packages\mpf\modes\game\config\game.yaml
2026-02-11 18:52:25,440 : INFO : ConfigProcessor : Loading config from cache: C:\Users\tl\AppData\Local\Temp\af6ad0dab2f43bd9cbdac83e0b2786ac.mpf_cache
2026-02-11 18:52:25,441 : DEBUG : YamlMultifileConfigLoader : Loading mode attract from C:\mpf\Lib\site-packages\mpf\modes\attract\config\attract.yaml
2026-02-11 18:52:25,441 : DEBUG : YamlMultifileConfigLoader : Loading mode attract from C:\mpf\Lib\site-packages\mpf\modes\attract\config\attract.yaml
2026-02-11 18:52:25,441 : INFO : ConfigProcessor : Loading config from cache: C:\Users\tl\AppData\Local\Temp\5e7e3dd8e04e0aa46ea76018297218da.mpf_cache
2026-02-11 18:52:25,442 : INFO : ConfigProcessor : Loading config from cache: C:\Users\tl\AppData\Local\Temp\5d4a31ba12353a8d97b779019117e810.mpf_cache
2026-02-11 18:52:25,442 : INFO : Machine : Mission Pinball Framework Core Engine v0.80.0.dev12
2026-02-11 18:52:25,443 : INFO : Machine : Command line arguments: {'no_load_cache': False, 'create_config_cache': True, 'bcp': False, 'configfile': ['config.yaml'], 'force_assets_load': True, 'platform_integration_test': False, 'jsonlogging': False, 'logfile': 'logs\\2026-02-11-18-52-25-mpf-DESKTOP-HV85DRD.log', 'pause': False, 'production': False, 'text_ui': False, 'loglevel': 10, 'consoleloglevel': 20, 'force_platform': None, 'syslog_address': None, 'full_logfile_path': 'C:\\Users\\tl\\Documents\\tl-pinball\\logs\\2026-02-11-18-52-25-mpf-DESKTOP-HV85DRD.log'}
2026-02-11 18:52:25,443 : INFO : Machine : MPF path: C:\mpf\Lib\site-packages\mpf
2026-02-11 18:52:25,443 : INFO : Machine : Machine path: C:\Users\tl\Documents\tl-pinball
2026-02-11 18:52:25,443 : INFO : Machine : Platform: win32
2026-02-11 18:52:25,443 : INFO : Machine : Python executable location: C:\mpf\Scripts\python.exe
2026-02-11 18:52:25,443 : INFO : Machine : Python version: 3.12.7 (64-bit)
2026-02-11 18:52:25,444 : DEBUG : asyncio : Using proactor: IocpProactor
2026-02-11 18:52:25,445 : INFO : Machine : Initializing MPF...
2026-02-11 18:52:25,537 : DEBUG : TextUi : Text UI is disabled. TUI option setting: False, Asciimatics loaded: <class 'asciimatics.scene.Scene'>
2026-02-11 18:52:25,548 : INFO : FAST : Auto-detecting ports for the following connections: ['net', 'exp']
2026-02-11 18:52:25,555 : DEBUG : FAST : Port COM3 is connected to a FAST Neuron Controller.
2026-02-11 18:52:25,556 : DEBUG : FAST : Port COM5 is connected to a FAST Neuron Controller.
2026-02-11 18:52:25,556 : DEBUG : FAST : Port COM4 is connected to a FAST Neuron Controller.
2026-02-11 18:52:25,583 : INFO : FAST : Detected EXP on port COM5
2026-02-11 18:52:25,583 : INFO : FAST : Detected NET on port COM4
2026-02-11 18:52:25,695 : INFO : FAST [NET] : Trying to connect to COM4 at 921600bps
2026-02-11 18:52:25,699 : INFO : FAST [NET] : Connected to COM4 at 921600bps
2026-02-11 18:52:25,710 : INFO : FAST [NET] : Connected to FP-CPU-2000 with firmware v02.26
2026-02-11 18:52:25,742 : INFO : FAST [NET] : Registered I/O Board 0: Model: FP-I/O-0804, Firmware: 01.10, Switches: 8, Drivers: 4
2026-02-11 18:52:25,758 : INFO : FAST [NET] : Registered I/O Board 1: Model: FP-I/O-1616, Firmware: 01.10, Switches: 16, Drivers: 16
2026-02-11 18:52:25,774 : INFO : FAST [NET] : Registered I/O Board 2: Model: FP-I/O-3208, Firmware: 01.10, Switches: 32, Drivers: 8
2026-02-11 18:52:25,790 : INFO : FAST [NET] : Registered I/O Board 3: Model: FP-I/O-1616, Firmware: 01.10, Switches: 16, Drivers: 16
2026-02-11 18:52:25,792 : INFO : FAST [EXP] : Trying to connect to COM5 at 921600bps
2026-02-11 18:52:25,796 : INFO : FAST [EXP] : Connected to COM5 at 921600bps
2026-02-11 18:52:25,797 : DEBUG : FAST [EXP] : Creating FAST Expansion Board "ledneuron" (FP-EXP-2000 Address: 48)
2026-02-11 18:52:25,797 : DEBUG : FAST [EXP] : Creating FAST Breakout Board 0 on EXP "ledneuron" (FP-EXP-2000, @48)
2026-02-11 18:52:25,806 : INFO : FAST [EXP] : Verifying hardware for EXP "ledneuron" (FP-EXP-2000, @48) with ID string "EXP FP-EXP-2000  0.42", board address 48
2026-02-11 18:52:25,822 : INFO : FAST [EXP] : Verifying hardware for EXP "ledneuron" (FP-EXP-2000, @48) with ID string "BRK FP-EXP-2000  0.42", board address 480
2026-02-11 18:52:25,838 : DEBUG : FAST [EXP] : Creating FAST Expansion Board "ledpf1" (FP-EXP-0081 Address: 84)
2026-02-11 18:52:25,838 : DEBUG : FAST [EXP] : Creating FAST Breakout Board 0 on EXP "ledpf1" (FP-EXP-0081, @84)
2026-02-11 18:52:25,838 : DEBUG : FAST [EXP] : Creating FAST Breakout Board 1 on EXP "ledpf1" (FP-EXP-0081, @84)
2026-02-11 18:52:25,854 : INFO : FAST [EXP] : Verifying hardware for EXP "ledpf1" (FP-EXP-0081, @84) with ID string "EXP FP-EXP-0081  0.38", board address 84
2026-02-11 18:52:25,870 : INFO : FAST [EXP] : Verifying hardware for EXP "ledpf1" (FP-EXP-0081, @84) with ID string "BRK FP-EXP-0081  0.38", board address 840
2026-02-11 18:52:25,886 : INFO : FAST [EXP] : Verifying hardware for EXP "ledpf1" (FP-EXP-0081, @84) with ID string "BRK FP-EXP-0081  0.38", board address 841
2026-02-11 18:52:25,902 : INFO : EventManager : Event: ======'machine_var_credits_string'====== Args={'value': 'FREE PLAY', 'prev_value': None, 'change': True}
2026-02-11 18:52:25,923 : DEBUG : YAML File Interface : Loading file: C:\Users\tl\Documents\tl-pinball\data/machine_vars.yaml
2026-02-11 18:52:25,926 : INFO : EventManager : Event: ======'machine_var_master_volume'====== Args={'value': 0.5, 'prev_value': None, 'change': True}
2026-02-11 18:52:25,927 : INFO : EventManager : Event: ======'machine_var_player1_score'====== Args={'value': 0, 'prev_value': None, 'change': True}
2026-02-11 18:52:25,927 : INFO : EventManager : Event: ======'machine_var_mpf_version'====== Args={'value': 'Mission Pinball Framework v0.80.0.dev12', 'prev_value': None, 'change': True}
2026-02-11 18:52:25,927 : INFO : EventManager : Event: ======'machine_var_mpf_extended_version'====== Args={'value': 'Mission Pinball Framework v0.80.0.dev12, Config version:6, Show version: 6, BCP version:1.1', 'prev_value': None, 'change': True}
2026-02-11 18:52:25,927 : INFO : EventManager : Event: ======'machine_var_python_version'====== Args={'value': '3.12.7', 'prev_value': None, 'change': True}
2026-02-11 18:52:26,037 : INFO : EventManager : Event: ======'machine_var_platform'====== Args={'value': 'Windows-10-10.0.19044-SP0', 'prev_value': None, 'change': True}
2026-02-11 18:52:26,037 : INFO : EventManager : Event: ======'machine_var_platform_system'====== Args={'value': 'Windows', 'prev_value': None, 'change': True}
2026-02-11 18:52:26,037 : INFO : EventManager : Event: ======'machine_var_platform_release'====== Args={'value': '10', 'prev_value': None, 'change': True}
2026-02-11 18:52:26,037 : INFO : EventManager : Event: ======'machine_var_platform_version'====== Args={'value': '10.0.19044', 'prev_value': None, 'change': True}
2026-02-11 18:52:26,037 : INFO : EventManager : Event: ======'machine_var_platform_machine'====== Args={'value': 'AMD64', 'prev_value': None, 'change': True}
2026-02-11 18:52:26,037 : INFO : EventManager : Event: ======'machine_var_log_file_path'====== Args={'value': 'C:\\Users\\tl\\Documents\\tl-pinball\\logs\\2026-02-11-18-52-25-mpf-DESKTOP-HV85DRD.log', 'prev_value': None, 'change': True}
2026-02-11 18:52:26,037 : INFO : EventManager : Event: ======'init_phase_1'====== Args={}
2026-02-11 18:52:26,043 : DEBUG : ModeController : Loaded mode game
2026-02-11 18:52:26,048 : DEBUG : ModeController : Loaded mode attract
2026-02-11 18:52:26,063 : DEBUG : FASTLED : Creating FAST RGB LED on expansion board at hardware address: 48000
2026-02-11 18:52:26,064 : DEBUG : FASTLED : Creating FAST RGB LED on expansion board at hardware address: 48001
2026-02-11 18:52:26,067 : INFO : EventManager : Event: ======'drop_target_bank_dtb_characters_up'====== Args={}
2026-02-11 18:52:26,067 : INFO : EventManager : Event: ======'drop_target_bank_dtb_rollover_up'====== Args={}
2026-02-11 18:52:27,800 : DEBUG : FAST Driver : Sending config to driver 4 (0x04). one_shot: False. wait_to_confirm: False
2026-02-11 18:52:27,832 : DEBUG : FAST Driver : Sending config to driver 5 (0x05). one_shot: False. wait_to_confirm: False
2026-02-11 18:52:27,880 : DEBUG : FAST Driver : Sending config to driver 7 (0x07). one_shot: False. wait_to_confirm: False
2026-02-11 18:52:27,911 : DEBUG : FAST Driver : Sending config to driver 8 (0x08). one_shot: False. wait_to_confirm: False
2026-02-11 18:52:27,943 : DEBUG : FAST Driver : Sending config to driver 9 (0x09). one_shot: False. wait_to_confirm: False
2026-02-11 18:52:27,975 : DEBUG : FAST Driver : Sending config to driver 10 (0x0A). one_shot: False. wait_to_confirm: False
2026-02-11 18:52:28,182 : DEBUG : FAST Driver : Sending config to driver 22 (0x16). one_shot: False. wait_to_confirm: False
2026-02-11 18:52:28,214 : DEBUG : FAST Driver : Sending config to driver 23 (0x17). one_shot: False. wait_to_confirm: False
2026-02-11 18:52:28,246 : DEBUG : FAST Driver : Sending config to driver 24 (0x18). one_shot: False. wait_to_confirm: False
2026-02-11 18:52:28,278 : DEBUG : FAST Driver : Sending config to driver 25 (0x19). one_shot: False. wait_to_confirm: False
2026-02-11 18:52:28,310 : DEBUG : FAST Driver : Sending config to driver 26 (0x1A). one_shot: False. wait_to_confirm: False
2026-02-11 18:52:28,342 : DEBUG : FAST Driver : Sending config to driver 27 (0x1B). one_shot: False. wait_to_confirm: False
2026-02-11 18:52:28,438 : DEBUG : FAST Driver : Sending config to driver 32 (0x20). one_shot: False. wait_to_confirm: False
2026-02-11 18:52:28,709 : INFO : SwitchController : <<<<<<< 's_44_spinner_right' active >>>>>>>
2026-02-11 18:52:28,709 : INFO : SwitchController : <<<<<<< 's_59_saucer_right' active >>>>>>>
2026-02-11 18:52:28,709 : INFO : SwitchController : <<<<<<< 's_64_varitarget_poisition_1' active >>>>>>>
2026-02-11 18:52:28,709 : INFO : SwitchController : <<<<<<< 's_70_varitarget_poisition_7' active >>>>>>>
2026-02-11 18:52:28,709 : INFO : SwitchController : <<<<<<< 's_71_spinner_left' active >>>>>>>
2026-02-11 18:52:28,709 : INFO : SwitchController : <<<<<<< 's_72_single_drop_1' active >>>>>>>
2026-02-11 18:52:28,709 : INFO : SwitchController : <<<<<<< 's_73_fourbank_drop_1' active >>>>>>>
2026-02-11 18:52:28,709 : INFO : SwitchController : <<<<<<< 's_74_fourbank_drop_2' active >>>>>>>
2026-02-11 18:52:28,709 : INFO : SwitchController : <<<<<<< 's_75_fourbank_drop_3' active >>>>>>>
2026-02-11 18:52:28,709 : INFO : SwitchController : <<<<<<< 's_77_threebank_drop_1' active >>>>>>>
2026-02-11 18:52:28,709 : INFO : SwitchController : <<<<<<< 's_78_threebank_drop_2' active >>>>>>>
2026-02-11 18:52:28,710 : INFO : SwitchController : <<<<<<< 's_79_threebank_drop_3' active >>>>>>>
2026-02-11 18:52:28,710 : INFO : SwitchController : <<<<<<< 's_81_saucer_left' active >>>>>>>
2026-02-11 18:52:28,757 : INFO : EventManager : Event: ======'init_phase_2'====== Args={}
2026-02-11 18:52:28,757 : INFO : SwitchController : Found active switch: (44, [FAST Platform Interface]) <switch.s_44_spinner_right>
2026-02-11 18:52:28,758 : INFO : SwitchController : Found active switch: (11, [FAST Platform Interface]) <switch.s_59_saucer_right>
2026-02-11 18:52:28,758 : INFO : SwitchController : Found active switch: (16, [FAST Platform Interface]) <switch.s_64_varitarget_poisition_1>
2026-02-11 18:52:28,758 : INFO : SwitchController : Found active switch: (22, [FAST Platform Interface]) <switch.s_70_varitarget_poisition_7>
2026-02-11 18:52:28,758 : INFO : SwitchController : Found active switch: (23, [FAST Platform Interface]) <switch.s_71_spinner_left>
2026-02-11 18:52:28,758 : INFO : SwitchController : Found active switch: (56, [FAST Platform Interface]) <switch.s_72_single_drop_1>
2026-02-11 18:52:28,758 : INFO : SwitchController : Found active switch: (57, [FAST Platform Interface]) <switch.s_73_fourbank_drop_1>
2026-02-11 18:52:28,758 : INFO : SwitchController : Found active switch: (58, [FAST Platform Interface]) <switch.s_74_fourbank_drop_2>
2026-02-11 18:52:28,758 : INFO : SwitchController : Found active switch: (59, [FAST Platform Interface]) <switch.s_75_fourbank_drop_3>
2026-02-11 18:52:28,758 : INFO : SwitchController : Found active switch: (61, [FAST Platform Interface]) <switch.s_77_threebank_drop_1>
2026-02-11 18:52:28,758 : INFO : SwitchController : Found active switch: (62, [FAST Platform Interface]) <switch.s_78_threebank_drop_2>
2026-02-11 18:52:28,758 : INFO : SwitchController : Found active switch: (63, [FAST Platform Interface]) <switch.s_79_threebank_drop_3>
2026-02-11 18:52:28,758 : INFO : SwitchController : Found active switch: (65, [FAST Platform Interface]) <switch.s_81_saucer_left>
2026-02-11 18:52:28,764 : INFO : ball_device.bd_plunger : BCH: Initial count: 0
2026-02-11 18:52:28,764 : INFO : ball_device.bd_plunger : State: idle
2026-02-11 18:52:28,765 : INFO : ball_device.bd_trough : BCH: Initial count: 0
2026-02-11 18:52:28,765 : INFO : ball_device.bd_trough : State: idle
2026-02-11 18:52:28,767 : DEBUG : YAML File Interface : Loading file: C:\Users\tl\Documents\tl-pinball\data/audits.yaml
2026-02-11 18:52:28,788 : DEBUG : Machine : "info_lights:" section not found in machine configuration, so the InfoLights will not be used.
2026-02-11 18:52:28,789 : DEBUG : Machine : "switch_player:" section not found in machine configuration, so the SwitchPlayer will not be used.
2026-02-11 18:52:28,792 : DEBUG : Machine : "twitch_client:" section not found in machine configuration, so the TwitchBot will not be used.
2026-02-11 18:52:28,792 : DEBUG : Machine : "virtual_segment_display_connector:" section not found in machine configuration, so the VirtualSegmentDisplayConnector will not be used.
2026-02-11 18:52:28,792 : INFO : EventManager : Event: ======'init_phase_3'====== Args={}
2026-02-11 18:52:28,793 : DEBUG : ShowController : Loading show: flash
2026-02-11 18:52:28,794 : DEBUG : ShowController : Loading show: on
2026-02-11 18:52:28,794 : DEBUG : ShowController : Loading show: off
2026-02-11 18:52:28,794 : DEBUG : ShowController : Loading show: led_color
2026-02-11 18:52:28,794 : DEBUG : ShowController : Loading show: bl_color
2026-02-11 18:52:28,794 : DEBUG : ShowController : Loading show: flash_color
2026-02-11 18:52:28,795 : DEBUG : ShowController : Loading show: output7
2026-02-11 18:52:28,795 : INFO : EventManager : Event: ======'init_phase_4'====== Args={}
2026-02-11 18:52:28,796 : INFO : EventManager : Event: ======'drop_target_dt_character_1_down'====== Args={'device': <drop_target.dt_character_1>}
2026-02-11 18:52:28,796 : INFO : EventManager : Event: ======'drop_target_dt_character_2_down'====== Args={'device': <drop_target.dt_character_2>}
2026-02-11 18:52:28,796 : INFO : EventManager : Event: ======'drop_target_dt_character_3_down'====== Args={'device': <drop_target.dt_character_3>}
2026-02-11 18:52:28,796 : INFO : EventManager : Event: ======'drop_target_dt_character_5_down'====== Args={'device': <drop_target.dt_character_5>}
2026-02-11 18:52:28,796 : INFO : EventManager : Event: ======'drop_target_dt_character_6_down'====== Args={'device': <drop_target.dt_character_6>}
2026-02-11 18:52:28,796 : INFO : EventManager : Event: ======'drop_target_dt_character_7_down'====== Args={'device': <drop_target.dt_character_7>}
2026-02-11 18:52:28,796 : INFO : EventManager : Event: ======'drop_target_dt_single_1_down'====== Args={'device': <drop_target.dt_single_1>}
2026-02-11 18:52:28,797 : INFO : BallController : Initial balls found: 0
2026-02-11 18:52:28,798 : INFO : EventManager : Event: ======'machine_var_audits_events_game_ended'====== Args={'value': 2, 'prev_value': None, 'change': True}
2026-02-11 18:52:28,798 : INFO : EventManager : Event: ======'machine_var_audits_events_game_started'====== Args={'value': 10, 'prev_value': None, 'change': True}
2026-02-11 18:52:28,798 : INFO : EventManager : Event: ======'machine_var_audits_missing_switches_s_0_service_esc'====== Args={'value': 10, 'prev_value': None, 'change': True}
2026-02-11 18:52:28,799 : INFO : EventManager : Event: ======'machine_var_audits_missing_switches_s_11_start_button'====== Args={'value': 1, 'prev_value': None, 'change': True}
2026-02-11 18:52:28,799 : INFO : EventManager : Event: ======'machine_var_audits_missing_switches_s_12_tilt_bob'====== Args={'value': 3, 'prev_value': None, 'change': True}
2026-02-11 18:52:28,799 : INFO : EventManager : Event: ======'machine_var_audits_missing_switches_s_13_coin_door'====== Args={'value': 3, 'prev_value': None, 'change': True}
2026-02-11 18:52:28,799 : INFO : EventManager : Event: ======'machine_var_audits_missing_switches_s_19_cab_arrow_left'====== Args={'value': 3, 'prev_value': None, 'change': True}
2026-02-11 18:52:28,799 : INFO : EventManager : Event: ======'machine_var_audits_missing_switches_s_1_service_up'====== Args={'value': 10, 'prev_value': None, 'change': True}
2026-02-11 18:52:28,799 : INFO : EventManager : Event: ======'machine_var_audits_missing_switches_s_20_cab_arrow_right'====== Args={'value': 3, 'prev_value': None, 'change': True}
2026-02-11 18:52:28,799 : INFO : EventManager : Event: ======'machine_var_audits_missing_switches_s_24_trough_1'====== Args={'value': 2, 'prev_value': None, 'change': True}
2026-02-11 18:52:28,799 : INFO : EventManager : Event: ======'machine_var_audits_missing_switches_s_25_trough_2'====== Args={'value': 2, 'prev_value': None, 'change': True}
2026-02-11 18:52:28,799 : INFO : EventManager : Event: ======'machine_var_audits_missing_switches_s_25_trough_jam'====== Args={'value': 2, 'prev_value': None, 'change': True}
2026-02-11 18:52:28,799 : INFO : EventManager : Event: ======'machine_var_audits_missing_switches_s_26_trough_1'====== Args={'value': 1, 'prev_value': None, 'change': True}
2026-02-11 18:52:28,799 : INFO : EventManager : Event: ======'machine_var_audits_missing_switches_s_26_trough_3'====== Args={'value': 2, 'prev_value': None, 'change': True}
2026-02-11 18:52:28,799 : INFO : EventManager : Event: ======'machine_var_audits_missing_switches_s_27_trough_4'====== Args={'value': 2, 'prev_value': None, 'change': True}
2026-02-11 18:52:28,799 : INFO : EventManager : Event: ======'machine_var_audits_missing_switches_s_28_trough_3'====== Args={'value': 1, 'prev_value': None, 'change': True}
2026-02-11 18:52:28,799 : INFO : EventManager : Event: ======'machine_var_audits_missing_switches_s_28_trough_5'====== Args={'value': 2, 'prev_value': None, 'change': True}
2026-02-11 18:52:28,799 : INFO : EventManager : Event: ======'machine_var_audits_missing_switches_s_29_trough_4'====== Args={'value': 1, 'prev_value': None, 'change': True}
2026-02-11 18:52:28,799 : INFO : EventManager : Event: ======'machine_var_audits_missing_switches_s_29_trough_6'====== Args={'value': 2, 'prev_value': None, 'change': True}
2026-02-11 18:52:28,799 : INFO : EventManager : Event: ======'machine_var_audits_missing_switches_s_2_service_down'====== Args={'value': 10, 'prev_value': None, 'change': True}
2026-02-11 18:52:28,799 : INFO : EventManager : Event: ======'machine_var_audits_missing_switches_s_32_right_inlane'====== Args={'value': 8, 'prev_value': None, 'change': True}
2026-02-11 18:52:28,799 : INFO : EventManager : Event: ======'machine_var_audits_missing_switches_s_33_right_outlane'====== Args={'value': 10, 'prev_value': None, 'change': True}
2026-02-11 18:52:28,799 : INFO : EventManager : Event: ======'machine_var_audits_missing_switches_s_34_right_sling'====== Args={'value': 2, 'prev_value': None, 'change': True}
2026-02-11 18:52:28,799 : INFO : EventManager : Event: ======'machine_var_audits_missing_switches_s_35_left_inlane'====== Args={'value': 2, 'prev_value': None, 'change': True}
2026-02-11 18:52:28,800 : INFO : EventManager : Event: ======'machine_var_audits_missing_switches_s_36_left_outlane'====== Args={'value': 2, 'prev_value': None, 'change': True}
2026-02-11 18:52:28,800 : INFO : EventManager : Event: ======'machine_var_audits_missing_switches_s_37_left_sling'====== Args={'value': 5, 'prev_value': None, 'change': True}
2026-02-11 18:52:28,800 : INFO : EventManager : Event: ======'machine_var_audits_missing_switches_s_38_star_rollover_bottom'====== Args={'value': 7, 'prev_value': None, 'change': True}
2026-02-11 18:52:28,800 : INFO : EventManager : Event: ======'machine_var_audits_missing_switches_s_38_top_lane_a'====== Args={'value': 3, 'prev_value': None, 'change': True}
2026-02-11 18:52:28,800 : INFO : EventManager : Event: ======'machine_var_audits_missing_switches_s_39_star_rollover_top'====== Args={'value': 2, 'prev_value': None, 'change': True}
2026-02-11 18:52:28,800 : INFO : EventManager : Event: ======'machine_var_audits_missing_switches_s_39_top_lane_b'====== Args={'value': 3, 'prev_value': None, 'change': True}
2026-02-11 18:52:28,800 : INFO : EventManager : Event: ======'machine_var_audits_missing_switches_s_3_service_enter'====== Args={'value': 10, 'prev_value': None, 'change': True}
2026-02-11 18:52:28,800 : INFO : EventManager : Event: ======'machine_var_audits_missing_switches_s_40_stand_up_target_7'====== Args={'value': 2, 'prev_value': None, 'change': True}
2026-02-11 18:52:28,800 : INFO : EventManager : Event: ======'machine_var_audits_missing_switches_s_40_top_lane_c'====== Args={'value': 3, 'prev_value': None, 'change': True}
2026-02-11 18:52:28,800 : INFO : EventManager : Event: ======'machine_var_audits_missing_switches_s_41_pop_bumper_1'====== Args={'value': 2, 'prev_value': None, 'change': True}
2026-02-11 18:52:28,800 : INFO : EventManager : Event: ======'machine_var_audits_missing_switches_s_41_stand_up_target_8'====== Args={'value': 2, 'prev_value': None, 'change': True}
2026-02-11 18:52:28,800 : INFO : EventManager : Event: ======'machine_var_audits_missing_switches_s_42_pop_bumper_2'====== Args={'value': 3, 'prev_value': None, 'change': True}
2026-02-11 18:52:28,800 : INFO : EventManager : Event: ======'machine_var_audits_missing_switches_s_42_stand_up_target_9'====== Args={'value': 4, 'prev_value': None, 'change': True}
2026-02-11 18:52:28,800 : INFO : EventManager : Event: ======'machine_var_audits_missing_switches_s_43_stand_up_target_10'====== Args={'value': 7, 'prev_value': None, 'change': True}
2026-02-11 18:52:28,800 : INFO : EventManager : Event: ======'machine_var_audits_missing_switches_s_44_spinner_left'====== Args={'value': 1, 'prev_value': None, 'change': True}
2026-02-11 18:52:28,800 : INFO : EventManager : Event: ======'machine_var_audits_missing_switches_s_44_spinner_right'====== Args={'value': 2, 'prev_value': None, 'change': True}
2026-02-11 18:52:28,800 : INFO : EventManager : Event: ======'machine_var_audits_missing_switches_s_45_spinner_right'====== Args={'value': 3, 'prev_value': None, 'change': True}
2026-02-11 18:52:28,800 : INFO : EventManager : Event: ======'machine_var_audits_missing_switches_s_45_varitarget_poisition_1'====== Args={'value': 3, 'prev_value': None, 'change': True}
2026-02-11 18:52:28,801 : INFO : EventManager : Event: ======'machine_var_audits_missing_switches_s_46_varitarget_poisition_2'====== Args={'value': 3, 'prev_value': None, 'change': True}
2026-02-11 18:52:28,801 : INFO : EventManager : Event: ======'machine_var_audits_missing_switches_s_47_varitarget_poisition_3'====== Args={'value': 3, 'prev_value': None, 'change': True}
2026-02-11 18:52:28,801 : INFO : EventManager : Event: ======'machine_var_audits_missing_switches_s_48_varitarget_poisition_4'====== Args={'value': 3, 'prev_value': None, 'change': True}
2026-02-11 18:52:28,801 : INFO : EventManager : Event: ======'machine_var_audits_missing_switches_s_49_varitarget_poisition_5'====== Args={'value': 3, 'prev_value': None, 'change': True}
2026-02-11 18:52:28,801 : INFO : EventManager : Event: ======'machine_var_audits_missing_switches_s_50_saucer_left'====== Args={'value': 3, 'prev_value': None, 'change': True}
2026-02-11 18:52:28,801 : INFO : EventManager : Event: ======'machine_var_audits_missing_switches_s_51_saucer_right'====== Args={'value': 2, 'prev_value': None, 'change': True}
2026-02-11 18:52:28,801 : INFO : EventManager : Event: ======'machine_var_audits_missing_switches_s_52_star_rollover_top'====== Args={'value': 3, 'prev_value': None, 'change': True}
2026-02-11 18:52:28,801 : INFO : EventManager : Event: ======'machine_var_audits_missing_switches_s_53_star_rollover_bottom'====== Args={'value': 3, 'prev_value': None, 'change': True}
2026-02-11 18:52:28,801 : INFO : EventManager : Event: ======'machine_var_audits_missing_switches_s_54_single_drop_1'====== Args={'value': 3, 'prev_value': None, 'change': True}
2026-02-11 18:52:28,801 : INFO : EventManager : Event: ======'machine_var_audits_missing_switches_s_55_fourbank_drop_1'====== Args={'value': 3, 'prev_value': None, 'change': True}
2026-02-11 18:52:28,801 : INFO : EventManager : Event: ======'machine_var_audits_missing_switches_s_56_fourbank_drop_2'====== Args={'value': 3, 'prev_value': None, 'change': True}
2026-02-11 18:52:28,801 : INFO : EventManager : Event: ======'machine_var_audits_missing_switches_s_56_pop_bumper_right'====== Args={'value': 2, 'prev_value': None, 'change': True}
2026-02-11 18:52:28,801 : INFO : EventManager : Event: ======'machine_var_audits_missing_switches_s_57_fourbank_drop_3'====== Args={'value': 2, 'prev_value': None, 'change': True}
2026-02-11 18:52:28,801 : INFO : EventManager : Event: ======'machine_var_audits_missing_switches_s_57_pop_bumper_center'====== Args={'value': 7, 'prev_value': None, 'change': True}
2026-02-11 18:52:28,801 : INFO : EventManager : Event: ======'machine_var_audits_missing_switches_s_58_fourbank_drop_4'====== Args={'value': 2, 'prev_value': None, 'change': True}
2026-02-11 18:52:28,801 : INFO : EventManager : Event: ======'machine_var_audits_missing_switches_s_58_pop_bumper_left'====== Args={'value': 7, 'prev_value': None, 'change': True}
2026-02-11 18:52:28,801 : INFO : EventManager : Event: ======'machine_var_audits_missing_switches_s_59_saucer_right'====== Args={'value': 7, 'prev_value': None, 'change': True}
2026-02-11 18:52:28,801 : INFO : EventManager : Event: ======'machine_var_audits_missing_switches_s_59_threebank_drop_1'====== Args={'value': 2, 'prev_value': None, 'change': True}
2026-02-11 18:52:28,801 : INFO : EventManager : Event: ======'machine_var_audits_missing_switches_s_60_threebank_drop_2'====== Args={'value': 2, 'prev_value': None, 'change': True}
2026-02-11 18:52:28,801 : INFO : EventManager : Event: ======'machine_var_audits_missing_switches_s_60_top_lane_c'====== Args={'value': 2, 'prev_value': None, 'change': True}
2026-02-11 18:52:28,801 : INFO : EventManager : Event: ======'machine_var_audits_missing_switches_s_61_threebank_drop_3'====== Args={'value': 3, 'prev_value': None, 'change': True}
2026-02-11 18:52:28,801 : INFO : EventManager : Event: ======'machine_var_audits_missing_switches_s_61_top_lane_b'====== Args={'value': 7, 'prev_value': None, 'change': True}
2026-02-11 18:52:28,801 : INFO : EventManager : Event: ======'machine_var_audits_missing_switches_s_62_stand_up_target_1'====== Args={'value': 3, 'prev_value': None, 'change': True}
2026-02-11 18:52:28,802 : INFO : EventManager : Event: ======'machine_var_audits_missing_switches_s_62_top_lane_a'====== Args={'value': 3, 'prev_value': None, 'change': True}
2026-02-11 18:52:28,802 : INFO : EventManager : Event: ======'machine_var_audits_missing_switches_s_63_stand_up_target_11'====== Args={'value': 1, 'prev_value': None, 'change': True}
2026-02-11 18:52:28,802 : INFO : EventManager : Event: ======'machine_var_audits_missing_switches_s_63_stand_up_target_2'====== Args={'value': 2, 'prev_value': None, 'change': True}
2026-02-11 18:52:28,802 : INFO : EventManager : Event: ======'machine_var_audits_missing_switches_s_64_stand_up_target_3'====== Args={'value': 2, 'prev_value': None, 'change': True}
2026-02-11 18:52:28,802 : INFO : EventManager : Event: ======'machine_var_audits_missing_switches_s_64_varitarget_poisition_1'====== Args={'value': 2, 'prev_value': None, 'change': True}
2026-02-11 18:52:28,802 : INFO : EventManager : Event: ======'machine_var_audits_missing_switches_s_65_stand_up_target_4'====== Args={'value': 3, 'prev_value': None, 'change': True}
2026-02-11 18:52:28,802 : INFO : EventManager : Event: ======'machine_var_audits_missing_switches_s_65_varitarget_poisition_2'====== Args={'value': 7, 'prev_value': None, 'change': True}
2026-02-11 18:52:28,802 : INFO : EventManager : Event: ======'machine_var_audits_missing_switches_s_66_stand_up_target_5'====== Args={'value': 3, 'prev_value': None, 'change': True}
2026-02-11 18:52:28,802 : INFO : EventManager : Event: ======'machine_var_audits_missing_switches_s_66_varitarget_poisition_3'====== Args={'value': 7, 'prev_value': None, 'change': True}
2026-02-11 18:52:28,802 : INFO : EventManager : Event: ======'machine_var_audits_missing_switches_s_67_stand_up_target_6'====== Args={'value': 3, 'prev_value': None, 'change': True}
2026-02-11 18:52:28,802 : INFO : EventManager : Event: ======'machine_var_audits_missing_switches_s_67_varitarget_poisition_4'====== Args={'value': 2, 'prev_value': None, 'change': True}
2026-02-11 18:52:28,802 : INFO : EventManager : Event: ======'machine_var_audits_missing_switches_s_68_stand_up_target_7'====== Args={'value': 2, 'prev_value': None, 'change': True}
2026-02-11 18:52:28,802 : INFO : EventManager : Event: ======'machine_var_audits_missing_switches_s_68_varitarget_poisition_5'====== Args={'value': 7, 'prev_value': None, 'change': True}
2026-02-11 18:52:28,802 : INFO : EventManager : Event: ======'machine_var_audits_missing_switches_s_69_stand_up_target_8'====== Args={'value': 1, 'prev_value': None, 'change': True}
2026-02-11 18:52:28,802 : INFO : EventManager : Event: ======'machine_var_audits_missing_switches_s_69_varitarget_poisition_6'====== Args={'value': 7, 'prev_value': None, 'change': True}
2026-02-11 18:52:28,802 : INFO : EventManager : Event: ======'machine_var_audits_missing_switches_s_70_stand_up_target_9'====== Args={'value': 3, 'prev_value': None, 'change': True}
2026-02-11 18:52:28,802 : INFO : EventManager : Event: ======'machine_var_audits_missing_switches_s_71_spinner_left'====== Args={'value': 7, 'prev_value': None, 'change': True}
2026-02-11 18:52:28,802 : INFO : EventManager : Event: ======'machine_var_audits_missing_switches_s_71_stand_up_target_10'====== Args={'value': 3, 'prev_value': None, 'change': True}
2026-02-11 18:52:28,802 : INFO : EventManager : Event: ======'machine_var_audits_missing_switches_s_72_single_drop_1'====== Args={'value': 7, 'prev_value': None, 'change': True}
2026-02-11 18:52:28,802 : INFO : EventManager : Event: ======'machine_var_audits_missing_switches_s_72_stand_up_target_11'====== Args={'value': 3, 'prev_value': None, 'change': True}
2026-02-11 18:52:28,802 : INFO : EventManager : Event: ======'machine_var_audits_missing_switches_s_73_fourbank_drop_1'====== Args={'value': 2, 'prev_value': None, 'change': True}
2026-02-11 18:52:28,802 : INFO : EventManager : Event: ======'machine_var_audits_missing_switches_s_74_fourbank_drop_2'====== Args={'value': 2, 'prev_value': None, 'change': True}
2026-02-11 18:52:28,802 : INFO : EventManager : Event: ======'machine_var_audits_missing_switches_s_75_fourbank_drop_3'====== Args={'value': 2, 'prev_value': None, 'change': True}
2026-02-11 18:52:28,803 : INFO : EventManager : Event: ======'machine_var_audits_missing_switches_s_76_fourbank_drop_4'====== Args={'value': 7, 'prev_value': None, 'change': True}
2026-02-11 18:52:28,803 : INFO : EventManager : Event: ======'machine_var_audits_missing_switches_s_77_threebank_drop_1'====== Args={'value': 2, 'prev_value': None, 'change': True}
2026-02-11 18:52:28,803 : INFO : EventManager : Event: ======'machine_var_audits_missing_switches_s_78_threebank_drop_2'====== Args={'value': 5, 'prev_value': None, 'change': True}
2026-02-11 18:52:28,803 : INFO : EventManager : Event: ======'machine_var_audits_missing_switches_s_79_threebank_drop_3'====== Args={'value': 5, 'prev_value': None, 'change': True}
2026-02-11 18:52:28,803 : INFO : EventManager : Event: ======'machine_var_audits_missing_switches_s_80_stand_up_target_1'====== Args={'value': 1, 'prev_value': None, 'change': True}
2026-02-11 18:52:28,803 : INFO : EventManager : Event: ======'machine_var_audits_missing_switches_s_81_saucer_left'====== Args={'value': 1, 'prev_value': None, 'change': True}
2026-02-11 18:52:28,803 : INFO : EventManager : Event: ======'machine_var_audits_missing_switches_s_82_stand_up_target_bank_1'====== Args={'value': 4, 'prev_value': None, 'change': True}
2026-02-11 18:52:28,803 : INFO : EventManager : Event: ======'machine_var_audits_missing_switches_s_83_stand_up_target_bank_2'====== Args={'value': 4, 'prev_value': None, 'change': True}
2026-02-11 18:52:28,803 : INFO : EventManager : Event: ======'machine_var_audits_missing_switches_s_84_stand_up_target_bank_3'====== Args={'value': 4, 'prev_value': None, 'change': True}
2026-02-11 18:52:28,803 : INFO : EventManager : Event: ======'machine_var_audits_missing_switches_s_85_stand_up_target_bank_4'====== Args={'value': 4, 'prev_value': None, 'change': True}
2026-02-11 18:52:28,803 : INFO : EventManager : Event: ======'machine_var_audits_missing_switches_s_86_stand_up_target_bank_5'====== Args={'value': 4, 'prev_value': None, 'change': True}
2026-02-11 18:52:28,803 : INFO : EventManager : Event: ======'machine_var_audits_missing_switches_s_87_stand_up_target_bank_6'====== Args={'value': 4, 'prev_value': None, 'change': True}
2026-02-11 18:52:28,803 : INFO : EventManager : Event: ======'machine_var_audits_player_score'====== Args={'value': {'average': 0, 'top': [0, 0], 'total': 2}, 'prev_value': None, 'change': True}
2026-02-11 18:52:28,803 : INFO : EventManager : Event: ======'machine_var_audits_switches_s_0_service_esc'====== Args={'value': 0, 'prev_value': None, 'change': True}
2026-02-11 18:52:28,803 : INFO : EventManager : Event: ======'machine_var_audits_switches_s_11_start_button'====== Args={'value': 8, 'prev_value': None, 'change': True}
2026-02-11 18:52:28,803 : INFO : EventManager : Event: ======'machine_var_audits_switches_s_12_tilt_bob'====== Args={'value': 0, 'prev_value': None, 'change': True}
2026-02-11 18:52:28,803 : INFO : EventManager : Event: ======'machine_var_audits_switches_s_13_coin_door'====== Args={'value': 0, 'prev_value': None, 'change': True}
2026-02-11 18:52:28,803 : INFO : EventManager : Event: ======'machine_var_audits_switches_s_16_right_flipper'====== Args={'value': 197, 'prev_value': None, 'change': True}
2026-02-11 18:52:28,803 : INFO : EventManager : Event: ======'machine_var_audits_switches_s_17_right_flipper_upper'====== Args={'value': 170, 'prev_value': None, 'change': True}
2026-02-11 18:52:28,803 : INFO : EventManager : Event: ======'machine_var_audits_switches_s_19_cab_arrow_left'====== Args={'value': 0, 'prev_value': None, 'change': True}
2026-02-11 18:52:28,803 : INFO : EventManager : Event: ======'machine_var_audits_switches_s_1_service_up'====== Args={'value': 0, 'prev_value': None, 'change': True}
2026-02-11 18:52:28,803 : INFO : EventManager : Event: ======'machine_var_audits_switches_s_20_cab_arrow_right'====== Args={'value': 0, 'prev_value': None, 'change': True}
2026-02-11 18:52:28,804 : INFO : EventManager : Event: ======'machine_var_audits_switches_s_24_plunger_lane'====== Args={'value': 19, 'prev_value': None, 'change': True}
2026-02-11 18:52:28,804 : INFO : EventManager : Event: ======'machine_var_audits_switches_s_24_trough_1'====== Args={'value': 10, 'prev_value': None, 'change': True}
2026-02-11 18:52:28,804 : INFO : EventManager : Event: ======'machine_var_audits_switches_s_25_trough_2'====== Args={'value': 10, 'prev_value': None, 'change': True}
2026-02-11 18:52:28,804 : INFO : EventManager : Event: ======'machine_var_audits_switches_s_25_trough_jam'====== Args={'value': 3, 'prev_value': None, 'change': True}
2026-02-11 18:52:28,804 : INFO : EventManager : Event: ======'machine_var_audits_switches_s_26_trough_1'====== Args={'value': 21, 'prev_value': None, 'change': True}
2026-02-11 18:52:28,804 : INFO : EventManager : Event: ======'machine_var_audits_switches_s_26_trough_3'====== Args={'value': 10, 'prev_value': None, 'change': True}
2026-02-11 18:52:28,804 : INFO : EventManager : Event: ======'machine_var_audits_switches_s_27_trough_2'====== Args={'value': 19, 'prev_value': None, 'change': True}
2026-02-11 18:52:28,804 : INFO : EventManager : Event: ======'machine_var_audits_switches_s_27_trough_4'====== Args={'value': 10, 'prev_value': None, 'change': True}
2026-02-11 18:52:28,804 : INFO : EventManager : Event: ======'machine_var_audits_switches_s_28_trough_3'====== Args={'value': 2, 'prev_value': None, 'change': True}
2026-02-11 18:52:28,804 : INFO : EventManager : Event: ======'machine_var_audits_switches_s_28_trough_5'====== Args={'value': 11, 'prev_value': None, 'change': True}
2026-02-11 18:52:28,804 : INFO : EventManager : Event: ======'machine_var_audits_switches_s_29_trough_4'====== Args={'value': 2, 'prev_value': None, 'change': True}
2026-02-11 18:52:28,804 : INFO : EventManager : Event: ======'machine_var_audits_switches_s_29_trough_6'====== Args={'value': 8, 'prev_value': None, 'change': True}
2026-02-11 18:52:28,804 : INFO : EventManager : Event: ======'machine_var_audits_switches_s_2_service_down'====== Args={'value': 0, 'prev_value': None, 'change': True}
2026-02-11 18:52:28,804 : INFO : EventManager : Event: ======'machine_var_audits_switches_s_30_trough_jam'====== Args={'value': 14, 'prev_value': None, 'change': True}
2026-02-11 18:52:28,804 : INFO : EventManager : Event: ======'machine_var_audits_switches_s_31_plunger_lane'====== Args={'value': 14, 'prev_value': None, 'change': True}
2026-02-11 18:52:28,804 : INFO : EventManager : Event: ======'machine_var_audits_switches_s_32_right_inlane'====== Args={'value': 11, 'prev_value': None, 'change': True}
2026-02-11 18:52:28,804 : INFO : EventManager : Event: ======'machine_var_audits_switches_s_33_right_outlane'====== Args={'value': 0, 'prev_value': None, 'change': True}
2026-02-11 18:52:28,804 : INFO : EventManager : Event: ======'machine_var_audits_switches_s_34_right_sling'====== Args={'value': 424, 'prev_value': None, 'change': True}
2026-02-11 18:52:28,804 : INFO : EventManager : Event: ======'machine_var_audits_switches_s_35_left_inlane'====== Args={'value': 10, 'prev_value': None, 'change': True}
2026-02-11 18:52:28,804 : INFO : EventManager : Event: ======'machine_var_audits_switches_s_36_left_outlane'====== Args={'value': 30, 'prev_value': None, 'change': True}
2026-02-11 18:52:28,804 : INFO : EventManager : Event: ======'machine_var_audits_switches_s_37_left_sling'====== Args={'value': 20, 'prev_value': None, 'change': True}
2026-02-11 18:52:28,804 : INFO : EventManager : Event: ======'machine_var_audits_switches_s_38_star_rollover_bottom'====== Args={'value': 0, 'prev_value': None, 'change': True}
2026-02-11 18:52:28,805 : INFO : EventManager : Event: ======'machine_var_audits_switches_s_38_top_lane_a'====== Args={'value': 0, 'prev_value': None, 'change': True}
2026-02-11 18:52:28,805 : INFO : EventManager : Event: ======'machine_var_audits_switches_s_39_star_rollover_top'====== Args={'value': 1, 'prev_value': None, 'change': True}
2026-02-11 18:52:28,805 : INFO : EventManager : Event: ======'machine_var_audits_switches_s_39_top_lane_b'====== Args={'value': 0, 'prev_value': None, 'change': True}
2026-02-11 18:52:28,805 : INFO : EventManager : Event: ======'machine_var_audits_switches_s_3_service_enter'====== Args={'value': 0, 'prev_value': None, 'change': True}
2026-02-11 18:52:28,805 : INFO : EventManager : Event: ======'machine_var_audits_switches_s_40_stand_up_target_7'====== Args={'value': 1, 'prev_value': None, 'change': True}
2026-02-11 18:52:28,805 : INFO : EventManager : Event: ======'machine_var_audits_switches_s_40_top_lane_c'====== Args={'value': 0, 'prev_value': None, 'change': True}
2026-02-11 18:52:28,805 : INFO : EventManager : Event: ======'machine_var_audits_switches_s_41_pop_bumper_1'====== Args={'value': 1, 'prev_value': None, 'change': True}
2026-02-11 18:52:28,805 : INFO : EventManager : Event: ======'machine_var_audits_switches_s_41_stand_up_target_8'====== Args={'value': 1, 'prev_value': None, 'change': True}
2026-02-11 18:52:28,805 : INFO : EventManager : Event: ======'machine_var_audits_switches_s_42_pop_bumper_2'====== Args={'value': 0, 'prev_value': None, 'change': True}
2026-02-11 18:52:28,805 : INFO : EventManager : Event: ======'machine_var_audits_switches_s_42_stand_up_target_9'====== Args={'value': 4, 'prev_value': None, 'change': True}
2026-02-11 18:52:28,805 : INFO : EventManager : Event: ======'machine_var_audits_switches_s_43_pop_bumper_3'====== Args={'value': 16, 'prev_value': None, 'change': True}
2026-02-11 18:52:28,805 : INFO : EventManager : Event: ======'machine_var_audits_switches_s_43_stand_up_target_10'====== Args={'value': 0, 'prev_value': None, 'change': True}
2026-02-11 18:52:28,805 : INFO : EventManager : Event: ======'machine_var_audits_switches_s_44_spinner_left'====== Args={'value': 8, 'prev_value': None, 'change': True}
2026-02-11 18:52:28,805 : INFO : EventManager : Event: ======'machine_var_audits_switches_s_44_spinner_right'====== Args={'value': 34, 'prev_value': None, 'change': True}
2026-02-11 18:52:28,805 : INFO : EventManager : Event: ======'machine_var_audits_switches_s_45_spinner_right'====== Args={'value': 0, 'prev_value': None, 'change': True}
2026-02-11 18:52:28,805 : INFO : EventManager : Event: ======'machine_var_audits_switches_s_45_varitarget_poisition_1'====== Args={'value': 0, 'prev_value': None, 'change': True}
2026-02-11 18:52:28,806 : INFO : EventManager : Event: ======'machine_var_audits_switches_s_46_varitarget_poisition_2'====== Args={'value': 0, 'prev_value': None, 'change': True}
2026-02-11 18:52:28,806 : INFO : EventManager : Event: ======'machine_var_audits_switches_s_47_varitarget_poisition_3'====== Args={'value': 0, 'prev_value': None, 'change': True}
2026-02-11 18:52:28,806 : INFO : EventManager : Event: ======'machine_var_audits_switches_s_48_varitarget_poisition_4'====== Args={'value': 0, 'prev_value': None, 'change': True}
2026-02-11 18:52:28,806 : INFO : EventManager : Event: ======'machine_var_audits_switches_s_49_varitarget_poisition_5'====== Args={'value': 0, 'prev_value': None, 'change': True}
2026-02-11 18:52:28,806 : INFO : EventManager : Event: ======'machine_var_audits_switches_s_50_saucer_left'====== Args={'value': 0, 'prev_value': None, 'change': True}
2026-02-11 18:52:28,806 : INFO : EventManager : Event: ======'machine_var_audits_switches_s_51_saucer_right'====== Args={'value': 2, 'prev_value': None, 'change': True}
2026-02-11 18:52:28,806 : INFO : EventManager : Event: ======'machine_var_audits_switches_s_52_star_rollover_top'====== Args={'value': 0, 'prev_value': None, 'change': True}
2026-02-11 18:52:28,806 : INFO : EventManager : Event: ======'machine_var_audits_switches_s_53_star_rollover_bottom'====== Args={'value': 0, 'prev_value': None, 'change': True}
2026-02-11 18:52:28,806 : INFO : EventManager : Event: ======'machine_var_audits_switches_s_54_single_drop_1'====== Args={'value': 0, 'prev_value': None, 'change': True}
2026-02-11 18:52:28,806 : INFO : EventManager : Event: ======'machine_var_audits_switches_s_55_fourbank_drop_1'====== Args={'value': 0, 'prev_value': None, 'change': True}
2026-02-11 18:52:28,806 : INFO : EventManager : Event: ======'machine_var_audits_switches_s_56_fourbank_drop_2'====== Args={'value': 0, 'prev_value': None, 'change': True}
2026-02-11 18:52:28,806 : INFO : EventManager : Event: ======'machine_var_audits_switches_s_56_pop_bumper_right'====== Args={'value': 1, 'prev_value': None, 'change': True}
2026-02-11 18:52:28,806 : INFO : EventManager : Event: ======'machine_var_audits_switches_s_57_fourbank_drop_3'====== Args={'value': 1, 'prev_value': None, 'change': True}
2026-02-11 18:52:28,806 : INFO : EventManager : Event: ======'machine_var_audits_switches_s_57_pop_bumper_center'====== Args={'value': 0, 'prev_value': None, 'change': True}
2026-02-11 18:52:28,806 : INFO : EventManager : Event: ======'machine_var_audits_switches_s_58_fourbank_drop_4'====== Args={'value': 1, 'prev_value': None, 'change': True}
2026-02-11 18:52:28,806 : INFO : EventManager : Event: ======'machine_var_audits_switches_s_58_pop_bumper_left'====== Args={'value': 0, 'prev_value': None, 'change': True}
2026-02-11 18:52:28,806 : INFO : EventManager : Event: ======'machine_var_audits_switches_s_59_saucer_right'====== Args={'value': 0, 'prev_value': None, 'change': True}
2026-02-11 18:52:28,806 : INFO : EventManager : Event: ======'machine_var_audits_switches_s_59_threebank_drop_1'====== Args={'value': 1, 'prev_value': None, 'change': True}
2026-02-11 18:52:28,806 : INFO : EventManager : Event: ======'machine_var_audits_switches_s_60_threebank_drop_2'====== Args={'value': 1, 'prev_value': None, 'change': True}
2026-02-11 18:52:28,806 : INFO : EventManager : Event: ======'machine_var_audits_switches_s_60_top_lane_c'====== Args={'value': 4, 'prev_value': None, 'change': True}
2026-02-11 18:52:28,806 : INFO : EventManager : Event: ======'machine_var_audits_switches_s_61_threebank_drop_3'====== Args={'value': 0, 'prev_value': None, 'change': True}
2026-02-11 18:52:28,807 : INFO : EventManager : Event: ======'machine_var_audits_switches_s_61_top_lane_b'====== Args={'value': 0, 'prev_value': None, 'change': True}
2026-02-11 18:52:28,807 : INFO : EventManager : Event: ======'machine_var_audits_switches_s_62_stand_up_target_1'====== Args={'value': 0, 'prev_value': None, 'change': True}
2026-02-11 18:52:28,807 : INFO : EventManager : Event: ======'machine_var_audits_switches_s_62_top_lane_a'====== Args={'value': 21, 'prev_value': None, 'change': True}
2026-02-11 18:52:28,807 : INFO : EventManager : Event: ======'machine_var_audits_switches_s_63_stand_up_target_11'====== Args={'value': 8, 'prev_value': None, 'change': True}
2026-02-11 18:52:28,807 : INFO : EventManager : Event: ======'machine_var_audits_switches_s_63_stand_up_target_2'====== Args={'value': 1, 'prev_value': None, 'change': True}
2026-02-11 18:52:28,807 : INFO : EventManager : Event: ======'machine_var_audits_switches_s_64_stand_up_target_3'====== Args={'value': 1, 'prev_value': None, 'change': True}
2026-02-11 18:52:28,807 : INFO : EventManager : Event: ======'machine_var_audits_switches_s_64_varitarget_poisition_1'====== Args={'value': 249, 'prev_value': None, 'change': True}
2026-02-11 18:52:28,807 : INFO : EventManager : Event: ======'machine_var_audits_switches_s_65_stand_up_target_4'====== Args={'value': 0, 'prev_value': None, 'change': True}
2026-02-11 18:52:28,807 : INFO : EventManager : Event: ======'machine_var_audits_switches_s_65_varitarget_poisition_2'====== Args={'value': 0, 'prev_value': None, 'change': True}
2026-02-11 18:52:28,807 : INFO : EventManager : Event: ======'machine_var_audits_switches_s_66_stand_up_target_5'====== Args={'value': 0, 'prev_value': None, 'change': True}
2026-02-11 18:52:28,807 : INFO : EventManager : Event: ======'machine_var_audits_switches_s_66_varitarget_poisition_3'====== Args={'value': 0, 'prev_value': None, 'change': True}
2026-02-11 18:52:28,807 : INFO : EventManager : Event: ======'machine_var_audits_switches_s_67_stand_up_target_6'====== Args={'value': 0, 'prev_value': None, 'change': True}
2026-02-11 18:52:28,807 : INFO : EventManager : Event: ======'machine_var_audits_switches_s_67_varitarget_poisition_4'====== Args={'value': 1, 'prev_value': None, 'change': True}
2026-02-11 18:52:28,807 : INFO : EventManager : Event: ======'machine_var_audits_switches_s_68_stand_up_target_7'====== Args={'value': 1, 'prev_value': None, 'change': True}
2026-02-11 18:52:28,807 : INFO : EventManager : Event: ======'machine_var_audits_switches_s_68_varitarget_poisition_5'====== Args={'value': 0, 'prev_value': None, 'change': True}
2026-02-11 18:52:28,807 : INFO : EventManager : Event: ======'machine_var_audits_switches_s_69_stand_up_target_8'====== Args={'value': 2, 'prev_value': None, 'change': True}
2026-02-11 18:52:28,807 : INFO : EventManager : Event: ======'machine_var_audits_switches_s_69_varitarget_poisition_6'====== Args={'value': 0, 'prev_value': None, 'change': True}
2026-02-11 18:52:28,807 : INFO : EventManager : Event: ======'machine_var_audits_switches_s_70_stand_up_target_9'====== Args={'value': 0, 'prev_value': None, 'change': True}
2026-02-11 18:52:28,807 : INFO : EventManager : Event: ======'machine_var_audits_switches_s_70_varitarget_poisition_7'====== Args={'value': 38, 'prev_value': None, 'change': True}
2026-02-11 18:52:28,807 : INFO : EventManager : Event: ======'machine_var_audits_switches_s_71_spinner_left'====== Args={'value': 0, 'prev_value': None, 'change': True}
2026-02-11 18:52:28,807 : INFO : EventManager : Event: ======'machine_var_audits_switches_s_71_stand_up_target_10'====== Args={'value': 0, 'prev_value': None, 'change': True}
2026-02-11 18:52:28,807 : INFO : EventManager : Event: ======'machine_var_audits_switches_s_72_single_drop_1'====== Args={'value': 0, 'prev_value': None, 'change': True}
2026-02-11 18:52:28,807 : INFO : EventManager : Event: ======'machine_var_audits_switches_s_72_stand_up_target_11'====== Args={'value': 0, 'prev_value': None, 'change': True}
2026-02-11 18:52:28,808 : INFO : EventManager : Event: ======'machine_var_audits_switches_s_73_fourbank_drop_1'====== Args={'value': 96, 'prev_value': None, 'change': True}
2026-02-11 18:52:28,808 : INFO : EventManager : Event: ======'machine_var_audits_switches_s_74_fourbank_drop_2'====== Args={'value': 5, 'prev_value': None, 'change': True}
2026-02-11 18:52:28,808 : INFO : EventManager : Event: ======'machine_var_audits_switches_s_75_fourbank_drop_3'====== Args={'value': 7, 'prev_value': None, 'change': True}
2026-02-11 18:52:28,808 : INFO : EventManager : Event: ======'machine_var_audits_switches_s_76_fourbank_drop_4'====== Args={'value': 0, 'prev_value': None, 'change': True}
2026-02-11 18:52:28,808 : INFO : EventManager : Event: ======'machine_var_audits_switches_s_77_threebank_drop_1'====== Args={'value': 3, 'prev_value': None, 'change': True}
2026-02-11 18:52:28,808 : INFO : EventManager : Event: ======'machine_var_audits_switches_s_78_threebank_drop_2'====== Args={'value': 2, 'prev_value': None, 'change': True}
2026-02-11 18:52:28,808 : INFO : EventManager : Event: ======'machine_var_audits_switches_s_79_threebank_drop_3'====== Args={'value': 1, 'prev_value': None, 'change': True}
2026-02-11 18:52:28,808 : INFO : EventManager : Event: ======'machine_var_audits_switches_s_80_stand_up_target_1'====== Args={'value': 9, 'prev_value': None, 'change': True}
2026-02-11 18:52:28,808 : INFO : EventManager : Event: ======'machine_var_audits_switches_s_81_saucer_left'====== Args={'value': 2, 'prev_value': None, 'change': True}
2026-02-11 18:52:28,808 : INFO : EventManager : Event: ======'machine_var_audits_switches_s_82_stand_up_target_bank_1'====== Args={'value': 4, 'prev_value': None, 'change': True}
2026-02-11 18:52:28,808 : INFO : EventManager : Event: ======'machine_var_audits_switches_s_83_stand_up_target_bank_2'====== Args={'value': 6, 'prev_value': None, 'change': True}
2026-02-11 18:52:28,808 : INFO : EventManager : Event: ======'machine_var_audits_switches_s_84_stand_up_target_bank_3'====== Args={'value': 4, 'prev_value': None, 'change': True}
2026-02-11 18:52:28,808 : INFO : EventManager : Event: ======'machine_var_audits_switches_s_85_stand_up_target_bank_4'====== Args={'value': 6, 'prev_value': None, 'change': True}
2026-02-11 18:52:28,808 : INFO : EventManager : Event: ======'machine_var_audits_switches_s_86_stand_up_target_bank_5'====== Args={'value': 2, 'prev_value': None, 'change': True}
2026-02-11 18:52:28,808 : INFO : EventManager : Event: ======'machine_var_audits_switches_s_87_stand_up_target_bank_6'====== Args={'value': 7, 'prev_value': None, 'change': True}
2026-02-11 18:52:28,808 : INFO : EventManager : Event: ======'machine_var_audits_switches_s_8_left_flipper'====== Args={'value': 104, 'prev_value': None, 'change': True}
2026-02-11 18:52:28,809 : INFO : EventManager : Event: ======'init_phase_5'====== Args={}
2026-02-11 18:52:28,809 : INFO : EventManager : Event: ======'init_done'====== Args={}
2026-02-11 18:52:28,810 : INFO : EventManager : Event: ======'machine_reset_phase_1'====== Args={}
2026-02-11 18:52:28,810 : INFO : EventManager : Event: ======'machine_reset_phase_2'====== Args={}
2026-02-11 18:52:28,811 : INFO : EventManager : Event: ======'machine_reset_phase_3'====== Args={}
2026-02-11 18:52:28,811 : INFO : EventManager : Event: ======'reset_complete'====== Args={}
2026-02-11 18:52:28,811 : INFO : EventManager : Event: ======'mode_attract_will_start'====== Args={}
2026-02-11 18:52:28,812 : INFO : Timer.attract_carousel_timer : Starting Timer.
2026-02-11 18:52:28,812 : INFO : EventManager : Event: ======'timer_attract_carousel_timer_started'====== Args={'ticks': 0, 'ticks_remaining': 1}
2026-02-11 18:52:28,812 : INFO : EventManager : Event: ======'timer_attract_carousel_timer_tick'====== Args={'ticks': 0, 'ticks_remaining': 1}
2026-02-11 18:52:28,812 : INFO : EventManager : Event: ======'mode_attract_starting'====== Args={}
2026-02-11 18:52:28,813 : INFO : drop_target_bank.dtb_characters : 6 targets are down. Will reset those.
2026-02-11 18:52:28,813 : INFO : coil.c_40_fourbank_drop_reset : Pulsing Driver for 1ms (1.0 pulse_power)
2026-02-11 18:52:28,813 : DEBUG : FAST Driver : Pulsing driver 43 with pulse_settings: PulseSettings(power=1.0, duration=1).
2026-02-11 18:52:28,813 : INFO : drop_target_bank.dtb_rollover : 1 targets are down. Will reset those.
2026-02-11 18:52:28,813 : INFO : Mode.attract : Started. Priority: 10
2026-02-11 18:52:28,813 : INFO : EventManager : Event: ======'modes_active_modes_changed'====== Args={}
2026-02-11 18:52:28,813 : INFO : EventManager : Event: ======'mode_attract_started'====== Args={}
2026-02-11 18:52:28,814 : INFO : EventManager : Event: ======'collecting_balls_complete'====== Args={}
2026-02-11 18:52:28,814 : INFO : EventManager : Event: ======'carousel_item_highlighted'====== Args={'carousel': 'attract', 'direction': None, 'item': 'title'}
2026-02-11 18:52:28,814 : INFO : coil.c_32_threebank_drop_reset : Pulsing Driver for 1ms (1.0 pulse_power)
2026-02-11 18:52:28,814 : DEBUG : FAST Driver : Pulsing driver 35 with pulse_settings: PulseSettings(power=1.0, duration=1).
2026-02-11 18:52:28,815 : INFO : Machine : Starting the main run loop with active modes: [<Mode.attract>]
2026-02-11 18:52:28,837 : INFO : coil.c_31_single_drop_1_reset : Pulsing Driver for 1ms (1.0 pulse_power)
2026-02-11 18:52:28,837 : DEBUG : FAST Driver : Pulsing driver 34 with pulse_settings: PulseSettings(power=1.0, duration=1).
2026-02-11 18:52:29,316 : INFO : EventManager : Event: ======'drop_target_bank_dtb_characters_mixed'====== Args={'prev_value': <DropTargetBankState.UP: 'up'>, 'down': 6}
2026-02-11 18:52:29,332 : INFO : EventManager : Event: ======'drop_target_bank_dtb_rollover_down'====== Args={}
2026-02-11 18:52:33,823 : INFO : Timer.attract_carousel_timer : Timer Complete
2026-02-11 18:52:33,823 : INFO : Timer.attract_carousel_timer : Stopping Timer
2026-02-11 18:52:33,823 : INFO : EventManager : Event: ======'timer_attract_carousel_timer_stopped'====== Args={'ticks': 1, 'ticks_remaining': 1}
2026-02-11 18:52:33,823 : INFO : EventManager : Event: ======'timer_attract_carousel_timer_complete'====== Args={'ticks': 1, 'ticks_remaining': 1}
2026-02-11 18:52:33,823 : INFO : EventManager : Event: ======'carousel_item_highlighted'====== Args={'carousel': 'attract', 'direction': 'forwards', 'item': 'credits'}
2026-02-11 18:52:41,760 : INFO : SwitchController : <<<<<<< 's_29_trough_6' active >>>>>>>
2026-02-11 18:52:41,776 : INFO : SwitchController : <<<<<<< 's_29_trough_6' inactive >>>>>>>
2026-02-11 18:52:41,840 : INFO : SwitchController : <<<<<<< 's_28_trough_5' active >>>>>>>
2026-02-11 18:52:41,967 : INFO : SwitchController : <<<<<<< 's_28_trough_5' inactive >>>>>>>
2026-02-11 18:52:41,983 : INFO : SwitchController : <<<<<<< 's_27_trough_4' active >>>>>>>
2026-02-11 18:52:42,063 : INFO : SwitchController : <<<<<<< 's_27_trough_4' inactive >>>>>>>
2026-02-11 18:52:42,079 : INFO : SwitchController : <<<<<<< 's_26_trough_3' active >>>>>>>
2026-02-11 18:52:42,143 : INFO : SwitchController : <<<<<<< 's_26_trough_3' inactive >>>>>>>
2026-02-11 18:52:42,159 : INFO : SwitchController : <<<<<<< 's_25_trough_2' active >>>>>>>
2026-02-11 18:52:42,223 : INFO : SwitchController : <<<<<<< 's_25_trough_2' inactive >>>>>>>
2026-02-11 18:52:42,223 : INFO : SwitchController : <<<<<<< 's_24_trough_1' active >>>>>>>
2026-02-11 18:52:42,733 : INFO : EventManager : Event: ======'balldevice_bd_trough_ball_count_changed'====== Args={'balls': 1}
2026-02-11 18:52:42,733 : INFO : ball_device.bd_trough : Received unexpected ball
2026-02-11 18:52:42,733 : INFO : EventManager : Event: ======'balldevice_captured_from_playfield'====== Args={'balls': 1}
2026-02-11 18:52:42,733 : INFO : EventManager : Event: ======'sw_playfield_active'====== Args={'balls': 1}
2026-02-11 18:52:42,733 : INFO : EventManager : Event: ======'playfield_active'====== Args={'source': None}
2026-02-11 18:52:42,734 : INFO : EventManager : Event: ======'unexpected_ball_on_playfield'====== Args={}
2026-02-11 18:52:42,734 : INFO : EventManager : Event: ======'playfield_ball_count_change'====== Args={'balls': -1, 'change': -1}
2026-02-11 18:52:42,734 : INFO : EventManager : Event: ======'balldevice_playfield_ball_enter'====== Args={'new_balls': 1, 'unclaimed_balls': 1, 'device': <playfield.playfield>}
2026-02-11 18:52:42,734 : INFO : EventManager : Event: ======'playfield_ball_count_change'====== Args={'balls': 0, 'change': 1}
2026-02-11 18:52:42,734 : INFO : BallController : Found a new ball which was captured from playfield. Known balls: 1
2026-02-11 18:52:42,734 : INFO : EventManager : Event: ======'found_new_ball'====== Args={}
2026-02-11 18:52:42,734 : INFO : EventManager : Event: ======'balldevice_bd_trough_ball_enter'====== Args={'new_balls': 1, 'unclaimed_balls': 1, 'new_available_balls': 1, 'device': <ball_device.bd_trough>}
2026-02-11 18:52:42,735 : INFO : EventManager : Event: ======'ball_drain'====== Args={'device': <ball_device.bd_trough>, 'balls': 1}
2026-02-11 18:52:42,735 : INFO : EventManager : Event: ======'balldevice_balls_available'====== Args={}
2026-02-11 18:52:42,735 : INFO : EventManager : Event: ======'balldevice_bd_trough_ball_entered'====== Args={'new_balls': 1, 'device': <ball_device.bd_trough>}
2026-02-11 18:52:46,052 : INFO : SwitchController : <<<<<<< 's_11_start_button' active >>>>>>>
2026-02-11 18:52:46,260 : INFO : SwitchController : <<<<<<< 's_11_start_button' inactive >>>>>>>
2026-02-11 18:52:46,260 : INFO : EventManager : Event: ======'request_to_start_game'====== Args={}
2026-02-11 18:52:46,260 : INFO : EventManager : Event: ======'game_start'====== Args={'buttons': [], 'hold_time': 0.20300000000861473}
2026-02-11 18:52:46,260 : INFO : EventManager : Event: ======'mode_game_will_start'====== Args={'buttons': [], 'hold_time': 0.20300000000861473}
2026-02-11 18:52:46,261 : INFO : EventManager : Event: ======'mode_game_starting'====== Args={'buttons': [], 'hold_time': 0.20300000000861473}
2026-02-11 18:52:46,261 : INFO : EventManager : Event: ======'mode_attract_will_stop'====== Args={}
2026-02-11 18:52:46,261 : INFO : EventManager : Event: ======'mode_attract_stopping'====== Args={}
2026-02-11 18:52:46,261 : INFO : Mode.attract : Stopped.
2026-02-11 18:52:46,261 : INFO : EventManager : Event: ======'modes_active_modes_changed'====== Args={}
2026-02-11 18:52:46,261 : INFO : EventManager : Event: ======'mode_attract_stopped'====== Args={}
2026-02-11 18:52:46,261 : INFO : EventManager : Event: ======'clear'====== Args={'key': 'attract'}
2026-02-11 18:52:46,261 : INFO : Timer.attract_carousel_timer : Stopping Timer
2026-02-11 18:52:46,261 : INFO : EventManager : Event: ======'timer_attract_carousel_timer_stopped'====== Args={'ticks': 1, 'ticks_remaining': 1}
2026-02-11 18:52:46,261 : INFO : Mode.game : Started. Priority: 20
2026-02-11 18:52:46,262 : INFO : EventManager : Event: ======'modes_active_modes_changed'====== Args={}
2026-02-11 18:52:46,262 : INFO : EventManager : Event: ======'mode_game_started'====== Args={'buttons': [], 'hold_time': 0.20300000000861473}
2026-02-11 18:52:46,262 : INFO : EventManager : Event: ======'game_will_start'====== Args={}
2026-02-11 18:52:46,263 : INFO : EventManager : Event: ======'game_starting'====== Args={'game': <Mode.game>}
2026-02-11 18:52:46,263 : DEBUG : Auditor : Enabling the Auditor
2026-02-11 18:52:46,264 : INFO : EventManager : Unordered handler for class <Auditor> on event game_ended with priority 1. Handlers: [RegisteredHandler(callback=<bound method Auditor.disable of <Auditor>>, priority=1, kwargs={}, key=UUID('1e0b0231-8790-4f8f-8230-ac58d6def6c4'), condition=None, blocking_facility=None), RegisteredHandler(callback=<bound method Auditor._save_audits of <Auditor>>, priority=1, kwargs={}, key=UUID('1002c2d7-08ce-4fc0-809b-ab89114f3efd'), condition=None, blocking_facility=None)]. The order of those handlers is not defined and they will be executed in random order. This might lead to race conditions and potential bugs.
2026-02-11 18:52:46,264 : INFO : EventManager : Event: ======'player_add_request'====== Args={}
2026-02-11 18:52:46,264 : INFO : EventManager : Event: ======'player_will_add'====== Args={'number': 1}
2026-02-11 18:52:46,264 : DEBUG : Player : Creating new player: Player 1. (player index '0')
2026-02-11 18:52:46,264 : DEBUG : Player : Setting 'score' to: 0, (prior: 0, change: 0)
2026-02-11 18:52:46,264 : INFO : EventManager : Event: ======'player_adding'====== Args={'player': <Player 1>, 'number': 1}
2026-02-11 18:52:46,264 : INFO : EventManager : Event: ======'player_added'====== Args={'player': <Player 1>, 'num': 1}
2026-02-11 18:52:46,264 : INFO : Mode.game : Player added successfully. Total players: 1
2026-02-11 18:52:46,264 : INFO : EventManager : Event: ======'player_index'====== Args={'value': 0, 'prev_value': 0, 'change': 0, 'player_num': 1}
2026-02-11 18:52:46,264 : INFO : EventManager : Event: ======'player_number'====== Args={'value': 1, 'prev_value': 1, 'change': 0, 'player_num': 1}
2026-02-11 18:52:46,265 : INFO : EventManager : Event: ======'player_score'====== Args={'value': 0, 'prev_value': 0, 'change': 0, 'player_num': 1}
2026-02-11 18:52:46,265 : INFO : EventManager : Event: ======'game_started'====== Args={}
2026-02-11 18:52:46,266 : INFO : EventManager : Event: ======'player_turn_will_start'====== Args={'player': <Player 1>, 'number': 1}
2026-02-11 18:52:46,273 : INFO : EventManager : Event: ======'player_turn_starting'====== Args={'player': <Player 1>, 'number': 1}
2026-02-11 18:52:46,274 : DEBUG : Player : Setting 'ball' to: 1, (prior: 0, change: 1)
2026-02-11 18:52:46,274 : INFO : EventManager : Event: ======'player_ball'====== Args={'value': 1, 'prev_value': 0, 'change': 1, 'player_num': 1}
2026-02-11 18:52:46,274 : INFO : EventManager : Event: ======'player_turn_started'====== Args={'player': <Player 1>, 'number': 1}
2026-02-11 18:52:46,274 : INFO : EventManager : Event: ======'ball_will_start'====== Args={'player': 1, 'ball': 1, 'balls_remaining': 2, 'is_extra_ball': False}
2026-02-11 18:52:46,275 : INFO : drop_target_bank.dtb_characters : 6 targets are down. Will reset those.
2026-02-11 18:52:46,275 : INFO : coil.c_40_fourbank_drop_reset : Pulsing Driver for 1ms (1.0 pulse_power)
2026-02-11 18:52:46,275 : DEBUG : FAST Driver : Pulsing driver 43 with pulse_settings: PulseSettings(power=1.0, duration=1).
2026-02-11 18:52:46,275 : INFO : drop_target_bank.dtb_rollover : 1 targets are down. Will reset those.
2026-02-11 18:52:46,275 : INFO : EventManager : Event: ======'ball_starting'====== Args={'player': 1, 'ball': 1, 'balls_remaining': 2, 'is_extra_ball': False}
2026-02-11 18:52:46,276 : INFO : coil.c_32_threebank_drop_reset : Pulsing Driver for 1ms (1.0 pulse_power)
2026-02-11 18:52:46,276 : DEBUG : FAST Driver : Pulsing driver 35 with pulse_settings: PulseSettings(power=1.0, duration=1).
2026-02-11 18:52:46,276 : INFO : EventManager : Event: ======'balls_in_play'====== Args={'balls': 1}
2026-02-11 18:52:46,276 : INFO : EventManager : Event: ======'ball_started'====== Args={'player': 1, 'ball': 1, 'balls_remaining': 2, 'is_extra_ball': False}
2026-02-11 18:52:46,277 : DEBUG : FAST Driver : Setting hardware rule for driver 26. Mode: None. Switch: 25. coil_settings: DriverSettings(hw_driver=<mpf.platforms.fast.fast_driver.FASTDriver object at 0x000002BFB1576500>, pulse_settings=PulseSettings(power=1.0, duration=10), hold_settings=None, recycle=True). kwargs: {}.
2026-02-11 18:52:46,277 : DEBUG : FAST Driver : Setting hardware rule for driver 27. Mode: None. Switch: 22. coil_settings: DriverSettings(hw_driver=<mpf.platforms.fast.fast_driver.FASTDriver object at 0x000002BFB1576570>, pulse_settings=PulseSettings(power=1.0, duration=10), hold_settings=None, recycle=True). kwargs: {}.
2026-02-11 18:52:46,277 : DEBUG : FAST Driver : Setting hardware rule for driver 9. Mode: None. Switch: 0A. coil_settings: DriverSettings(hw_driver=<mpf.platforms.fast.fast_driver.FASTDriver object at 0x000002BFB1575D20>, pulse_settings=PulseSettings(power=1.0, duration=1), hold_settings=None, recycle=True). kwargs: {}.
2026-02-11 18:52:46,277 : DEBUG : FAST Driver : Setting hardware rule for driver 7. Mode: None. Switch: 09. coil_settings: DriverSettings(hw_driver=<mpf.platforms.fast.fast_driver.FASTDriver object at 0x000002BFB1575C40>, pulse_settings=PulseSettings(power=1.0, duration=1), hold_settings=None, recycle=True). kwargs: {}.
2026-02-11 18:52:46,277 : DEBUG : FAST Driver : Setting hardware rule for driver 8. Mode: None. Switch: 08. coil_settings: DriverSettings(hw_driver=<mpf.platforms.fast.fast_driver.FASTDriver object at 0x000002BFB1575CB0>, pulse_settings=PulseSettings(power=1.0, duration=1), hold_settings=None, recycle=True). kwargs: {}.
2026-02-11 18:52:46,278 : DEBUG : FAST Driver : Setting hardware rule for driver 24. Mode: 18. Switch: 06. coil_settings: DriverSettings(hw_driver=<mpf.platforms.fast.fast_driver.FASTDriver object at 0x000002BFB1576420>, pulse_settings=PulseSettings(power=1.0, duration=20), hold_settings=None, recycle=False). kwargs: {}.
2026-02-11 18:52:46,278 : DEBUG : FAST Driver : Sending config to driver 24 (0x18). one_shot: False. wait_to_confirm: False
2026-02-11 18:52:46,278 : DEBUG : FAST Driver : Setting hardware rule for driver 25. Mode: 18. Switch: 06. coil_settings: DriverSettings(hw_driver=<mpf.platforms.fast.fast_driver.FASTDriver object at 0x000002BFB1576490>, pulse_settings=PulseSettings(power=1.0, duration=20), hold_settings=HoldSettings(power=1.0, duration=None), recycle=False). kwargs: {}.
2026-02-11 18:52:46,278 : DEBUG : FAST Driver : Sending config to driver 25 (0x19). one_shot: False. wait_to_confirm: False
2026-02-11 18:52:46,278 : DEBUG : FAST Driver : Setting hardware rule for driver 22. Mode: 18. Switch: 04. coil_settings: DriverSettings(hw_driver=<mpf.platforms.fast.fast_driver.FASTDriver object at 0x000002BFB1576340>, pulse_settings=PulseSettings(power=1.0, duration=20), hold_settings=None, recycle=False). kwargs: {}.
2026-02-11 18:52:46,278 : DEBUG : FAST Driver : Sending config to driver 22 (0x16). one_shot: False. wait_to_confirm: False
2026-02-11 18:52:46,278 : DEBUG : FAST Driver : Setting hardware rule for driver 23. Mode: 18. Switch: 04. coil_settings: DriverSettings(hw_driver=<mpf.platforms.fast.fast_driver.FASTDriver object at 0x000002BFB15763B0>, pulse_settings=PulseSettings(power=1.0, duration=20), hold_settings=HoldSettings(power=1.0, duration=None), recycle=False). kwargs: {}.
2026-02-11 18:52:46,278 : DEBUG : FAST Driver : Sending config to driver 23 (0x17). one_shot: False. wait_to_confirm: False
2026-02-11 18:52:46,278 : DEBUG : FAST Driver : Setting hardware rule for driver 5. Mode: 18. Switch: 07. coil_settings: DriverSettings(hw_driver=<mpf.platforms.fast.fast_driver.FASTDriver object at 0x000002BFB1575B60>, pulse_settings=PulseSettings(power=1.0, duration=20), hold_settings=None, recycle=False). kwargs: {}.
2026-02-11 18:52:46,278 : DEBUG : FAST Driver : Sending config to driver 5 (0x05). one_shot: False. wait_to_confirm: False
2026-02-11 18:52:46,278 : DEBUG : FAST Driver : Setting hardware rule for driver 4. Mode: 18. Switch: 07. coil_settings: DriverSettings(hw_driver=<mpf.platforms.fast.fast_driver.FASTDriver object at 0x000002BFB1575AF0>, pulse_settings=PulseSettings(power=1.0, duration=20), hold_settings=HoldSettings(power=1.0, duration=None), recycle=False). kwargs: {}.
2026-02-11 18:52:46,279 : DEBUG : FAST Driver : Sending config to driver 4 (0x04). one_shot: False. wait_to_confirm: False
2026-02-11 18:52:46,279 : INFO : EventManager : Event: ======'single_player_ball_started'====== Args={}
2026-02-11 18:52:46,280 : INFO : EventManager : Event: ======'ball_start_target'====== Args={'target': 'playfield'}
2026-02-11 18:52:46,280 : INFO : ball_device.bd_trough : Setting up player-controlled eject. Balls: 1, Target: <playfield.playfield>, player_controlled_eject_event: None
2026-02-11 18:52:46,280 : INFO : ball_device.bd_trough : Adding 1 ball(s) to the eject_queue with target <playfield.playfield>.
2026-02-11 18:52:46,280 : INFO : EventManager : Event: ======'balldevice_balls_available'====== Args={}
2026-02-11 18:52:46,281 : INFO : coil.c_31_single_drop_1_reset : Pulsing Driver for 1ms (1.0 pulse_power)
2026-02-11 18:52:46,281 : DEBUG : FAST Driver : Pulsing driver 34 with pulse_settings: PulseSettings(power=1.0, duration=1).
2026-02-11 18:52:46,282 : INFO : ball_device.bd_trough : State: waiting_for_target_ready
2026-02-11 18:52:46,283 : INFO : EventManager : Event: ======'balldevice_bd_trough_ball_eject_attempt'====== Args={'balls': 1, 'target': <ball_device.bd_plunger>, 'source': <ball_device.bd_trough>, 'mechanical_eject': False, 'num_attempts': 0}
2026-02-11 18:52:46,283 : INFO : ball_device.bd_plunger : State: waiting_for_ball
2026-02-11 18:52:46,283 : INFO : ball_device.bd_trough : State: ejecting
2026-02-11 18:52:46,283 : INFO : ball_device.bd_trough : Ejecting ball to <ball_device.bd_plunger>
2026-02-11 18:52:46,284 : INFO : EventManager : Event: ======'balldevice_bd_trough_ejecting_ball'====== Args={'balls': 1, 'target': <ball_device.bd_plunger>, 'source': <ball_device.bd_trough>, 'mechanical_eject': False, 'num_attempts': 0}
2026-02-11 18:52:46,284 : INFO : ball_device.bd_trough : Wait for ball to leave device
2026-02-11 18:52:46,307 : INFO : coil.c_2_trough_eject : Pulsing Driver for 30ms (1.0 pulse_power)
2026-02-11 18:52:46,307 : DEBUG : FAST Driver : Pulsing driver 21 with pulse_settings: PulseSettings(power=1.0, duration=30).
2026-02-11 18:52:46,339 : INFO : SwitchController : <<<<<<< 's_24_trough_1' inactive >>>>>>>
2026-02-11 18:52:46,339 : INFO : SwitchController : <<<<<<< 's_30_trough_jam' active >>>>>>>
2026-02-11 18:52:46,339 : INFO : EventManager : Event: ======'machine_var_audits_switches_s_30_trough_jam'====== Args={'value': 15, 'prev_value': 14, 'change': 1}
2026-02-11 18:52:46,340 : INFO : ball_device.bd_trough : State: ball_left
2026-02-11 18:52:46,340 : INFO : ball_device.bd_trough : Ball left
2026-02-11 18:52:46,340 : INFO : ball_device.bd_trough : Wait for confirm with timeout 10.0
2026-02-11 18:52:46,355 : INFO : SwitchController : <<<<<<< 's_30_trough_jam' inactive >>>>>>>
2026-02-11 18:52:46,771 : INFO : EventManager : Event: ======'drop_target_bank_dtb_characters_mixed'====== Args={'prev_value': <DropTargetBankState.MIXED: 'mixed'>, 'down': 6}
2026-02-11 18:52:47,568 : INFO : SwitchController : <<<<<<< 's_31_plunger_lane' active >>>>>>>
2026-02-11 18:52:47,568 : INFO : EventManager : Event: ======'machine_var_audits_switches_s_31_plunger_lane'====== Args={'value': 15, 'prev_value': 14, 'change': 1}
2026-02-11 18:52:48,063 : INFO : ball_device.bd_plunger : Received ball from <ball_device.bd_trough>
2026-02-11 18:52:48,063 : INFO : EventManager : Event: ======'balldevice_bd_plunger_ball_enter'====== Args={'new_balls': 1, 'unclaimed_balls': 0, 'new_available_balls': 0, 'device': <ball_device.bd_plunger>}
2026-02-11 18:52:48,064 : INFO : EventManager : Event: ======'balldevice_bd_plunger_ball_entered'====== Args={'new_balls': 0, 'device': <ball_device.bd_plunger>}
2026-02-11 18:52:48,064 : INFO : EventManager : Event: ======'balldevice_bd_plunger_ball_count_changed'====== Args={'balls': 1}
2026-02-11 18:52:48,064 : INFO : ball_device.bd_trough : Got eject confirm
2026-02-11 18:52:48,064 : INFO : ball_device.bd_trough : Eject successful
2026-02-11 18:52:48,064 : INFO : EventManager : Event: ======'balldevice_bd_trough_ball_eject_success'====== Args={'balls': 1, 'target': <ball_device.bd_plunger>}
2026-02-11 18:52:48,064 : INFO : ball_device.bd_plunger : State: waiting_for_target_ready
2026-02-11 18:52:48,064 : INFO : EventManager : Event: ======'balldevice_bd_plunger_ball_eject_attempt'====== Args={'balls': 1, 'target': <playfield.playfield>, 'source': <ball_device.bd_plunger>, 'mechanical_eject': False, 'num_attempts': 0}
2026-02-11 18:52:48,065 : INFO : EventManager : Event: ======'balldevice_bd_trough_ball_count_changed'====== Args={'balls': 0}
2026-02-11 18:52:48,065 : INFO : ball_device.bd_trough : State: idle
2026-02-11 18:52:48,065 : INFO : ball_device.bd_plunger : State: ejecting
2026-02-11 18:52:48,065 : INFO : ball_device.bd_plunger : Ejecting ball to <playfield.playfield>
2026-02-11 18:52:48,065 : INFO : EventManager : Event: ======'balldevice_bd_plunger_ejecting_ball'====== Args={'balls': 1, 'target': <playfield.playfield>, 'source': <ball_device.bd_plunger>, 'mechanical_eject': False, 'num_attempts': 0}
2026-02-11 18:52:48,066 : INFO : ball_device.bd_plunger : Wait for ball to leave device
2026-02-11 18:52:48,066 : INFO : coil.c_1_plunger : Pulsing Driver for 20ms (1.0 pulse_power)
2026-02-11 18:52:48,066 : DEBUG : FAST Driver : Pulsing driver 20 with pulse_settings: PulseSettings(power=1.0, duration=20).
2026-02-11 18:52:48,095 : INFO : SwitchController : <<<<<<< 's_31_plunger_lane' inactive >>>>>>>
2026-02-11 18:52:48,095 : INFO : ball_device.bd_plunger : State: ball_left
2026-02-11 18:52:48,096 : INFO : ball_device.bd_plunger : Ball left
2026-02-11 18:52:48,096 : INFO : ball_device.bd_plunger : Wait for confirm with timeout 10.0
2026-02-11 18:52:50,150 : INFO : SwitchController : <<<<<<< 's_62_top_lane_a' active >>>>>>>
2026-02-11 18:52:50,150 : INFO : EventManager : Event: ======'machine_var_audits_switches_s_62_top_lane_a'====== Args={'value': 22, 'prev_value': 21, 'change': 1}
2026-02-11 18:52:50,182 : INFO : SwitchController : <<<<<<< 's_62_top_lane_a' inactive >>>>>>>
2026-02-11 18:52:50,214 : INFO : SwitchController : <<<<<<< 's_62_top_lane_a' active >>>>>>>
2026-02-11 18:52:50,214 : INFO : EventManager : Event: ======'machine_var_audits_switches_s_62_top_lane_a'====== Args={'value': 23, 'prev_value': 22, 'change': 1}
2026-02-11 18:52:50,230 : INFO : SwitchController : <<<<<<< 's_62_top_lane_a' inactive >>>>>>>
2026-02-11 18:52:50,230 : INFO : SwitchController : <<<<<<< 's_62_top_lane_a' active >>>>>>>
2026-02-11 18:52:50,230 : INFO : EventManager : Event: ======'machine_var_audits_switches_s_62_top_lane_a'====== Args={'value': 24, 'prev_value': 23, 'change': 1}
2026-02-11 18:52:50,262 : INFO : SwitchController : <<<<<<< 's_62_top_lane_a' inactive >>>>>>>
2026-02-11 18:52:54,301 : INFO : SwitchController : <<<<<<< 's_81_saucer_left' inactive >>>>>>>
2026-02-11 18:52:58,085 : INFO : ball_device.bd_plunger : State: failed_confirm
2026-02-11 18:52:58,085 : INFO : ball_device.bd_plunger : Got timeout (10.0s) before confirm from <playfield.playfield>
2026-02-11 18:52:58,180 : INFO : ball_device.bd_plunger : Confirming eject because target is playfield and ball did not return.
2026-02-11 18:52:58,180 : INFO : ball_device.bd_plunger : Eject successful
2026-02-11 18:52:58,180 : INFO : EventManager : Event: ======'balldevice_bd_plunger_ball_eject_success'====== Args={'balls': 1, 'target': <playfield.playfield>}
2026-02-11 18:52:58,180 : INFO : EventManager : Event: ======'balldevice_playfield_ball_enter'====== Args={'new_balls': 1, 'unclaimed_balls': 1, 'device': <playfield.playfield>}
2026-02-11 18:52:58,180 : INFO : EventManager : Event: ======'playfield_ball_count_change'====== Args={'balls': 1, 'change': 1}
2026-02-11 18:52:58,181 : INFO : EventManager : Event: ======'balldevice_bd_plunger_ball_count_changed'====== Args={'balls': 0}
2026-02-11 18:52:58,181 : INFO : ball_device.bd_plunger : State: idle
2026-02-11 18:53:13,587 : INFO : SwitchController : <<<<<<< 's_81_saucer_left' active >>>>>>>
2026-02-11 18:53:13,587 : INFO : EventManager : Event: ======'machine_var_audits_switches_s_81_saucer_left'====== Args={'value': 3, 'prev_value': 2, 'change': 1}
2026-02-11 18:53:14,624 : INFO : SwitchController : <<<<<<< 's_81_saucer_left' inactive >>>>>>>
2026-02-11 18:53:16,239 : INFO : SwitchController : <<<<<<< 's_81_saucer_left' active >>>>>>>
2026-02-11 18:53:16,239 : INFO : EventManager : Event: ======'machine_var_audits_switches_s_81_saucer_left'====== Args={'value': 4, 'prev_value': 3, 'change': 1}
2026-02-11 18:53:16,591 : INFO : SwitchController : <<<<<<< 's_81_saucer_left' inactive >>>>>>>
2026-02-11 18:53:17,742 : INFO : SwitchController : <<<<<<< 's_81_saucer_left' active >>>>>>>
2026-02-11 18:53:17,742 : INFO : EventManager : Event: ======'machine_var_audits_switches_s_81_saucer_left'====== Args={'value': 5, 'prev_value': 4, 'change': 1}
2026-02-11 18:53:25,870 : INFO : SwitchController : <<<<<<< 's_59_saucer_right' inactive >>>>>>>
2026-02-11 18:53:53,319 : INFO : SwitchController : <<<<<<< 's_59_saucer_right' active >>>>>>>
2026-02-11 18:53:53,319 : INFO : EventManager : Event: ======'machine_var_audits_switches_s_59_saucer_right'====== Args={'value': 1, 'prev_value': 0, 'change': 1}
2026-02-11 18:53:53,559 : INFO : SwitchController : <<<<<<< 's_59_saucer_right' inactive >>>>>>>
2026-02-11 18:54:27,839 : INFO : Machine : Shutting down...
2026-02-11 18:54:27,839 : INFO : EventManager : Event: ======'shutdown'====== Args={}
2026-02-11 18:54:27,840 : INFO : EventManager : Event: ======'mode_game_will_stop'====== Args={}
2026-02-11 18:54:27,840 : INFO : EventManager : Event: ======'mode_game_stopping'====== Args={}
2026-02-11 18:54:27,841 : INFO : Mode.game : Stopped.
2026-02-11 18:54:27,841 : INFO : EventManager : Event: ======'modes_active_modes_changed'====== Args={}
2026-02-11 18:54:27,841 : INFO : EventManager : Event: ======'mode_game_stopped'====== Args={}
2026-02-11 18:54:27,841 : INFO : EventManager : Event: ======'clear'====== Args={'key': 'game'}
2026-02-11 18:54:27,934 : DEBUG : FAST [NET] : Stop called on serial connection NET
2026-02-11 18:54:27,935 : DEBUG : FAST [EXP] : Stop called on serial connection EXP
2026-02-11 18:54:27,936 : INFO : root : MPF run loop ended.
