2026-02-16 15:49:10,770 : INFO : root : Loading config.
2026-02-16 15:49:10,786 : INFO : YamlMultifileConfigLoader : Machine config file #1: config.yaml
2026-02-16 15:49:10,787 : INFO : ConfigProcessor : Loading config from cache: C:\Users\tl\AppData\Local\Temp\86f932e179f318f5dae29f066573dee9.mpf_cache
2026-02-16 15:49:10,969 : INFO : ConfigProcessor : Loading config from cache: C:\Users\tl\AppData\Local\Temp\5e7e3dd8e04e0aa46ea76018297218da.mpf_cache
2026-02-16 15:49:10,971 : INFO : ConfigProcessor : Loading config from cache: C:\Users\tl\AppData\Local\Temp\af6ad0dab2f43bd9cbdac83e0b2786ac.mpf_cache
2026-02-16 15:49:10,983 : INFO : ConfigProcessor : Loading config from cache: C:\Users\tl\AppData\Local\Temp\5e7e3dd8e04e0aa46ea76018297218da.mpf_cache
2026-02-16 15:49:10,984 : INFO : Machine : Mission Pinball Framework Core Engine v0.80.0.dev12
2026-02-16 15:49:10,984 : INFO : Machine : Command line arguments: {'no_load_cache': False, 'create_config_cache': True, 'bcp': True, 'configfile': ['config.yaml'], 'force_assets_load': False, 'platform_integration_test': False, 'jsonlogging': False, 'logfile': 'logs\\2026-02-16-15-49-10-mpf-DESKTOP-HV85DRD.log', 'pause': False, 'production': False, 'text_ui': True, 'loglevel': 15, 'consoleloglevel': 20, 'force_platform': None, 'syslog_address': None, 'full_logfile_path': 'C:\\Users\\tl\\Documents\\tl-pinball\\logs\\2026-02-16-15-49-10-mpf-DESKTOP-HV85DRD.log'}
2026-02-16 15:49:10,984 : INFO : Machine : MPF path: C:\mpf\Lib\site-packages\mpf
2026-02-16 15:49:10,984 : INFO : Machine : Machine path: C:\Users\tl\Documents\tl-pinball
2026-02-16 15:49:10,984 : INFO : Machine : Platform: win32
2026-02-16 15:49:10,984 : INFO : Machine : Python executable location: C:\mpf\Scripts\python.exe
2026-02-16 15:49:10,984 : INFO : Machine : Python version: 3.12.7 (64-bit)
2026-02-16 15:49:10,986 : INFO : Machine : Initializing MPF...
2026-02-16 15:49:11,565 : INFO : FAST [NET] : Trying to connect to COM4 at 921600bps
2026-02-16 15:49:11,570 : INFO : FAST [NET] : Connected to COM4 at 921600bps
2026-02-16 15:49:11,578 : INFO : FAST [NET] : Connected to FP-CPU-2000 with firmware v02.26
2026-02-16 15:49:11,610 : INFO : FAST [NET] : Registered I/O Board 0: Model: FP-I/O-0804, Firmware: 01.10, Switches: 8, Drivers: 4
2026-02-16 15:49:11,626 : INFO : FAST [NET] : Registered I/O Board 1: Model: FP-I/O-1616, Firmware: 01.10, Switches: 16, Drivers: 16
2026-02-16 15:49:11,642 : INFO : FAST [NET] : Registered I/O Board 2: Model: FP-I/O-3208, Firmware: 01.10, Switches: 32, Drivers: 8
2026-02-16 15:49:11,658 : INFO : FAST [NET] : Registered I/O Board 3: Model: FP-I/O-1616, Firmware: 01.10, Switches: 16, Drivers: 16
2026-02-16 15:49:11,660 : INFO : FAST [EXP] : Trying to connect to COM5 at 921600bps
2026-02-16 15:49:11,664 : INFO : FAST [EXP] : Connected to COM5 at 921600bps
2026-02-16 15:49:11,673 : INFO : FAST [EXP] : Verifying hardware for EXP "ledneuron" (FP-EXP-2000, @48) with ID string "EXP FP-EXP-2000  0.42", board address 48
2026-02-16 15:49:11,689 : INFO : FAST [EXP] : Verifying hardware for EXP "ledneuron" (FP-EXP-2000, @48) with ID string "BRK FP-EXP-2000  0.42", board address 480
2026-02-16 15:49:11,721 : INFO : FAST [EXP] : Verifying hardware for EXP "ledpf1" (FP-EXP-0081, @84) with ID string "EXP FP-EXP-0081  0.38", board address 84
2026-02-16 15:49:11,737 : INFO : FAST [EXP] : Verifying hardware for EXP "ledpf1" (FP-EXP-0081, @84) with ID string "BRK FP-EXP-0081  0.38", board address 840
2026-02-16 15:49:11,753 : INFO : FAST [EXP] : Verifying hardware for EXP "ledpf1" (FP-EXP-0081, @84) with ID string "BRK FP-EXP-0081  0.38", board address 841
2026-02-16 15:49:11,769 : INFO : EventManager : Event: ======'machine_var_credits_string'====== Args={'value': 'FREE PLAY', 'prev_value': None, 'change': True}
2026-02-16 15:49:11,793 : INFO : EventManager : Event: ======'machine_var_master_volume'====== Args={'value': 0.55, 'prev_value': None, 'change': True}
2026-02-16 15:49:11,794 : INFO : EventManager : Event: ======'machine_var_player1_score'====== Args={'value': 0, 'prev_value': None, 'change': True}
2026-02-16 15:49:11,794 : INFO : EventManager : Event: ======'machine_var_mpf_version'====== Args={'value': 'Mission Pinball Framework v0.80.0.dev12', 'prev_value': None, 'change': True}
2026-02-16 15:49:11,794 : INFO : EventManager : Event: ======'machine_var_mpf_extended_version'====== Args={'value': 'Mission Pinball Framework v0.80.0.dev12, Config version:6, Show version: 6, BCP version:1.1', 'prev_value': None, 'change': True}
2026-02-16 15:49:11,794 : INFO : EventManager : Event: ======'machine_var_python_version'====== Args={'value': '3.12.7', 'prev_value': None, 'change': True}
2026-02-16 15:49:11,901 : INFO : EventManager : Event: ======'machine_var_platform'====== Args={'value': 'Windows-10-10.0.19044-SP0', 'prev_value': None, 'change': True}
2026-02-16 15:49:11,901 : INFO : EventManager : Event: ======'machine_var_platform_system'====== Args={'value': 'Windows', 'prev_value': None, 'change': True}
2026-02-16 15:49:11,901 : INFO : EventManager : Event: ======'machine_var_platform_release'====== Args={'value': '10', 'prev_value': None, 'change': True}
2026-02-16 15:49:11,901 : INFO : EventManager : Event: ======'machine_var_platform_version'====== Args={'value': '10.0.19044', 'prev_value': None, 'change': True}
2026-02-16 15:49:11,901 : INFO : EventManager : Event: ======'machine_var_platform_machine'====== Args={'value': 'AMD64', 'prev_value': None, 'change': True}
2026-02-16 15:49:11,901 : INFO : EventManager : Event: ======'machine_var_log_file_path'====== Args={'value': 'C:\\Users\\tl\\Documents\\tl-pinball\\logs\\2026-02-16-15-49-10-mpf-DESKTOP-HV85DRD.log', 'prev_value': None, 'change': True}
2026-02-16 15:49:11,902 : INFO : EventManager : Event: ======'init_phase_1'====== Args={}
2026-02-16 15:49:11,931 : INFO : EventManager : Event: ======'drop_target_bank_dt_bank_1_4_up'====== Args={}
2026-02-16 15:49:11,931 : INFO : EventManager : Event: ======'drop_target_bank_dt_bank_5_7_up'====== Args={}
2026-02-16 15:49:14,371 : INFO : SwitchController : <<<<<<< 's_71_spinner_left' active >>>>>>>
2026-02-16 15:49:14,421 : INFO : EventManager : Event: ======'init_phase_2'====== Args={}
2026-02-16 15:49:14,422 : INFO : SwitchController : Found active switch: (23, [FAST Platform Interface]) <switch.s_71_spinner_left>
2026-02-16 15:49:14,425 : INFO : EventManager : Event: ======'bcp_connection_attempt'====== Args={'name': 'local_display', 'host': 'localhost', 'port': 5050}
2026-02-16 15:49:14,427 : INFO : BCPClientSocket : Connecting BCP to 'local_display' at localhost:5050...
2026-02-16 15:49:14,441 : INFO : BCPClientSocket : Connected BCP to 'local_display' localhost:5050
2026-02-16 15:49:14,442 : INFO : EventManager : Event: ======'bcp_clients_connected'====== Args={}
2026-02-16 15:49:14,579 : INFO : ball_device.bd_plunger : BCH: Initial count: 0
2026-02-16 15:49:14,580 : INFO : ball_device.bd_plunger : State: idle
2026-02-16 15:49:14,580 : INFO : ball_device.bd_trough : BCH: Initial count: 0
2026-02-16 15:49:14,581 : INFO : ball_device.bd_trough : State: idle
2026-02-16 15:49:14,598 : INFO : EventManager : Event: ======'init_phase_3'====== Args={}
2026-02-16 15:49:14,599 : INFO : EventManager : Event: ======'init_phase_4'====== Args={}
2026-02-16 15:49:14,600 : INFO : BallController : Initial balls found: 0
2026-02-16 15:49:14,601 : INFO : EventManager : Event: ======'machine_var_audits_events_game_ended'====== Args={'value': 10, 'prev_value': None, 'change': True}
2026-02-16 15:49:14,601 : INFO : EventManager : Event: ======'machine_var_audits_events_game_started'====== Args={'value': 62, 'prev_value': None, 'change': True}
2026-02-16 15:49:14,601 : INFO : EventManager : Event: ======'machine_var_audits_missing_switches_s_00_service_esc'====== Args={'value': 16, 'prev_value': None, 'change': True}
2026-02-16 15:49:14,601 : INFO : EventManager : Event: ======'machine_var_audits_missing_switches_s_01_service_up'====== Args={'value': 16, 'prev_value': None, 'change': True}
2026-02-16 15:49:14,601 : INFO : EventManager : Event: ======'machine_var_audits_missing_switches_s_02_service_down'====== Args={'value': 16, 'prev_value': None, 'change': True}
2026-02-16 15:49:14,601 : INFO : EventManager : Event: ======'machine_var_audits_missing_switches_s_03_service_enter'====== Args={'value': 16, 'prev_value': None, 'change': True}
2026-02-16 15:49:14,602 : INFO : EventManager : Event: ======'machine_var_audits_missing_switches_s_08_left_flipper'====== Args={'value': 3, 'prev_value': None, 'change': True}
2026-02-16 15:49:14,602 : INFO : EventManager : Event: ======'machine_var_audits_missing_switches_s_0_service_esc'====== Args={'value': 46, 'prev_value': None, 'change': True}
2026-02-16 15:49:14,602 : INFO : EventManager : Event: ======'machine_var_audits_missing_switches_s_11_start_button'====== Args={'value': 2, 'prev_value': None, 'change': True}
2026-02-16 15:49:14,602 : INFO : EventManager : Event: ======'machine_var_audits_missing_switches_s_12_tilt_bob'====== Args={'value': 3, 'prev_value': None, 'change': True}
2026-02-16 15:49:14,602 : INFO : EventManager : Event: ======'machine_var_audits_missing_switches_s_13_coin_door'====== Args={'value': 3, 'prev_value': None, 'change': True}
2026-02-16 15:49:14,602 : INFO : EventManager : Event: ======'machine_var_audits_missing_switches_s_16_right_flipper'====== Args={'value': 3, 'prev_value': None, 'change': True}
2026-02-16 15:49:14,602 : INFO : EventManager : Event: ======'machine_var_audits_missing_switches_s_17_right_flipper_upper'====== Args={'value': 32, 'prev_value': None, 'change': True}
2026-02-16 15:49:14,602 : INFO : EventManager : Event: ======'machine_var_audits_missing_switches_s_19_cab_arrow_left'====== Args={'value': 3, 'prev_value': None, 'change': True}
2026-02-16 15:49:14,602 : INFO : EventManager : Event: ======'machine_var_audits_missing_switches_s_1_service_up'====== Args={'value': 46, 'prev_value': None, 'change': True}
2026-02-16 15:49:14,602 : INFO : EventManager : Event: ======'machine_var_audits_missing_switches_s_20_cab_arrow_right'====== Args={'value': 3, 'prev_value': None, 'change': True}
2026-02-16 15:49:14,602 : INFO : EventManager : Event: ======'machine_var_audits_missing_switches_s_25_trough_jam'====== Args={'value': 2, 'prev_value': None, 'change': True}
2026-02-16 15:49:14,602 : INFO : EventManager : Event: ======'machine_var_audits_missing_switches_s_26_trough_1'====== Args={'value': 1, 'prev_value': None, 'change': True}
2026-02-16 15:49:14,602 : INFO : EventManager : Event: ======'machine_var_audits_missing_switches_s_28_trough_3'====== Args={'value': 1, 'prev_value': None, 'change': True}
2026-02-16 15:49:14,602 : INFO : EventManager : Event: ======'machine_var_audits_missing_switches_s_29_trough_4'====== Args={'value': 1, 'prev_value': None, 'change': True}
2026-02-16 15:49:14,603 : INFO : EventManager : Event: ======'machine_var_audits_missing_switches_s_2_service_down'====== Args={'value': 46, 'prev_value': None, 'change': True}
2026-02-16 15:49:14,603 : INFO : EventManager : Event: ======'machine_var_audits_missing_switches_s_32_right_inlane'====== Args={'value': 17, 'prev_value': None, 'change': True}
2026-02-16 15:49:14,603 : INFO : EventManager : Event: ======'machine_var_audits_missing_switches_s_33_right_outlane'====== Args={'value': 24, 'prev_value': None, 'change': True}
2026-02-16 15:49:14,603 : INFO : EventManager : Event: ======'machine_var_audits_missing_switches_s_35_left_inlane'====== Args={'value': 4, 'prev_value': None, 'change': True}
2026-02-16 15:49:14,603 : INFO : EventManager : Event: ======'machine_var_audits_missing_switches_s_38_star_rollover_bottom'====== Args={'value': 59, 'prev_value': None, 'change': True}
2026-02-16 15:49:14,603 : INFO : EventManager : Event: ======'machine_var_audits_missing_switches_s_38_top_lane_a'====== Args={'value': 3, 'prev_value': None, 'change': True}
2026-02-16 15:49:14,603 : INFO : EventManager : Event: ======'machine_var_audits_missing_switches_s_39_star_rollover_top'====== Args={'value': 4, 'prev_value': None, 'change': True}
2026-02-16 15:49:14,603 : INFO : EventManager : Event: ======'machine_var_audits_missing_switches_s_39_top_lane_b'====== Args={'value': 3, 'prev_value': None, 'change': True}
2026-02-16 15:49:14,603 : INFO : EventManager : Event: ======'machine_var_audits_missing_switches_s_3_service_enter'====== Args={'value': 46, 'prev_value': None, 'change': True}
2026-02-16 15:49:14,604 : INFO : EventManager : Event: ======'machine_var_audits_missing_switches_s_40_top_lane_c'====== Args={'value': 3, 'prev_value': None, 'change': True}
2026-02-16 15:49:14,604 : INFO : EventManager : Event: ======'machine_var_audits_missing_switches_s_41_pop_bumper_1'====== Args={'value': 2, 'prev_value': None, 'change': True}
2026-02-16 15:49:14,604 : INFO : EventManager : Event: ======'machine_var_audits_missing_switches_s_42_pop_bumper_2'====== Args={'value': 3, 'prev_value': None, 'change': True}
2026-02-16 15:49:14,604 : INFO : EventManager : Event: ======'machine_var_audits_missing_switches_s_44_spinner_left'====== Args={'value': 1, 'prev_value': None, 'change': True}
2026-02-16 15:49:14,604 : INFO : EventManager : Event: ======'machine_var_audits_missing_switches_s_45_spinner_right'====== Args={'value': 3, 'prev_value': None, 'change': True}
2026-02-16 15:49:14,604 : INFO : EventManager : Event: ======'machine_var_audits_missing_switches_s_45_varitarget_poisition_1'====== Args={'value': 3, 'prev_value': None, 'change': True}
2026-02-16 15:49:14,604 : INFO : EventManager : Event: ======'machine_var_audits_missing_switches_s_46_varitarget_poisition_2'====== Args={'value': 3, 'prev_value': None, 'change': True}
2026-02-16 15:49:14,604 : INFO : EventManager : Event: ======'machine_var_audits_missing_switches_s_47_varitarget_poisition_3'====== Args={'value': 3, 'prev_value': None, 'change': True}
2026-02-16 15:49:14,604 : INFO : EventManager : Event: ======'machine_var_audits_missing_switches_s_48_varitarget_poisition_4'====== Args={'value': 3, 'prev_value': None, 'change': True}
2026-02-16 15:49:14,605 : INFO : EventManager : Event: ======'machine_var_audits_missing_switches_s_49_varitarget_poisition_5'====== Args={'value': 3, 'prev_value': None, 'change': True}
2026-02-16 15:49:14,605 : INFO : EventManager : Event: ======'machine_var_audits_missing_switches_s_50_saucer_left'====== Args={'value': 3, 'prev_value': None, 'change': True}
2026-02-16 15:49:14,605 : INFO : EventManager : Event: ======'machine_var_audits_missing_switches_s_51_saucer_right'====== Args={'value': 2, 'prev_value': None, 'change': True}
2026-02-16 15:49:14,605 : INFO : EventManager : Event: ======'machine_var_audits_missing_switches_s_52_star_rollover_top'====== Args={'value': 3, 'prev_value': None, 'change': True}
2026-02-16 15:49:14,605 : INFO : EventManager : Event: ======'machine_var_audits_missing_switches_s_53_star_rollover_bottom'====== Args={'value': 3, 'prev_value': None, 'change': True}
2026-02-16 15:49:14,605 : INFO : EventManager : Event: ======'machine_var_audits_missing_switches_s_54_single_drop_1'====== Args={'value': 3, 'prev_value': None, 'change': True}
2026-02-16 15:49:14,605 : INFO : EventManager : Event: ======'machine_var_audits_missing_switches_s_55_fourbank_drop_1'====== Args={'value': 3, 'prev_value': None, 'change': True}
2026-02-16 15:49:14,605 : INFO : EventManager : Event: ======'machine_var_audits_missing_switches_s_56_fourbank_drop_2'====== Args={'value': 3, 'prev_value': None, 'change': True}
2026-02-16 15:49:14,605 : INFO : EventManager : Event: ======'machine_var_audits_missing_switches_s_57_fourbank_drop_3'====== Args={'value': 2, 'prev_value': None, 'change': True}
2026-02-16 15:49:14,605 : INFO : EventManager : Event: ======'machine_var_audits_missing_switches_s_58_fourbank_drop_4'====== Args={'value': 2, 'prev_value': None, 'change': True}
2026-02-16 15:49:14,605 : INFO : EventManager : Event: ======'machine_var_audits_missing_switches_s_59_saucer_right'====== Args={'value': 35, 'prev_value': None, 'change': True}
2026-02-16 15:49:14,605 : INFO : EventManager : Event: ======'machine_var_audits_missing_switches_s_59_threebank_drop_1'====== Args={'value': 2, 'prev_value': None, 'change': True}
2026-02-16 15:49:14,605 : INFO : EventManager : Event: ======'machine_var_audits_missing_switches_s_60_threebank_drop_2'====== Args={'value': 2, 'prev_value': None, 'change': True}
2026-02-16 15:49:14,605 : INFO : EventManager : Event: ======'machine_var_audits_missing_switches_s_60_top_lane_c'====== Args={'value': 1, 'prev_value': None, 'change': True}
2026-02-16 15:49:14,606 : INFO : EventManager : Event: ======'machine_var_audits_missing_switches_s_61_threebank_drop_3'====== Args={'value': 3, 'prev_value': None, 'change': True}
2026-02-16 15:49:14,606 : INFO : EventManager : Event: ======'machine_var_audits_missing_switches_s_61_top_lane_b'====== Args={'value': 13, 'prev_value': None, 'change': True}
2026-02-16 15:49:14,606 : INFO : EventManager : Event: ======'machine_var_audits_missing_switches_s_62_stand_up_target_1'====== Args={'value': 3, 'prev_value': None, 'change': True}
2026-02-16 15:49:14,606 : INFO : EventManager : Event: ======'machine_var_audits_missing_switches_s_62_top_lane_a'====== Args={'value': 17, 'prev_value': None, 'change': True}
2026-02-16 15:49:14,606 : INFO : EventManager : Event: ======'machine_var_audits_missing_switches_s_63_stand_up_target_2'====== Args={'value': 2, 'prev_value': None, 'change': True}
2026-02-16 15:49:14,606 : INFO : EventManager : Event: ======'machine_var_audits_missing_switches_s_63_stand_up_target_3'====== Args={'value': 1, 'prev_value': None, 'change': True}
2026-02-16 15:49:14,606 : INFO : EventManager : Event: ======'machine_var_audits_missing_switches_s_64_stand_up_target_3'====== Args={'value': 2, 'prev_value': None, 'change': True}
2026-02-16 15:49:14,606 : INFO : EventManager : Event: ======'machine_var_audits_missing_switches_s_65_stand_up_target_4'====== Args={'value': 3, 'prev_value': None, 'change': True}
2026-02-16 15:49:14,606 : INFO : EventManager : Event: ======'machine_var_audits_missing_switches_s_66_stand_up_target_5'====== Args={'value': 3, 'prev_value': None, 'change': True}
2026-02-16 15:49:14,606 : INFO : EventManager : Event: ======'machine_var_audits_missing_switches_s_67_stand_up_target_6'====== Args={'value': 3, 'prev_value': None, 'change': True}
2026-02-16 15:49:14,606 : INFO : EventManager : Event: ======'machine_var_audits_missing_switches_s_67_varitarget_poisition_4'====== Args={'value': 37, 'prev_value': None, 'change': True}
2026-02-16 15:49:14,606 : INFO : EventManager : Event: ======'machine_var_audits_missing_switches_s_68_stand_up_target_7'====== Args={'value': 2, 'prev_value': None, 'change': True}
2026-02-16 15:49:14,606 : INFO : EventManager : Event: ======'machine_var_audits_missing_switches_s_68_varitarget_poisition_5'====== Args={'value': 37, 'prev_value': None, 'change': True}
2026-02-16 15:49:14,606 : INFO : EventManager : Event: ======'machine_var_audits_missing_switches_s_69_stand_up_target_8'====== Args={'value': 1, 'prev_value': None, 'change': True}
2026-02-16 15:49:14,607 : INFO : EventManager : Event: ======'machine_var_audits_missing_switches_s_69_varitarget_poisition_6'====== Args={'value': 37, 'prev_value': None, 'change': True}
2026-02-16 15:49:14,607 : INFO : EventManager : Event: ======'machine_var_audits_missing_switches_s_70_stand_up_target_9'====== Args={'value': 3, 'prev_value': None, 'change': True}
2026-02-16 15:49:14,607 : INFO : EventManager : Event: ======'machine_var_audits_missing_switches_s_70_varitarget_poisition_7'====== Args={'value': 20, 'prev_value': None, 'change': True}
2026-02-16 15:49:14,607 : INFO : EventManager : Event: ======'machine_var_audits_missing_switches_s_71_spinner_left'====== Args={'value': 7, 'prev_value': None, 'change': True}
2026-02-16 15:49:14,607 : INFO : EventManager : Event: ======'machine_var_audits_missing_switches_s_71_stand_up_target_10'====== Args={'value': 3, 'prev_value': None, 'change': True}
2026-02-16 15:49:14,607 : INFO : EventManager : Event: ======'machine_var_audits_missing_switches_s_72_stand_up_target_11'====== Args={'value': 3, 'prev_value': None, 'change': True}
2026-02-16 15:49:14,607 : INFO : EventManager : Event: ======'machine_var_audits_missing_switches_s_73_fourbank_drop_1'====== Args={'value': 4, 'prev_value': None, 'change': True}
2026-02-16 15:49:14,607 : INFO : EventManager : Event: ======'machine_var_audits_missing_switches_s_74_fourbank_drop_2'====== Args={'value': 4, 'prev_value': None, 'change': True}
2026-02-16 15:49:14,607 : INFO : EventManager : Event: ======'machine_var_audits_missing_switches_s_75_fourbank_drop_3'====== Args={'value': 21, 'prev_value': None, 'change': True}
2026-02-16 15:49:14,607 : INFO : EventManager : Event: ======'machine_var_audits_missing_switches_s_76_fourbank_drop_4'====== Args={'value': 26, 'prev_value': None, 'change': True}
2026-02-16 15:49:14,607 : INFO : EventManager : Event: ======'machine_var_audits_missing_switches_s_77_threebank_drop_1'====== Args={'value': 20, 'prev_value': None, 'change': True}
2026-02-16 15:49:14,607 : INFO : EventManager : Event: ======'machine_var_audits_missing_switches_s_78_threebank_drop_2'====== Args={'value': 4, 'prev_value': None, 'change': True}
2026-02-16 15:49:14,607 : INFO : EventManager : Event: ======'machine_var_audits_missing_switches_s_79_threebank_drop_3'====== Args={'value': 13, 'prev_value': None, 'change': True}
2026-02-16 15:49:14,607 : INFO : EventManager : Event: ======'machine_var_audits_missing_switches_s_80_stand_up_target_2'====== Args={'value': 17, 'prev_value': None, 'change': True}
2026-02-16 15:49:14,608 : INFO : EventManager : Event: ======'machine_var_audits_missing_switches_s_81_saucer_left'====== Args={'value': 49, 'prev_value': None, 'change': True}
2026-02-16 15:49:14,608 : INFO : EventManager : Event: ======'machine_var_audits_missing_switches_s_82_stand_up_target_bank_1'====== Args={'value': 23, 'prev_value': None, 'change': True}
2026-02-16 15:49:14,608 : INFO : EventManager : Event: ======'machine_var_audits_missing_switches_s_83_stand_up_target_bank_2'====== Args={'value': 8, 'prev_value': None, 'change': True}
2026-02-16 15:49:14,608 : INFO : EventManager : Event: ======'machine_var_audits_missing_switches_s_84_stand_up_target_bank_3'====== Args={'value': 22, 'prev_value': None, 'change': True}
2026-02-16 15:49:14,608 : INFO : EventManager : Event: ======'machine_var_audits_missing_switches_s_85_stand_up_target_bank_4'====== Args={'value': 17, 'prev_value': None, 'change': True}
2026-02-16 15:49:14,608 : INFO : EventManager : Event: ======'machine_var_audits_missing_switches_s_86_stand_up_target_bank_5'====== Args={'value': 17, 'prev_value': None, 'change': True}
2026-02-16 15:49:14,608 : INFO : EventManager : Event: ======'machine_var_audits_missing_switches_s_87_stand_up_target_bank_6'====== Args={'value': 23, 'prev_value': None, 'change': True}
2026-02-16 15:49:14,608 : INFO : EventManager : Event: ======'machine_var_audits_missing_switches_s_8_left_flipper'====== Args={'value': 19, 'prev_value': None, 'change': True}
2026-02-16 15:49:14,608 : INFO : EventManager : Event: ======'machine_var_audits_player_score'====== Args={'value': {'average': 0, 'top': [0, 0, 0, 0, 0, 0, 0, 0, 0, 0], 'total': 10}, 'prev_value': None, 'change': True}
2026-02-16 15:49:14,608 : INFO : EventManager : Event: ======'machine_var_audits_switches_s_00_service_esc'====== Args={'value': 0, 'prev_value': None, 'change': True}
2026-02-16 15:49:14,608 : INFO : EventManager : Event: ======'machine_var_audits_switches_s_01_service_up'====== Args={'value': 0, 'prev_value': None, 'change': True}
2026-02-16 15:49:14,608 : INFO : EventManager : Event: ======'machine_var_audits_switches_s_02_service_down'====== Args={'value': 0, 'prev_value': None, 'change': True}
2026-02-16 15:49:14,608 : INFO : EventManager : Event: ======'machine_var_audits_switches_s_03_service_enter'====== Args={'value': 0, 'prev_value': None, 'change': True}
2026-02-16 15:49:14,608 : INFO : EventManager : Event: ======'machine_var_audits_switches_s_08_left_flipper'====== Args={'value': 35, 'prev_value': None, 'change': True}
2026-02-16 15:49:14,609 : INFO : EventManager : Event: ======'machine_var_audits_switches_s_0_service_esc'====== Args={'value': 0, 'prev_value': None, 'change': True}
2026-02-16 15:49:14,609 : INFO : EventManager : Event: ======'machine_var_audits_switches_s_11_start_button'====== Args={'value': 23, 'prev_value': None, 'change': True}
2026-02-16 15:49:14,609 : INFO : EventManager : Event: ======'machine_var_audits_switches_s_12_tilt_bob'====== Args={'value': 0, 'prev_value': None, 'change': True}
2026-02-16 15:49:14,609 : INFO : EventManager : Event: ======'machine_var_audits_switches_s_13_coin_door'====== Args={'value': 0, 'prev_value': None, 'change': True}
2026-02-16 15:49:14,609 : INFO : EventManager : Event: ======'machine_var_audits_switches_s_16_right_flipper'====== Args={'value': 641, 'prev_value': None, 'change': True}
2026-02-16 15:49:14,609 : INFO : EventManager : Event: ======'machine_var_audits_switches_s_17_right_flipper_upper'====== Args={'value': 537, 'prev_value': None, 'change': True}
2026-02-16 15:49:14,609 : INFO : EventManager : Event: ======'machine_var_audits_switches_s_19_cab_arrow_left'====== Args={'value': 0, 'prev_value': None, 'change': True}
2026-02-16 15:49:14,609 : INFO : EventManager : Event: ======'machine_var_audits_switches_s_1_service_up'====== Args={'value': 0, 'prev_value': None, 'change': True}
2026-02-16 15:49:14,609 : INFO : EventManager : Event: ======'machine_var_audits_switches_s_20_cab_arrow_right'====== Args={'value': 0, 'prev_value': None, 'change': True}
2026-02-16 15:49:14,609 : INFO : EventManager : Event: ======'machine_var_audits_switches_s_24_plunger_lane'====== Args={'value': 19, 'prev_value': None, 'change': True}
2026-02-16 15:49:14,609 : INFO : EventManager : Event: ======'machine_var_audits_switches_s_24_trough_1'====== Args={'value': 59, 'prev_value': None, 'change': True}
2026-02-16 15:49:14,609 : INFO : EventManager : Event: ======'machine_var_audits_switches_s_25_trough_2'====== Args={'value': 51, 'prev_value': None, 'change': True}
2026-02-16 15:49:14,609 : INFO : EventManager : Event: ======'machine_var_audits_switches_s_25_trough_jam'====== Args={'value': 3, 'prev_value': None, 'change': True}
2026-02-16 15:49:14,609 : INFO : EventManager : Event: ======'machine_var_audits_switches_s_26_trough_1'====== Args={'value': 21, 'prev_value': None, 'change': True}
2026-02-16 15:49:14,610 : INFO : EventManager : Event: ======'machine_var_audits_switches_s_26_trough_3'====== Args={'value': 48, 'prev_value': None, 'change': True}
2026-02-16 15:49:14,610 : INFO : EventManager : Event: ======'machine_var_audits_switches_s_27_trough_2'====== Args={'value': 19, 'prev_value': None, 'change': True}
2026-02-16 15:49:14,610 : INFO : EventManager : Event: ======'machine_var_audits_switches_s_27_trough_4'====== Args={'value': 40, 'prev_value': None, 'change': True}
2026-02-16 15:49:14,610 : INFO : EventManager : Event: ======'machine_var_audits_switches_s_28_trough_3'====== Args={'value': 2, 'prev_value': None, 'change': True}
2026-02-16 15:49:14,610 : INFO : EventManager : Event: ======'machine_var_audits_switches_s_28_trough_5'====== Args={'value': 42, 'prev_value': None, 'change': True}
2026-02-16 15:49:14,610 : INFO : EventManager : Event: ======'machine_var_audits_switches_s_29_trough_4'====== Args={'value': 2, 'prev_value': None, 'change': True}
2026-02-16 15:49:14,610 : INFO : EventManager : Event: ======'machine_var_audits_switches_s_29_trough_6'====== Args={'value': 60, 'prev_value': None, 'change': True}
2026-02-16 15:49:14,611 : INFO : EventManager : Event: ======'machine_var_audits_switches_s_2_service_down'====== Args={'value': 0, 'prev_value': None, 'change': True}
2026-02-16 15:49:14,611 : INFO : EventManager : Event: ======'machine_var_audits_switches_s_30_trough_jam'====== Args={'value': 94, 'prev_value': None, 'change': True}
2026-02-16 15:49:14,611 : INFO : EventManager : Event: ======'machine_var_audits_switches_s_31_plunger_lane'====== Args={'value': 96, 'prev_value': None, 'change': True}
2026-02-16 15:49:14,611 : INFO : EventManager : Event: ======'machine_var_audits_switches_s_32_right_inlane'====== Args={'value': 13, 'prev_value': None, 'change': True}
2026-02-16 15:49:14,611 : INFO : EventManager : Event: ======'machine_var_audits_switches_s_33_right_outlane'====== Args={'value': 1, 'prev_value': None, 'change': True}
2026-02-16 15:49:14,611 : INFO : EventManager : Event: ======'machine_var_audits_switches_s_34_right_sling'====== Args={'value': 634, 'prev_value': None, 'change': True}
2026-02-16 15:49:14,611 : INFO : EventManager : Event: ======'machine_var_audits_switches_s_35_left_inlane'====== Args={'value': 46, 'prev_value': None, 'change': True}
2026-02-16 15:49:14,611 : INFO : EventManager : Event: ======'machine_var_audits_switches_s_36_left_outlane'====== Args={'value': 269, 'prev_value': None, 'change': True}
2026-02-16 15:49:14,611 : INFO : EventManager : Event: ======'machine_var_audits_switches_s_37_left_sling'====== Args={'value': 176, 'prev_value': None, 'change': True}
2026-02-16 15:49:14,611 : INFO : EventManager : Event: ======'machine_var_audits_switches_s_38_star_rollover_bottom'====== Args={'value': 0, 'prev_value': None, 'change': True}
2026-02-16 15:49:14,611 : INFO : EventManager : Event: ======'machine_var_audits_switches_s_38_top_lane_a'====== Args={'value': 0, 'prev_value': None, 'change': True}
2026-02-16 15:49:14,611 : INFO : EventManager : Event: ======'machine_var_audits_switches_s_39_star_rollover_top'====== Args={'value': 13, 'prev_value': None, 'change': True}
2026-02-16 15:49:14,611 : INFO : EventManager : Event: ======'machine_var_audits_switches_s_39_top_lane_b'====== Args={'value': 0, 'prev_value': None, 'change': True}
2026-02-16 15:49:14,611 : INFO : EventManager : Event: ======'machine_var_audits_switches_s_3_service_enter'====== Args={'value': 0, 'prev_value': None, 'change': True}
2026-02-16 15:49:14,612 : INFO : EventManager : Event: ======'machine_var_audits_switches_s_40_stand_up_target_5'====== Args={'value': 2, 'prev_value': None, 'change': True}
2026-02-16 15:49:14,612 : INFO : EventManager : Event: ======'machine_var_audits_switches_s_40_stand_up_target_7'====== Args={'value': 26, 'prev_value': None, 'change': True}
2026-02-16 15:49:14,612 : INFO : EventManager : Event: ======'machine_var_audits_switches_s_40_top_lane_c'====== Args={'value': 0, 'prev_value': None, 'change': True}
2026-02-16 15:49:14,612 : INFO : EventManager : Event: ======'machine_var_audits_switches_s_41_pop_bumper_1'====== Args={'value': 1, 'prev_value': None, 'change': True}
2026-02-16 15:49:14,612 : INFO : EventManager : Event: ======'machine_var_audits_switches_s_41_stand_up_target_6'====== Args={'value': 7, 'prev_value': None, 'change': True}
2026-02-16 15:49:14,612 : INFO : EventManager : Event: ======'machine_var_audits_switches_s_41_stand_up_target_8'====== Args={'value': 32, 'prev_value': None, 'change': True}
2026-02-16 15:49:14,612 : INFO : EventManager : Event: ======'machine_var_audits_switches_s_42_pop_bumper_2'====== Args={'value': 0, 'prev_value': None, 'change': True}
2026-02-16 15:49:14,612 : INFO : EventManager : Event: ======'machine_var_audits_switches_s_42_stand_up_target_1'====== Args={'value': 4, 'prev_value': None, 'change': True}
2026-02-16 15:49:14,612 : INFO : EventManager : Event: ======'machine_var_audits_switches_s_42_stand_up_target_9'====== Args={'value': 69, 'prev_value': None, 'change': True}
2026-02-16 15:49:14,612 : INFO : EventManager : Event: ======'machine_var_audits_switches_s_43_pop_bumper_3'====== Args={'value': 16, 'prev_value': None, 'change': True}
2026-02-16 15:49:14,612 : INFO : EventManager : Event: ======'machine_var_audits_switches_s_43_stand_up_target_10'====== Args={'value': 40, 'prev_value': None, 'change': True}
2026-02-16 15:49:14,612 : INFO : EventManager : Event: ======'machine_var_audits_switches_s_43_stand_up_target_4'====== Args={'value': 2, 'prev_value': None, 'change': True}
2026-02-16 15:49:14,612 : INFO : EventManager : Event: ======'machine_var_audits_switches_s_44_spinner_left'====== Args={'value': 8, 'prev_value': None, 'change': True}
2026-02-16 15:49:14,613 : INFO : EventManager : Event: ======'machine_var_audits_switches_s_44_spinner_right'====== Args={'value': 185, 'prev_value': None, 'change': True}
2026-02-16 15:49:14,613 : INFO : EventManager : Event: ======'machine_var_audits_switches_s_45_spinner_right'====== Args={'value': 0, 'prev_value': None, 'change': True}
2026-02-16 15:49:14,613 : INFO : EventManager : Event: ======'machine_var_audits_switches_s_45_varitarget_poisition_1'====== Args={'value': 0, 'prev_value': None, 'change': True}
2026-02-16 15:49:14,613 : INFO : EventManager : Event: ======'machine_var_audits_switches_s_46_varitarget_poisition_2'====== Args={'value': 0, 'prev_value': None, 'change': True}
2026-02-16 15:49:14,613 : INFO : EventManager : Event: ======'machine_var_audits_switches_s_47_varitarget_poisition_3'====== Args={'value': 0, 'prev_value': None, 'change': True}
2026-02-16 15:49:14,613 : INFO : EventManager : Event: ======'machine_var_audits_switches_s_48_varitarget_poisition_4'====== Args={'value': 0, 'prev_value': None, 'change': True}
2026-02-16 15:49:14,613 : INFO : EventManager : Event: ======'machine_var_audits_switches_s_49_varitarget_poisition_5'====== Args={'value': 0, 'prev_value': None, 'change': True}
2026-02-16 15:49:14,613 : INFO : EventManager : Event: ======'machine_var_audits_switches_s_50_saucer_left'====== Args={'value': 0, 'prev_value': None, 'change': True}
2026-02-16 15:49:14,613 : INFO : EventManager : Event: ======'machine_var_audits_switches_s_51_saucer_right'====== Args={'value': 2, 'prev_value': None, 'change': True}
2026-02-16 15:49:14,613 : INFO : EventManager : Event: ======'machine_var_audits_switches_s_52_star_rollover_top'====== Args={'value': 0, 'prev_value': None, 'change': True}
2026-02-16 15:49:14,613 : INFO : EventManager : Event: ======'machine_var_audits_switches_s_53_star_rollover_bottom'====== Args={'value': 0, 'prev_value': None, 'change': True}
2026-02-16 15:49:14,613 : INFO : EventManager : Event: ======'machine_var_audits_switches_s_54_single_drop_1'====== Args={'value': 0, 'prev_value': None, 'change': True}
2026-02-16 15:49:14,613 : INFO : EventManager : Event: ======'machine_var_audits_switches_s_55_fourbank_drop_1'====== Args={'value': 0, 'prev_value': None, 'change': True}
2026-02-16 15:49:14,614 : INFO : EventManager : Event: ======'machine_var_audits_switches_s_56_fourbank_drop_2'====== Args={'value': 0, 'prev_value': None, 'change': True}
2026-02-16 15:49:14,614 : INFO : EventManager : Event: ======'machine_var_audits_switches_s_56_pop_bumper_right'====== Args={'value': 64, 'prev_value': None, 'change': True}
2026-02-16 15:49:14,614 : INFO : EventManager : Event: ======'machine_var_audits_switches_s_57_fourbank_drop_3'====== Args={'value': 1, 'prev_value': None, 'change': True}
2026-02-16 15:49:14,614 : INFO : EventManager : Event: ======'machine_var_audits_switches_s_57_pop_bumper_center'====== Args={'value': 171, 'prev_value': None, 'change': True}
2026-02-16 15:49:14,614 : INFO : EventManager : Event: ======'machine_var_audits_switches_s_58_fourbank_drop_4'====== Args={'value': 1, 'prev_value': None, 'change': True}
2026-02-16 15:49:14,614 : INFO : EventManager : Event: ======'machine_var_audits_switches_s_58_pop_bumper_left'====== Args={'value': 114, 'prev_value': None, 'change': True}
2026-02-16 15:49:14,614 : INFO : EventManager : Event: ======'machine_var_audits_switches_s_59_saucer_right'====== Args={'value': 7, 'prev_value': None, 'change': True}
2026-02-16 15:49:14,614 : INFO : EventManager : Event: ======'machine_var_audits_switches_s_59_threebank_drop_1'====== Args={'value': 1, 'prev_value': None, 'change': True}
2026-02-16 15:49:14,614 : INFO : EventManager : Event: ======'machine_var_audits_switches_s_60_threebank_drop_2'====== Args={'value': 1, 'prev_value': None, 'change': True}
2026-02-16 15:49:14,614 : INFO : EventManager : Event: ======'machine_var_audits_switches_s_60_top_lane_c'====== Args={'value': 69, 'prev_value': None, 'change': True}
2026-02-16 15:49:14,614 : INFO : EventManager : Event: ======'machine_var_audits_switches_s_61_threebank_drop_3'====== Args={'value': 0, 'prev_value': None, 'change': True}
2026-02-16 15:49:14,614 : INFO : EventManager : Event: ======'machine_var_audits_switches_s_61_top_lane_b'====== Args={'value': 31, 'prev_value': None, 'change': True}
2026-02-16 15:49:14,614 : INFO : EventManager : Event: ======'machine_var_audits_switches_s_62_stand_up_target_1'====== Args={'value': 0, 'prev_value': None, 'change': True}
2026-02-16 15:49:14,615 : INFO : EventManager : Event: ======'machine_var_audits_switches_s_62_top_lane_a'====== Args={'value': 124, 'prev_value': None, 'change': True}
2026-02-16 15:49:14,615 : INFO : EventManager : Event: ======'machine_var_audits_switches_s_63_stand_up_target_11'====== Args={'value': 43, 'prev_value': None, 'change': True}
2026-02-16 15:49:14,615 : INFO : EventManager : Event: ======'machine_var_audits_switches_s_63_stand_up_target_2'====== Args={'value': 1, 'prev_value': None, 'change': True}
2026-02-16 15:49:14,615 : INFO : EventManager : Event: ======'machine_var_audits_switches_s_63_stand_up_target_3'====== Args={'value': 9, 'prev_value': None, 'change': True}
2026-02-16 15:49:14,615 : INFO : EventManager : Event: ======'machine_var_audits_switches_s_64_stand_up_target_3'====== Args={'value': 1, 'prev_value': None, 'change': True}
2026-02-16 15:49:14,615 : INFO : EventManager : Event: ======'machine_var_audits_switches_s_64_varitarget_poisition_1'====== Args={'value': 954, 'prev_value': None, 'change': True}
2026-02-16 15:49:14,615 : INFO : EventManager : Event: ======'machine_var_audits_switches_s_65_stand_up_target_4'====== Args={'value': 0, 'prev_value': None, 'change': True}
2026-02-16 15:49:14,615 : INFO : EventManager : Event: ======'machine_var_audits_switches_s_65_varitarget_poisition_2'====== Args={'value': 14, 'prev_value': None, 'change': True}
2026-02-16 15:49:14,615 : INFO : EventManager : Event: ======'machine_var_audits_switches_s_66_stand_up_target_5'====== Args={'value': 0, 'prev_value': None, 'change': True}
2026-02-16 15:49:14,615 : INFO : EventManager : Event: ======'machine_var_audits_switches_s_66_varitarget_poisition_3'====== Args={'value': 9, 'prev_value': None, 'change': True}
2026-02-16 15:49:14,615 : INFO : EventManager : Event: ======'machine_var_audits_switches_s_67_stand_up_target_6'====== Args={'value': 0, 'prev_value': None, 'change': True}
2026-02-16 15:49:14,615 : INFO : EventManager : Event: ======'machine_var_audits_switches_s_67_varitarget_poisition_4'====== Args={'value': 11, 'prev_value': None, 'change': True}
2026-02-16 15:49:14,616 : INFO : EventManager : Event: ======'machine_var_audits_switches_s_68_stand_up_target_7'====== Args={'value': 1, 'prev_value': None, 'change': True}
2026-02-16 15:49:14,616 : INFO : EventManager : Event: ======'machine_var_audits_switches_s_68_varitarget_poisition_5'====== Args={'value': 5, 'prev_value': None, 'change': True}
2026-02-16 15:49:14,616 : INFO : EventManager : Event: ======'machine_var_audits_switches_s_69_stand_up_target_8'====== Args={'value': 2, 'prev_value': None, 'change': True}
2026-02-16 15:49:14,616 : INFO : EventManager : Event: ======'machine_var_audits_switches_s_69_varitarget_poisition_6'====== Args={'value': 4, 'prev_value': None, 'change': True}
2026-02-16 15:49:14,616 : INFO : EventManager : Event: ======'machine_var_audits_switches_s_70_stand_up_target_9'====== Args={'value': 0, 'prev_value': None, 'change': True}
2026-02-16 15:49:14,616 : INFO : EventManager : Event: ======'machine_var_audits_switches_s_70_varitarget_poisition_7'====== Args={'value': 66, 'prev_value': None, 'change': True}
2026-02-16 15:49:14,616 : INFO : EventManager : Event: ======'machine_var_audits_switches_s_71_spinner_left'====== Args={'value': 2109, 'prev_value': None, 'change': True}
2026-02-16 15:49:14,616 : INFO : EventManager : Event: ======'machine_var_audits_switches_s_71_stand_up_target_10'====== Args={'value': 0, 'prev_value': None, 'change': True}
2026-02-16 15:49:14,616 : INFO : EventManager : Event: ======'machine_var_audits_switches_s_72_single_drop_1'====== Args={'value': 44, 'prev_value': None, 'change': True}
2026-02-16 15:49:14,616 : INFO : EventManager : Event: ======'machine_var_audits_switches_s_72_stand_up_target_11'====== Args={'value': 0, 'prev_value': None, 'change': True}
2026-02-16 15:49:14,616 : INFO : EventManager : Event: ======'machine_var_audits_switches_s_73_fourbank_drop_1'====== Args={'value': 253, 'prev_value': None, 'change': True}
2026-02-16 15:49:14,616 : INFO : EventManager : Event: ======'machine_var_audits_switches_s_74_fourbank_drop_2'====== Args={'value': 96, 'prev_value': None, 'change': True}
2026-02-16 15:49:14,616 : INFO : EventManager : Event: ======'machine_var_audits_switches_s_75_fourbank_drop_3'====== Args={'value': 99, 'prev_value': None, 'change': True}
2026-02-16 15:49:14,617 : INFO : EventManager : Event: ======'machine_var_audits_switches_s_76_fourbank_drop_4'====== Args={'value': 3, 'prev_value': None, 'change': True}
2026-02-16 15:49:14,617 : INFO : EventManager : Event: ======'machine_var_audits_switches_s_77_threebank_drop_1'====== Args={'value': 93, 'prev_value': None, 'change': True}
2026-02-16 15:49:14,617 : INFO : EventManager : Event: ======'machine_var_audits_switches_s_78_threebank_drop_2'====== Args={'value': 1275, 'prev_value': None, 'change': True}
2026-02-16 15:49:14,617 : INFO : EventManager : Event: ======'machine_var_audits_switches_s_79_threebank_drop_3'====== Args={'value': 307, 'prev_value': None, 'change': True}
2026-02-16 15:49:14,617 : INFO : EventManager : Event: ======'machine_var_audits_switches_s_80_stand_up_target_1'====== Args={'value': 72, 'prev_value': None, 'change': True}
2026-02-16 15:49:14,617 : INFO : EventManager : Event: ======'machine_var_audits_switches_s_80_stand_up_target_2'====== Args={'value': 0, 'prev_value': None, 'change': True}
2026-02-16 15:49:14,617 : INFO : EventManager : Event: ======'machine_var_audits_switches_s_81_saucer_left'====== Args={'value': 13, 'prev_value': None, 'change': True}
2026-02-16 15:49:14,617 : INFO : EventManager : Event: ======'machine_var_audits_switches_s_82_stand_up_target_bank_1'====== Args={'value': 25, 'prev_value': None, 'change': True}
2026-02-16 15:49:14,617 : INFO : EventManager : Event: ======'machine_var_audits_switches_s_83_stand_up_target_bank_2'====== Args={'value': 56, 'prev_value': None, 'change': True}
2026-02-16 15:49:14,617 : INFO : EventManager : Event: ======'machine_var_audits_switches_s_84_stand_up_target_bank_3'====== Args={'value': 41, 'prev_value': None, 'change': True}
2026-02-16 15:49:14,617 : INFO : EventManager : Event: ======'machine_var_audits_switches_s_85_stand_up_target_bank_4'====== Args={'value': 56, 'prev_value': None, 'change': True}
2026-02-16 15:49:14,617 : INFO : EventManager : Event: ======'machine_var_audits_switches_s_86_stand_up_target_bank_5'====== Args={'value': 215, 'prev_value': None, 'change': True}
2026-02-16 15:49:14,618 : INFO : EventManager : Event: ======'machine_var_audits_switches_s_87_stand_up_target_bank_6'====== Args={'value': 142, 'prev_value': None, 'change': True}
2026-02-16 15:49:14,618 : INFO : EventManager : Event: ======'machine_var_audits_switches_s_8_left_flipper'====== Args={'value': 455, 'prev_value': None, 'change': True}
2026-02-16 15:49:14,618 : INFO : EventManager : Event: ======'init_phase_5'====== Args={}
2026-02-16 15:49:14,664 : INFO : EventManager : Event: ======'init_done'====== Args={}
2026-02-16 15:49:14,664 : INFO : EventManager : Event: ======'machine_reset_phase_1'====== Args={}
2026-02-16 15:49:14,675 : INFO : EventManager : Event: ======'machine_reset_phase_2'====== Args={}
2026-02-16 15:49:14,675 : INFO : EventManager : Event: ======'machine_reset_phase_3'====== Args={}
2026-02-16 15:49:14,676 : INFO : drop_target_bank.dt_bank_1_4 : All targets are already up. Will not reset bank.
2026-02-16 15:49:14,676 : INFO : drop_target_bank.dt_bank_5_7 : All targets are already up. Will not reset bank.
2026-02-16 15:49:14,676 : INFO : EventManager : Event: ======'reset_complete'====== Args={}
2026-02-16 15:49:14,676 : INFO : EventManager : Event: ======'mode_attract_will_start'====== Args={}
2026-02-16 15:49:14,676 : INFO : Timer.attract_carousel_timer : Starting Timer.
2026-02-16 15:49:14,677 : INFO : EventManager : Event: ======'timer_attract_carousel_timer_started'====== Args={'ticks': 0, 'ticks_remaining': 1}
2026-02-16 15:49:14,677 : INFO : EventManager : Event: ======'timer_attract_carousel_timer_tick'====== Args={'ticks': 0, 'ticks_remaining': 1}
2026-02-16 15:49:14,677 : INFO : EventManager : Event: ======'mode_attract_starting'====== Args={}
2026-02-16 15:49:14,677 : INFO : Mode.attract : Started. Priority: 10
2026-02-16 15:49:14,677 : INFO : EventManager : Event: ======'modes_active_modes_changed'====== Args={}
2026-02-16 15:49:14,677 : INFO : EventManager : Event: ======'mode_attract_started'====== Args={}
2026-02-16 15:49:14,678 : INFO : EventManager : Event: ======'carousel_item_highlighted'====== Args={'carousel': 'attract', 'direction': None, 'item': 'title'}
2026-02-16 15:49:14,678 : INFO : EventManager : Event: ======'timer_attract_carousel_timer_tick'====== Args={'ticks': 0, 'ticks_remaining': 1}
2026-02-16 15:49:14,704 : INFO : Machine : Starting the main run loop with active modes: [<Mode.attract>]
2026-02-16 15:49:14,709 : INFO : EventManager : Event: ======'slide_attract_created'====== Args={'_from_bcp': True}
2026-02-16 15:49:14,709 : INFO : EventManager : Event: ======'slide__removed'====== Args={'_from_bcp': True}
2026-02-16 15:49:14,710 : INFO : EventManager : Event: ======'slide_attract_active'====== Args={'original_context': 'attract', 'original_calling_context': 'mode_attract_started', 'priority': 10.0, 'cmd': 'slides_play', '_from_bcp': True}
2026-02-16 15:49:19,690 : INFO : Timer.attract_carousel_timer : Timer Complete
2026-02-16 15:49:19,690 : INFO : Timer.attract_carousel_timer : Stopping Timer
2026-02-16 15:49:19,690 : INFO : EventManager : Event: ======'timer_attract_carousel_timer_stopped'====== Args={'ticks': 1, 'ticks_remaining': 1}
2026-02-16 15:49:19,690 : INFO : EventManager : Event: ======'timer_attract_carousel_timer_complete'====== Args={'ticks': 1, 'ticks_remaining': 1}
2026-02-16 15:49:19,690 : INFO : EventManager : Event: ======'carousel_item_highlighted'====== Args={'carousel': 'attract', 'direction': 'forwards', 'item': 'credits'}
2026-02-16 15:49:19,690 : INFO : Timer.attract_carousel_timer : Starting Timer.
2026-02-16 15:49:19,690 : INFO : EventManager : Event: ======'timer_attract_carousel_timer_started'====== Args={'ticks': 0, 'ticks_remaining': 1}
2026-02-16 15:49:19,690 : INFO : EventManager : Event: ======'timer_attract_carousel_timer_tick'====== Args={'ticks': 0, 'ticks_remaining': 1}
2026-02-16 15:49:21,021 : INFO : SwitchController : <<<<<<< 's_16_right_flipper' active >>>>>>>
2026-02-16 15:49:21,021 : INFO : EventManager : Event: ======'s_16_right_flipper_active'====== Args={}
2026-02-16 15:49:21,022 : INFO : EventManager : Event: ======'carousel_item_highlighted'====== Args={'carousel': 'attract', 'direction': 'forwards', 'item': 'mpf_logo'}
2026-02-16 15:49:21,022 : INFO : EventManager : Event: ======'timer_attract_carousel_timer_tick'====== Args={'ticks': 0, 'ticks_remaining': 1}
2026-02-16 15:49:21,104 : INFO : SwitchController : <<<<<<< 's_16_right_flipper' inactive >>>>>>>
2026-02-16 15:49:21,237 : INFO : SwitchController : <<<<<<< 's_16_right_flipper' active >>>>>>>
2026-02-16 15:49:21,237 : INFO : EventManager : Event: ======'s_16_right_flipper_active'====== Args={}
2026-02-16 15:49:21,238 : INFO : EventManager : Event: ======'carousel_item_highlighted'====== Args={'carousel': 'attract', 'direction': 'forwards', 'item': 'title'}
2026-02-16 15:49:21,238 : INFO : EventManager : Event: ======'timer_attract_carousel_timer_tick'====== Args={'ticks': 0, 'ticks_remaining': 1}
2026-02-16 15:49:21,321 : INFO : SwitchController : <<<<<<< 's_16_right_flipper' inactive >>>>>>>
2026-02-16 15:49:21,437 : INFO : SwitchController : <<<<<<< 's_16_right_flipper' active >>>>>>>
2026-02-16 15:49:21,437 : INFO : EventManager : Event: ======'s_16_right_flipper_active'====== Args={}
2026-02-16 15:49:21,437 : INFO : EventManager : Event: ======'carousel_item_highlighted'====== Args={'carousel': 'attract', 'direction': 'forwards', 'item': 'credits'}
2026-02-16 15:49:21,438 : INFO : EventManager : Event: ======'timer_attract_carousel_timer_tick'====== Args={'ticks': 0, 'ticks_remaining': 1}
2026-02-16 15:49:21,521 : INFO : SwitchController : <<<<<<< 's_16_right_flipper' inactive >>>>>>>
2026-02-16 15:49:21,954 : INFO : SwitchController : <<<<<<< 's_08_left_flipper' active >>>>>>>
2026-02-16 15:49:21,954 : INFO : EventManager : Event: ======'s_08_left_flipper_active'====== Args={}
2026-02-16 15:49:21,954 : INFO : EventManager : Event: ======'carousel_item_highlighted'====== Args={'carousel': 'attract', 'direction': 'backwards', 'item': 'title'}
2026-02-16 15:49:21,954 : INFO : EventManager : Event: ======'timer_attract_carousel_timer_tick'====== Args={'ticks': 0, 'ticks_remaining': 1}
2026-02-16 15:49:22,071 : INFO : SwitchController : <<<<<<< 's_08_left_flipper' inactive >>>>>>>
2026-02-16 15:49:22,204 : INFO : SwitchController : <<<<<<< 's_08_left_flipper' active >>>>>>>
2026-02-16 15:49:22,204 : INFO : EventManager : Event: ======'s_08_left_flipper_active'====== Args={}
2026-02-16 15:49:22,204 : INFO : EventManager : Event: ======'carousel_item_highlighted'====== Args={'carousel': 'attract', 'direction': 'backwards', 'item': 'mpf_logo'}
2026-02-16 15:49:22,204 : INFO : EventManager : Event: ======'timer_attract_carousel_timer_tick'====== Args={'ticks': 0, 'ticks_remaining': 1}
2026-02-16 15:49:22,271 : INFO : SwitchController : <<<<<<< 's_08_left_flipper' inactive >>>>>>>
2026-02-16 15:49:22,354 : INFO : SwitchController : <<<<<<< 's_08_left_flipper' active >>>>>>>
2026-02-16 15:49:22,354 : INFO : EventManager : Event: ======'s_08_left_flipper_active'====== Args={}
2026-02-16 15:49:22,354 : INFO : EventManager : Event: ======'carousel_item_highlighted'====== Args={'carousel': 'attract', 'direction': 'backwards', 'item': 'credits'}
2026-02-16 15:49:22,355 : INFO : EventManager : Event: ======'timer_attract_carousel_timer_tick'====== Args={'ticks': 0, 'ticks_remaining': 1}
2026-02-16 15:49:22,421 : INFO : SwitchController : <<<<<<< 's_08_left_flipper' inactive >>>>>>>
2026-02-16 15:49:22,537 : INFO : SwitchController : <<<<<<< 's_08_left_flipper' active >>>>>>>
2026-02-16 15:49:22,537 : INFO : EventManager : Event: ======'s_08_left_flipper_active'====== Args={}
2026-02-16 15:49:22,538 : INFO : EventManager : Event: ======'carousel_item_highlighted'====== Args={'carousel': 'attract', 'direction': 'backwards', 'item': 'title'}
2026-02-16 15:49:22,538 : INFO : EventManager : Event: ======'timer_attract_carousel_timer_tick'====== Args={'ticks': 0, 'ticks_remaining': 1}
2026-02-16 15:49:22,571 : INFO : SwitchController : <<<<<<< 's_08_left_flipper' inactive >>>>>>>
2026-02-16 15:49:22,704 : INFO : SwitchController : <<<<<<< 's_08_left_flipper' active >>>>>>>
2026-02-16 15:49:22,704 : INFO : EventManager : Event: ======'s_08_left_flipper_active'====== Args={}
2026-02-16 15:49:22,704 : INFO : EventManager : Event: ======'carousel_item_highlighted'====== Args={'carousel': 'attract', 'direction': 'backwards', 'item': 'mpf_logo'}
2026-02-16 15:49:22,704 : INFO : EventManager : Event: ======'timer_attract_carousel_timer_tick'====== Args={'ticks': 0, 'ticks_remaining': 1}
2026-02-16 15:49:22,737 : INFO : SwitchController : <<<<<<< 's_08_left_flipper' inactive >>>>>>>
2026-02-16 15:49:22,821 : INFO : SwitchController : <<<<<<< 's_08_left_flipper' active >>>>>>>
2026-02-16 15:49:22,821 : INFO : EventManager : Event: ======'s_08_left_flipper_active'====== Args={}
2026-02-16 15:49:22,821 : INFO : EventManager : Event: ======'carousel_item_highlighted'====== Args={'carousel': 'attract', 'direction': 'backwards', 'item': 'credits'}
2026-02-16 15:49:22,821 : INFO : EventManager : Event: ======'timer_attract_carousel_timer_tick'====== Args={'ticks': 0, 'ticks_remaining': 1}
2026-02-16 15:49:22,937 : INFO : SwitchController : <<<<<<< 's_08_left_flipper' inactive >>>>>>>
2026-02-16 15:49:24,454 : INFO : SwitchController : <<<<<<< 's_11_start_button' active >>>>>>>
2026-02-16 15:49:24,537 : INFO : SwitchController : <<<<<<< 's_11_start_button' inactive >>>>>>>
2026-02-16 15:49:24,754 : INFO : EventManager : Event: ======'test_trough_eject'====== Args={'_from_bcp': True}
2026-02-16 15:49:24,754 : INFO : coil.c_02_trough_eject : Pulsing Driver for 30ms (1.0 pulse_power)
2026-02-16 15:49:24,819 : INFO : SwitchController : <<<<<<< 's_74_fourbank_drop_2' active >>>>>>>
2026-02-16 15:49:24,819 : INFO : EventManager : Event: ======'playfield_active'====== Args={'source': 'dt_2'}
2026-02-16 15:49:24,819 : INFO : EventManager : Event: ======'unexpected_ball_on_playfield'====== Args={}
2026-02-16 15:49:24,819 : INFO : EventManager : Event: ======'drop_target_dt_2_down'====== Args={'device': <drop_target.dt_2>}
2026-02-16 15:49:24,819 : INFO : EventManager : Event: ======'drop_target_bank_dt_bank_1_4_mixed'====== Args={'prev_value': <DropTargetBankState.UP: 'up'>, 'down': 1}
2026-02-16 15:49:25,171 : INFO : EventManager : Event: ======'test_trough_eject'====== Args={'_from_bcp': True}
2026-02-16 15:49:25,171 : INFO : coil.c_02_trough_eject : Pulsing Driver for 30ms (1.0 pulse_power)
2026-02-16 15:49:25,216 : INFO : SwitchController : <<<<<<< 's_74_fourbank_drop_2' inactive >>>>>>>
2026-02-16 15:49:25,216 : INFO : EventManager : Event: ======'playfield_active'====== Args={'source': 'dt_2'}
2026-02-16 15:49:25,216 : INFO : EventManager : Event: ======'unexpected_ball_on_playfield'====== Args={}
2026-02-16 15:49:25,216 : INFO : EventManager : Event: ======'drop_target_dt_2_up'====== Args={'device': <drop_target.dt_2>}
2026-02-16 15:49:25,216 : INFO : EventManager : Event: ======'drop_target_bank_dt_bank_1_4_up'====== Args={}
2026-02-16 15:49:25,216 : INFO : SwitchController : <<<<<<< 's_74_fourbank_drop_2' active >>>>>>>
2026-02-16 15:49:25,216 : INFO : EventManager : Event: ======'playfield_active'====== Args={'source': 'dt_2'}
2026-02-16 15:49:25,217 : INFO : EventManager : Event: ======'unexpected_ball_on_playfield'====== Args={}
2026-02-16 15:49:25,217 : INFO : EventManager : Event: ======'drop_target_dt_2_down'====== Args={'device': <drop_target.dt_2>}
2026-02-16 15:49:25,217 : INFO : EventManager : Event: ======'drop_target_bank_dt_bank_1_4_mixed'====== Args={'prev_value': <DropTargetBankState.UP: 'up'>, 'down': 1}
2026-02-16 15:49:25,389 : INFO : EventManager : Event: ======'test_trough_eject'====== Args={'_from_bcp': True}
2026-02-16 15:49:25,394 : INFO : coil.c_02_trough_eject : Pulsing Driver for 30ms (1.0 pulse_power)
2026-02-16 15:49:25,571 : INFO : EventManager : Event: ======'test_trough_eject'====== Args={'_from_bcp': True}
2026-02-16 15:49:25,571 : INFO : coil.c_02_trough_eject : Pulsing Driver for 30ms (1.0 pulse_power)
2026-02-16 15:49:26,037 : INFO : EventManager : Event: ======'test_plunger'====== Args={'_from_bcp': True}
2026-02-16 15:49:26,038 : INFO : coil.c_01_plunger : Pulsing Driver for 10ms (1.0 pulse_power)
2026-02-16 15:49:26,471 : INFO : EventManager : Event: ======'test_plunger'====== Args={'_from_bcp': True}
2026-02-16 15:49:26,471 : INFO : coil.c_01_plunger : Pulsing Driver for 10ms (1.0 pulse_power)
2026-02-16 15:49:26,937 : INFO : EventManager : Event: ======'test_plunger'====== Args={'_from_bcp': True}
2026-02-16 15:49:26,938 : INFO : coil.c_01_plunger : Pulsing Driver for 10ms (1.0 pulse_power)
2026-02-16 15:49:26,983 : INFO : SwitchController : <<<<<<< 's_64_varitarget_poisition_1' active >>>>>>>
2026-02-16 15:49:26,983 : INFO : SwitchController : <<<<<<< 's_64_varitarget_poisition_1' inactive >>>>>>>
2026-02-16 15:49:27,002 : INFO : SwitchController : <<<<<<< 's_64_varitarget_poisition_1' active >>>>>>>
2026-02-16 15:49:27,002 : INFO : SwitchController : <<<<<<< 's_64_varitarget_poisition_1' inactive >>>>>>>
2026-02-16 15:49:27,154 : INFO : EventManager : Event: ======'test_trough_eject'====== Args={'_from_bcp': True}
2026-02-16 15:49:27,154 : INFO : coil.c_02_trough_eject : Pulsing Driver for 30ms (1.0 pulse_power)
2026-02-16 15:49:27,391 : INFO : EventManager : Event: ======'test_trough_eject'====== Args={'_from_bcp': True}
2026-02-16 15:49:27,392 : INFO : coil.c_02_trough_eject : Pulsing Driver for 30ms (1.0 pulse_power)
2026-02-16 15:49:27,808 : INFO : Timer.attract_carousel_timer : Timer Complete
2026-02-16 15:49:27,808 : INFO : Timer.attract_carousel_timer : Stopping Timer
2026-02-16 15:49:27,808 : INFO : EventManager : Event: ======'timer_attract_carousel_timer_stopped'====== Args={'ticks': 1, 'ticks_remaining': 1}
2026-02-16 15:49:27,808 : INFO : EventManager : Event: ======'timer_attract_carousel_timer_complete'====== Args={'ticks': 1, 'ticks_remaining': 1}
2026-02-16 15:49:27,808 : INFO : EventManager : Event: ======'carousel_item_highlighted'====== Args={'carousel': 'attract', 'direction': 'forwards', 'item': 'mpf_logo'}
2026-02-16 15:49:27,808 : INFO : Timer.attract_carousel_timer : Starting Timer.
2026-02-16 15:49:27,808 : INFO : EventManager : Event: ======'timer_attract_carousel_timer_started'====== Args={'ticks': 0, 'ticks_remaining': 1}
2026-02-16 15:49:27,808 : INFO : EventManager : Event: ======'timer_attract_carousel_timer_tick'====== Args={'ticks': 0, 'ticks_remaining': 1}
2026-02-16 15:49:27,904 : INFO : EventManager : Event: ======'test_trough_eject'====== Args={'_from_bcp': True}
2026-02-16 15:49:27,904 : INFO : coil.c_02_trough_eject : Pulsing Driver for 30ms (1.0 pulse_power)
2026-02-16 15:49:28,371 : INFO : SwitchController : <<<<<<< 's_11_start_button' active >>>>>>>
2026-02-16 15:49:28,537 : INFO : SwitchController : <<<<<<< 's_11_start_button' inactive >>>>>>>
2026-02-16 15:49:32,803 : INFO : Timer.attract_carousel_timer : Timer Complete
2026-02-16 15:49:32,803 : INFO : Timer.attract_carousel_timer : Stopping Timer
2026-02-16 15:49:32,803 : INFO : EventManager : Event: ======'timer_attract_carousel_timer_stopped'====== Args={'ticks': 1, 'ticks_remaining': 1}
2026-02-16 15:49:32,803 : INFO : EventManager : Event: ======'timer_attract_carousel_timer_complete'====== Args={'ticks': 1, 'ticks_remaining': 1}
2026-02-16 15:49:32,803 : INFO : EventManager : Event: ======'carousel_item_highlighted'====== Args={'carousel': 'attract', 'direction': 'forwards', 'item': 'title'}
2026-02-16 15:49:32,804 : INFO : Timer.attract_carousel_timer : Starting Timer.
2026-02-16 15:49:32,804 : INFO : EventManager : Event: ======'timer_attract_carousel_timer_started'====== Args={'ticks': 0, 'ticks_remaining': 1}
2026-02-16 15:49:32,804 : INFO : EventManager : Event: ======'timer_attract_carousel_timer_tick'====== Args={'ticks': 0, 'ticks_remaining': 1}
2026-02-16 15:49:37,808 : INFO : Timer.attract_carousel_timer : Timer Complete
2026-02-16 15:49:37,808 : INFO : Timer.attract_carousel_timer : Stopping Timer
2026-02-16 15:49:37,808 : INFO : EventManager : Event: ======'timer_attract_carousel_timer_stopped'====== Args={'ticks': 1, 'ticks_remaining': 1}
2026-02-16 15:49:37,808 : INFO : EventManager : Event: ======'timer_attract_carousel_timer_complete'====== Args={'ticks': 1, 'ticks_remaining': 1}
2026-02-16 15:49:37,808 : INFO : EventManager : Event: ======'carousel_item_highlighted'====== Args={'carousel': 'attract', 'direction': 'forwards', 'item': 'credits'}
2026-02-16 15:49:37,808 : INFO : Timer.attract_carousel_timer : Starting Timer.
2026-02-16 15:49:37,808 : INFO : EventManager : Event: ======'timer_attract_carousel_timer_started'====== Args={'ticks': 0, 'ticks_remaining': 1}
2026-02-16 15:49:37,808 : INFO : EventManager : Event: ======'timer_attract_carousel_timer_tick'====== Args={'ticks': 0, 'ticks_remaining': 1}
2026-02-16 15:49:42,801 : INFO : Timer.attract_carousel_timer : Timer Complete
2026-02-16 15:49:42,801 : INFO : Timer.attract_carousel_timer : Stopping Timer
2026-02-16 15:49:42,801 : INFO : EventManager : Event: ======'timer_attract_carousel_timer_stopped'====== Args={'ticks': 1, 'ticks_remaining': 1}
2026-02-16 15:49:42,801 : INFO : EventManager : Event: ======'timer_attract_carousel_timer_complete'====== Args={'ticks': 1, 'ticks_remaining': 1}
2026-02-16 15:49:42,801 : INFO : EventManager : Event: ======'carousel_item_highlighted'====== Args={'carousel': 'attract', 'direction': 'forwards', 'item': 'mpf_logo'}
2026-02-16 15:49:42,801 : INFO : Timer.attract_carousel_timer : Starting Timer.
2026-02-16 15:49:42,801 : INFO : EventManager : Event: ======'timer_attract_carousel_timer_started'====== Args={'ticks': 0, 'ticks_remaining': 1}
2026-02-16 15:49:42,801 : INFO : EventManager : Event: ======'timer_attract_carousel_timer_tick'====== Args={'ticks': 0, 'ticks_remaining': 1}
2026-02-16 15:49:47,813 : INFO : Timer.attract_carousel_timer : Timer Complete
2026-02-16 15:49:47,813 : INFO : Timer.attract_carousel_timer : Stopping Timer
2026-02-16 15:49:47,813 : INFO : EventManager : Event: ======'timer_attract_carousel_timer_stopped'====== Args={'ticks': 1, 'ticks_remaining': 1}
2026-02-16 15:49:47,813 : INFO : EventManager : Event: ======'timer_attract_carousel_timer_complete'====== Args={'ticks': 1, 'ticks_remaining': 1}
2026-02-16 15:49:47,813 : INFO : EventManager : Event: ======'carousel_item_highlighted'====== Args={'carousel': 'attract', 'direction': 'forwards', 'item': 'title'}
2026-02-16 15:49:47,813 : INFO : Timer.attract_carousel_timer : Starting Timer.
2026-02-16 15:49:47,813 : INFO : EventManager : Event: ======'timer_attract_carousel_timer_started'====== Args={'ticks': 0, 'ticks_remaining': 1}
2026-02-16 15:49:47,813 : INFO : EventManager : Event: ======'timer_attract_carousel_timer_tick'====== Args={'ticks': 0, 'ticks_remaining': 1}
2026-02-16 15:49:52,815 : INFO : Timer.attract_carousel_timer : Timer Complete
2026-02-16 15:49:52,815 : INFO : Timer.attract_carousel_timer : Stopping Timer
2026-02-16 15:49:52,815 : INFO : EventManager : Event: ======'timer_attract_carousel_timer_stopped'====== Args={'ticks': 1, 'ticks_remaining': 1}
2026-02-16 15:49:52,815 : INFO : EventManager : Event: ======'timer_attract_carousel_timer_complete'====== Args={'ticks': 1, 'ticks_remaining': 1}
2026-02-16 15:49:52,815 : INFO : EventManager : Event: ======'carousel_item_highlighted'====== Args={'carousel': 'attract', 'direction': 'forwards', 'item': 'credits'}
2026-02-16 15:49:52,815 : INFO : Timer.attract_carousel_timer : Starting Timer.
2026-02-16 15:49:52,815 : INFO : EventManager : Event: ======'timer_attract_carousel_timer_started'====== Args={'ticks': 0, 'ticks_remaining': 1}
2026-02-16 15:49:52,815 : INFO : EventManager : Event: ======'timer_attract_carousel_timer_tick'====== Args={'ticks': 0, 'ticks_remaining': 1}
2026-02-16 15:49:57,812 : INFO : Timer.attract_carousel_timer : Timer Complete
2026-02-16 15:49:57,812 : INFO : Timer.attract_carousel_timer : Stopping Timer
2026-02-16 15:49:57,812 : INFO : EventManager : Event: ======'timer_attract_carousel_timer_stopped'====== Args={'ticks': 1, 'ticks_remaining': 1}
2026-02-16 15:49:57,812 : INFO : EventManager : Event: ======'timer_attract_carousel_timer_complete'====== Args={'ticks': 1, 'ticks_remaining': 1}
2026-02-16 15:49:57,812 : INFO : EventManager : Event: ======'carousel_item_highlighted'====== Args={'carousel': 'attract', 'direction': 'forwards', 'item': 'mpf_logo'}
2026-02-16 15:49:57,812 : INFO : Timer.attract_carousel_timer : Starting Timer.
2026-02-16 15:49:57,812 : INFO : EventManager : Event: ======'timer_attract_carousel_timer_started'====== Args={'ticks': 0, 'ticks_remaining': 1}
2026-02-16 15:49:57,812 : INFO : EventManager : Event: ======'timer_attract_carousel_timer_tick'====== Args={'ticks': 0, 'ticks_remaining': 1}
2026-02-16 15:50:02,806 : INFO : Timer.attract_carousel_timer : Timer Complete
2026-02-16 15:50:02,806 : INFO : Timer.attract_carousel_timer : Stopping Timer
2026-02-16 15:50:02,806 : INFO : EventManager : Event: ======'timer_attract_carousel_timer_stopped'====== Args={'ticks': 1, 'ticks_remaining': 1}
2026-02-16 15:50:02,806 : INFO : EventManager : Event: ======'timer_attract_carousel_timer_complete'====== Args={'ticks': 1, 'ticks_remaining': 1}
2026-02-16 15:50:02,806 : INFO : EventManager : Event: ======'carousel_item_highlighted'====== Args={'carousel': 'attract', 'direction': 'forwards', 'item': 'title'}
2026-02-16 15:50:02,806 : INFO : Timer.attract_carousel_timer : Starting Timer.
2026-02-16 15:50:02,806 : INFO : EventManager : Event: ======'timer_attract_carousel_timer_started'====== Args={'ticks': 0, 'ticks_remaining': 1}
2026-02-16 15:50:02,806 : INFO : EventManager : Event: ======'timer_attract_carousel_timer_tick'====== Args={'ticks': 0, 'ticks_remaining': 1}
2026-02-16 15:50:07,801 : INFO : Timer.attract_carousel_timer : Timer Complete
2026-02-16 15:50:07,801 : INFO : Timer.attract_carousel_timer : Stopping Timer
2026-02-16 15:50:07,801 : INFO : EventManager : Event: ======'timer_attract_carousel_timer_stopped'====== Args={'ticks': 1, 'ticks_remaining': 1}
2026-02-16 15:50:07,801 : INFO : EventManager : Event: ======'timer_attract_carousel_timer_complete'====== Args={'ticks': 1, 'ticks_remaining': 1}
2026-02-16 15:50:07,801 : INFO : EventManager : Event: ======'carousel_item_highlighted'====== Args={'carousel': 'attract', 'direction': 'forwards', 'item': 'credits'}
2026-02-16 15:50:07,801 : INFO : Timer.attract_carousel_timer : Starting Timer.
2026-02-16 15:50:07,801 : INFO : EventManager : Event: ======'timer_attract_carousel_timer_started'====== Args={'ticks': 0, 'ticks_remaining': 1}
2026-02-16 15:50:07,801 : INFO : EventManager : Event: ======'timer_attract_carousel_timer_tick'====== Args={'ticks': 0, 'ticks_remaining': 1}
2026-02-16 15:50:12,811 : INFO : Timer.attract_carousel_timer : Timer Complete
2026-02-16 15:50:12,811 : INFO : Timer.attract_carousel_timer : Stopping Timer
2026-02-16 15:50:12,811 : INFO : EventManager : Event: ======'timer_attract_carousel_timer_stopped'====== Args={'ticks': 1, 'ticks_remaining': 1}
2026-02-16 15:50:12,811 : INFO : EventManager : Event: ======'timer_attract_carousel_timer_complete'====== Args={'ticks': 1, 'ticks_remaining': 1}
2026-02-16 15:50:12,811 : INFO : EventManager : Event: ======'carousel_item_highlighted'====== Args={'carousel': 'attract', 'direction': 'forwards', 'item': 'mpf_logo'}
2026-02-16 15:50:12,811 : INFO : Timer.attract_carousel_timer : Starting Timer.
2026-02-16 15:50:12,811 : INFO : EventManager : Event: ======'timer_attract_carousel_timer_started'====== Args={'ticks': 0, 'ticks_remaining': 1}
2026-02-16 15:50:12,811 : INFO : EventManager : Event: ======'timer_attract_carousel_timer_tick'====== Args={'ticks': 0, 'ticks_remaining': 1}
2026-02-16 15:50:17,809 : INFO : Timer.attract_carousel_timer : Timer Complete
2026-02-16 15:50:17,809 : INFO : Timer.attract_carousel_timer : Stopping Timer
2026-02-16 15:50:17,809 : INFO : EventManager : Event: ======'timer_attract_carousel_timer_stopped'====== Args={'ticks': 1, 'ticks_remaining': 1}
2026-02-16 15:50:17,809 : INFO : EventManager : Event: ======'timer_attract_carousel_timer_complete'====== Args={'ticks': 1, 'ticks_remaining': 1}
2026-02-16 15:50:17,809 : INFO : EventManager : Event: ======'carousel_item_highlighted'====== Args={'carousel': 'attract', 'direction': 'forwards', 'item': 'title'}
2026-02-16 15:50:17,809 : INFO : Timer.attract_carousel_timer : Starting Timer.
2026-02-16 15:50:17,809 : INFO : EventManager : Event: ======'timer_attract_carousel_timer_started'====== Args={'ticks': 0, 'ticks_remaining': 1}
2026-02-16 15:50:17,809 : INFO : EventManager : Event: ======'timer_attract_carousel_timer_tick'====== Args={'ticks': 0, 'ticks_remaining': 1}
2026-02-16 15:50:22,804 : INFO : Timer.attract_carousel_timer : Timer Complete
2026-02-16 15:50:22,804 : INFO : Timer.attract_carousel_timer : Stopping Timer
2026-02-16 15:50:22,804 : INFO : EventManager : Event: ======'timer_attract_carousel_timer_stopped'====== Args={'ticks': 1, 'ticks_remaining': 1}
2026-02-16 15:50:22,804 : INFO : EventManager : Event: ======'timer_attract_carousel_timer_complete'====== Args={'ticks': 1, 'ticks_remaining': 1}
2026-02-16 15:50:22,804 : INFO : EventManager : Event: ======'carousel_item_highlighted'====== Args={'carousel': 'attract', 'direction': 'forwards', 'item': 'credits'}
2026-02-16 15:50:22,804 : INFO : Timer.attract_carousel_timer : Starting Timer.
2026-02-16 15:50:22,804 : INFO : EventManager : Event: ======'timer_attract_carousel_timer_started'====== Args={'ticks': 0, 'ticks_remaining': 1}
2026-02-16 15:50:22,804 : INFO : EventManager : Event: ======'timer_attract_carousel_timer_tick'====== Args={'ticks': 0, 'ticks_remaining': 1}
2026-02-16 15:50:27,806 : INFO : Timer.attract_carousel_timer : Timer Complete
2026-02-16 15:50:27,806 : INFO : Timer.attract_carousel_timer : Stopping Timer
2026-02-16 15:50:27,806 : INFO : EventManager : Event: ======'timer_attract_carousel_timer_stopped'====== Args={'ticks': 1, 'ticks_remaining': 1}
2026-02-16 15:50:27,806 : INFO : EventManager : Event: ======'timer_attract_carousel_timer_complete'====== Args={'ticks': 1, 'ticks_remaining': 1}
2026-02-16 15:50:27,806 : INFO : EventManager : Event: ======'carousel_item_highlighted'====== Args={'carousel': 'attract', 'direction': 'forwards', 'item': 'mpf_logo'}
2026-02-16 15:50:27,806 : INFO : Timer.attract_carousel_timer : Starting Timer.
2026-02-16 15:50:27,806 : INFO : EventManager : Event: ======'timer_attract_carousel_timer_started'====== Args={'ticks': 0, 'ticks_remaining': 1}
2026-02-16 15:50:27,806 : INFO : EventManager : Event: ======'timer_attract_carousel_timer_tick'====== Args={'ticks': 0, 'ticks_remaining': 1}
2026-02-16 15:50:32,800 : INFO : Timer.attract_carousel_timer : Timer Complete
2026-02-16 15:50:32,800 : INFO : Timer.attract_carousel_timer : Stopping Timer
2026-02-16 15:50:32,800 : INFO : EventManager : Event: ======'timer_attract_carousel_timer_stopped'====== Args={'ticks': 1, 'ticks_remaining': 1}
2026-02-16 15:50:32,800 : INFO : EventManager : Event: ======'timer_attract_carousel_timer_complete'====== Args={'ticks': 1, 'ticks_remaining': 1}
2026-02-16 15:50:32,800 : INFO : EventManager : Event: ======'carousel_item_highlighted'====== Args={'carousel': 'attract', 'direction': 'forwards', 'item': 'title'}
2026-02-16 15:50:32,800 : INFO : Timer.attract_carousel_timer : Starting Timer.
2026-02-16 15:50:32,800 : INFO : EventManager : Event: ======'timer_attract_carousel_timer_started'====== Args={'ticks': 0, 'ticks_remaining': 1}
2026-02-16 15:50:32,800 : INFO : EventManager : Event: ======'timer_attract_carousel_timer_tick'====== Args={'ticks': 0, 'ticks_remaining': 1}
2026-02-16 15:50:36,547 : INFO : Machine : Shutting down...
2026-02-16 15:50:36,547 : INFO : EventManager : Event: ======'shutdown'====== Args={}
2026-02-16 15:50:36,654 : INFO : root : MPF run loop ended.
