2026-02-11 10:41:04,031 : INFO : root : Loading config.
2026-02-11 10:41:04,034 : INFO : YamlMultifileConfigLoader : Machine config file #1: config.yaml
2026-02-11 10:41:04,035 : INFO : ConfigProcessor : Loading config from cache: C:\Users\tl\AppData\Local\Temp\86f932e179f318f5dae29f066573dee9.mpf_cache
2026-02-11 10:41:04,122 : DEBUG : YamlMultifileConfigLoader : Loading mode attract from C:\mpf\Lib\site-packages\mpf\modes\attract\config\attract.yaml
2026-02-11 10:41:04,122 : DEBUG : YamlMultifileConfigLoader : Loading mode attract from C:\mpf\Lib\site-packages\mpf\modes\attract\config\attract.yaml
2026-02-11 10:41:04,122 : INFO : ConfigProcessor : Loading config from cache: C:\Users\tl\AppData\Local\Temp\5e7e3dd8e04e0aa46ea76018297218da.mpf_cache
2026-02-11 10:41:04,123 : DEBUG : YamlMultifileConfigLoader : Loading mode game from C:\mpf\Lib\site-packages\mpf\modes\game\config\game.yaml
2026-02-11 10:41:04,123 : INFO : ConfigProcessor : Loading config from cache: C:\Users\tl\AppData\Local\Temp\af6ad0dab2f43bd9cbdac83e0b2786ac.mpf_cache
2026-02-11 10:41:04,124 : DEBUG : YamlMultifileConfigLoader : Loading mode attract from C:\mpf\Lib\site-packages\mpf\modes\attract\config\attract.yaml
2026-02-11 10:41:04,124 : DEBUG : YamlMultifileConfigLoader : Loading mode attract from C:\mpf\Lib\site-packages\mpf\modes\attract\config\attract.yaml
2026-02-11 10:41:04,124 : INFO : ConfigProcessor : Loading config from cache: C:\Users\tl\AppData\Local\Temp\5e7e3dd8e04e0aa46ea76018297218da.mpf_cache
2026-02-11 10:41:04,125 : INFO : ConfigProcessor : Loading config from cache: C:\Users\tl\AppData\Local\Temp\5d4a31ba12353a8d97b779019117e810.mpf_cache
2026-02-11 10:41:04,126 : INFO : Machine : Mission Pinball Framework Core Engine v0.80.0.dev12
2026-02-11 10:41:04,126 : INFO : Machine : Command line arguments: {'no_load_cache': False, 'create_config_cache': True, 'bcp': False, 'configfile': ['config.yaml'], 'force_assets_load': True, 'platform_integration_test': False, 'jsonlogging': False, 'logfile': 'logs\\2026-02-11-10-41-04-mpf-DESKTOP-HV85DRD.log', 'pause': False, 'production': False, 'text_ui': False, 'loglevel': 10, 'consoleloglevel': 20, 'force_platform': None, 'syslog_address': None, 'full_logfile_path': 'C:\\Users\\tl\\Documents\\tl-pinball\\logs\\2026-02-11-10-41-04-mpf-DESKTOP-HV85DRD.log'}
2026-02-11 10:41:04,126 : INFO : Machine : MPF path: C:\mpf\Lib\site-packages\mpf
2026-02-11 10:41:04,126 : INFO : Machine : Machine path: C:\Users\tl\Documents\tl-pinball
2026-02-11 10:41:04,126 : INFO : Machine : Platform: win32
2026-02-11 10:41:04,126 : INFO : Machine : Python executable location: C:\mpf\Scripts\python.exe
2026-02-11 10:41:04,126 : INFO : Machine : Python version: 3.12.7 (64-bit)
2026-02-11 10:41:04,128 : DEBUG : asyncio : Using proactor: IocpProactor
2026-02-11 10:41:04,128 : INFO : Machine : Initializing MPF...
2026-02-11 10:41:04,220 : DEBUG : TextUi : Text UI is disabled. TUI option setting: False, Asciimatics loaded: <class 'asciimatics.scene.Scene'>
2026-02-11 10:41:04,233 : INFO : FAST : Auto-detecting ports for the following connections: ['net', 'exp']
2026-02-11 10:41:04,241 : DEBUG : FAST : Port COM3 is connected to a FAST Neuron Controller.
2026-02-11 10:41:04,241 : DEBUG : FAST : Port COM5 is connected to a FAST Neuron Controller.
2026-02-11 10:41:04,241 : DEBUG : FAST : Port COM4 is connected to a FAST Neuron Controller.
2026-02-11 10:41:04,260 : INFO : FAST : Detected NET on port COM4
2026-02-11 10:41:04,276 : INFO : FAST : Detected EXP on port COM5
2026-02-11 10:41:04,389 : INFO : FAST [NET] : Trying to connect to COM4 at 921600bps
2026-02-11 10:41:04,393 : INFO : FAST [NET] : Connected to COM4 at 921600bps
2026-02-11 10:41:04,404 : INFO : FAST [NET] : Connected to FP-CPU-2000 with firmware v02.26
2026-02-11 10:41:04,436 : INFO : FAST [NET] : Registered I/O Board 0: Model: FP-I/O-0804, Firmware: 01.10, Switches: 8, Drivers: 4
2026-02-11 10:41:04,452 : INFO : FAST [NET] : Registered I/O Board 1: Model: FP-I/O-1616, Firmware: 01.10, Switches: 16, Drivers: 16
2026-02-11 10:41:04,468 : INFO : FAST [NET] : Registered I/O Board 2: Model: FP-I/O-3208, Firmware: 01.10, Switches: 32, Drivers: 8
2026-02-11 10:41:04,484 : INFO : FAST [NET] : Registered I/O Board 3: Model: FP-I/O-1616, Firmware: 01.10, Switches: 16, Drivers: 16
2026-02-11 10:41:04,486 : INFO : FAST [EXP] : Trying to connect to COM5 at 921600bps
2026-02-11 10:41:04,491 : INFO : FAST [EXP] : Connected to COM5 at 921600bps
2026-02-11 10:41:04,491 : DEBUG : FAST [EXP] : Creating FAST Expansion Board "ledneuron" (FP-EXP-2000 Address: 48)
2026-02-11 10:41:04,491 : DEBUG : FAST [EXP] : Creating FAST Breakout Board 0 on EXP "ledneuron" (FP-EXP-2000, @48)
2026-02-11 10:41:04,500 : INFO : FAST [EXP] : Verifying hardware for EXP "ledneuron" (FP-EXP-2000, @48) with ID string "EXP FP-EXP-2000  0.42", board address 48
2026-02-11 10:41:04,516 : INFO : FAST [EXP] : Verifying hardware for EXP "ledneuron" (FP-EXP-2000, @48) with ID string "BRK FP-EXP-2000  0.42", board address 480
2026-02-11 10:41:04,532 : DEBUG : FAST [EXP] : Creating FAST Expansion Board "ledpf1" (FP-EXP-0081 Address: 84)
2026-02-11 10:41:04,532 : DEBUG : FAST [EXP] : Creating FAST Breakout Board 0 on EXP "ledpf1" (FP-EXP-0081, @84)
2026-02-11 10:41:04,532 : DEBUG : FAST [EXP] : Creating FAST Breakout Board 1 on EXP "ledpf1" (FP-EXP-0081, @84)
2026-02-11 10:41:04,548 : INFO : FAST [EXP] : Verifying hardware for EXP "ledpf1" (FP-EXP-0081, @84) with ID string "EXP FP-EXP-0081  0.38", board address 84
2026-02-11 10:41:04,564 : INFO : FAST [EXP] : Verifying hardware for EXP "ledpf1" (FP-EXP-0081, @84) with ID string "BRK FP-EXP-0081  0.38", board address 840
2026-02-11 10:41:04,580 : INFO : FAST [EXP] : Verifying hardware for EXP "ledpf1" (FP-EXP-0081, @84) with ID string "BRK FP-EXP-0081  0.38", board address 841
2026-02-11 10:41:04,596 : INFO : EventManager : Event: ======'machine_var_credits_string'====== Args={'value': 'FREE PLAY', 'prev_value': None, 'change': True}
2026-02-11 10:41:04,617 : INFO : EventManager : Event: ======'machine_var_master_volume'====== Args={'value': 0.5, 'prev_value': None, 'change': True}
2026-02-11 10:41:04,618 : INFO : EventManager : Event: ======'machine_var_mpf_version'====== Args={'value': 'Mission Pinball Framework v0.80.0.dev12', 'prev_value': None, 'change': True}
2026-02-11 10:41:04,618 : INFO : EventManager : Event: ======'machine_var_mpf_extended_version'====== Args={'value': 'Mission Pinball Framework v0.80.0.dev12, Config version:6, Show version: 6, BCP version:1.1', 'prev_value': None, 'change': True}
2026-02-11 10:41:04,618 : INFO : EventManager : Event: ======'machine_var_python_version'====== Args={'value': '3.12.7', 'prev_value': None, 'change': True}
2026-02-11 10:41:04,726 : INFO : EventManager : Event: ======'machine_var_platform'====== Args={'value': 'Windows-10-10.0.19044-SP0', 'prev_value': None, 'change': True}
2026-02-11 10:41:04,726 : INFO : EventManager : Event: ======'machine_var_platform_system'====== Args={'value': 'Windows', 'prev_value': None, 'change': True}
2026-02-11 10:41:04,726 : INFO : EventManager : Event: ======'machine_var_platform_release'====== Args={'value': '10', 'prev_value': None, 'change': True}
2026-02-11 10:41:04,726 : INFO : EventManager : Event: ======'machine_var_platform_version'====== Args={'value': '10.0.19044', 'prev_value': None, 'change': True}
2026-02-11 10:41:04,726 : INFO : EventManager : Event: ======'machine_var_platform_machine'====== Args={'value': 'AMD64', 'prev_value': None, 'change': True}
2026-02-11 10:41:04,726 : INFO : EventManager : Event: ======'machine_var_log_file_path'====== Args={'value': 'C:\\Users\\tl\\Documents\\tl-pinball\\logs\\2026-02-11-10-41-04-mpf-DESKTOP-HV85DRD.log', 'prev_value': None, 'change': True}
2026-02-11 10:41:04,726 : INFO : EventManager : Event: ======'init_phase_1'====== Args={}
2026-02-11 10:41:04,732 : DEBUG : ModeController : Loaded mode game
2026-02-11 10:41:04,737 : DEBUG : ModeController : Loaded mode attract
2026-02-11 10:41:04,779 : DEBUG : FASTLED : Creating FAST RGB LED at hardware address: 00
2026-02-11 10:41:04,781 : DEBUG : FASTLED : Creating FAST RGB LED at hardware address: 01
2026-02-11 10:41:04,784 : DEBUG : FASTLED : Creating FAST RGB LED at hardware address: 02
2026-02-11 10:41:04,800 : DEBUG : FASTLED : Creating FAST RGB LED at hardware address: 03
2026-02-11 10:41:04,802 : DEBUG : FASTLED : Creating FAST RGB LED at hardware address: 40
2026-02-11 10:41:04,804 : DEBUG : FASTLED : Creating FAST RGB LED at hardware address: 41
2026-02-11 10:41:04,807 : DEBUG : FASTLED : Creating FAST RGB LED at hardware address: 42
2026-02-11 10:41:04,809 : DEBUG : FASTLED : Creating FAST RGB LED at hardware address: 43
2026-02-11 10:41:04,811 : DEBUG : FASTLED : Creating FAST RGB LED at hardware address: 44
2026-02-11 10:41:04,814 : DEBUG : FASTLED : Creating FAST RGB LED at hardware address: 45
2026-02-11 10:41:04,816 : DEBUG : FASTLED : Creating FAST RGB LED at hardware address: 46
2026-02-11 10:41:04,818 : DEBUG : FASTLED : Creating FAST RGB LED at hardware address: 47
2026-02-11 10:41:04,824 : INFO : EventManager : Event: ======'drop_target_bank_dtb_characters_up'====== Args={}
2026-02-11 10:41:04,824 : INFO : EventManager : Event: ======'drop_target_bank_dtb_rollover_up'====== Args={}
2026-02-11 10:41:07,262 : INFO : SwitchController : <<<<<<< 's_34_right_sling' active >>>>>>>
2026-02-11 10:41:07,262 : INFO : SwitchController : <<<<<<< 's_44_spinner_right' active >>>>>>>
2026-02-11 10:41:07,262 : INFO : SwitchController : <<<<<<< 's_59_saucer_right' active >>>>>>>
2026-02-11 10:41:07,262 : INFO : SwitchController : <<<<<<< 's_64_varitarget_poisition_1' active >>>>>>>
2026-02-11 10:41:07,262 : INFO : SwitchController : <<<<<<< 's_71_spinner_left' active >>>>>>>
2026-02-11 10:41:07,262 : INFO : SwitchController : <<<<<<< 's_72_single_drop_1' active >>>>>>>
2026-02-11 10:41:07,262 : INFO : SwitchController : <<<<<<< 's_73_fourbank_drop_1' active >>>>>>>
2026-02-11 10:41:07,262 : INFO : SwitchController : <<<<<<< 's_74_fourbank_drop_2' active >>>>>>>
2026-02-11 10:41:07,262 : INFO : SwitchController : <<<<<<< 's_75_fourbank_drop_3' active >>>>>>>
2026-02-11 10:41:07,262 : INFO : SwitchController : <<<<<<< 's_76_fourbank_drop_4' active >>>>>>>
2026-02-11 10:41:07,262 : INFO : SwitchController : <<<<<<< 's_77_threebank_drop_1' active >>>>>>>
2026-02-11 10:41:07,263 : INFO : SwitchController : <<<<<<< 's_78_threebank_drop_2' active >>>>>>>
2026-02-11 10:41:07,263 : INFO : SwitchController : <<<<<<< 's_79_threebank_drop_3' active >>>>>>>
2026-02-11 10:41:07,263 : INFO : SwitchController : <<<<<<< 's_81_saucer_left' active >>>>>>>
2026-02-11 10:41:07,310 : INFO : EventManager : Event: ======'init_phase_2'====== Args={}
2026-02-11 10:41:07,310 : INFO : SwitchController : Found active switch: (34, [FAST Platform Interface]) <switch.s_34_right_sling>
2026-02-11 10:41:07,311 : INFO : SwitchController : Found active switch: (44, [FAST Platform Interface]) <switch.s_44_spinner_right>
2026-02-11 10:41:07,311 : INFO : SwitchController : Found active switch: (11, [FAST Platform Interface]) <switch.s_59_saucer_right>
2026-02-11 10:41:07,311 : INFO : SwitchController : Found active switch: (16, [FAST Platform Interface]) <switch.s_64_varitarget_poisition_1>
2026-02-11 10:41:07,311 : INFO : SwitchController : Found active switch: (23, [FAST Platform Interface]) <switch.s_71_spinner_left>
2026-02-11 10:41:07,311 : INFO : SwitchController : Found active switch: (56, [FAST Platform Interface]) <switch.s_72_single_drop_1>
2026-02-11 10:41:07,311 : INFO : SwitchController : Found active switch: (57, [FAST Platform Interface]) <switch.s_73_fourbank_drop_1>
2026-02-11 10:41:07,311 : INFO : SwitchController : Found active switch: (58, [FAST Platform Interface]) <switch.s_74_fourbank_drop_2>
2026-02-11 10:41:07,311 : INFO : SwitchController : Found active switch: (59, [FAST Platform Interface]) <switch.s_75_fourbank_drop_3>
2026-02-11 10:41:07,311 : INFO : SwitchController : Found active switch: (60, [FAST Platform Interface]) <switch.s_76_fourbank_drop_4>
2026-02-11 10:41:07,311 : INFO : SwitchController : Found active switch: (61, [FAST Platform Interface]) <switch.s_77_threebank_drop_1>
2026-02-11 10:41:07,311 : INFO : SwitchController : Found active switch: (62, [FAST Platform Interface]) <switch.s_78_threebank_drop_2>
2026-02-11 10:41:07,311 : INFO : SwitchController : Found active switch: (63, [FAST Platform Interface]) <switch.s_79_threebank_drop_3>
2026-02-11 10:41:07,311 : INFO : SwitchController : Found active switch: (65, [FAST Platform Interface]) <switch.s_81_saucer_left>
2026-02-11 10:41:07,318 : INFO : ball_device.bd_plunger : BCH: Initial count: 0
2026-02-11 10:41:07,318 : INFO : ball_device.bd_plunger : State: idle
2026-02-11 10:41:07,319 : INFO : ball_device.bd_trough : BCH: Initial count: 0
2026-02-11 10:41:07,319 : INFO : ball_device.bd_trough : State: idle
2026-02-11 10:41:07,321 : DEBUG : YAML File Interface : Loading file: C:\Users\tl\Documents\tl-pinball\data/audits.yaml
2026-02-11 10:41:07,328 : DEBUG : Machine : "info_lights:" section not found in machine configuration, so the InfoLights will not be used.
2026-02-11 10:41:07,330 : DEBUG : Machine : "switch_player:" section not found in machine configuration, so the SwitchPlayer will not be used.
2026-02-11 10:41:07,333 : DEBUG : Machine : "twitch_client:" section not found in machine configuration, so the TwitchBot will not be used.
2026-02-11 10:41:07,333 : DEBUG : Machine : "virtual_segment_display_connector:" section not found in machine configuration, so the VirtualSegmentDisplayConnector will not be used.
2026-02-11 10:41:07,333 : INFO : EventManager : Event: ======'init_phase_3'====== Args={}
2026-02-11 10:41:07,333 : DEBUG : ShowController : Loading show: flash
2026-02-11 10:41:07,334 : DEBUG : ShowController : Loading show: on
2026-02-11 10:41:07,334 : DEBUG : ShowController : Loading show: off
2026-02-11 10:41:07,334 : DEBUG : ShowController : Loading show: led_color
2026-02-11 10:41:07,335 : DEBUG : ShowController : Loading show: bl_color
2026-02-11 10:41:07,335 : DEBUG : ShowController : Loading show: flash_color
2026-02-11 10:41:07,335 : DEBUG : ShowController : Loading show: output7
2026-02-11 10:41:07,342 : INFO : EventManager : Event: ======'init_phase_4'====== Args={}
2026-02-11 10:41:07,343 : INFO : EventManager : Event: ======'drop_target_dt_character_1_down'====== Args={'device': <drop_target.dt_character_1>}
2026-02-11 10:41:07,343 : INFO : EventManager : Event: ======'drop_target_dt_character_2_down'====== Args={'device': <drop_target.dt_character_2>}
2026-02-11 10:41:07,343 : INFO : EventManager : Event: ======'drop_target_dt_character_3_down'====== Args={'device': <drop_target.dt_character_3>}
2026-02-11 10:41:07,343 : INFO : EventManager : Event: ======'drop_target_dt_character_4_down'====== Args={'device': <drop_target.dt_character_4>}
2026-02-11 10:41:07,343 : INFO : EventManager : Event: ======'drop_target_dt_character_5_down'====== Args={'device': <drop_target.dt_character_5>}
2026-02-11 10:41:07,344 : INFO : EventManager : Event: ======'drop_target_dt_character_6_down'====== Args={'device': <drop_target.dt_character_6>}
2026-02-11 10:41:07,344 : INFO : EventManager : Event: ======'drop_target_dt_character_7_down'====== Args={'device': <drop_target.dt_character_7>}
2026-02-11 10:41:07,344 : INFO : EventManager : Event: ======'drop_target_dt_single_1_down'====== Args={'device': <drop_target.dt_single_1>}
2026-02-11 10:41:07,344 : INFO : BallController : Initial balls found: 0
2026-02-11 10:41:07,346 : ERROR : asyncio : Exception in callback EventManager._queue_task_done(<Task finishe...ght.led1-2>")>)
handle: <Handle EventManager._queue_task_done(<Task finishe...ght.led1-2>")>)>
Traceback (most recent call last):
  File "C:\Users\tl\AppData\Local\Programs\Python\Python312\Lib\asyncio\events.py", line 88, in _run
    self._context.run(self._callback, *self._args)
  File "C:\mpf\Lib\site-packages\mpf\core\events.py", line 795, in _queue_task_done
    future.result()
  File "C:\mpf\Lib\site-packages\mpf\core\events.py", line 708, in _run_handlers_sequential
    handler.callback(queue=queue, **merged_kwargs)
  File "C:\mpf\Lib\site-packages\mpf\devices\light.py", line 136, in _check_duplicate_light_numbers
    raise ConfigFileError(f"Duplicate number {type(driver)} {driver.number} for light {light}",
mpf.exceptions.config_file_error.ConfigFileError: Config File Error in light: Duplicate number <class 'mpf.platforms.fast.fast_led.FASTLEDChannel'> 00-0 for light <light.led1-2> Context: (None, '00-0', <class 'mpf.platforms.fast.fast_led.FASTLEDChannel'>) Error Code: CFE-light-10 (https://missionpinball.org/latest/logs)
2026-02-11 10:41:07,348 : INFO : Machine : Starting the main run loop with active modes: []
2026-02-11 10:41:07,348 : WARNING : Machine : Attract mode is not active, game will not be playable. Please check your attract mode configuration.
2026-02-11 10:41:07,349 : INFO : Machine : Shutting down...
2026-02-11 10:41:07,349 : INFO : EventManager : Event: ======'shutdown'====== Args={}
2026-02-11 10:41:07,453 : DEBUG : FAST [NET] : Stop called on serial connection NET
2026-02-11 10:41:07,454 : DEBUG : FAST [EXP] : Stop called on serial connection EXP
2026-02-11 10:41:08,476 : ERROR : Machine : Runtime Exception
Traceback (most recent call last):
  File "C:\mpf\Lib\site-packages\mpf\core\machine.py", line 810, in _run_loop
    raise self._exception['exception']
  File "C:\Users\tl\AppData\Local\Programs\Python\Python312\Lib\asyncio\events.py", line 88, in _run
    self._context.run(self._callback, *self._args)
  File "C:\mpf\Lib\site-packages\mpf\core\events.py", line 795, in _queue_task_done
    future.result()
  File "C:\mpf\Lib\site-packages\mpf\core\events.py", line 708, in _run_handlers_sequential
    handler.callback(queue=queue, **merged_kwargs)
  File "C:\mpf\Lib\site-packages\mpf\devices\light.py", line 136, in _check_duplicate_light_numbers
    raise ConfigFileError(f"Duplicate number {type(driver)} {driver.number} for light {light}",
mpf.exceptions.config_file_error.ConfigFileError: Config File Error in light: Duplicate number <class 'mpf.platforms.fast.fast_led.FASTLEDChannel'> 00-0 for light <light.led1-2> Context: (None, '00-0', <class 'mpf.platforms.fast.fast_led.FASTLEDChannel'>) Error Code: CFE-light-10 (https://missionpinball.org/latest/logs)
2026-02-11 10:41:08,477 : INFO : root : MPF run loop ended.
