2026-02-11 12:26:35,641 : INFO : root : Loading config.
2026-02-11 12:26:35,644 : INFO : YamlMultifileConfigLoader : Machine config file #1: config.yaml
2026-02-11 12:26:35,645 : INFO : ConfigProcessor : Loading config from cache: C:\Users\tl\AppData\Local\Temp\86f932e179f318f5dae29f066573dee9.mpf_cache
2026-02-11 12:26:35,646 : WARNING : ConfigProcessor : Config file in cache changed: C:\Users\tl\Documents\tl-pinball\config\device_config_lights_led.yaml
2026-02-11 12:26:35,646 : INFO : ConfigProcessor : Loading config from file C:\mpf\Lib\site-packages\mpf\mpfconfig.yaml.
2026-02-11 12:26:35,646 : DEBUG : YAML File Interface : Loading file: C:\mpf\Lib\site-packages\mpf\mpfconfig.yaml
2026-02-11 12:26:35,658 : INFO : ConfigProcessor : Loading config: C:\mpf\Lib\site-packages\mpf\mpfconfig.yaml
2026-02-11 12:26:35,659 : INFO : ConfigProcessor : Loading config from file C:\Users\tl\Documents\tl-pinball\config\config.yaml.
2026-02-11 12:26:35,659 : DEBUG : YAML File Interface : Loading file: C:\Users\tl\Documents\tl-pinball\config\config.yaml
2026-02-11 12:26:35,661 : INFO : ConfigProcessor : Loading config: C:\Users\tl\Documents\tl-pinball\config\config.yaml
2026-02-11 12:26:35,661 : DEBUG : YAML File Interface : Loading file: C:\Users\tl\Documents\tl-pinball\config\config_ball_devices.yaml
2026-02-11 12:26:35,662 : INFO : ConfigProcessor : Loading config: C:\Users\tl\Documents\tl-pinball\config\config_ball_devices.yaml
2026-02-11 12:26:35,662 : DEBUG : YAML File Interface : Loading file: C:\Users\tl\Documents\tl-pinball\config\device_config_lights_led.yaml
2026-02-11 12:26:35,677 : INFO : ConfigProcessor : Loading config: C:\Users\tl\Documents\tl-pinball\config\device_config_lights_led.yaml
2026-02-11 12:26:35,677 : DEBUG : YAML File Interface : Loading file: C:\Users\tl\Documents\tl-pinball\config\device_config_game.yaml
2026-02-11 12:26:35,680 : INFO : ConfigProcessor : Loading config: C:\Users\tl\Documents\tl-pinball\config\device_config_game.yaml
2026-02-11 12:26:35,680 : DEBUG : YAML File Interface : Loading file: C:\Users\tl\Documents\tl-pinball\config\device_config_iomap.yaml
2026-02-11 12:26:35,685 : INFO : ConfigProcessor : Loading config: C:\Users\tl\Documents\tl-pinball\config\device_config_iomap.yaml
2026-02-11 12:26:35,686 : DEBUG : YAML File Interface : Loading file: C:\Users\tl\Documents\tl-pinball\config\device_config_iomap_coils.yaml
2026-02-11 12:26:35,689 : INFO : ConfigProcessor : Loading config: C:\Users\tl\Documents\tl-pinball\config\device_config_iomap_coils.yaml
2026-02-11 12:26:35,691 : INFO : ConfigProcessor : Config file cache created: C:\Users\tl\AppData\Local\Temp\86f932e179f318f5dae29f066573dee9.mpf_cache
2026-02-11 12:26:35,778 : DEBUG : YamlMultifileConfigLoader : Loading mode attract from C:\mpf\Lib\site-packages\mpf\modes\attract\config\attract.yaml
2026-02-11 12:26:35,779 : DEBUG : YamlMultifileConfigLoader : Loading mode attract from C:\mpf\Lib\site-packages\mpf\modes\attract\config\attract.yaml
2026-02-11 12:26:35,779 : INFO : ConfigProcessor : Loading config from cache: C:\Users\tl\AppData\Local\Temp\5e7e3dd8e04e0aa46ea76018297218da.mpf_cache
2026-02-11 12:26:35,780 : DEBUG : YamlMultifileConfigLoader : Loading mode game from C:\mpf\Lib\site-packages\mpf\modes\game\config\game.yaml
2026-02-11 12:26:35,780 : INFO : ConfigProcessor : Loading config from cache: C:\Users\tl\AppData\Local\Temp\af6ad0dab2f43bd9cbdac83e0b2786ac.mpf_cache
2026-02-11 12:26:35,780 : DEBUG : YamlMultifileConfigLoader : Loading mode attract from C:\mpf\Lib\site-packages\mpf\modes\attract\config\attract.yaml
2026-02-11 12:26:35,781 : DEBUG : YamlMultifileConfigLoader : Loading mode attract from C:\mpf\Lib\site-packages\mpf\modes\attract\config\attract.yaml
2026-02-11 12:26:35,781 : INFO : ConfigProcessor : Loading config from cache: C:\Users\tl\AppData\Local\Temp\5e7e3dd8e04e0aa46ea76018297218da.mpf_cache
2026-02-11 12:26:35,782 : INFO : ConfigProcessor : Loading config from cache: C:\Users\tl\AppData\Local\Temp\5d4a31ba12353a8d97b779019117e810.mpf_cache
2026-02-11 12:26:35,782 : INFO : Machine : Mission Pinball Framework Core Engine v0.80.0.dev12
2026-02-11 12:26:35,782 : INFO : Machine : Command line arguments: {'no_load_cache': False, 'create_config_cache': True, 'bcp': False, 'configfile': ['config.yaml'], 'force_assets_load': True, 'platform_integration_test': False, 'jsonlogging': False, 'logfile': 'logs\\2026-02-11-12-26-35-mpf-DESKTOP-HV85DRD.log', 'pause': False, 'production': False, 'text_ui': False, 'loglevel': 10, 'consoleloglevel': 20, 'force_platform': None, 'syslog_address': None, 'full_logfile_path': 'C:\\Users\\tl\\Documents\\tl-pinball\\logs\\2026-02-11-12-26-35-mpf-DESKTOP-HV85DRD.log'}
2026-02-11 12:26:35,782 : INFO : Machine : MPF path: C:\mpf\Lib\site-packages\mpf
2026-02-11 12:26:35,783 : INFO : Machine : Machine path: C:\Users\tl\Documents\tl-pinball
2026-02-11 12:26:35,783 : INFO : Machine : Platform: win32
2026-02-11 12:26:35,783 : INFO : Machine : Python executable location: C:\mpf\Scripts\python.exe
2026-02-11 12:26:35,783 : INFO : Machine : Python version: 3.12.7 (64-bit)
2026-02-11 12:26:35,784 : DEBUG : asyncio : Using proactor: IocpProactor
2026-02-11 12:26:35,785 : INFO : Machine : Initializing MPF...
2026-02-11 12:26:35,877 : DEBUG : TextUi : Text UI is disabled. TUI option setting: False, Asciimatics loaded: <class 'asciimatics.scene.Scene'>
2026-02-11 12:26:35,888 : INFO : FAST : Auto-detecting ports for the following connections: ['net', 'exp']
2026-02-11 12:26:35,896 : DEBUG : FAST : Port COM3 is connected to a FAST Neuron Controller.
2026-02-11 12:26:35,896 : DEBUG : FAST : Port COM5 is connected to a FAST Neuron Controller.
2026-02-11 12:26:35,896 : DEBUG : FAST : Port COM4 is connected to a FAST Neuron Controller.
2026-02-11 12:26:35,921 : INFO : FAST : Detected EXP on port COM5
2026-02-11 12:26:40,681 : INFO : Machine : Starting the main run loop with active modes: []
2026-02-11 12:26:40,681 : ERROR : root : 'attract'
Traceback (most recent call last):
  File "C:\mpf\Lib\site-packages\mpf\commands\game.py", line 229, in __init__
    self.machine.run()
  File "C:\mpf\Lib\site-packages\mpf\core\machine.py", line 703, in run
    if not self.modes['attract'] in self.mode_controller.active_modes:
           ~~~~~~~~~~^^^^^^^^^^^
KeyError: 'attract'
