2026-02-13 18:17:31,448 : INFO : root : Loading config.
2026-02-13 18:17:31,464 : INFO : YamlMultifileConfigLoader : Machine config file #1: config.yaml
2026-02-13 18:17:31,464 : INFO : ConfigProcessor : Loading config from cache: C:\Users\tl\AppData\Local\Temp\86f932e179f318f5dae29f066573dee9.mpf_cache
2026-02-13 18:17:31,464 : WARNING : ConfigProcessor : Config file in cache changed: C:\Users\tl\Documents\tl-pinball\config\device_config_iomap_coils.yaml
2026-02-13 18:17:31,464 : INFO : ConfigProcessor : Loading config from file C:\mpf\Lib\site-packages\mpf\mpfconfig.yaml.
2026-02-13 18:17:31,464 : DEBUG : YAML File Interface : Loading file: C:\mpf\Lib\site-packages\mpf\mpfconfig.yaml
2026-02-13 18:17:31,464 : INFO : ConfigProcessor : Loading config: C:\mpf\Lib\site-packages\mpf\mpfconfig.yaml
2026-02-13 18:17:31,464 : INFO : ConfigProcessor : Loading config from file C:\Users\tl\Documents\tl-pinball\config\config.yaml.
2026-02-13 18:17:31,464 : DEBUG : YAML File Interface : Loading file: C:\Users\tl\Documents\tl-pinball\config\config.yaml
2026-02-13 18:17:31,479 : INFO : ConfigProcessor : Loading config: C:\Users\tl\Documents\tl-pinball\config\config.yaml
2026-02-13 18:17:31,479 : DEBUG : YAML File Interface : Loading file: C:\Users\tl\Documents\tl-pinball\config\config_ball_devices.yaml
2026-02-13 18:17:31,479 : INFO : ConfigProcessor : Loading config: C:\Users\tl\Documents\tl-pinball\config\config_ball_devices.yaml
2026-02-13 18:17:31,479 : DEBUG : YAML File Interface : Loading file: C:\Users\tl\Documents\tl-pinball\config\device_config_lights_led.yaml
2026-02-13 18:17:31,479 : INFO : ConfigProcessor : Loading config: C:\Users\tl\Documents\tl-pinball\config\device_config_lights_led.yaml
2026-02-13 18:17:31,479 : DEBUG : YAML File Interface : Loading file: C:\Users\tl\Documents\tl-pinball\config\device_config_game.yaml
2026-02-13 18:17:31,479 : INFO : ConfigProcessor : Loading config: C:\Users\tl\Documents\tl-pinball\config\device_config_game.yaml
2026-02-13 18:17:31,479 : DEBUG : YAML File Interface : Loading file: C:\Users\tl\Documents\tl-pinball\config\device_config_iomap.yaml
2026-02-13 18:17:31,479 : INFO : ConfigProcessor : Loading config: C:\Users\tl\Documents\tl-pinball\config\device_config_iomap.yaml
2026-02-13 18:17:31,479 : DEBUG : YAML File Interface : Loading file: C:\Users\tl\Documents\tl-pinball\config\device_config_iomap_coils.yaml
2026-02-13 18:17:31,495 : INFO : ConfigProcessor : Loading config: C:\Users\tl\Documents\tl-pinball\config\device_config_iomap_coils.yaml
2026-02-13 18:17:31,495 : INFO : ConfigProcessor : Config file cache created: C:\Users\tl\AppData\Local\Temp\86f932e179f318f5dae29f066573dee9.mpf_cache
2026-02-13 18:17:31,589 : DEBUG : YamlMultifileConfigLoader : Loading mode attract from C:\mpf\Lib\site-packages\mpf\modes\attract\config\attract.yaml
2026-02-13 18:17:31,589 : DEBUG : YamlMultifileConfigLoader : Loading mode attract from C:\mpf\Lib\site-packages\mpf\modes\attract\config\attract.yaml
2026-02-13 18:17:31,589 : INFO : ConfigProcessor : Loading config from cache: C:\Users\tl\AppData\Local\Temp\5e7e3dd8e04e0aa46ea76018297218da.mpf_cache
2026-02-13 18:17:31,589 : DEBUG : YamlMultifileConfigLoader : Loading mode game from C:\mpf\Lib\site-packages\mpf\modes\game\config\game.yaml
2026-02-13 18:17:31,589 : INFO : ConfigProcessor : Loading config from cache: C:\Users\tl\AppData\Local\Temp\af6ad0dab2f43bd9cbdac83e0b2786ac.mpf_cache
2026-02-13 18:17:31,589 : DEBUG : YamlMultifileConfigLoader : Loading mode attract from C:\mpf\Lib\site-packages\mpf\modes\attract\config\attract.yaml
2026-02-13 18:17:31,589 : DEBUG : YamlMultifileConfigLoader : Loading mode attract from C:\mpf\Lib\site-packages\mpf\modes\attract\config\attract.yaml
2026-02-13 18:17:31,589 : INFO : ConfigProcessor : Loading config from cache: C:\Users\tl\AppData\Local\Temp\5e7e3dd8e04e0aa46ea76018297218da.mpf_cache
2026-02-13 18:17:31,589 : DEBUG : YamlMultifileConfigLoader : Loading mode service from C:\mpf\Lib\site-packages\mpf\modes\service\config\service.yaml
2026-02-13 18:17:31,589 : INFO : ConfigProcessor : Loading config from cache: C:\Users\tl\AppData\Local\Temp\5d3b5ebc494e9a7257164cf172f94bef.mpf_cache
2026-02-13 18:17:31,589 : INFO : ConfigProcessor : Loading config from cache: C:\Users\tl\AppData\Local\Temp\5d4a31ba12353a8d97b779019117e810.mpf_cache
2026-02-13 18:17:31,589 : INFO : Machine : Mission Pinball Framework Core Engine v0.80.0.dev12
2026-02-13 18:17:31,589 : INFO : Machine : Command line arguments: {'no_load_cache': False, 'create_config_cache': True, 'bcp': False, 'configfile': ['config.yaml'], 'force_assets_load': False, 'platform_integration_test': False, 'jsonlogging': False, 'logfile': 'logs\\2026-02-13-18-17-31-mpf-DESKTOP-HV85DRD.log', 'pause': False, 'production': False, 'text_ui': True, 'loglevel': 10, 'consoleloglevel': 20, 'force_platform': None, 'syslog_address': None, 'full_logfile_path': 'C:\\Users\\tl\\Documents\\tl-pinball\\logs\\2026-02-13-18-17-31-mpf-DESKTOP-HV85DRD.log'}
2026-02-13 18:17:31,589 : INFO : Machine : MPF path: C:\mpf\Lib\site-packages\mpf
2026-02-13 18:17:31,589 : INFO : Machine : Machine path: C:\Users\tl\Documents\tl-pinball
2026-02-13 18:17:31,589 : INFO : Machine : Platform: win32
2026-02-13 18:17:31,589 : INFO : Machine : Python executable location: C:\mpf\Scripts\python.exe
2026-02-13 18:17:31,589 : INFO : Machine : Python version: 3.12.7 (64-bit)
2026-02-13 18:17:31,589 : DEBUG : asyncio : Using proactor: IocpProactor
2026-02-13 18:17:31,589 : INFO : Machine : Initializing MPF...
2026-02-13 18:17:31,698 : DEBUG : asciimatics.widgets.layout : Updating: None
2026-02-13 18:17:31,698 : DEBUG : asciimatics.widgets.layout : Updating: None
2026-02-13 18:17:31,698 : DEBUG : asciimatics.widgets.layout : Updating: None
2026-02-13 18:17:31,698 : DEBUG : asciimatics.widgets.layout : Updating: None
2026-02-13 18:17:31,698 : DEBUG : asciimatics.widgets.layout : Updating: None
2026-02-13 18:17:31,698 : DEBUG : asciimatics.widgets.layout : Updating: None
2026-02-13 18:17:31,698 : DEBUG : asciimatics.widgets.layout : Updating: None
2026-02-13 18:17:31,698 : DEBUG : asciimatics.widgets.layout : Updating: None
2026-02-13 18:17:31,698 : DEBUG : asciimatics.widgets.layout : Updating: None
2026-02-13 18:17:31,698 : DEBUG : asciimatics.widgets.layout : Updating: None
2026-02-13 18:17:31,698 : DEBUG : asciimatics.widgets.layout : Updating: None
2026-02-13 18:17:31,698 : DEBUG : asciimatics.widgets.layout : Updating: None
2026-02-13 18:17:31,698 : DEBUG : asciimatics.widgets.widget : Widget blur: <asciimatics.widgets.label.Label object at 0x0000027007272260>
2026-02-13 18:17:31,698 : DEBUG : asciimatics.widgets.widget : Widget blur: <asciimatics.widgets.label.Label object at 0x000002700748E400>
2026-02-13 18:17:31,698 : DEBUG : asciimatics.widgets.widget : Widget blur: <asciimatics.widgets.label.Label object at 0x000002700748E5A0>
2026-02-13 18:17:31,698 : DEBUG : asciimatics.widgets.layout : Blur: <asciimatics.widgets.layout.Layout object at 0x000002700748B340>
2026-02-13 18:17:31,698 : DEBUG : asciimatics.widgets.layout : Blur: <mpf.core.text_ui.MpfLayout object at 0x00000270072F0750>
2026-02-13 18:17:31,698 : DEBUG : asciimatics.widgets.layout : Updating: None
2026-02-13 18:17:31,698 : DEBUG : asciimatics.widgets.layout : Updating: None
2026-02-13 18:17:31,698 : DEBUG : asciimatics.widgets.layout : Updating: None
2026-02-13 18:17:31,698 : DEBUG : asciimatics.widgets.layout : Updating: None
2026-02-13 18:17:31,698 : DEBUG : asciimatics.widgets.layout : Updating: None
2026-02-13 18:17:31,698 : DEBUG : asciimatics.widgets.layout : Updating: None
2026-02-13 18:17:31,698 : DEBUG : asciimatics.widgets.widget : Widget blur: <asciimatics.widgets.label.Label object at 0x000002700748E9B0>
2026-02-13 18:17:31,698 : DEBUG : asciimatics.widgets.widget : Widget blur: <asciimatics.widgets.label.Label object at 0x000002700748E8E0>
2026-02-13 18:17:31,698 : DEBUG : asciimatics.widgets.widget : Widget blur: <asciimatics.widgets.label.Label object at 0x000002700748EA80>
2026-02-13 18:17:31,698 : DEBUG : asciimatics.widgets.widget : Widget blur: <asciimatics.widgets.label.Label object at 0x000002700748E810>
2026-02-13 18:17:31,698 : DEBUG : asciimatics.widgets.widget : Widget blur: <asciimatics.widgets.label.Label object at 0x000002700748E740>
2026-02-13 18:17:31,698 : DEBUG : asciimatics.widgets.widget : Widget blur: <asciimatics.widgets.label.Label object at 0x000002700748E670>
2026-02-13 18:17:31,698 : DEBUG : asciimatics.widgets.layout : Blur: <asciimatics.widgets.layout.Layout object at 0x000002700748B3A0>
2026-02-13 18:17:31,698 : DEBUG : asciimatics.widgets.layout : Focus: <asciimatics.widgets.layout.Layout object at 0x000002700748B340>
2026-02-13 18:17:31,698 : DEBUG : asciimatics.widgets.layout : Focus: <mpf.core.text_ui.MpfLayout object at 0x00000270072F0750>
2026-02-13 18:17:31,698 : DEBUG : asciimatics.widgets.layout : Focus: <asciimatics.widgets.layout.Layout object at 0x000002700748B3A0>
2026-02-13 18:17:31,698 : DEBUG : asciimatics.widgets.frame : Cloning: Test
2026-02-13 18:17:31,698 : DEBUG : asciimatics.widgets.layout : Updating: None
2026-02-13 18:17:31,698 : DEBUG : asciimatics.widgets.layout : Updating: None
2026-02-13 18:17:31,698 : DEBUG : asciimatics.widgets.layout : Updating: None
2026-02-13 18:17:31,698 : DEBUG : asciimatics.widgets.layout : Updating: None
2026-02-13 18:17:31,698 : DEBUG : asciimatics.widgets.layout : Updating: None
2026-02-13 18:17:31,698 : DEBUG : asciimatics.widgets.layout : Updating: None
2026-02-13 18:17:31,698 : DEBUG : asciimatics.widgets.layout : Updating: None
2026-02-13 18:17:31,698 : DEBUG : asciimatics.widgets.layout : Updating: None
2026-02-13 18:17:31,698 : DEBUG : asciimatics.widgets.layout : Updating: None
2026-02-13 18:17:31,698 : DEBUG : asciimatics.widgets.layout : Updating: None
2026-02-13 18:17:31,698 : DEBUG : asciimatics.widgets.layout : Updating: None
2026-02-13 18:17:31,698 : DEBUG : asciimatics.widgets.layout : Updating: None
2026-02-13 18:17:31,698 : DEBUG : asciimatics.widgets.layout : Updating: None
2026-02-13 18:17:31,698 : DEBUG : asciimatics.widgets.layout : Updating: None
2026-02-13 18:17:31,698 : DEBUG : asciimatics.widgets.layout : Updating: None
2026-02-13 18:17:31,698 : DEBUG : asciimatics.widgets.layout : Updating: None
2026-02-13 18:17:31,698 : DEBUG : asciimatics.widgets.layout : Updating: None
2026-02-13 18:17:31,698 : DEBUG : asciimatics.widgets.layout : Updating: None
2026-02-13 18:17:31,698 : DEBUG : asciimatics.screen : Processing key: d
2026-02-13 18:17:31,776 : INFO : FAST : Auto-detecting ports for the following connections: ['net', 'exp']
2026-02-13 18:17:31,792 : DEBUG : FAST : Port COM3 is connected to a FAST Neuron Controller.
2026-02-13 18:17:31,792 : DEBUG : FAST : Port COM5 is connected to a FAST Neuron Controller.
2026-02-13 18:17:31,792 : DEBUG : FAST : Port COM4 is connected to a FAST Neuron Controller.
2026-02-13 18:17:31,823 : INFO : FAST : Detected EXP on port COM5
2026-02-13 18:17:32,699 : DEBUG : asciimatics.screen : Processing mouse: 49, 16
2026-02-13 18:17:32,699 : DEBUG : asciimatics.widgets.frame : New event: MouseEvent (49, 16) 0
2026-02-13 18:17:36,901 : ERROR : FAST [NET] : Failed to connect to any of the specified ports.
2026-02-13 18:17:36,901 : INFO : Machine : Shutting down...
2026-02-13 18:17:36,901 : INFO : EventManager : Event: ======'shutdown'====== Args={}
2026-02-13 18:17:37,011 : DEBUG : FAST [NET] : Stop called on serial connection NET
2026-02-13 18:17:37,011 : ERROR : Machine : Failed to initialize MPF
Traceback (most recent call last):
  File "C:\mpf\Lib\site-packages\mpf\platforms\fast\fast.py", line 285, in _connect_to_hardware
    await communicator.connect()
  File "C:\mpf\Lib\site-packages\mpf\platforms\fast\communicators\base.py", line 114, in connect
    raise SerialException(f"{self} could not connect to a serial port. Is it open in CoolTerm? ;)")
serial.serialutil.SerialException: [FAST NET] could not connect to a serial port. Is it open in CoolTerm? ;)

The above exception was the direct cause of the following exception:

Traceback (most recent call last):
  File "C:\mpf\Lib\site-packages\mpf\core\machine.py", line 688, in initialize_mpf
    raise init.exception()
  File "C:\mpf\Lib\site-packages\mpf\core\machine.py", line 250, in initialize
    await self.initialize_core_and_hardware()
  File "C:\mpf\Lib\site-packages\mpf\core\machine.py", line 246, in initialize_core_and_hardware
    await self._initialize_platforms()
  File "C:\mpf\Lib\site-packages\mpf\core\machine.py", line 336, in _initialize_platforms
    result.result()
  File "C:\mpf\Lib\site-packages\mpf\platforms\fast\fast.py", line 126, in initialize
    await self._connect_to_hardware()
  File "C:\mpf\Lib\site-packages\mpf\platforms\fast\fast.py", line 292, in _connect_to_hardware
    raise MpfRuntimeError(f"Could not open serial port {port}. Is something else connected to the port? "
mpf.exceptions.runtime_error.MpfRuntimeError: Runtime Error in FAST: Could not open serial port net. Is something else connected to the port? Did the port number or your computer change? Do you have permissions to access the port? Error Code: RE-FAST-1 (https://missionpinball.org/latest/logs)
2026-02-13 18:17:37,011 : INFO : root : MPF run loop ended.
