2026-02-11 13:30:51,051 : INFO : root : Loading config.
2026-02-11 13:30:51,055 : INFO : YamlMultifileConfigLoader : Machine config file #1: config.yaml
2026-02-11 13:30:51,055 : INFO : ConfigProcessor : Loading config from cache: C:\Users\tl\AppData\Local\Temp\86f932e179f318f5dae29f066573dee9.mpf_cache
2026-02-11 13:30:51,144 : INFO : ConfigProcessor : Loading config from cache: C:\Users\tl\AppData\Local\Temp\5e7e3dd8e04e0aa46ea76018297218da.mpf_cache
2026-02-11 13:30:51,145 : INFO : ConfigProcessor : Loading config from cache: C:\Users\tl\AppData\Local\Temp\af6ad0dab2f43bd9cbdac83e0b2786ac.mpf_cache
2026-02-11 13:30:51,145 : INFO : ConfigProcessor : Loading config from cache: C:\Users\tl\AppData\Local\Temp\5e7e3dd8e04e0aa46ea76018297218da.mpf_cache
2026-02-11 13:30:51,146 : INFO : ConfigProcessor : Loading config from cache: C:\Users\tl\AppData\Local\Temp\5d4a31ba12353a8d97b779019117e810.mpf_cache
2026-02-11 13:30:51,147 : INFO : Machine : Mission Pinball Framework Core Engine v0.80.0.dev12
2026-02-11 13:30:51,147 : INFO : Machine : Command line arguments: {'no_load_cache': False, 'create_config_cache': True, 'bcp': False, 'configfile': ['config.yaml'], 'force_assets_load': False, 'platform_integration_test': False, 'jsonlogging': False, 'logfile': 'logs\\2026-02-11-13-30-51-mpf-DESKTOP-HV85DRD.log', 'pause': False, 'production': False, 'text_ui': False, 'loglevel': 15, 'consoleloglevel': 20, 'force_platform': None, 'syslog_address': None, 'full_logfile_path': 'C:\\Users\\tl\\Documents\\tl-pinball\\logs\\2026-02-11-13-30-51-mpf-DESKTOP-HV85DRD.log'}
2026-02-11 13:30:51,147 : INFO : Machine : MPF path: C:\mpf\Lib\site-packages\mpf
2026-02-11 13:30:51,147 : INFO : Machine : Machine path: C:\Users\tl\Documents\tl-pinball
2026-02-11 13:30:51,147 : INFO : Machine : Platform: win32
2026-02-11 13:30:51,147 : INFO : Machine : Python executable location: C:\mpf\Scripts\python.exe
2026-02-11 13:30:51,147 : INFO : Machine : Python version: 3.12.7 (64-bit)
2026-02-11 13:30:51,149 : INFO : Machine : Initializing MPF...
2026-02-11 13:30:51,252 : INFO : FAST : Auto-detecting ports for the following connections: ['net', 'exp']
2026-02-11 13:30:51,278 : INFO : FAST : Detected NET on port COM4
2026-02-11 13:30:51,294 : INFO : FAST : Detected EXP on port COM5
2026-02-11 13:30:51,407 : INFO : FAST [NET] : Trying to connect to COM4 at 921600bps
2026-02-11 13:30:51,411 : INFO : FAST [NET] : Connected to COM4 at 921600bps
2026-02-11 13:30:51,422 : INFO : FAST [NET] : Connected to FP-CPU-2000 with firmware v02.26
2026-02-11 13:30:51,454 : INFO : FAST [NET] : Registered I/O Board 0: Model: FP-I/O-0804, Firmware: 01.10, Switches: 8, Drivers: 4
2026-02-11 13:30:51,470 : INFO : FAST [NET] : Registered I/O Board 1: Model: FP-I/O-1616, Firmware: 01.10, Switches: 16, Drivers: 16
2026-02-11 13:30:51,486 : INFO : FAST [NET] : Registered I/O Board 2: Model: FP-I/O-3208, Firmware: 01.10, Switches: 32, Drivers: 8
2026-02-11 13:30:51,502 : INFO : FAST [NET] : Registered I/O Board 3: Model: FP-I/O-1616, Firmware: 01.10, Switches: 16, Drivers: 16
2026-02-11 13:30:51,504 : INFO : FAST [EXP] : Trying to connect to COM5 at 921600bps
2026-02-11 13:30:51,508 : INFO : FAST [EXP] : Connected to COM5 at 921600bps
2026-02-11 13:30:51,518 : INFO : FAST [EXP] : Verifying hardware for EXP "ledneuron" (FP-EXP-2000, @48) with ID string "EXP FP-EXP-2000  0.42", board address 48
2026-02-11 13:30:51,534 : INFO : FAST [EXP] : Verifying hardware for EXP "ledneuron" (FP-EXP-2000, @48) with ID string "BRK FP-EXP-2000  0.42", board address 480
2026-02-11 13:30:51,566 : INFO : FAST [EXP] : Verifying hardware for EXP "ledpf1" (FP-EXP-0081, @84) with ID string "EXP FP-EXP-0081  0.38", board address 84
2026-02-11 13:30:51,582 : INFO : FAST [EXP] : Verifying hardware for EXP "ledpf1" (FP-EXP-0081, @84) with ID string "BRK FP-EXP-0081  0.38", board address 840
2026-02-11 13:30:51,598 : INFO : FAST [EXP] : Verifying hardware for EXP "ledpf1" (FP-EXP-0081, @84) with ID string "BRK FP-EXP-0081  0.38", board address 841
2026-02-11 13:30:51,614 : INFO : EventManager : Event: ======'machine_var_credits_string'====== Args={'value': 'FREE PLAY', 'prev_value': None, 'change': True}
2026-02-11 13:30:51,635 : INFO : EventManager : Event: ======'machine_var_master_volume'====== Args={'value': 0.5, 'prev_value': None, 'change': True}
2026-02-11 13:30:51,635 : INFO : EventManager : Event: ======'machine_var_mpf_version'====== Args={'value': 'Mission Pinball Framework v0.80.0.dev12', 'prev_value': None, 'change': True}
2026-02-11 13:30:51,635 : INFO : EventManager : Event: ======'machine_var_mpf_extended_version'====== Args={'value': 'Mission Pinball Framework v0.80.0.dev12, Config version:6, Show version: 6, BCP version:1.1', 'prev_value': None, 'change': True}
2026-02-11 13:30:51,635 : INFO : EventManager : Event: ======'machine_var_python_version'====== Args={'value': '3.12.7', 'prev_value': None, 'change': True}
2026-02-11 13:30:51,745 : INFO : EventManager : Event: ======'machine_var_platform'====== Args={'value': 'Windows-10-10.0.19044-SP0', 'prev_value': None, 'change': True}
2026-02-11 13:30:51,745 : INFO : EventManager : Event: ======'machine_var_platform_system'====== Args={'value': 'Windows', 'prev_value': None, 'change': True}
2026-02-11 13:30:51,745 : INFO : EventManager : Event: ======'machine_var_platform_release'====== Args={'value': '10', 'prev_value': None, 'change': True}
2026-02-11 13:30:51,745 : INFO : EventManager : Event: ======'machine_var_platform_version'====== Args={'value': '10.0.19044', 'prev_value': None, 'change': True}
2026-02-11 13:30:51,745 : INFO : EventManager : Event: ======'machine_var_platform_machine'====== Args={'value': 'AMD64', 'prev_value': None, 'change': True}
2026-02-11 13:30:51,745 : INFO : EventManager : Event: ======'machine_var_log_file_path'====== Args={'value': 'C:\\Users\\tl\\Documents\\tl-pinball\\logs\\2026-02-11-13-30-51-mpf-DESKTOP-HV85DRD.log', 'prev_value': None, 'change': True}
2026-02-11 13:30:51,745 : INFO : EventManager : Event: ======'init_phase_1'====== Args={}
2026-02-11 13:30:51,775 : INFO : EventManager : Event: ======'drop_target_bank_dtb_characters_up'====== Args={}
2026-02-11 13:30:51,775 : INFO : EventManager : Event: ======'drop_target_bank_dtb_rollover_up'====== Args={}
2026-02-11 13:30:54,215 : INFO : SwitchController : <<<<<<< 's_34_right_sling' active >>>>>>>
2026-02-11 13:30:54,215 : INFO : SwitchController : <<<<<<< 's_44_spinner_right' active >>>>>>>
2026-02-11 13:30:54,215 : INFO : SwitchController : <<<<<<< 's_59_saucer_right' active >>>>>>>
2026-02-11 13:30:54,215 : INFO : SwitchController : <<<<<<< 's_64_varitarget_poisition_1' active >>>>>>>
2026-02-11 13:30:54,215 : INFO : SwitchController : <<<<<<< 's_71_spinner_left' active >>>>>>>
2026-02-11 13:30:54,215 : INFO : SwitchController : <<<<<<< 's_81_saucer_left' active >>>>>>>
2026-02-11 13:30:54,263 : INFO : EventManager : Event: ======'init_phase_2'====== Args={}
2026-02-11 13:30:54,263 : INFO : SwitchController : Found active switch: (34, [FAST Platform Interface]) <switch.s_34_right_sling>
2026-02-11 13:30:54,264 : INFO : SwitchController : Found active switch: (44, [FAST Platform Interface]) <switch.s_44_spinner_right>
2026-02-11 13:30:54,264 : INFO : SwitchController : Found active switch: (11, [FAST Platform Interface]) <switch.s_59_saucer_right>
2026-02-11 13:30:54,264 : INFO : SwitchController : Found active switch: (16, [FAST Platform Interface]) <switch.s_64_varitarget_poisition_1>
2026-02-11 13:30:54,264 : INFO : SwitchController : Found active switch: (23, [FAST Platform Interface]) <switch.s_71_spinner_left>
2026-02-11 13:30:54,264 : INFO : SwitchController : Found active switch: (65, [FAST Platform Interface]) <switch.s_81_saucer_left>
2026-02-11 13:30:54,269 : INFO : ball_device.bd_plunger : BCH: Initial count: 0
2026-02-11 13:30:54,270 : INFO : ball_device.bd_plunger : State: idle
2026-02-11 13:30:54,270 : INFO : ball_device.bd_trough : BCH: Initial count: 0
2026-02-11 13:30:54,270 : INFO : ball_device.bd_trough : State: idle
2026-02-11 13:30:54,284 : INFO : EventManager : Event: ======'init_phase_3'====== Args={}
2026-02-11 13:30:54,286 : INFO : EventManager : Event: ======'init_phase_4'====== Args={}
2026-02-11 13:30:54,287 : INFO : BallController : Initial balls found: 0
2026-02-11 13:30:54,288 : INFO : EventManager : Event: ======'machine_var_audits_events_game_ended'====== Args={'value': 0, 'prev_value': None, 'change': True}
2026-02-11 13:30:54,288 : INFO : EventManager : Event: ======'machine_var_audits_events_game_started'====== Args={'value': 3, 'prev_value': None, 'change': True}
2026-02-11 13:30:54,288 : INFO : EventManager : Event: ======'machine_var_audits_missing_switches_s_0_service_esc'====== Args={'value': 3, 'prev_value': None, 'change': True}
2026-02-11 13:30:54,288 : INFO : EventManager : Event: ======'machine_var_audits_missing_switches_s_12_tilt_bob'====== Args={'value': 3, 'prev_value': None, 'change': True}
2026-02-11 13:30:54,288 : INFO : EventManager : Event: ======'machine_var_audits_missing_switches_s_13_coin_door'====== Args={'value': 3, 'prev_value': None, 'change': True}
2026-02-11 13:30:54,288 : INFO : EventManager : Event: ======'machine_var_audits_missing_switches_s_16_right_flipper'====== Args={'value': 1, 'prev_value': None, 'change': True}
2026-02-11 13:30:54,288 : INFO : EventManager : Event: ======'machine_var_audits_missing_switches_s_17_right_flipper_upper'====== Args={'value': 2, 'prev_value': None, 'change': True}
2026-02-11 13:30:54,288 : INFO : EventManager : Event: ======'machine_var_audits_missing_switches_s_19_cab_arrow_left'====== Args={'value': 3, 'prev_value': None, 'change': True}
2026-02-11 13:30:54,288 : INFO : EventManager : Event: ======'machine_var_audits_missing_switches_s_1_service_up'====== Args={'value': 3, 'prev_value': None, 'change': True}
2026-02-11 13:30:54,288 : INFO : EventManager : Event: ======'machine_var_audits_missing_switches_s_20_cab_arrow_right'====== Args={'value': 3, 'prev_value': None, 'change': True}
2026-02-11 13:30:54,288 : INFO : EventManager : Event: ======'machine_var_audits_missing_switches_s_25_trough_jam'====== Args={'value': 2, 'prev_value': None, 'change': True}
2026-02-11 13:30:54,288 : INFO : EventManager : Event: ======'machine_var_audits_missing_switches_s_26_trough_1'====== Args={'value': 1, 'prev_value': None, 'change': True}
2026-02-11 13:30:54,288 : INFO : EventManager : Event: ======'machine_var_audits_missing_switches_s_28_trough_3'====== Args={'value': 1, 'prev_value': None, 'change': True}
2026-02-11 13:30:54,288 : INFO : EventManager : Event: ======'machine_var_audits_missing_switches_s_29_trough_4'====== Args={'value': 1, 'prev_value': None, 'change': True}
2026-02-11 13:30:54,288 : INFO : EventManager : Event: ======'machine_var_audits_missing_switches_s_2_service_down'====== Args={'value': 3, 'prev_value': None, 'change': True}
2026-02-11 13:30:54,288 : INFO : EventManager : Event: ======'machine_var_audits_missing_switches_s_32_right_inlane'====== Args={'value': 1, 'prev_value': None, 'change': True}
2026-02-11 13:30:54,289 : INFO : EventManager : Event: ======'machine_var_audits_missing_switches_s_33_right_outlane'====== Args={'value': 3, 'prev_value': None, 'change': True}
2026-02-11 13:30:54,289 : INFO : EventManager : Event: ======'machine_var_audits_missing_switches_s_35_left_inlane'====== Args={'value': 3, 'prev_value': None, 'change': True}
2026-02-11 13:30:54,289 : INFO : EventManager : Event: ======'machine_var_audits_missing_switches_s_36_left_outlane'====== Args={'value': 3, 'prev_value': None, 'change': True}
2026-02-11 13:30:54,289 : INFO : EventManager : Event: ======'machine_var_audits_missing_switches_s_37_left_sling'====== Args={'value': 1, 'prev_value': None, 'change': True}
2026-02-11 13:30:54,289 : INFO : EventManager : Event: ======'machine_var_audits_missing_switches_s_38_top_lane_a'====== Args={'value': 3, 'prev_value': None, 'change': True}
2026-02-11 13:30:54,289 : INFO : EventManager : Event: ======'machine_var_audits_missing_switches_s_39_top_lane_b'====== Args={'value': 3, 'prev_value': None, 'change': True}
2026-02-11 13:30:54,289 : INFO : EventManager : Event: ======'machine_var_audits_missing_switches_s_3_service_enter'====== Args={'value': 3, 'prev_value': None, 'change': True}
2026-02-11 13:30:54,289 : INFO : EventManager : Event: ======'machine_var_audits_missing_switches_s_40_top_lane_c'====== Args={'value': 3, 'prev_value': None, 'change': True}
2026-02-11 13:30:54,289 : INFO : EventManager : Event: ======'machine_var_audits_missing_switches_s_41_pop_bumper_1'====== Args={'value': 2, 'prev_value': None, 'change': True}
2026-02-11 13:30:54,289 : INFO : EventManager : Event: ======'machine_var_audits_missing_switches_s_42_pop_bumper_2'====== Args={'value': 3, 'prev_value': None, 'change': True}
2026-02-11 13:30:54,289 : INFO : EventManager : Event: ======'machine_var_audits_missing_switches_s_44_spinner_left'====== Args={'value': 1, 'prev_value': None, 'change': True}
2026-02-11 13:30:54,289 : INFO : EventManager : Event: ======'machine_var_audits_missing_switches_s_45_spinner_right'====== Args={'value': 3, 'prev_value': None, 'change': True}
2026-02-11 13:30:54,289 : INFO : EventManager : Event: ======'machine_var_audits_missing_switches_s_45_varitarget_poisition_1'====== Args={'value': 3, 'prev_value': None, 'change': True}
2026-02-11 13:30:54,289 : INFO : EventManager : Event: ======'machine_var_audits_missing_switches_s_46_varitarget_poisition_2'====== Args={'value': 3, 'prev_value': None, 'change': True}
2026-02-11 13:30:54,289 : INFO : EventManager : Event: ======'machine_var_audits_missing_switches_s_47_varitarget_poisition_3'====== Args={'value': 3, 'prev_value': None, 'change': True}
2026-02-11 13:30:54,289 : INFO : EventManager : Event: ======'machine_var_audits_missing_switches_s_48_varitarget_poisition_4'====== Args={'value': 3, 'prev_value': None, 'change': True}
2026-02-11 13:30:54,289 : INFO : EventManager : Event: ======'machine_var_audits_missing_switches_s_49_varitarget_poisition_5'====== Args={'value': 3, 'prev_value': None, 'change': True}
2026-02-11 13:30:54,289 : INFO : EventManager : Event: ======'machine_var_audits_missing_switches_s_50_saucer_left'====== Args={'value': 3, 'prev_value': None, 'change': True}
2026-02-11 13:30:54,289 : INFO : EventManager : Event: ======'machine_var_audits_missing_switches_s_51_saucer_right'====== Args={'value': 2, 'prev_value': None, 'change': True}
2026-02-11 13:30:54,289 : INFO : EventManager : Event: ======'machine_var_audits_missing_switches_s_52_star_rollover_top'====== Args={'value': 3, 'prev_value': None, 'change': True}
2026-02-11 13:30:54,289 : INFO : EventManager : Event: ======'machine_var_audits_missing_switches_s_53_star_rollover_bottom'====== Args={'value': 3, 'prev_value': None, 'change': True}
2026-02-11 13:30:54,289 : INFO : EventManager : Event: ======'machine_var_audits_missing_switches_s_54_single_drop_1'====== Args={'value': 3, 'prev_value': None, 'change': True}
2026-02-11 13:30:54,290 : INFO : EventManager : Event: ======'machine_var_audits_missing_switches_s_55_fourbank_drop_1'====== Args={'value': 3, 'prev_value': None, 'change': True}
2026-02-11 13:30:54,290 : INFO : EventManager : Event: ======'machine_var_audits_missing_switches_s_56_fourbank_drop_2'====== Args={'value': 3, 'prev_value': None, 'change': True}
2026-02-11 13:30:54,290 : INFO : EventManager : Event: ======'machine_var_audits_missing_switches_s_57_fourbank_drop_3'====== Args={'value': 2, 'prev_value': None, 'change': True}
2026-02-11 13:30:54,290 : INFO : EventManager : Event: ======'machine_var_audits_missing_switches_s_58_fourbank_drop_4'====== Args={'value': 2, 'prev_value': None, 'change': True}
2026-02-11 13:30:54,290 : INFO : EventManager : Event: ======'machine_var_audits_missing_switches_s_59_threebank_drop_1'====== Args={'value': 2, 'prev_value': None, 'change': True}
2026-02-11 13:30:54,290 : INFO : EventManager : Event: ======'machine_var_audits_missing_switches_s_60_threebank_drop_2'====== Args={'value': 2, 'prev_value': None, 'change': True}
2026-02-11 13:30:54,290 : INFO : EventManager : Event: ======'machine_var_audits_missing_switches_s_61_threebank_drop_3'====== Args={'value': 3, 'prev_value': None, 'change': True}
2026-02-11 13:30:54,290 : INFO : EventManager : Event: ======'machine_var_audits_missing_switches_s_62_stand_up_target_1'====== Args={'value': 3, 'prev_value': None, 'change': True}
2026-02-11 13:30:54,290 : INFO : EventManager : Event: ======'machine_var_audits_missing_switches_s_63_stand_up_target_2'====== Args={'value': 2, 'prev_value': None, 'change': True}
2026-02-11 13:30:54,290 : INFO : EventManager : Event: ======'machine_var_audits_missing_switches_s_64_stand_up_target_3'====== Args={'value': 2, 'prev_value': None, 'change': True}
2026-02-11 13:30:54,290 : INFO : EventManager : Event: ======'machine_var_audits_missing_switches_s_65_stand_up_target_4'====== Args={'value': 3, 'prev_value': None, 'change': True}
2026-02-11 13:30:54,290 : INFO : EventManager : Event: ======'machine_var_audits_missing_switches_s_66_stand_up_target_5'====== Args={'value': 3, 'prev_value': None, 'change': True}
2026-02-11 13:30:54,290 : INFO : EventManager : Event: ======'machine_var_audits_missing_switches_s_67_stand_up_target_6'====== Args={'value': 3, 'prev_value': None, 'change': True}
2026-02-11 13:30:54,290 : INFO : EventManager : Event: ======'machine_var_audits_missing_switches_s_68_stand_up_target_7'====== Args={'value': 2, 'prev_value': None, 'change': True}
2026-02-11 13:30:54,290 : INFO : EventManager : Event: ======'machine_var_audits_missing_switches_s_69_stand_up_target_8'====== Args={'value': 1, 'prev_value': None, 'change': True}
2026-02-11 13:30:54,290 : INFO : EventManager : Event: ======'machine_var_audits_missing_switches_s_70_stand_up_target_9'====== Args={'value': 3, 'prev_value': None, 'change': True}
2026-02-11 13:30:54,290 : INFO : EventManager : Event: ======'machine_var_audits_missing_switches_s_71_stand_up_target_10'====== Args={'value': 3, 'prev_value': None, 'change': True}
2026-02-11 13:30:54,290 : INFO : EventManager : Event: ======'machine_var_audits_missing_switches_s_72_stand_up_target_11'====== Args={'value': 3, 'prev_value': None, 'change': True}
2026-02-11 13:30:54,290 : INFO : EventManager : Event: ======'machine_var_audits_missing_switches_s_8_left_flipper'====== Args={'value': 1, 'prev_value': None, 'change': True}
2026-02-11 13:30:54,291 : INFO : EventManager : Event: ======'machine_var_audits_player_score'====== Args={'value': {'average': 0, 'top': [], 'total': 0}, 'prev_value': None, 'change': True}
2026-02-11 13:30:54,291 : INFO : EventManager : Event: ======'machine_var_audits_switches_s_0_service_esc'====== Args={'value': 0, 'prev_value': None, 'change': True}
2026-02-11 13:30:54,291 : INFO : EventManager : Event: ======'machine_var_audits_switches_s_11_start_button'====== Args={'value': 6, 'prev_value': None, 'change': True}
2026-02-11 13:30:54,291 : INFO : EventManager : Event: ======'machine_var_audits_switches_s_12_tilt_bob'====== Args={'value': 0, 'prev_value': None, 'change': True}
2026-02-11 13:30:54,291 : INFO : EventManager : Event: ======'machine_var_audits_switches_s_13_coin_door'====== Args={'value': 0, 'prev_value': None, 'change': True}
2026-02-11 13:30:54,291 : INFO : EventManager : Event: ======'machine_var_audits_switches_s_16_right_flipper'====== Args={'value': 9, 'prev_value': None, 'change': True}
2026-02-11 13:30:54,291 : INFO : EventManager : Event: ======'machine_var_audits_switches_s_17_right_flipper_upper'====== Args={'value': 1, 'prev_value': None, 'change': True}
2026-02-11 13:30:54,291 : INFO : EventManager : Event: ======'machine_var_audits_switches_s_19_cab_arrow_left'====== Args={'value': 0, 'prev_value': None, 'change': True}
2026-02-11 13:30:54,291 : INFO : EventManager : Event: ======'machine_var_audits_switches_s_1_service_up'====== Args={'value': 0, 'prev_value': None, 'change': True}
2026-02-11 13:30:54,291 : INFO : EventManager : Event: ======'machine_var_audits_switches_s_20_cab_arrow_right'====== Args={'value': 0, 'prev_value': None, 'change': True}
2026-02-11 13:30:54,291 : INFO : EventManager : Event: ======'machine_var_audits_switches_s_24_plunger_lane'====== Args={'value': 19, 'prev_value': None, 'change': True}
2026-02-11 13:30:54,291 : INFO : EventManager : Event: ======'machine_var_audits_switches_s_25_trough_jam'====== Args={'value': 3, 'prev_value': None, 'change': True}
2026-02-11 13:30:54,291 : INFO : EventManager : Event: ======'machine_var_audits_switches_s_26_trough_1'====== Args={'value': 21, 'prev_value': None, 'change': True}
2026-02-11 13:30:54,291 : INFO : EventManager : Event: ======'machine_var_audits_switches_s_27_trough_2'====== Args={'value': 19, 'prev_value': None, 'change': True}
2026-02-11 13:30:54,291 : INFO : EventManager : Event: ======'machine_var_audits_switches_s_28_trough_3'====== Args={'value': 2, 'prev_value': None, 'change': True}
2026-02-11 13:30:54,291 : INFO : EventManager : Event: ======'machine_var_audits_switches_s_29_trough_4'====== Args={'value': 2, 'prev_value': None, 'change': True}
2026-02-11 13:30:54,291 : INFO : EventManager : Event: ======'machine_var_audits_switches_s_2_service_down'====== Args={'value': 0, 'prev_value': None, 'change': True}
2026-02-11 13:30:54,291 : INFO : EventManager : Event: ======'machine_var_audits_switches_s_32_right_inlane'====== Args={'value': 11, 'prev_value': None, 'change': True}
2026-02-11 13:30:54,291 : INFO : EventManager : Event: ======'machine_var_audits_switches_s_33_right_outlane'====== Args={'value': 0, 'prev_value': None, 'change': True}
2026-02-11 13:30:54,291 : INFO : EventManager : Event: ======'machine_var_audits_switches_s_34_right_sling'====== Args={'value': 10, 'prev_value': None, 'change': True}
2026-02-11 13:30:54,291 : INFO : EventManager : Event: ======'machine_var_audits_switches_s_35_left_inlane'====== Args={'value': 0, 'prev_value': None, 'change': True}
2026-02-11 13:30:54,291 : INFO : EventManager : Event: ======'machine_var_audits_switches_s_36_left_outlane'====== Args={'value': 0, 'prev_value': None, 'change': True}
2026-02-11 13:30:54,291 : INFO : EventManager : Event: ======'machine_var_audits_switches_s_37_left_sling'====== Args={'value': 19, 'prev_value': None, 'change': True}
2026-02-11 13:30:54,292 : INFO : EventManager : Event: ======'machine_var_audits_switches_s_38_top_lane_a'====== Args={'value': 0, 'prev_value': None, 'change': True}
2026-02-11 13:30:54,292 : INFO : EventManager : Event: ======'machine_var_audits_switches_s_39_top_lane_b'====== Args={'value': 0, 'prev_value': None, 'change': True}
2026-02-11 13:30:54,292 : INFO : EventManager : Event: ======'machine_var_audits_switches_s_3_service_enter'====== Args={'value': 0, 'prev_value': None, 'change': True}
2026-02-11 13:30:54,292 : INFO : EventManager : Event: ======'machine_var_audits_switches_s_40_top_lane_c'====== Args={'value': 0, 'prev_value': None, 'change': True}
2026-02-11 13:30:54,292 : INFO : EventManager : Event: ======'machine_var_audits_switches_s_41_pop_bumper_1'====== Args={'value': 1, 'prev_value': None, 'change': True}
2026-02-11 13:30:54,292 : INFO : EventManager : Event: ======'machine_var_audits_switches_s_42_pop_bumper_2'====== Args={'value': 0, 'prev_value': None, 'change': True}
2026-02-11 13:30:54,292 : INFO : EventManager : Event: ======'machine_var_audits_switches_s_43_pop_bumper_3'====== Args={'value': 16, 'prev_value': None, 'change': True}
2026-02-11 13:30:54,292 : INFO : EventManager : Event: ======'machine_var_audits_switches_s_44_spinner_left'====== Args={'value': 8, 'prev_value': None, 'change': True}
2026-02-11 13:30:54,292 : INFO : EventManager : Event: ======'machine_var_audits_switches_s_45_spinner_right'====== Args={'value': 0, 'prev_value': None, 'change': True}
2026-02-11 13:30:54,292 : INFO : EventManager : Event: ======'machine_var_audits_switches_s_45_varitarget_poisition_1'====== Args={'value': 0, 'prev_value': None, 'change': True}
2026-02-11 13:30:54,292 : INFO : EventManager : Event: ======'machine_var_audits_switches_s_46_varitarget_poisition_2'====== Args={'value': 0, 'prev_value': None, 'change': True}
2026-02-11 13:30:54,292 : INFO : EventManager : Event: ======'machine_var_audits_switches_s_47_varitarget_poisition_3'====== Args={'value': 0, 'prev_value': None, 'change': True}
2026-02-11 13:30:54,292 : INFO : EventManager : Event: ======'machine_var_audits_switches_s_48_varitarget_poisition_4'====== Args={'value': 0, 'prev_value': None, 'change': True}
2026-02-11 13:30:54,292 : INFO : EventManager : Event: ======'machine_var_audits_switches_s_49_varitarget_poisition_5'====== Args={'value': 0, 'prev_value': None, 'change': True}
2026-02-11 13:30:54,292 : INFO : EventManager : Event: ======'machine_var_audits_switches_s_50_saucer_left'====== Args={'value': 0, 'prev_value': None, 'change': True}
2026-02-11 13:30:54,292 : INFO : EventManager : Event: ======'machine_var_audits_switches_s_51_saucer_right'====== Args={'value': 2, 'prev_value': None, 'change': True}
2026-02-11 13:30:54,292 : INFO : EventManager : Event: ======'machine_var_audits_switches_s_52_star_rollover_top'====== Args={'value': 0, 'prev_value': None, 'change': True}
2026-02-11 13:30:54,292 : INFO : EventManager : Event: ======'machine_var_audits_switches_s_53_star_rollover_bottom'====== Args={'value': 0, 'prev_value': None, 'change': True}
2026-02-11 13:30:54,292 : INFO : EventManager : Event: ======'machine_var_audits_switches_s_54_single_drop_1'====== Args={'value': 0, 'prev_value': None, 'change': True}
2026-02-11 13:30:54,292 : INFO : EventManager : Event: ======'machine_var_audits_switches_s_55_fourbank_drop_1'====== Args={'value': 0, 'prev_value': None, 'change': True}
2026-02-11 13:30:54,292 : INFO : EventManager : Event: ======'machine_var_audits_switches_s_56_fourbank_drop_2'====== Args={'value': 0, 'prev_value': None, 'change': True}
2026-02-11 13:30:54,292 : INFO : EventManager : Event: ======'machine_var_audits_switches_s_57_fourbank_drop_3'====== Args={'value': 1, 'prev_value': None, 'change': True}
2026-02-11 13:30:54,293 : INFO : EventManager : Event: ======'machine_var_audits_switches_s_58_fourbank_drop_4'====== Args={'value': 1, 'prev_value': None, 'change': True}
2026-02-11 13:30:54,293 : INFO : EventManager : Event: ======'machine_var_audits_switches_s_59_threebank_drop_1'====== Args={'value': 1, 'prev_value': None, 'change': True}
2026-02-11 13:30:54,293 : INFO : EventManager : Event: ======'machine_var_audits_switches_s_60_threebank_drop_2'====== Args={'value': 1, 'prev_value': None, 'change': True}
2026-02-11 13:30:54,293 : INFO : EventManager : Event: ======'machine_var_audits_switches_s_61_threebank_drop_3'====== Args={'value': 0, 'prev_value': None, 'change': True}
2026-02-11 13:30:54,293 : INFO : EventManager : Event: ======'machine_var_audits_switches_s_62_stand_up_target_1'====== Args={'value': 0, 'prev_value': None, 'change': True}
2026-02-11 13:30:54,293 : INFO : EventManager : Event: ======'machine_var_audits_switches_s_63_stand_up_target_2'====== Args={'value': 1, 'prev_value': None, 'change': True}
2026-02-11 13:30:54,293 : INFO : EventManager : Event: ======'machine_var_audits_switches_s_64_stand_up_target_3'====== Args={'value': 1, 'prev_value': None, 'change': True}
2026-02-11 13:30:54,293 : INFO : EventManager : Event: ======'machine_var_audits_switches_s_65_stand_up_target_4'====== Args={'value': 0, 'prev_value': None, 'change': True}
2026-02-11 13:30:54,293 : INFO : EventManager : Event: ======'machine_var_audits_switches_s_66_stand_up_target_5'====== Args={'value': 0, 'prev_value': None, 'change': True}
2026-02-11 13:30:54,293 : INFO : EventManager : Event: ======'machine_var_audits_switches_s_67_stand_up_target_6'====== Args={'value': 0, 'prev_value': None, 'change': True}
2026-02-11 13:30:54,293 : INFO : EventManager : Event: ======'machine_var_audits_switches_s_68_stand_up_target_7'====== Args={'value': 1, 'prev_value': None, 'change': True}
2026-02-11 13:30:54,293 : INFO : EventManager : Event: ======'machine_var_audits_switches_s_69_stand_up_target_8'====== Args={'value': 2, 'prev_value': None, 'change': True}
2026-02-11 13:30:54,293 : INFO : EventManager : Event: ======'machine_var_audits_switches_s_70_stand_up_target_9'====== Args={'value': 0, 'prev_value': None, 'change': True}
2026-02-11 13:30:54,293 : INFO : EventManager : Event: ======'machine_var_audits_switches_s_71_stand_up_target_10'====== Args={'value': 0, 'prev_value': None, 'change': True}
2026-02-11 13:30:54,293 : INFO : EventManager : Event: ======'machine_var_audits_switches_s_72_stand_up_target_11'====== Args={'value': 0, 'prev_value': None, 'change': True}
2026-02-11 13:30:54,293 : INFO : EventManager : Event: ======'machine_var_audits_switches_s_8_left_flipper'====== Args={'value': 17, 'prev_value': None, 'change': True}
2026-02-11 13:30:54,293 : INFO : EventManager : Event: ======'machine_var_audits_switches_s_24_trough_1'====== Args={'value': 0, 'prev_value': None, 'change': True}
2026-02-11 13:30:54,293 : INFO : EventManager : Event: ======'machine_var_audits_switches_s_26_trough_3'====== Args={'value': 0, 'prev_value': None, 'change': True}
2026-02-11 13:30:54,293 : INFO : EventManager : Event: ======'machine_var_audits_switches_s_43_stand_up_target_10'====== Args={'value': 0, 'prev_value': None, 'change': True}
2026-02-11 13:30:54,293 : INFO : EventManager : Event: ======'machine_var_audits_switches_s_56_pop_bumper_right'====== Args={'value': 0, 'prev_value': None, 'change': True}
2026-02-11 13:30:54,293 : INFO : EventManager : Event: ======'machine_var_audits_switches_s_57_pop_bumper_center'====== Args={'value': 0, 'prev_value': None, 'change': True}
2026-02-11 13:30:54,293 : INFO : EventManager : Event: ======'machine_var_audits_switches_s_79_threebank_drop_3'====== Args={'value': 0, 'prev_value': None, 'change': True}
2026-02-11 13:30:54,294 : INFO : EventManager : Event: ======'machine_var_audits_switches_s_71_spinner_left'====== Args={'value': 0, 'prev_value': None, 'change': True}
2026-02-11 13:30:54,294 : INFO : EventManager : Event: ======'machine_var_audits_switches_s_74_fourbank_drop_2'====== Args={'value': 0, 'prev_value': None, 'change': True}
2026-02-11 13:30:54,294 : INFO : EventManager : Event: ======'machine_var_audits_switches_s_27_trough_4'====== Args={'value': 0, 'prev_value': None, 'change': True}
2026-02-11 13:30:54,294 : INFO : EventManager : Event: ======'machine_var_audits_switches_s_29_trough_6'====== Args={'value': 0, 'prev_value': None, 'change': True}
2026-02-11 13:30:54,294 : INFO : EventManager : Event: ======'machine_var_audits_switches_s_86_stand_up_target_bank_5'====== Args={'value': 0, 'prev_value': None, 'change': True}
2026-02-11 13:30:54,294 : INFO : EventManager : Event: ======'machine_var_audits_switches_s_81_saucer_left'====== Args={'value': 0, 'prev_value': None, 'change': True}
2026-02-11 13:30:54,294 : INFO : EventManager : Event: ======'machine_var_audits_switches_s_38_star_rollover_bottom'====== Args={'value': 0, 'prev_value': None, 'change': True}
2026-02-11 13:30:54,294 : INFO : EventManager : Event: ======'machine_var_audits_switches_s_25_trough_2'====== Args={'value': 0, 'prev_value': None, 'change': True}
2026-02-11 13:30:54,294 : INFO : EventManager : Event: ======'machine_var_audits_switches_s_72_single_drop_1'====== Args={'value': 0, 'prev_value': None, 'change': True}
2026-02-11 13:30:54,294 : INFO : EventManager : Event: ======'machine_var_audits_switches_s_84_stand_up_target_bank_3'====== Args={'value': 0, 'prev_value': None, 'change': True}
2026-02-11 13:30:54,294 : INFO : EventManager : Event: ======'machine_var_audits_switches_s_83_stand_up_target_bank_2'====== Args={'value': 0, 'prev_value': None, 'change': True}
2026-02-11 13:30:54,294 : INFO : EventManager : Event: ======'machine_var_audits_switches_s_44_spinner_right'====== Args={'value': 0, 'prev_value': None, 'change': True}
2026-02-11 13:30:54,294 : INFO : EventManager : Event: ======'machine_var_audits_switches_s_58_pop_bumper_left'====== Args={'value': 0, 'prev_value': None, 'change': True}
2026-02-11 13:30:54,294 : INFO : EventManager : Event: ======'machine_var_audits_switches_s_87_stand_up_target_bank_6'====== Args={'value': 0, 'prev_value': None, 'change': True}
2026-02-11 13:30:54,294 : INFO : EventManager : Event: ======'machine_var_audits_switches_s_61_top_lane_b'====== Args={'value': 0, 'prev_value': None, 'change': True}
2026-02-11 13:30:54,294 : INFO : EventManager : Event: ======'machine_var_audits_switches_s_59_saucer_right'====== Args={'value': 0, 'prev_value': None, 'change': True}
2026-02-11 13:30:54,294 : INFO : EventManager : Event: ======'machine_var_audits_switches_s_39_star_rollover_top'====== Args={'value': 0, 'prev_value': None, 'change': True}
2026-02-11 13:30:54,294 : INFO : EventManager : Event: ======'machine_var_audits_switches_s_78_threebank_drop_2'====== Args={'value': 0, 'prev_value': None, 'change': True}
2026-02-11 13:30:54,294 : INFO : EventManager : Event: ======'machine_var_audits_switches_s_63_stand_up_target_11'====== Args={'value': 0, 'prev_value': None, 'change': True}
2026-02-11 13:30:54,294 : INFO : EventManager : Event: ======'machine_var_audits_switches_s_80_stand_up_target_1'====== Args={'value': 0, 'prev_value': None, 'change': True}
2026-02-11 13:30:54,294 : INFO : EventManager : Event: ======'machine_var_audits_switches_s_73_fourbank_drop_1'====== Args={'value': 0, 'prev_value': None, 'change': True}
2026-02-11 13:30:54,295 : INFO : EventManager : Event: ======'machine_var_audits_switches_s_31_plunger_lane'====== Args={'value': 0, 'prev_value': None, 'change': True}
2026-02-11 13:30:54,295 : INFO : EventManager : Event: ======'machine_var_audits_switches_s_75_fourbank_drop_3'====== Args={'value': 0, 'prev_value': None, 'change': True}
2026-02-11 13:30:54,295 : INFO : EventManager : Event: ======'machine_var_audits_switches_s_77_threebank_drop_1'====== Args={'value': 0, 'prev_value': None, 'change': True}
2026-02-11 13:30:54,295 : INFO : EventManager : Event: ======'machine_var_audits_switches_s_66_varitarget_poisition_3'====== Args={'value': 0, 'prev_value': None, 'change': True}
2026-02-11 13:30:54,295 : INFO : EventManager : Event: ======'machine_var_audits_switches_s_28_trough_5'====== Args={'value': 0, 'prev_value': None, 'change': True}
2026-02-11 13:30:54,295 : INFO : EventManager : Event: ======'machine_var_audits_switches_s_30_trough_jam'====== Args={'value': 0, 'prev_value': None, 'change': True}
2026-02-11 13:30:54,295 : INFO : EventManager : Event: ======'machine_var_audits_switches_s_69_varitarget_poisition_6'====== Args={'value': 0, 'prev_value': None, 'change': True}
2026-02-11 13:30:54,295 : INFO : EventManager : Event: ======'machine_var_audits_switches_s_76_fourbank_drop_4'====== Args={'value': 0, 'prev_value': None, 'change': True}
2026-02-11 13:30:54,295 : INFO : EventManager : Event: ======'machine_var_audits_switches_s_40_stand_up_target_7'====== Args={'value': 0, 'prev_value': None, 'change': True}
2026-02-11 13:30:54,295 : INFO : EventManager : Event: ======'machine_var_audits_switches_s_65_varitarget_poisition_2'====== Args={'value': 0, 'prev_value': None, 'change': True}
2026-02-11 13:30:54,295 : INFO : EventManager : Event: ======'machine_var_audits_switches_s_64_varitarget_poisition_1'====== Args={'value': 0, 'prev_value': None, 'change': True}
2026-02-11 13:30:54,295 : INFO : EventManager : Event: ======'machine_var_audits_switches_s_60_top_lane_c'====== Args={'value': 0, 'prev_value': None, 'change': True}
2026-02-11 13:30:54,295 : INFO : EventManager : Event: ======'machine_var_audits_switches_s_62_top_lane_a'====== Args={'value': 0, 'prev_value': None, 'change': True}
2026-02-11 13:30:54,295 : INFO : EventManager : Event: ======'machine_var_audits_switches_s_68_varitarget_poisition_5'====== Args={'value': 0, 'prev_value': None, 'change': True}
2026-02-11 13:30:54,295 : INFO : EventManager : Event: ======'machine_var_audits_switches_s_41_stand_up_target_8'====== Args={'value': 0, 'prev_value': None, 'change': True}
2026-02-11 13:30:54,296 : INFO : EventManager : Event: ======'machine_var_audits_switches_s_82_stand_up_target_bank_1'====== Args={'value': 0, 'prev_value': None, 'change': True}
2026-02-11 13:30:54,296 : INFO : EventManager : Event: ======'machine_var_audits_switches_s_85_stand_up_target_bank_4'====== Args={'value': 0, 'prev_value': None, 'change': True}
2026-02-11 13:30:54,296 : INFO : EventManager : Event: ======'machine_var_audits_switches_s_42_stand_up_target_9'====== Args={'value': 0, 'prev_value': None, 'change': True}
2026-02-11 13:30:54,296 : INFO : EventManager : Event: ======'machine_var_audits_switches_s_70_varitarget_poisition_7'====== Args={'value': 0, 'prev_value': None, 'change': True}
2026-02-11 13:30:54,296 : INFO : EventManager : Event: ======'machine_var_audits_switches_s_67_varitarget_poisition_4'====== Args={'value': 0, 'prev_value': None, 'change': True}
2026-02-11 13:30:54,296 : INFO : EventManager : Event: ======'init_phase_5'====== Args={}
2026-02-11 13:30:54,297 : INFO : EventManager : Event: ======'init_done'====== Args={}
2026-02-11 13:30:54,297 : INFO : EventManager : Event: ======'machine_reset_phase_1'====== Args={}
2026-02-11 13:30:54,298 : INFO : EventManager : Event: ======'machine_reset_phase_2'====== Args={}
2026-02-11 13:30:54,298 : INFO : EventManager : Event: ======'machine_reset_phase_3'====== Args={}
2026-02-11 13:30:54,299 : INFO : EventManager : Event: ======'reset_complete'====== Args={}
2026-02-11 13:30:54,299 : INFO : EventManager : Event: ======'mode_attract_will_start'====== Args={}
2026-02-11 13:30:54,299 : INFO : Timer.attract_carousel_timer : Starting Timer.
2026-02-11 13:30:54,300 : INFO : EventManager : Event: ======'timer_attract_carousel_timer_started'====== Args={'ticks': 0, 'ticks_remaining': 1}
2026-02-11 13:30:54,300 : INFO : EventManager : Event: ======'timer_attract_carousel_timer_tick'====== Args={'ticks': 0, 'ticks_remaining': 1}
2026-02-11 13:30:54,300 : INFO : EventManager : Event: ======'mode_attract_starting'====== Args={}
2026-02-11 13:30:54,300 : INFO : drop_target_bank.dtb_characters : All targets are already up. Will not reset bank.
2026-02-11 13:30:54,300 : INFO : drop_target_bank.dtb_rollover : All targets are already up. Will not reset bank.
2026-02-11 13:30:54,300 : INFO : Mode.attract : Started. Priority: 10
2026-02-11 13:30:54,300 : INFO : EventManager : Event: ======'modes_active_modes_changed'====== Args={}
2026-02-11 13:30:54,300 : INFO : EventManager : Event: ======'mode_attract_started'====== Args={}
2026-02-11 13:30:54,301 : INFO : EventManager : Event: ======'collecting_balls_complete'====== Args={}
2026-02-11 13:30:54,301 : INFO : EventManager : Event: ======'carousel_item_highlighted'====== Args={'carousel': 'attract', 'direction': None, 'item': 'title'}
2026-02-11 13:30:54,302 : INFO : Machine : Starting the main run loop with active modes: [<Mode.attract>]
2026-02-11 13:30:56,978 : INFO : SwitchController : <<<<<<< 's_31_plunger_lane' active >>>>>>>
2026-02-11 13:30:57,170 : INFO : SwitchController : <<<<<<< 's_31_plunger_lane' inactive >>>>>>>
2026-02-11 13:30:57,409 : INFO : SwitchController : <<<<<<< 's_31_plunger_lane' active >>>>>>>
2026-02-11 13:30:57,585 : INFO : SwitchController : <<<<<<< 's_31_plunger_lane' inactive >>>>>>>
2026-02-11 13:30:57,649 : INFO : SwitchController : <<<<<<< 's_31_plunger_lane' active >>>>>>>
2026-02-11 13:30:57,760 : INFO : SwitchController : <<<<<<< 's_31_plunger_lane' inactive >>>>>>>
2026-02-11 13:30:57,807 : INFO : SwitchController : <<<<<<< 's_31_plunger_lane' active >>>>>>>
2026-02-11 13:30:57,919 : INFO : SwitchController : <<<<<<< 's_31_plunger_lane' inactive >>>>>>>
2026-02-11 13:30:57,967 : INFO : SwitchController : <<<<<<< 's_31_plunger_lane' active >>>>>>>
2026-02-11 13:30:58,079 : INFO : SwitchController : <<<<<<< 's_31_plunger_lane' inactive >>>>>>>
2026-02-11 13:30:58,079 : INFO : SwitchController : <<<<<<< 's_31_plunger_lane' active >>>>>>>
2026-02-11 13:30:58,191 : INFO : SwitchController : <<<<<<< 's_31_plunger_lane' inactive >>>>>>>
2026-02-11 13:30:58,239 : INFO : SwitchController : <<<<<<< 's_31_plunger_lane' active >>>>>>>
2026-02-11 13:30:58,334 : INFO : SwitchController : <<<<<<< 's_31_plunger_lane' inactive >>>>>>>
2026-02-11 13:30:58,350 : INFO : SwitchController : <<<<<<< 's_31_plunger_lane' active >>>>>>>
2026-02-11 13:30:58,462 : INFO : SwitchController : <<<<<<< 's_31_plunger_lane' inactive >>>>>>>
2026-02-11 13:30:58,510 : INFO : SwitchController : <<<<<<< 's_31_plunger_lane' active >>>>>>>
2026-02-11 13:30:58,606 : INFO : SwitchController : <<<<<<< 's_31_plunger_lane' inactive >>>>>>>
2026-02-11 13:30:58,670 : INFO : SwitchController : <<<<<<< 's_31_plunger_lane' active >>>>>>>
2026-02-11 13:30:58,766 : INFO : SwitchController : <<<<<<< 's_31_plunger_lane' inactive >>>>>>>
2026-02-11 13:30:58,829 : INFO : SwitchController : <<<<<<< 's_31_plunger_lane' active >>>>>>>
2026-02-11 13:30:58,877 : INFO : SwitchController : <<<<<<< 's_31_plunger_lane' inactive >>>>>>>
2026-02-11 13:30:59,293 : INFO : Timer.attract_carousel_timer : Timer Complete
2026-02-11 13:30:59,293 : INFO : Timer.attract_carousel_timer : Stopping Timer
2026-02-11 13:30:59,293 : INFO : EventManager : Event: ======'timer_attract_carousel_timer_stopped'====== Args={'ticks': 1, 'ticks_remaining': 1}
2026-02-11 13:30:59,293 : INFO : EventManager : Event: ======'timer_attract_carousel_timer_complete'====== Args={'ticks': 1, 'ticks_remaining': 1}
2026-02-11 13:30:59,293 : INFO : EventManager : Event: ======'carousel_item_highlighted'====== Args={'carousel': 'attract', 'direction': 'forwards', 'item': 'credits'}
2026-02-11 13:49:36,575 : INFO : SwitchController : <<<<<<< 's_64_varitarget_poisition_1' inactive >>>>>>>
2026-02-11 14:25:09,955 : INFO : SwitchController : <<<<<<< 's_31_plunger_lane' active >>>>>>>
2026-02-11 14:25:10,018 : INFO : SwitchController : <<<<<<< 's_31_plunger_lane' inactive >>>>>>>
2026-02-11 14:25:10,816 : INFO : SwitchController : <<<<<<< 's_31_plunger_lane' active >>>>>>>
2026-02-11 14:25:10,943 : INFO : SwitchController : <<<<<<< 's_31_plunger_lane' inactive >>>>>>>
2026-02-11 14:25:11,023 : INFO : SwitchController : <<<<<<< 's_31_plunger_lane' active >>>>>>>
2026-02-11 14:25:11,103 : INFO : SwitchController : <<<<<<< 's_31_plunger_lane' inactive >>>>>>>
2026-02-11 14:25:11,183 : INFO : SwitchController : <<<<<<< 's_31_plunger_lane' active >>>>>>>
2026-02-11 14:25:11,247 : INFO : SwitchController : <<<<<<< 's_31_plunger_lane' inactive >>>>>>>
2026-02-11 14:25:11,311 : INFO : SwitchController : <<<<<<< 's_31_plunger_lane' active >>>>>>>
2026-02-11 14:25:11,391 : INFO : SwitchController : <<<<<<< 's_31_plunger_lane' inactive >>>>>>>
2026-02-11 14:25:11,471 : INFO : SwitchController : <<<<<<< 's_31_plunger_lane' active >>>>>>>
2026-02-11 14:25:11,519 : INFO : SwitchController : <<<<<<< 's_31_plunger_lane' inactive >>>>>>>
2026-02-11 14:25:11,615 : INFO : SwitchController : <<<<<<< 's_31_plunger_lane' active >>>>>>>
2026-02-11 14:25:11,679 : INFO : SwitchController : <<<<<<< 's_31_plunger_lane' inactive >>>>>>>
2026-02-11 14:25:11,775 : INFO : SwitchController : <<<<<<< 's_31_plunger_lane' active >>>>>>>
2026-02-11 14:25:11,839 : INFO : SwitchController : <<<<<<< 's_31_plunger_lane' inactive >>>>>>>
2026-02-11 14:25:11,919 : INFO : SwitchController : <<<<<<< 's_31_plunger_lane' active >>>>>>>
2026-02-11 14:25:11,951 : INFO : SwitchController : <<<<<<< 's_31_plunger_lane' inactive >>>>>>>
2026-02-11 14:25:12,079 : INFO : SwitchController : <<<<<<< 's_31_plunger_lane' active >>>>>>>
2026-02-11 14:25:12,111 : INFO : SwitchController : <<<<<<< 's_31_plunger_lane' inactive >>>>>>>
2026-02-11 14:25:12,239 : INFO : SwitchController : <<<<<<< 's_31_plunger_lane' active >>>>>>>
2026-02-11 14:25:12,319 : INFO : SwitchController : <<<<<<< 's_31_plunger_lane' inactive >>>>>>>
2026-02-11 14:25:13,358 : INFO : SwitchController : <<<<<<< 's_31_plunger_lane' active >>>>>>>
2026-02-11 14:25:13,453 : INFO : SwitchController : <<<<<<< 's_31_plunger_lane' inactive >>>>>>>
2026-02-11 14:25:13,789 : INFO : SwitchController : <<<<<<< 's_31_plunger_lane' active >>>>>>>
2026-02-11 14:25:13,821 : INFO : SwitchController : <<<<<<< 's_31_plunger_lane' inactive >>>>>>>
2026-02-11 14:25:13,901 : INFO : SwitchController : <<<<<<< 's_31_plunger_lane' active >>>>>>>
2026-02-11 14:25:14,013 : INFO : SwitchController : <<<<<<< 's_31_plunger_lane' inactive >>>>>>>
2026-02-11 14:25:14,093 : INFO : SwitchController : <<<<<<< 's_31_plunger_lane' active >>>>>>>
2026-02-11 14:25:14,189 : INFO : SwitchController : <<<<<<< 's_31_plunger_lane' inactive >>>>>>>
2026-02-11 14:25:14,268 : INFO : SwitchController : <<<<<<< 's_31_plunger_lane' active >>>>>>>
2026-02-11 14:25:14,380 : INFO : SwitchController : <<<<<<< 's_31_plunger_lane' inactive >>>>>>>
2026-02-11 14:25:14,428 : INFO : SwitchController : <<<<<<< 's_31_plunger_lane' active >>>>>>>
2026-02-11 14:25:14,555 : INFO : SwitchController : <<<<<<< 's_31_plunger_lane' inactive >>>>>>>
2026-02-11 14:25:14,619 : INFO : SwitchController : <<<<<<< 's_31_plunger_lane' active >>>>>>>
2026-02-11 14:25:14,747 : INFO : SwitchController : <<<<<<< 's_31_plunger_lane' inactive >>>>>>>
2026-02-11 14:25:25,366 : INFO : SwitchController : <<<<<<< 's_33_right_outlane' active >>>>>>>
2026-02-11 14:25:25,478 : INFO : SwitchController : <<<<<<< 's_33_right_outlane' inactive >>>>>>>
2026-02-11 14:25:25,557 : INFO : SwitchController : <<<<<<< 's_33_right_outlane' active >>>>>>>
2026-02-11 14:25:25,605 : INFO : SwitchController : <<<<<<< 's_33_right_outlane' inactive >>>>>>>
2026-02-11 14:25:28,128 : INFO : SwitchController : <<<<<<< 's_32_right_inlane' active >>>>>>>
2026-02-11 14:25:28,191 : INFO : SwitchController : <<<<<<< 's_32_right_inlane' inactive >>>>>>>
2026-02-11 14:25:28,351 : INFO : SwitchController : <<<<<<< 's_32_right_inlane' active >>>>>>>
2026-02-11 14:25:28,415 : INFO : SwitchController : <<<<<<< 's_32_right_inlane' inactive >>>>>>>
2026-02-11 14:25:29,278 : INFO : SwitchController : <<<<<<< 's_32_right_inlane' active >>>>>>>
2026-02-11 14:25:29,357 : INFO : SwitchController : <<<<<<< 's_32_right_inlane' inactive >>>>>>>
2026-02-11 14:25:29,485 : INFO : SwitchController : <<<<<<< 's_32_right_inlane' active >>>>>>>
2026-02-11 14:25:29,533 : INFO : SwitchController : <<<<<<< 's_32_right_inlane' inactive >>>>>>>
2026-02-11 14:25:29,661 : INFO : SwitchController : <<<<<<< 's_32_right_inlane' active >>>>>>>
2026-02-11 14:25:29,725 : INFO : SwitchController : <<<<<<< 's_32_right_inlane' inactive >>>>>>>
2026-02-11 14:25:29,837 : INFO : SwitchController : <<<<<<< 's_32_right_inlane' active >>>>>>>
2026-02-11 14:25:29,885 : INFO : SwitchController : <<<<<<< 's_32_right_inlane' inactive >>>>>>>
2026-02-11 14:25:36,208 : INFO : SwitchController : <<<<<<< 's_36_left_outlane' active >>>>>>>
2026-02-11 14:25:36,256 : INFO : SwitchController : <<<<<<< 's_36_left_outlane' inactive >>>>>>>
2026-02-11 14:25:36,383 : INFO : SwitchController : <<<<<<< 's_36_left_outlane' active >>>>>>>
2026-02-11 14:25:36,431 : INFO : SwitchController : <<<<<<< 's_36_left_outlane' inactive >>>>>>>
2026-02-11 14:25:37,629 : INFO : SwitchController : <<<<<<< 's_35_left_inlane' active >>>>>>>
2026-02-11 14:25:37,709 : INFO : SwitchController : <<<<<<< 's_35_left_inlane' inactive >>>>>>>
2026-02-11 14:25:37,836 : INFO : SwitchController : <<<<<<< 's_35_left_inlane' active >>>>>>>
2026-02-11 14:25:37,884 : INFO : SwitchController : <<<<<<< 's_35_left_inlane' inactive >>>>>>>
2026-02-11 14:25:37,996 : INFO : SwitchController : <<<<<<< 's_35_left_inlane' active >>>>>>>
2026-02-11 14:25:38,012 : INFO : SwitchController : <<<<<<< 's_35_left_inlane' inactive >>>>>>>
2026-02-11 14:25:38,347 : INFO : SwitchController : <<<<<<< 's_35_left_inlane' active >>>>>>>
2026-02-11 14:25:38,379 : INFO : SwitchController : <<<<<<< 's_35_left_inlane' inactive >>>>>>>
2026-02-11 14:25:38,507 : INFO : SwitchController : <<<<<<< 's_35_left_inlane' active >>>>>>>
2026-02-11 14:25:38,555 : INFO : SwitchController : <<<<<<< 's_35_left_inlane' inactive >>>>>>>
2026-02-11 14:25:38,651 : INFO : SwitchController : <<<<<<< 's_35_left_inlane' active >>>>>>>
2026-02-11 14:25:38,699 : INFO : SwitchController : <<<<<<< 's_35_left_inlane' inactive >>>>>>>
2026-02-11 14:25:44,163 : INFO : SwitchController : <<<<<<< 's_42_stand_up_target_9' active >>>>>>>
2026-02-11 14:25:44,498 : INFO : SwitchController : <<<<<<< 's_42_stand_up_target_9' inactive >>>>>>>
2026-02-11 14:25:45,153 : INFO : SwitchController : <<<<<<< 's_42_stand_up_target_9' active >>>>>>>
2026-02-11 14:25:45,281 : INFO : SwitchController : <<<<<<< 's_42_stand_up_target_9' inactive >>>>>>>
2026-02-11 14:25:45,809 : INFO : SwitchController : <<<<<<< 's_42_stand_up_target_9' active >>>>>>>
2026-02-11 14:25:45,968 : INFO : SwitchController : <<<<<<< 's_42_stand_up_target_9' inactive >>>>>>>
2026-02-11 14:25:46,782 : INFO : SwitchController : <<<<<<< 's_42_stand_up_target_9' active >>>>>>>
2026-02-11 14:25:46,926 : INFO : SwitchController : <<<<<<< 's_42_stand_up_target_9' inactive >>>>>>>
2026-02-11 14:25:47,324 : INFO : SwitchController : <<<<<<< 's_42_stand_up_target_9' active >>>>>>>
2026-02-11 14:25:47,468 : INFO : SwitchController : <<<<<<< 's_42_stand_up_target_9' inactive >>>>>>>
2026-02-11 14:25:47,724 : INFO : SwitchController : <<<<<<< 's_42_stand_up_target_9' active >>>>>>>
2026-02-11 14:25:47,740 : INFO : SwitchController : <<<<<<< 's_42_stand_up_target_9' inactive >>>>>>>
2026-02-11 14:25:48,954 : INFO : SwitchController : <<<<<<< 's_42_stand_up_target_9' active >>>>>>>
2026-02-11 14:25:49,146 : INFO : SwitchController : <<<<<<< 's_42_stand_up_target_9' inactive >>>>>>>
2026-02-11 14:25:55,277 : INFO : SwitchController : <<<<<<< 's_41_stand_up_target_8' active >>>>>>>
2026-02-11 14:25:55,277 : INFO : SwitchController : <<<<<<< 's_41_stand_up_target_8' inactive >>>>>>>
2026-02-11 14:25:55,931 : INFO : SwitchController : <<<<<<< 's_41_stand_up_target_8' active >>>>>>>
2026-02-11 14:25:56,107 : INFO : SwitchController : <<<<<<< 's_41_stand_up_target_8' inactive >>>>>>>
2026-02-11 14:25:56,155 : INFO : SwitchController : <<<<<<< 's_41_stand_up_target_8' active >>>>>>>
2026-02-11 14:25:56,299 : INFO : SwitchController : <<<<<<< 's_41_stand_up_target_8' inactive >>>>>>>
2026-02-11 14:25:56,346 : INFO : SwitchController : <<<<<<< 's_41_stand_up_target_8' active >>>>>>>
2026-02-11 14:25:56,474 : INFO : SwitchController : <<<<<<< 's_41_stand_up_target_8' inactive >>>>>>>
2026-02-11 14:25:57,129 : INFO : SwitchController : <<<<<<< 's_40_stand_up_target_7' active >>>>>>>
2026-02-11 14:25:57,287 : INFO : SwitchController : <<<<<<< 's_40_stand_up_target_7' inactive >>>>>>>
2026-02-11 14:25:57,399 : INFO : SwitchController : <<<<<<< 's_40_stand_up_target_7' active >>>>>>>
2026-02-11 14:25:57,399 : INFO : SwitchController : <<<<<<< 's_40_stand_up_target_7' inactive >>>>>>>
2026-02-11 14:25:57,447 : INFO : SwitchController : <<<<<<< 's_41_stand_up_target_8' active >>>>>>>
2026-02-11 14:25:57,495 : INFO : SwitchController : <<<<<<< 's_41_stand_up_target_8' inactive >>>>>>>
2026-02-11 14:25:57,686 : INFO : SwitchController : <<<<<<< 's_40_stand_up_target_7' active >>>>>>>
2026-02-11 14:25:57,830 : INFO : SwitchController : <<<<<<< 's_40_stand_up_target_7' inactive >>>>>>>
2026-02-11 14:25:57,910 : INFO : SwitchController : <<<<<<< 's_40_stand_up_target_7' active >>>>>>>
2026-02-11 14:25:58,037 : INFO : SwitchController : <<<<<<< 's_40_stand_up_target_7' inactive >>>>>>>
2026-02-11 14:25:58,099 : INFO : SwitchController : <<<<<<< 's_40_stand_up_target_7' active >>>>>>>
2026-02-11 14:25:58,211 : INFO : SwitchController : <<<<<<< 's_40_stand_up_target_7' inactive >>>>>>>
2026-02-11 14:25:58,499 : INFO : SwitchController : <<<<<<< 's_41_stand_up_target_8' active >>>>>>>
2026-02-11 14:25:58,803 : INFO : SwitchController : <<<<<<< 's_41_stand_up_target_8' inactive >>>>>>>
2026-02-11 14:25:59,122 : INFO : SwitchController : <<<<<<< 's_40_stand_up_target_7' active >>>>>>>
2026-02-11 14:25:59,298 : INFO : SwitchController : <<<<<<< 's_40_stand_up_target_7' inactive >>>>>>>
2026-02-11 14:25:59,537 : INFO : SwitchController : <<<<<<< 's_41_stand_up_target_8' active >>>>>>>
2026-02-11 14:25:59,729 : INFO : SwitchController : <<<<<<< 's_41_stand_up_target_8' inactive >>>>>>>
2026-02-11 14:26:03,849 : INFO : SwitchController : <<<<<<< 's_80_stand_up_target_1' active >>>>>>>
2026-02-11 14:26:04,025 : INFO : SwitchController : <<<<<<< 's_80_stand_up_target_1' inactive >>>>>>>
2026-02-11 14:26:04,169 : INFO : SwitchController : <<<<<<< 's_80_stand_up_target_1' active >>>>>>>
2026-02-11 14:26:04,329 : INFO : SwitchController : <<<<<<< 's_80_stand_up_target_1' inactive >>>>>>>
2026-02-11 14:26:04,457 : INFO : SwitchController : <<<<<<< 's_80_stand_up_target_1' active >>>>>>>
2026-02-11 14:26:04,617 : INFO : SwitchController : <<<<<<< 's_80_stand_up_target_1' inactive >>>>>>>
2026-02-11 14:26:04,697 : INFO : SwitchController : <<<<<<< 's_80_stand_up_target_1' active >>>>>>>
2026-02-11 14:26:04,793 : INFO : SwitchController : <<<<<<< 's_80_stand_up_target_1' inactive >>>>>>>
2026-02-11 14:26:19,243 : INFO : SwitchController : <<<<<<< 's_60_top_lane_c' active >>>>>>>
2026-02-11 14:26:19,323 : INFO : SwitchController : <<<<<<< 's_60_top_lane_c' inactive >>>>>>>
2026-02-11 14:26:19,515 : INFO : SwitchController : <<<<<<< 's_60_top_lane_c' active >>>>>>>
2026-02-11 14:26:19,515 : INFO : SwitchController : <<<<<<< 's_60_top_lane_c' inactive >>>>>>>
2026-02-11 14:26:19,531 : INFO : SwitchController : <<<<<<< 's_60_top_lane_c' active >>>>>>>
2026-02-11 14:26:19,547 : INFO : SwitchController : <<<<<<< 's_60_top_lane_c' inactive >>>>>>>
2026-02-11 14:26:19,675 : INFO : SwitchController : <<<<<<< 's_60_top_lane_c' active >>>>>>>
2026-02-11 14:26:19,691 : INFO : SwitchController : <<<<<<< 's_60_top_lane_c' inactive >>>>>>>
2026-02-11 14:26:19,739 : INFO : SwitchController : <<<<<<< 's_60_top_lane_c' active >>>>>>>
2026-02-11 14:26:19,755 : INFO : SwitchController : <<<<<<< 's_60_top_lane_c' inactive >>>>>>>
2026-02-11 14:26:19,978 : INFO : SwitchController : <<<<<<< 's_60_top_lane_c' active >>>>>>>
2026-02-11 14:26:20,026 : INFO : SwitchController : <<<<<<< 's_60_top_lane_c' inactive >>>>>>>
2026-02-11 14:26:20,169 : INFO : SwitchController : <<<<<<< 's_60_top_lane_c' active >>>>>>>
2026-02-11 14:26:20,233 : INFO : SwitchController : <<<<<<< 's_60_top_lane_c' inactive >>>>>>>
2026-02-11 14:26:20,328 : INFO : SwitchController : <<<<<<< 's_60_top_lane_c' active >>>>>>>
2026-02-11 14:26:20,360 : INFO : SwitchController : <<<<<<< 's_60_top_lane_c' inactive >>>>>>>
2026-02-11 14:26:20,376 : INFO : SwitchController : <<<<<<< 's_60_top_lane_c' active >>>>>>>
2026-02-11 14:26:20,392 : INFO : SwitchController : <<<<<<< 's_60_top_lane_c' inactive >>>>>>>
2026-02-11 14:26:21,303 : INFO : SwitchController : <<<<<<< 's_61_top_lane_b' active >>>>>>>
2026-02-11 14:26:21,318 : INFO : SwitchController : <<<<<<< 's_61_top_lane_b' inactive >>>>>>>
2026-02-11 14:26:21,318 : INFO : SwitchController : <<<<<<< 's_61_top_lane_b' active >>>>>>>
2026-02-11 14:26:21,334 : INFO : SwitchController : <<<<<<< 's_61_top_lane_b' inactive >>>>>>>
2026-02-11 14:26:21,414 : INFO : SwitchController : <<<<<<< 's_61_top_lane_b' active >>>>>>>
2026-02-11 14:26:21,414 : INFO : SwitchController : <<<<<<< 's_61_top_lane_b' inactive >>>>>>>
2026-02-11 14:26:21,430 : INFO : SwitchController : <<<<<<< 's_61_top_lane_b' active >>>>>>>
2026-02-11 14:26:21,462 : INFO : SwitchController : <<<<<<< 's_61_top_lane_b' inactive >>>>>>>
2026-02-11 14:26:21,478 : INFO : SwitchController : <<<<<<< 's_61_top_lane_b' active >>>>>>>
2026-02-11 14:26:21,494 : INFO : SwitchController : <<<<<<< 's_61_top_lane_b' inactive >>>>>>>
2026-02-11 14:26:21,494 : INFO : SwitchController : <<<<<<< 's_61_top_lane_b' active >>>>>>>
2026-02-11 14:26:21,510 : INFO : SwitchController : <<<<<<< 's_61_top_lane_b' inactive >>>>>>>
2026-02-11 14:26:22,020 : INFO : SwitchController : <<<<<<< 's_62_top_lane_a' active >>>>>>>
2026-02-11 14:26:22,068 : INFO : SwitchController : <<<<<<< 's_62_top_lane_a' inactive >>>>>>>
2026-02-11 14:26:22,227 : INFO : SwitchController : <<<<<<< 's_62_top_lane_a' active >>>>>>>
2026-02-11 14:26:22,227 : INFO : SwitchController : <<<<<<< 's_62_top_lane_a' inactive >>>>>>>
2026-02-11 14:26:33,669 : INFO : SwitchController : <<<<<<< 's_60_top_lane_c' active >>>>>>>
2026-02-11 14:26:33,701 : INFO : SwitchController : <<<<<<< 's_60_top_lane_c' inactive >>>>>>>
2026-02-11 14:26:34,068 : INFO : SwitchController : <<<<<<< 's_60_top_lane_c' active >>>>>>>
2026-02-11 14:26:34,146 : INFO : SwitchController : <<<<<<< 's_60_top_lane_c' inactive >>>>>>>
2026-02-11 14:26:34,354 : INFO : SwitchController : <<<<<<< 's_60_top_lane_c' active >>>>>>>
2026-02-11 14:26:34,354 : INFO : SwitchController : <<<<<<< 's_60_top_lane_c' inactive >>>>>>>
2026-02-11 14:26:34,530 : INFO : SwitchController : <<<<<<< 's_60_top_lane_c' active >>>>>>>
2026-02-11 14:26:34,530 : INFO : SwitchController : <<<<<<< 's_60_top_lane_c' inactive >>>>>>>
2026-02-11 14:26:34,642 : INFO : SwitchController : <<<<<<< 's_60_top_lane_c' active >>>>>>>
2026-02-11 14:26:34,690 : INFO : SwitchController : <<<<<<< 's_60_top_lane_c' inactive >>>>>>>
2026-02-11 14:26:35,889 : INFO : SwitchController : <<<<<<< 's_61_top_lane_b' active >>>>>>>
2026-02-11 14:26:35,889 : INFO : SwitchController : <<<<<<< 's_61_top_lane_b' inactive >>>>>>>
2026-02-11 14:26:35,905 : INFO : SwitchController : <<<<<<< 's_61_top_lane_b' active >>>>>>>
2026-02-11 14:26:35,985 : INFO : SwitchController : <<<<<<< 's_61_top_lane_b' inactive >>>>>>>
2026-02-11 14:26:36,049 : INFO : SwitchController : <<<<<<< 's_61_top_lane_b' active >>>>>>>
2026-02-11 14:26:36,129 : INFO : SwitchController : <<<<<<< 's_61_top_lane_b' inactive >>>>>>>
2026-02-11 14:26:36,129 : INFO : SwitchController : <<<<<<< 's_61_top_lane_b' active >>>>>>>
2026-02-11 14:26:36,161 : INFO : SwitchController : <<<<<<< 's_61_top_lane_b' inactive >>>>>>>
2026-02-11 14:26:37,119 : INFO : SwitchController : <<<<<<< 's_62_top_lane_a' active >>>>>>>
2026-02-11 14:26:37,119 : INFO : SwitchController : <<<<<<< 's_62_top_lane_a' inactive >>>>>>>
2026-02-11 14:26:37,151 : INFO : SwitchController : <<<<<<< 's_62_top_lane_a' active >>>>>>>
2026-02-11 14:26:37,151 : INFO : SwitchController : <<<<<<< 's_62_top_lane_a' inactive >>>>>>>
2026-02-11 14:26:37,311 : INFO : SwitchController : <<<<<<< 's_62_top_lane_a' active >>>>>>>
2026-02-11 14:26:37,327 : INFO : SwitchController : <<<<<<< 's_62_top_lane_a' inactive >>>>>>>
2026-02-11 14:26:37,534 : INFO : SwitchController : <<<<<<< 's_62_top_lane_a' active >>>>>>>
2026-02-11 14:26:37,566 : INFO : SwitchController : <<<<<<< 's_62_top_lane_a' inactive >>>>>>>
2026-02-11 14:26:37,709 : INFO : SwitchController : <<<<<<< 's_62_top_lane_a' active >>>>>>>
2026-02-11 14:26:37,757 : INFO : SwitchController : <<<<<<< 's_62_top_lane_a' inactive >>>>>>>
2026-02-11 14:26:38,061 : INFO : SwitchController : <<<<<<< 's_62_top_lane_a' active >>>>>>>
2026-02-11 14:26:38,061 : INFO : SwitchController : <<<<<<< 's_62_top_lane_a' inactive >>>>>>>
2026-02-11 14:26:38,843 : INFO : SwitchController : <<<<<<< 's_61_top_lane_b' active >>>>>>>
2026-02-11 14:26:38,986 : INFO : SwitchController : <<<<<<< 's_61_top_lane_b' inactive >>>>>>>
2026-02-11 14:26:39,066 : INFO : SwitchController : <<<<<<< 's_61_top_lane_b' active >>>>>>>
2026-02-11 14:26:39,114 : INFO : SwitchController : <<<<<<< 's_61_top_lane_b' inactive >>>>>>>
2026-02-11 14:26:39,224 : INFO : SwitchController : <<<<<<< 's_61_top_lane_b' active >>>>>>>
2026-02-11 14:26:39,303 : INFO : SwitchController : <<<<<<< 's_61_top_lane_b' inactive >>>>>>>
2026-02-11 14:26:39,383 : INFO : SwitchController : <<<<<<< 's_61_top_lane_b' active >>>>>>>
2026-02-11 14:26:39,479 : INFO : SwitchController : <<<<<<< 's_61_top_lane_b' inactive >>>>>>>
2026-02-11 14:26:42,947 : INFO : SwitchController : <<<<<<< 's_63_stand_up_target_11' active >>>>>>>
2026-02-11 14:26:43,459 : INFO : SwitchController : <<<<<<< 's_63_stand_up_target_11' inactive >>>>>>>
2026-02-11 14:26:43,586 : INFO : SwitchController : <<<<<<< 's_63_stand_up_target_11' active >>>>>>>
2026-02-11 14:26:43,810 : INFO : SwitchController : <<<<<<< 's_63_stand_up_target_11' inactive >>>>>>>
2026-02-11 14:26:43,922 : INFO : SwitchController : <<<<<<< 's_63_stand_up_target_11' active >>>>>>>
2026-02-11 14:26:44,162 : INFO : SwitchController : <<<<<<< 's_63_stand_up_target_11' inactive >>>>>>>
2026-02-11 14:26:44,226 : INFO : SwitchController : <<<<<<< 's_63_stand_up_target_11' active >>>>>>>
2026-02-11 14:26:44,433 : INFO : SwitchController : <<<<<<< 's_63_stand_up_target_11' inactive >>>>>>>
2026-02-11 14:49:46,722 : INFO : SwitchController : <<<<<<< 's_8_left_flipper' active >>>>>>>
2026-02-11 14:49:46,850 : INFO : SwitchController : <<<<<<< 's_8_left_flipper' inactive >>>>>>>
2026-02-11 14:49:48,190 : INFO : SwitchController : <<<<<<< 's_8_left_flipper' active >>>>>>>
2026-02-11 14:49:48,878 : INFO : SwitchController : <<<<<<< 's_8_left_flipper' inactive >>>>>>>
2026-02-11 14:49:51,001 : INFO : SwitchController : <<<<<<< 's_16_right_flipper' active >>>>>>>
2026-02-11 14:49:51,049 : INFO : SwitchController : <<<<<<< 's_17_right_flipper_upper' active >>>>>>>
2026-02-11 14:49:51,319 : INFO : SwitchController : <<<<<<< 's_17_right_flipper_upper' inactive >>>>>>>
2026-02-11 14:49:51,767 : INFO : SwitchController : <<<<<<< 's_16_right_flipper' inactive >>>>>>>
2026-02-11 14:49:52,774 : INFO : SwitchController : <<<<<<< 's_16_right_flipper' active >>>>>>>
2026-02-11 14:49:54,480 : INFO : SwitchController : <<<<<<< 's_17_right_flipper_upper' active >>>>>>>
2026-02-11 14:49:55,613 : INFO : SwitchController : <<<<<<< 's_17_right_flipper_upper' inactive >>>>>>>
2026-02-11 14:49:55,629 : INFO : SwitchController : <<<<<<< 's_16_right_flipper' inactive >>>>>>>
2026-02-11 14:49:56,173 : INFO : SwitchController : <<<<<<< 's_16_right_flipper' active >>>>>>>
2026-02-11 14:49:56,173 : INFO : SwitchController : <<<<<<< 's_17_right_flipper_upper' active >>>>>>>
2026-02-11 14:49:56,301 : INFO : SwitchController : <<<<<<< 's_17_right_flipper_upper' inactive >>>>>>>
2026-02-11 14:49:56,317 : INFO : SwitchController : <<<<<<< 's_16_right_flipper' inactive >>>>>>>
2026-02-11 14:49:56,460 : INFO : SwitchController : <<<<<<< 's_16_right_flipper' active >>>>>>>
2026-02-11 14:49:56,460 : INFO : SwitchController : <<<<<<< 's_17_right_flipper_upper' active >>>>>>>
2026-02-11 14:49:56,572 : INFO : SwitchController : <<<<<<< 's_17_right_flipper_upper' inactive >>>>>>>
2026-02-11 14:49:56,588 : INFO : SwitchController : <<<<<<< 's_16_right_flipper' inactive >>>>>>>
2026-02-11 14:49:56,796 : INFO : SwitchController : <<<<<<< 's_16_right_flipper' active >>>>>>>
2026-02-11 14:49:56,796 : INFO : SwitchController : <<<<<<< 's_17_right_flipper_upper' active >>>>>>>
2026-02-11 14:49:56,876 : INFO : SwitchController : <<<<<<< 's_17_right_flipper_upper' inactive >>>>>>>
2026-02-11 14:49:56,892 : INFO : SwitchController : <<<<<<< 's_16_right_flipper' inactive >>>>>>>
2026-02-11 14:49:57,066 : INFO : SwitchController : <<<<<<< 's_16_right_flipper' active >>>>>>>
2026-02-11 14:49:57,082 : INFO : SwitchController : <<<<<<< 's_17_right_flipper_upper' active >>>>>>>
2026-02-11 14:49:57,162 : INFO : SwitchController : <<<<<<< 's_17_right_flipper_upper' inactive >>>>>>>
2026-02-11 14:49:57,177 : INFO : SwitchController : <<<<<<< 's_16_right_flipper' inactive >>>>>>>
2026-02-11 14:49:57,717 : INFO : SwitchController : <<<<<<< 's_16_right_flipper' active >>>>>>>
2026-02-11 14:49:57,717 : INFO : SwitchController : <<<<<<< 's_17_right_flipper_upper' active >>>>>>>
2026-02-11 14:49:57,797 : INFO : SwitchController : <<<<<<< 's_17_right_flipper_upper' inactive >>>>>>>
2026-02-11 14:49:57,797 : INFO : SwitchController : <<<<<<< 's_16_right_flipper' inactive >>>>>>>
2026-02-11 14:49:57,909 : INFO : SwitchController : <<<<<<< 's_16_right_flipper' active >>>>>>>
2026-02-11 14:49:57,909 : INFO : SwitchController : <<<<<<< 's_17_right_flipper_upper' active >>>>>>>
2026-02-11 14:49:57,973 : INFO : SwitchController : <<<<<<< 's_17_right_flipper_upper' inactive >>>>>>>
2026-02-11 14:49:57,989 : INFO : SwitchController : <<<<<<< 's_16_right_flipper' inactive >>>>>>>
2026-02-11 14:49:58,069 : INFO : SwitchController : <<<<<<< 's_16_right_flipper' active >>>>>>>
2026-02-11 14:49:58,069 : INFO : SwitchController : <<<<<<< 's_17_right_flipper_upper' active >>>>>>>
2026-02-11 14:49:58,149 : INFO : SwitchController : <<<<<<< 's_17_right_flipper_upper' inactive >>>>>>>
2026-02-11 14:49:58,149 : INFO : SwitchController : <<<<<<< 's_16_right_flipper' inactive >>>>>>>
2026-02-11 14:49:58,245 : INFO : SwitchController : <<<<<<< 's_16_right_flipper' active >>>>>>>
2026-02-11 14:49:58,245 : INFO : SwitchController : <<<<<<< 's_17_right_flipper_upper' active >>>>>>>
2026-02-11 14:49:58,325 : INFO : SwitchController : <<<<<<< 's_17_right_flipper_upper' inactive >>>>>>>
2026-02-11 14:49:58,341 : INFO : SwitchController : <<<<<<< 's_16_right_flipper' inactive >>>>>>>
2026-02-11 14:49:58,405 : INFO : SwitchController : <<<<<<< 's_16_right_flipper' active >>>>>>>
2026-02-11 14:49:58,405 : INFO : SwitchController : <<<<<<< 's_17_right_flipper_upper' active >>>>>>>
2026-02-11 14:49:58,501 : INFO : SwitchController : <<<<<<< 's_17_right_flipper_upper' inactive >>>>>>>
2026-02-11 14:49:58,517 : INFO : SwitchController : <<<<<<< 's_16_right_flipper' inactive >>>>>>>
2026-02-11 14:49:59,378 : INFO : SwitchController : <<<<<<< 's_8_left_flipper' active >>>>>>>
2026-02-11 14:49:59,490 : INFO : SwitchController : <<<<<<< 's_8_left_flipper' inactive >>>>>>>
2026-02-11 14:49:59,569 : INFO : SwitchController : <<<<<<< 's_8_left_flipper' active >>>>>>>
2026-02-11 14:49:59,665 : INFO : SwitchController : <<<<<<< 's_8_left_flipper' inactive >>>>>>>
2026-02-11 14:50:00,604 : INFO : SwitchController : <<<<<<< 's_11_start_button' active >>>>>>>
2026-02-11 14:50:00,763 : INFO : SwitchController : <<<<<<< 's_11_start_button' inactive >>>>>>>
2026-02-11 14:50:00,763 : INFO : EventManager : Event: ======'request_to_start_game'====== Args={}
2026-02-11 14:50:00,763 : INFO : BallController : Known balls: 0
2026-02-11 14:50:00,763 : INFO : BallController : bd_plunger contains 0 balls. Tags []
2026-02-11 14:50:00,763 : INFO : BallController : bd_trough contains 0 balls. Tags ['trough', 'home', 'drain']
2026-02-11 14:50:00,763 : INFO : BallController : playfield contains 0 balls. Tags ['default']
2026-02-11 14:50:00,764 : WARNING : BallController : BallController denies game start. Not enough balls. 0 found. 1 required
2026-02-11 14:50:00,764 : INFO : BallController : Triggering ball search.
2026-02-11 14:50:31,833 : INFO : SwitchController : <<<<<<< 's_24_trough_1' active >>>>>>>
2026-02-11 14:50:31,833 : INFO : SwitchController : <<<<<<< 's_25_trough_2' active >>>>>>>
2026-02-11 14:50:31,833 : INFO : SwitchController : <<<<<<< 's_26_trough_3' active >>>>>>>
2026-02-11 14:50:31,833 : INFO : SwitchController : <<<<<<< 's_30_trough_jam' active >>>>>>>
2026-02-11 14:50:31,849 : INFO : SwitchController : <<<<<<< 's_65_varitarget_poisition_2' active >>>>>>>
2026-02-11 14:50:31,849 : INFO : SwitchController : <<<<<<< 's_66_varitarget_poisition_3' active >>>>>>>
2026-02-11 14:50:31,849 : INFO : SwitchController : <<<<<<< 's_67_varitarget_poisition_4' active >>>>>>>
2026-02-11 14:50:31,849 : INFO : SwitchController : <<<<<<< 's_68_varitarget_poisition_5' active >>>>>>>
2026-02-11 14:50:31,849 : INFO : SwitchController : <<<<<<< 's_69_varitarget_poisition_6' active >>>>>>>
2026-02-11 14:50:31,849 : INFO : SwitchController : <<<<<<< 's_70_varitarget_poisition_7' active >>>>>>>
2026-02-11 14:50:31,849 : INFO : SwitchController : <<<<<<< 's_71_spinner_left' inactive >>>>>>>
2026-02-11 14:50:31,850 : INFO : SwitchController : <<<<<<< 's_24_trough_1' inactive >>>>>>>
2026-02-11 14:50:31,850 : INFO : SwitchController : <<<<<<< 's_25_trough_2' inactive >>>>>>>
2026-02-11 14:50:31,850 : INFO : SwitchController : <<<<<<< 's_26_trough_3' inactive >>>>>>>
2026-02-11 14:50:31,850 : INFO : SwitchController : <<<<<<< 's_30_trough_jam' inactive >>>>>>>
2026-02-11 14:50:31,850 : INFO : SwitchController : <<<<<<< 's_31_plunger_lane' active >>>>>>>
2026-02-11 14:50:31,850 : INFO : SwitchController : <<<<<<< 's_32_right_inlane' active >>>>>>>
2026-02-11 14:50:31,850 : INFO : SwitchController : <<<<<<< 's_33_right_outlane' active >>>>>>>
2026-02-11 14:50:31,850 : INFO : SwitchController : <<<<<<< 's_35_left_inlane' active >>>>>>>
2026-02-11 14:50:31,850 : INFO : SwitchController : <<<<<<< 's_36_left_outlane' active >>>>>>>
2026-02-11 14:50:31,850 : INFO : SwitchController : <<<<<<< 's_37_left_sling' active >>>>>>>
2026-02-11 14:50:31,850 : INFO : SwitchController : <<<<<<< 's_38_star_rollover_bottom' active >>>>>>>
2026-02-11 14:50:31,850 : INFO : SwitchController : <<<<<<< 's_39_star_rollover_top' active >>>>>>>
2026-02-11 14:50:31,850 : INFO : SwitchController : <<<<<<< 's_72_single_drop_1' active >>>>>>>
2026-02-11 14:50:31,850 : INFO : EventManager : Event: ======'playfield_active'====== Args={'source': 'dt_single_1'}
2026-02-11 14:50:31,850 : INFO : EventManager : Event: ======'unexpected_ball_on_playfield'====== Args={}
2026-02-11 14:50:31,850 : INFO : EventManager : Event: ======'drop_target_dt_single_1_down'====== Args={'device': <drop_target.dt_single_1>}
2026-02-11 14:50:31,851 : INFO : EventManager : Event: ======'drop_target_bank_dtb_rollover_down'====== Args={}
2026-02-11 14:50:31,851 : INFO : SwitchController : <<<<<<< 's_73_fourbank_drop_1' active >>>>>>>
2026-02-11 14:50:31,851 : INFO : EventManager : Event: ======'playfield_active'====== Args={'source': 'dt_character_1'}
2026-02-11 14:50:31,851 : INFO : EventManager : Event: ======'unexpected_ball_on_playfield'====== Args={}
2026-02-11 14:50:31,851 : INFO : EventManager : Event: ======'drop_target_dt_character_1_down'====== Args={'device': <drop_target.dt_character_1>}
2026-02-11 14:50:31,851 : INFO : EventManager : Event: ======'drop_target_bank_dtb_characters_mixed'====== Args={'prev_value': <DropTargetBankState.UP: 'up'>, 'down': 1}
2026-02-11 14:50:31,851 : INFO : SwitchController : <<<<<<< 's_74_fourbank_drop_2' active >>>>>>>
2026-02-11 14:50:31,851 : INFO : EventManager : Event: ======'playfield_active'====== Args={'source': 'dt_character_2'}
2026-02-11 14:50:31,851 : INFO : EventManager : Event: ======'unexpected_ball_on_playfield'====== Args={}
2026-02-11 14:50:31,851 : INFO : EventManager : Event: ======'drop_target_dt_character_2_down'====== Args={'device': <drop_target.dt_character_2>}
2026-02-11 14:50:31,851 : INFO : EventManager : Event: ======'drop_target_bank_dtb_characters_mixed'====== Args={'prev_value': <DropTargetBankState.MIXED: 'mixed'>, 'down': 2}
2026-02-11 14:50:31,851 : INFO : SwitchController : <<<<<<< 's_75_fourbank_drop_3' active >>>>>>>
2026-02-11 14:50:31,851 : INFO : EventManager : Event: ======'playfield_active'====== Args={'source': 'dt_character_3'}
2026-02-11 14:50:31,851 : INFO : EventManager : Event: ======'unexpected_ball_on_playfield'====== Args={}
2026-02-11 14:50:31,851 : INFO : EventManager : Event: ======'drop_target_dt_character_3_down'====== Args={'device': <drop_target.dt_character_3>}
2026-02-11 14:50:31,851 : INFO : EventManager : Event: ======'drop_target_bank_dtb_characters_mixed'====== Args={'prev_value': <DropTargetBankState.MIXED: 'mixed'>, 'down': 3}
2026-02-11 14:50:31,852 : INFO : SwitchController : <<<<<<< 's_76_fourbank_drop_4' active >>>>>>>
2026-02-11 14:50:31,852 : INFO : EventManager : Event: ======'playfield_active'====== Args={'source': 'dt_character_4'}
2026-02-11 14:50:31,852 : INFO : EventManager : Event: ======'unexpected_ball_on_playfield'====== Args={}
2026-02-11 14:50:31,852 : INFO : EventManager : Event: ======'drop_target_dt_character_4_down'====== Args={'device': <drop_target.dt_character_4>}
2026-02-11 14:50:31,852 : INFO : EventManager : Event: ======'drop_target_bank_dtb_characters_mixed'====== Args={'prev_value': <DropTargetBankState.MIXED: 'mixed'>, 'down': 4}
2026-02-11 14:50:31,852 : INFO : SwitchController : <<<<<<< 's_77_threebank_drop_1' active >>>>>>>
2026-02-11 14:50:31,852 : INFO : EventManager : Event: ======'playfield_active'====== Args={'source': 'dt_character_5'}
2026-02-11 14:50:31,852 : INFO : EventManager : Event: ======'unexpected_ball_on_playfield'====== Args={}
2026-02-11 14:50:31,852 : INFO : EventManager : Event: ======'drop_target_dt_character_5_down'====== Args={'device': <drop_target.dt_character_5>}
2026-02-11 14:50:31,852 : INFO : EventManager : Event: ======'drop_target_bank_dtb_characters_mixed'====== Args={'prev_value': <DropTargetBankState.MIXED: 'mixed'>, 'down': 5}
2026-02-11 14:50:31,852 : INFO : SwitchController : <<<<<<< 's_78_threebank_drop_2' active >>>>>>>
2026-02-11 14:50:31,852 : INFO : EventManager : Event: ======'playfield_active'====== Args={'source': 'dt_character_6'}
2026-02-11 14:50:31,852 : INFO : EventManager : Event: ======'unexpected_ball_on_playfield'====== Args={}
2026-02-11 14:50:31,852 : INFO : EventManager : Event: ======'drop_target_dt_character_6_down'====== Args={'device': <drop_target.dt_character_6>}
2026-02-11 14:50:31,852 : INFO : EventManager : Event: ======'drop_target_bank_dtb_characters_mixed'====== Args={'prev_value': <DropTargetBankState.MIXED: 'mixed'>, 'down': 6}
2026-02-11 14:50:31,852 : INFO : SwitchController : <<<<<<< 's_79_threebank_drop_3' active >>>>>>>
2026-02-11 14:50:31,852 : INFO : EventManager : Event: ======'playfield_active'====== Args={'source': 'dt_character_7'}
2026-02-11 14:50:31,853 : INFO : EventManager : Event: ======'unexpected_ball_on_playfield'====== Args={}
2026-02-11 14:50:31,853 : INFO : EventManager : Event: ======'drop_target_dt_character_7_down'====== Args={'device': <drop_target.dt_character_7>}
2026-02-11 14:50:31,853 : INFO : EventManager : Event: ======'drop_target_bank_dtb_characters_down'====== Args={}
2026-02-11 14:50:31,853 : INFO : SwitchController : <<<<<<< 's_80_stand_up_target_1' active >>>>>>>
2026-02-11 14:50:31,853 : INFO : SwitchController : <<<<<<< 's_81_saucer_left' inactive >>>>>>>
2026-02-11 14:50:31,853 : INFO : SwitchController : <<<<<<< 's_82_stand_up_target_bank_1' active >>>>>>>
2026-02-11 14:50:31,853 : INFO : SwitchController : <<<<<<< 's_83_stand_up_target_bank_2' active >>>>>>>
2026-02-11 14:50:31,854 : INFO : SwitchController : <<<<<<< 's_84_stand_up_target_bank_3' active >>>>>>>
2026-02-11 14:50:31,854 : INFO : SwitchController : <<<<<<< 's_85_stand_up_target_bank_4' active >>>>>>>
2026-02-11 14:50:31,854 : INFO : SwitchController : <<<<<<< 's_86_stand_up_target_bank_5' active >>>>>>>
2026-02-11 14:50:31,854 : INFO : SwitchController : <<<<<<< 's_87_stand_up_target_bank_6' active >>>>>>>
2026-02-11 14:50:31,854 : INFO : SwitchController : <<<<<<< 's_0_service_esc' active >>>>>>>
2026-02-11 14:50:31,854 : INFO : SwitchController : <<<<<<< 's_2_service_down' active >>>>>>>
2026-02-11 14:50:31,854 : INFO : SwitchController : <<<<<<< 's_3_service_enter' active >>>>>>>
2026-02-11 14:50:31,854 : INFO : SwitchController : <<<<<<< 's_8_left_flipper' active >>>>>>>
2026-02-11 14:50:31,854 : INFO : SwitchController : <<<<<<< 's_16_right_flipper' active >>>>>>>
2026-02-11 14:50:31,854 : INFO : EventManager : Event: ======'flipper_cancel'====== Args={'triggering_group': 2, 'triggering_switch': 's_16_right_flipper'}
2026-02-11 14:50:31,854 : INFO : SwitchController : <<<<<<< 's_17_right_flipper_upper' active >>>>>>>
2026-02-11 14:50:31,854 : INFO : SwitchController : <<<<<<< 's_56_pop_bumper_right' active >>>>>>>
2026-02-11 14:50:31,854 : INFO : SwitchController : <<<<<<< 's_57_pop_bumper_center' active >>>>>>>
2026-02-11 14:50:31,854 : INFO : SwitchController : <<<<<<< 's_58_pop_bumper_left' active >>>>>>>
2026-02-11 14:50:31,855 : INFO : SwitchController : <<<<<<< 's_59_saucer_right' inactive >>>>>>>
2026-02-11 14:50:31,855 : INFO : SwitchController : <<<<<<< 's_60_top_lane_c' active >>>>>>>
2026-02-11 14:50:31,855 : INFO : SwitchController : <<<<<<< 's_61_top_lane_b' active >>>>>>>
2026-02-11 14:50:31,855 : INFO : SwitchController : <<<<<<< 's_62_top_lane_a' active >>>>>>>
2026-02-11 14:50:31,855 : INFO : SwitchController : <<<<<<< 's_63_stand_up_target_11' active >>>>>>>
2026-02-11 14:50:31,855 : INFO : SwitchController : <<<<<<< 's_40_stand_up_target_7' active >>>>>>>
2026-02-11 14:50:31,855 : INFO : SwitchController : <<<<<<< 's_41_stand_up_target_8' active >>>>>>>
2026-02-11 14:50:31,855 : INFO : SwitchController : <<<<<<< 's_42_stand_up_target_9' active >>>>>>>
2026-02-11 14:50:31,855 : INFO : SwitchController : <<<<<<< 's_43_stand_up_target_10' active >>>>>>>
2026-02-11 14:50:31,855 : INFO : SwitchController : <<<<<<< 's_44_spinner_right' inactive >>>>>>>
2026-02-11 14:50:31,855 : INFO : SwitchController : <<<<<<< 's_1_service_up' active >>>>>>>
2026-02-11 14:50:31,855 : INFO : SwitchController : <<<<<<< 's_11_start_button' active >>>>>>>
2026-02-11 14:50:31,912 : ERROR : asyncio : Fatal write error on serial transport
protocol: <asyncio.streams.StreamReaderProtocol object at 0x0000025AC3373F20>
transport: SerialTransport(<ProactorEventLoop running=True closed=False debug=False>, <asyncio.streams.StreamReaderProtocol object at 0x0000025AC3373F20>, Serial<id=0x25ac3373fd0, open=True>(port='COM4', baudrate=921600, bytesize=8, parity='N', stopbits=1, timeout=0, xonxoff=False, rtscts=False, dsrdtr=False))
Traceback (most recent call last):
  File "C:\mpf\Lib\site-packages\serial_asyncio\__init__.py", line 290, in _poll_read
    if self.serial.in_waiting:
       ^^^^^^^^^^^^^^^^^^^^^^
  File "C:\mpf\Lib\site-packages\serial\serialwin32.py", line 259, in in_waiting
    raise SerialException("ClearCommError failed ({!r})".format(ctypes.WinError()))
serial.serialutil.SerialException: ClearCommError failed (PermissionError(13, 'The device does not recognize the command.', None, 22))
2026-02-11 14:50:31,958 : ERROR : asyncio : Fatal write error on serial transport
protocol: <asyncio.streams.StreamReaderProtocol object at 0x0000025AC33B14F0>
transport: SerialTransport(<ProactorEventLoop running=True closed=False debug=False>, <asyncio.streams.StreamReaderProtocol object at 0x0000025AC33B14F0>, Serial<id=0x25ac33b15a0, open=True>(port='COM5', baudrate=921600, bytesize=8, parity='N', stopbits=1, timeout=0, xonxoff=False, rtscts=False, dsrdtr=False))
Traceback (most recent call last):
  File "C:\mpf\Lib\site-packages\serial_asyncio\__init__.py", line 290, in _poll_read
    if self.serial.in_waiting:
       ^^^^^^^^^^^^^^^^^^^^^^
  File "C:\mpf\Lib\site-packages\serial\serialwin32.py", line 259, in in_waiting
    raise SerialException("ClearCommError failed ({!r})".format(ctypes.WinError()))
serial.serialutil.SerialException: ClearCommError failed (PermissionError(13, 'The device does not recognize the command.', None, 22))
2026-02-11 14:50:31,960 : WARNING : FAST [NET] : Serial error: ClearCommError failed (PermissionError(13, 'The device does not recognize the command.', None, 22))
2026-02-11 14:50:31,960 : WARNING : FAST [EXP] : Serial error: ClearCommError failed (PermissionError(13, 'The device does not recognize the command.', None, 22))
2026-02-11 14:50:31,960 : INFO : Machine : Shutting down...
2026-02-11 14:50:31,961 : INFO : EventManager : Event: ======'shutdown'====== Args={}
2026-02-11 14:50:32,067 : ERROR : root : ClearCommError failed (PermissionError(13, 'The device does not recognize the command.', None, 22))
Traceback (most recent call last):
  File "C:\mpf\Lib\site-packages\mpf\commands\game.py", line 229, in __init__
    self.machine.run()
  File "C:\mpf\Lib\site-packages\mpf\core\machine.py", line 706, in run
    self._run_loop()
  File "C:\mpf\Lib\site-packages\mpf\core\machine.py", line 806, in _run_loop
    self._crash_shutdown()
  File "C:\mpf\Lib\site-packages\mpf\core\machine.py", line 751, in _crash_shutdown
    self._do_stop()
  File "C:\mpf\Lib\site-packages\mpf\core\machine.py", line 742, in _do_stop
    self.shutdown()
  File "C:\mpf\Lib\site-packages\mpf\core\machine.py", line 772, in shutdown
    self._platform_stop()
  File "C:\mpf\Lib\site-packages\mpf\core\machine.py", line 822, in _platform_stop
    hardware_platform.stop()
  File "C:\mpf\Lib\site-packages\mpf\platforms\fast\fast.py", line 176, in stop
    connection.stop()
  File "C:\mpf\Lib\site-packages\mpf\platforms\fast\communicators\base.py", line 244, in stop
    self.machine.clock.loop.run_until_complete(self.writer.wait_closed())
  File "C:\Users\tl\AppData\Local\Programs\Python\Python312\Lib\asyncio\base_events.py", line 687, in run_until_complete
    return future.result()
           ^^^^^^^^^^^^^^^
  File "C:\Users\tl\AppData\Local\Programs\Python\Python312\Lib\asyncio\streams.py", line 364, in wait_closed
    await self._protocol._get_close_waiter(self)
  File "C:\mpf\Lib\site-packages\serial_asyncio\__init__.py", line 290, in _poll_read
    if self.serial.in_waiting:
       ^^^^^^^^^^^^^^^^^^^^^^
  File "C:\mpf\Lib\site-packages\serial\serialwin32.py", line 259, in in_waiting
    raise SerialException("ClearCommError failed ({!r})".format(ctypes.WinError()))
serial.serialutil.SerialException: ClearCommError failed (PermissionError(13, 'The device does not recognize the command.', None, 22))
