2026-06-12 13:59:29,982 : INFO : root : Loading config.
2026-06-12 13:59:29,987 : INFO : YamlMultifileConfigLoader : Machine config file #1: config.yaml
2026-06-12 13:59:29,987 : INFO : ConfigProcessor : Loading config from cache: C:\Users\tl\AppData\Local\Temp\86f932e179f318f5dae29f066573dee9.mpf_cache
2026-06-12 13:59:30,091 : INFO : ConfigProcessor : Loading config from cache: C:\Users\tl\AppData\Local\Temp\5e7e3dd8e04e0aa46ea76018297218da.mpf_cache
2026-06-12 13:59:30,092 : INFO : ConfigProcessor : Loading config from cache: C:\Users\tl\AppData\Local\Temp\af6ad0dab2f43bd9cbdac83e0b2786ac.mpf_cache
2026-06-12 13:59:30,093 : INFO : ConfigProcessor : Loading config from cache: C:\Users\tl\AppData\Local\Temp\5e7e3dd8e04e0aa46ea76018297218da.mpf_cache
2026-06-12 13:59:30,094 : INFO : ConfigProcessor : Loading config from cache: C:\Users\tl\AppData\Local\Temp\078e3f4c59f1cd1bf0ff8685cc9e7ff5.mpf_cache
2026-06-12 13:59:30,095 : INFO : ConfigProcessor : Loading config from cache: C:\Users\tl\AppData\Local\Temp\279434e09bc5e8b073f441f36778b3c5.mpf_cache
2026-06-12 13:59:30,095 : INFO : ConfigProcessor : Loading config from cache: C:\Users\tl\AppData\Local\Temp\f7ef3217062c4a128670875e2cb05ce9.mpf_cache
2026-06-12 13:59:30,095 : INFO : ConfigProcessor : Loading config from cache: C:\Users\tl\AppData\Local\Temp\e0885cd80287b6cf2bdb3b3b7e551419.mpf_cache
2026-06-12 13:59:30,096 : INFO : ConfigProcessor : Loading config from cache: C:\Users\tl\AppData\Local\Temp\21a3b6af72788c31c1bb21496f7d3280.mpf_cache
2026-06-12 13:59:30,097 : INFO : ConfigProcessor : Loading config from cache: C:\Users\tl\AppData\Local\Temp\5ad868424699ac3c9402d8d89c5742fa.mpf_cache
2026-06-12 13:59:30,098 : INFO : ConfigProcessor : Loading config from cache: C:\Users\tl\AppData\Local\Temp\354636526653009b6f35f36c4dc3e189.mpf_cache
2026-06-12 13:59:30,099 : INFO : ConfigProcessor : Loading config from cache: C:\Users\tl\AppData\Local\Temp\b41aec6702196d0bd650320fa331266f.mpf_cache
2026-06-12 13:59:30,100 : INFO : ConfigProcessor : Loading config from cache: C:\Users\tl\AppData\Local\Temp\a951eeea2c167365e5a009cce33f51d8.mpf_cache
2026-06-12 13:59:30,101 : INFO : ConfigProcessor : Loading config from cache: C:\Users\tl\AppData\Local\Temp\f020dca9eec5e09763b9289397e6c32f.mpf_cache
2026-06-12 13:59:30,102 : INFO : ConfigProcessor : Loading config from cache: C:\Users\tl\AppData\Local\Temp\edce5a74ebf86ee6330810859c361ede.mpf_cache
2026-06-12 13:59:30,103 : INFO : ConfigProcessor : Loading config from cache: C:\Users\tl\AppData\Local\Temp\7c825e76f3d981841c3099d018a06a8f.mpf_cache
2026-06-12 13:59:30,104 : INFO : ConfigProcessor : Loading config from cache: C:\Users\tl\AppData\Local\Temp\4c1252d1f04cb61ecc91110937cfd225.mpf_cache
2026-06-12 13:59:30,105 : INFO : ConfigProcessor : Loading config from cache: C:\Users\tl\AppData\Local\Temp\8d6d681afe5a7b6e9186321cd98f18ca.mpf_cache
2026-06-12 13:59:30,106 : INFO : ConfigProcessor : Loading config from cache: C:\Users\tl\AppData\Local\Temp\271b31ea91f7fc416a689202738fcb25.mpf_cache
2026-06-12 13:59:30,108 : INFO : ConfigProcessor : Loading config from cache: C:\Users\tl\AppData\Local\Temp\d5113bae71fe9b2600b29bf116525aac.mpf_cache
2026-06-12 13:59:30,109 : INFO : ConfigProcessor : Loading config from cache: C:\Users\tl\AppData\Local\Temp\ae5d383473e063efe671bf30ab478239.mpf_cache
2026-06-12 13:59:30,110 : INFO : ConfigProcessor : Loading config from cache: C:\Users\tl\AppData\Local\Temp\46870b44a1c011c86a746a823adf6b5a.mpf_cache
2026-06-12 13:59:30,111 : INFO : ConfigProcessor : Loading config from cache: C:\Users\tl\AppData\Local\Temp\0cf169c51710e2e034dc49f1aab9dfdd.mpf_cache
2026-06-12 13:59:30,117 : INFO : ConfigProcessor : Loading config from cache: C:\Users\tl\AppData\Local\Temp\1a8067b3018dc540f40ee09fbd30147e.mpf_cache
2026-06-12 13:59:30,119 : INFO : ConfigProcessor : Loading config from cache: C:\Users\tl\AppData\Local\Temp\34d2c1cbec8fdaa1db7761a61cc7c1b6.mpf_cache
2026-06-12 13:59:30,120 : INFO : ConfigProcessor : Loading config from cache: C:\Users\tl\AppData\Local\Temp\911efd7252939128e304c2322100ac37.mpf_cache
2026-06-12 13:59:30,137 : INFO : ConfigProcessor : Loading config from cache: C:\Users\tl\AppData\Local\Temp\95a50568c399a025ef217996526f3494.mpf_cache
2026-06-12 13:59:30,138 : INFO : ConfigProcessor : Loading config from cache: C:\Users\tl\AppData\Local\Temp\4fa9cf92dccc774be532e383b837572e.mpf_cache
2026-06-12 13:59:30,140 : INFO : ConfigProcessor : Loading config from cache: C:\Users\tl\AppData\Local\Temp\7d6afe43d2cd59003bd26d29f6951346.mpf_cache
2026-06-12 13:59:30,141 : INFO : ConfigProcessor : Loading config from cache: C:\Users\tl\AppData\Local\Temp\c36da47bad15180a41187d147cb7917e.mpf_cache
2026-06-12 13:59:30,141 : INFO : ConfigProcessor : Loading config from cache: C:\Users\tl\AppData\Local\Temp\ca9866041621d35ab6358609b63e90d5.mpf_cache
2026-06-12 13:59:30,142 : INFO : ConfigProcessor : Loading config from cache: C:\Users\tl\AppData\Local\Temp\d3b229dc9cb99a8202099f03c2a43090.mpf_cache
2026-06-12 13:59:30,143 : INFO : ConfigProcessor : Loading config from cache: C:\Users\tl\AppData\Local\Temp\08e4cfee44032ad50b613fdfc1c76afd.mpf_cache
2026-06-12 13:59:30,144 : INFO : ConfigProcessor : Loading config from cache: C:\Users\tl\AppData\Local\Temp\8f542fdb27a9c7af6359517ab8d171a1.mpf_cache
2026-06-12 13:59:30,144 : INFO : ConfigProcessor : Loading config from cache: C:\Users\tl\AppData\Local\Temp\e3f8c10279e680757f03e6b0889aa739.mpf_cache
2026-06-12 13:59:30,145 : INFO : ConfigProcessor : Loading config from cache: C:\Users\tl\AppData\Local\Temp\ff087817282734556151e8020b1fd49c.mpf_cache
2026-06-12 13:59:30,146 : INFO : ConfigProcessor : Loading config from cache: C:\Users\tl\AppData\Local\Temp\17b17d6e70b510a409968e15bd8ba63c.mpf_cache
2026-06-12 13:59:30,236 : INFO : ConfigProcessor : Loading config from cache: C:\Users\tl\AppData\Local\Temp\4262986a441bb7754780f112bb0e0c56.mpf_cache
2026-06-12 13:59:30,237 : INFO : ConfigProcessor : Loading config from cache: C:\Users\tl\AppData\Local\Temp\d572a2de143bf480090a737668938cb0.mpf_cache
2026-06-12 13:59:30,239 : INFO : ConfigProcessor : Loading config from cache: C:\Users\tl\AppData\Local\Temp\2e7beac76d3bca457a3a521575ba4ead.mpf_cache
2026-06-12 13:59:30,239 : INFO : ConfigProcessor : Loading config from cache: C:\Users\tl\AppData\Local\Temp\7c0931ffc6b13496fd8fae8b9d1b7a08.mpf_cache
2026-06-12 13:59:30,240 : INFO : ConfigProcessor : Loading config from cache: C:\Users\tl\AppData\Local\Temp\62404ae2e9ee2b95d65f52fccac154f0.mpf_cache
2026-06-12 13:59:30,240 : INFO : ConfigProcessor : Loading config from cache: C:\Users\tl\AppData\Local\Temp\537cd9276618929e3a64b374ceb3437f.mpf_cache
2026-06-12 13:59:30,241 : INFO : ConfigProcessor : Loading config from cache: C:\Users\tl\AppData\Local\Temp\cf29873bc64cfbd46b5a5b4c47c95532.mpf_cache
2026-06-12 13:59:30,242 : INFO : ConfigProcessor : Loading config from cache: C:\Users\tl\AppData\Local\Temp\16182b247314d06896cbae33110acd4c.mpf_cache
2026-06-12 13:59:30,243 : INFO : ConfigProcessor : Loading config from cache: C:\Users\tl\AppData\Local\Temp\13826b94a4b36b65ca4171a1d326006f.mpf_cache
2026-06-12 13:59:30,244 : INFO : ConfigProcessor : Loading config from cache: C:\Users\tl\AppData\Local\Temp\34a4b7622c4ff26b43be2fcb96c6a855.mpf_cache
2026-06-12 13:59:30,245 : INFO : ConfigProcessor : Loading config from cache: C:\Users\tl\AppData\Local\Temp\0560061596499ba9c1490154fdcef2ca.mpf_cache
2026-06-12 13:59:30,245 : INFO : ConfigProcessor : Loading config from cache: C:\Users\tl\AppData\Local\Temp\33a0313dc768edabc6062a57466c6435.mpf_cache
2026-06-12 13:59:30,246 : INFO : ConfigProcessor : Loading config from cache: C:\Users\tl\AppData\Local\Temp\51d1034df3c2d8154cfea3abae2369be.mpf_cache
2026-06-12 13:59:30,247 : INFO : ConfigProcessor : Loading config from cache: C:\Users\tl\AppData\Local\Temp\2904ce8d8b78981642dc8b63141b390e.mpf_cache
2026-06-12 13:59:30,248 : INFO : ConfigProcessor : Loading config from cache: C:\Users\tl\AppData\Local\Temp\3ef5173c7a910a36727c66b6285f9c3e.mpf_cache
2026-06-12 13:59:30,248 : INFO : ConfigProcessor : Loading config from cache: C:\Users\tl\AppData\Local\Temp\1671f2a7e01818367d14934820caa625.mpf_cache
2026-06-12 13:59:30,249 : INFO : ConfigProcessor : Loading config from cache: C:\Users\tl\AppData\Local\Temp\f222a647edf3886b9afe02940fb5218b.mpf_cache
2026-06-12 13:59:30,250 : INFO : ConfigProcessor : Loading config from cache: C:\Users\tl\AppData\Local\Temp\2856cb3dd9823be7f227bcd3e9e74d9c.mpf_cache
2026-06-12 13:59:30,250 : INFO : ConfigProcessor : Loading config from cache: C:\Users\tl\AppData\Local\Temp\7bc597beac49bd83589c0f432d6df3a7.mpf_cache
2026-06-12 13:59:30,252 : INFO : ConfigProcessor : Loading config from cache: C:\Users\tl\AppData\Local\Temp\701f2c032cd9e807d4fb3fa2828f9b37.mpf_cache
2026-06-12 13:59:30,252 : INFO : ConfigProcessor : Loading config from cache: C:\Users\tl\AppData\Local\Temp\c801690053c2da5c09f6d10b42ee9917.mpf_cache
2026-06-12 13:59:30,253 : INFO : ConfigProcessor : Loading config from cache: C:\Users\tl\AppData\Local\Temp\2e335ca9623f971cc8240d357e9bde21.mpf_cache
2026-06-12 13:59:30,254 : INFO : ConfigProcessor : Loading config from cache: C:\Users\tl\AppData\Local\Temp\291432155100441a6a6d1cc35a9827e6.mpf_cache
2026-06-12 13:59:30,254 : INFO : ConfigProcessor : Loading config from cache: C:\Users\tl\AppData\Local\Temp\3a13ce866f38c1bdfd88cdf5d8a37b57.mpf_cache
2026-06-12 13:59:30,255 : INFO : ConfigProcessor : Loading config from cache: C:\Users\tl\AppData\Local\Temp\67766e06be15afe44bf4653d2e0643ac.mpf_cache
2026-06-12 13:59:30,255 : INFO : ConfigProcessor : Loading config from cache: C:\Users\tl\AppData\Local\Temp\4d0875bd28a5b9899fb2c6e9ca5fbaa0.mpf_cache
2026-06-12 13:59:30,256 : INFO : Machine : Mission Pinball Framework Core Engine v0.80.0.dev12
2026-06-12 13:59:30,256 : INFO : Machine : Command line arguments: {'no_load_cache': False, 'create_config_cache': True, 'bcp': True, 'configfile': ['config.yaml'], 'force_assets_load': False, 'platform_integration_test': False, 'jsonlogging': False, 'logfile': 'logs\\2026-06-12-13-59-29-mpf-DESKTOP-HV85DRD.log', 'pause': False, 'production': False, 'text_ui': False, 'loglevel': 15, 'consoleloglevel': 20, 'force_platform': None, 'syslog_address': None, 'full_logfile_path': 'C:\\Users\\tl\\Documents\\tl-pinball\\logs\\2026-06-12-13-59-29-mpf-DESKTOP-HV85DRD.log'}
2026-06-12 13:59:30,257 : INFO : Machine : MPF path: C:\mpf\Lib\site-packages\mpf
2026-06-12 13:59:30,257 : INFO : Machine : Machine path: C:\Users\tl\Documents\tl-pinball
2026-06-12 13:59:30,257 : INFO : Machine : Platform: win32
2026-06-12 13:59:30,257 : INFO : Machine : Python executable location: C:\mpf\Scripts\python.exe
2026-06-12 13:59:30,257 : INFO : Machine : Python version: 3.12.7 (64-bit)
2026-06-12 13:59:30,259 : INFO : Machine : Initializing MPF...
2026-06-12 13:59:30,363 : INFO : FAST [NET] : Trying to connect to COM4 at 921600bps
2026-06-12 13:59:30,368 : INFO : FAST [NET] : Connected to COM4 at 921600bps
2026-06-12 13:59:30,374 : INFO : FAST [NET] : Connected to FP-CPU-2000 with firmware v02.26
2026-06-12 13:59:30,405 : INFO : FAST [NET] : Registered I/O Board 0: Model: FP-I/O-0024, Firmware: 01.10, Switches: 24, Drivers: 8
2026-06-12 13:59:30,421 : INFO : FAST [NET] : Registered I/O Board 1: Model: FP-I/O-1616, Firmware: 01.10, Switches: 16, Drivers: 16
2026-06-12 13:59:30,437 : INFO : FAST [NET] : Registered I/O Board 2: Model: FP-I/O-3208, Firmware: 01.10, Switches: 32, Drivers: 8
2026-06-12 13:59:30,453 : INFO : FAST [NET] : Registered I/O Board 3: Model: FP-I/O-1616, Firmware: 01.10, Switches: 16, Drivers: 16
2026-06-12 13:59:30,455 : INFO : FAST [EXP] : Trying to connect to COM5 at 921600bps
2026-06-12 13:59:30,460 : INFO : FAST [EXP] : Connected to COM5 at 921600bps
2026-06-12 13:59:30,469 : INFO : FAST [EXP] : Verifying hardware for EXP "ledcab" (FP-EXP-2000, @48) with ID string "EXP FP-EXP-2000  0.42", board address 48
2026-06-12 13:59:30,484 : INFO : FAST [EXP] : Verifying hardware for EXP "ledcab" (FP-EXP-2000, @48) with ID string "BRK FP-EXP-2000  0.42", board address 480
2026-06-12 13:59:30,515 : INFO : FAST [EXP] : Verifying hardware for EXP "ledpf1" (FP-EXP-0081, @84) with ID string "EXP FP-EXP-0081  0.38", board address 84
2026-06-12 13:59:30,531 : INFO : FAST [EXP] : Verifying hardware for EXP "ledpf1" (FP-EXP-0081, @84) with ID string "BRK FP-EXP-0081  0.38", board address 840
2026-06-12 13:59:30,547 : INFO : FAST [EXP] : Verifying hardware for EXP "ledpf1" (FP-EXP-0081, @84) with ID string "BRK FP-EXP-0081  0.38", board address 841
2026-06-12 13:59:30,579 : INFO : FAST [EXP] : Verifying hardware for EXP "ledpf2" (FP-EXP-0081, @85) with ID string "EXP FP-EXP-0081  0.48", board address 85
2026-06-12 13:59:30,595 : INFO : FAST [EXP] : Verifying hardware for EXP "ledpf2" (FP-EXP-0081, @85) with ID string "BRK FP-EXP-0081  0.48", board address 850
2026-06-12 13:59:30,611 : INFO : FAST [EXP] : Verifying hardware for EXP "ledpf2" (FP-EXP-0081, @85) with ID string "BRK FP-EXP-0081  0.48", board address 851
2026-06-12 13:59:30,628 : INFO : EventManager : Event: ======'machine_var_credits_string'====== Args={'value': 'FREE PLAY', 'prev_value': None, 'change': True}
2026-06-12 13:59:30,663 : INFO : EventManager : Event: ======'machine_var_master_volume'====== Args={'value': 0.5, 'prev_value': None, 'change': True}
2026-06-12 13:59:30,663 : INFO : EventManager : Event: ======'machine_var_player1_score'====== Args={'value': 1681554, 'prev_value': None, 'change': True}
2026-06-12 13:59:30,663 : INFO : EventManager : Event: ======'machine_var_last_game_score'====== Args={'value': 0, 'prev_value': None, 'change': True}
2026-06-12 13:59:30,663 : INFO : EventManager : Event: ======'machine_var_mpf_version'====== Args={'value': 'Mission Pinball Framework v0.80.0.dev12', 'prev_value': None, 'change': True}
2026-06-12 13:59:30,663 : INFO : EventManager : Event: ======'machine_var_mpf_extended_version'====== Args={'value': 'Mission Pinball Framework v0.80.0.dev12, Config version:6, Show version: 6, BCP version:1.1', 'prev_value': None, 'change': True}
2026-06-12 13:59:30,663 : INFO : EventManager : Event: ======'machine_var_python_version'====== Args={'value': '3.12.7', 'prev_value': None, 'change': True}
2026-06-12 13:59:30,691 : INFO : EventManager : Event: ======'machine_var_platform'====== Args={'value': 'Windows-10-10.0.19044-SP0', 'prev_value': None, 'change': True}
2026-06-12 13:59:30,691 : INFO : EventManager : Event: ======'machine_var_platform_system'====== Args={'value': 'Windows', 'prev_value': None, 'change': True}
2026-06-12 13:59:30,691 : INFO : EventManager : Event: ======'machine_var_platform_release'====== Args={'value': '10', 'prev_value': None, 'change': True}
2026-06-12 13:59:30,691 : INFO : EventManager : Event: ======'machine_var_platform_version'====== Args={'value': '10.0.19044', 'prev_value': None, 'change': True}
2026-06-12 13:59:30,691 : INFO : EventManager : Event: ======'machine_var_platform_machine'====== Args={'value': 'AMD64', 'prev_value': None, 'change': True}
2026-06-12 13:59:30,691 : INFO : EventManager : Event: ======'machine_var_log_file_path'====== Args={'value': 'C:\\Users\\tl\\Documents\\tl-pinball\\logs\\2026-06-12-13-59-29-mpf-DESKTOP-HV85DRD.log', 'prev_value': None, 'change': True}
2026-06-12 13:59:30,691 : INFO : EventManager : Event: ======'init_phase_1'====== Args={}
2026-06-12 13:59:30,854 : INFO : EventManager : Event: ======'drop_target_bank_dt_bank_1_4_up'====== Args={}
2026-06-12 13:59:30,854 : INFO : EventManager : Event: ======'drop_target_bank_dt_bank_5_7_up'====== Args={}
2026-06-12 13:59:33,448 : INFO : SwitchController : <<<<<<< 's_34_right_sling' active >>>>>>>
2026-06-12 13:59:33,448 : INFO : SwitchController : <<<<<<< 's_44_spinner_right' active >>>>>>>
2026-06-12 13:59:33,448 : INFO : SwitchController : <<<<<<< 's_71_spinner_left' active >>>>>>>
2026-06-12 13:59:33,448 : INFO : SwitchController : <<<<<<< 's_72_single_drop_1' active >>>>>>>
2026-06-12 13:59:33,448 : INFO : SwitchController : <<<<<<< 's_74_fourbank_drop_2' active >>>>>>>
2026-06-12 13:59:33,448 : INFO : SwitchController : <<<<<<< 's_75_fourbank_drop_3' active >>>>>>>
2026-06-12 13:59:33,448 : INFO : SwitchController : <<<<<<< 's_76_fourbank_drop_4' active >>>>>>>
2026-06-12 13:59:33,448 : INFO : SwitchController : <<<<<<< 's_77_threebank_drop_1' active >>>>>>>
2026-06-12 13:59:33,448 : INFO : SwitchController : <<<<<<< 's_78_threebank_drop_2' active >>>>>>>
2026-06-12 13:59:33,449 : INFO : SwitchController : <<<<<<< 's_79_threebank_drop_3' active >>>>>>>
2026-06-12 13:59:33,530 : INFO : EventManager : Event: ======'init_phase_2'====== Args={}
2026-06-12 13:59:33,530 : INFO : SwitchController : Found active switch: (50, [FAST Platform Interface]) <switch.s_34_right_sling>
2026-06-12 13:59:33,530 : INFO : SwitchController : Found active switch: (60, [FAST Platform Interface]) <switch.s_44_spinner_right>
2026-06-12 13:59:33,530 : INFO : SwitchController : Found active switch: (39, [FAST Platform Interface]) <switch.s_71_spinner_left>
2026-06-12 13:59:33,530 : INFO : SwitchController : Found active switch: (72, [FAST Platform Interface]) <switch.s_72_single_drop_1>
2026-06-12 13:59:33,530 : INFO : SwitchController : Found active switch: (74, [FAST Platform Interface]) <switch.s_74_fourbank_drop_2>
2026-06-12 13:59:33,531 : INFO : SwitchController : Found active switch: (75, [FAST Platform Interface]) <switch.s_75_fourbank_drop_3>
2026-06-12 13:59:33,531 : INFO : SwitchController : Found active switch: (76, [FAST Platform Interface]) <switch.s_76_fourbank_drop_4>
2026-06-12 13:59:33,531 : INFO : SwitchController : Found active switch: (77, [FAST Platform Interface]) <switch.s_77_threebank_drop_1>
2026-06-12 13:59:33,531 : INFO : SwitchController : Found active switch: (78, [FAST Platform Interface]) <switch.s_78_threebank_drop_2>
2026-06-12 13:59:33,531 : INFO : SwitchController : Found active switch: (79, [FAST Platform Interface]) <switch.s_79_threebank_drop_3>
2026-06-12 13:59:33,567 : INFO : EventManager : Event: ======'machine_var_score1_label'====== Args={'value': 'GRAND CHAMPION', 'prev_value': None, 'change': True}
2026-06-12 13:59:33,567 : INFO : EventManager : Event: ======'machine_var_score1_name'====== Args={'value': 'BWC', 'prev_value': None, 'change': True}
2026-06-12 13:59:33,568 : INFO : EventManager : Event: ======'machine_var_score1_value'====== Args={'value': 60018463, 'prev_value': None, 'change': True}
2026-06-12 13:59:33,568 : INFO : EventManager : Event: ======'machine_var_score2_label'====== Args={'value': 'HIGH SCORE 1', 'prev_value': None, 'change': True}
2026-06-12 13:59:33,568 : INFO : EventManager : Event: ======'machine_var_score2_name'====== Args={'value': 'BWC', 'prev_value': None, 'change': True}
2026-06-12 13:59:33,568 : INFO : EventManager : Event: ======'machine_var_score2_value'====== Args={'value': 8670083, 'prev_value': None, 'change': True}
2026-06-12 13:59:33,568 : INFO : EventManager : Event: ======'machine_var_score3_label'====== Args={'value': 'HIGH SCORE 2', 'prev_value': None, 'change': True}
2026-06-12 13:59:33,568 : INFO : EventManager : Event: ======'machine_var_score3_name'====== Args={'value': 'AAA', 'prev_value': None, 'change': True}
2026-06-12 13:59:33,568 : INFO : EventManager : Event: ======'machine_var_score3_value'====== Args={'value': 5598024, 'prev_value': None, 'change': True}
2026-06-12 13:59:33,568 : INFO : EventManager : Event: ======'machine_var_score4_label'====== Args={'value': 'HIGH SCORE 3', 'prev_value': None, 'change': True}
2026-06-12 13:59:33,568 : INFO : EventManager : Event: ======'machine_var_score4_name'====== Args={'value': 'BWC', 'prev_value': None, 'change': True}
2026-06-12 13:59:33,568 : INFO : EventManager : Event: ======'machine_var_score4_value'====== Args={'value': 2808297, 'prev_value': None, 'change': True}
2026-06-12 13:59:33,568 : INFO : EventManager : Event: ======'machine_var_score5_label'====== Args={'value': 'HIGH SCORE 4', 'prev_value': None, 'change': True}
2026-06-12 13:59:33,568 : INFO : EventManager : Event: ======'machine_var_score5_name'====== Args={'value': 'BWC', 'prev_value': None, 'change': True}
2026-06-12 13:59:33,569 : INFO : EventManager : Event: ======'machine_var_score5_value'====== Args={'value': 2790258, 'prev_value': None, 'change': True}
2026-06-12 13:59:33,569 : INFO : EventManager : Event: ======'bcp_connection_attempt'====== Args={'name': 'local_display', 'host': 'localhost', 'port': 5050}
2026-06-12 13:59:33,571 : INFO : BCPClientSocket : Connecting BCP to 'local_display' at localhost:5050...
2026-06-12 13:59:39,751 : INFO : BCPClientSocket : Connected BCP to 'local_display' localhost:5050
2026-06-12 13:59:39,752 : INFO : EventManager : Event: ======'bcp_clients_connected'====== Args={}
2026-06-12 13:59:39,753 : INFO : ball_device.bd_plunger : BCH: Initial count: 0
2026-06-12 13:59:39,755 : INFO : ball_device.bd_plunger : State: idle
2026-06-12 13:59:39,756 : INFO : ball_device.bd_trough : BCH: Initial count: 0
2026-06-12 13:59:39,756 : INFO : ball_device.bd_trough : State: idle
2026-06-12 13:59:39,757 : INFO : ball_device.bd_left_vuk : BCH: Initial count: 0
2026-06-12 13:59:39,757 : INFO : ball_device.bd_left_vuk : State: idle
2026-06-12 13:59:39,757 : INFO : ball_device.bd_right_vuk : BCH: Initial count: 0
2026-06-12 13:59:39,757 : INFO : ball_device.bd_right_vuk : State: idle
2026-06-12 13:59:39,782 : INFO : EventManager : Event: ======'init_phase_3'====== Args={}
2026-06-12 13:59:50,640 : INFO : EventManager : Event: ======'init_phase_4'====== Args={}
2026-06-12 13:59:50,641 : INFO : EventManager : Event: ======'drop_target_dt_single_down'====== Args={'device': <drop_target.dt_single>}
2026-06-12 13:59:50,641 : INFO : EventManager : Event: ======'drop_target_dt_2_down'====== Args={'device': <drop_target.dt_2>}
2026-06-12 13:59:50,641 : INFO : EventManager : Event: ======'drop_target_dt_3_down'====== Args={'device': <drop_target.dt_3>}
2026-06-12 13:59:50,641 : INFO : EventManager : Event: ======'drop_target_dt_4_down'====== Args={'device': <drop_target.dt_4>}
2026-06-12 13:59:50,642 : INFO : EventManager : Event: ======'drop_target_dt_5_down'====== Args={'device': <drop_target.dt_5>}
2026-06-12 13:59:50,642 : INFO : EventManager : Event: ======'drop_target_dt_6_down'====== Args={'device': <drop_target.dt_6>}
2026-06-12 13:59:50,642 : INFO : EventManager : Event: ======'drop_target_dt_7_down'====== Args={'device': <drop_target.dt_7>}
2026-06-12 13:59:50,643 : INFO : BallController : Initial balls found: 0
2026-06-12 13:59:50,645 : INFO : EventManager : Event: ======'machine_var_audits_events_game_ended'====== Args={'value': 130, 'prev_value': None, 'change': True}
2026-06-12 13:59:50,645 : INFO : EventManager : Event: ======'machine_var_audits_events_game_started'====== Args={'value': 180, 'prev_value': None, 'change': True}
2026-06-12 13:59:50,645 : INFO : EventManager : Event: ======'machine_var_audits_missing_switches_s_00_service_esc'====== Args={'value': 180, 'prev_value': None, 'change': True}
2026-06-12 13:59:50,645 : INFO : EventManager : Event: ======'machine_var_audits_missing_switches_s_01_service_up'====== Args={'value': 180, 'prev_value': None, 'change': True}
2026-06-12 13:59:50,645 : INFO : EventManager : Event: ======'machine_var_audits_missing_switches_s_02_service_down'====== Args={'value': 180, 'prev_value': None, 'change': True}
2026-06-12 13:59:50,645 : INFO : EventManager : Event: ======'machine_var_audits_missing_switches_s_03_service_enter'====== Args={'value': 180, 'prev_value': None, 'change': True}
2026-06-12 13:59:50,645 : INFO : EventManager : Event: ======'machine_var_audits_missing_switches_s_11_start_button'====== Args={'value': 1, 'prev_value': None, 'change': True}
2026-06-12 13:59:50,645 : INFO : EventManager : Event: ======'machine_var_audits_missing_switches_s_19_cab_arrow_left'====== Args={'value': 5, 'prev_value': None, 'change': True}
2026-06-12 13:59:50,645 : INFO : EventManager : Event: ======'machine_var_audits_missing_switches_s_20_cab_arrow_right'====== Args={'value': 5, 'prev_value': None, 'change': True}
2026-06-12 13:59:50,645 : INFO : EventManager : Event: ======'machine_var_audits_missing_switches_s_24_trough_1'====== Args={'value': 1, 'prev_value': None, 'change': True}
2026-06-12 13:59:50,645 : INFO : EventManager : Event: ======'machine_var_audits_missing_switches_s_25_trough_2'====== Args={'value': 1, 'prev_value': None, 'change': True}
2026-06-12 13:59:50,646 : INFO : EventManager : Event: ======'machine_var_audits_missing_switches_s_26_trough_3'====== Args={'value': 1, 'prev_value': None, 'change': True}
2026-06-12 13:59:50,646 : INFO : EventManager : Event: ======'machine_var_audits_missing_switches_s_27_trough_4'====== Args={'value': 1, 'prev_value': None, 'change': True}
2026-06-12 13:59:50,646 : INFO : EventManager : Event: ======'machine_var_audits_missing_switches_s_28_trough_5'====== Args={'value': 1, 'prev_value': None, 'change': True}
2026-06-12 13:59:50,646 : INFO : EventManager : Event: ======'machine_var_audits_missing_switches_s_29_trough_6'====== Args={'value': 1, 'prev_value': None, 'change': True}
2026-06-12 13:59:50,646 : INFO : EventManager : Event: ======'machine_var_audits_missing_switches_s_33_right_outlane'====== Args={'value': 44, 'prev_value': None, 'change': True}
2026-06-12 13:59:50,646 : INFO : EventManager : Event: ======'machine_var_audits_missing_switches_s_34_right_sling'====== Args={'value': 101, 'prev_value': None, 'change': True}
2026-06-12 13:59:50,646 : INFO : EventManager : Event: ======'machine_var_audits_missing_switches_s_36_left_outlane'====== Args={'value': 2, 'prev_value': None, 'change': True}
2026-06-12 13:59:50,646 : INFO : EventManager : Event: ======'machine_var_audits_missing_switches_s_38_star_rollover_bottom'====== Args={'value': 180, 'prev_value': None, 'change': True}
2026-06-12 13:59:50,646 : INFO : EventManager : Event: ======'machine_var_audits_missing_switches_s_39_star_rollover_top'====== Args={'value': 5, 'prev_value': None, 'change': True}
2026-06-12 13:59:50,646 : INFO : EventManager : Event: ======'machine_var_audits_missing_switches_s_40_stand_up_target_5'====== Args={'value': 1, 'prev_value': None, 'change': True}
2026-06-12 13:59:50,646 : INFO : EventManager : Event: ======'machine_var_audits_missing_switches_s_41_stand_up_target_6'====== Args={'value': 6, 'prev_value': None, 'change': True}
2026-06-12 13:59:50,646 : INFO : EventManager : Event: ======'machine_var_audits_missing_switches_s_42_stand_up_target_1'====== Args={'value': 3, 'prev_value': None, 'change': True}
2026-06-12 13:59:50,646 : INFO : EventManager : Event: ======'machine_var_audits_missing_switches_s_43_stand_up_target_4'====== Args={'value': 1, 'prev_value': None, 'change': True}
2026-06-12 13:59:50,646 : INFO : EventManager : Event: ======'machine_var_audits_missing_switches_s_44_spinner_right'====== Args={'value': 5, 'prev_value': None, 'change': True}
2026-06-12 13:59:50,646 : INFO : EventManager : Event: ======'machine_var_audits_missing_switches_s_61_top_lane_b'====== Args={'value': 1, 'prev_value': None, 'change': True}
2026-06-12 13:59:50,646 : INFO : EventManager : Event: ======'machine_var_audits_missing_switches_s_62_top_lane_a'====== Args={'value': 2, 'prev_value': None, 'change': True}
2026-06-12 13:59:50,646 : INFO : EventManager : Event: ======'machine_var_audits_missing_switches_s_63_stand_up_target_3'====== Args={'value': 1, 'prev_value': None, 'change': True}
2026-06-12 13:59:50,646 : INFO : EventManager : Event: ======'machine_var_audits_missing_switches_s_65_varitarget_position_2'====== Args={'value': 5, 'prev_value': None, 'change': True}
2026-06-12 13:59:50,646 : INFO : EventManager : Event: ======'machine_var_audits_missing_switches_s_66_varitarget_position_3'====== Args={'value': 5, 'prev_value': None, 'change': True}
2026-06-12 13:59:50,646 : INFO : EventManager : Event: ======'machine_var_audits_missing_switches_s_67_varitarget_position_4'====== Args={'value': 5, 'prev_value': None, 'change': True}
2026-06-12 13:59:50,646 : INFO : EventManager : Event: ======'machine_var_audits_missing_switches_s_68_varitarget_position_5'====== Args={'value': 5, 'prev_value': None, 'change': True}
2026-06-12 13:59:50,646 : INFO : EventManager : Event: ======'machine_var_audits_missing_switches_s_69_varitarget_position_6'====== Args={'value': 38, 'prev_value': None, 'change': True}
2026-06-12 13:59:50,647 : INFO : EventManager : Event: ======'machine_var_audits_missing_switches_s_70_varitarget_position_7'====== Args={'value': 40, 'prev_value': None, 'change': True}
2026-06-12 13:59:50,647 : INFO : EventManager : Event: ======'machine_var_audits_missing_switches_s_73_fourbank_drop_1'====== Args={'value': 5, 'prev_value': None, 'change': True}
2026-06-12 13:59:50,647 : INFO : EventManager : Event: ======'machine_var_audits_missing_switches_s_80_stand_up_target_2'====== Args={'value': 3, 'prev_value': None, 'change': True}
2026-06-12 13:59:50,647 : INFO : EventManager : Event: ======'machine_var_audits_missing_switches_s_81_saucer_left'====== Args={'value': 3, 'prev_value': None, 'change': True}
2026-06-12 13:59:50,647 : INFO : EventManager : Event: ======'machine_var_audits_missing_switches_s_82_stand_up_target_bank_1'====== Args={'value': 5, 'prev_value': None, 'change': True}
2026-06-12 13:59:50,647 : INFO : EventManager : Event: ======'machine_var_audits_missing_switches_s_84_stand_up_target_bank_3'====== Args={'value': 3, 'prev_value': None, 'change': True}
2026-06-12 13:59:50,647 : INFO : EventManager : Event: ======'machine_var_audits_player_score'====== Args={'value': {'average': 1919549, 'top': [60018463, 8670083, 5598024, 3120756, 2808297, 2790258, 2601386, 2531176, 2259284, 2248066], 'total': 130}, 'prev_value': None, 'change': True}
2026-06-12 13:59:50,647 : INFO : EventManager : Event: ======'machine_var_audits_shots_resistance_qualify_target_5'====== Args={'value': 1, 'prev_value': None, 'change': True}
2026-06-12 13:59:50,647 : INFO : EventManager : Event: ======'machine_var_audits_shots_resistance_qualify_target_6'====== Args={'value': 16, 'prev_value': None, 'change': True}
2026-06-12 13:59:50,647 : INFO : EventManager : Event: ======'machine_var_audits_shots_resistance_right_inlane_start'====== Args={'value': 10, 'prev_value': None, 'change': True}
2026-06-12 13:59:50,647 : INFO : EventManager : Event: ======'machine_var_audits_shots_resistance_saucer_stage_5'====== Args={'value': 4, 'prev_value': None, 'change': True}
2026-06-12 13:59:50,647 : INFO : EventManager : Event: ======'machine_var_audits_shots_resistance_single_drop_stage_5'====== Args={'value': 4, 'prev_value': None, 'change': True}
2026-06-12 13:59:50,647 : INFO : EventManager : Event: ======'machine_var_audits_shots_resistance_top_lane_stage_2'====== Args={'value': 9, 'prev_value': None, 'change': True}
2026-06-12 13:59:50,647 : INFO : EventManager : Event: ======'machine_var_audits_shots_resistance_top_lane_stage_3'====== Args={'value': 8, 'prev_value': None, 'change': True}
2026-06-12 13:59:50,647 : INFO : EventManager : Event: ======'machine_var_audits_shots_resistance_top_lane_stage_4'====== Args={'value': 6, 'prev_value': None, 'change': True}
2026-06-12 13:59:50,647 : INFO : EventManager : Event: ======'machine_var_audits_shots_shot_dt_1'====== Args={'value': 282, 'prev_value': None, 'change': True}
2026-06-12 13:59:50,647 : INFO : EventManager : Event: ======'machine_var_audits_shots_shot_dt_2'====== Args={'value': 297, 'prev_value': None, 'change': True}
2026-06-12 13:59:50,647 : INFO : EventManager : Event: ======'machine_var_audits_shots_shot_dt_3'====== Args={'value': 310, 'prev_value': None, 'change': True}
2026-06-12 13:59:50,647 : INFO : EventManager : Event: ======'machine_var_audits_shots_shot_dt_4'====== Args={'value': 330, 'prev_value': None, 'change': True}
2026-06-12 13:59:50,647 : INFO : EventManager : Event: ======'machine_var_audits_shots_shot_dt_5'====== Args={'value': 122, 'prev_value': None, 'change': True}
2026-06-12 13:59:50,647 : INFO : EventManager : Event: ======'machine_var_audits_shots_shot_dt_6'====== Args={'value': 121, 'prev_value': None, 'change': True}
2026-06-12 13:59:50,647 : INFO : EventManager : Event: ======'machine_var_audits_shots_shot_dt_7'====== Args={'value': 108, 'prev_value': None, 'change': True}
2026-06-12 13:59:50,648 : INFO : EventManager : Event: ======'machine_var_audits_shots_shot_impossible'====== Args={'value': 33, 'prev_value': None, 'change': True}
2026-06-12 13:59:50,648 : INFO : EventManager : Event: ======'machine_var_audits_shots_shot_rollover_top'====== Args={'value': 33, 'prev_value': None, 'change': True}
2026-06-12 13:59:50,648 : INFO : EventManager : Event: ======'machine_var_audits_shots_shot_slingshot_l'====== Args={'value': 127, 'prev_value': None, 'change': True}
2026-06-12 13:59:50,648 : INFO : EventManager : Event: ======'machine_var_audits_shots_shot_slingshot_r'====== Args={'value': 302, 'prev_value': None, 'change': True}
2026-06-12 13:59:50,648 : INFO : EventManager : Event: ======'machine_var_audits_shots_shot_sut_1'====== Args={'value': 66, 'prev_value': None, 'change': True}
2026-06-12 13:59:50,648 : INFO : EventManager : Event: ======'machine_var_audits_shots_shot_sut_2'====== Args={'value': 140, 'prev_value': None, 'change': True}
2026-06-12 13:59:50,648 : INFO : EventManager : Event: ======'machine_var_audits_shots_shot_sut_3'====== Args={'value': 77, 'prev_value': None, 'change': True}
2026-06-12 13:59:50,648 : INFO : EventManager : Event: ======'machine_var_audits_shots_shot_sut_4'====== Args={'value': 85, 'prev_value': None, 'change': True}
2026-06-12 13:59:50,648 : INFO : EventManager : Event: ======'machine_var_audits_shots_shot_sut_5'====== Args={'value': 120, 'prev_value': None, 'change': True}
2026-06-12 13:59:50,648 : INFO : EventManager : Event: ======'machine_var_audits_shots_shot_sut_6'====== Args={'value': 68, 'prev_value': None, 'change': True}
2026-06-12 13:59:50,648 : INFO : EventManager : Event: ======'machine_var_audits_shots_shot_sut_blue'====== Args={'value': 260, 'prev_value': None, 'change': True}
2026-06-12 13:59:50,648 : INFO : EventManager : Event: ======'machine_var_audits_shots_shot_sut_green'====== Args={'value': 134, 'prev_value': None, 'change': True}
2026-06-12 13:59:50,648 : INFO : EventManager : Event: ======'machine_var_audits_shots_shot_sut_red'====== Args={'value': 162, 'prev_value': None, 'change': True}
2026-06-12 13:59:50,648 : INFO : EventManager : Event: ======'machine_var_audits_shots_spinner_left'====== Args={'value': 852, 'prev_value': None, 'change': True}
2026-06-12 13:59:50,648 : INFO : EventManager : Event: ======'machine_var_audits_shots_spinner_right'====== Args={'value': 426, 'prev_value': None, 'change': True}
2026-06-12 13:59:50,648 : INFO : EventManager : Event: ======'machine_var_audits_shots_varitarget_p1'====== Args={'value': 1566, 'prev_value': None, 'change': True}
2026-06-12 13:59:50,648 : INFO : EventManager : Event: ======'machine_var_audits_shots_varitarget_p2'====== Args={'value': 14, 'prev_value': None, 'change': True}
2026-06-12 13:59:50,648 : INFO : EventManager : Event: ======'machine_var_audits_shots_varitarget_p3'====== Args={'value': 28, 'prev_value': None, 'change': True}
2026-06-12 13:59:50,648 : INFO : EventManager : Event: ======'machine_var_audits_shots_varitarget_p4'====== Args={'value': 12, 'prev_value': None, 'change': True}
2026-06-12 13:59:50,648 : INFO : EventManager : Event: ======'machine_var_audits_shots_varitarget_p5'====== Args={'value': 112, 'prev_value': None, 'change': True}
2026-06-12 13:59:50,648 : INFO : EventManager : Event: ======'machine_var_audits_shots_varitarget_p6'====== Args={'value': 305, 'prev_value': None, 'change': True}
2026-06-12 13:59:50,648 : INFO : EventManager : Event: ======'machine_var_audits_shots_varitarget_p7'====== Args={'value': 84, 'prev_value': None, 'change': True}
2026-06-12 13:59:50,649 : INFO : EventManager : Event: ======'machine_var_audits_switches_s_00_service_esc'====== Args={'value': 0, 'prev_value': None, 'change': True}
2026-06-12 13:59:50,649 : INFO : EventManager : Event: ======'machine_var_audits_switches_s_01_service_up'====== Args={'value': 0, 'prev_value': None, 'change': True}
2026-06-12 13:59:50,649 : INFO : EventManager : Event: ======'machine_var_audits_switches_s_02_service_down'====== Args={'value': 0, 'prev_value': None, 'change': True}
2026-06-12 13:59:50,649 : INFO : EventManager : Event: ======'machine_var_audits_switches_s_03_service_enter'====== Args={'value': 0, 'prev_value': None, 'change': True}
2026-06-12 13:59:50,649 : INFO : EventManager : Event: ======'machine_var_audits_switches_s_08_left_flipper'====== Args={'value': 1726, 'prev_value': None, 'change': True}
2026-06-12 13:59:50,649 : INFO : EventManager : Event: ======'machine_var_audits_switches_s_11_start_button'====== Args={'value': 175, 'prev_value': None, 'change': True}
2026-06-12 13:59:50,649 : INFO : EventManager : Event: ======'machine_var_audits_switches_s_16_right_flipper'====== Args={'value': 2526, 'prev_value': None, 'change': True}
2026-06-12 13:59:50,649 : INFO : EventManager : Event: ======'machine_var_audits_switches_s_17_right_flipper_upper'====== Args={'value': 1972, 'prev_value': None, 'change': True}
2026-06-12 13:59:50,649 : INFO : EventManager : Event: ======'machine_var_audits_switches_s_19_cab_arrow_left'====== Args={'value': 4, 'prev_value': None, 'change': True}
2026-06-12 13:59:50,649 : INFO : EventManager : Event: ======'machine_var_audits_switches_s_20_cab_arrow_right'====== Args={'value': 3, 'prev_value': None, 'change': True}
2026-06-12 13:59:50,649 : INFO : EventManager : Event: ======'machine_var_audits_switches_s_24_trough_1'====== Args={'value': 235, 'prev_value': None, 'change': True}
2026-06-12 13:59:50,649 : INFO : EventManager : Event: ======'machine_var_audits_switches_s_25_trough_2'====== Args={'value': 214, 'prev_value': None, 'change': True}
2026-06-12 13:59:50,649 : INFO : EventManager : Event: ======'machine_var_audits_switches_s_26_trough_3'====== Args={'value': 173, 'prev_value': None, 'change': True}
2026-06-12 13:59:50,649 : INFO : EventManager : Event: ======'machine_var_audits_switches_s_27_trough_4'====== Args={'value': 159, 'prev_value': None, 'change': True}
2026-06-12 13:59:50,649 : INFO : EventManager : Event: ======'machine_var_audits_switches_s_28_trough_5'====== Args={'value': 161, 'prev_value': None, 'change': True}
2026-06-12 13:59:50,649 : INFO : EventManager : Event: ======'machine_var_audits_switches_s_29_trough_6'====== Args={'value': 184, 'prev_value': None, 'change': True}
2026-06-12 13:59:50,649 : INFO : EventManager : Event: ======'machine_var_audits_switches_s_30_trough_jam'====== Args={'value': 270, 'prev_value': None, 'change': True}
2026-06-12 13:59:50,649 : INFO : EventManager : Event: ======'machine_var_audits_switches_s_31_plunger_lane'====== Args={'value': 372, 'prev_value': None, 'change': True}
2026-06-12 13:59:50,649 : INFO : EventManager : Event: ======'machine_var_audits_switches_s_32_right_inlane'====== Args={'value': 91, 'prev_value': None, 'change': True}
2026-06-12 13:59:50,649 : INFO : EventManager : Event: ======'machine_var_audits_switches_s_33_right_outlane'====== Args={'value': 5, 'prev_value': None, 'change': True}
2026-06-12 13:59:50,649 : INFO : EventManager : Event: ======'machine_var_audits_switches_s_34_right_sling'====== Args={'value': 302, 'prev_value': None, 'change': True}
2026-06-12 13:59:50,649 : INFO : EventManager : Event: ======'machine_var_audits_switches_s_35_left_inlane'====== Args={'value': 110, 'prev_value': None, 'change': True}
2026-06-12 13:59:50,650 : INFO : EventManager : Event: ======'machine_var_audits_switches_s_36_left_outlane'====== Args={'value': 44, 'prev_value': None, 'change': True}
2026-06-12 13:59:50,650 : INFO : EventManager : Event: ======'machine_var_audits_switches_s_37_left_sling'====== Args={'value': 127, 'prev_value': None, 'change': True}
2026-06-12 13:59:50,650 : INFO : EventManager : Event: ======'machine_var_audits_switches_s_38_star_rollover_bottom'====== Args={'value': 0, 'prev_value': None, 'change': True}
2026-06-12 13:59:50,650 : INFO : EventManager : Event: ======'machine_var_audits_switches_s_39_star_rollover_top'====== Args={'value': 33, 'prev_value': None, 'change': True}
2026-06-12 13:59:50,650 : INFO : EventManager : Event: ======'machine_var_audits_switches_s_40_stand_up_target_5'====== Args={'value': 93, 'prev_value': None, 'change': True}
2026-06-12 13:59:50,650 : INFO : EventManager : Event: ======'machine_var_audits_switches_s_41_stand_up_target_6'====== Args={'value': 139, 'prev_value': None, 'change': True}
2026-06-12 13:59:50,650 : INFO : EventManager : Event: ======'machine_var_audits_switches_s_42_stand_up_target_1'====== Args={'value': 33, 'prev_value': None, 'change': True}
2026-06-12 13:59:50,650 : INFO : EventManager : Event: ======'machine_var_audits_switches_s_43_stand_up_target_4'====== Args={'value': 147, 'prev_value': None, 'change': True}
2026-06-12 13:59:50,650 : INFO : EventManager : Event: ======'machine_var_audits_switches_s_44_spinner_right'====== Args={'value': 428, 'prev_value': None, 'change': True}
2026-06-12 13:59:50,650 : INFO : EventManager : Event: ======'machine_var_audits_switches_s_56_pop_bumper_right'====== Args={'value': 254, 'prev_value': None, 'change': True}
2026-06-12 13:59:50,650 : INFO : EventManager : Event: ======'machine_var_audits_switches_s_57_pop_bumper_center'====== Args={'value': 456, 'prev_value': None, 'change': True}
2026-06-12 13:59:50,650 : INFO : EventManager : Event: ======'machine_var_audits_switches_s_58_pop_bumper_left'====== Args={'value': 867, 'prev_value': None, 'change': True}
2026-06-12 13:59:50,650 : INFO : EventManager : Event: ======'machine_var_audits_switches_s_59_saucer_right'====== Args={'value': 20, 'prev_value': None, 'change': True}
2026-06-12 13:59:50,650 : INFO : EventManager : Event: ======'machine_var_audits_switches_s_60_top_lane_c'====== Args={'value': 278, 'prev_value': None, 'change': True}
2026-06-12 13:59:50,650 : INFO : EventManager : Event: ======'machine_var_audits_switches_s_61_top_lane_b'====== Args={'value': 666, 'prev_value': None, 'change': True}
2026-06-12 13:59:50,650 : INFO : EventManager : Event: ======'machine_var_audits_switches_s_62_top_lane_a'====== Args={'value': 593, 'prev_value': None, 'change': True}
2026-06-12 13:59:50,650 : INFO : EventManager : Event: ======'machine_var_audits_switches_s_63_stand_up_target_3'====== Args={'value': 96, 'prev_value': None, 'change': True}
2026-06-12 13:59:50,650 : INFO : EventManager : Event: ======'machine_var_audits_switches_s_64_varitarget_position_1'====== Args={'value': 1604, 'prev_value': None, 'change': True}
2026-06-12 13:59:50,650 : INFO : EventManager : Event: ======'machine_var_audits_switches_s_65_varitarget_position_2'====== Args={'value': 14, 'prev_value': None, 'change': True}
2026-06-12 13:59:50,650 : INFO : EventManager : Event: ======'machine_var_audits_switches_s_66_varitarget_position_3'====== Args={'value': 28, 'prev_value': None, 'change': True}
2026-06-12 13:59:50,650 : INFO : EventManager : Event: ======'machine_var_audits_switches_s_67_varitarget_position_4'====== Args={'value': 12, 'prev_value': None, 'change': True}
2026-06-12 13:59:50,650 : INFO : EventManager : Event: ======'machine_var_audits_switches_s_68_varitarget_position_5'====== Args={'value': 112, 'prev_value': None, 'change': True}
2026-06-12 13:59:50,650 : INFO : EventManager : Event: ======'machine_var_audits_switches_s_69_varitarget_position_6'====== Args={'value': 305, 'prev_value': None, 'change': True}
2026-06-12 13:59:50,651 : INFO : EventManager : Event: ======'machine_var_audits_switches_s_70_varitarget_position_7'====== Args={'value': 84, 'prev_value': None, 'change': True}
2026-06-12 13:59:50,651 : INFO : EventManager : Event: ======'machine_var_audits_switches_s_71_spinner_left'====== Args={'value': 852, 'prev_value': None, 'change': True}
2026-06-12 13:59:50,651 : INFO : EventManager : Event: ======'machine_var_audits_switches_s_72_single_drop_1'====== Args={'value': 64, 'prev_value': None, 'change': True}
2026-06-12 13:59:50,651 : INFO : EventManager : Event: ======'machine_var_audits_switches_s_73_fourbank_drop_1'====== Args={'value': 282, 'prev_value': None, 'change': True}
2026-06-12 13:59:50,651 : INFO : EventManager : Event: ======'machine_var_audits_switches_s_74_fourbank_drop_2'====== Args={'value': 298, 'prev_value': None, 'change': True}
2026-06-12 13:59:50,651 : INFO : EventManager : Event: ======'machine_var_audits_switches_s_75_fourbank_drop_3'====== Args={'value': 315, 'prev_value': None, 'change': True}
2026-06-12 13:59:50,651 : INFO : EventManager : Event: ======'machine_var_audits_switches_s_76_fourbank_drop_4'====== Args={'value': 344, 'prev_value': None, 'change': True}
2026-06-12 13:59:50,651 : INFO : EventManager : Event: ======'machine_var_audits_switches_s_77_threebank_drop_1'====== Args={'value': 182, 'prev_value': None, 'change': True}
2026-06-12 13:59:50,651 : INFO : EventManager : Event: ======'machine_var_audits_switches_s_78_threebank_drop_2'====== Args={'value': 128, 'prev_value': None, 'change': True}
2026-06-12 13:59:50,651 : INFO : EventManager : Event: ======'machine_var_audits_switches_s_79_threebank_drop_3'====== Args={'value': 110, 'prev_value': None, 'change': True}
2026-06-12 13:59:50,651 : INFO : EventManager : Event: ======'machine_var_audits_switches_s_80_stand_up_target_2'====== Args={'value': 21, 'prev_value': None, 'change': True}
2026-06-12 13:59:50,651 : INFO : EventManager : Event: ======'machine_var_audits_switches_s_81_saucer_left'====== Args={'value': 72, 'prev_value': None, 'change': True}
2026-06-12 13:59:50,651 : INFO : EventManager : Event: ======'machine_var_audits_switches_s_82_stand_up_target_bank_1'====== Args={'value': 66, 'prev_value': None, 'change': True}
2026-06-12 13:59:50,651 : INFO : EventManager : Event: ======'machine_var_audits_switches_s_83_stand_up_target_bank_2'====== Args={'value': 140, 'prev_value': None, 'change': True}
2026-06-12 13:59:50,651 : INFO : EventManager : Event: ======'machine_var_audits_switches_s_84_stand_up_target_bank_3'====== Args={'value': 77, 'prev_value': None, 'change': True}
2026-06-12 13:59:50,651 : INFO : EventManager : Event: ======'machine_var_audits_switches_s_85_stand_up_target_bank_4'====== Args={'value': 85, 'prev_value': None, 'change': True}
2026-06-12 13:59:50,651 : INFO : EventManager : Event: ======'machine_var_audits_switches_s_86_stand_up_target_bank_5'====== Args={'value': 120, 'prev_value': None, 'change': True}
2026-06-12 13:59:50,651 : INFO : EventManager : Event: ======'machine_var_audits_switches_s_87_stand_up_target_bank_6'====== Args={'value': 68, 'prev_value': None, 'change': True}
2026-06-12 13:59:50,652 : INFO : EventManager : Event: ======'init_phase_5'====== Args={}
2026-06-12 13:59:50,652 : INFO : EventManager : Event: ======'init_done'====== Args={}
2026-06-12 13:59:50,653 : INFO : EventManager : Event: ======'machine_reset_phase_1'====== Args={}
2026-06-12 13:59:50,664 : INFO : EventManager : Event: ======'machine_reset_phase_2'====== Args={}
2026-06-12 13:59:50,664 : INFO : EventManager : Event: ======'machine_reset_phase_3'====== Args={}
2026-06-12 13:59:50,665 : INFO : drop_target_bank.dt_bank_1_4 : 3 targets are down. Will reset those.
2026-06-12 13:59:50,665 : INFO : coil.c_40_fourbank_drop_reset : Pulsing Driver for 10ms (1.0 pulse_power)
2026-06-12 13:59:50,665 : INFO : drop_target_bank.dt_bank_5_7 : 3 targets are down. Will reset those.
2026-06-12 13:59:50,665 : INFO : coil.c_40_fourbank_drop_reset : Pulsing Driver for 10ms (1.0 pulse_power)
2026-06-12 13:59:50,665 : INFO : coil.c_32_threebank_drop_reset : Pulsing Driver for 10ms (1.0 pulse_power)
2026-06-12 13:59:50,665 : INFO : coil.c_32_threebank_drop_reset : Pulsing Driver for 10ms (1.0 pulse_power)
2026-06-12 13:59:50,665 : INFO : coil.c_32_threebank_drop_reset : Pulsing Driver for 10ms (1.0 pulse_power)
2026-06-12 13:59:50,666 : INFO : EventManager : Event: ======'reset_complete'====== Args={}
2026-06-12 13:59:50,666 : INFO : EventManager : Event: ======'mode_attract_will_start'====== Args={}
2026-06-12 13:59:50,666 : INFO : Timer.attract_carousel_timer : Starting Timer.
2026-06-12 13:59:50,667 : INFO : EventManager : Event: ======'timer_attract_carousel_timer_started'====== Args={'ticks': 0, 'ticks_remaining': 1}
2026-06-12 13:59:50,667 : INFO : EventManager : Event: ======'timer_attract_carousel_timer_tick'====== Args={'ticks': 0, 'ticks_remaining': 1}
2026-06-12 13:59:50,667 : INFO : EventManager : Event: ======'mode_attract_starting'====== Args={}
2026-06-12 13:59:50,668 : INFO : Mode.attract : Started. Priority: 10
2026-06-12 13:59:50,668 : INFO : EventManager : Event: ======'modes_active_modes_changed'====== Args={}
2026-06-12 13:59:50,668 : INFO : EventManager : Event: ======'mode_attract_started'====== Args={}
2026-06-12 13:59:50,668 : INFO : EventManager : Event: ======'start_mode_attract_scores'====== Args={'priority': 0}
2026-06-12 13:59:50,668 : INFO : EventManager : Event: ======'start_mode_attract_credits'====== Args={'priority': 0}
2026-06-12 13:59:50,670 : INFO : EventManager : Event: ======'mode_attract_scores_will_start'====== Args={'priority': 0}
2026-06-12 13:59:50,670 : INFO : Timer.attract_scores_carousel_timer : Starting Timer.
2026-06-12 13:59:50,670 : INFO : EventManager : Event: ======'timer_attract_scores_carousel_timer_started'====== Args={'ticks': 0, 'ticks_remaining': 1}
2026-06-12 13:59:50,670 : INFO : EventManager : Event: ======'timer_attract_scores_carousel_timer_tick'====== Args={'ticks': 0, 'ticks_remaining': 1}
2026-06-12 13:59:50,670 : INFO : EventManager : Event: ======'mode_attract_scores_starting'====== Args={'priority': 0}
2026-06-12 13:59:50,670 : INFO : EventManager : Event: ======'mode_attract_credits_will_start'====== Args={'priority': 0}
2026-06-12 13:59:50,671 : INFO : Timer.attract_credits_carousel_timer : Starting Timer.
2026-06-12 13:59:50,671 : INFO : EventManager : Event: ======'timer_attract_credits_carousel_timer_started'====== Args={'ticks': 0, 'ticks_remaining': 1}
2026-06-12 13:59:50,671 : INFO : EventManager : Event: ======'timer_attract_credits_carousel_timer_tick'====== Args={'ticks': 0, 'ticks_remaining': 1}
2026-06-12 13:59:50,671 : INFO : EventManager : Event: ======'mode_attract_credits_starting'====== Args={'priority': 0}
2026-06-12 13:59:50,671 : INFO : Mode.attract_credits : Started. Priority: 8
2026-06-12 13:59:50,671 : INFO : EventManager : Event: ======'modes_active_modes_changed'====== Args={}
2026-06-12 13:59:50,671 : INFO : EventManager : Event: ======'mode_attract_credits_started'====== Args={'priority': 0}
2026-06-12 13:59:50,671 : INFO : EventManager : Event: ======'carousel_item_highlighted'====== Args={'carousel': 'attract_credits', 'direction': None, 'item': 'credits_sfx'}
2026-06-12 13:59:50,672 : INFO : Mode.attract_scores : Started. Priority: 9
2026-06-12 13:59:50,672 : INFO : EventManager : Event: ======'modes_active_modes_changed'====== Args={}
2026-06-12 13:59:50,672 : INFO : EventManager : Event: ======'mode_attract_scores_started'====== Args={'priority': 0}
2026-06-12 13:59:50,672 : INFO : EventManager : Event: ======'carousel_item_highlighted'====== Args={'carousel': 'attract_scores', 'direction': None, 'item': 'last_game_score'}
2026-06-12 13:59:50,672 : INFO : EventManager : Event: ======'collecting_balls_complete'====== Args={}
2026-06-12 13:59:50,672 : INFO : EventManager : Event: ======'carousel_item_highlighted'====== Args={'carousel': 'attract', 'direction': None, 'item': 'title'}
2026-06-12 13:59:50,674 : INFO : coil.c_32_threebank_drop_reset : Pulsing Driver for 10ms (1.0 pulse_power)
2026-06-12 13:59:50,675 : INFO : Machine : Starting the main run loop with active modes: [<Mode.attract>, <Mode.attract_scores>, <Mode.attract_credits>]
2026-06-12 13:59:50,687 : INFO : coil.c_31_single_drop_1_reset : Pulsing Driver for 20ms (1.0 pulse_power)
2026-06-12 13:59:50,703 : INFO : SwitchController : <<<<<<< 's_78_threebank_drop_2' inactive (muted) >>>>>>>
2026-06-12 13:59:50,703 : INFO : SwitchController : <<<<<<< 's_75_fourbank_drop_3' inactive (muted) >>>>>>>
2026-06-12 13:59:50,703 : INFO : SwitchController : <<<<<<< 's_79_threebank_drop_3' inactive (muted) >>>>>>>
2026-06-12 13:59:50,703 : INFO : SwitchController : <<<<<<< 's_74_fourbank_drop_2' inactive (muted) >>>>>>>
2026-06-12 13:59:50,703 : INFO : SwitchController : <<<<<<< 's_76_fourbank_drop_4' inactive (muted) >>>>>>>
2026-06-12 13:59:50,703 : INFO : SwitchController : <<<<<<< 's_77_threebank_drop_1' inactive (muted) >>>>>>>
2026-06-12 13:59:50,718 : INFO : coil.c_40_fourbank_drop_reset : Pulsing Driver for 10ms (1.0 pulse_power)
2026-06-12 13:59:50,718 : INFO : SwitchController : <<<<<<< 's_72_single_drop_1' inactive (muted) >>>>>>>
2026-06-12 13:59:50,734 : INFO : coil.c_40_fourbank_drop_reset : Pulsing Driver for 10ms (1.0 pulse_power)
2026-06-12 13:59:50,939 : INFO : EventManager : Event: ======'slide_attract_created'====== Args={'_from_bcp': True}
2026-06-12 13:59:50,939 : INFO : EventManager : Event: ======'slide__removed'====== Args={'_from_bcp': True}
2026-06-12 13:59:50,940 : INFO : EventManager : Event: ======'slide_attract_active'====== Args={'original_context': 'attract', 'original_calling_context': 'mode_attract_started', 'priority': 10.0, 'cmd': 'slides_play', '_from_bcp': True}
2026-06-12 13:59:51,144 : INFO : EventManager : Event: ======'drop_target_dt_2_up'====== Args={'device': <drop_target.dt_2>}
2026-06-12 13:59:51,144 : INFO : EventManager : Event: ======'drop_target_dt_3_up'====== Args={'device': <drop_target.dt_3>}
2026-06-12 13:59:51,145 : INFO : EventManager : Event: ======'drop_target_dt_4_up'====== Args={'device': <drop_target.dt_4>}
2026-06-12 13:59:51,145 : INFO : EventManager : Event: ======'drop_target_dt_7_up'====== Args={'device': <drop_target.dt_7>}
2026-06-12 13:59:51,145 : INFO : EventManager : Event: ======'drop_target_dt_single_up'====== Args={'device': <drop_target.dt_single>}
2026-06-12 13:59:51,145 : INFO : EventManager : Event: ======'drop_target_dt_5_up'====== Args={'device': <drop_target.dt_5>}
2026-06-12 13:59:51,145 : INFO : EventManager : Event: ======'drop_target_dt_6_up'====== Args={'device': <drop_target.dt_6>}
2026-06-12 13:59:55,646 : INFO : Timer.attract_scores_carousel_timer : Timer Complete
2026-06-12 13:59:55,646 : INFO : Timer.attract_scores_carousel_timer : Stopping Timer
2026-06-12 13:59:55,646 : INFO : EventManager : Event: ======'timer_attract_scores_carousel_timer_stopped'====== Args={'ticks': 1, 'ticks_remaining': 1}
2026-06-12 13:59:55,646 : INFO : EventManager : Event: ======'timer_attract_scores_carousel_timer_complete'====== Args={'ticks': 1, 'ticks_remaining': 1}
2026-06-12 13:59:55,646 : INFO : Timer.attract_carousel_timer : Timer Complete
2026-06-12 13:59:55,647 : INFO : Timer.attract_carousel_timer : Stopping Timer
2026-06-12 13:59:55,647 : INFO : EventManager : Event: ======'timer_attract_carousel_timer_stopped'====== Args={'ticks': 1, 'ticks_remaining': 1}
2026-06-12 13:59:55,647 : INFO : EventManager : Event: ======'timer_attract_carousel_timer_complete'====== Args={'ticks': 1, 'ticks_remaining': 1}
2026-06-12 13:59:55,647 : INFO : EventManager : Event: ======'carousel_item_highlighted'====== Args={'carousel': 'attract_scores', 'direction': 'forwards', 'item': 'grand_champion'}
2026-06-12 13:59:55,647 : INFO : EventManager : Event: ======'carousel_item_highlighted'====== Args={'carousel': 'attract', 'direction': 'forwards', 'item': 'title2'}
2026-06-12 13:59:55,648 : INFO : Timer.attract_carousel_timer : Starting Timer.
2026-06-12 13:59:55,648 : INFO : EventManager : Event: ======'timer_attract_carousel_timer_started'====== Args={'ticks': 0, 'ticks_remaining': 1}
2026-06-12 13:59:55,648 : INFO : EventManager : Event: ======'timer_attract_carousel_timer_tick'====== Args={'ticks': 0, 'ticks_remaining': 1}
2026-06-12 13:59:55,678 : INFO : Timer.attract_credits_carousel_timer : Timer Complete
2026-06-12 13:59:55,678 : INFO : Timer.attract_credits_carousel_timer : Stopping Timer
2026-06-12 13:59:55,678 : INFO : EventManager : Event: ======'timer_attract_credits_carousel_timer_stopped'====== Args={'ticks': 1, 'ticks_remaining': 1}
2026-06-12 13:59:55,678 : INFO : EventManager : Event: ======'timer_attract_credits_carousel_timer_complete'====== Args={'ticks': 1, 'ticks_remaining': 1}
2026-06-12 13:59:55,679 : INFO : EventManager : Event: ======'carousel_item_highlighted'====== Args={'carousel': 'attract_credits', 'direction': 'forwards', 'item': 'credits_mpf'}
2026-06-12 14:00:00,647 : INFO : Timer.attract_carousel_timer : Timer Complete
2026-06-12 14:00:00,647 : INFO : Timer.attract_carousel_timer : Stopping Timer
2026-06-12 14:00:00,647 : INFO : EventManager : Event: ======'timer_attract_carousel_timer_stopped'====== Args={'ticks': 1, 'ticks_remaining': 1}
2026-06-12 14:00:00,647 : INFO : EventManager : Event: ======'timer_attract_carousel_timer_complete'====== Args={'ticks': 1, 'ticks_remaining': 1}
2026-06-12 14:00:00,648 : INFO : EventManager : Event: ======'carousel_item_highlighted'====== Args={'carousel': 'attract', 'direction': 'forwards', 'item': 'title'}
2026-06-12 14:00:00,648 : INFO : Timer.attract_carousel_timer : Starting Timer.
2026-06-12 14:00:00,648 : INFO : EventManager : Event: ======'timer_attract_carousel_timer_started'====== Args={'ticks': 0, 'ticks_remaining': 1}
2026-06-12 14:00:00,648 : INFO : EventManager : Event: ======'timer_attract_carousel_timer_tick'====== Args={'ticks': 0, 'ticks_remaining': 1}
2026-06-12 14:00:03,743 : INFO : SwitchController : <<<<<<< 's_64_varitarget_position_1' active >>>>>>>
2026-06-12 14:00:03,744 : INFO : EventManager : Event: ======'playfield_active'====== Args={'source': 'varitarget_p1'}
2026-06-12 14:00:03,744 : INFO : EventManager : Event: ======'unexpected_ball_on_playfield'====== Args={}
2026-06-12 14:00:03,744 : INFO : SwitchController : <<<<<<< 's_64_varitarget_position_1' inactive >>>>>>>
2026-06-12 14:00:03,760 : INFO : SwitchController : <<<<<<< 's_64_varitarget_position_1' active >>>>>>>
2026-06-12 14:00:03,760 : INFO : EventManager : Event: ======'playfield_active'====== Args={'source': 'varitarget_p1'}
2026-06-12 14:00:03,760 : INFO : EventManager : Event: ======'unexpected_ball_on_playfield'====== Args={}
2026-06-12 14:00:03,760 : INFO : SwitchController : <<<<<<< 's_64_varitarget_position_1' inactive >>>>>>>
2026-06-12 14:00:03,791 : INFO : SwitchController : <<<<<<< 's_64_varitarget_position_1' active >>>>>>>
2026-06-12 14:00:03,791 : INFO : EventManager : Event: ======'playfield_active'====== Args={'source': 'varitarget_p1'}
2026-06-12 14:00:03,791 : INFO : EventManager : Event: ======'unexpected_ball_on_playfield'====== Args={}
2026-06-12 14:00:03,791 : INFO : SwitchController : <<<<<<< 's_64_varitarget_position_1' inactive >>>>>>>
2026-06-12 14:00:03,823 : INFO : SwitchController : <<<<<<< 's_64_varitarget_position_1' active >>>>>>>
2026-06-12 14:00:03,823 : INFO : EventManager : Event: ======'playfield_active'====== Args={'source': 'varitarget_p1'}
2026-06-12 14:00:03,823 : INFO : EventManager : Event: ======'unexpected_ball_on_playfield'====== Args={}
2026-06-12 14:00:03,823 : INFO : SwitchController : <<<<<<< 's_64_varitarget_position_1' inactive >>>>>>>
2026-06-12 14:00:04,045 : INFO : SwitchController : <<<<<<< 's_64_varitarget_position_1' active >>>>>>>
2026-06-12 14:00:04,045 : INFO : EventManager : Event: ======'playfield_active'====== Args={'source': 'varitarget_p1'}
2026-06-12 14:00:04,045 : INFO : EventManager : Event: ======'unexpected_ball_on_playfield'====== Args={}
2026-06-12 14:00:04,061 : INFO : SwitchController : <<<<<<< 's_64_varitarget_position_1' inactive >>>>>>>
2026-06-12 14:00:04,078 : INFO : SwitchController : <<<<<<< 's_64_varitarget_position_1' active >>>>>>>
2026-06-12 14:00:04,078 : INFO : EventManager : Event: ======'playfield_active'====== Args={'source': 'varitarget_p1'}
2026-06-12 14:00:04,078 : INFO : EventManager : Event: ======'unexpected_ball_on_playfield'====== Args={}
2026-06-12 14:00:04,094 : INFO : SwitchController : <<<<<<< 's_64_varitarget_position_1' inactive >>>>>>>
2026-06-12 14:00:04,094 : INFO : SwitchController : <<<<<<< 's_64_varitarget_position_1' active >>>>>>>
2026-06-12 14:00:04,095 : INFO : EventManager : Event: ======'playfield_active'====== Args={'source': 'varitarget_p1'}
2026-06-12 14:00:04,095 : INFO : EventManager : Event: ======'unexpected_ball_on_playfield'====== Args={}
2026-06-12 14:00:04,108 : INFO : SwitchController : <<<<<<< 's_64_varitarget_position_1' inactive >>>>>>>
2026-06-12 14:00:04,141 : INFO : SwitchController : <<<<<<< 's_64_varitarget_position_1' active >>>>>>>
2026-06-12 14:00:04,141 : INFO : EventManager : Event: ======'playfield_active'====== Args={'source': 'varitarget_p1'}
2026-06-12 14:00:04,141 : INFO : EventManager : Event: ======'unexpected_ball_on_playfield'====== Args={}
2026-06-12 14:00:04,141 : INFO : SwitchController : <<<<<<< 's_64_varitarget_position_1' inactive >>>>>>>
2026-06-12 14:00:04,141 : INFO : SwitchController : <<<<<<< 's_64_varitarget_position_1' active >>>>>>>
2026-06-12 14:00:04,141 : INFO : EventManager : Event: ======'playfield_active'====== Args={'source': 'varitarget_p1'}
2026-06-12 14:00:04,141 : INFO : EventManager : Event: ======'unexpected_ball_on_playfield'====== Args={}
2026-06-12 14:00:04,156 : INFO : SwitchController : <<<<<<< 's_64_varitarget_position_1' inactive >>>>>>>
2026-06-12 14:00:05,644 : INFO : Timer.attract_carousel_timer : Timer Complete
2026-06-12 14:00:05,644 : INFO : Timer.attract_carousel_timer : Stopping Timer
2026-06-12 14:00:05,644 : INFO : EventManager : Event: ======'timer_attract_carousel_timer_stopped'====== Args={'ticks': 1, 'ticks_remaining': 1}
2026-06-12 14:00:05,644 : INFO : EventManager : Event: ======'timer_attract_carousel_timer_complete'====== Args={'ticks': 1, 'ticks_remaining': 1}
2026-06-12 14:00:05,645 : INFO : EventManager : Event: ======'carousel_item_highlighted'====== Args={'carousel': 'attract', 'direction': 'forwards', 'item': 'title2'}
2026-06-12 14:00:05,645 : INFO : Timer.attract_carousel_timer : Starting Timer.
2026-06-12 14:00:05,645 : INFO : EventManager : Event: ======'timer_attract_carousel_timer_started'====== Args={'ticks': 0, 'ticks_remaining': 1}
2026-06-12 14:00:05,645 : INFO : EventManager : Event: ======'timer_attract_carousel_timer_tick'====== Args={'ticks': 0, 'ticks_remaining': 1}
2026-06-12 14:00:06,243 : INFO : SwitchController : <<<<<<< 's_64_varitarget_position_1' active >>>>>>>
2026-06-12 14:00:06,243 : INFO : EventManager : Event: ======'playfield_active'====== Args={'source': 'varitarget_p1'}
2026-06-12 14:00:06,243 : INFO : EventManager : Event: ======'unexpected_ball_on_playfield'====== Args={}
2026-06-12 14:00:06,260 : INFO : SwitchController : <<<<<<< 's_64_varitarget_position_1' inactive >>>>>>>
2026-06-12 14:00:10,645 : INFO : Timer.attract_carousel_timer : Timer Complete
2026-06-12 14:00:10,645 : INFO : Timer.attract_carousel_timer : Stopping Timer
2026-06-12 14:00:10,645 : INFO : EventManager : Event: ======'timer_attract_carousel_timer_stopped'====== Args={'ticks': 1, 'ticks_remaining': 1}
2026-06-12 14:00:10,645 : INFO : EventManager : Event: ======'timer_attract_carousel_timer_complete'====== Args={'ticks': 1, 'ticks_remaining': 1}
2026-06-12 14:00:10,646 : INFO : EventManager : Event: ======'carousel_item_highlighted'====== Args={'carousel': 'attract', 'direction': 'forwards', 'item': 'title'}
2026-06-12 14:00:10,646 : INFO : Timer.attract_carousel_timer : Starting Timer.
2026-06-12 14:00:10,646 : INFO : EventManager : Event: ======'timer_attract_carousel_timer_started'====== Args={'ticks': 0, 'ticks_remaining': 1}
2026-06-12 14:00:10,646 : INFO : EventManager : Event: ======'timer_attract_carousel_timer_tick'====== Args={'ticks': 0, 'ticks_remaining': 1}
2026-06-12 14:00:15,639 : INFO : Timer.attract_carousel_timer : Timer Complete
2026-06-12 14:00:15,639 : INFO : Timer.attract_carousel_timer : Stopping Timer
2026-06-12 14:00:15,639 : INFO : EventManager : Event: ======'timer_attract_carousel_timer_stopped'====== Args={'ticks': 1, 'ticks_remaining': 1}
2026-06-12 14:00:15,639 : INFO : EventManager : Event: ======'timer_attract_carousel_timer_complete'====== Args={'ticks': 1, 'ticks_remaining': 1}
2026-06-12 14:00:15,640 : INFO : EventManager : Event: ======'carousel_item_highlighted'====== Args={'carousel': 'attract', 'direction': 'forwards', 'item': 'title2'}
2026-06-12 14:00:15,641 : INFO : Timer.attract_carousel_timer : Starting Timer.
2026-06-12 14:00:15,641 : INFO : EventManager : Event: ======'timer_attract_carousel_timer_started'====== Args={'ticks': 0, 'ticks_remaining': 1}
2026-06-12 14:00:15,641 : INFO : EventManager : Event: ======'timer_attract_carousel_timer_tick'====== Args={'ticks': 0, 'ticks_remaining': 1}
2026-06-12 14:00:20,650 : INFO : Timer.attract_carousel_timer : Timer Complete
2026-06-12 14:00:20,650 : INFO : Timer.attract_carousel_timer : Stopping Timer
2026-06-12 14:00:20,650 : INFO : EventManager : Event: ======'timer_attract_carousel_timer_stopped'====== Args={'ticks': 1, 'ticks_remaining': 1}
2026-06-12 14:00:20,650 : INFO : EventManager : Event: ======'timer_attract_carousel_timer_complete'====== Args={'ticks': 1, 'ticks_remaining': 1}
2026-06-12 14:00:20,651 : INFO : EventManager : Event: ======'carousel_item_highlighted'====== Args={'carousel': 'attract', 'direction': 'forwards', 'item': 'title'}
2026-06-12 14:00:20,651 : INFO : Timer.attract_carousel_timer : Starting Timer.
2026-06-12 14:00:20,651 : INFO : EventManager : Event: ======'timer_attract_carousel_timer_started'====== Args={'ticks': 0, 'ticks_remaining': 1}
2026-06-12 14:00:20,651 : INFO : EventManager : Event: ======'timer_attract_carousel_timer_tick'====== Args={'ticks': 0, 'ticks_remaining': 1}
2026-06-12 14:00:25,643 : INFO : Timer.attract_carousel_timer : Timer Complete
2026-06-12 14:00:25,643 : INFO : Timer.attract_carousel_timer : Stopping Timer
2026-06-12 14:00:25,643 : INFO : EventManager : Event: ======'timer_attract_carousel_timer_stopped'====== Args={'ticks': 1, 'ticks_remaining': 1}
2026-06-12 14:00:25,643 : INFO : EventManager : Event: ======'timer_attract_carousel_timer_complete'====== Args={'ticks': 1, 'ticks_remaining': 1}
2026-06-12 14:00:25,644 : INFO : EventManager : Event: ======'carousel_item_highlighted'====== Args={'carousel': 'attract', 'direction': 'forwards', 'item': 'title2'}
2026-06-12 14:00:25,644 : INFO : Timer.attract_carousel_timer : Starting Timer.
2026-06-12 14:00:25,644 : INFO : EventManager : Event: ======'timer_attract_carousel_timer_started'====== Args={'ticks': 0, 'ticks_remaining': 1}
2026-06-12 14:00:25,644 : INFO : EventManager : Event: ======'timer_attract_carousel_timer_tick'====== Args={'ticks': 0, 'ticks_remaining': 1}
2026-06-12 14:00:30,645 : INFO : Timer.attract_carousel_timer : Timer Complete
2026-06-12 14:00:30,645 : INFO : Timer.attract_carousel_timer : Stopping Timer
2026-06-12 14:00:30,645 : INFO : EventManager : Event: ======'timer_attract_carousel_timer_stopped'====== Args={'ticks': 1, 'ticks_remaining': 1}
2026-06-12 14:00:30,645 : INFO : EventManager : Event: ======'timer_attract_carousel_timer_complete'====== Args={'ticks': 1, 'ticks_remaining': 1}
2026-06-12 14:00:30,646 : INFO : EventManager : Event: ======'carousel_item_highlighted'====== Args={'carousel': 'attract', 'direction': 'forwards', 'item': 'title'}
2026-06-12 14:00:30,646 : INFO : Timer.attract_carousel_timer : Starting Timer.
2026-06-12 14:00:30,646 : INFO : EventManager : Event: ======'timer_attract_carousel_timer_started'====== Args={'ticks': 0, 'ticks_remaining': 1}
2026-06-12 14:00:30,646 : INFO : EventManager : Event: ======'timer_attract_carousel_timer_tick'====== Args={'ticks': 0, 'ticks_remaining': 1}
2026-06-12 14:00:35,646 : INFO : Timer.attract_carousel_timer : Timer Complete
2026-06-12 14:00:35,646 : INFO : Timer.attract_carousel_timer : Stopping Timer
2026-06-12 14:00:35,646 : INFO : EventManager : Event: ======'timer_attract_carousel_timer_stopped'====== Args={'ticks': 1, 'ticks_remaining': 1}
2026-06-12 14:00:35,646 : INFO : EventManager : Event: ======'timer_attract_carousel_timer_complete'====== Args={'ticks': 1, 'ticks_remaining': 1}
2026-06-12 14:00:35,647 : INFO : EventManager : Event: ======'carousel_item_highlighted'====== Args={'carousel': 'attract', 'direction': 'forwards', 'item': 'title2'}
2026-06-12 14:00:35,647 : INFO : Timer.attract_carousel_timer : Starting Timer.
2026-06-12 14:00:35,647 : INFO : EventManager : Event: ======'timer_attract_carousel_timer_started'====== Args={'ticks': 0, 'ticks_remaining': 1}
2026-06-12 14:00:35,648 : INFO : EventManager : Event: ======'timer_attract_carousel_timer_tick'====== Args={'ticks': 0, 'ticks_remaining': 1}
2026-06-12 14:00:40,647 : INFO : Timer.attract_carousel_timer : Timer Complete
2026-06-12 14:00:40,647 : INFO : Timer.attract_carousel_timer : Stopping Timer
2026-06-12 14:00:40,647 : INFO : EventManager : Event: ======'timer_attract_carousel_timer_stopped'====== Args={'ticks': 1, 'ticks_remaining': 1}
2026-06-12 14:00:40,647 : INFO : EventManager : Event: ======'timer_attract_carousel_timer_complete'====== Args={'ticks': 1, 'ticks_remaining': 1}
2026-06-12 14:00:40,648 : INFO : EventManager : Event: ======'carousel_item_highlighted'====== Args={'carousel': 'attract', 'direction': 'forwards', 'item': 'title'}
2026-06-12 14:00:40,648 : INFO : Timer.attract_carousel_timer : Starting Timer.
2026-06-12 14:00:40,648 : INFO : EventManager : Event: ======'timer_attract_carousel_timer_started'====== Args={'ticks': 0, 'ticks_remaining': 1}
2026-06-12 14:00:40,648 : INFO : EventManager : Event: ======'timer_attract_carousel_timer_tick'====== Args={'ticks': 0, 'ticks_remaining': 1}
2026-06-12 14:00:45,645 : INFO : Timer.attract_carousel_timer : Timer Complete
2026-06-12 14:00:45,645 : INFO : Timer.attract_carousel_timer : Stopping Timer
2026-06-12 14:00:45,645 : INFO : EventManager : Event: ======'timer_attract_carousel_timer_stopped'====== Args={'ticks': 1, 'ticks_remaining': 1}
2026-06-12 14:00:45,645 : INFO : EventManager : Event: ======'timer_attract_carousel_timer_complete'====== Args={'ticks': 1, 'ticks_remaining': 1}
2026-06-12 14:00:45,646 : INFO : EventManager : Event: ======'carousel_item_highlighted'====== Args={'carousel': 'attract', 'direction': 'forwards', 'item': 'title2'}
2026-06-12 14:00:45,646 : INFO : Timer.attract_carousel_timer : Starting Timer.
2026-06-12 14:00:45,647 : INFO : EventManager : Event: ======'timer_attract_carousel_timer_started'====== Args={'ticks': 0, 'ticks_remaining': 1}
2026-06-12 14:00:45,647 : INFO : EventManager : Event: ======'timer_attract_carousel_timer_tick'====== Args={'ticks': 0, 'ticks_remaining': 1}
2026-06-12 14:00:50,647 : INFO : Timer.attract_carousel_timer : Timer Complete
2026-06-12 14:00:50,647 : INFO : Timer.attract_carousel_timer : Stopping Timer
2026-06-12 14:00:50,647 : INFO : EventManager : Event: ======'timer_attract_carousel_timer_stopped'====== Args={'ticks': 1, 'ticks_remaining': 1}
2026-06-12 14:00:50,647 : INFO : EventManager : Event: ======'timer_attract_carousel_timer_complete'====== Args={'ticks': 1, 'ticks_remaining': 1}
2026-06-12 14:00:50,648 : INFO : EventManager : Event: ======'carousel_item_highlighted'====== Args={'carousel': 'attract', 'direction': 'forwards', 'item': 'title'}
2026-06-12 14:00:50,648 : INFO : Timer.attract_carousel_timer : Starting Timer.
2026-06-12 14:00:50,648 : INFO : EventManager : Event: ======'timer_attract_carousel_timer_started'====== Args={'ticks': 0, 'ticks_remaining': 1}
2026-06-12 14:00:50,649 : INFO : EventManager : Event: ======'timer_attract_carousel_timer_tick'====== Args={'ticks': 0, 'ticks_remaining': 1}
2026-06-12 14:00:55,641 : INFO : Timer.attract_carousel_timer : Timer Complete
2026-06-12 14:00:55,641 : INFO : Timer.attract_carousel_timer : Stopping Timer
2026-06-12 14:00:55,641 : INFO : EventManager : Event: ======'timer_attract_carousel_timer_stopped'====== Args={'ticks': 1, 'ticks_remaining': 1}
2026-06-12 14:00:55,641 : INFO : EventManager : Event: ======'timer_attract_carousel_timer_complete'====== Args={'ticks': 1, 'ticks_remaining': 1}
2026-06-12 14:00:55,642 : INFO : EventManager : Event: ======'carousel_item_highlighted'====== Args={'carousel': 'attract', 'direction': 'forwards', 'item': 'title2'}
2026-06-12 14:00:55,643 : INFO : Timer.attract_carousel_timer : Starting Timer.
2026-06-12 14:00:55,643 : INFO : EventManager : Event: ======'timer_attract_carousel_timer_started'====== Args={'ticks': 0, 'ticks_remaining': 1}
2026-06-12 14:00:55,643 : INFO : EventManager : Event: ======'timer_attract_carousel_timer_tick'====== Args={'ticks': 0, 'ticks_remaining': 1}
2026-06-12 14:01:00,643 : INFO : Timer.attract_carousel_timer : Timer Complete
2026-06-12 14:01:00,643 : INFO : Timer.attract_carousel_timer : Stopping Timer
2026-06-12 14:01:00,643 : INFO : EventManager : Event: ======'timer_attract_carousel_timer_stopped'====== Args={'ticks': 1, 'ticks_remaining': 1}
2026-06-12 14:01:00,643 : INFO : EventManager : Event: ======'timer_attract_carousel_timer_complete'====== Args={'ticks': 1, 'ticks_remaining': 1}
2026-06-12 14:01:00,644 : INFO : EventManager : Event: ======'carousel_item_highlighted'====== Args={'carousel': 'attract', 'direction': 'forwards', 'item': 'title'}
2026-06-12 14:01:00,644 : INFO : Timer.attract_carousel_timer : Starting Timer.
2026-06-12 14:01:00,644 : INFO : EventManager : Event: ======'timer_attract_carousel_timer_started'====== Args={'ticks': 0, 'ticks_remaining': 1}
2026-06-12 14:01:00,645 : INFO : EventManager : Event: ======'timer_attract_carousel_timer_tick'====== Args={'ticks': 0, 'ticks_remaining': 1}
2026-06-12 14:01:05,654 : INFO : Timer.attract_carousel_timer : Timer Complete
2026-06-12 14:01:05,654 : INFO : Timer.attract_carousel_timer : Stopping Timer
2026-06-12 14:01:05,654 : INFO : EventManager : Event: ======'timer_attract_carousel_timer_stopped'====== Args={'ticks': 1, 'ticks_remaining': 1}
2026-06-12 14:01:05,654 : INFO : EventManager : Event: ======'timer_attract_carousel_timer_complete'====== Args={'ticks': 1, 'ticks_remaining': 1}
2026-06-12 14:01:05,655 : INFO : EventManager : Event: ======'carousel_item_highlighted'====== Args={'carousel': 'attract', 'direction': 'forwards', 'item': 'title2'}
2026-06-12 14:01:05,655 : INFO : Timer.attract_carousel_timer : Starting Timer.
2026-06-12 14:01:05,655 : INFO : EventManager : Event: ======'timer_attract_carousel_timer_started'====== Args={'ticks': 0, 'ticks_remaining': 1}
2026-06-12 14:01:05,655 : INFO : EventManager : Event: ======'timer_attract_carousel_timer_tick'====== Args={'ticks': 0, 'ticks_remaining': 1}
2026-06-12 14:01:10,647 : INFO : Timer.attract_carousel_timer : Timer Complete
2026-06-12 14:01:10,647 : INFO : Timer.attract_carousel_timer : Stopping Timer
2026-06-12 14:01:10,647 : INFO : EventManager : Event: ======'timer_attract_carousel_timer_stopped'====== Args={'ticks': 1, 'ticks_remaining': 1}
2026-06-12 14:01:10,647 : INFO : EventManager : Event: ======'timer_attract_carousel_timer_complete'====== Args={'ticks': 1, 'ticks_remaining': 1}
2026-06-12 14:01:10,648 : INFO : EventManager : Event: ======'carousel_item_highlighted'====== Args={'carousel': 'attract', 'direction': 'forwards', 'item': 'title'}
2026-06-12 14:01:10,648 : INFO : Timer.attract_carousel_timer : Starting Timer.
2026-06-12 14:01:10,648 : INFO : EventManager : Event: ======'timer_attract_carousel_timer_started'====== Args={'ticks': 0, 'ticks_remaining': 1}
2026-06-12 14:01:10,648 : INFO : EventManager : Event: ======'timer_attract_carousel_timer_tick'====== Args={'ticks': 0, 'ticks_remaining': 1}
2026-06-12 14:01:15,640 : INFO : Timer.attract_carousel_timer : Timer Complete
2026-06-12 14:01:15,640 : INFO : Timer.attract_carousel_timer : Stopping Timer
2026-06-12 14:01:15,640 : INFO : EventManager : Event: ======'timer_attract_carousel_timer_stopped'====== Args={'ticks': 1, 'ticks_remaining': 1}
2026-06-12 14:01:15,640 : INFO : EventManager : Event: ======'timer_attract_carousel_timer_complete'====== Args={'ticks': 1, 'ticks_remaining': 1}
2026-06-12 14:01:15,641 : INFO : EventManager : Event: ======'carousel_item_highlighted'====== Args={'carousel': 'attract', 'direction': 'forwards', 'item': 'title2'}
2026-06-12 14:01:15,641 : INFO : Timer.attract_carousel_timer : Starting Timer.
2026-06-12 14:01:15,641 : INFO : EventManager : Event: ======'timer_attract_carousel_timer_started'====== Args={'ticks': 0, 'ticks_remaining': 1}
2026-06-12 14:01:15,641 : INFO : EventManager : Event: ======'timer_attract_carousel_timer_tick'====== Args={'ticks': 0, 'ticks_remaining': 1}
2026-06-12 14:01:20,647 : INFO : Timer.attract_carousel_timer : Timer Complete
2026-06-12 14:01:20,647 : INFO : Timer.attract_carousel_timer : Stopping Timer
2026-06-12 14:01:20,647 : INFO : EventManager : Event: ======'timer_attract_carousel_timer_stopped'====== Args={'ticks': 1, 'ticks_remaining': 1}
2026-06-12 14:01:20,647 : INFO : EventManager : Event: ======'timer_attract_carousel_timer_complete'====== Args={'ticks': 1, 'ticks_remaining': 1}
2026-06-12 14:01:20,648 : INFO : EventManager : Event: ======'carousel_item_highlighted'====== Args={'carousel': 'attract', 'direction': 'forwards', 'item': 'title'}
2026-06-12 14:01:20,648 : INFO : Timer.attract_carousel_timer : Starting Timer.
2026-06-12 14:01:20,648 : INFO : EventManager : Event: ======'timer_attract_carousel_timer_started'====== Args={'ticks': 0, 'ticks_remaining': 1}
2026-06-12 14:01:20,648 : INFO : EventManager : Event: ======'timer_attract_carousel_timer_tick'====== Args={'ticks': 0, 'ticks_remaining': 1}
2026-06-12 14:01:25,642 : INFO : Timer.attract_carousel_timer : Timer Complete
2026-06-12 14:01:25,642 : INFO : Timer.attract_carousel_timer : Stopping Timer
2026-06-12 14:01:25,642 : INFO : EventManager : Event: ======'timer_attract_carousel_timer_stopped'====== Args={'ticks': 1, 'ticks_remaining': 1}
2026-06-12 14:01:25,642 : INFO : EventManager : Event: ======'timer_attract_carousel_timer_complete'====== Args={'ticks': 1, 'ticks_remaining': 1}
2026-06-12 14:01:25,643 : INFO : EventManager : Event: ======'carousel_item_highlighted'====== Args={'carousel': 'attract', 'direction': 'forwards', 'item': 'title2'}
2026-06-12 14:01:25,643 : INFO : Timer.attract_carousel_timer : Starting Timer.
2026-06-12 14:01:25,643 : INFO : EventManager : Event: ======'timer_attract_carousel_timer_started'====== Args={'ticks': 0, 'ticks_remaining': 1}
2026-06-12 14:01:25,643 : INFO : EventManager : Event: ======'timer_attract_carousel_timer_tick'====== Args={'ticks': 0, 'ticks_remaining': 1}
2026-06-12 14:01:30,645 : INFO : Timer.attract_carousel_timer : Timer Complete
2026-06-12 14:01:30,645 : INFO : Timer.attract_carousel_timer : Stopping Timer
2026-06-12 14:01:30,645 : INFO : EventManager : Event: ======'timer_attract_carousel_timer_stopped'====== Args={'ticks': 1, 'ticks_remaining': 1}
2026-06-12 14:01:30,645 : INFO : EventManager : Event: ======'timer_attract_carousel_timer_complete'====== Args={'ticks': 1, 'ticks_remaining': 1}
2026-06-12 14:01:30,646 : INFO : EventManager : Event: ======'carousel_item_highlighted'====== Args={'carousel': 'attract', 'direction': 'forwards', 'item': 'title'}
2026-06-12 14:01:30,647 : INFO : Timer.attract_carousel_timer : Starting Timer.
2026-06-12 14:01:30,647 : INFO : EventManager : Event: ======'timer_attract_carousel_timer_started'====== Args={'ticks': 0, 'ticks_remaining': 1}
2026-06-12 14:01:30,647 : INFO : EventManager : Event: ======'timer_attract_carousel_timer_tick'====== Args={'ticks': 0, 'ticks_remaining': 1}
2026-06-12 14:01:35,644 : INFO : Timer.attract_carousel_timer : Timer Complete
2026-06-12 14:01:35,644 : INFO : Timer.attract_carousel_timer : Stopping Timer
2026-06-12 14:01:35,644 : INFO : EventManager : Event: ======'timer_attract_carousel_timer_stopped'====== Args={'ticks': 1, 'ticks_remaining': 1}
2026-06-12 14:01:35,644 : INFO : EventManager : Event: ======'timer_attract_carousel_timer_complete'====== Args={'ticks': 1, 'ticks_remaining': 1}
2026-06-12 14:01:35,645 : INFO : EventManager : Event: ======'carousel_item_highlighted'====== Args={'carousel': 'attract', 'direction': 'forwards', 'item': 'title2'}
2026-06-12 14:01:35,645 : INFO : Timer.attract_carousel_timer : Starting Timer.
2026-06-12 14:01:35,645 : INFO : EventManager : Event: ======'timer_attract_carousel_timer_started'====== Args={'ticks': 0, 'ticks_remaining': 1}
2026-06-12 14:01:35,645 : INFO : EventManager : Event: ======'timer_attract_carousel_timer_tick'====== Args={'ticks': 0, 'ticks_remaining': 1}
2026-06-12 14:01:40,652 : INFO : Timer.attract_carousel_timer : Timer Complete
2026-06-12 14:01:40,652 : INFO : Timer.attract_carousel_timer : Stopping Timer
2026-06-12 14:01:40,652 : INFO : EventManager : Event: ======'timer_attract_carousel_timer_stopped'====== Args={'ticks': 1, 'ticks_remaining': 1}
2026-06-12 14:01:40,652 : INFO : EventManager : Event: ======'timer_attract_carousel_timer_complete'====== Args={'ticks': 1, 'ticks_remaining': 1}
2026-06-12 14:01:40,653 : INFO : EventManager : Event: ======'carousel_item_highlighted'====== Args={'carousel': 'attract', 'direction': 'forwards', 'item': 'title'}
2026-06-12 14:01:40,653 : INFO : Timer.attract_carousel_timer : Starting Timer.
2026-06-12 14:01:40,653 : INFO : EventManager : Event: ======'timer_attract_carousel_timer_started'====== Args={'ticks': 0, 'ticks_remaining': 1}
2026-06-12 14:01:40,653 : INFO : EventManager : Event: ======'timer_attract_carousel_timer_tick'====== Args={'ticks': 0, 'ticks_remaining': 1}
2026-06-12 14:01:45,646 : INFO : Timer.attract_carousel_timer : Timer Complete
2026-06-12 14:01:45,646 : INFO : Timer.attract_carousel_timer : Stopping Timer
2026-06-12 14:01:45,646 : INFO : EventManager : Event: ======'timer_attract_carousel_timer_stopped'====== Args={'ticks': 1, 'ticks_remaining': 1}
2026-06-12 14:01:45,646 : INFO : EventManager : Event: ======'timer_attract_carousel_timer_complete'====== Args={'ticks': 1, 'ticks_remaining': 1}
2026-06-12 14:01:45,647 : INFO : EventManager : Event: ======'carousel_item_highlighted'====== Args={'carousel': 'attract', 'direction': 'forwards', 'item': 'title2'}
2026-06-12 14:01:45,647 : INFO : Timer.attract_carousel_timer : Starting Timer.
2026-06-12 14:01:45,648 : INFO : EventManager : Event: ======'timer_attract_carousel_timer_started'====== Args={'ticks': 0, 'ticks_remaining': 1}
2026-06-12 14:01:45,648 : INFO : EventManager : Event: ======'timer_attract_carousel_timer_tick'====== Args={'ticks': 0, 'ticks_remaining': 1}
2026-06-12 14:01:50,652 : INFO : Timer.attract_carousel_timer : Timer Complete
2026-06-12 14:01:50,652 : INFO : Timer.attract_carousel_timer : Stopping Timer
2026-06-12 14:01:50,652 : INFO : EventManager : Event: ======'timer_attract_carousel_timer_stopped'====== Args={'ticks': 1, 'ticks_remaining': 1}
2026-06-12 14:01:50,652 : INFO : EventManager : Event: ======'timer_attract_carousel_timer_complete'====== Args={'ticks': 1, 'ticks_remaining': 1}
2026-06-12 14:01:50,653 : INFO : EventManager : Event: ======'carousel_item_highlighted'====== Args={'carousel': 'attract', 'direction': 'forwards', 'item': 'title'}
2026-06-12 14:01:50,653 : INFO : Timer.attract_carousel_timer : Starting Timer.
2026-06-12 14:01:50,653 : INFO : EventManager : Event: ======'timer_attract_carousel_timer_started'====== Args={'ticks': 0, 'ticks_remaining': 1}
2026-06-12 14:01:50,653 : INFO : EventManager : Event: ======'timer_attract_carousel_timer_tick'====== Args={'ticks': 0, 'ticks_remaining': 1}
2026-06-12 14:01:55,640 : INFO : Timer.attract_carousel_timer : Timer Complete
2026-06-12 14:01:55,640 : INFO : Timer.attract_carousel_timer : Stopping Timer
2026-06-12 14:01:55,640 : INFO : EventManager : Event: ======'timer_attract_carousel_timer_stopped'====== Args={'ticks': 1, 'ticks_remaining': 1}
2026-06-12 14:01:55,640 : INFO : EventManager : Event: ======'timer_attract_carousel_timer_complete'====== Args={'ticks': 1, 'ticks_remaining': 1}
2026-06-12 14:01:55,641 : INFO : EventManager : Event: ======'carousel_item_highlighted'====== Args={'carousel': 'attract', 'direction': 'forwards', 'item': 'title2'}
2026-06-12 14:01:55,641 : INFO : Timer.attract_carousel_timer : Starting Timer.
2026-06-12 14:01:55,641 : INFO : EventManager : Event: ======'timer_attract_carousel_timer_started'====== Args={'ticks': 0, 'ticks_remaining': 1}
2026-06-12 14:01:55,641 : INFO : EventManager : Event: ======'timer_attract_carousel_timer_tick'====== Args={'ticks': 0, 'ticks_remaining': 1}
2026-06-12 14:02:00,640 : INFO : Timer.attract_carousel_timer : Timer Complete
2026-06-12 14:02:00,640 : INFO : Timer.attract_carousel_timer : Stopping Timer
2026-06-12 14:02:00,640 : INFO : EventManager : Event: ======'timer_attract_carousel_timer_stopped'====== Args={'ticks': 1, 'ticks_remaining': 1}
2026-06-12 14:02:00,640 : INFO : EventManager : Event: ======'timer_attract_carousel_timer_complete'====== Args={'ticks': 1, 'ticks_remaining': 1}
2026-06-12 14:02:00,641 : INFO : EventManager : Event: ======'carousel_item_highlighted'====== Args={'carousel': 'attract', 'direction': 'forwards', 'item': 'title'}
2026-06-12 14:02:00,641 : INFO : Timer.attract_carousel_timer : Starting Timer.
2026-06-12 14:02:00,641 : INFO : EventManager : Event: ======'timer_attract_carousel_timer_started'====== Args={'ticks': 0, 'ticks_remaining': 1}
2026-06-12 14:02:00,641 : INFO : EventManager : Event: ======'timer_attract_carousel_timer_tick'====== Args={'ticks': 0, 'ticks_remaining': 1}
2026-06-12 14:02:05,651 : INFO : Timer.attract_carousel_timer : Timer Complete
2026-06-12 14:02:05,651 : INFO : Timer.attract_carousel_timer : Stopping Timer
2026-06-12 14:02:05,651 : INFO : EventManager : Event: ======'timer_attract_carousel_timer_stopped'====== Args={'ticks': 1, 'ticks_remaining': 1}
2026-06-12 14:02:05,651 : INFO : EventManager : Event: ======'timer_attract_carousel_timer_complete'====== Args={'ticks': 1, 'ticks_remaining': 1}
2026-06-12 14:02:05,652 : INFO : EventManager : Event: ======'carousel_item_highlighted'====== Args={'carousel': 'attract', 'direction': 'forwards', 'item': 'title2'}
2026-06-12 14:02:05,652 : INFO : Timer.attract_carousel_timer : Starting Timer.
2026-06-12 14:02:05,652 : INFO : EventManager : Event: ======'timer_attract_carousel_timer_started'====== Args={'ticks': 0, 'ticks_remaining': 1}
2026-06-12 14:02:05,652 : INFO : EventManager : Event: ======'timer_attract_carousel_timer_tick'====== Args={'ticks': 0, 'ticks_remaining': 1}
2026-06-12 14:02:07,641 : INFO : Machine : Shutting down...
2026-06-12 14:02:07,641 : INFO : EventManager : Event: ======'shutdown'====== Args={}
2026-06-12 14:02:07,739 : INFO : root : MPF run loop ended.
