2026-02-11 10:40:52,534 : INFO : root : Loading config.
2026-02-11 10:40:52,537 : INFO : YamlMultifileConfigLoader : Machine config file #1: config.yaml
2026-02-11 10:40:52,538 : INFO : ConfigProcessor : Loading config from cache: C:\Users\tl\AppData\Local\Temp\86f932e179f318f5dae29f066573dee9.mpf_cache
2026-02-11 10:40:52,629 : DEBUG : YamlMultifileConfigLoader : Loading mode attract from C:\mpf\Lib\site-packages\mpf\modes\attract\config\attract.yaml
2026-02-11 10:40:52,629 : DEBUG : YamlMultifileConfigLoader : Loading mode attract from C:\mpf\Lib\site-packages\mpf\modes\attract\config\attract.yaml
2026-02-11 10:40:52,630 : INFO : ConfigProcessor : Loading config from cache: C:\Users\tl\AppData\Local\Temp\5e7e3dd8e04e0aa46ea76018297218da.mpf_cache
2026-02-11 10:40:52,630 : DEBUG : YamlMultifileConfigLoader : Loading mode game from C:\mpf\Lib\site-packages\mpf\modes\game\config\game.yaml
2026-02-11 10:40:52,631 : INFO : ConfigProcessor : Loading config from cache: C:\Users\tl\AppData\Local\Temp\af6ad0dab2f43bd9cbdac83e0b2786ac.mpf_cache
2026-02-11 10:40:52,631 : DEBUG : YamlMultifileConfigLoader : Loading mode attract from C:\mpf\Lib\site-packages\mpf\modes\attract\config\attract.yaml
2026-02-11 10:40:52,631 : DEBUG : YamlMultifileConfigLoader : Loading mode attract from C:\mpf\Lib\site-packages\mpf\modes\attract\config\attract.yaml
2026-02-11 10:40:52,632 : INFO : ConfigProcessor : Loading config from cache: C:\Users\tl\AppData\Local\Temp\5e7e3dd8e04e0aa46ea76018297218da.mpf_cache
2026-02-11 10:40:52,633 : INFO : ConfigProcessor : Loading config from cache: C:\Users\tl\AppData\Local\Temp\5d4a31ba12353a8d97b779019117e810.mpf_cache
2026-02-11 10:40:52,633 : INFO : Machine : Mission Pinball Framework Core Engine v0.80.0.dev12
2026-02-11 10:40:52,633 : INFO : Machine : Command line arguments: {'no_load_cache': False, 'create_config_cache': True, 'bcp': False, 'configfile': ['config.yaml'], 'force_assets_load': True, 'platform_integration_test': False, 'jsonlogging': False, 'logfile': 'logs\\2026-02-11-10-40-52-mpf-DESKTOP-HV85DRD.log', 'pause': False, 'production': False, 'text_ui': False, 'loglevel': 10, 'consoleloglevel': 20, 'force_platform': None, 'syslog_address': None, 'full_logfile_path': 'C:\\Users\\tl\\Documents\\tl-pinball\\logs\\2026-02-11-10-40-52-mpf-DESKTOP-HV85DRD.log'}
2026-02-11 10:40:52,634 : INFO : Machine : MPF path: C:\mpf\Lib\site-packages\mpf
2026-02-11 10:40:52,634 : INFO : Machine : Machine path: C:\Users\tl\Documents\tl-pinball
2026-02-11 10:40:52,634 : INFO : Machine : Platform: win32
2026-02-11 10:40:52,634 : INFO : Machine : Python executable location: C:\mpf\Scripts\python.exe
2026-02-11 10:40:52,634 : INFO : Machine : Python version: 3.12.7 (64-bit)
2026-02-11 10:40:52,635 : DEBUG : asyncio : Using proactor: IocpProactor
2026-02-11 10:40:52,636 : INFO : Machine : Initializing MPF...
2026-02-11 10:40:52,731 : DEBUG : TextUi : Text UI is disabled. TUI option setting: False, Asciimatics loaded: <class 'asciimatics.scene.Scene'>
2026-02-11 10:40:52,743 : INFO : FAST : Auto-detecting ports for the following connections: ['net', 'exp']
2026-02-11 10:40:52,750 : DEBUG : FAST : Port COM3 is connected to a FAST Neuron Controller.
2026-02-11 10:40:52,750 : DEBUG : FAST : Port COM5 is connected to a FAST Neuron Controller.
2026-02-11 10:40:52,750 : DEBUG : FAST : Port COM4 is connected to a FAST Neuron Controller.
2026-02-11 10:40:52,767 : INFO : FAST : Detected NET on port COM4
2026-02-11 10:40:52,783 : INFO : FAST : Detected EXP on port COM5
2026-02-11 10:40:52,896 : INFO : FAST [NET] : Trying to connect to COM4 at 921600bps
2026-02-11 10:40:52,900 : INFO : FAST [NET] : Connected to COM4 at 921600bps
2026-02-11 10:40:52,911 : INFO : FAST [NET] : Connected to FP-CPU-2000 with firmware v02.26
2026-02-11 10:40:52,943 : INFO : FAST [NET] : Registered I/O Board 0: Model: FP-I/O-0804, Firmware: 01.10, Switches: 8, Drivers: 4
2026-02-11 10:40:52,959 : INFO : FAST [NET] : Registered I/O Board 1: Model: FP-I/O-1616, Firmware: 01.10, Switches: 16, Drivers: 16
2026-02-11 10:40:52,975 : INFO : FAST [NET] : Registered I/O Board 2: Model: FP-I/O-3208, Firmware: 01.10, Switches: 32, Drivers: 8
2026-02-11 10:40:52,991 : INFO : FAST [NET] : Registered I/O Board 3: Model: FP-I/O-1616, Firmware: 01.10, Switches: 16, Drivers: 16
2026-02-11 10:40:52,993 : INFO : FAST [EXP] : Trying to connect to COM5 at 921600bps
2026-02-11 10:40:52,998 : INFO : FAST [EXP] : Connected to COM5 at 921600bps
2026-02-11 10:40:52,998 : DEBUG : FAST [EXP] : Creating FAST Expansion Board "ledneuron" (FP-EXP-2000 Address: 48)
2026-02-11 10:40:52,998 : DEBUG : FAST [EXP] : Creating FAST Breakout Board 0 on EXP "ledneuron" (FP-EXP-2000, @48)
2026-02-11 10:40:53,007 : INFO : FAST [EXP] : Verifying hardware for EXP "ledneuron" (FP-EXP-2000, @48) with ID string "EXP FP-EXP-2000  0.42", board address 48
2026-02-11 10:40:53,023 : INFO : FAST [EXP] : Verifying hardware for EXP "ledneuron" (FP-EXP-2000, @48) with ID string "BRK FP-EXP-2000  0.42", board address 480
2026-02-11 10:41:01,169 : INFO : Machine : Starting the main run loop with active modes: []
2026-02-11 10:41:01,170 : ERROR : root : 'attract'
Traceback (most recent call last):
  File "C:\mpf\Lib\site-packages\mpf\commands\game.py", line 229, in __init__
    self.machine.run()
  File "C:\mpf\Lib\site-packages\mpf\core\machine.py", line 703, in run
    if not self.modes['attract'] in self.mode_controller.active_modes:
           ~~~~~~~~~~^^^^^^^^^^^
KeyError: 'attract'
