2026-03-28 14:16:38,515 : INFO : root : Loading config.
2026-03-28 14:16:38,515 : INFO : YamlMultifileConfigLoader : Machine config file #1: config.yaml
2026-03-28 14:16:38,515 : INFO : ConfigProcessor : Loading config from cache: C:\Users\tl\AppData\Local\Temp\86f932e179f318f5dae29f066573dee9.mpf_cache
2026-03-28 14:16:38,624 : INFO : ConfigProcessor : Loading config from cache: C:\Users\tl\AppData\Local\Temp\5e7e3dd8e04e0aa46ea76018297218da.mpf_cache
2026-03-28 14:16:38,624 : INFO : ConfigProcessor : Loading config from cache: C:\Users\tl\AppData\Local\Temp\af6ad0dab2f43bd9cbdac83e0b2786ac.mpf_cache
2026-03-28 14:16:38,624 : INFO : ConfigProcessor : Loading config from cache: C:\Users\tl\AppData\Local\Temp\5e7e3dd8e04e0aa46ea76018297218da.mpf_cache
2026-03-28 14:16:38,624 : INFO : ConfigProcessor : Loading config from cache: C:\Users\tl\AppData\Local\Temp\078e3f4c59f1cd1bf0ff8685cc9e7ff5.mpf_cache
2026-03-28 14:16:38,624 : INFO : ConfigProcessor : Loading config from cache: C:\Users\tl\AppData\Local\Temp\279434e09bc5e8b073f441f36778b3c5.mpf_cache
2026-03-28 14:16:38,624 : INFO : ConfigProcessor : Loading config from cache: C:\Users\tl\AppData\Local\Temp\f7ef3217062c4a128670875e2cb05ce9.mpf_cache
2026-03-28 14:16:38,624 : INFO : ConfigProcessor : Loading config from cache: C:\Users\tl\AppData\Local\Temp\354636526653009b6f35f36c4dc3e189.mpf_cache
2026-03-28 14:16:38,624 : INFO : ConfigProcessor : Loading config from cache: C:\Users\tl\AppData\Local\Temp\b41aec6702196d0bd650320fa331266f.mpf_cache
2026-03-28 14:16:38,624 : INFO : ConfigProcessor : Loading config from cache: C:\Users\tl\AppData\Local\Temp\a951eeea2c167365e5a009cce33f51d8.mpf_cache
2026-03-28 14:16:38,624 : INFO : ConfigProcessor : Loading config from cache: C:\Users\tl\AppData\Local\Temp\f020dca9eec5e09763b9289397e6c32f.mpf_cache
2026-03-28 14:16:38,640 : INFO : ConfigProcessor : Loading config from cache: C:\Users\tl\AppData\Local\Temp\edce5a74ebf86ee6330810859c361ede.mpf_cache
2026-03-28 14:16:38,640 : INFO : ConfigProcessor : Loading config from cache: C:\Users\tl\AppData\Local\Temp\7c825e76f3d981841c3099d018a06a8f.mpf_cache
2026-03-28 14:16:38,640 : INFO : ConfigProcessor : Loading config from cache: C:\Users\tl\AppData\Local\Temp\4c1252d1f04cb61ecc91110937cfd225.mpf_cache
2026-03-28 14:16:38,640 : INFO : ConfigProcessor : Loading config from cache: C:\Users\tl\AppData\Local\Temp\8d6d681afe5a7b6e9186321cd98f18ca.mpf_cache
2026-03-28 14:16:38,640 : INFO : Machine : Mission Pinball Framework Core Engine v0.80.0.dev12
2026-03-28 14:16:38,640 : INFO : Machine : Command line arguments: {'no_load_cache': False, 'create_config_cache': True, 'bcp': True, 'configfile': ['config.yaml'], 'force_assets_load': False, 'platform_integration_test': False, 'jsonlogging': False, 'logfile': 'logs\\2026-03-28-14-16-38-mpf-DESKTOP-HV85DRD.log', 'pause': False, 'production': False, 'text_ui': False, 'loglevel': 15, 'consoleloglevel': 20, 'force_platform': None, 'syslog_address': None, 'full_logfile_path': 'C:\\Users\\tl\\Documents\\tl-pinball\\logs\\2026-03-28-14-16-38-mpf-DESKTOP-HV85DRD.log'}
2026-03-28 14:16:38,640 : INFO : Machine : MPF path: C:\mpf\Lib\site-packages\mpf
2026-03-28 14:16:38,640 : INFO : Machine : Machine path: C:\Users\tl\Documents\tl-pinball
2026-03-28 14:16:38,640 : INFO : Machine : Platform: win32
2026-03-28 14:16:38,640 : INFO : Machine : Python executable location: C:\mpf\Scripts\python.exe
2026-03-28 14:16:38,640 : INFO : Machine : Python version: 3.12.7 (64-bit)
2026-03-28 14:16:38,640 : INFO : Machine : Initializing MPF...
2026-03-28 14:16:38,749 : INFO : FAST [NET] : Trying to connect to COM4 at 921600bps
2026-03-28 14:16:38,749 : INFO : FAST [NET] : Connected to COM4 at 921600bps
2026-03-28 14:16:38,764 : INFO : FAST [NET] : Connected to FP-CPU-2000 with firmware v02.26
2026-03-28 14:16:38,796 : INFO : FAST [NET] : Registered I/O Board 0: Model: FP-I/O-0024, Firmware: 01.10, Switches: 24, Drivers: 8
2026-03-28 14:16:38,811 : INFO : FAST [NET] : Registered I/O Board 1: Model: FP-I/O-1616, Firmware: 01.10, Switches: 16, Drivers: 16
2026-03-28 14:16:38,827 : INFO : FAST [NET] : Registered I/O Board 2: Model: FP-I/O-3208, Firmware: 01.10, Switches: 32, Drivers: 8
2026-03-28 14:16:38,843 : INFO : FAST [NET] : Registered I/O Board 3: Model: FP-I/O-1616, Firmware: 01.10, Switches: 16, Drivers: 16
2026-03-28 14:16:38,843 : INFO : FAST [EXP] : Trying to connect to COM5 at 921600bps
2026-03-28 14:16:38,843 : INFO : FAST [EXP] : Connected to COM5 at 921600bps
2026-03-28 14:16:38,859 : INFO : FAST [EXP] : Verifying hardware for EXP "ledneuron" (FP-EXP-2000, @48) with ID string "EXP FP-EXP-2000  0.42", board address 48
2026-03-28 14:16:38,874 : INFO : FAST [EXP] : Verifying hardware for EXP "ledneuron" (FP-EXP-2000, @48) with ID string "BRK FP-EXP-2000  0.42", board address 480
2026-03-28 14:16:38,906 : INFO : FAST [EXP] : Verifying hardware for EXP "ledpf1" (FP-EXP-0081, @84) with ID string "EXP FP-EXP-0081  0.38", board address 84
2026-03-28 14:16:38,920 : INFO : FAST [EXP] : Verifying hardware for EXP "ledpf1" (FP-EXP-0081, @84) with ID string "BRK FP-EXP-0081  0.38", board address 840
2026-03-28 14:16:38,937 : INFO : FAST [EXP] : Verifying hardware for EXP "ledpf1" (FP-EXP-0081, @84) with ID string "BRK FP-EXP-0081  0.38", board address 841
2026-03-28 14:16:38,968 : INFO : FAST [EXP] : Verifying hardware for EXP "ledpf2" (FP-EXP-0081, @85) with ID string "EXP FP-EXP-0081  0.48", board address 85
2026-03-28 14:16:38,983 : INFO : FAST [EXP] : Verifying hardware for EXP "ledpf2" (FP-EXP-0081, @85) with ID string "BRK FP-EXP-0081  0.48", board address 850
2026-03-28 14:16:38,999 : INFO : FAST [EXP] : Verifying hardware for EXP "ledpf2" (FP-EXP-0081, @85) with ID string "BRK FP-EXP-0081  0.48", board address 851
2026-03-28 14:16:39,015 : INFO : EventManager : Event: ======'machine_var_credits_string'====== Args={'value': 'FREE PLAY', 'prev_value': None, 'change': True}
2026-03-28 14:16:39,037 : INFO : EventManager : Event: ======'machine_var_last_game_score'====== Args={'value': 2194524, 'prev_value': None, 'change': True}
2026-03-28 14:16:39,037 : INFO : EventManager : Event: ======'machine_var_master_volume'====== Args={'value': 0.5, 'prev_value': None, 'change': True}
2026-03-28 14:16:39,037 : INFO : EventManager : Event: ======'machine_var_player1_score'====== Args={'value': 2194524, 'prev_value': None, 'change': True}
2026-03-28 14:16:39,037 : INFO : EventManager : Event: ======'machine_var_mpf_version'====== Args={'value': 'Mission Pinball Framework v0.80.0.dev12', 'prev_value': None, 'change': True}
2026-03-28 14:16:39,037 : INFO : EventManager : Event: ======'machine_var_mpf_extended_version'====== Args={'value': 'Mission Pinball Framework v0.80.0.dev12, Config version:6, Show version: 6, BCP version:1.1', 'prev_value': None, 'change': True}
2026-03-28 14:16:39,038 : INFO : EventManager : Event: ======'machine_var_python_version'====== Args={'value': '3.12.7', 'prev_value': None, 'change': True}
2026-03-28 14:16:39,062 : INFO : EventManager : Event: ======'machine_var_platform'====== Args={'value': 'Windows-10-10.0.19044-SP0', 'prev_value': None, 'change': True}
2026-03-28 14:16:39,062 : INFO : EventManager : Event: ======'machine_var_platform_system'====== Args={'value': 'Windows', 'prev_value': None, 'change': True}
2026-03-28 14:16:39,062 : INFO : EventManager : Event: ======'machine_var_platform_release'====== Args={'value': '10', 'prev_value': None, 'change': True}
2026-03-28 14:16:39,062 : INFO : EventManager : Event: ======'machine_var_platform_version'====== Args={'value': '10.0.19044', 'prev_value': None, 'change': True}
2026-03-28 14:16:39,062 : INFO : EventManager : Event: ======'machine_var_platform_machine'====== Args={'value': 'AMD64', 'prev_value': None, 'change': True}
2026-03-28 14:16:39,062 : INFO : EventManager : Event: ======'machine_var_log_file_path'====== Args={'value': 'C:\\Users\\tl\\Documents\\tl-pinball\\logs\\2026-03-28-14-16-38-mpf-DESKTOP-HV85DRD.log', 'prev_value': None, 'change': True}
2026-03-28 14:16:39,062 : INFO : EventManager : Event: ======'init_phase_1'====== Args={}
2026-03-28 14:16:39,109 : INFO : EventManager : Event: ======'drop_target_bank_dt_bank_1_4_up'====== Args={}
2026-03-28 14:16:39,109 : INFO : EventManager : Event: ======'drop_target_bank_dt_bank_5_7_up'====== Args={}
2026-03-28 14:16:43,796 : INFO : SwitchController : <<<<<<< 's_44_spinner_right' active >>>>>>>
2026-03-28 14:16:43,796 : INFO : SwitchController : <<<<<<< 's_56_pop_bumper_right' active >>>>>>>
2026-03-28 14:16:43,796 : INFO : SwitchController : <<<<<<< 's_64_varitarget_position_1' active >>>>>>>
2026-03-28 14:16:43,796 : INFO : SwitchController : <<<<<<< 's_69_varitarget_position_6' active >>>>>>>
2026-03-28 14:16:43,875 : INFO : EventManager : Event: ======'init_phase_2'====== Args={}
2026-03-28 14:16:43,875 : INFO : SwitchController : Found active switch: (60, [FAST Platform Interface]) <switch.s_44_spinner_right>
2026-03-28 14:16:43,875 : INFO : SwitchController : Found active switch: (24, [FAST Platform Interface]) <switch.s_56_pop_bumper_right>
2026-03-28 14:16:43,875 : INFO : SwitchController : Found active switch: (32, [FAST Platform Interface]) <switch.s_64_varitarget_position_1>
2026-03-28 14:16:43,875 : INFO : SwitchController : Found active switch: (37, [FAST Platform Interface]) <switch.s_69_varitarget_position_6>
2026-03-28 14:16:43,890 : INFO : EventManager : Event: ======'machine_var_score1_label'====== Args={'value': 'GRAND CHAMPION', 'prev_value': None, 'change': True}
2026-03-28 14:16:43,890 : INFO : EventManager : Event: ======'machine_var_score1_name'====== Args={'value': 'AAA', 'prev_value': None, 'change': True}
2026-03-28 14:16:43,890 : INFO : EventManager : Event: ======'machine_var_score1_value'====== Args={'value': 2531176, 'prev_value': None, 'change': True}
2026-03-28 14:16:43,890 : INFO : EventManager : Event: ======'machine_var_score2_label'====== Args={'value': 'HIGH SCORE 1', 'prev_value': None, 'change': True}
2026-03-28 14:16:43,890 : INFO : EventManager : Event: ======'machine_var_score2_name'====== Args={'value': 'EEE', 'prev_value': None, 'change': True}
2026-03-28 14:16:43,890 : INFO : EventManager : Event: ======'machine_var_score2_value'====== Args={'value': 2194524, 'prev_value': None, 'change': True}
2026-03-28 14:16:43,890 : INFO : EventManager : Event: ======'machine_var_score3_label'====== Args={'value': 'HIGH SCORE 2', 'prev_value': None, 'change': True}
2026-03-28 14:16:43,890 : INFO : EventManager : Event: ======'machine_var_score3_name'====== Args={'value': 'AAA', 'prev_value': None, 'change': True}
2026-03-28 14:16:43,890 : INFO : EventManager : Event: ======'machine_var_score3_value'====== Args={'value': 1638150, 'prev_value': None, 'change': True}
2026-03-28 14:16:43,890 : INFO : EventManager : Event: ======'machine_var_score4_label'====== Args={'value': 'HIGH SCORE 3', 'prev_value': None, 'change': True}
2026-03-28 14:16:43,890 : INFO : EventManager : Event: ======'machine_var_score4_name'====== Args={'value': 'AAA', 'prev_value': None, 'change': True}
2026-03-28 14:16:43,890 : INFO : EventManager : Event: ======'machine_var_score4_value'====== Args={'value': 1578150, 'prev_value': None, 'change': True}
2026-03-28 14:16:43,890 : INFO : EventManager : Event: ======'machine_var_score5_label'====== Args={'value': 'HIGH SCORE 4', 'prev_value': None, 'change': True}
2026-03-28 14:16:43,890 : INFO : EventManager : Event: ======'machine_var_score5_name'====== Args={'value': 'AAA', 'prev_value': None, 'change': True}
2026-03-28 14:16:43,890 : INFO : EventManager : Event: ======'machine_var_score5_value'====== Args={'value': 1550789, 'prev_value': None, 'change': True}
2026-03-28 14:16:43,890 : INFO : EventManager : Event: ======'bcp_connection_attempt'====== Args={'name': 'local_display', 'host': 'localhost', 'port': 5050}
2026-03-28 14:16:43,906 : INFO : BCPClientSocket : Connecting BCP to 'local_display' at localhost:5050...
2026-03-28 14:17:14,033 : INFO : BCPClientSocket : Connected BCP to 'local_display' localhost:5050
2026-03-28 14:17:14,034 : INFO : EventManager : Event: ======'bcp_clients_connected'====== Args={}
2026-03-28 14:17:14,035 : INFO : ball_device.bd_plunger : BCH: Initial count: 0
2026-03-28 14:17:14,035 : INFO : ball_device.bd_plunger : State: idle
2026-03-28 14:17:14,036 : INFO : ball_device.bd_trough : BCH: Initial count: 0
2026-03-28 14:17:14,037 : INFO : ball_device.bd_trough : State: idle
2026-03-28 14:17:14,038 : INFO : ball_device.bd_left_vuk : BCH: Initial count: 0
2026-03-28 14:17:14,038 : INFO : ball_device.bd_left_vuk : State: idle
2026-03-28 14:17:14,039 : INFO : ball_device.bd_right_vuk : BCH: Initial count: 0
2026-03-28 14:17:14,039 : INFO : ball_device.bd_right_vuk : State: idle
2026-03-28 14:17:14,057 : INFO : EventManager : Event: ======'init_phase_3'====== Args={}
2026-03-28 14:17:14,059 : INFO : EventManager : Event: ======'init_phase_4'====== Args={}
2026-03-28 14:17:14,060 : INFO : BallController : Initial balls found: 0
2026-03-28 14:17:14,062 : INFO : EventManager : Event: ======'machine_var_audits_events_game_ended'====== Args={'value': 57, 'prev_value': None, 'change': True}
2026-03-28 14:17:14,062 : INFO : EventManager : Event: ======'machine_var_audits_events_game_started'====== Args={'value': 69, 'prev_value': None, 'change': True}
2026-03-28 14:17:14,062 : INFO : EventManager : Event: ======'machine_var_audits_missing_switches_s_00_service_esc'====== Args={'value': 69, 'prev_value': None, 'change': True}
2026-03-28 14:17:14,062 : INFO : EventManager : Event: ======'machine_var_audits_missing_switches_s_01_service_up'====== Args={'value': 69, 'prev_value': None, 'change': True}
2026-03-28 14:17:14,062 : INFO : EventManager : Event: ======'machine_var_audits_missing_switches_s_02_service_down'====== Args={'value': 69, 'prev_value': None, 'change': True}
2026-03-28 14:17:14,062 : INFO : EventManager : Event: ======'machine_var_audits_missing_switches_s_03_service_enter'====== Args={'value': 69, 'prev_value': None, 'change': True}
2026-03-28 14:17:14,062 : INFO : EventManager : Event: ======'machine_var_audits_missing_switches_s_38_star_rollover_bottom'====== Args={'value': 69, 'prev_value': None, 'change': True}
2026-03-28 14:17:14,062 : INFO : EventManager : Event: ======'machine_var_audits_missing_switches_s_62_top_lane_a'====== Args={'value': 69, 'prev_value': None, 'change': True}
2026-03-28 14:17:14,062 : INFO : EventManager : Event: ======'machine_var_audits_missing_switches_s_64_varitarget_position_1'====== Args={'value': 29, 'prev_value': None, 'change': True}
2026-03-28 14:17:14,062 : INFO : EventManager : Event: ======'machine_var_audits_missing_switches_s_65_varitarget_position_2'====== Args={'value': 30, 'prev_value': None, 'change': True}
2026-03-28 14:17:14,062 : INFO : EventManager : Event: ======'machine_var_audits_missing_switches_s_66_varitarget_position_3'====== Args={'value': 29, 'prev_value': None, 'change': True}
2026-03-28 14:17:14,062 : INFO : EventManager : Event: ======'machine_var_audits_missing_switches_s_67_varitarget_position_4'====== Args={'value': 29, 'prev_value': None, 'change': True}
2026-03-28 14:17:14,062 : INFO : EventManager : Event: ======'machine_var_audits_missing_switches_s_68_varitarget_position_5'====== Args={'value': 29, 'prev_value': None, 'change': True}
2026-03-28 14:17:14,062 : INFO : EventManager : Event: ======'machine_var_audits_missing_switches_s_71_spinner_left'====== Args={'value': 69, 'prev_value': None, 'change': True}
2026-03-28 14:17:14,062 : INFO : EventManager : Event: ======'machine_var_audits_player_score'====== Args={'value': {'average': 1296037, 'top': [2531176, 2194524, 1638150, 1578150, 1550789, 1547313, 1533004, 1531764, 1526554, 1521260], 'total': 57}, 'prev_value': None, 'change': True}
2026-03-28 14:17:14,062 : INFO : EventManager : Event: ======'machine_var_audits_shots_shot_dt_1'====== Args={'value': 18, 'prev_value': None, 'change': True}
2026-03-28 14:17:14,062 : INFO : EventManager : Event: ======'machine_var_audits_shots_shot_dt_2'====== Args={'value': 23, 'prev_value': None, 'change': True}
2026-03-28 14:17:14,063 : INFO : EventManager : Event: ======'machine_var_audits_shots_shot_dt_3'====== Args={'value': 21, 'prev_value': None, 'change': True}
2026-03-28 14:17:14,063 : INFO : EventManager : Event: ======'machine_var_audits_shots_shot_dt_4'====== Args={'value': 24, 'prev_value': None, 'change': True}
2026-03-28 14:17:14,063 : INFO : EventManager : Event: ======'machine_var_audits_shots_shot_dt_5'====== Args={'value': 23, 'prev_value': None, 'change': True}
2026-03-28 14:17:14,063 : INFO : EventManager : Event: ======'machine_var_audits_shots_shot_dt_6'====== Args={'value': 22, 'prev_value': None, 'change': True}
2026-03-28 14:17:14,063 : INFO : EventManager : Event: ======'machine_var_audits_shots_shot_dt_7'====== Args={'value': 15, 'prev_value': None, 'change': True}
2026-03-28 14:17:14,063 : INFO : EventManager : Event: ======'machine_var_audits_shots_shot_impossible'====== Args={'value': 17, 'prev_value': None, 'change': True}
2026-03-28 14:17:14,063 : INFO : EventManager : Event: ======'machine_var_audits_shots_shot_rollover_top'====== Args={'value': 17, 'prev_value': None, 'change': True}
2026-03-28 14:17:14,063 : INFO : EventManager : Event: ======'machine_var_audits_shots_shot_slingshot_l'====== Args={'value': 85, 'prev_value': None, 'change': True}
2026-03-28 14:17:14,063 : INFO : EventManager : Event: ======'machine_var_audits_shots_shot_slingshot_r'====== Args={'value': 288, 'prev_value': None, 'change': True}
2026-03-28 14:17:14,063 : INFO : EventManager : Event: ======'machine_var_audits_shots_shot_sut_1'====== Args={'value': 32, 'prev_value': None, 'change': True}
2026-03-28 14:17:14,063 : INFO : EventManager : Event: ======'machine_var_audits_shots_shot_sut_2'====== Args={'value': 53, 'prev_value': None, 'change': True}
2026-03-28 14:17:14,063 : INFO : EventManager : Event: ======'machine_var_audits_shots_shot_sut_3'====== Args={'value': 34, 'prev_value': None, 'change': True}
2026-03-28 14:17:14,063 : INFO : EventManager : Event: ======'machine_var_audits_shots_shot_sut_4'====== Args={'value': 39, 'prev_value': None, 'change': True}
2026-03-28 14:17:14,063 : INFO : EventManager : Event: ======'machine_var_audits_shots_shot_sut_5'====== Args={'value': 47, 'prev_value': None, 'change': True}
2026-03-28 14:17:14,063 : INFO : EventManager : Event: ======'machine_var_audits_shots_shot_sut_6'====== Args={'value': 24, 'prev_value': None, 'change': True}
2026-03-28 14:17:14,063 : INFO : EventManager : Event: ======'machine_var_audits_shots_shot_sut_blue'====== Args={'value': 100, 'prev_value': None, 'change': True}
2026-03-28 14:17:14,063 : INFO : EventManager : Event: ======'machine_var_audits_shots_shot_sut_green'====== Args={'value': 56, 'prev_value': None, 'change': True}
2026-03-28 14:17:14,063 : INFO : EventManager : Event: ======'machine_var_audits_shots_shot_sut_red'====== Args={'value': 73, 'prev_value': None, 'change': True}
2026-03-28 14:17:14,063 : INFO : EventManager : Event: ======'machine_var_audits_shots_spinner_right'====== Args={'value': 95, 'prev_value': None, 'change': True}
2026-03-28 14:17:14,063 : INFO : EventManager : Event: ======'machine_var_audits_shots_varitarget_p1'====== Args={'value': 146, 'prev_value': None, 'change': True}
2026-03-28 14:17:14,063 : INFO : EventManager : Event: ======'machine_var_audits_shots_varitarget_p2'====== Args={'value': 2, 'prev_value': None, 'change': True}
2026-03-28 14:17:14,064 : INFO : EventManager : Event: ======'machine_var_audits_shots_varitarget_p3'====== Args={'value': 3, 'prev_value': None, 'change': True}
2026-03-28 14:17:14,064 : INFO : EventManager : Event: ======'machine_var_audits_shots_varitarget_p4'====== Args={'value': 3, 'prev_value': None, 'change': True}
2026-03-28 14:17:14,064 : INFO : EventManager : Event: ======'machine_var_audits_shots_varitarget_p5'====== Args={'value': 9, 'prev_value': None, 'change': True}
2026-03-28 14:17:14,064 : INFO : EventManager : Event: ======'machine_var_audits_shots_varitarget_p6'====== Args={'value': 8, 'prev_value': None, 'change': True}
2026-03-28 14:17:14,064 : INFO : EventManager : Event: ======'machine_var_audits_shots_varitarget_p7'====== Args={'value': 58, 'prev_value': None, 'change': True}
2026-03-28 14:17:14,064 : INFO : EventManager : Event: ======'machine_var_audits_switches_s_00_service_esc'====== Args={'value': 0, 'prev_value': None, 'change': True}
2026-03-28 14:17:14,064 : INFO : EventManager : Event: ======'machine_var_audits_switches_s_01_service_up'====== Args={'value': 0, 'prev_value': None, 'change': True}
2026-03-28 14:17:14,064 : INFO : EventManager : Event: ======'machine_var_audits_switches_s_02_service_down'====== Args={'value': 0, 'prev_value': None, 'change': True}
2026-03-28 14:17:14,064 : INFO : EventManager : Event: ======'machine_var_audits_switches_s_03_service_enter'====== Args={'value': 0, 'prev_value': None, 'change': True}
2026-03-28 14:17:14,064 : INFO : EventManager : Event: ======'machine_var_audits_switches_s_08_left_flipper'====== Args={'value': 1125, 'prev_value': None, 'change': True}
2026-03-28 14:17:14,064 : INFO : EventManager : Event: ======'machine_var_audits_switches_s_11_start_button'====== Args={'value': 103, 'prev_value': None, 'change': True}
2026-03-28 14:17:14,064 : INFO : EventManager : Event: ======'machine_var_audits_switches_s_16_right_flipper'====== Args={'value': 1680, 'prev_value': None, 'change': True}
2026-03-28 14:17:14,064 : INFO : EventManager : Event: ======'machine_var_audits_switches_s_17_right_flipper_upper'====== Args={'value': 1301, 'prev_value': None, 'change': True}
2026-03-28 14:17:14,064 : INFO : EventManager : Event: ======'machine_var_audits_switches_s_24_trough_1'====== Args={'value': 96, 'prev_value': None, 'change': True}
2026-03-28 14:17:14,065 : INFO : EventManager : Event: ======'machine_var_audits_switches_s_25_trough_2'====== Args={'value': 90, 'prev_value': None, 'change': True}
2026-03-28 14:17:14,065 : INFO : EventManager : Event: ======'machine_var_audits_switches_s_26_trough_3'====== Args={'value': 77, 'prev_value': None, 'change': True}
2026-03-28 14:17:14,065 : INFO : EventManager : Event: ======'machine_var_audits_switches_s_27_trough_4'====== Args={'value': 69, 'prev_value': None, 'change': True}
2026-03-28 14:17:14,065 : INFO : EventManager : Event: ======'machine_var_audits_switches_s_28_trough_5'====== Args={'value': 69, 'prev_value': None, 'change': True}
2026-03-28 14:17:14,065 : INFO : EventManager : Event: ======'machine_var_audits_switches_s_29_trough_6'====== Args={'value': 83, 'prev_value': None, 'change': True}
2026-03-28 14:17:14,065 : INFO : EventManager : Event: ======'machine_var_audits_switches_s_30_trough_jam'====== Args={'value': 102, 'prev_value': None, 'change': True}
2026-03-28 14:17:14,065 : INFO : EventManager : Event: ======'machine_var_audits_switches_s_31_plunger_lane'====== Args={'value': 183, 'prev_value': None, 'change': True}
2026-03-28 14:17:14,065 : INFO : EventManager : Event: ======'machine_var_audits_switches_s_32_right_inlane'====== Args={'value': 38, 'prev_value': None, 'change': True}
2026-03-28 14:17:14,065 : INFO : EventManager : Event: ======'machine_var_audits_switches_s_33_right_outlane'====== Args={'value': 4, 'prev_value': None, 'change': True}
2026-03-28 14:17:14,066 : INFO : EventManager : Event: ======'machine_var_audits_switches_s_34_right_sling'====== Args={'value': 288, 'prev_value': None, 'change': True}
2026-03-28 14:17:14,066 : INFO : EventManager : Event: ======'machine_var_audits_switches_s_35_left_inlane'====== Args={'value': 64, 'prev_value': None, 'change': True}
2026-03-28 14:17:14,066 : INFO : EventManager : Event: ======'machine_var_audits_switches_s_36_left_outlane'====== Args={'value': 21, 'prev_value': None, 'change': True}
2026-03-28 14:17:14,066 : INFO : EventManager : Event: ======'machine_var_audits_switches_s_37_left_sling'====== Args={'value': 85, 'prev_value': None, 'change': True}
2026-03-28 14:17:14,066 : INFO : EventManager : Event: ======'machine_var_audits_switches_s_38_star_rollover_bottom'====== Args={'value': 0, 'prev_value': None, 'change': True}
2026-03-28 14:17:14,066 : INFO : EventManager : Event: ======'machine_var_audits_switches_s_39_star_rollover_top'====== Args={'value': 17, 'prev_value': None, 'change': True}
2026-03-28 14:17:14,066 : INFO : EventManager : Event: ======'machine_var_audits_switches_s_40_stand_up_target_5'====== Args={'value': 45, 'prev_value': None, 'change': True}
2026-03-28 14:17:14,066 : INFO : EventManager : Event: ======'machine_var_audits_switches_s_41_stand_up_target_6'====== Args={'value': 45, 'prev_value': None, 'change': True}
2026-03-28 14:17:14,066 : INFO : EventManager : Event: ======'machine_var_audits_switches_s_42_stand_up_target_1'====== Args={'value': 17, 'prev_value': None, 'change': True}
2026-03-28 14:17:14,066 : INFO : EventManager : Event: ======'machine_var_audits_switches_s_43_stand_up_target_4'====== Args={'value': 61, 'prev_value': None, 'change': True}
2026-03-28 14:17:14,066 : INFO : EventManager : Event: ======'machine_var_audits_switches_s_44_spinner_right'====== Args={'value': 96, 'prev_value': None, 'change': True}
2026-03-28 14:17:14,066 : INFO : EventManager : Event: ======'machine_var_audits_switches_s_56_pop_bumper_right'====== Args={'value': 89, 'prev_value': None, 'change': True}
2026-03-28 14:17:14,066 : INFO : EventManager : Event: ======'machine_var_audits_switches_s_57_pop_bumper_center'====== Args={'value': 200, 'prev_value': None, 'change': True}
2026-03-28 14:17:14,066 : INFO : EventManager : Event: ======'machine_var_audits_switches_s_58_pop_bumper_left'====== Args={'value': 267, 'prev_value': None, 'change': True}
2026-03-28 14:17:14,066 : INFO : EventManager : Event: ======'machine_var_audits_switches_s_59_saucer_right'====== Args={'value': 6, 'prev_value': None, 'change': True}
2026-03-28 14:17:14,066 : INFO : EventManager : Event: ======'machine_var_audits_switches_s_60_top_lane_c'====== Args={'value': 82, 'prev_value': None, 'change': True}
2026-03-28 14:17:14,066 : INFO : EventManager : Event: ======'machine_var_audits_switches_s_61_top_lane_b'====== Args={'value': 34, 'prev_value': None, 'change': True}
2026-03-28 14:17:14,066 : INFO : EventManager : Event: ======'machine_var_audits_switches_s_62_top_lane_a'====== Args={'value': 0, 'prev_value': None, 'change': True}
2026-03-28 14:17:14,067 : INFO : EventManager : Event: ======'machine_var_audits_switches_s_63_stand_up_target_3'====== Args={'value': 28, 'prev_value': None, 'change': True}
2026-03-28 14:17:14,067 : INFO : EventManager : Event: ======'machine_var_audits_switches_s_64_varitarget_position_1'====== Args={'value': 146, 'prev_value': None, 'change': True}
2026-03-28 14:17:14,067 : INFO : EventManager : Event: ======'machine_var_audits_switches_s_65_varitarget_position_2'====== Args={'value': 2, 'prev_value': None, 'change': True}
2026-03-28 14:17:14,067 : INFO : EventManager : Event: ======'machine_var_audits_switches_s_66_varitarget_position_3'====== Args={'value': 3, 'prev_value': None, 'change': True}
2026-03-28 14:17:14,067 : INFO : EventManager : Event: ======'machine_var_audits_switches_s_67_varitarget_position_4'====== Args={'value': 3, 'prev_value': None, 'change': True}
2026-03-28 14:17:14,067 : INFO : EventManager : Event: ======'machine_var_audits_switches_s_68_varitarget_position_5'====== Args={'value': 9, 'prev_value': None, 'change': True}
2026-03-28 14:17:14,067 : INFO : EventManager : Event: ======'machine_var_audits_switches_s_69_varitarget_position_6'====== Args={'value': 8, 'prev_value': None, 'change': True}
2026-03-28 14:17:14,067 : INFO : EventManager : Event: ======'machine_var_audits_switches_s_70_varitarget_position_7'====== Args={'value': 58, 'prev_value': None, 'change': True}
2026-03-28 14:17:14,067 : INFO : EventManager : Event: ======'machine_var_audits_switches_s_71_spinner_left'====== Args={'value': 0, 'prev_value': None, 'change': True}
2026-03-28 14:17:14,067 : INFO : EventManager : Event: ======'machine_var_audits_switches_s_72_single_drop_1'====== Args={'value': 25, 'prev_value': None, 'change': True}
2026-03-28 14:17:14,067 : INFO : EventManager : Event: ======'machine_var_audits_switches_s_73_fourbank_drop_1'====== Args={'value': 18, 'prev_value': None, 'change': True}
2026-03-28 14:17:14,067 : INFO : EventManager : Event: ======'machine_var_audits_switches_s_74_fourbank_drop_2'====== Args={'value': 24, 'prev_value': None, 'change': True}
2026-03-28 14:17:14,067 : INFO : EventManager : Event: ======'machine_var_audits_switches_s_75_fourbank_drop_3'====== Args={'value': 23, 'prev_value': None, 'change': True}
2026-03-28 14:17:14,067 : INFO : EventManager : Event: ======'machine_var_audits_switches_s_76_fourbank_drop_4'====== Args={'value': 25, 'prev_value': None, 'change': True}
2026-03-28 14:17:14,067 : INFO : EventManager : Event: ======'machine_var_audits_switches_s_77_threebank_drop_1'====== Args={'value': 35, 'prev_value': None, 'change': True}
2026-03-28 14:17:14,067 : INFO : EventManager : Event: ======'machine_var_audits_switches_s_78_threebank_drop_2'====== Args={'value': 26, 'prev_value': None, 'change': True}
2026-03-28 14:17:14,067 : INFO : EventManager : Event: ======'machine_var_audits_switches_s_79_threebank_drop_3'====== Args={'value': 15, 'prev_value': None, 'change': True}
2026-03-28 14:17:14,067 : INFO : EventManager : Event: ======'machine_var_audits_switches_s_80_stand_up_target_2'====== Args={'value': 5, 'prev_value': None, 'change': True}
2026-03-28 14:17:14,067 : INFO : EventManager : Event: ======'machine_var_audits_switches_s_81_saucer_left'====== Args={'value': 32, 'prev_value': None, 'change': True}
2026-03-28 14:17:14,067 : INFO : EventManager : Event: ======'machine_var_audits_switches_s_82_stand_up_target_bank_1'====== Args={'value': 32, 'prev_value': None, 'change': True}
2026-03-28 14:17:14,067 : INFO : EventManager : Event: ======'machine_var_audits_switches_s_83_stand_up_target_bank_2'====== Args={'value': 53, 'prev_value': None, 'change': True}
2026-03-28 14:17:14,068 : INFO : EventManager : Event: ======'machine_var_audits_switches_s_84_stand_up_target_bank_3'====== Args={'value': 34, 'prev_value': None, 'change': True}
2026-03-28 14:17:14,068 : INFO : EventManager : Event: ======'machine_var_audits_switches_s_85_stand_up_target_bank_4'====== Args={'value': 39, 'prev_value': None, 'change': True}
2026-03-28 14:17:14,068 : INFO : EventManager : Event: ======'machine_var_audits_switches_s_86_stand_up_target_bank_5'====== Args={'value': 47, 'prev_value': None, 'change': True}
2026-03-28 14:17:14,068 : INFO : EventManager : Event: ======'machine_var_audits_switches_s_87_stand_up_target_bank_6'====== Args={'value': 24, 'prev_value': None, 'change': True}
2026-03-28 14:17:14,068 : INFO : EventManager : Event: ======'init_phase_5'====== Args={}
2026-03-28 14:17:14,069 : INFO : EventManager : Event: ======'init_done'====== Args={}
2026-03-28 14:17:14,070 : INFO : EventManager : Event: ======'machine_reset_phase_1'====== Args={}
2026-03-28 14:17:14,083 : INFO : EventManager : Event: ======'machine_reset_phase_2'====== Args={}
2026-03-28 14:17:14,084 : INFO : EventManager : Event: ======'machine_reset_phase_3'====== Args={}
2026-03-28 14:17:14,084 : INFO : drop_target_bank.dt_bank_1_4 : All targets are already up. Will not reset bank.
2026-03-28 14:17:14,084 : INFO : drop_target_bank.dt_bank_5_7 : All targets are already up. Will not reset bank.
2026-03-28 14:17:14,084 : INFO : EventManager : Event: ======'reset_complete'====== Args={}
2026-03-28 14:17:14,085 : INFO : EventManager : Event: ======'mode_attract_will_start'====== Args={}
2026-03-28 14:17:14,085 : INFO : Timer.attract_carousel_timer : Starting Timer.
2026-03-28 14:17:14,085 : INFO : EventManager : Event: ======'timer_attract_carousel_timer_started'====== Args={'ticks': 0, 'ticks_remaining': 1}
2026-03-28 14:17:14,085 : INFO : EventManager : Event: ======'timer_attract_carousel_timer_tick'====== Args={'ticks': 0, 'ticks_remaining': 1}
2026-03-28 14:17:14,086 : INFO : EventManager : Event: ======'mode_attract_starting'====== Args={}
2026-03-28 14:17:14,086 : INFO : Mode.attract : Started. Priority: 10
2026-03-28 14:17:14,086 : INFO : EventManager : Event: ======'modes_active_modes_changed'====== Args={}
2026-03-28 14:17:14,087 : INFO : EventManager : Event: ======'mode_attract_started'====== Args={}
2026-03-28 14:17:14,087 : INFO : EventManager : Event: ======'start_mode_attract_scores'====== Args={'priority': 0}
2026-03-28 14:17:14,087 : INFO : EventManager : Event: ======'start_mode_attract_credits'====== Args={'priority': 0}
2026-03-28 14:17:14,087 : INFO : EventManager : Event: ======'mode_attract_scores_will_start'====== Args={'priority': 0}
2026-03-28 14:17:14,088 : INFO : Timer.attract_scores_carousel_timer : Starting Timer.
2026-03-28 14:17:14,088 : INFO : EventManager : Event: ======'timer_attract_scores_carousel_timer_started'====== Args={'ticks': 0, 'ticks_remaining': 1}
2026-03-28 14:17:14,088 : INFO : EventManager : Event: ======'timer_attract_scores_carousel_timer_tick'====== Args={'ticks': 0, 'ticks_remaining': 1}
2026-03-28 14:17:14,088 : INFO : EventManager : Event: ======'mode_attract_scores_starting'====== Args={'priority': 0}
2026-03-28 14:17:14,088 : INFO : EventManager : Event: ======'mode_attract_credits_will_start'====== Args={'priority': 0}
2026-03-28 14:17:14,088 : INFO : Timer.attract_credits_carousel_timer : Starting Timer.
2026-03-28 14:17:14,089 : INFO : EventManager : Event: ======'timer_attract_credits_carousel_timer_started'====== Args={'ticks': 0, 'ticks_remaining': 1}
2026-03-28 14:17:14,089 : INFO : EventManager : Event: ======'timer_attract_credits_carousel_timer_tick'====== Args={'ticks': 0, 'ticks_remaining': 1}
2026-03-28 14:17:14,089 : INFO : EventManager : Event: ======'mode_attract_credits_starting'====== Args={'priority': 0}
2026-03-28 14:17:14,089 : INFO : Mode.attract_credits : Started. Priority: 8
2026-03-28 14:17:14,089 : INFO : EventManager : Event: ======'modes_active_modes_changed'====== Args={}
2026-03-28 14:17:14,089 : INFO : EventManager : Event: ======'mode_attract_credits_started'====== Args={'priority': 0}
2026-03-28 14:17:14,089 : INFO : EventManager : Event: ======'carousel_item_highlighted'====== Args={'carousel': 'attract_credits', 'direction': None, 'item': 'credits_sfx'}
2026-03-28 14:17:14,089 : INFO : Mode.attract_scores : Started. Priority: 9
2026-03-28 14:17:14,089 : INFO : EventManager : Event: ======'modes_active_modes_changed'====== Args={}
2026-03-28 14:17:14,089 : INFO : EventManager : Event: ======'mode_attract_scores_started'====== Args={'priority': 0}
2026-03-28 14:17:14,090 : INFO : EventManager : Event: ======'carousel_item_highlighted'====== Args={'carousel': 'attract_scores', 'direction': None, 'item': 'last_game_score'}
2026-03-28 14:17:14,090 : INFO : EventManager : Event: ======'collecting_balls_complete'====== Args={}
2026-03-28 14:17:14,090 : INFO : EventManager : Event: ======'carousel_item_highlighted'====== Args={'carousel': 'attract', 'direction': None, 'item': 'title'}
2026-03-28 14:17:14,092 : INFO : Machine : Starting the main run loop with active modes: [<Mode.attract>, <Mode.attract_scores>, <Mode.attract_credits>]
2026-03-28 14:17:14,242 : INFO : EventManager : Event: ======'slide_attract_created'====== Args={'_from_bcp': True}
2026-03-28 14:17:14,242 : INFO : EventManager : Event: ======'slide__removed'====== Args={'_from_bcp': True}
2026-03-28 14:17:14,243 : INFO : EventManager : Event: ======'slide_attract_active'====== Args={'original_context': 'attract', 'original_calling_context': 'mode_attract_started', 'priority': 10.0, 'cmd': 'slides_play', '_from_bcp': True}
2026-03-28 14:17:19,077 : INFO : Timer.attract_carousel_timer : Timer Complete
2026-03-28 14:17:19,077 : INFO : Timer.attract_carousel_timer : Stopping Timer
2026-03-28 14:17:19,077 : INFO : EventManager : Event: ======'timer_attract_carousel_timer_stopped'====== Args={'ticks': 1, 'ticks_remaining': 1}
2026-03-28 14:17:19,077 : INFO : EventManager : Event: ======'timer_attract_carousel_timer_complete'====== Args={'ticks': 1, 'ticks_remaining': 1}
2026-03-28 14:17:19,077 : INFO : EventManager : Event: ======'carousel_item_highlighted'====== Args={'carousel': 'attract', 'direction': 'forwards', 'item': 'title2'}
2026-03-28 14:17:19,077 : INFO : Timer.attract_carousel_timer : Starting Timer.
2026-03-28 14:17:19,077 : INFO : EventManager : Event: ======'timer_attract_carousel_timer_started'====== Args={'ticks': 0, 'ticks_remaining': 1}
2026-03-28 14:17:19,077 : INFO : EventManager : Event: ======'timer_attract_carousel_timer_tick'====== Args={'ticks': 0, 'ticks_remaining': 1}
2026-03-28 14:17:19,093 : INFO : Timer.attract_scores_carousel_timer : Timer Complete
2026-03-28 14:17:19,093 : INFO : Timer.attract_scores_carousel_timer : Stopping Timer
2026-03-28 14:17:19,093 : INFO : EventManager : Event: ======'timer_attract_scores_carousel_timer_stopped'====== Args={'ticks': 1, 'ticks_remaining': 1}
2026-03-28 14:17:19,094 : INFO : EventManager : Event: ======'timer_attract_scores_carousel_timer_complete'====== Args={'ticks': 1, 'ticks_remaining': 1}
2026-03-28 14:17:19,094 : INFO : Timer.attract_credits_carousel_timer : Timer Complete
2026-03-28 14:17:19,094 : INFO : Timer.attract_credits_carousel_timer : Stopping Timer
2026-03-28 14:17:19,094 : INFO : EventManager : Event: ======'timer_attract_credits_carousel_timer_stopped'====== Args={'ticks': 1, 'ticks_remaining': 1}
2026-03-28 14:17:19,094 : INFO : EventManager : Event: ======'timer_attract_credits_carousel_timer_complete'====== Args={'ticks': 1, 'ticks_remaining': 1}
2026-03-28 14:17:19,094 : INFO : EventManager : Event: ======'carousel_item_highlighted'====== Args={'carousel': 'attract_scores', 'direction': 'forwards', 'item': 'grand_champion'}
2026-03-28 14:17:19,095 : INFO : EventManager : Event: ======'carousel_item_highlighted'====== Args={'carousel': 'attract_credits', 'direction': 'forwards', 'item': 'credits_mpf'}
2026-03-28 14:17:24,073 : INFO : Timer.attract_carousel_timer : Timer Complete
2026-03-28 14:17:24,073 : INFO : Timer.attract_carousel_timer : Stopping Timer
2026-03-28 14:17:24,073 : INFO : EventManager : Event: ======'timer_attract_carousel_timer_stopped'====== Args={'ticks': 1, 'ticks_remaining': 1}
2026-03-28 14:17:24,073 : INFO : EventManager : Event: ======'timer_attract_carousel_timer_complete'====== Args={'ticks': 1, 'ticks_remaining': 1}
2026-03-28 14:17:24,073 : INFO : EventManager : Event: ======'carousel_item_highlighted'====== Args={'carousel': 'attract', 'direction': 'forwards', 'item': 'title'}
2026-03-28 14:17:24,073 : INFO : Timer.attract_carousel_timer : Starting Timer.
2026-03-28 14:17:24,073 : INFO : EventManager : Event: ======'timer_attract_carousel_timer_started'====== Args={'ticks': 0, 'ticks_remaining': 1}
2026-03-28 14:17:24,073 : INFO : EventManager : Event: ======'timer_attract_carousel_timer_tick'====== Args={'ticks': 0, 'ticks_remaining': 1}
2026-03-28 14:17:29,071 : INFO : Timer.attract_carousel_timer : Timer Complete
2026-03-28 14:17:29,071 : INFO : Timer.attract_carousel_timer : Stopping Timer
2026-03-28 14:17:29,071 : INFO : EventManager : Event: ======'timer_attract_carousel_timer_stopped'====== Args={'ticks': 1, 'ticks_remaining': 1}
2026-03-28 14:17:29,071 : INFO : EventManager : Event: ======'timer_attract_carousel_timer_complete'====== Args={'ticks': 1, 'ticks_remaining': 1}
2026-03-28 14:17:29,071 : INFO : EventManager : Event: ======'carousel_item_highlighted'====== Args={'carousel': 'attract', 'direction': 'forwards', 'item': 'title2'}
2026-03-28 14:17:29,071 : INFO : Timer.attract_carousel_timer : Starting Timer.
2026-03-28 14:17:29,072 : INFO : EventManager : Event: ======'timer_attract_carousel_timer_started'====== Args={'ticks': 0, 'ticks_remaining': 1}
2026-03-28 14:17:29,072 : INFO : EventManager : Event: ======'timer_attract_carousel_timer_tick'====== Args={'ticks': 0, 'ticks_remaining': 1}
2026-03-28 14:17:33,732 : INFO : SwitchController : <<<<<<< 's_08_left_flipper' active >>>>>>>
2026-03-28 14:17:33,732 : INFO : EventManager : Event: ======'s_08_left_flipper_active'====== Args={}
2026-03-28 14:17:33,732 : INFO : EventManager : Event: ======'carousel_item_highlighted'====== Args={'carousel': 'attract', 'direction': 'backwards', 'item': 'title'}
2026-03-28 14:17:33,733 : INFO : EventManager : Event: ======'carousel_item_highlighted'====== Args={'carousel': 'attract_credits', 'direction': 'forwards', 'item': 'credits_code'}
2026-03-28 14:17:33,733 : INFO : EventManager : Event: ======'timer_attract_carousel_timer_tick'====== Args={'ticks': 0, 'ticks_remaining': 1}
2026-03-28 14:17:33,843 : INFO : SwitchController : <<<<<<< 's_08_left_flipper' inactive >>>>>>>
2026-03-28 14:17:34,065 : INFO : SwitchController : <<<<<<< 's_08_left_flipper' active >>>>>>>
2026-03-28 14:17:34,065 : INFO : EventManager : Event: ======'s_08_left_flipper_active'====== Args={}
2026-03-28 14:17:34,066 : INFO : EventManager : Event: ======'carousel_item_highlighted'====== Args={'carousel': 'attract', 'direction': 'backwards', 'item': 'title2'}
2026-03-28 14:17:34,066 : INFO : EventManager : Event: ======'carousel_item_highlighted'====== Args={'carousel': 'attract_credits', 'direction': 'forwards', 'item': 'credits_rules'}
2026-03-28 14:17:34,066 : INFO : EventManager : Event: ======'timer_attract_carousel_timer_tick'====== Args={'ticks': 0, 'ticks_remaining': 1}
2026-03-28 14:17:34,145 : INFO : SwitchController : <<<<<<< 's_08_left_flipper' inactive >>>>>>>
2026-03-28 14:17:34,240 : INFO : SwitchController : <<<<<<< 's_08_left_flipper' active >>>>>>>
2026-03-28 14:17:34,240 : INFO : EventManager : Event: ======'s_08_left_flipper_active'====== Args={}
2026-03-28 14:17:34,240 : INFO : EventManager : Event: ======'carousel_item_highlighted'====== Args={'carousel': 'attract', 'direction': 'backwards', 'item': 'title'}
2026-03-28 14:17:34,240 : INFO : EventManager : Event: ======'carousel_item_highlighted'====== Args={'carousel': 'attract_credits', 'direction': 'forwards', 'item': 'credits_fast'}
2026-03-28 14:17:34,240 : INFO : EventManager : Event: ======'timer_attract_carousel_timer_tick'====== Args={'ticks': 0, 'ticks_remaining': 1}
2026-03-28 14:17:34,320 : INFO : SwitchController : <<<<<<< 's_08_left_flipper' inactive >>>>>>>
2026-03-28 14:17:34,414 : INFO : SwitchController : <<<<<<< 's_08_left_flipper' active >>>>>>>
2026-03-28 14:17:34,414 : INFO : EventManager : Event: ======'s_08_left_flipper_active'====== Args={}
2026-03-28 14:17:34,415 : INFO : EventManager : Event: ======'carousel_item_highlighted'====== Args={'carousel': 'attract', 'direction': 'backwards', 'item': 'title2'}
2026-03-28 14:17:34,415 : INFO : EventManager : Event: ======'carousel_item_highlighted'====== Args={'carousel': 'attract_credits', 'direction': 'forwards', 'item': 'credits_cass'}
2026-03-28 14:17:34,415 : INFO : EventManager : Event: ======'timer_attract_carousel_timer_tick'====== Args={'ticks': 0, 'ticks_remaining': 1}
2026-03-28 14:17:34,478 : INFO : SwitchController : <<<<<<< 's_08_left_flipper' inactive >>>>>>>
2026-03-28 14:17:34,574 : INFO : SwitchController : <<<<<<< 's_08_left_flipper' active >>>>>>>
2026-03-28 14:17:34,574 : INFO : EventManager : Event: ======'s_08_left_flipper_active'====== Args={}
2026-03-28 14:17:34,574 : INFO : EventManager : Event: ======'carousel_item_highlighted'====== Args={'carousel': 'attract', 'direction': 'backwards', 'item': 'title'}
2026-03-28 14:17:34,574 : INFO : EventManager : Event: ======'carousel_item_highlighted'====== Args={'carousel': 'attract_credits', 'direction': 'forwards', 'item': 'credits_sfx'}
2026-03-28 14:17:34,574 : INFO : EventManager : Event: ======'timer_attract_carousel_timer_tick'====== Args={'ticks': 0, 'ticks_remaining': 1}
2026-03-28 14:17:34,653 : INFO : SwitchController : <<<<<<< 's_08_left_flipper' inactive >>>>>>>
2026-03-28 14:17:39,575 : INFO : Timer.attract_carousel_timer : Timer Complete
2026-03-28 14:17:39,575 : INFO : Timer.attract_carousel_timer : Stopping Timer
2026-03-28 14:17:39,575 : INFO : EventManager : Event: ======'timer_attract_carousel_timer_stopped'====== Args={'ticks': 1, 'ticks_remaining': 1}
2026-03-28 14:17:39,575 : INFO : EventManager : Event: ======'timer_attract_carousel_timer_complete'====== Args={'ticks': 1, 'ticks_remaining': 1}
2026-03-28 14:17:39,575 : INFO : EventManager : Event: ======'carousel_item_highlighted'====== Args={'carousel': 'attract', 'direction': 'forwards', 'item': 'title2'}
2026-03-28 14:17:39,575 : INFO : Timer.attract_carousel_timer : Starting Timer.
2026-03-28 14:17:39,575 : INFO : EventManager : Event: ======'timer_attract_carousel_timer_started'====== Args={'ticks': 0, 'ticks_remaining': 1}
2026-03-28 14:17:39,575 : INFO : EventManager : Event: ======'timer_attract_carousel_timer_tick'====== Args={'ticks': 0, 'ticks_remaining': 1}
2026-03-28 14:17:44,572 : INFO : Timer.attract_carousel_timer : Timer Complete
2026-03-28 14:17:44,572 : INFO : Timer.attract_carousel_timer : Stopping Timer
2026-03-28 14:17:44,572 : INFO : EventManager : Event: ======'timer_attract_carousel_timer_stopped'====== Args={'ticks': 1, 'ticks_remaining': 1}
2026-03-28 14:17:44,572 : INFO : EventManager : Event: ======'timer_attract_carousel_timer_complete'====== Args={'ticks': 1, 'ticks_remaining': 1}
2026-03-28 14:17:44,572 : INFO : EventManager : Event: ======'carousel_item_highlighted'====== Args={'carousel': 'attract', 'direction': 'forwards', 'item': 'title'}
2026-03-28 14:17:44,572 : INFO : Timer.attract_carousel_timer : Starting Timer.
2026-03-28 14:17:44,572 : INFO : EventManager : Event: ======'timer_attract_carousel_timer_started'====== Args={'ticks': 0, 'ticks_remaining': 1}
2026-03-28 14:17:44,572 : INFO : EventManager : Event: ======'timer_attract_carousel_timer_tick'====== Args={'ticks': 0, 'ticks_remaining': 1}
2026-03-28 14:17:49,577 : INFO : Timer.attract_carousel_timer : Timer Complete
2026-03-28 14:17:49,577 : INFO : Timer.attract_carousel_timer : Stopping Timer
2026-03-28 14:17:49,577 : INFO : EventManager : Event: ======'timer_attract_carousel_timer_stopped'====== Args={'ticks': 1, 'ticks_remaining': 1}
2026-03-28 14:17:49,577 : INFO : EventManager : Event: ======'timer_attract_carousel_timer_complete'====== Args={'ticks': 1, 'ticks_remaining': 1}
2026-03-28 14:17:49,577 : INFO : EventManager : Event: ======'carousel_item_highlighted'====== Args={'carousel': 'attract', 'direction': 'forwards', 'item': 'title2'}
2026-03-28 14:17:49,577 : INFO : Timer.attract_carousel_timer : Starting Timer.
2026-03-28 14:17:49,577 : INFO : EventManager : Event: ======'timer_attract_carousel_timer_started'====== Args={'ticks': 0, 'ticks_remaining': 1}
2026-03-28 14:17:49,577 : INFO : EventManager : Event: ======'timer_attract_carousel_timer_tick'====== Args={'ticks': 0, 'ticks_remaining': 1}
2026-03-28 14:17:54,576 : INFO : Timer.attract_carousel_timer : Timer Complete
2026-03-28 14:17:54,576 : INFO : Timer.attract_carousel_timer : Stopping Timer
2026-03-28 14:17:54,576 : INFO : EventManager : Event: ======'timer_attract_carousel_timer_stopped'====== Args={'ticks': 1, 'ticks_remaining': 1}
2026-03-28 14:17:54,576 : INFO : EventManager : Event: ======'timer_attract_carousel_timer_complete'====== Args={'ticks': 1, 'ticks_remaining': 1}
2026-03-28 14:17:54,576 : INFO : EventManager : Event: ======'carousel_item_highlighted'====== Args={'carousel': 'attract', 'direction': 'forwards', 'item': 'title'}
2026-03-28 14:17:54,577 : INFO : Timer.attract_carousel_timer : Starting Timer.
2026-03-28 14:17:54,577 : INFO : EventManager : Event: ======'timer_attract_carousel_timer_started'====== Args={'ticks': 0, 'ticks_remaining': 1}
2026-03-28 14:17:54,578 : INFO : EventManager : Event: ======'timer_attract_carousel_timer_tick'====== Args={'ticks': 0, 'ticks_remaining': 1}
2026-03-28 14:17:59,581 : INFO : Timer.attract_carousel_timer : Timer Complete
2026-03-28 14:17:59,581 : INFO : Timer.attract_carousel_timer : Stopping Timer
2026-03-28 14:17:59,581 : INFO : EventManager : Event: ======'timer_attract_carousel_timer_stopped'====== Args={'ticks': 1, 'ticks_remaining': 1}
2026-03-28 14:17:59,581 : INFO : EventManager : Event: ======'timer_attract_carousel_timer_complete'====== Args={'ticks': 1, 'ticks_remaining': 1}
2026-03-28 14:17:59,581 : INFO : EventManager : Event: ======'carousel_item_highlighted'====== Args={'carousel': 'attract', 'direction': 'forwards', 'item': 'title2'}
2026-03-28 14:17:59,581 : INFO : Timer.attract_carousel_timer : Starting Timer.
2026-03-28 14:17:59,582 : INFO : EventManager : Event: ======'timer_attract_carousel_timer_started'====== Args={'ticks': 0, 'ticks_remaining': 1}
2026-03-28 14:17:59,582 : INFO : EventManager : Event: ======'timer_attract_carousel_timer_tick'====== Args={'ticks': 0, 'ticks_remaining': 1}
2026-03-28 14:18:04,580 : INFO : Timer.attract_carousel_timer : Timer Complete
2026-03-28 14:18:04,580 : INFO : Timer.attract_carousel_timer : Stopping Timer
2026-03-28 14:18:04,580 : INFO : EventManager : Event: ======'timer_attract_carousel_timer_stopped'====== Args={'ticks': 1, 'ticks_remaining': 1}
2026-03-28 14:18:04,580 : INFO : EventManager : Event: ======'timer_attract_carousel_timer_complete'====== Args={'ticks': 1, 'ticks_remaining': 1}
2026-03-28 14:18:04,580 : INFO : EventManager : Event: ======'carousel_item_highlighted'====== Args={'carousel': 'attract', 'direction': 'forwards', 'item': 'title'}
2026-03-28 14:18:04,580 : INFO : Timer.attract_carousel_timer : Starting Timer.
2026-03-28 14:18:04,580 : INFO : EventManager : Event: ======'timer_attract_carousel_timer_started'====== Args={'ticks': 0, 'ticks_remaining': 1}
2026-03-28 14:18:04,580 : INFO : EventManager : Event: ======'timer_attract_carousel_timer_tick'====== Args={'ticks': 0, 'ticks_remaining': 1}
2026-03-28 14:18:09,581 : INFO : Timer.attract_carousel_timer : Timer Complete
2026-03-28 14:18:09,581 : INFO : Timer.attract_carousel_timer : Stopping Timer
2026-03-28 14:18:09,581 : INFO : EventManager : Event: ======'timer_attract_carousel_timer_stopped'====== Args={'ticks': 1, 'ticks_remaining': 1}
2026-03-28 14:18:09,581 : INFO : EventManager : Event: ======'timer_attract_carousel_timer_complete'====== Args={'ticks': 1, 'ticks_remaining': 1}
2026-03-28 14:18:09,581 : INFO : EventManager : Event: ======'carousel_item_highlighted'====== Args={'carousel': 'attract', 'direction': 'forwards', 'item': 'title2'}
2026-03-28 14:18:09,581 : INFO : Timer.attract_carousel_timer : Starting Timer.
2026-03-28 14:18:09,581 : INFO : EventManager : Event: ======'timer_attract_carousel_timer_started'====== Args={'ticks': 0, 'ticks_remaining': 1}
2026-03-28 14:18:09,581 : INFO : EventManager : Event: ======'timer_attract_carousel_timer_tick'====== Args={'ticks': 0, 'ticks_remaining': 1}
2026-03-28 14:18:14,586 : INFO : Timer.attract_carousel_timer : Timer Complete
2026-03-28 14:18:14,586 : INFO : Timer.attract_carousel_timer : Stopping Timer
2026-03-28 14:18:14,586 : INFO : EventManager : Event: ======'timer_attract_carousel_timer_stopped'====== Args={'ticks': 1, 'ticks_remaining': 1}
2026-03-28 14:18:14,586 : INFO : EventManager : Event: ======'timer_attract_carousel_timer_complete'====== Args={'ticks': 1, 'ticks_remaining': 1}
2026-03-28 14:18:14,586 : INFO : EventManager : Event: ======'carousel_item_highlighted'====== Args={'carousel': 'attract', 'direction': 'forwards', 'item': 'title'}
2026-03-28 14:18:14,586 : INFO : Timer.attract_carousel_timer : Starting Timer.
2026-03-28 14:18:14,586 : INFO : EventManager : Event: ======'timer_attract_carousel_timer_started'====== Args={'ticks': 0, 'ticks_remaining': 1}
2026-03-28 14:18:14,586 : INFO : EventManager : Event: ======'timer_attract_carousel_timer_tick'====== Args={'ticks': 0, 'ticks_remaining': 1}
2026-03-28 14:18:19,597 : INFO : Timer.attract_carousel_timer : Timer Complete
2026-03-28 14:18:19,597 : INFO : Timer.attract_carousel_timer : Stopping Timer
2026-03-28 14:18:19,597 : INFO : EventManager : Event: ======'timer_attract_carousel_timer_stopped'====== Args={'ticks': 1, 'ticks_remaining': 1}
2026-03-28 14:18:19,597 : INFO : EventManager : Event: ======'timer_attract_carousel_timer_complete'====== Args={'ticks': 1, 'ticks_remaining': 1}
2026-03-28 14:18:19,597 : INFO : EventManager : Event: ======'carousel_item_highlighted'====== Args={'carousel': 'attract', 'direction': 'forwards', 'item': 'title2'}
2026-03-28 14:18:19,597 : INFO : Timer.attract_carousel_timer : Starting Timer.
2026-03-28 14:18:19,597 : INFO : EventManager : Event: ======'timer_attract_carousel_timer_started'====== Args={'ticks': 0, 'ticks_remaining': 1}
2026-03-28 14:18:19,597 : INFO : EventManager : Event: ======'timer_attract_carousel_timer_tick'====== Args={'ticks': 0, 'ticks_remaining': 1}
2026-03-28 14:18:24,601 : INFO : Timer.attract_carousel_timer : Timer Complete
2026-03-28 14:18:24,601 : INFO : Timer.attract_carousel_timer : Stopping Timer
2026-03-28 14:18:24,601 : INFO : EventManager : Event: ======'timer_attract_carousel_timer_stopped'====== Args={'ticks': 1, 'ticks_remaining': 1}
2026-03-28 14:18:24,601 : INFO : EventManager : Event: ======'timer_attract_carousel_timer_complete'====== Args={'ticks': 1, 'ticks_remaining': 1}
2026-03-28 14:18:24,601 : INFO : EventManager : Event: ======'carousel_item_highlighted'====== Args={'carousel': 'attract', 'direction': 'forwards', 'item': 'title'}
2026-03-28 14:18:24,601 : INFO : Timer.attract_carousel_timer : Starting Timer.
2026-03-28 14:18:24,601 : INFO : EventManager : Event: ======'timer_attract_carousel_timer_started'====== Args={'ticks': 0, 'ticks_remaining': 1}
2026-03-28 14:18:24,602 : INFO : EventManager : Event: ======'timer_attract_carousel_timer_tick'====== Args={'ticks': 0, 'ticks_remaining': 1}
2026-03-28 14:18:29,602 : INFO : Timer.attract_carousel_timer : Timer Complete
2026-03-28 14:18:29,602 : INFO : Timer.attract_carousel_timer : Stopping Timer
2026-03-28 14:18:29,602 : INFO : EventManager : Event: ======'timer_attract_carousel_timer_stopped'====== Args={'ticks': 1, 'ticks_remaining': 1}
2026-03-28 14:18:29,602 : INFO : EventManager : Event: ======'timer_attract_carousel_timer_complete'====== Args={'ticks': 1, 'ticks_remaining': 1}
2026-03-28 14:18:29,603 : INFO : EventManager : Event: ======'carousel_item_highlighted'====== Args={'carousel': 'attract', 'direction': 'forwards', 'item': 'title2'}
2026-03-28 14:18:29,603 : INFO : Timer.attract_carousel_timer : Starting Timer.
2026-03-28 14:18:29,603 : INFO : EventManager : Event: ======'timer_attract_carousel_timer_started'====== Args={'ticks': 0, 'ticks_remaining': 1}
2026-03-28 14:18:29,603 : INFO : EventManager : Event: ======'timer_attract_carousel_timer_tick'====== Args={'ticks': 0, 'ticks_remaining': 1}
2026-03-28 14:18:34,593 : INFO : Timer.attract_carousel_timer : Timer Complete
2026-03-28 14:18:34,593 : INFO : Timer.attract_carousel_timer : Stopping Timer
2026-03-28 14:18:34,593 : INFO : EventManager : Event: ======'timer_attract_carousel_timer_stopped'====== Args={'ticks': 1, 'ticks_remaining': 1}
2026-03-28 14:18:34,593 : INFO : EventManager : Event: ======'timer_attract_carousel_timer_complete'====== Args={'ticks': 1, 'ticks_remaining': 1}
2026-03-28 14:18:34,593 : INFO : EventManager : Event: ======'carousel_item_highlighted'====== Args={'carousel': 'attract', 'direction': 'forwards', 'item': 'title'}
2026-03-28 14:18:34,593 : INFO : Timer.attract_carousel_timer : Starting Timer.
2026-03-28 14:18:34,593 : INFO : EventManager : Event: ======'timer_attract_carousel_timer_started'====== Args={'ticks': 0, 'ticks_remaining': 1}
2026-03-28 14:18:34,593 : INFO : EventManager : Event: ======'timer_attract_carousel_timer_tick'====== Args={'ticks': 0, 'ticks_remaining': 1}
2026-03-28 14:18:39,596 : INFO : Timer.attract_carousel_timer : Timer Complete
2026-03-28 14:18:39,596 : INFO : Timer.attract_carousel_timer : Stopping Timer
2026-03-28 14:18:39,596 : INFO : EventManager : Event: ======'timer_attract_carousel_timer_stopped'====== Args={'ticks': 1, 'ticks_remaining': 1}
2026-03-28 14:18:39,596 : INFO : EventManager : Event: ======'timer_attract_carousel_timer_complete'====== Args={'ticks': 1, 'ticks_remaining': 1}
2026-03-28 14:18:39,596 : INFO : EventManager : Event: ======'carousel_item_highlighted'====== Args={'carousel': 'attract', 'direction': 'forwards', 'item': 'title2'}
2026-03-28 14:18:39,596 : INFO : Timer.attract_carousel_timer : Starting Timer.
2026-03-28 14:18:39,596 : INFO : EventManager : Event: ======'timer_attract_carousel_timer_started'====== Args={'ticks': 0, 'ticks_remaining': 1}
2026-03-28 14:18:39,596 : INFO : EventManager : Event: ======'timer_attract_carousel_timer_tick'====== Args={'ticks': 0, 'ticks_remaining': 1}
2026-03-28 14:18:44,599 : INFO : Timer.attract_carousel_timer : Timer Complete
2026-03-28 14:18:44,599 : INFO : Timer.attract_carousel_timer : Stopping Timer
2026-03-28 14:18:44,599 : INFO : EventManager : Event: ======'timer_attract_carousel_timer_stopped'====== Args={'ticks': 1, 'ticks_remaining': 1}
2026-03-28 14:18:44,599 : INFO : EventManager : Event: ======'timer_attract_carousel_timer_complete'====== Args={'ticks': 1, 'ticks_remaining': 1}
2026-03-28 14:18:44,599 : INFO : EventManager : Event: ======'carousel_item_highlighted'====== Args={'carousel': 'attract', 'direction': 'forwards', 'item': 'title'}
2026-03-28 14:18:44,600 : INFO : Timer.attract_carousel_timer : Starting Timer.
2026-03-28 14:18:44,600 : INFO : EventManager : Event: ======'timer_attract_carousel_timer_started'====== Args={'ticks': 0, 'ticks_remaining': 1}
2026-03-28 14:18:44,600 : INFO : EventManager : Event: ======'timer_attract_carousel_timer_tick'====== Args={'ticks': 0, 'ticks_remaining': 1}
2026-03-28 14:18:49,593 : INFO : Timer.attract_carousel_timer : Timer Complete
2026-03-28 14:18:49,593 : INFO : Timer.attract_carousel_timer : Stopping Timer
2026-03-28 14:18:49,593 : INFO : EventManager : Event: ======'timer_attract_carousel_timer_stopped'====== Args={'ticks': 1, 'ticks_remaining': 1}
2026-03-28 14:18:49,593 : INFO : EventManager : Event: ======'timer_attract_carousel_timer_complete'====== Args={'ticks': 1, 'ticks_remaining': 1}
2026-03-28 14:18:49,593 : INFO : EventManager : Event: ======'carousel_item_highlighted'====== Args={'carousel': 'attract', 'direction': 'forwards', 'item': 'title2'}
2026-03-28 14:18:49,593 : INFO : Timer.attract_carousel_timer : Starting Timer.
2026-03-28 14:18:49,593 : INFO : EventManager : Event: ======'timer_attract_carousel_timer_started'====== Args={'ticks': 0, 'ticks_remaining': 1}
2026-03-28 14:18:49,593 : INFO : EventManager : Event: ======'timer_attract_carousel_timer_tick'====== Args={'ticks': 0, 'ticks_remaining': 1}
2026-03-28 14:18:54,598 : INFO : Timer.attract_carousel_timer : Timer Complete
2026-03-28 14:18:54,598 : INFO : Timer.attract_carousel_timer : Stopping Timer
2026-03-28 14:18:54,598 : INFO : EventManager : Event: ======'timer_attract_carousel_timer_stopped'====== Args={'ticks': 1, 'ticks_remaining': 1}
2026-03-28 14:18:54,598 : INFO : EventManager : Event: ======'timer_attract_carousel_timer_complete'====== Args={'ticks': 1, 'ticks_remaining': 1}
2026-03-28 14:18:54,598 : INFO : EventManager : Event: ======'carousel_item_highlighted'====== Args={'carousel': 'attract', 'direction': 'forwards', 'item': 'title'}
2026-03-28 14:18:54,598 : INFO : Timer.attract_carousel_timer : Starting Timer.
2026-03-28 14:18:54,599 : INFO : EventManager : Event: ======'timer_attract_carousel_timer_started'====== Args={'ticks': 0, 'ticks_remaining': 1}
2026-03-28 14:18:54,599 : INFO : EventManager : Event: ======'timer_attract_carousel_timer_tick'====== Args={'ticks': 0, 'ticks_remaining': 1}
2026-03-28 14:18:59,590 : INFO : Timer.attract_carousel_timer : Timer Complete
2026-03-28 14:18:59,590 : INFO : Timer.attract_carousel_timer : Stopping Timer
2026-03-28 14:18:59,590 : INFO : EventManager : Event: ======'timer_attract_carousel_timer_stopped'====== Args={'ticks': 1, 'ticks_remaining': 1}
2026-03-28 14:18:59,590 : INFO : EventManager : Event: ======'timer_attract_carousel_timer_complete'====== Args={'ticks': 1, 'ticks_remaining': 1}
2026-03-28 14:18:59,590 : INFO : EventManager : Event: ======'carousel_item_highlighted'====== Args={'carousel': 'attract', 'direction': 'forwards', 'item': 'title2'}
2026-03-28 14:18:59,590 : INFO : Timer.attract_carousel_timer : Starting Timer.
2026-03-28 14:18:59,590 : INFO : EventManager : Event: ======'timer_attract_carousel_timer_started'====== Args={'ticks': 0, 'ticks_remaining': 1}
2026-03-28 14:18:59,590 : INFO : EventManager : Event: ======'timer_attract_carousel_timer_tick'====== Args={'ticks': 0, 'ticks_remaining': 1}
2026-03-28 14:19:04,601 : INFO : Timer.attract_carousel_timer : Timer Complete
2026-03-28 14:19:04,601 : INFO : Timer.attract_carousel_timer : Stopping Timer
2026-03-28 14:19:04,601 : INFO : EventManager : Event: ======'timer_attract_carousel_timer_stopped'====== Args={'ticks': 1, 'ticks_remaining': 1}
2026-03-28 14:19:04,601 : INFO : EventManager : Event: ======'timer_attract_carousel_timer_complete'====== Args={'ticks': 1, 'ticks_remaining': 1}
2026-03-28 14:19:04,601 : INFO : EventManager : Event: ======'carousel_item_highlighted'====== Args={'carousel': 'attract', 'direction': 'forwards', 'item': 'title'}
2026-03-28 14:19:04,601 : INFO : Timer.attract_carousel_timer : Starting Timer.
2026-03-28 14:19:04,601 : INFO : EventManager : Event: ======'timer_attract_carousel_timer_started'====== Args={'ticks': 0, 'ticks_remaining': 1}
2026-03-28 14:19:04,602 : INFO : EventManager : Event: ======'timer_attract_carousel_timer_tick'====== Args={'ticks': 0, 'ticks_remaining': 1}
2026-03-28 14:19:09,587 : INFO : Timer.attract_carousel_timer : Timer Complete
2026-03-28 14:19:09,587 : INFO : Timer.attract_carousel_timer : Stopping Timer
2026-03-28 14:19:09,587 : INFO : EventManager : Event: ======'timer_attract_carousel_timer_stopped'====== Args={'ticks': 1, 'ticks_remaining': 1}
2026-03-28 14:19:09,587 : INFO : EventManager : Event: ======'timer_attract_carousel_timer_complete'====== Args={'ticks': 1, 'ticks_remaining': 1}
2026-03-28 14:19:09,587 : INFO : EventManager : Event: ======'carousel_item_highlighted'====== Args={'carousel': 'attract', 'direction': 'forwards', 'item': 'title2'}
2026-03-28 14:19:09,587 : INFO : Timer.attract_carousel_timer : Starting Timer.
2026-03-28 14:19:09,587 : INFO : EventManager : Event: ======'timer_attract_carousel_timer_started'====== Args={'ticks': 0, 'ticks_remaining': 1}
2026-03-28 14:19:09,587 : INFO : EventManager : Event: ======'timer_attract_carousel_timer_tick'====== Args={'ticks': 0, 'ticks_remaining': 1}
2026-03-28 14:19:14,586 : INFO : Timer.attract_carousel_timer : Timer Complete
2026-03-28 14:19:14,586 : INFO : Timer.attract_carousel_timer : Stopping Timer
2026-03-28 14:19:14,586 : INFO : EventManager : Event: ======'timer_attract_carousel_timer_stopped'====== Args={'ticks': 1, 'ticks_remaining': 1}
2026-03-28 14:19:14,586 : INFO : EventManager : Event: ======'timer_attract_carousel_timer_complete'====== Args={'ticks': 1, 'ticks_remaining': 1}
2026-03-28 14:19:14,586 : INFO : EventManager : Event: ======'carousel_item_highlighted'====== Args={'carousel': 'attract', 'direction': 'forwards', 'item': 'title'}
2026-03-28 14:19:14,586 : INFO : Timer.attract_carousel_timer : Starting Timer.
2026-03-28 14:19:14,586 : INFO : EventManager : Event: ======'timer_attract_carousel_timer_started'====== Args={'ticks': 0, 'ticks_remaining': 1}
2026-03-28 14:19:14,586 : INFO : EventManager : Event: ======'timer_attract_carousel_timer_tick'====== Args={'ticks': 0, 'ticks_remaining': 1}
2026-03-28 14:19:19,591 : INFO : Timer.attract_carousel_timer : Timer Complete
2026-03-28 14:19:19,591 : INFO : Timer.attract_carousel_timer : Stopping Timer
2026-03-28 14:19:19,591 : INFO : EventManager : Event: ======'timer_attract_carousel_timer_stopped'====== Args={'ticks': 1, 'ticks_remaining': 1}
2026-03-28 14:19:19,591 : INFO : EventManager : Event: ======'timer_attract_carousel_timer_complete'====== Args={'ticks': 1, 'ticks_remaining': 1}
2026-03-28 14:19:19,591 : INFO : EventManager : Event: ======'carousel_item_highlighted'====== Args={'carousel': 'attract', 'direction': 'forwards', 'item': 'title2'}
2026-03-28 14:19:19,591 : INFO : Timer.attract_carousel_timer : Starting Timer.
2026-03-28 14:19:19,591 : INFO : EventManager : Event: ======'timer_attract_carousel_timer_started'====== Args={'ticks': 0, 'ticks_remaining': 1}
2026-03-28 14:19:19,592 : INFO : EventManager : Event: ======'timer_attract_carousel_timer_tick'====== Args={'ticks': 0, 'ticks_remaining': 1}
2026-03-28 14:19:24,597 : INFO : Timer.attract_carousel_timer : Timer Complete
2026-03-28 14:19:24,597 : INFO : Timer.attract_carousel_timer : Stopping Timer
2026-03-28 14:19:24,597 : INFO : EventManager : Event: ======'timer_attract_carousel_timer_stopped'====== Args={'ticks': 1, 'ticks_remaining': 1}
2026-03-28 14:19:24,597 : INFO : EventManager : Event: ======'timer_attract_carousel_timer_complete'====== Args={'ticks': 1, 'ticks_remaining': 1}
2026-03-28 14:19:24,597 : INFO : EventManager : Event: ======'carousel_item_highlighted'====== Args={'carousel': 'attract', 'direction': 'forwards', 'item': 'title'}
2026-03-28 14:19:24,597 : INFO : Timer.attract_carousel_timer : Starting Timer.
2026-03-28 14:19:24,597 : INFO : EventManager : Event: ======'timer_attract_carousel_timer_started'====== Args={'ticks': 0, 'ticks_remaining': 1}
2026-03-28 14:19:24,598 : INFO : EventManager : Event: ======'timer_attract_carousel_timer_tick'====== Args={'ticks': 0, 'ticks_remaining': 1}
2026-03-28 14:19:29,590 : INFO : Timer.attract_carousel_timer : Timer Complete
2026-03-28 14:19:29,590 : INFO : Timer.attract_carousel_timer : Stopping Timer
2026-03-28 14:19:29,590 : INFO : EventManager : Event: ======'timer_attract_carousel_timer_stopped'====== Args={'ticks': 1, 'ticks_remaining': 1}
2026-03-28 14:19:29,590 : INFO : EventManager : Event: ======'timer_attract_carousel_timer_complete'====== Args={'ticks': 1, 'ticks_remaining': 1}
2026-03-28 14:19:29,590 : INFO : EventManager : Event: ======'carousel_item_highlighted'====== Args={'carousel': 'attract', 'direction': 'forwards', 'item': 'title2'}
2026-03-28 14:19:29,590 : INFO : Timer.attract_carousel_timer : Starting Timer.
2026-03-28 14:19:29,590 : INFO : EventManager : Event: ======'timer_attract_carousel_timer_started'====== Args={'ticks': 0, 'ticks_remaining': 1}
2026-03-28 14:19:29,590 : INFO : EventManager : Event: ======'timer_attract_carousel_timer_tick'====== Args={'ticks': 0, 'ticks_remaining': 1}
2026-03-28 14:19:34,597 : INFO : Timer.attract_carousel_timer : Timer Complete
2026-03-28 14:19:34,597 : INFO : Timer.attract_carousel_timer : Stopping Timer
2026-03-28 14:19:34,597 : INFO : EventManager : Event: ======'timer_attract_carousel_timer_stopped'====== Args={'ticks': 1, 'ticks_remaining': 1}
2026-03-28 14:19:34,597 : INFO : EventManager : Event: ======'timer_attract_carousel_timer_complete'====== Args={'ticks': 1, 'ticks_remaining': 1}
2026-03-28 14:19:34,597 : INFO : EventManager : Event: ======'carousel_item_highlighted'====== Args={'carousel': 'attract', 'direction': 'forwards', 'item': 'title'}
2026-03-28 14:19:34,598 : INFO : Timer.attract_carousel_timer : Starting Timer.
2026-03-28 14:19:34,598 : INFO : EventManager : Event: ======'timer_attract_carousel_timer_started'====== Args={'ticks': 0, 'ticks_remaining': 1}
2026-03-28 14:19:34,598 : INFO : EventManager : Event: ======'timer_attract_carousel_timer_tick'====== Args={'ticks': 0, 'ticks_remaining': 1}
2026-03-28 14:19:39,599 : INFO : Timer.attract_carousel_timer : Timer Complete
2026-03-28 14:19:39,599 : INFO : Timer.attract_carousel_timer : Stopping Timer
2026-03-28 14:19:39,599 : INFO : EventManager : Event: ======'timer_attract_carousel_timer_stopped'====== Args={'ticks': 1, 'ticks_remaining': 1}
2026-03-28 14:19:39,599 : INFO : EventManager : Event: ======'timer_attract_carousel_timer_complete'====== Args={'ticks': 1, 'ticks_remaining': 1}
2026-03-28 14:19:39,599 : INFO : EventManager : Event: ======'carousel_item_highlighted'====== Args={'carousel': 'attract', 'direction': 'forwards', 'item': 'title2'}
2026-03-28 14:19:39,599 : INFO : Timer.attract_carousel_timer : Starting Timer.
2026-03-28 14:19:39,599 : INFO : EventManager : Event: ======'timer_attract_carousel_timer_started'====== Args={'ticks': 0, 'ticks_remaining': 1}
2026-03-28 14:19:39,599 : INFO : EventManager : Event: ======'timer_attract_carousel_timer_tick'====== Args={'ticks': 0, 'ticks_remaining': 1}
2026-03-28 14:19:44,588 : INFO : Timer.attract_carousel_timer : Timer Complete
2026-03-28 14:19:44,588 : INFO : Timer.attract_carousel_timer : Stopping Timer
2026-03-28 14:19:44,588 : INFO : EventManager : Event: ======'timer_attract_carousel_timer_stopped'====== Args={'ticks': 1, 'ticks_remaining': 1}
2026-03-28 14:19:44,588 : INFO : EventManager : Event: ======'timer_attract_carousel_timer_complete'====== Args={'ticks': 1, 'ticks_remaining': 1}
2026-03-28 14:19:44,588 : INFO : EventManager : Event: ======'carousel_item_highlighted'====== Args={'carousel': 'attract', 'direction': 'forwards', 'item': 'title'}
2026-03-28 14:19:44,588 : INFO : Timer.attract_carousel_timer : Starting Timer.
2026-03-28 14:19:44,588 : INFO : EventManager : Event: ======'timer_attract_carousel_timer_started'====== Args={'ticks': 0, 'ticks_remaining': 1}
2026-03-28 14:19:44,588 : INFO : EventManager : Event: ======'timer_attract_carousel_timer_tick'====== Args={'ticks': 0, 'ticks_remaining': 1}
2026-03-28 14:19:49,590 : INFO : Timer.attract_carousel_timer : Timer Complete
2026-03-28 14:19:49,590 : INFO : Timer.attract_carousel_timer : Stopping Timer
2026-03-28 14:19:49,590 : INFO : EventManager : Event: ======'timer_attract_carousel_timer_stopped'====== Args={'ticks': 1, 'ticks_remaining': 1}
2026-03-28 14:19:49,590 : INFO : EventManager : Event: ======'timer_attract_carousel_timer_complete'====== Args={'ticks': 1, 'ticks_remaining': 1}
2026-03-28 14:19:49,590 : INFO : EventManager : Event: ======'carousel_item_highlighted'====== Args={'carousel': 'attract', 'direction': 'forwards', 'item': 'title2'}
2026-03-28 14:19:49,590 : INFO : Timer.attract_carousel_timer : Starting Timer.
2026-03-28 14:19:49,590 : INFO : EventManager : Event: ======'timer_attract_carousel_timer_started'====== Args={'ticks': 0, 'ticks_remaining': 1}
2026-03-28 14:19:49,590 : INFO : EventManager : Event: ======'timer_attract_carousel_timer_tick'====== Args={'ticks': 0, 'ticks_remaining': 1}
2026-03-28 14:19:54,599 : INFO : Timer.attract_carousel_timer : Timer Complete
2026-03-28 14:19:54,599 : INFO : Timer.attract_carousel_timer : Stopping Timer
2026-03-28 14:19:54,599 : INFO : EventManager : Event: ======'timer_attract_carousel_timer_stopped'====== Args={'ticks': 1, 'ticks_remaining': 1}
2026-03-28 14:19:54,599 : INFO : EventManager : Event: ======'timer_attract_carousel_timer_complete'====== Args={'ticks': 1, 'ticks_remaining': 1}
2026-03-28 14:19:54,599 : INFO : EventManager : Event: ======'carousel_item_highlighted'====== Args={'carousel': 'attract', 'direction': 'forwards', 'item': 'title'}
2026-03-28 14:19:54,600 : INFO : Timer.attract_carousel_timer : Starting Timer.
2026-03-28 14:19:54,600 : INFO : EventManager : Event: ======'timer_attract_carousel_timer_started'====== Args={'ticks': 0, 'ticks_remaining': 1}
2026-03-28 14:19:54,600 : INFO : EventManager : Event: ======'timer_attract_carousel_timer_tick'====== Args={'ticks': 0, 'ticks_remaining': 1}
2026-03-28 14:19:59,602 : INFO : Timer.attract_carousel_timer : Timer Complete
2026-03-28 14:19:59,602 : INFO : Timer.attract_carousel_timer : Stopping Timer
2026-03-28 14:19:59,602 : INFO : EventManager : Event: ======'timer_attract_carousel_timer_stopped'====== Args={'ticks': 1, 'ticks_remaining': 1}
2026-03-28 14:19:59,602 : INFO : EventManager : Event: ======'timer_attract_carousel_timer_complete'====== Args={'ticks': 1, 'ticks_remaining': 1}
2026-03-28 14:19:59,602 : INFO : EventManager : Event: ======'carousel_item_highlighted'====== Args={'carousel': 'attract', 'direction': 'forwards', 'item': 'title2'}
2026-03-28 14:19:59,602 : INFO : Timer.attract_carousel_timer : Starting Timer.
2026-03-28 14:19:59,602 : INFO : EventManager : Event: ======'timer_attract_carousel_timer_started'====== Args={'ticks': 0, 'ticks_remaining': 1}
2026-03-28 14:19:59,602 : INFO : EventManager : Event: ======'timer_attract_carousel_timer_tick'====== Args={'ticks': 0, 'ticks_remaining': 1}
2026-03-28 14:20:04,592 : INFO : Timer.attract_carousel_timer : Timer Complete
2026-03-28 14:20:04,592 : INFO : Timer.attract_carousel_timer : Stopping Timer
2026-03-28 14:20:04,592 : INFO : EventManager : Event: ======'timer_attract_carousel_timer_stopped'====== Args={'ticks': 1, 'ticks_remaining': 1}
2026-03-28 14:20:04,592 : INFO : EventManager : Event: ======'timer_attract_carousel_timer_complete'====== Args={'ticks': 1, 'ticks_remaining': 1}
2026-03-28 14:20:04,592 : INFO : EventManager : Event: ======'carousel_item_highlighted'====== Args={'carousel': 'attract', 'direction': 'forwards', 'item': 'title'}
2026-03-28 14:20:04,592 : INFO : Timer.attract_carousel_timer : Starting Timer.
2026-03-28 14:20:04,592 : INFO : EventManager : Event: ======'timer_attract_carousel_timer_started'====== Args={'ticks': 0, 'ticks_remaining': 1}
2026-03-28 14:20:04,592 : INFO : EventManager : Event: ======'timer_attract_carousel_timer_tick'====== Args={'ticks': 0, 'ticks_remaining': 1}
2026-03-28 14:20:09,589 : INFO : Timer.attract_carousel_timer : Timer Complete
2026-03-28 14:20:09,589 : INFO : Timer.attract_carousel_timer : Stopping Timer
2026-03-28 14:20:09,589 : INFO : EventManager : Event: ======'timer_attract_carousel_timer_stopped'====== Args={'ticks': 1, 'ticks_remaining': 1}
2026-03-28 14:20:09,589 : INFO : EventManager : Event: ======'timer_attract_carousel_timer_complete'====== Args={'ticks': 1, 'ticks_remaining': 1}
2026-03-28 14:20:09,589 : INFO : EventManager : Event: ======'carousel_item_highlighted'====== Args={'carousel': 'attract', 'direction': 'forwards', 'item': 'title2'}
2026-03-28 14:20:09,589 : INFO : Timer.attract_carousel_timer : Starting Timer.
2026-03-28 14:20:09,589 : INFO : EventManager : Event: ======'timer_attract_carousel_timer_started'====== Args={'ticks': 0, 'ticks_remaining': 1}
2026-03-28 14:20:09,589 : INFO : EventManager : Event: ======'timer_attract_carousel_timer_tick'====== Args={'ticks': 0, 'ticks_remaining': 1}
2026-03-28 14:20:14,601 : INFO : Timer.attract_carousel_timer : Timer Complete
2026-03-28 14:20:14,601 : INFO : Timer.attract_carousel_timer : Stopping Timer
2026-03-28 14:20:14,601 : INFO : EventManager : Event: ======'timer_attract_carousel_timer_stopped'====== Args={'ticks': 1, 'ticks_remaining': 1}
2026-03-28 14:20:14,601 : INFO : EventManager : Event: ======'timer_attract_carousel_timer_complete'====== Args={'ticks': 1, 'ticks_remaining': 1}
2026-03-28 14:20:14,601 : INFO : EventManager : Event: ======'carousel_item_highlighted'====== Args={'carousel': 'attract', 'direction': 'forwards', 'item': 'title'}
2026-03-28 14:20:14,601 : INFO : Timer.attract_carousel_timer : Starting Timer.
2026-03-28 14:20:14,601 : INFO : EventManager : Event: ======'timer_attract_carousel_timer_started'====== Args={'ticks': 0, 'ticks_remaining': 1}
2026-03-28 14:20:14,602 : INFO : EventManager : Event: ======'timer_attract_carousel_timer_tick'====== Args={'ticks': 0, 'ticks_remaining': 1}
2026-03-28 14:20:19,593 : INFO : Timer.attract_carousel_timer : Timer Complete
2026-03-28 14:20:19,593 : INFO : Timer.attract_carousel_timer : Stopping Timer
2026-03-28 14:20:19,593 : INFO : EventManager : Event: ======'timer_attract_carousel_timer_stopped'====== Args={'ticks': 1, 'ticks_remaining': 1}
2026-03-28 14:20:19,593 : INFO : EventManager : Event: ======'timer_attract_carousel_timer_complete'====== Args={'ticks': 1, 'ticks_remaining': 1}
2026-03-28 14:20:19,593 : INFO : EventManager : Event: ======'carousel_item_highlighted'====== Args={'carousel': 'attract', 'direction': 'forwards', 'item': 'title2'}
2026-03-28 14:20:19,593 : INFO : Timer.attract_carousel_timer : Starting Timer.
2026-03-28 14:20:19,593 : INFO : EventManager : Event: ======'timer_attract_carousel_timer_started'====== Args={'ticks': 0, 'ticks_remaining': 1}
2026-03-28 14:20:19,593 : INFO : EventManager : Event: ======'timer_attract_carousel_timer_tick'====== Args={'ticks': 0, 'ticks_remaining': 1}
2026-03-28 14:20:24,594 : INFO : Timer.attract_carousel_timer : Timer Complete
2026-03-28 14:20:24,594 : INFO : Timer.attract_carousel_timer : Stopping Timer
2026-03-28 14:20:24,594 : INFO : EventManager : Event: ======'timer_attract_carousel_timer_stopped'====== Args={'ticks': 1, 'ticks_remaining': 1}
2026-03-28 14:20:24,594 : INFO : EventManager : Event: ======'timer_attract_carousel_timer_complete'====== Args={'ticks': 1, 'ticks_remaining': 1}
2026-03-28 14:20:24,594 : INFO : EventManager : Event: ======'carousel_item_highlighted'====== Args={'carousel': 'attract', 'direction': 'forwards', 'item': 'title'}
2026-03-28 14:20:24,594 : INFO : Timer.attract_carousel_timer : Starting Timer.
2026-03-28 14:20:24,594 : INFO : EventManager : Event: ======'timer_attract_carousel_timer_started'====== Args={'ticks': 0, 'ticks_remaining': 1}
2026-03-28 14:20:24,594 : INFO : EventManager : Event: ======'timer_attract_carousel_timer_tick'====== Args={'ticks': 0, 'ticks_remaining': 1}
2026-03-28 14:20:29,599 : INFO : Timer.attract_carousel_timer : Timer Complete
2026-03-28 14:20:29,599 : INFO : Timer.attract_carousel_timer : Stopping Timer
2026-03-28 14:20:29,599 : INFO : EventManager : Event: ======'timer_attract_carousel_timer_stopped'====== Args={'ticks': 1, 'ticks_remaining': 1}
2026-03-28 14:20:29,599 : INFO : EventManager : Event: ======'timer_attract_carousel_timer_complete'====== Args={'ticks': 1, 'ticks_remaining': 1}
2026-03-28 14:20:29,599 : INFO : EventManager : Event: ======'carousel_item_highlighted'====== Args={'carousel': 'attract', 'direction': 'forwards', 'item': 'title2'}
2026-03-28 14:20:29,599 : INFO : Timer.attract_carousel_timer : Starting Timer.
2026-03-28 14:20:29,599 : INFO : EventManager : Event: ======'timer_attract_carousel_timer_started'====== Args={'ticks': 0, 'ticks_remaining': 1}
2026-03-28 14:20:29,599 : INFO : EventManager : Event: ======'timer_attract_carousel_timer_tick'====== Args={'ticks': 0, 'ticks_remaining': 1}
2026-03-28 14:20:34,593 : INFO : Timer.attract_carousel_timer : Timer Complete
2026-03-28 14:20:34,593 : INFO : Timer.attract_carousel_timer : Stopping Timer
2026-03-28 14:20:34,593 : INFO : EventManager : Event: ======'timer_attract_carousel_timer_stopped'====== Args={'ticks': 1, 'ticks_remaining': 1}
2026-03-28 14:20:34,593 : INFO : EventManager : Event: ======'timer_attract_carousel_timer_complete'====== Args={'ticks': 1, 'ticks_remaining': 1}
2026-03-28 14:20:34,593 : INFO : EventManager : Event: ======'carousel_item_highlighted'====== Args={'carousel': 'attract', 'direction': 'forwards', 'item': 'title'}
2026-03-28 14:20:34,593 : INFO : Timer.attract_carousel_timer : Starting Timer.
2026-03-28 14:20:34,593 : INFO : EventManager : Event: ======'timer_attract_carousel_timer_started'====== Args={'ticks': 0, 'ticks_remaining': 1}
2026-03-28 14:20:34,593 : INFO : EventManager : Event: ======'timer_attract_carousel_timer_tick'====== Args={'ticks': 0, 'ticks_remaining': 1}
2026-03-28 14:20:39,588 : INFO : Timer.attract_carousel_timer : Timer Complete
2026-03-28 14:20:39,588 : INFO : Timer.attract_carousel_timer : Stopping Timer
2026-03-28 14:20:39,588 : INFO : EventManager : Event: ======'timer_attract_carousel_timer_stopped'====== Args={'ticks': 1, 'ticks_remaining': 1}
2026-03-28 14:20:39,588 : INFO : EventManager : Event: ======'timer_attract_carousel_timer_complete'====== Args={'ticks': 1, 'ticks_remaining': 1}
2026-03-28 14:20:39,588 : INFO : EventManager : Event: ======'carousel_item_highlighted'====== Args={'carousel': 'attract', 'direction': 'forwards', 'item': 'title2'}
2026-03-28 14:20:39,588 : INFO : Timer.attract_carousel_timer : Starting Timer.
2026-03-28 14:20:39,588 : INFO : EventManager : Event: ======'timer_attract_carousel_timer_started'====== Args={'ticks': 0, 'ticks_remaining': 1}
2026-03-28 14:20:39,588 : INFO : EventManager : Event: ======'timer_attract_carousel_timer_tick'====== Args={'ticks': 0, 'ticks_remaining': 1}
2026-03-28 14:20:44,597 : INFO : Timer.attract_carousel_timer : Timer Complete
2026-03-28 14:20:44,597 : INFO : Timer.attract_carousel_timer : Stopping Timer
2026-03-28 14:20:44,597 : INFO : EventManager : Event: ======'timer_attract_carousel_timer_stopped'====== Args={'ticks': 1, 'ticks_remaining': 1}
2026-03-28 14:20:44,597 : INFO : EventManager : Event: ======'timer_attract_carousel_timer_complete'====== Args={'ticks': 1, 'ticks_remaining': 1}
2026-03-28 14:20:44,597 : INFO : EventManager : Event: ======'carousel_item_highlighted'====== Args={'carousel': 'attract', 'direction': 'forwards', 'item': 'title'}
2026-03-28 14:20:44,597 : INFO : Timer.attract_carousel_timer : Starting Timer.
2026-03-28 14:20:44,597 : INFO : EventManager : Event: ======'timer_attract_carousel_timer_started'====== Args={'ticks': 0, 'ticks_remaining': 1}
2026-03-28 14:20:44,597 : INFO : EventManager : Event: ======'timer_attract_carousel_timer_tick'====== Args={'ticks': 0, 'ticks_remaining': 1}
2026-03-28 14:20:49,600 : INFO : Timer.attract_carousel_timer : Timer Complete
2026-03-28 14:20:49,600 : INFO : Timer.attract_carousel_timer : Stopping Timer
2026-03-28 14:20:49,600 : INFO : EventManager : Event: ======'timer_attract_carousel_timer_stopped'====== Args={'ticks': 1, 'ticks_remaining': 1}
2026-03-28 14:20:49,600 : INFO : EventManager : Event: ======'timer_attract_carousel_timer_complete'====== Args={'ticks': 1, 'ticks_remaining': 1}
2026-03-28 14:20:49,601 : INFO : EventManager : Event: ======'carousel_item_highlighted'====== Args={'carousel': 'attract', 'direction': 'forwards', 'item': 'title2'}
2026-03-28 14:20:49,601 : INFO : Timer.attract_carousel_timer : Starting Timer.
2026-03-28 14:20:49,601 : INFO : EventManager : Event: ======'timer_attract_carousel_timer_started'====== Args={'ticks': 0, 'ticks_remaining': 1}
2026-03-28 14:20:49,601 : INFO : EventManager : Event: ======'timer_attract_carousel_timer_tick'====== Args={'ticks': 0, 'ticks_remaining': 1}
2026-03-28 14:20:54,592 : INFO : Timer.attract_carousel_timer : Timer Complete
2026-03-28 14:20:54,592 : INFO : Timer.attract_carousel_timer : Stopping Timer
2026-03-28 14:20:54,592 : INFO : EventManager : Event: ======'timer_attract_carousel_timer_stopped'====== Args={'ticks': 1, 'ticks_remaining': 1}
2026-03-28 14:20:54,592 : INFO : EventManager : Event: ======'timer_attract_carousel_timer_complete'====== Args={'ticks': 1, 'ticks_remaining': 1}
2026-03-28 14:20:54,592 : INFO : EventManager : Event: ======'carousel_item_highlighted'====== Args={'carousel': 'attract', 'direction': 'forwards', 'item': 'title'}
2026-03-28 14:20:54,592 : INFO : Timer.attract_carousel_timer : Starting Timer.
2026-03-28 14:20:54,592 : INFO : EventManager : Event: ======'timer_attract_carousel_timer_started'====== Args={'ticks': 0, 'ticks_remaining': 1}
2026-03-28 14:20:54,592 : INFO : EventManager : Event: ======'timer_attract_carousel_timer_tick'====== Args={'ticks': 0, 'ticks_remaining': 1}
2026-03-28 14:20:59,590 : INFO : Timer.attract_carousel_timer : Timer Complete
2026-03-28 14:20:59,590 : INFO : Timer.attract_carousel_timer : Stopping Timer
2026-03-28 14:20:59,590 : INFO : EventManager : Event: ======'timer_attract_carousel_timer_stopped'====== Args={'ticks': 1, 'ticks_remaining': 1}
2026-03-28 14:20:59,590 : INFO : EventManager : Event: ======'timer_attract_carousel_timer_complete'====== Args={'ticks': 1, 'ticks_remaining': 1}
2026-03-28 14:20:59,590 : INFO : EventManager : Event: ======'carousel_item_highlighted'====== Args={'carousel': 'attract', 'direction': 'forwards', 'item': 'title2'}
2026-03-28 14:20:59,590 : INFO : Timer.attract_carousel_timer : Starting Timer.
2026-03-28 14:20:59,590 : INFO : EventManager : Event: ======'timer_attract_carousel_timer_started'====== Args={'ticks': 0, 'ticks_remaining': 1}
2026-03-28 14:20:59,590 : INFO : EventManager : Event: ======'timer_attract_carousel_timer_tick'====== Args={'ticks': 0, 'ticks_remaining': 1}
2026-03-28 14:21:04,590 : INFO : Timer.attract_carousel_timer : Timer Complete
2026-03-28 14:21:04,590 : INFO : Timer.attract_carousel_timer : Stopping Timer
2026-03-28 14:21:04,590 : INFO : EventManager : Event: ======'timer_attract_carousel_timer_stopped'====== Args={'ticks': 1, 'ticks_remaining': 1}
2026-03-28 14:21:04,590 : INFO : EventManager : Event: ======'timer_attract_carousel_timer_complete'====== Args={'ticks': 1, 'ticks_remaining': 1}
2026-03-28 14:21:04,590 : INFO : EventManager : Event: ======'carousel_item_highlighted'====== Args={'carousel': 'attract', 'direction': 'forwards', 'item': 'title'}
2026-03-28 14:21:04,590 : INFO : Timer.attract_carousel_timer : Starting Timer.
2026-03-28 14:21:04,590 : INFO : EventManager : Event: ======'timer_attract_carousel_timer_started'====== Args={'ticks': 0, 'ticks_remaining': 1}
2026-03-28 14:21:04,591 : INFO : EventManager : Event: ======'timer_attract_carousel_timer_tick'====== Args={'ticks': 0, 'ticks_remaining': 1}
2026-03-28 14:21:09,596 : INFO : Timer.attract_carousel_timer : Timer Complete
2026-03-28 14:21:09,596 : INFO : Timer.attract_carousel_timer : Stopping Timer
2026-03-28 14:21:09,596 : INFO : EventManager : Event: ======'timer_attract_carousel_timer_stopped'====== Args={'ticks': 1, 'ticks_remaining': 1}
2026-03-28 14:21:09,596 : INFO : EventManager : Event: ======'timer_attract_carousel_timer_complete'====== Args={'ticks': 1, 'ticks_remaining': 1}
2026-03-28 14:21:09,596 : INFO : EventManager : Event: ======'carousel_item_highlighted'====== Args={'carousel': 'attract', 'direction': 'forwards', 'item': 'title2'}
2026-03-28 14:21:09,596 : INFO : Timer.attract_carousel_timer : Starting Timer.
2026-03-28 14:21:09,596 : INFO : EventManager : Event: ======'timer_attract_carousel_timer_started'====== Args={'ticks': 0, 'ticks_remaining': 1}
2026-03-28 14:21:09,596 : INFO : EventManager : Event: ======'timer_attract_carousel_timer_tick'====== Args={'ticks': 0, 'ticks_remaining': 1}
2026-03-28 14:21:14,595 : INFO : Timer.attract_carousel_timer : Timer Complete
2026-03-28 14:21:14,595 : INFO : Timer.attract_carousel_timer : Stopping Timer
2026-03-28 14:21:14,595 : INFO : EventManager : Event: ======'timer_attract_carousel_timer_stopped'====== Args={'ticks': 1, 'ticks_remaining': 1}
2026-03-28 14:21:14,595 : INFO : EventManager : Event: ======'timer_attract_carousel_timer_complete'====== Args={'ticks': 1, 'ticks_remaining': 1}
2026-03-28 14:21:14,595 : INFO : EventManager : Event: ======'carousel_item_highlighted'====== Args={'carousel': 'attract', 'direction': 'forwards', 'item': 'title'}
2026-03-28 14:21:14,595 : INFO : Timer.attract_carousel_timer : Starting Timer.
2026-03-28 14:21:14,595 : INFO : EventManager : Event: ======'timer_attract_carousel_timer_started'====== Args={'ticks': 0, 'ticks_remaining': 1}
2026-03-28 14:21:14,595 : INFO : EventManager : Event: ======'timer_attract_carousel_timer_tick'====== Args={'ticks': 0, 'ticks_remaining': 1}
2026-03-28 14:21:19,599 : INFO : Timer.attract_carousel_timer : Timer Complete
2026-03-28 14:21:19,599 : INFO : Timer.attract_carousel_timer : Stopping Timer
2026-03-28 14:21:19,599 : INFO : EventManager : Event: ======'timer_attract_carousel_timer_stopped'====== Args={'ticks': 1, 'ticks_remaining': 1}
2026-03-28 14:21:19,599 : INFO : EventManager : Event: ======'timer_attract_carousel_timer_complete'====== Args={'ticks': 1, 'ticks_remaining': 1}
2026-03-28 14:21:19,599 : INFO : EventManager : Event: ======'carousel_item_highlighted'====== Args={'carousel': 'attract', 'direction': 'forwards', 'item': 'title2'}
2026-03-28 14:21:19,600 : INFO : Timer.attract_carousel_timer : Starting Timer.
2026-03-28 14:21:19,600 : INFO : EventManager : Event: ======'timer_attract_carousel_timer_started'====== Args={'ticks': 0, 'ticks_remaining': 1}
2026-03-28 14:21:19,600 : INFO : EventManager : Event: ======'timer_attract_carousel_timer_tick'====== Args={'ticks': 0, 'ticks_remaining': 1}
2026-03-28 14:21:24,590 : INFO : Timer.attract_carousel_timer : Timer Complete
2026-03-28 14:21:24,590 : INFO : Timer.attract_carousel_timer : Stopping Timer
2026-03-28 14:21:24,590 : INFO : EventManager : Event: ======'timer_attract_carousel_timer_stopped'====== Args={'ticks': 1, 'ticks_remaining': 1}
2026-03-28 14:21:24,590 : INFO : EventManager : Event: ======'timer_attract_carousel_timer_complete'====== Args={'ticks': 1, 'ticks_remaining': 1}
2026-03-28 14:21:24,591 : INFO : EventManager : Event: ======'carousel_item_highlighted'====== Args={'carousel': 'attract', 'direction': 'forwards', 'item': 'title'}
2026-03-28 14:21:24,591 : INFO : Timer.attract_carousel_timer : Starting Timer.
2026-03-28 14:21:24,591 : INFO : EventManager : Event: ======'timer_attract_carousel_timer_started'====== Args={'ticks': 0, 'ticks_remaining': 1}
2026-03-28 14:21:24,591 : INFO : EventManager : Event: ======'timer_attract_carousel_timer_tick'====== Args={'ticks': 0, 'ticks_remaining': 1}
2026-03-28 14:21:29,591 : INFO : Timer.attract_carousel_timer : Timer Complete
2026-03-28 14:21:29,591 : INFO : Timer.attract_carousel_timer : Stopping Timer
2026-03-28 14:21:29,591 : INFO : EventManager : Event: ======'timer_attract_carousel_timer_stopped'====== Args={'ticks': 1, 'ticks_remaining': 1}
2026-03-28 14:21:29,591 : INFO : EventManager : Event: ======'timer_attract_carousel_timer_complete'====== Args={'ticks': 1, 'ticks_remaining': 1}
2026-03-28 14:21:29,591 : INFO : EventManager : Event: ======'carousel_item_highlighted'====== Args={'carousel': 'attract', 'direction': 'forwards', 'item': 'title2'}
2026-03-28 14:21:29,591 : INFO : Timer.attract_carousel_timer : Starting Timer.
2026-03-28 14:21:29,591 : INFO : EventManager : Event: ======'timer_attract_carousel_timer_started'====== Args={'ticks': 0, 'ticks_remaining': 1}
2026-03-28 14:21:29,591 : INFO : EventManager : Event: ======'timer_attract_carousel_timer_tick'====== Args={'ticks': 0, 'ticks_remaining': 1}
2026-03-28 14:21:34,592 : INFO : Timer.attract_carousel_timer : Timer Complete
2026-03-28 14:21:34,592 : INFO : Timer.attract_carousel_timer : Stopping Timer
2026-03-28 14:21:34,592 : INFO : EventManager : Event: ======'timer_attract_carousel_timer_stopped'====== Args={'ticks': 1, 'ticks_remaining': 1}
2026-03-28 14:21:34,592 : INFO : EventManager : Event: ======'timer_attract_carousel_timer_complete'====== Args={'ticks': 1, 'ticks_remaining': 1}
2026-03-28 14:21:34,592 : INFO : EventManager : Event: ======'carousel_item_highlighted'====== Args={'carousel': 'attract', 'direction': 'forwards', 'item': 'title'}
2026-03-28 14:21:34,592 : INFO : Timer.attract_carousel_timer : Starting Timer.
2026-03-28 14:21:34,592 : INFO : EventManager : Event: ======'timer_attract_carousel_timer_started'====== Args={'ticks': 0, 'ticks_remaining': 1}
2026-03-28 14:21:34,592 : INFO : EventManager : Event: ======'timer_attract_carousel_timer_tick'====== Args={'ticks': 0, 'ticks_remaining': 1}
2026-03-28 14:21:39,586 : INFO : Timer.attract_carousel_timer : Timer Complete
2026-03-28 14:21:39,586 : INFO : Timer.attract_carousel_timer : Stopping Timer
2026-03-28 14:21:39,587 : INFO : EventManager : Event: ======'timer_attract_carousel_timer_stopped'====== Args={'ticks': 1, 'ticks_remaining': 1}
2026-03-28 14:21:39,587 : INFO : EventManager : Event: ======'timer_attract_carousel_timer_complete'====== Args={'ticks': 1, 'ticks_remaining': 1}
2026-03-28 14:21:39,587 : INFO : EventManager : Event: ======'carousel_item_highlighted'====== Args={'carousel': 'attract', 'direction': 'forwards', 'item': 'title2'}
2026-03-28 14:21:39,587 : INFO : Timer.attract_carousel_timer : Starting Timer.
2026-03-28 14:21:39,587 : INFO : EventManager : Event: ======'timer_attract_carousel_timer_started'====== Args={'ticks': 0, 'ticks_remaining': 1}
2026-03-28 14:21:39,587 : INFO : EventManager : Event: ======'timer_attract_carousel_timer_tick'====== Args={'ticks': 0, 'ticks_remaining': 1}
2026-03-28 14:21:41,331 : INFO : Machine : Shutting down...
2026-03-28 14:21:41,332 : INFO : EventManager : Event: ======'shutdown'====== Args={}
2026-03-28 14:21:41,426 : INFO : root : MPF run loop ended.
