2026-02-15 11:21:36,100 : INFO : root : Loading config.
2026-02-15 11:21:36,103 : INFO : YamlMultifileConfigLoader : Machine config file #1: config.yaml
2026-02-15 11:21:36,103 : INFO : ConfigProcessor : Loading config from cache: C:\Users\tl\AppData\Local\Temp\86f932e179f318f5dae29f066573dee9.mpf_cache
2026-02-15 11:21:36,200 : DEBUG : YamlMultifileConfigLoader : Loading mode attract from C:\mpf\Lib\site-packages\mpf\modes\attract\config\attract.yaml
2026-02-15 11:21:36,200 : DEBUG : YamlMultifileConfigLoader : Loading mode attract from C:\mpf\Lib\site-packages\mpf\modes\attract\config\attract.yaml
2026-02-15 11:21:36,200 : INFO : ConfigProcessor : Loading config from cache: C:\Users\tl\AppData\Local\Temp\5e7e3dd8e04e0aa46ea76018297218da.mpf_cache
2026-02-15 11:21:36,201 : DEBUG : YamlMultifileConfigLoader : Loading mode game from C:\mpf\Lib\site-packages\mpf\modes\game\config\game.yaml
2026-02-15 11:21:36,201 : INFO : ConfigProcessor : Loading config from cache: C:\Users\tl\AppData\Local\Temp\af6ad0dab2f43bd9cbdac83e0b2786ac.mpf_cache
2026-02-15 11:21:36,202 : DEBUG : YamlMultifileConfigLoader : Loading mode attract from C:\mpf\Lib\site-packages\mpf\modes\attract\config\attract.yaml
2026-02-15 11:21:36,202 : DEBUG : YamlMultifileConfigLoader : Loading mode attract from C:\mpf\Lib\site-packages\mpf\modes\attract\config\attract.yaml
2026-02-15 11:21:36,202 : INFO : ConfigProcessor : Loading config from cache: C:\Users\tl\AppData\Local\Temp\5e7e3dd8e04e0aa46ea76018297218da.mpf_cache
2026-02-15 11:21:36,202 : DEBUG : YamlMultifileConfigLoader : Loading mode service from C:\mpf\Lib\site-packages\mpf\modes\service\config\service.yaml
2026-02-15 11:21:36,203 : INFO : ConfigProcessor : Loading config from cache: C:\Users\tl\AppData\Local\Temp\5d3b5ebc494e9a7257164cf172f94bef.mpf_cache
2026-02-15 11:21:36,203 : DEBUG : YamlMultifileConfigLoader : Loading mode base from C:\mpf\Lib\site-packages\mpf\modes\base\config\base.yaml
2026-02-15 11:21:36,203 : INFO : ConfigProcessor : Loading config from cache: C:\Users\tl\AppData\Local\Temp\f7ef3217062c4a128670875e2cb05ce9.mpf_cache
2026-02-15 11:21:36,213 : INFO : Machine : Mission Pinball Framework Core Engine v0.80.0.dev12
2026-02-15 11:21:36,213 : INFO : Machine : Command line arguments: {'no_load_cache': False, 'create_config_cache': True, 'bcp': False, 'configfile': ['config.yaml'], 'force_assets_load': False, 'platform_integration_test': False, 'jsonlogging': False, 'logfile': 'logs\\2026-02-15-11-21-36-mpf-DESKTOP-HV85DRD.log', 'pause': False, 'production': False, 'text_ui': True, 'loglevel': 10, 'consoleloglevel': 20, 'force_platform': None, 'syslog_address': None, 'full_logfile_path': 'C:\\Users\\tl\\Documents\\tl-pinball\\logs\\2026-02-15-11-21-36-mpf-DESKTOP-HV85DRD.log'}
2026-02-15 11:21:36,213 : INFO : Machine : MPF path: C:\mpf\Lib\site-packages\mpf
2026-02-15 11:21:36,213 : INFO : Machine : Machine path: C:\Users\tl\Documents\tl-pinball
2026-02-15 11:21:36,213 : INFO : Machine : Platform: win32
2026-02-15 11:21:36,213 : INFO : Machine : Python executable location: C:\mpf\Scripts\python.exe
2026-02-15 11:21:36,213 : INFO : Machine : Python version: 3.12.7 (64-bit)
2026-02-15 11:21:36,215 : DEBUG : asyncio : Using proactor: IocpProactor
2026-02-15 11:21:36,215 : INFO : Machine : Initializing MPF...
2026-02-15 11:21:36,317 : DEBUG : asciimatics.widgets.layout : Updating: None
2026-02-15 11:21:36,317 : DEBUG : asciimatics.widgets.layout : Updating: None
2026-02-15 11:21:36,317 : DEBUG : asciimatics.widgets.layout : Updating: None
2026-02-15 11:21:36,317 : DEBUG : asciimatics.widgets.layout : Updating: None
2026-02-15 11:21:36,318 : DEBUG : asciimatics.widgets.layout : Updating: None
2026-02-15 11:21:36,318 : DEBUG : asciimatics.widgets.layout : Updating: None
2026-02-15 11:21:36,318 : DEBUG : asciimatics.widgets.layout : Updating: None
2026-02-15 11:21:36,318 : DEBUG : asciimatics.widgets.layout : Updating: None
2026-02-15 11:21:36,318 : DEBUG : asciimatics.widgets.layout : Updating: None
2026-02-15 11:21:36,318 : DEBUG : asciimatics.widgets.layout : Updating: None
2026-02-15 11:21:36,318 : DEBUG : asciimatics.widgets.layout : Updating: None
2026-02-15 11:21:36,318 : DEBUG : asciimatics.widgets.layout : Updating: None
2026-02-15 11:21:36,318 : DEBUG : asciimatics.widgets.widget : Widget blur: <asciimatics.widgets.label.Label object at 0x000001E6576F9D80>
2026-02-15 11:21:36,318 : DEBUG : asciimatics.widgets.widget : Widget blur: <asciimatics.widgets.label.Label object at 0x000001E657915F20>
2026-02-15 11:21:36,318 : DEBUG : asciimatics.widgets.widget : Widget blur: <asciimatics.widgets.label.Label object at 0x000001E6579160C0>
2026-02-15 11:21:36,318 : DEBUG : asciimatics.widgets.layout : Blur: <asciimatics.widgets.layout.Layout object at 0x000001E65791B040>
2026-02-15 11:21:36,318 : DEBUG : asciimatics.widgets.layout : Blur: <mpf.core.text_ui.MpfLayout object at 0x000001E65777C360>
2026-02-15 11:21:36,318 : DEBUG : asciimatics.widgets.layout : Updating: None
2026-02-15 11:21:36,318 : DEBUG : asciimatics.widgets.layout : Updating: None
2026-02-15 11:21:36,318 : DEBUG : asciimatics.widgets.layout : Updating: None
2026-02-15 11:21:36,319 : DEBUG : asciimatics.widgets.layout : Updating: None
2026-02-15 11:21:36,319 : DEBUG : asciimatics.widgets.layout : Updating: None
2026-02-15 11:21:36,319 : DEBUG : asciimatics.widgets.layout : Updating: None
2026-02-15 11:21:36,319 : DEBUG : asciimatics.widgets.widget : Widget blur: <asciimatics.widgets.label.Label object at 0x000001E6579164D0>
2026-02-15 11:21:36,319 : DEBUG : asciimatics.widgets.widget : Widget blur: <asciimatics.widgets.label.Label object at 0x000001E657916400>
2026-02-15 11:21:36,319 : DEBUG : asciimatics.widgets.widget : Widget blur: <asciimatics.widgets.label.Label object at 0x000001E6579165A0>
2026-02-15 11:21:36,319 : DEBUG : asciimatics.widgets.widget : Widget blur: <asciimatics.widgets.label.Label object at 0x000001E657916330>
2026-02-15 11:21:36,319 : DEBUG : asciimatics.widgets.widget : Widget blur: <asciimatics.widgets.label.Label object at 0x000001E657916260>
2026-02-15 11:21:36,319 : DEBUG : asciimatics.widgets.widget : Widget blur: <asciimatics.widgets.label.Label object at 0x000001E657916190>
2026-02-15 11:21:36,319 : DEBUG : asciimatics.widgets.layout : Blur: <asciimatics.widgets.layout.Layout object at 0x000001E65791B0A0>
2026-02-15 11:21:36,319 : DEBUG : asciimatics.widgets.layout : Focus: <asciimatics.widgets.layout.Layout object at 0x000001E65791B040>
2026-02-15 11:21:36,319 : DEBUG : asciimatics.widgets.layout : Focus: <mpf.core.text_ui.MpfLayout object at 0x000001E65777C360>
2026-02-15 11:21:36,319 : DEBUG : asciimatics.widgets.layout : Focus: <asciimatics.widgets.layout.Layout object at 0x000001E65791B0A0>
2026-02-15 11:21:36,319 : DEBUG : asciimatics.widgets.frame : Cloning: Test
2026-02-15 11:21:36,319 : DEBUG : asciimatics.widgets.layout : Updating: None
2026-02-15 11:21:36,319 : DEBUG : asciimatics.widgets.layout : Updating: None
2026-02-15 11:21:36,319 : DEBUG : asciimatics.widgets.layout : Updating: None
2026-02-15 11:21:36,319 : DEBUG : asciimatics.widgets.layout : Updating: None
2026-02-15 11:21:36,319 : DEBUG : asciimatics.widgets.layout : Updating: None
2026-02-15 11:21:36,319 : DEBUG : asciimatics.widgets.layout : Updating: None
2026-02-15 11:21:36,319 : DEBUG : asciimatics.widgets.layout : Updating: None
2026-02-15 11:21:36,319 : DEBUG : asciimatics.widgets.layout : Updating: None
2026-02-15 11:21:36,319 : DEBUG : asciimatics.widgets.layout : Updating: None
2026-02-15 11:21:36,319 : DEBUG : asciimatics.widgets.layout : Updating: None
2026-02-15 11:21:36,319 : DEBUG : asciimatics.widgets.layout : Updating: None
2026-02-15 11:21:36,320 : DEBUG : asciimatics.widgets.layout : Updating: None
2026-02-15 11:21:36,320 : DEBUG : asciimatics.widgets.layout : Updating: None
2026-02-15 11:21:36,320 : DEBUG : asciimatics.widgets.layout : Updating: None
2026-02-15 11:21:36,320 : DEBUG : asciimatics.widgets.layout : Updating: None
2026-02-15 11:21:36,320 : DEBUG : asciimatics.widgets.layout : Updating: None
2026-02-15 11:21:36,320 : DEBUG : asciimatics.widgets.layout : Updating: None
2026-02-15 11:21:36,320 : DEBUG : asciimatics.widgets.layout : Updating: None
2026-02-15 11:21:36,321 : DEBUG : asciimatics.screen : Processing key: d
2026-02-15 11:21:36,469 : INFO : FAST [NET] : Trying to connect to COM4 at 921600bps
2026-02-15 11:21:36,474 : INFO : FAST [NET] : Connected to COM4 at 921600bps
2026-02-15 11:21:36,477 : INFO : FAST [NET] : Connected to FP-CPU-2000 with firmware v02.26
2026-02-15 11:21:36,509 : INFO : FAST [NET] : Registered I/O Board 0: Model: FP-I/O-0804, Firmware: 01.10, Switches: 8, Drivers: 4
2026-02-15 11:21:36,525 : INFO : FAST [NET] : Registered I/O Board 1: Model: FP-I/O-1616, Firmware: 01.10, Switches: 16, Drivers: 16
2026-02-15 11:21:36,541 : INFO : FAST [NET] : Registered I/O Board 2: Model: FP-I/O-3208, Firmware: 01.10, Switches: 32, Drivers: 8
2026-02-15 11:21:36,557 : INFO : FAST [NET] : Registered I/O Board 3: Model: FP-I/O-1616, Firmware: 01.10, Switches: 16, Drivers: 16
2026-02-15 11:21:36,559 : INFO : FAST [EXP] : Trying to connect to COM5 at 921600bps
2026-02-15 11:21:36,563 : INFO : FAST [EXP] : Connected to COM5 at 921600bps
2026-02-15 11:21:36,563 : DEBUG : FAST [EXP] : Creating FAST Expansion Board "ledneuron" (FP-EXP-2000 Address: 48)
2026-02-15 11:21:36,563 : DEBUG : FAST [EXP] : Creating FAST Breakout Board 0 on EXP "ledneuron" (FP-EXP-2000, @48)
2026-02-15 11:21:36,573 : INFO : FAST [EXP] : Verifying hardware for EXP "ledneuron" (FP-EXP-2000, @48) with ID string "EXP FP-EXP-2000  0.42", board address 48
2026-02-15 11:21:36,589 : INFO : FAST [EXP] : Verifying hardware for EXP "ledneuron" (FP-EXP-2000, @48) with ID string "BRK FP-EXP-2000  0.42", board address 480
2026-02-15 11:21:36,604 : DEBUG : FAST [EXP] : Creating FAST Expansion Board "ledpf1" (FP-EXP-0081 Address: 84)
2026-02-15 11:21:36,604 : DEBUG : FAST [EXP] : Creating FAST Breakout Board 0 on EXP "ledpf1" (FP-EXP-0081, @84)
2026-02-15 11:21:36,604 : DEBUG : FAST [EXP] : Creating FAST Breakout Board 1 on EXP "ledpf1" (FP-EXP-0081, @84)
2026-02-15 11:21:36,620 : INFO : FAST [EXP] : Verifying hardware for EXP "ledpf1" (FP-EXP-0081, @84) with ID string "EXP FP-EXP-0081  0.38", board address 84
2026-02-15 11:21:36,636 : INFO : FAST [EXP] : Verifying hardware for EXP "ledpf1" (FP-EXP-0081, @84) with ID string "BRK FP-EXP-0081  0.38", board address 840
2026-02-15 11:21:36,652 : INFO : FAST [EXP] : Verifying hardware for EXP "ledpf1" (FP-EXP-0081, @84) with ID string "BRK FP-EXP-0081  0.38", board address 841
2026-02-15 11:21:36,668 : INFO : EventManager : Event: ======'machine_var_credits_string'====== Args={'value': 'FREE PLAY', 'prev_value': None, 'change': True}
2026-02-15 11:21:36,687 : DEBUG : YAML File Interface : Loading file: C:\Users\tl\Documents\tl-pinball\data/machine_vars.yaml
2026-02-15 11:21:36,690 : INFO : EventManager : Event: ======'machine_var_master_volume'====== Args={'value': 0.55, 'prev_value': None, 'change': True}
2026-02-15 11:21:36,690 : INFO : EventManager : Event: ======'machine_var_player1_score'====== Args={'value': 0, 'prev_value': None, 'change': True}
2026-02-15 11:21:36,690 : INFO : EventManager : Event: ======'machine_var_mpf_version'====== Args={'value': 'Mission Pinball Framework v0.80.0.dev12', 'prev_value': None, 'change': True}
2026-02-15 11:21:36,690 : INFO : EventManager : Event: ======'machine_var_mpf_extended_version'====== Args={'value': 'Mission Pinball Framework v0.80.0.dev12, Config version:6, Show version: 6, BCP version:1.1', 'prev_value': None, 'change': True}
2026-02-15 11:21:36,690 : INFO : EventManager : Event: ======'machine_var_python_version'====== Args={'value': '3.12.7', 'prev_value': None, 'change': True}
2026-02-15 11:21:36,794 : INFO : EventManager : Event: ======'machine_var_platform'====== Args={'value': 'Windows-10-10.0.19044-SP0', 'prev_value': None, 'change': True}
2026-02-15 11:21:36,794 : INFO : EventManager : Event: ======'machine_var_platform_system'====== Args={'value': 'Windows', 'prev_value': None, 'change': True}
2026-02-15 11:21:36,794 : INFO : EventManager : Event: ======'machine_var_platform_release'====== Args={'value': '10', 'prev_value': None, 'change': True}
2026-02-15 11:21:36,794 : INFO : EventManager : Event: ======'machine_var_platform_version'====== Args={'value': '10.0.19044', 'prev_value': None, 'change': True}
2026-02-15 11:21:36,794 : INFO : EventManager : Event: ======'machine_var_platform_machine'====== Args={'value': 'AMD64', 'prev_value': None, 'change': True}
2026-02-15 11:21:36,794 : INFO : EventManager : Event: ======'machine_var_log_file_path'====== Args={'value': 'C:\\Users\\tl\\Documents\\tl-pinball\\logs\\2026-02-15-11-21-36-mpf-DESKTOP-HV85DRD.log', 'prev_value': None, 'change': True}
2026-02-15 11:21:36,794 : INFO : EventManager : Event: ======'init_phase_1'====== Args={}
2026-02-15 11:21:36,800 : DEBUG : ModeController : Loaded mode service
2026-02-15 11:21:36,801 : DEBUG : ModeController : Loaded mode base
2026-02-15 11:21:36,803 : DEBUG : ModeController : Loaded mode game
2026-02-15 11:21:36,808 : DEBUG : ModeController : Loaded mode attract
2026-02-15 11:21:36,824 : DEBUG : FASTLED : Creating FAST RGB LED on expansion board at hardware address: 48000
2026-02-15 11:21:36,824 : DEBUG : FASTLED : Creating FAST RGB LED on expansion board at hardware address: 48001
2026-02-15 11:21:36,827 : INFO : EventManager : Event: ======'drop_target_bank_dt_bank_1_4_up'====== Args={}
2026-02-15 11:21:36,827 : INFO : EventManager : Event: ======'drop_target_bank_dt_bank_5_7_up'====== Args={}
2026-02-15 11:21:38,570 : DEBUG : FAST Driver : Sending config to driver 4 (0x04). one_shot: False. wait_to_confirm: False
2026-02-15 11:21:38,602 : DEBUG : FAST Driver : Sending config to driver 5 (0x05). one_shot: False. wait_to_confirm: False
2026-02-15 11:21:38,650 : DEBUG : FAST Driver : Sending config to driver 7 (0x07). one_shot: False. wait_to_confirm: False
2026-02-15 11:21:38,681 : DEBUG : FAST Driver : Sending config to driver 8 (0x08). one_shot: False. wait_to_confirm: False
2026-02-15 11:21:38,713 : DEBUG : FAST Driver : Sending config to driver 9 (0x09). one_shot: False. wait_to_confirm: False
2026-02-15 11:21:38,937 : DEBUG : FAST Driver : Sending config to driver 22 (0x16). one_shot: False. wait_to_confirm: False
2026-02-15 11:21:38,969 : DEBUG : FAST Driver : Sending config to driver 23 (0x17). one_shot: False. wait_to_confirm: False
2026-02-15 11:21:39,001 : DEBUG : FAST Driver : Sending config to driver 24 (0x18). one_shot: False. wait_to_confirm: False
2026-02-15 11:21:39,033 : DEBUG : FAST Driver : Sending config to driver 25 (0x19). one_shot: False. wait_to_confirm: False
2026-02-15 11:21:39,065 : DEBUG : FAST Driver : Sending config to driver 26 (0x1A). one_shot: False. wait_to_confirm: False
2026-02-15 11:21:39,097 : DEBUG : FAST Driver : Sending config to driver 27 (0x1B). one_shot: False. wait_to_confirm: False
2026-02-15 11:21:39,209 : DEBUG : FAST Driver : Sending config to driver 33 (0x21). one_shot: False. wait_to_confirm: False
2026-02-15 11:21:39,464 : INFO : SwitchController : <<<<<<< 's_72_single_drop_1' active >>>>>>>
2026-02-15 11:21:39,464 : INFO : SwitchController : <<<<<<< 's_78_threebank_drop_2' active >>>>>>>
2026-02-15 11:21:39,512 : INFO : EventManager : Event: ======'init_phase_2'====== Args={}
2026-02-15 11:21:39,512 : INFO : SwitchController : Found active switch: (56, [FAST Platform Interface]) <switch.s_72_single_drop_1>
2026-02-15 11:21:39,512 : INFO : SwitchController : Found active switch: (62, [FAST Platform Interface]) <switch.s_78_threebank_drop_2>
2026-02-15 11:21:39,517 : INFO : ball_device.bd_plunger : BCH: Initial count: 0
2026-02-15 11:21:39,518 : INFO : ball_device.bd_plunger : State: idle
2026-02-15 11:21:39,518 : INFO : ball_device.bd_trough : BCH: Initial count: 0
2026-02-15 11:21:39,519 : INFO : ball_device.bd_trough : State: idle
2026-02-15 11:21:39,520 : DEBUG : YAML File Interface : Loading file: C:\Users\tl\Documents\tl-pinball\data/audits.yaml
2026-02-15 11:21:39,539 : DEBUG : Machine : "info_lights:" section not found in machine configuration, so the InfoLights will not be used.
2026-02-15 11:21:39,541 : DEBUG : Machine : "switch_player:" section not found in machine configuration, so the SwitchPlayer will not be used.
2026-02-15 11:21:39,544 : DEBUG : Machine : "twitch_client:" section not found in machine configuration, so the TwitchBot will not be used.
2026-02-15 11:21:39,544 : DEBUG : Machine : "virtual_segment_display_connector:" section not found in machine configuration, so the VirtualSegmentDisplayConnector will not be used.
2026-02-15 11:21:39,544 : INFO : EventManager : Event: ======'init_phase_3'====== Args={}
2026-02-15 11:21:39,544 : DEBUG : ShowController : Loading show: flash
2026-02-15 11:21:39,545 : DEBUG : ShowController : Loading show: on
2026-02-15 11:21:39,545 : DEBUG : ShowController : Loading show: off
2026-02-15 11:21:39,545 : DEBUG : ShowController : Loading show: led_color
2026-02-15 11:21:39,545 : DEBUG : ShowController : Loading show: bl_color
2026-02-15 11:21:39,546 : DEBUG : ShowController : Loading show: flash_color
2026-02-15 11:21:39,546 : INFO : EventManager : Event: ======'init_phase_4'====== Args={}
2026-02-15 11:21:39,547 : INFO : EventManager : Event: ======'drop_target_dt_single_down'====== Args={'device': <drop_target.dt_single>}
2026-02-15 11:21:39,547 : INFO : EventManager : Event: ======'drop_target_dt_6_down'====== Args={'device': <drop_target.dt_6>}
2026-02-15 11:21:39,547 : INFO : BallController : Initial balls found: 0
2026-02-15 11:21:39,548 : INFO : EventManager : Event: ======'machine_var_audits_events_game_ended'====== Args={'value': 10, 'prev_value': None, 'change': True}
2026-02-15 11:21:39,548 : INFO : EventManager : Event: ======'machine_var_audits_events_game_started'====== Args={'value': 50, 'prev_value': None, 'change': True}
2026-02-15 11:21:39,548 : INFO : EventManager : Event: ======'machine_var_audits_missing_switches_s_00_service_esc'====== Args={'value': 4, 'prev_value': None, 'change': True}
2026-02-15 11:21:39,548 : INFO : EventManager : Event: ======'machine_var_audits_missing_switches_s_01_service_up'====== Args={'value': 4, 'prev_value': None, 'change': True}
2026-02-15 11:21:39,549 : INFO : EventManager : Event: ======'machine_var_audits_missing_switches_s_02_service_down'====== Args={'value': 4, 'prev_value': None, 'change': True}
2026-02-15 11:21:39,549 : INFO : EventManager : Event: ======'machine_var_audits_missing_switches_s_03_service_enter'====== Args={'value': 4, 'prev_value': None, 'change': True}
2026-02-15 11:21:39,549 : INFO : EventManager : Event: ======'machine_var_audits_missing_switches_s_08_left_flipper'====== Args={'value': 4, 'prev_value': None, 'change': True}
2026-02-15 11:21:39,549 : INFO : EventManager : Event: ======'machine_var_audits_missing_switches_s_0_service_esc'====== Args={'value': 46, 'prev_value': None, 'change': True}
2026-02-15 11:21:39,549 : INFO : EventManager : Event: ======'machine_var_audits_missing_switches_s_11_start_button'====== Args={'value': 1, 'prev_value': None, 'change': True}
2026-02-15 11:21:39,549 : INFO : EventManager : Event: ======'machine_var_audits_missing_switches_s_12_tilt_bob'====== Args={'value': 3, 'prev_value': None, 'change': True}
2026-02-15 11:21:39,549 : INFO : EventManager : Event: ======'machine_var_audits_missing_switches_s_13_coin_door'====== Args={'value': 3, 'prev_value': None, 'change': True}
2026-02-15 11:21:39,549 : INFO : EventManager : Event: ======'machine_var_audits_missing_switches_s_16_right_flipper'====== Args={'value': 20, 'prev_value': None, 'change': True}
2026-02-15 11:21:39,549 : INFO : EventManager : Event: ======'machine_var_audits_missing_switches_s_17_right_flipper_upper'====== Args={'value': 20, 'prev_value': None, 'change': True}
2026-02-15 11:21:39,549 : INFO : EventManager : Event: ======'machine_var_audits_missing_switches_s_19_cab_arrow_left'====== Args={'value': 3, 'prev_value': None, 'change': True}
2026-02-15 11:21:39,549 : INFO : EventManager : Event: ======'machine_var_audits_missing_switches_s_1_service_up'====== Args={'value': 46, 'prev_value': None, 'change': True}
2026-02-15 11:21:39,549 : INFO : EventManager : Event: ======'machine_var_audits_missing_switches_s_20_cab_arrow_right'====== Args={'value': 3, 'prev_value': None, 'change': True}
2026-02-15 11:21:39,549 : INFO : EventManager : Event: ======'machine_var_audits_missing_switches_s_25_trough_jam'====== Args={'value': 2, 'prev_value': None, 'change': True}
2026-02-15 11:21:39,549 : INFO : EventManager : Event: ======'machine_var_audits_missing_switches_s_26_trough_1'====== Args={'value': 1, 'prev_value': None, 'change': True}
2026-02-15 11:21:39,550 : INFO : EventManager : Event: ======'machine_var_audits_missing_switches_s_28_trough_3'====== Args={'value': 1, 'prev_value': None, 'change': True}
2026-02-15 11:21:39,550 : INFO : EventManager : Event: ======'machine_var_audits_missing_switches_s_29_trough_4'====== Args={'value': 1, 'prev_value': None, 'change': True}
2026-02-15 11:21:39,550 : INFO : EventManager : Event: ======'machine_var_audits_missing_switches_s_2_service_down'====== Args={'value': 46, 'prev_value': None, 'change': True}
2026-02-15 11:21:39,550 : INFO : EventManager : Event: ======'machine_var_audits_missing_switches_s_32_right_inlane'====== Args={'value': 5, 'prev_value': None, 'change': True}
2026-02-15 11:21:39,550 : INFO : EventManager : Event: ======'machine_var_audits_missing_switches_s_33_right_outlane'====== Args={'value': 12, 'prev_value': None, 'change': True}
2026-02-15 11:21:39,550 : INFO : EventManager : Event: ======'machine_var_audits_missing_switches_s_34_right_sling'====== Args={'value': 5, 'prev_value': None, 'change': True}
2026-02-15 11:21:39,550 : INFO : EventManager : Event: ======'machine_var_audits_missing_switches_s_35_left_inlane'====== Args={'value': 5, 'prev_value': None, 'change': True}
2026-02-15 11:21:39,550 : INFO : EventManager : Event: ======'machine_var_audits_missing_switches_s_36_left_outlane'====== Args={'value': 3, 'prev_value': None, 'change': True}
2026-02-15 11:21:39,550 : INFO : EventManager : Event: ======'machine_var_audits_missing_switches_s_37_left_sling'====== Args={'value': 10, 'prev_value': None, 'change': True}
2026-02-15 11:21:39,550 : INFO : EventManager : Event: ======'machine_var_audits_missing_switches_s_38_star_rollover_bottom'====== Args={'value': 47, 'prev_value': None, 'change': True}
2026-02-15 11:21:39,550 : INFO : EventManager : Event: ======'machine_var_audits_missing_switches_s_38_top_lane_a'====== Args={'value': 3, 'prev_value': None, 'change': True}
2026-02-15 11:21:39,550 : INFO : EventManager : Event: ======'machine_var_audits_missing_switches_s_39_star_rollover_top'====== Args={'value': 11, 'prev_value': None, 'change': True}
2026-02-15 11:21:39,550 : INFO : EventManager : Event: ======'machine_var_audits_missing_switches_s_39_top_lane_b'====== Args={'value': 3, 'prev_value': None, 'change': True}
2026-02-15 11:21:39,550 : INFO : EventManager : Event: ======'machine_var_audits_missing_switches_s_3_service_enter'====== Args={'value': 46, 'prev_value': None, 'change': True}
2026-02-15 11:21:39,551 : INFO : EventManager : Event: ======'machine_var_audits_missing_switches_s_40_stand_up_target_5'====== Args={'value': 5, 'prev_value': None, 'change': True}
2026-02-15 11:21:39,551 : INFO : EventManager : Event: ======'machine_var_audits_missing_switches_s_40_top_lane_c'====== Args={'value': 3, 'prev_value': None, 'change': True}
2026-02-15 11:21:39,551 : INFO : EventManager : Event: ======'machine_var_audits_missing_switches_s_41_pop_bumper_1'====== Args={'value': 2, 'prev_value': None, 'change': True}
2026-02-15 11:21:39,551 : INFO : EventManager : Event: ======'machine_var_audits_missing_switches_s_41_stand_up_target_6'====== Args={'value': 5, 'prev_value': None, 'change': True}
2026-02-15 11:21:39,551 : INFO : EventManager : Event: ======'machine_var_audits_missing_switches_s_42_pop_bumper_2'====== Args={'value': 3, 'prev_value': None, 'change': True}
2026-02-15 11:21:39,551 : INFO : EventManager : Event: ======'machine_var_audits_missing_switches_s_42_stand_up_target_1'====== Args={'value': 5, 'prev_value': None, 'change': True}
2026-02-15 11:21:39,551 : INFO : EventManager : Event: ======'machine_var_audits_missing_switches_s_43_stand_up_target_4'====== Args={'value': 5, 'prev_value': None, 'change': True}
2026-02-15 11:21:39,551 : INFO : EventManager : Event: ======'machine_var_audits_missing_switches_s_44_spinner_left'====== Args={'value': 1, 'prev_value': None, 'change': True}
2026-02-15 11:21:39,551 : INFO : EventManager : Event: ======'machine_var_audits_missing_switches_s_45_spinner_right'====== Args={'value': 3, 'prev_value': None, 'change': True}
2026-02-15 11:21:39,551 : INFO : EventManager : Event: ======'machine_var_audits_missing_switches_s_45_varitarget_poisition_1'====== Args={'value': 3, 'prev_value': None, 'change': True}
2026-02-15 11:21:39,551 : INFO : EventManager : Event: ======'machine_var_audits_missing_switches_s_46_varitarget_poisition_2'====== Args={'value': 3, 'prev_value': None, 'change': True}
2026-02-15 11:21:39,551 : INFO : EventManager : Event: ======'machine_var_audits_missing_switches_s_47_varitarget_poisition_3'====== Args={'value': 3, 'prev_value': None, 'change': True}
2026-02-15 11:21:39,551 : INFO : EventManager : Event: ======'machine_var_audits_missing_switches_s_48_varitarget_poisition_4'====== Args={'value': 3, 'prev_value': None, 'change': True}
2026-02-15 11:21:39,551 : INFO : EventManager : Event: ======'machine_var_audits_missing_switches_s_49_varitarget_poisition_5'====== Args={'value': 3, 'prev_value': None, 'change': True}
2026-02-15 11:21:39,551 : INFO : EventManager : Event: ======'machine_var_audits_missing_switches_s_50_saucer_left'====== Args={'value': 3, 'prev_value': None, 'change': True}
2026-02-15 11:21:39,552 : INFO : EventManager : Event: ======'machine_var_audits_missing_switches_s_51_saucer_right'====== Args={'value': 2, 'prev_value': None, 'change': True}
2026-02-15 11:21:39,552 : INFO : EventManager : Event: ======'machine_var_audits_missing_switches_s_52_star_rollover_top'====== Args={'value': 3, 'prev_value': None, 'change': True}
2026-02-15 11:21:39,552 : INFO : EventManager : Event: ======'machine_var_audits_missing_switches_s_53_star_rollover_bottom'====== Args={'value': 3, 'prev_value': None, 'change': True}
2026-02-15 11:21:39,552 : INFO : EventManager : Event: ======'machine_var_audits_missing_switches_s_54_single_drop_1'====== Args={'value': 3, 'prev_value': None, 'change': True}
2026-02-15 11:21:39,552 : INFO : EventManager : Event: ======'machine_var_audits_missing_switches_s_55_fourbank_drop_1'====== Args={'value': 3, 'prev_value': None, 'change': True}
2026-02-15 11:21:39,552 : INFO : EventManager : Event: ======'machine_var_audits_missing_switches_s_56_fourbank_drop_2'====== Args={'value': 3, 'prev_value': None, 'change': True}
2026-02-15 11:21:39,552 : INFO : EventManager : Event: ======'machine_var_audits_missing_switches_s_56_pop_bumper_right'====== Args={'value': 1, 'prev_value': None, 'change': True}
2026-02-15 11:21:39,552 : INFO : EventManager : Event: ======'machine_var_audits_missing_switches_s_57_fourbank_drop_3'====== Args={'value': 2, 'prev_value': None, 'change': True}
2026-02-15 11:21:39,552 : INFO : EventManager : Event: ======'machine_var_audits_missing_switches_s_57_pop_bumper_center'====== Args={'value': 1, 'prev_value': None, 'change': True}
2026-02-15 11:21:39,552 : INFO : EventManager : Event: ======'machine_var_audits_missing_switches_s_58_fourbank_drop_4'====== Args={'value': 2, 'prev_value': None, 'change': True}
2026-02-15 11:21:39,552 : INFO : EventManager : Event: ======'machine_var_audits_missing_switches_s_59_saucer_right'====== Args={'value': 23, 'prev_value': None, 'change': True}
2026-02-15 11:21:39,552 : INFO : EventManager : Event: ======'machine_var_audits_missing_switches_s_59_threebank_drop_1'====== Args={'value': 2, 'prev_value': None, 'change': True}
2026-02-15 11:21:39,552 : INFO : EventManager : Event: ======'machine_var_audits_missing_switches_s_60_threebank_drop_2'====== Args={'value': 2, 'prev_value': None, 'change': True}
2026-02-15 11:21:39,552 : INFO : EventManager : Event: ======'machine_var_audits_missing_switches_s_61_threebank_drop_3'====== Args={'value': 3, 'prev_value': None, 'change': True}
2026-02-15 11:21:39,552 : INFO : EventManager : Event: ======'machine_var_audits_missing_switches_s_61_top_lane_b'====== Args={'value': 1, 'prev_value': None, 'change': True}
2026-02-15 11:21:39,553 : INFO : EventManager : Event: ======'machine_var_audits_missing_switches_s_62_stand_up_target_1'====== Args={'value': 3, 'prev_value': None, 'change': True}
2026-02-15 11:21:39,553 : INFO : EventManager : Event: ======'machine_var_audits_missing_switches_s_62_top_lane_a'====== Args={'value': 5, 'prev_value': None, 'change': True}
2026-02-15 11:21:39,553 : INFO : EventManager : Event: ======'machine_var_audits_missing_switches_s_63_stand_up_target_2'====== Args={'value': 2, 'prev_value': None, 'change': True}
2026-02-15 11:21:39,553 : INFO : EventManager : Event: ======'machine_var_audits_missing_switches_s_63_stand_up_target_3'====== Args={'value': 5, 'prev_value': None, 'change': True}
2026-02-15 11:21:39,553 : INFO : EventManager : Event: ======'machine_var_audits_missing_switches_s_64_stand_up_target_3'====== Args={'value': 2, 'prev_value': None, 'change': True}
2026-02-15 11:21:39,553 : INFO : EventManager : Event: ======'machine_var_audits_missing_switches_s_65_stand_up_target_4'====== Args={'value': 3, 'prev_value': None, 'change': True}
2026-02-15 11:21:39,553 : INFO : EventManager : Event: ======'machine_var_audits_missing_switches_s_65_varitarget_poisition_2'====== Args={'value': 25, 'prev_value': None, 'change': True}
2026-02-15 11:21:39,553 : INFO : EventManager : Event: ======'machine_var_audits_missing_switches_s_66_stand_up_target_5'====== Args={'value': 3, 'prev_value': None, 'change': True}
2026-02-15 11:21:39,553 : INFO : EventManager : Event: ======'machine_var_audits_missing_switches_s_66_varitarget_poisition_3'====== Args={'value': 25, 'prev_value': None, 'change': True}
2026-02-15 11:21:39,553 : INFO : EventManager : Event: ======'machine_var_audits_missing_switches_s_67_stand_up_target_6'====== Args={'value': 3, 'prev_value': None, 'change': True}
2026-02-15 11:21:39,553 : INFO : EventManager : Event: ======'machine_var_audits_missing_switches_s_67_varitarget_poisition_4'====== Args={'value': 25, 'prev_value': None, 'change': True}
2026-02-15 11:21:39,553 : INFO : EventManager : Event: ======'machine_var_audits_missing_switches_s_68_stand_up_target_7'====== Args={'value': 2, 'prev_value': None, 'change': True}
2026-02-15 11:21:39,553 : INFO : EventManager : Event: ======'machine_var_audits_missing_switches_s_68_varitarget_poisition_5'====== Args={'value': 25, 'prev_value': None, 'change': True}
2026-02-15 11:21:39,553 : INFO : EventManager : Event: ======'machine_var_audits_missing_switches_s_69_stand_up_target_8'====== Args={'value': 1, 'prev_value': None, 'change': True}
2026-02-15 11:21:39,554 : INFO : EventManager : Event: ======'machine_var_audits_missing_switches_s_69_varitarget_poisition_6'====== Args={'value': 25, 'prev_value': None, 'change': True}
2026-02-15 11:21:39,554 : INFO : EventManager : Event: ======'machine_var_audits_missing_switches_s_70_stand_up_target_9'====== Args={'value': 3, 'prev_value': None, 'change': True}
2026-02-15 11:21:39,554 : INFO : EventManager : Event: ======'machine_var_audits_missing_switches_s_70_varitarget_poisition_7'====== Args={'value': 8, 'prev_value': None, 'change': True}
2026-02-15 11:21:39,554 : INFO : EventManager : Event: ======'machine_var_audits_missing_switches_s_71_stand_up_target_10'====== Args={'value': 3, 'prev_value': None, 'change': True}
2026-02-15 11:21:39,554 : INFO : EventManager : Event: ======'machine_var_audits_missing_switches_s_72_stand_up_target_11'====== Args={'value': 3, 'prev_value': None, 'change': True}
2026-02-15 11:21:39,554 : INFO : EventManager : Event: ======'machine_var_audits_missing_switches_s_73_fourbank_drop_1'====== Args={'value': 1, 'prev_value': None, 'change': True}
2026-02-15 11:21:39,554 : INFO : EventManager : Event: ======'machine_var_audits_missing_switches_s_75_fourbank_drop_3'====== Args={'value': 9, 'prev_value': None, 'change': True}
2026-02-15 11:21:39,554 : INFO : EventManager : Event: ======'machine_var_audits_missing_switches_s_76_fourbank_drop_4'====== Args={'value': 14, 'prev_value': None, 'change': True}
2026-02-15 11:21:39,554 : INFO : EventManager : Event: ======'machine_var_audits_missing_switches_s_77_threebank_drop_1'====== Args={'value': 8, 'prev_value': None, 'change': True}
2026-02-15 11:21:39,554 : INFO : EventManager : Event: ======'machine_var_audits_missing_switches_s_79_threebank_drop_3'====== Args={'value': 1, 'prev_value': None, 'change': True}
2026-02-15 11:21:39,554 : INFO : EventManager : Event: ======'machine_var_audits_missing_switches_s_80_stand_up_target_2'====== Args={'value': 5, 'prev_value': None, 'change': True}
2026-02-15 11:21:39,554 : INFO : EventManager : Event: ======'machine_var_audits_missing_switches_s_81_saucer_left'====== Args={'value': 37, 'prev_value': None, 'change': True}
2026-02-15 11:21:39,554 : INFO : EventManager : Event: ======'machine_var_audits_missing_switches_s_82_stand_up_target_bank_1'====== Args={'value': 11, 'prev_value': None, 'change': True}
2026-02-15 11:21:39,554 : INFO : EventManager : Event: ======'machine_var_audits_missing_switches_s_83_stand_up_target_bank_2'====== Args={'value': 1, 'prev_value': None, 'change': True}
2026-02-15 11:21:39,554 : INFO : EventManager : Event: ======'machine_var_audits_missing_switches_s_84_stand_up_target_bank_3'====== Args={'value': 10, 'prev_value': None, 'change': True}
2026-02-15 11:21:39,555 : INFO : EventManager : Event: ======'machine_var_audits_missing_switches_s_85_stand_up_target_bank_4'====== Args={'value': 5, 'prev_value': None, 'change': True}
2026-02-15 11:21:39,555 : INFO : EventManager : Event: ======'machine_var_audits_missing_switches_s_86_stand_up_target_bank_5'====== Args={'value': 5, 'prev_value': None, 'change': True}
2026-02-15 11:21:39,555 : INFO : EventManager : Event: ======'machine_var_audits_missing_switches_s_87_stand_up_target_bank_6'====== Args={'value': 11, 'prev_value': None, 'change': True}
2026-02-15 11:21:39,555 : INFO : EventManager : Event: ======'machine_var_audits_missing_switches_s_8_left_flipper'====== Args={'value': 19, 'prev_value': None, 'change': True}
2026-02-15 11:21:39,555 : INFO : EventManager : Event: ======'machine_var_audits_player_score'====== Args={'value': {'average': 0, 'top': [0, 0, 0, 0, 0, 0, 0, 0, 0, 0], 'total': 10}, 'prev_value': None, 'change': True}
2026-02-15 11:21:39,555 : INFO : EventManager : Event: ======'machine_var_audits_switches_s_00_service_esc'====== Args={'value': 0, 'prev_value': None, 'change': True}
2026-02-15 11:21:39,555 : INFO : EventManager : Event: ======'machine_var_audits_switches_s_01_service_up'====== Args={'value': 0, 'prev_value': None, 'change': True}
2026-02-15 11:21:39,555 : INFO : EventManager : Event: ======'machine_var_audits_switches_s_02_service_down'====== Args={'value': 0, 'prev_value': None, 'change': True}
2026-02-15 11:21:39,555 : INFO : EventManager : Event: ======'machine_var_audits_switches_s_03_service_enter'====== Args={'value': 0, 'prev_value': None, 'change': True}
2026-02-15 11:21:39,555 : INFO : EventManager : Event: ======'machine_var_audits_switches_s_08_left_flipper'====== Args={'value': 0, 'prev_value': None, 'change': True}
2026-02-15 11:21:39,555 : INFO : EventManager : Event: ======'machine_var_audits_switches_s_0_service_esc'====== Args={'value': 0, 'prev_value': None, 'change': True}
2026-02-15 11:21:39,555 : INFO : EventManager : Event: ======'machine_var_audits_switches_s_11_start_button'====== Args={'value': 22, 'prev_value': None, 'change': True}
2026-02-15 11:21:39,555 : INFO : EventManager : Event: ======'machine_var_audits_switches_s_12_tilt_bob'====== Args={'value': 0, 'prev_value': None, 'change': True}
2026-02-15 11:21:39,556 : INFO : EventManager : Event: ======'machine_var_audits_switches_s_13_coin_door'====== Args={'value': 0, 'prev_value': None, 'change': True}
2026-02-15 11:21:39,556 : INFO : EventManager : Event: ======'machine_var_audits_switches_s_16_right_flipper'====== Args={'value': 621, 'prev_value': None, 'change': True}
2026-02-15 11:21:39,556 : INFO : EventManager : Event: ======'machine_var_audits_switches_s_17_right_flipper_upper'====== Args={'value': 537, 'prev_value': None, 'change': True}
2026-02-15 11:21:39,556 : INFO : EventManager : Event: ======'machine_var_audits_switches_s_19_cab_arrow_left'====== Args={'value': 0, 'prev_value': None, 'change': True}
2026-02-15 11:21:39,556 : INFO : EventManager : Event: ======'machine_var_audits_switches_s_1_service_up'====== Args={'value': 0, 'prev_value': None, 'change': True}
2026-02-15 11:21:39,556 : INFO : EventManager : Event: ======'machine_var_audits_switches_s_20_cab_arrow_right'====== Args={'value': 0, 'prev_value': None, 'change': True}
2026-02-15 11:21:39,556 : INFO : EventManager : Event: ======'machine_var_audits_switches_s_24_plunger_lane'====== Args={'value': 19, 'prev_value': None, 'change': True}
2026-02-15 11:21:39,556 : INFO : EventManager : Event: ======'machine_var_audits_switches_s_24_trough_1'====== Args={'value': 56, 'prev_value': None, 'change': True}
2026-02-15 11:21:39,556 : INFO : EventManager : Event: ======'machine_var_audits_switches_s_25_trough_2'====== Args={'value': 49, 'prev_value': None, 'change': True}
2026-02-15 11:21:39,556 : INFO : EventManager : Event: ======'machine_var_audits_switches_s_25_trough_jam'====== Args={'value': 3, 'prev_value': None, 'change': True}
2026-02-15 11:21:39,556 : INFO : EventManager : Event: ======'machine_var_audits_switches_s_26_trough_1'====== Args={'value': 21, 'prev_value': None, 'change': True}
2026-02-15 11:21:39,556 : INFO : EventManager : Event: ======'machine_var_audits_switches_s_26_trough_3'====== Args={'value': 46, 'prev_value': None, 'change': True}
2026-02-15 11:21:39,556 : INFO : EventManager : Event: ======'machine_var_audits_switches_s_27_trough_2'====== Args={'value': 19, 'prev_value': None, 'change': True}
2026-02-15 11:21:39,556 : INFO : EventManager : Event: ======'machine_var_audits_switches_s_27_trough_4'====== Args={'value': 38, 'prev_value': None, 'change': True}
2026-02-15 11:21:39,557 : INFO : EventManager : Event: ======'machine_var_audits_switches_s_28_trough_3'====== Args={'value': 2, 'prev_value': None, 'change': True}
2026-02-15 11:21:39,557 : INFO : EventManager : Event: ======'machine_var_audits_switches_s_28_trough_5'====== Args={'value': 40, 'prev_value': None, 'change': True}
2026-02-15 11:21:39,557 : INFO : EventManager : Event: ======'machine_var_audits_switches_s_29_trough_4'====== Args={'value': 2, 'prev_value': None, 'change': True}
2026-02-15 11:21:39,557 : INFO : EventManager : Event: ======'machine_var_audits_switches_s_29_trough_6'====== Args={'value': 58, 'prev_value': None, 'change': True}
2026-02-15 11:21:39,557 : INFO : EventManager : Event: ======'machine_var_audits_switches_s_2_service_down'====== Args={'value': 0, 'prev_value': None, 'change': True}
2026-02-15 11:21:39,557 : INFO : EventManager : Event: ======'machine_var_audits_switches_s_30_trough_jam'====== Args={'value': 80, 'prev_value': None, 'change': True}
2026-02-15 11:21:39,557 : INFO : EventManager : Event: ======'machine_var_audits_switches_s_31_plunger_lane'====== Args={'value': 79, 'prev_value': None, 'change': True}
2026-02-15 11:21:39,557 : INFO : EventManager : Event: ======'machine_var_audits_switches_s_32_right_inlane'====== Args={'value': 13, 'prev_value': None, 'change': True}
2026-02-15 11:21:39,557 : INFO : EventManager : Event: ======'machine_var_audits_switches_s_33_right_outlane'====== Args={'value': 1, 'prev_value': None, 'change': True}
2026-02-15 11:21:39,557 : INFO : EventManager : Event: ======'machine_var_audits_switches_s_34_right_sling'====== Args={'value': 622, 'prev_value': None, 'change': True}
2026-02-15 11:21:39,557 : INFO : EventManager : Event: ======'machine_var_audits_switches_s_35_left_inlane'====== Args={'value': 44, 'prev_value': None, 'change': True}
2026-02-15 11:21:39,557 : INFO : EventManager : Event: ======'machine_var_audits_switches_s_36_left_outlane'====== Args={'value': 257, 'prev_value': None, 'change': True}
2026-02-15 11:21:39,557 : INFO : EventManager : Event: ======'machine_var_audits_switches_s_37_left_sling'====== Args={'value': 94, 'prev_value': None, 'change': True}
2026-02-15 11:21:39,558 : INFO : EventManager : Event: ======'machine_var_audits_switches_s_38_star_rollover_bottom'====== Args={'value': 0, 'prev_value': None, 'change': True}
2026-02-15 11:21:39,558 : INFO : EventManager : Event: ======'machine_var_audits_switches_s_38_top_lane_a'====== Args={'value': 0, 'prev_value': None, 'change': True}
2026-02-15 11:21:39,558 : INFO : EventManager : Event: ======'machine_var_audits_switches_s_39_star_rollover_top'====== Args={'value': 12, 'prev_value': None, 'change': True}
2026-02-15 11:21:39,558 : INFO : EventManager : Event: ======'machine_var_audits_switches_s_39_top_lane_b'====== Args={'value': 0, 'prev_value': None, 'change': True}
2026-02-15 11:21:39,558 : INFO : EventManager : Event: ======'machine_var_audits_switches_s_3_service_enter'====== Args={'value': 0, 'prev_value': None, 'change': True}
2026-02-15 11:21:39,558 : INFO : EventManager : Event: ======'machine_var_audits_switches_s_40_stand_up_target_5'====== Args={'value': 0, 'prev_value': None, 'change': True}
2026-02-15 11:21:39,558 : INFO : EventManager : Event: ======'machine_var_audits_switches_s_40_stand_up_target_7'====== Args={'value': 26, 'prev_value': None, 'change': True}
2026-02-15 11:21:39,558 : INFO : EventManager : Event: ======'machine_var_audits_switches_s_40_top_lane_c'====== Args={'value': 0, 'prev_value': None, 'change': True}
2026-02-15 11:21:39,558 : INFO : EventManager : Event: ======'machine_var_audits_switches_s_41_pop_bumper_1'====== Args={'value': 1, 'prev_value': None, 'change': True}
2026-02-15 11:21:39,558 : INFO : EventManager : Event: ======'machine_var_audits_switches_s_41_stand_up_target_6'====== Args={'value': 0, 'prev_value': None, 'change': True}
2026-02-15 11:21:39,558 : INFO : EventManager : Event: ======'machine_var_audits_switches_s_41_stand_up_target_8'====== Args={'value': 32, 'prev_value': None, 'change': True}
2026-02-15 11:21:39,558 : INFO : EventManager : Event: ======'machine_var_audits_switches_s_42_pop_bumper_2'====== Args={'value': 0, 'prev_value': None, 'change': True}
2026-02-15 11:21:39,558 : INFO : EventManager : Event: ======'machine_var_audits_switches_s_42_stand_up_target_1'====== Args={'value': 0, 'prev_value': None, 'change': True}
2026-02-15 11:21:39,559 : INFO : EventManager : Event: ======'machine_var_audits_switches_s_42_stand_up_target_9'====== Args={'value': 69, 'prev_value': None, 'change': True}
2026-02-15 11:21:39,559 : INFO : EventManager : Event: ======'machine_var_audits_switches_s_43_pop_bumper_3'====== Args={'value': 16, 'prev_value': None, 'change': True}
2026-02-15 11:21:39,559 : INFO : EventManager : Event: ======'machine_var_audits_switches_s_43_stand_up_target_10'====== Args={'value': 40, 'prev_value': None, 'change': True}
2026-02-15 11:21:39,559 : INFO : EventManager : Event: ======'machine_var_audits_switches_s_43_stand_up_target_4'====== Args={'value': 0, 'prev_value': None, 'change': True}
2026-02-15 11:21:39,559 : INFO : EventManager : Event: ======'machine_var_audits_switches_s_44_spinner_left'====== Args={'value': 8, 'prev_value': None, 'change': True}
2026-02-15 11:21:39,559 : INFO : EventManager : Event: ======'machine_var_audits_switches_s_44_spinner_right'====== Args={'value': 174, 'prev_value': None, 'change': True}
2026-02-15 11:21:39,559 : INFO : EventManager : Event: ======'machine_var_audits_switches_s_45_spinner_right'====== Args={'value': 0, 'prev_value': None, 'change': True}
2026-02-15 11:21:39,559 : INFO : EventManager : Event: ======'machine_var_audits_switches_s_45_varitarget_poisition_1'====== Args={'value': 0, 'prev_value': None, 'change': True}
2026-02-15 11:21:39,559 : INFO : EventManager : Event: ======'machine_var_audits_switches_s_46_varitarget_poisition_2'====== Args={'value': 0, 'prev_value': None, 'change': True}
2026-02-15 11:21:39,559 : INFO : EventManager : Event: ======'machine_var_audits_switches_s_47_varitarget_poisition_3'====== Args={'value': 0, 'prev_value': None, 'change': True}
2026-02-15 11:21:39,559 : INFO : EventManager : Event: ======'machine_var_audits_switches_s_48_varitarget_poisition_4'====== Args={'value': 0, 'prev_value': None, 'change': True}
2026-02-15 11:21:39,559 : INFO : EventManager : Event: ======'machine_var_audits_switches_s_49_varitarget_poisition_5'====== Args={'value': 0, 'prev_value': None, 'change': True}
2026-02-15 11:21:39,559 : INFO : EventManager : Event: ======'machine_var_audits_switches_s_50_saucer_left'====== Args={'value': 0, 'prev_value': None, 'change': True}
2026-02-15 11:21:39,559 : INFO : EventManager : Event: ======'machine_var_audits_switches_s_51_saucer_right'====== Args={'value': 2, 'prev_value': None, 'change': True}
2026-02-15 11:21:39,560 : INFO : EventManager : Event: ======'machine_var_audits_switches_s_52_star_rollover_top'====== Args={'value': 0, 'prev_value': None, 'change': True}
2026-02-15 11:21:39,560 : INFO : EventManager : Event: ======'machine_var_audits_switches_s_53_star_rollover_bottom'====== Args={'value': 0, 'prev_value': None, 'change': True}
2026-02-15 11:21:39,560 : INFO : EventManager : Event: ======'machine_var_audits_switches_s_54_single_drop_1'====== Args={'value': 0, 'prev_value': None, 'change': True}
2026-02-15 11:21:39,560 : INFO : EventManager : Event: ======'machine_var_audits_switches_s_55_fourbank_drop_1'====== Args={'value': 0, 'prev_value': None, 'change': True}
2026-02-15 11:21:39,560 : INFO : EventManager : Event: ======'machine_var_audits_switches_s_56_fourbank_drop_2'====== Args={'value': 0, 'prev_value': None, 'change': True}
2026-02-15 11:21:39,560 : INFO : EventManager : Event: ======'machine_var_audits_switches_s_56_pop_bumper_right'====== Args={'value': 54, 'prev_value': None, 'change': True}
2026-02-15 11:21:39,560 : INFO : EventManager : Event: ======'machine_var_audits_switches_s_57_fourbank_drop_3'====== Args={'value': 1, 'prev_value': None, 'change': True}
2026-02-15 11:21:39,561 : INFO : EventManager : Event: ======'machine_var_audits_switches_s_57_pop_bumper_center'====== Args={'value': 155, 'prev_value': None, 'change': True}
2026-02-15 11:21:39,561 : INFO : EventManager : Event: ======'machine_var_audits_switches_s_58_fourbank_drop_4'====== Args={'value': 1, 'prev_value': None, 'change': True}
2026-02-15 11:21:39,561 : INFO : EventManager : Event: ======'machine_var_audits_switches_s_58_pop_bumper_left'====== Args={'value': 84, 'prev_value': None, 'change': True}
2026-02-15 11:21:39,561 : INFO : EventManager : Event: ======'machine_var_audits_switches_s_59_saucer_right'====== Args={'value': 7, 'prev_value': None, 'change': True}
2026-02-15 11:21:39,561 : INFO : EventManager : Event: ======'machine_var_audits_switches_s_59_threebank_drop_1'====== Args={'value': 1, 'prev_value': None, 'change': True}
2026-02-15 11:21:39,561 : INFO : EventManager : Event: ======'machine_var_audits_switches_s_60_threebank_drop_2'====== Args={'value': 1, 'prev_value': None, 'change': True}
2026-02-15 11:21:39,561 : INFO : EventManager : Event: ======'machine_var_audits_switches_s_60_top_lane_c'====== Args={'value': 65, 'prev_value': None, 'change': True}
2026-02-15 11:21:39,561 : INFO : EventManager : Event: ======'machine_var_audits_switches_s_61_threebank_drop_3'====== Args={'value': 0, 'prev_value': None, 'change': True}
2026-02-15 11:21:39,561 : INFO : EventManager : Event: ======'machine_var_audits_switches_s_61_top_lane_b'====== Args={'value': 31, 'prev_value': None, 'change': True}
2026-02-15 11:21:39,561 : INFO : EventManager : Event: ======'machine_var_audits_switches_s_62_stand_up_target_1'====== Args={'value': 0, 'prev_value': None, 'change': True}
2026-02-15 11:21:39,561 : INFO : EventManager : Event: ======'machine_var_audits_switches_s_62_top_lane_a'====== Args={'value': 124, 'prev_value': None, 'change': True}
2026-02-15 11:21:39,561 : INFO : EventManager : Event: ======'machine_var_audits_switches_s_63_stand_up_target_11'====== Args={'value': 43, 'prev_value': None, 'change': True}
2026-02-15 11:21:39,562 : INFO : EventManager : Event: ======'machine_var_audits_switches_s_63_stand_up_target_2'====== Args={'value': 1, 'prev_value': None, 'change': True}
2026-02-15 11:21:39,562 : INFO : EventManager : Event: ======'machine_var_audits_switches_s_63_stand_up_target_3'====== Args={'value': 0, 'prev_value': None, 'change': True}
2026-02-15 11:21:39,562 : INFO : EventManager : Event: ======'machine_var_audits_switches_s_64_stand_up_target_3'====== Args={'value': 1, 'prev_value': None, 'change': True}
2026-02-15 11:21:39,562 : INFO : EventManager : Event: ======'machine_var_audits_switches_s_64_varitarget_poisition_1'====== Args={'value': 808, 'prev_value': None, 'change': True}
2026-02-15 11:21:39,562 : INFO : EventManager : Event: ======'machine_var_audits_switches_s_65_stand_up_target_4'====== Args={'value': 0, 'prev_value': None, 'change': True}
2026-02-15 11:21:39,562 : INFO : EventManager : Event: ======'machine_var_audits_switches_s_65_varitarget_poisition_2'====== Args={'value': 11, 'prev_value': None, 'change': True}
2026-02-15 11:21:39,562 : INFO : EventManager : Event: ======'machine_var_audits_switches_s_66_stand_up_target_5'====== Args={'value': 0, 'prev_value': None, 'change': True}
2026-02-15 11:21:39,562 : INFO : EventManager : Event: ======'machine_var_audits_switches_s_66_varitarget_poisition_3'====== Args={'value': 6, 'prev_value': None, 'change': True}
2026-02-15 11:21:39,562 : INFO : EventManager : Event: ======'machine_var_audits_switches_s_67_stand_up_target_6'====== Args={'value': 0, 'prev_value': None, 'change': True}
2026-02-15 11:21:39,562 : INFO : EventManager : Event: ======'machine_var_audits_switches_s_67_varitarget_poisition_4'====== Args={'value': 11, 'prev_value': None, 'change': True}
2026-02-15 11:21:39,562 : INFO : EventManager : Event: ======'machine_var_audits_switches_s_68_stand_up_target_7'====== Args={'value': 1, 'prev_value': None, 'change': True}
2026-02-15 11:21:39,562 : INFO : EventManager : Event: ======'machine_var_audits_switches_s_68_varitarget_poisition_5'====== Args={'value': 5, 'prev_value': None, 'change': True}
2026-02-15 11:21:39,562 : INFO : EventManager : Event: ======'machine_var_audits_switches_s_69_stand_up_target_8'====== Args={'value': 2, 'prev_value': None, 'change': True}
2026-02-15 11:21:39,563 : INFO : EventManager : Event: ======'machine_var_audits_switches_s_69_varitarget_poisition_6'====== Args={'value': 4, 'prev_value': None, 'change': True}
2026-02-15 11:21:39,563 : INFO : EventManager : Event: ======'machine_var_audits_switches_s_70_stand_up_target_9'====== Args={'value': 0, 'prev_value': None, 'change': True}
2026-02-15 11:21:39,563 : INFO : EventManager : Event: ======'machine_var_audits_switches_s_70_varitarget_poisition_7'====== Args={'value': 66, 'prev_value': None, 'change': True}
2026-02-15 11:21:39,563 : INFO : EventManager : Event: ======'machine_var_audits_switches_s_71_spinner_left'====== Args={'value': 408, 'prev_value': None, 'change': True}
2026-02-15 11:21:39,563 : INFO : EventManager : Event: ======'machine_var_audits_switches_s_71_stand_up_target_10'====== Args={'value': 0, 'prev_value': None, 'change': True}
2026-02-15 11:21:39,563 : INFO : EventManager : Event: ======'machine_var_audits_switches_s_72_single_drop_1'====== Args={'value': 34, 'prev_value': None, 'change': True}
2026-02-15 11:21:39,563 : INFO : EventManager : Event: ======'machine_var_audits_switches_s_72_stand_up_target_11'====== Args={'value': 0, 'prev_value': None, 'change': True}
2026-02-15 11:21:39,563 : INFO : EventManager : Event: ======'machine_var_audits_switches_s_73_fourbank_drop_1'====== Args={'value': 251, 'prev_value': None, 'change': True}
2026-02-15 11:21:39,563 : INFO : EventManager : Event: ======'machine_var_audits_switches_s_74_fourbank_drop_2'====== Args={'value': 84, 'prev_value': None, 'change': True}
2026-02-15 11:21:39,563 : INFO : EventManager : Event: ======'machine_var_audits_switches_s_75_fourbank_drop_3'====== Args={'value': 99, 'prev_value': None, 'change': True}
2026-02-15 11:21:39,563 : INFO : EventManager : Event: ======'machine_var_audits_switches_s_76_fourbank_drop_4'====== Args={'value': 3, 'prev_value': None, 'change': True}
2026-02-15 11:21:39,563 : INFO : EventManager : Event: ======'machine_var_audits_switches_s_77_threebank_drop_1'====== Args={'value': 93, 'prev_value': None, 'change': True}
2026-02-15 11:21:39,564 : INFO : EventManager : Event: ======'machine_var_audits_switches_s_78_threebank_drop_2'====== Args={'value': 466, 'prev_value': None, 'change': True}
2026-02-15 11:21:39,564 : INFO : EventManager : Event: ======'machine_var_audits_switches_s_79_threebank_drop_3'====== Args={'value': 307, 'prev_value': None, 'change': True}
2026-02-15 11:21:39,564 : INFO : EventManager : Event: ======'machine_var_audits_switches_s_80_stand_up_target_1'====== Args={'value': 72, 'prev_value': None, 'change': True}
2026-02-15 11:21:39,564 : INFO : EventManager : Event: ======'machine_var_audits_switches_s_80_stand_up_target_2'====== Args={'value': 0, 'prev_value': None, 'change': True}
2026-02-15 11:21:39,564 : INFO : EventManager : Event: ======'machine_var_audits_switches_s_81_saucer_left'====== Args={'value': 13, 'prev_value': None, 'change': True}
2026-02-15 11:21:39,564 : INFO : EventManager : Event: ======'machine_var_audits_switches_s_82_stand_up_target_bank_1'====== Args={'value': 25, 'prev_value': None, 'change': True}
2026-02-15 11:21:39,564 : INFO : EventManager : Event: ======'machine_var_audits_switches_s_83_stand_up_target_bank_2'====== Args={'value': 55, 'prev_value': None, 'change': True}
2026-02-15 11:21:39,564 : INFO : EventManager : Event: ======'machine_var_audits_switches_s_84_stand_up_target_bank_3'====== Args={'value': 41, 'prev_value': None, 'change': True}
2026-02-15 11:21:39,564 : INFO : EventManager : Event: ======'machine_var_audits_switches_s_85_stand_up_target_bank_4'====== Args={'value': 56, 'prev_value': None, 'change': True}
2026-02-15 11:21:39,564 : INFO : EventManager : Event: ======'machine_var_audits_switches_s_86_stand_up_target_bank_5'====== Args={'value': 215, 'prev_value': None, 'change': True}
2026-02-15 11:21:39,564 : INFO : EventManager : Event: ======'machine_var_audits_switches_s_87_stand_up_target_bank_6'====== Args={'value': 142, 'prev_value': None, 'change': True}
2026-02-15 11:21:39,564 : INFO : EventManager : Event: ======'machine_var_audits_switches_s_8_left_flipper'====== Args={'value': 455, 'prev_value': None, 'change': True}
2026-02-15 11:21:39,565 : INFO : EventManager : Event: ======'init_phase_5'====== Args={}
2026-02-15 11:21:39,600 : INFO : EventManager : Event: ======'init_done'====== Args={}
2026-02-15 11:21:39,601 : INFO : EventManager : Event: ======'machine_reset_phase_1'====== Args={}
2026-02-15 11:21:39,601 : INFO : EventManager : Event: ======'machine_reset_phase_2'====== Args={}
2026-02-15 11:21:39,602 : INFO : EventManager : Event: ======'machine_reset_phase_3'====== Args={}
2026-02-15 11:21:39,602 : INFO : drop_target_bank.dt_bank_1_4 : All targets are already up. Will not reset bank.
2026-02-15 11:21:39,602 : INFO : drop_target_bank.dt_bank_5_7 : 1 targets are down. Will reset those.
2026-02-15 11:21:39,602 : INFO : coil.c_32_threebank_drop_reset : Pulsing Driver for 10ms (1.0 pulse_power)
2026-02-15 11:21:39,602 : DEBUG : FAST Driver : Pulsing driver 35 with pulse_settings: PulseSettings(power=1.0, duration=10).
2026-02-15 11:21:39,603 : INFO : EventManager : Event: ======'reset_complete'====== Args={}
2026-02-15 11:21:39,603 : INFO : EventManager : Event: ======'mode_service_will_start'====== Args={}
2026-02-15 11:21:39,603 : INFO : EventManager : Event: ======'mode_service_starting'====== Args={}
2026-02-15 11:21:39,604 : INFO : EventManager : Event: ======'mode_attract_will_start'====== Args={}
2026-02-15 11:21:39,604 : INFO : Timer.attract_carousel_timer : Starting Timer.
2026-02-15 11:21:39,604 : INFO : EventManager : Event: ======'timer_attract_carousel_timer_started'====== Args={'ticks': 0, 'ticks_remaining': 1}
2026-02-15 11:21:39,604 : INFO : EventManager : Event: ======'timer_attract_carousel_timer_tick'====== Args={'ticks': 0, 'ticks_remaining': 1}
2026-02-15 11:21:39,604 : INFO : EventManager : Event: ======'mode_attract_starting'====== Args={}
2026-02-15 11:21:39,604 : INFO : Mode.attract : Started. Priority: 10
2026-02-15 11:21:39,604 : INFO : EventManager : Event: ======'modes_active_modes_changed'====== Args={}
2026-02-15 11:21:39,604 : INFO : EventManager : Event: ======'mode_attract_started'====== Args={}
2026-02-15 11:21:39,605 : INFO : EventManager : Event: ======'collecting_balls_complete'====== Args={}
2026-02-15 11:21:39,605 : INFO : EventManager : Event: ======'carousel_item_highlighted'====== Args={'carousel': 'attract', 'direction': None, 'item': 'title'}
2026-02-15 11:21:39,605 : INFO : Mode.service : Started. Priority: 100000
2026-02-15 11:21:39,605 : INFO : EventManager : Event: ======'modes_active_modes_changed'====== Args={}
2026-02-15 11:21:39,605 : INFO : EventManager : Event: ======'mode_service_started'====== Args={}
2026-02-15 11:21:39,629 : INFO : coil.c_31_single_drop_1_reset : Pulsing Driver for 10ms (1.0 pulse_power)
2026-02-15 11:21:39,629 : DEBUG : FAST Driver : Pulsing driver 34 with pulse_settings: PulseSettings(power=1.0, duration=10).
2026-02-15 11:21:39,630 : INFO : coil.c_32_threebank_drop_reset : Pulsing Driver for 10ms (1.0 pulse_power)
2026-02-15 11:21:39,630 : DEBUG : FAST Driver : Pulsing driver 35 with pulse_settings: PulseSettings(power=1.0, duration=10).
2026-02-15 11:21:39,630 : INFO : SwitchController : <<<<<<< 's_78_threebank_drop_2' inactive (muted) >>>>>>>
2026-02-15 11:21:39,633 : INFO : Machine : Starting the main run loop with active modes: [<Mode.service>, <Mode.attract>]
2026-02-15 11:21:39,634 : INFO : SwitchController : <<<<<<< 's_64_varitarget_poisition_1' active >>>>>>>
2026-02-15 11:21:39,634 : INFO : SwitchController : <<<<<<< 's_71_spinner_left' active >>>>>>>
2026-02-15 11:21:39,672 : INFO : SwitchController : <<<<<<< 's_72_single_drop_1' inactive (muted) >>>>>>>
2026-02-15 11:21:39,691 : INFO : SwitchController : <<<<<<< 's_71_spinner_left' inactive >>>>>>>
2026-02-15 11:21:39,707 : INFO : SwitchController : <<<<<<< 's_72_single_drop_1' active (muted) >>>>>>>
2026-02-15 11:21:39,752 : INFO : SwitchController : <<<<<<< 's_71_spinner_left' active >>>>>>>
2026-02-15 11:21:39,752 : INFO : SwitchController : <<<<<<< 's_71_spinner_left' inactive >>>>>>>
2026-02-15 11:21:39,832 : INFO : SwitchController : <<<<<<< 's_64_varitarget_poisition_1' inactive >>>>>>>
2026-02-15 11:21:39,896 : INFO : SwitchController : <<<<<<< 's_78_threebank_drop_2' active (muted) >>>>>>>
2026-02-15 11:21:39,915 : INFO : SwitchController : <<<<<<< 's_74_fourbank_drop_2' active >>>>>>>
2026-02-15 11:21:39,915 : INFO : EventManager : Event: ======'playfield_active'====== Args={'source': 'dt_2'}
2026-02-15 11:21:39,915 : INFO : EventManager : Event: ======'unexpected_ball_on_playfield'====== Args={}
2026-02-15 11:21:39,916 : INFO : EventManager : Event: ======'drop_target_dt_2_down'====== Args={'device': <drop_target.dt_2>}
2026-02-15 11:21:39,916 : INFO : EventManager : Event: ======'drop_target_bank_dt_bank_1_4_mixed'====== Args={'prev_value': <DropTargetBankState.UP: 'up'>, 'down': 1}
2026-02-15 11:21:40,087 : INFO : EventManager : Event: ======'drop_target_bank_dt_bank_5_7_mixed'====== Args={'prev_value': <DropTargetBankState.UP: 'up'>, 'down': 1}
2026-02-15 11:21:44,594 : INFO : Timer.attract_carousel_timer : Timer Complete
2026-02-15 11:21:44,594 : INFO : Timer.attract_carousel_timer : Stopping Timer
2026-02-15 11:21:44,594 : INFO : EventManager : Event: ======'timer_attract_carousel_timer_stopped'====== Args={'ticks': 1, 'ticks_remaining': 1}
2026-02-15 11:21:44,594 : INFO : EventManager : Event: ======'timer_attract_carousel_timer_complete'====== Args={'ticks': 1, 'ticks_remaining': 1}
2026-02-15 11:21:44,594 : INFO : EventManager : Event: ======'carousel_item_highlighted'====== Args={'carousel': 'attract', 'direction': 'forwards', 'item': 'credits'}
2026-02-15 11:21:50,366 : INFO : SwitchController : <<<<<<< 's_29_trough_6' active >>>>>>>
2026-02-15 11:21:50,386 : INFO : SwitchController : <<<<<<< 's_64_varitarget_poisition_1' active >>>>>>>
2026-02-15 11:21:50,386 : INFO : SwitchController : <<<<<<< 's_29_trough_6' inactive >>>>>>>
2026-02-15 11:21:50,402 : INFO : SwitchController : <<<<<<< 's_64_varitarget_poisition_1' inactive >>>>>>>
2026-02-15 11:21:50,478 : INFO : SwitchController : <<<<<<< 's_64_varitarget_poisition_1' active >>>>>>>
2026-02-15 11:21:50,510 : INFO : SwitchController : <<<<<<< 's_28_trough_5' active >>>>>>>
2026-02-15 11:21:50,638 : INFO : SwitchController : <<<<<<< 's_28_trough_5' inactive >>>>>>>
2026-02-15 11:21:50,657 : INFO : SwitchController : <<<<<<< 's_27_trough_4' active >>>>>>>
2026-02-15 11:21:50,750 : INFO : SwitchController : <<<<<<< 's_27_trough_4' inactive >>>>>>>
2026-02-15 11:21:50,769 : INFO : SwitchController : <<<<<<< 's_26_trough_3' active >>>>>>>
2026-02-15 11:21:50,830 : INFO : SwitchController : <<<<<<< 's_26_trough_3' inactive >>>>>>>
2026-02-15 11:21:50,849 : INFO : SwitchController : <<<<<<< 's_25_trough_2' active >>>>>>>
2026-02-15 11:21:50,909 : INFO : SwitchController : <<<<<<< 's_25_trough_2' inactive >>>>>>>
2026-02-15 11:21:50,909 : INFO : SwitchController : <<<<<<< 's_24_trough_1' active >>>>>>>
2026-02-15 11:21:50,989 : INFO : SwitchController : <<<<<<< 's_24_trough_1' inactive >>>>>>>
2026-02-15 11:21:51,021 : INFO : SwitchController : <<<<<<< 's_25_trough_2' active >>>>>>>
2026-02-15 11:21:51,101 : INFO : SwitchController : <<<<<<< 's_25_trough_2' inactive >>>>>>>
2026-02-15 11:21:51,133 : INFO : SwitchController : <<<<<<< 's_24_trough_1' active >>>>>>>
2026-02-15 11:21:51,627 : INFO : EventManager : Event: ======'balldevice_bd_trough_ball_count_changed'====== Args={'balls': 1}
2026-02-15 11:21:51,627 : INFO : ball_device.bd_trough : Received unexpected ball
2026-02-15 11:21:51,627 : INFO : EventManager : Event: ======'balldevice_captured_from_playfield'====== Args={'balls': 1}
2026-02-15 11:21:51,627 : INFO : EventManager : Event: ======'sw_playfield_active'====== Args={'balls': 1}
2026-02-15 11:21:51,627 : INFO : EventManager : Event: ======'playfield_active'====== Args={'source': None}
2026-02-15 11:21:51,627 : INFO : EventManager : Event: ======'unexpected_ball_on_playfield'====== Args={}
2026-02-15 11:21:51,627 : INFO : EventManager : Event: ======'playfield_ball_count_change'====== Args={'balls': -1, 'change': -1}
2026-02-15 11:21:51,628 : INFO : EventManager : Event: ======'balldevice_playfield_ball_enter'====== Args={'new_balls': 1, 'unclaimed_balls': 1, 'device': <playfield.playfield>}
2026-02-15 11:21:51,628 : INFO : EventManager : Event: ======'playfield_ball_count_change'====== Args={'balls': 0, 'change': 1}
2026-02-15 11:21:51,628 : INFO : BallController : Found a new ball which was captured from playfield. Known balls: 1
2026-02-15 11:21:51,628 : INFO : EventManager : Event: ======'found_new_ball'====== Args={}
2026-02-15 11:21:51,628 : INFO : EventManager : Event: ======'balldevice_bd_trough_ball_enter'====== Args={'new_balls': 1, 'unclaimed_balls': 1, 'new_available_balls': 1, 'device': <ball_device.bd_trough>}
2026-02-15 11:21:51,628 : INFO : EventManager : Event: ======'ball_drain'====== Args={'device': <ball_device.bd_trough>, 'balls': 1}
2026-02-15 11:21:51,629 : INFO : EventManager : Event: ======'balldevice_balls_available'====== Args={}
2026-02-15 11:21:51,629 : INFO : EventManager : Event: ======'balldevice_bd_trough_ball_entered'====== Args={'new_balls': 1, 'device': <ball_device.bd_trough>}
2026-02-15 11:21:52,730 : INFO : SwitchController : <<<<<<< 's_64_varitarget_poisition_1' inactive >>>>>>>
2026-02-15 11:21:54,739 : INFO : SwitchController : <<<<<<< 's_11_start_button' active >>>>>>>
2026-02-15 11:21:55,010 : INFO : SwitchController : <<<<<<< 's_11_start_button' inactive >>>>>>>
2026-02-15 11:21:55,010 : INFO : EventManager : Event: ======'sw_start_inactive'====== Args={}
2026-02-15 11:21:55,010 : INFO : EventManager : Event: ======'request_to_start_game'====== Args={}
2026-02-15 11:21:55,010 : INFO : EventManager : Event: ======'game_start'====== Args={'buttons': [], 'hold_time': 0.26600000000053114}
2026-02-15 11:21:55,010 : INFO : EventManager : Event: ======'mode_game_will_start'====== Args={'buttons': [], 'hold_time': 0.26600000000053114}
2026-02-15 11:21:55,011 : INFO : EventManager : Event: ======'mode_game_starting'====== Args={'buttons': [], 'hold_time': 0.26600000000053114}
2026-02-15 11:21:55,011 : INFO : EventManager : Event: ======'mode_attract_will_stop'====== Args={}
2026-02-15 11:21:55,011 : INFO : EventManager : Event: ======'mode_attract_stopping'====== Args={}
2026-02-15 11:21:55,011 : INFO : Mode.attract : Stopped.
2026-02-15 11:21:55,011 : INFO : EventManager : Event: ======'modes_active_modes_changed'====== Args={}
2026-02-15 11:21:55,011 : INFO : EventManager : Event: ======'mode_attract_stopped'====== Args={}
2026-02-15 11:21:55,011 : INFO : EventManager : Event: ======'clear'====== Args={'key': 'attract'}
2026-02-15 11:21:55,011 : INFO : Timer.attract_carousel_timer : Stopping Timer
2026-02-15 11:21:55,011 : INFO : EventManager : Event: ======'timer_attract_carousel_timer_stopped'====== Args={'ticks': 1, 'ticks_remaining': 1}
2026-02-15 11:21:55,011 : INFO : Mode.game : Started. Priority: 20
2026-02-15 11:21:55,011 : INFO : EventManager : Event: ======'modes_active_modes_changed'====== Args={}
2026-02-15 11:21:55,011 : INFO : EventManager : Event: ======'mode_game_started'====== Args={'buttons': [], 'hold_time': 0.26600000000053114}
2026-02-15 11:21:55,016 : INFO : EventManager : Event: ======'game_will_start'====== Args={}
2026-02-15 11:21:55,017 : INFO : EventManager : Event: ======'game_starting'====== Args={'game': <Mode.game>}
2026-02-15 11:21:55,017 : DEBUG : Auditor : Enabling the Auditor
2026-02-15 11:21:55,018 : INFO : EventManager : Unordered handler for class <Auditor> on event game_ended with priority 1. Handlers: [RegisteredHandler(callback=<bound method Auditor.disable of <Auditor>>, priority=1, kwargs={}, key=UUID('0ac23900-a951-4322-8249-6ec499ed73d6'), condition=None, blocking_facility=None), RegisteredHandler(callback=<bound method Auditor._save_audits of <Auditor>>, priority=1, kwargs={}, key=UUID('52286843-5d51-4baf-a019-8ca95d6e63d3'), condition=None, blocking_facility=None)]. The order of those handlers is not defined and they will be executed in random order. This might lead to race conditions and potential bugs.
2026-02-15 11:21:55,018 : INFO : EventManager : Event: ======'player_add_request'====== Args={}
2026-02-15 11:21:55,018 : INFO : EventManager : Event: ======'player_will_add'====== Args={'number': 1}
2026-02-15 11:21:55,018 : DEBUG : Player : Creating new player: Player 1. (player index '0')
2026-02-15 11:21:55,018 : DEBUG : Player : Setting 'score' to: 0, (prior: 0, change: 0)
2026-02-15 11:21:55,018 : INFO : EventManager : Event: ======'player_adding'====== Args={'player': <Player 1>, 'number': 1}
2026-02-15 11:21:55,019 : INFO : EventManager : Event: ======'player_added'====== Args={'player': <Player 1>, 'num': 1}
2026-02-15 11:21:55,019 : INFO : Mode.game : Player added successfully. Total players: 1
2026-02-15 11:21:55,019 : INFO : EventManager : Event: ======'player_index'====== Args={'value': 0, 'prev_value': 0, 'change': 0, 'player_num': 1}
2026-02-15 11:21:55,019 : INFO : EventManager : Event: ======'player_number'====== Args={'value': 1, 'prev_value': 1, 'change': 0, 'player_num': 1}
2026-02-15 11:21:55,019 : INFO : EventManager : Event: ======'player_score'====== Args={'value': 0, 'prev_value': 0, 'change': 0, 'player_num': 1}
2026-02-15 11:21:55,019 : INFO : EventManager : Event: ======'game_started'====== Args={}
2026-02-15 11:21:55,025 : INFO : EventManager : Event: ======'player_turn_will_start'====== Args={'player': <Player 1>, 'number': 1}
2026-02-15 11:21:55,033 : INFO : EventManager : Event: ======'player_turn_starting'====== Args={'player': <Player 1>, 'number': 1}
2026-02-15 11:21:55,033 : DEBUG : Player : Setting 'ball' to: 1, (prior: 0, change: 1)
2026-02-15 11:21:55,033 : INFO : EventManager : Event: ======'player_ball'====== Args={'value': 1, 'prev_value': 0, 'change': 1, 'player_num': 1}
2026-02-15 11:21:55,033 : INFO : EventManager : Event: ======'player_turn_started'====== Args={'player': <Player 1>, 'number': 1}
2026-02-15 11:21:55,034 : INFO : EventManager : Event: ======'ball_will_start'====== Args={'player': 1, 'ball': 1, 'balls_remaining': 2, 'is_extra_ball': False}
2026-02-15 11:21:55,037 : INFO : EventManager : Event: ======'ball_starting'====== Args={'player': 1, 'ball': 1, 'balls_remaining': 2, 'is_extra_ball': False}
2026-02-15 11:21:55,037 : INFO : EventManager : Event: ======'mode_base_will_start'====== Args={'queue': <QueuedEvent>, 'player': 1, 'ball': 1, 'balls_remaining': 2, 'is_extra_ball': False}
2026-02-15 11:21:55,037 : INFO : EventManager : Event: ======'mode_base_starting'====== Args={'queue': <QueuedEvent>, 'player': 1, 'ball': 1, 'balls_remaining': 2, 'is_extra_ball': False}
2026-02-15 11:21:55,037 : INFO : drop_target_bank.dt_bank_1_4 : 1 targets are down. Will reset those.
2026-02-15 11:21:55,037 : INFO : coil.c_40_fourbank_drop_reset : Pulsing Driver for 10ms (1.0 pulse_power)
2026-02-15 11:21:55,037 : DEBUG : FAST Driver : Pulsing driver 43 with pulse_settings: PulseSettings(power=1.0, duration=10).
2026-02-15 11:21:55,038 : INFO : drop_target_bank.dt_bank_5_7 : 1 targets are down. Will reset those.
2026-02-15 11:21:55,038 : INFO : Mode.base : Started. Priority: 100
2026-02-15 11:21:55,038 : INFO : EventManager : Event: ======'modes_active_modes_changed'====== Args={}
2026-02-15 11:21:55,038 : INFO : EventManager : Event: ======'mode_base_started'====== Args={'queue': <QueuedEvent>, 'player': 1, 'ball': 1, 'balls_remaining': 2, 'is_extra_ball': False}
2026-02-15 11:21:55,038 : INFO : EventManager : Event: ======'drop_target_bank_dt_bank_1_4_reset'====== Args={'priority': 0}
2026-02-15 11:21:55,038 : INFO : EventManager : Event: ======'drop_target_bank_dt_bank_5_7_reset'====== Args={'priority': 0}
2026-02-15 11:21:55,038 : INFO : EventManager : Event: ======'balls_in_play'====== Args={'balls': 1}
2026-02-15 11:21:55,039 : INFO : EventManager : Event: ======'ball_started'====== Args={'player': 1, 'ball': 1, 'balls_remaining': 2, 'is_extra_ball': False}
2026-02-15 11:21:55,039 : DEBUG : FAST Driver : Setting hardware rule for driver 27. Mode: None. Switch: 25. coil_settings: DriverSettings(hw_driver=<mpf.platforms.fast.fast_driver.FASTDriver object at 0x000001E6579A21F0>, pulse_settings=PulseSettings(power=1.0, duration=8), hold_settings=None, recycle=True). kwargs: {}.
2026-02-15 11:21:55,039 : DEBUG : FAST Driver : Setting hardware rule for driver 26. Mode: None. Switch: 22. coil_settings: DriverSettings(hw_driver=<mpf.platforms.fast.fast_driver.FASTDriver object at 0x000001E6579A2180>, pulse_settings=PulseSettings(power=1.0, duration=8), hold_settings=None, recycle=True). kwargs: {}.
2026-02-15 11:21:55,039 : DEBUG : FAST Driver : Setting hardware rule for driver 9. Mode: None. Switch: 0A. coil_settings: DriverSettings(hw_driver=<mpf.platforms.fast.fast_driver.FASTDriver object at 0x000001E6579A1930>, pulse_settings=PulseSettings(power=1.0, duration=10), hold_settings=None, recycle=True). kwargs: {}.
2026-02-15 11:21:55,039 : DEBUG : FAST Driver : Setting hardware rule for driver 7. Mode: None. Switch: 09. coil_settings: DriverSettings(hw_driver=<mpf.platforms.fast.fast_driver.FASTDriver object at 0x000001E6579A1850>, pulse_settings=PulseSettings(power=1.0, duration=10), hold_settings=None, recycle=True). kwargs: {}.
2026-02-15 11:21:55,039 : DEBUG : FAST Driver : Setting hardware rule for driver 8. Mode: None. Switch: 08. coil_settings: DriverSettings(hw_driver=<mpf.platforms.fast.fast_driver.FASTDriver object at 0x000001E6579A18C0>, pulse_settings=PulseSettings(power=1.0, duration=10), hold_settings=None, recycle=True). kwargs: {}.
2026-02-15 11:21:55,040 : DEBUG : FAST Driver : Setting hardware rule for driver 24. Mode: 18. Switch: 06. coil_settings: DriverSettings(hw_driver=<mpf.platforms.fast.fast_driver.FASTDriver object at 0x000001E6579A20A0>, pulse_settings=PulseSettings(power=1.0, duration=25), hold_settings=None, recycle=False). kwargs: {}.
2026-02-15 11:21:55,040 : DEBUG : FAST Driver : Sending config to driver 24 (0x18). one_shot: False. wait_to_confirm: False
2026-02-15 11:21:55,040 : DEBUG : FAST Driver : Setting hardware rule for driver 25. Mode: 18. Switch: 06. coil_settings: DriverSettings(hw_driver=<mpf.platforms.fast.fast_driver.FASTDriver object at 0x000001E6579A2110>, pulse_settings=PulseSettings(power=1.0, duration=10), hold_settings=HoldSettings(power=0.35, duration=None), recycle=False). kwargs: {}.
2026-02-15 11:21:55,040 : DEBUG : FAST Driver : Sending config to driver 25 (0x19). one_shot: False. wait_to_confirm: False
2026-02-15 11:21:55,040 : DEBUG : FAST Driver : Setting hardware rule for driver 23. Mode: 18. Switch: 04. coil_settings: DriverSettings(hw_driver=<mpf.platforms.fast.fast_driver.FASTDriver object at 0x000001E6579A2030>, pulse_settings=PulseSettings(power=1.0, duration=1), hold_settings=None, recycle=False). kwargs: {}.
2026-02-15 11:21:55,040 : DEBUG : FAST Driver : Sending config to driver 23 (0x17). one_shot: False. wait_to_confirm: False
2026-02-15 11:21:55,040 : DEBUG : FAST Driver : Setting hardware rule for driver 22. Mode: 18. Switch: 04. coil_settings: DriverSettings(hw_driver=<mpf.platforms.fast.fast_driver.FASTDriver object at 0x000001E6579A1FC0>, pulse_settings=PulseSettings(power=1.0, duration=10), hold_settings=HoldSettings(power=0.1, duration=None), recycle=False). kwargs: {}.
2026-02-15 11:21:55,040 : DEBUG : FAST Driver : Sending config to driver 22 (0x16). one_shot: False. wait_to_confirm: False
2026-02-15 11:21:55,040 : DEBUG : FAST Driver : Setting hardware rule for driver 5. Mode: 18. Switch: 07. coil_settings: DriverSettings(hw_driver=<mpf.platforms.fast.fast_driver.FASTDriver object at 0x000001E6579A1770>, pulse_settings=PulseSettings(power=1.0, duration=25), hold_settings=None, recycle=False). kwargs: {}.
2026-02-15 11:21:55,041 : DEBUG : FAST Driver : Sending config to driver 5 (0x05). one_shot: False. wait_to_confirm: False
2026-02-15 11:21:55,041 : DEBUG : FAST Driver : Setting hardware rule for driver 4. Mode: 18. Switch: 07. coil_settings: DriverSettings(hw_driver=<mpf.platforms.fast.fast_driver.FASTDriver object at 0x000001E6579A1700>, pulse_settings=PulseSettings(power=1.0, duration=10), hold_settings=HoldSettings(power=0.35, duration=None), recycle=False). kwargs: {}.
2026-02-15 11:21:55,041 : DEBUG : FAST Driver : Sending config to driver 4 (0x04). one_shot: False. wait_to_confirm: False
2026-02-15 11:21:55,041 : INFO : EventManager : Event: ======'single_player_ball_started'====== Args={}
2026-02-15 11:21:55,049 : INFO : EventManager : Event: ======'ball_start_target'====== Args={'target': 'playfield'}
2026-02-15 11:21:55,049 : INFO : coil.c_32_threebank_drop_reset : Pulsing Driver for 10ms (1.0 pulse_power)
2026-02-15 11:21:55,049 : DEBUG : FAST Driver : Pulsing driver 35 with pulse_settings: PulseSettings(power=1.0, duration=10).
2026-02-15 11:21:55,049 : INFO : ball_device.bd_trough : Setting up player-controlled eject. Balls: 1, Target: <playfield.playfield>, player_controlled_eject_event: None
2026-02-15 11:21:55,049 : INFO : ball_device.bd_trough : Adding 1 ball(s) to the eject_queue with target <playfield.playfield>.
2026-02-15 11:21:55,049 : INFO : EventManager : Event: ======'balldevice_balls_available'====== Args={}
2026-02-15 11:21:55,051 : INFO : ball_device.bd_trough : State: waiting_for_target_ready
2026-02-15 11:21:55,051 : INFO : EventManager : Event: ======'balldevice_bd_trough_ball_eject_attempt'====== Args={'balls': 1, 'target': <ball_device.bd_plunger>, 'source': <ball_device.bd_trough>, 'mechanical_eject': False, 'num_attempts': 0}
2026-02-15 11:21:55,051 : INFO : ball_device.bd_plunger : State: waiting_for_ball
2026-02-15 11:21:55,052 : INFO : ball_device.bd_trough : State: ejecting
2026-02-15 11:21:55,052 : INFO : ball_device.bd_trough : Ejecting ball to <ball_device.bd_plunger>
2026-02-15 11:21:55,052 : INFO : EventManager : Event: ======'balldevice_bd_trough_ejecting_ball'====== Args={'balls': 1, 'target': <ball_device.bd_plunger>, 'source': <ball_device.bd_trough>, 'mechanical_eject': False, 'num_attempts': 0}
2026-02-15 11:21:55,052 : INFO : ball_device.bd_trough : Wait for ball to leave device
2026-02-15 11:21:55,058 : INFO : SwitchController : <<<<<<< 's_74_fourbank_drop_2' inactive (muted) >>>>>>>
2026-02-15 11:21:55,058 : INFO : SwitchController : <<<<<<< 's_78_threebank_drop_2' inactive (muted) >>>>>>>
2026-02-15 11:21:55,078 : INFO : coil.c_31_single_drop_1_reset : Pulsing Driver for 10ms (1.0 pulse_power)
2026-02-15 11:21:55,079 : DEBUG : FAST Driver : Pulsing driver 34 with pulse_settings: PulseSettings(power=1.0, duration=10).
2026-02-15 11:21:55,079 : INFO : SwitchController : <<<<<<< 's_64_varitarget_poisition_1' active >>>>>>>
2026-02-15 11:21:55,079 : INFO : EventManager : Event: ======'machine_var_audits_switches_s_64_varitarget_poisition_1'====== Args={'value': 809, 'prev_value': 808, 'change': 1}
2026-02-15 11:21:55,079 : INFO : SwitchController : <<<<<<< 's_71_spinner_left' active >>>>>>>
2026-02-15 11:21:55,079 : INFO : EventManager : Event: ======'machine_var_audits_switches_s_71_spinner_left'====== Args={'value': 409, 'prev_value': 408, 'change': 1}
2026-02-15 11:21:55,084 : INFO : coil.c_40_fourbank_drop_reset : Pulsing Driver for 10ms (1.0 pulse_power)
2026-02-15 11:21:55,084 : DEBUG : FAST Driver : Pulsing driver 43 with pulse_settings: PulseSettings(power=1.0, duration=10).
2026-02-15 11:21:55,106 : INFO : SwitchController : <<<<<<< 's_64_varitarget_poisition_1' inactive >>>>>>>
2026-02-15 11:21:55,106 : INFO : SwitchController : <<<<<<< 's_64_varitarget_poisition_1' active >>>>>>>
2026-02-15 11:21:55,106 : INFO : EventManager : Event: ======'machine_var_audits_switches_s_64_varitarget_poisition_1'====== Args={'value': 810, 'prev_value': 809, 'change': 1}
2026-02-15 11:21:55,124 : INFO : coil.c_32_threebank_drop_reset : Pulsing Driver for 10ms (1.0 pulse_power)
2026-02-15 11:21:55,124 : DEBUG : FAST Driver : Pulsing driver 35 with pulse_settings: PulseSettings(power=1.0, duration=10).
2026-02-15 11:21:55,124 : INFO : SwitchController : <<<<<<< 's_72_single_drop_1' inactive (muted) >>>>>>>
2026-02-15 11:21:55,125 : INFO : SwitchController : <<<<<<< 's_71_spinner_left' inactive >>>>>>>
2026-02-15 11:21:55,130 : INFO : coil.c_02_trough_eject : Pulsing Driver for 30ms (1.0 pulse_power)
2026-02-15 11:21:55,130 : DEBUG : FAST Driver : Pulsing driver 21 with pulse_settings: PulseSettings(power=1.0, duration=30).
2026-02-15 11:21:55,154 : INFO : SwitchController : <<<<<<< 's_64_varitarget_poisition_1' inactive >>>>>>>
2026-02-15 11:21:55,158 : INFO : SwitchController : <<<<<<< 's_24_trough_1' inactive >>>>>>>
2026-02-15 11:21:55,158 : INFO : SwitchController : <<<<<<< 's_30_trough_jam' active >>>>>>>
2026-02-15 11:21:55,158 : INFO : EventManager : Event: ======'machine_var_audits_switches_s_30_trough_jam'====== Args={'value': 81, 'prev_value': 80, 'change': 1}
2026-02-15 11:21:55,159 : INFO : SwitchController : <<<<<<< 's_72_single_drop_1' active (muted) >>>>>>>
2026-02-15 11:21:55,159 : INFO : EventManager : Event: ======'machine_var_audits_switches_s_72_single_drop_1'====== Args={'value': 35, 'prev_value': 34, 'change': 1}
2026-02-15 11:21:55,165 : INFO : ball_device.bd_trough : State: ball_left
2026-02-15 11:21:55,165 : INFO : ball_device.bd_trough : Ball left
2026-02-15 11:21:55,165 : INFO : ball_device.bd_trough : Wait for confirm with timeout 10.0
2026-02-15 11:21:55,170 : INFO : SwitchController : <<<<<<< 's_30_trough_jam' inactive >>>>>>>
2026-02-15 11:21:55,189 : INFO : SwitchController : <<<<<<< 's_71_spinner_left' active >>>>>>>
2026-02-15 11:21:55,189 : INFO : EventManager : Event: ======'machine_var_audits_switches_s_71_spinner_left'====== Args={'value': 410, 'prev_value': 409, 'change': 1}
2026-02-15 11:21:55,189 : INFO : SwitchController : <<<<<<< 's_64_varitarget_poisition_1' active >>>>>>>
2026-02-15 11:21:55,189 : INFO : EventManager : Event: ======'machine_var_audits_switches_s_64_varitarget_poisition_1'====== Args={'value': 811, 'prev_value': 810, 'change': 1}
2026-02-15 11:21:55,202 : INFO : SwitchController : <<<<<<< 's_64_varitarget_poisition_1' inactive >>>>>>>
2026-02-15 11:21:55,221 : INFO : SwitchController : <<<<<<< 's_64_varitarget_poisition_1' active >>>>>>>
2026-02-15 11:21:55,222 : INFO : EventManager : Event: ======'machine_var_audits_switches_s_64_varitarget_poisition_1'====== Args={'value': 812, 'prev_value': 811, 'change': 1}
2026-02-15 11:21:55,222 : INFO : SwitchController : <<<<<<< 's_71_spinner_left' inactive >>>>>>>
2026-02-15 11:21:55,222 : INFO : SwitchController : <<<<<<< 's_64_varitarget_poisition_1' inactive >>>>>>>
2026-02-15 11:21:55,237 : INFO : SwitchController : <<<<<<< 's_64_varitarget_poisition_1' active >>>>>>>
2026-02-15 11:21:55,237 : INFO : EventManager : Event: ======'machine_var_audits_switches_s_64_varitarget_poisition_1'====== Args={'value': 813, 'prev_value': 812, 'change': 1}
2026-02-15 11:21:55,237 : INFO : SwitchController : <<<<<<< 's_71_spinner_left' active >>>>>>>
2026-02-15 11:21:55,237 : INFO : EventManager : Event: ======'machine_var_audits_switches_s_71_spinner_left'====== Args={'value': 411, 'prev_value': 410, 'change': 1}
2026-02-15 11:21:55,250 : INFO : SwitchController : <<<<<<< 's_71_spinner_left' inactive >>>>>>>
2026-02-15 11:21:55,250 : INFO : SwitchController : <<<<<<< 's_64_varitarget_poisition_1' inactive >>>>>>>
2026-02-15 11:21:55,269 : INFO : SwitchController : <<<<<<< 's_64_varitarget_poisition_1' active >>>>>>>
2026-02-15 11:21:55,270 : INFO : EventManager : Event: ======'machine_var_audits_switches_s_64_varitarget_poisition_1'====== Args={'value': 814, 'prev_value': 813, 'change': 1}
2026-02-15 11:21:55,270 : INFO : SwitchController : <<<<<<< 's_64_varitarget_poisition_1' inactive >>>>>>>
2026-02-15 11:21:55,270 : INFO : SwitchController : <<<<<<< 's_71_spinner_left' active >>>>>>>
2026-02-15 11:21:55,270 : INFO : EventManager : Event: ======'machine_var_audits_switches_s_71_spinner_left'====== Args={'value': 412, 'prev_value': 411, 'change': 1}
2026-02-15 11:21:55,270 : INFO : SwitchController : <<<<<<< 's_64_varitarget_poisition_1' active >>>>>>>
2026-02-15 11:21:55,270 : INFO : EventManager : Event: ======'machine_var_audits_switches_s_64_varitarget_poisition_1'====== Args={'value': 815, 'prev_value': 814, 'change': 1}
2026-02-15 11:21:55,281 : INFO : SwitchController : <<<<<<< 's_71_spinner_left' inactive >>>>>>>
2026-02-15 11:21:55,281 : INFO : SwitchController : <<<<<<< 's_64_varitarget_poisition_1' inactive >>>>>>>
2026-02-15 11:21:55,281 : INFO : SwitchController : <<<<<<< 's_64_varitarget_poisition_1' active >>>>>>>
2026-02-15 11:21:55,281 : INFO : EventManager : Event: ======'machine_var_audits_switches_s_64_varitarget_poisition_1'====== Args={'value': 816, 'prev_value': 815, 'change': 1}
2026-02-15 11:21:55,300 : INFO : SwitchController : <<<<<<< 's_64_varitarget_poisition_1' inactive >>>>>>>
2026-02-15 11:21:55,302 : INFO : SwitchController : <<<<<<< 's_71_spinner_left' active >>>>>>>
2026-02-15 11:21:55,302 : INFO : EventManager : Event: ======'machine_var_audits_switches_s_71_spinner_left'====== Args={'value': 413, 'prev_value': 412, 'change': 1}
2026-02-15 11:21:55,313 : INFO : SwitchController : <<<<<<< 's_71_spinner_left' inactive >>>>>>>
2026-02-15 11:21:55,313 : INFO : SwitchController : <<<<<<< 's_64_varitarget_poisition_1' active >>>>>>>
2026-02-15 11:21:55,313 : INFO : EventManager : Event: ======'machine_var_audits_switches_s_64_varitarget_poisition_1'====== Args={'value': 817, 'prev_value': 816, 'change': 1}
2026-02-15 11:21:55,334 : INFO : SwitchController : <<<<<<< 's_64_varitarget_poisition_1' inactive >>>>>>>
2026-02-15 11:21:55,360 : INFO : SwitchController : <<<<<<< 's_64_varitarget_poisition_1' active >>>>>>>
2026-02-15 11:21:55,360 : INFO : EventManager : Event: ======'machine_var_audits_switches_s_64_varitarget_poisition_1'====== Args={'value': 818, 'prev_value': 817, 'change': 1}
2026-02-15 11:21:55,360 : INFO : SwitchController : <<<<<<< 's_78_threebank_drop_2' active (muted) >>>>>>>
2026-02-15 11:21:55,360 : INFO : EventManager : Event: ======'machine_var_audits_switches_s_78_threebank_drop_2'====== Args={'value': 467, 'prev_value': 466, 'change': 1}
2026-02-15 11:21:55,360 : INFO : SwitchController : <<<<<<< 's_31_plunger_lane' active >>>>>>>
2026-02-15 11:21:55,360 : INFO : EventManager : Event: ======'machine_var_audits_switches_s_31_plunger_lane'====== Args={'value': 80, 'prev_value': 79, 'change': 1}
2026-02-15 11:21:55,381 : INFO : SwitchController : <<<<<<< 's_74_fourbank_drop_2' active (muted) >>>>>>>
2026-02-15 11:21:55,382 : INFO : EventManager : Event: ======'machine_var_audits_switches_s_74_fourbank_drop_2'====== Args={'value': 85, 'prev_value': 84, 'change': 1}
2026-02-15 11:21:55,520 : INFO : SwitchController : <<<<<<< 's_64_varitarget_poisition_1' inactive >>>>>>>
2026-02-15 11:21:55,539 : INFO : EventManager : Event: ======'drop_target_bank_dt_bank_1_4_mixed'====== Args={'prev_value': <DropTargetBankState.MIXED: 'mixed'>, 'down': 1}
2026-02-15 11:21:55,552 : INFO : EventManager : Event: ======'drop_target_bank_dt_bank_5_7_mixed'====== Args={'prev_value': <DropTargetBankState.MIXED: 'mixed'>, 'down': 1}
2026-02-15 11:21:55,855 : INFO : ball_device.bd_plunger : Received ball from <ball_device.bd_trough>
2026-02-15 11:21:55,855 : INFO : EventManager : Event: ======'balldevice_bd_plunger_ball_enter'====== Args={'new_balls': 1, 'unclaimed_balls': 0, 'new_available_balls': 0, 'device': <ball_device.bd_plunger>}
2026-02-15 11:21:55,855 : INFO : EventManager : Event: ======'balldevice_bd_plunger_ball_entered'====== Args={'new_balls': 0, 'device': <ball_device.bd_plunger>}
2026-02-15 11:21:55,855 : INFO : EventManager : Event: ======'balldevice_bd_plunger_ball_count_changed'====== Args={'balls': 1}
2026-02-15 11:21:55,856 : INFO : ball_device.bd_trough : Got eject confirm
2026-02-15 11:21:55,856 : INFO : ball_device.bd_trough : Eject successful
2026-02-15 11:21:55,856 : INFO : EventManager : Event: ======'balldevice_bd_trough_ball_eject_success'====== Args={'balls': 1, 'target': <ball_device.bd_plunger>}
2026-02-15 11:21:55,856 : INFO : ball_device.bd_plunger : State: waiting_for_target_ready
2026-02-15 11:21:55,856 : INFO : EventManager : Event: ======'balldevice_bd_plunger_ball_eject_attempt'====== Args={'balls': 1, 'target': <playfield.playfield>, 'source': <ball_device.bd_plunger>, 'mechanical_eject': False, 'num_attempts': 0}
2026-02-15 11:21:55,856 : INFO : EventManager : Event: ======'balldevice_bd_trough_ball_count_changed'====== Args={'balls': 0}
2026-02-15 11:21:55,856 : INFO : ball_device.bd_trough : State: idle
2026-02-15 11:21:55,857 : INFO : ball_device.bd_plunger : State: ejecting
2026-02-15 11:21:55,857 : INFO : ball_device.bd_plunger : Ejecting ball to <playfield.playfield>
2026-02-15 11:21:55,857 : INFO : EventManager : Event: ======'balldevice_bd_plunger_ejecting_ball'====== Args={'balls': 1, 'target': <playfield.playfield>, 'source': <ball_device.bd_plunger>, 'mechanical_eject': False, 'num_attempts': 0}
2026-02-15 11:21:55,857 : INFO : ball_device.bd_plunger : Wait for ball to leave device
2026-02-15 11:21:55,858 : INFO : coil.c_01_plunger : Pulsing Driver for 10ms (1.0 pulse_power)
2026-02-15 11:21:55,858 : DEBUG : FAST Driver : Pulsing driver 20 with pulse_settings: PulseSettings(power=1.0, duration=10).
2026-02-15 11:21:55,887 : INFO : SwitchController : <<<<<<< 's_31_plunger_lane' inactive >>>>>>>
2026-02-15 11:21:55,891 : INFO : ball_device.bd_plunger : State: ball_left
2026-02-15 11:21:55,891 : INFO : ball_device.bd_plunger : Ball left
2026-02-15 11:21:55,891 : INFO : ball_device.bd_plunger : Wait for confirm with timeout 10.0
2026-02-15 11:21:55,903 : INFO : SwitchController : <<<<<<< 's_64_varitarget_poisition_1' active >>>>>>>
2026-02-15 11:21:55,903 : INFO : EventManager : Event: ======'machine_var_audits_switches_s_64_varitarget_poisition_1'====== Args={'value': 819, 'prev_value': 818, 'change': 1}
2026-02-15 11:21:55,903 : INFO : SwitchController : <<<<<<< 's_71_spinner_left' active >>>>>>>
2026-02-15 11:21:55,903 : INFO : EventManager : Event: ======'machine_var_audits_switches_s_71_spinner_left'====== Args={'value': 414, 'prev_value': 413, 'change': 1}
2026-02-15 11:21:55,903 : INFO : SwitchController : <<<<<<< 's_71_spinner_left' inactive >>>>>>>
2026-02-15 11:21:55,922 : INFO : SwitchController : <<<<<<< 's_71_spinner_left' active >>>>>>>
2026-02-15 11:21:55,922 : INFO : EventManager : Event: ======'machine_var_audits_switches_s_71_spinner_left'====== Args={'value': 415, 'prev_value': 414, 'change': 1}
2026-02-15 11:21:55,922 : INFO : SwitchController : <<<<<<< 's_71_spinner_left' inactive >>>>>>>
2026-02-15 11:21:55,937 : INFO : SwitchController : <<<<<<< 's_64_varitarget_poisition_1' inactive >>>>>>>
2026-02-15 11:21:55,937 : INFO : SwitchController : <<<<<<< 's_64_varitarget_poisition_1' active >>>>>>>
2026-02-15 11:21:55,937 : INFO : EventManager : Event: ======'machine_var_audits_switches_s_64_varitarget_poisition_1'====== Args={'value': 820, 'prev_value': 819, 'change': 1}
2026-02-15 11:21:55,937 : INFO : SwitchController : <<<<<<< 's_71_spinner_left' active >>>>>>>
2026-02-15 11:21:55,937 : INFO : EventManager : Event: ======'machine_var_audits_switches_s_71_spinner_left'====== Args={'value': 416, 'prev_value': 415, 'change': 1}
2026-02-15 11:21:55,951 : INFO : SwitchController : <<<<<<< 's_71_spinner_left' inactive >>>>>>>
2026-02-15 11:21:55,951 : INFO : SwitchController : <<<<<<< 's_71_spinner_left' active >>>>>>>
2026-02-15 11:21:55,951 : INFO : EventManager : Event: ======'machine_var_audits_switches_s_71_spinner_left'====== Args={'value': 417, 'prev_value': 416, 'change': 1}
2026-02-15 11:21:55,969 : INFO : SwitchController : <<<<<<< 's_64_varitarget_poisition_1' inactive >>>>>>>
2026-02-15 11:21:55,969 : INFO : SwitchController : <<<<<<< 's_71_spinner_left' inactive >>>>>>>
2026-02-15 11:21:55,998 : INFO : SwitchController : <<<<<<< 's_64_varitarget_poisition_1' active >>>>>>>
2026-02-15 11:21:55,998 : INFO : EventManager : Event: ======'machine_var_audits_switches_s_64_varitarget_poisition_1'====== Args={'value': 821, 'prev_value': 820, 'change': 1}
2026-02-15 11:21:55,998 : INFO : SwitchController : <<<<<<< 's_71_spinner_left' active >>>>>>>
2026-02-15 11:21:55,998 : INFO : EventManager : Event: ======'machine_var_audits_switches_s_71_spinner_left'====== Args={'value': 418, 'prev_value': 417, 'change': 1}
2026-02-15 11:21:55,998 : INFO : SwitchController : <<<<<<< 's_71_spinner_left' inactive >>>>>>>
2026-02-15 11:21:56,157 : INFO : SwitchController : <<<<<<< 's_64_varitarget_poisition_1' inactive >>>>>>>
2026-02-15 11:21:56,396 : INFO : SwitchController : <<<<<<< 's_64_varitarget_poisition_1' active >>>>>>>
2026-02-15 11:21:56,396 : INFO : EventManager : Event: ======'machine_var_audits_switches_s_64_varitarget_poisition_1'====== Args={'value': 822, 'prev_value': 821, 'change': 1}
2026-02-15 11:21:56,396 : INFO : SwitchController : <<<<<<< 's_71_spinner_left' active >>>>>>>
2026-02-15 11:21:56,396 : INFO : EventManager : Event: ======'machine_var_audits_switches_s_71_spinner_left'====== Args={'value': 419, 'prev_value': 418, 'change': 1}
2026-02-15 11:21:56,428 : INFO : SwitchController : <<<<<<< 's_64_varitarget_poisition_1' inactive >>>>>>>
2026-02-15 11:21:56,428 : INFO : SwitchController : <<<<<<< 's_71_spinner_left' inactive >>>>>>>
2026-02-15 11:21:56,428 : INFO : SwitchController : <<<<<<< 's_71_spinner_left' active >>>>>>>
2026-02-15 11:21:56,428 : INFO : EventManager : Event: ======'machine_var_audits_switches_s_71_spinner_left'====== Args={'value': 420, 'prev_value': 419, 'change': 1}
2026-02-15 11:21:56,444 : INFO : SwitchController : <<<<<<< 's_71_spinner_left' inactive >>>>>>>
2026-02-15 11:21:56,444 : INFO : SwitchController : <<<<<<< 's_71_spinner_left' active >>>>>>>
2026-02-15 11:21:56,444 : INFO : EventManager : Event: ======'machine_var_audits_switches_s_71_spinner_left'====== Args={'value': 421, 'prev_value': 420, 'change': 1}
2026-02-15 11:21:56,444 : INFO : SwitchController : <<<<<<< 's_71_spinner_left' inactive >>>>>>>
2026-02-15 11:21:56,540 : INFO : SwitchController : <<<<<<< 's_71_spinner_left' active >>>>>>>
2026-02-15 11:21:56,540 : INFO : EventManager : Event: ======'machine_var_audits_switches_s_71_spinner_left'====== Args={'value': 422, 'prev_value': 421, 'change': 1}
2026-02-15 11:21:56,572 : INFO : SwitchController : <<<<<<< 's_71_spinner_left' inactive >>>>>>>
2026-02-15 11:21:56,591 : INFO : SwitchController : <<<<<<< 's_71_spinner_left' active >>>>>>>
2026-02-15 11:21:56,591 : INFO : EventManager : Event: ======'machine_var_audits_switches_s_71_spinner_left'====== Args={'value': 423, 'prev_value': 422, 'change': 1}
2026-02-15 11:21:56,636 : INFO : SwitchController : <<<<<<< 's_71_spinner_left' inactive >>>>>>>
2026-02-15 11:21:56,655 : INFO : SwitchController : <<<<<<< 's_71_spinner_left' active >>>>>>>
2026-02-15 11:21:56,655 : INFO : EventManager : Event: ======'machine_var_audits_switches_s_71_spinner_left'====== Args={'value': 424, 'prev_value': 423, 'change': 1}
2026-02-15 11:21:56,684 : INFO : SwitchController : <<<<<<< 's_71_spinner_left' inactive >>>>>>>
2026-02-15 11:21:56,876 : INFO : SwitchController : <<<<<<< 's_71_spinner_left' active >>>>>>>
2026-02-15 11:21:56,876 : INFO : EventManager : Event: ======'machine_var_audits_switches_s_71_spinner_left'====== Args={'value': 425, 'prev_value': 424, 'change': 1}
2026-02-15 11:21:56,876 : INFO : SwitchController : <<<<<<< 's_71_spinner_left' inactive >>>>>>>
2026-02-15 11:21:57,004 : INFO : SwitchController : <<<<<<< 's_63_stand_up_target_3' active >>>>>>>
2026-02-15 11:21:57,004 : INFO : EventManager : Event: ======'machine_var_audits_switches_s_63_stand_up_target_3'====== Args={'value': 1, 'prev_value': 0, 'change': 1}
2026-02-15 11:21:57,004 : INFO : SwitchController : <<<<<<< 's_63_stand_up_target_3' inactive >>>>>>>
2026-02-15 11:22:00,042 : INFO : EventManager : Event: ======'knock_dt_single'====== Args={'priority': 0}
2026-02-15 11:22:04,317 : DEBUG : asciimatics.screen : Processing mouse: 76, 16
2026-02-15 11:22:04,317 : DEBUG : asciimatics.widgets.frame : New event: MouseEvent (76, 16) 0
2026-02-15 11:22:05,319 : DEBUG : asciimatics.screen : Processing mouse: 125, 15
2026-02-15 11:22:05,319 : DEBUG : asciimatics.widgets.frame : New event: MouseEvent (125, 15) 0
2026-02-15 11:22:05,877 : INFO : ball_device.bd_plunger : State: failed_confirm
2026-02-15 11:22:05,877 : INFO : ball_device.bd_plunger : Got timeout (10.0s) before confirm from <playfield.playfield>
2026-02-15 11:22:05,973 : INFO : ball_device.bd_plunger : Confirming eject because target is playfield and ball did not return.
2026-02-15 11:22:05,973 : INFO : ball_device.bd_plunger : Eject successful
2026-02-15 11:22:05,973 : INFO : EventManager : Event: ======'balldevice_bd_plunger_ball_eject_success'====== Args={'balls': 1, 'target': <playfield.playfield>}
2026-02-15 11:22:05,973 : INFO : EventManager : Event: ======'balldevice_playfield_ball_enter'====== Args={'new_balls': 1, 'unclaimed_balls': 1, 'device': <playfield.playfield>}
2026-02-15 11:22:05,973 : INFO : EventManager : Event: ======'playfield_ball_count_change'====== Args={'balls': 1, 'change': 1}
2026-02-15 11:22:05,973 : INFO : EventManager : Event: ======'balldevice_bd_plunger_ball_count_changed'====== Args={'balls': 0}
2026-02-15 11:22:05,974 : INFO : ball_device.bd_plunger : State: idle
2026-02-15 11:22:06,322 : DEBUG : asciimatics.screen : Processing mouse: 159, 28
2026-02-15 11:22:06,322 : DEBUG : asciimatics.widgets.frame : New event: MouseEvent (159, 28) 0
2026-02-15 11:22:34,289 : INFO : Machine : Shutting down...
2026-02-15 11:22:34,289 : INFO : EventManager : Event: ======'shutdown'====== Args={}
2026-02-15 11:22:34,289 : INFO : EventManager : Event: ======'mode_service_will_stop'====== Args={}
2026-02-15 11:22:34,289 : INFO : EventManager : Event: ======'mode_service_stopping'====== Args={}
2026-02-15 11:22:34,293 : INFO : Mode.service : Stopped.
2026-02-15 11:22:34,293 : INFO : EventManager : Event: ======'modes_active_modes_changed'====== Args={}
2026-02-15 11:22:34,293 : INFO : EventManager : Event: ======'mode_service_stopped'====== Args={}
2026-02-15 11:22:34,293 : INFO : EventManager : Event: ======'clear'====== Args={'key': 'service'}
2026-02-15 11:22:34,294 : INFO : EventManager : Event: ======'mode_game_will_stop'====== Args={}
2026-02-15 11:22:34,294 : INFO : EventManager : Event: ======'mode_game_stopping'====== Args={}
2026-02-15 11:22:34,295 : INFO : EventManager : Event: ======'mode_base_will_stop'====== Args={}
2026-02-15 11:22:34,295 : INFO : EventManager : Event: ======'mode_base_stopping'====== Args={}
2026-02-15 11:22:34,295 : INFO : Mode.base : Stopped.
2026-02-15 11:22:34,295 : INFO : EventManager : Event: ======'modes_active_modes_changed'====== Args={}
2026-02-15 11:22:34,295 : INFO : EventManager : Event: ======'mode_base_stopped'====== Args={}
2026-02-15 11:22:34,295 : INFO : EventManager : Event: ======'clear'====== Args={'key': 'base'}
2026-02-15 11:22:34,296 : INFO : Mode.game : Stopped.
2026-02-15 11:22:34,296 : INFO : EventManager : Event: ======'modes_active_modes_changed'====== Args={}
2026-02-15 11:22:34,296 : INFO : EventManager : Event: ======'mode_game_stopped'====== Args={}
2026-02-15 11:22:34,296 : INFO : EventManager : Event: ======'clear'====== Args={'key': 'game'}
2026-02-15 11:22:34,377 : DEBUG : FAST [NET] : Stop called on serial connection NET
2026-02-15 11:22:34,378 : DEBUG : FAST [EXP] : Stop called on serial connection EXP
2026-02-15 11:22:34,378 : INFO : root : MPF run loop ended.
