2026-02-15 14:22:53,197 : INFO : root : Loading config.
2026-02-15 14:22:53,201 : INFO : YamlMultifileConfigLoader : Machine config file #1: config.yaml
2026-02-15 14:22:53,202 : WARNING : ConfigProcessor : Config file in cache changed: C:\Users\tl\Documents\tl-pinball\config\config.yaml
2026-02-15 14:22:53,202 : INFO : ConfigProcessor : Loading config from file C:\mpf\Lib\site-packages\mpf\mpfconfig.yaml.
2026-02-15 14:22:53,216 : INFO : ConfigProcessor : Loading config: C:\mpf\Lib\site-packages\mpf\mpfconfig.yaml
2026-02-15 14:22:53,216 : INFO : ConfigProcessor : Loading config from file C:\Users\tl\Documents\tl-pinball\config\config.yaml.
2026-02-15 14:22:53,231 : INFO : ConfigProcessor : Loading config: C:\Users\tl\Documents\tl-pinball\config\config.yaml
2026-02-15 14:22:53,233 : INFO : ConfigProcessor : Loading config: C:\Users\tl\Documents\tl-pinball\config\config_ball_devices.yaml
2026-02-15 14:22:53,235 : INFO : ConfigProcessor : Loading config: C:\Users\tl\Documents\tl-pinball\config\device_config_lights_led.yaml
2026-02-15 14:22:53,238 : INFO : ConfigProcessor : Loading config: C:\Users\tl\Documents\tl-pinball\config\device_config_game.yaml
2026-02-15 14:22:53,243 : INFO : ConfigProcessor : Loading config: C:\Users\tl\Documents\tl-pinball\config\device_config_iomap.yaml
2026-02-15 14:22:53,247 : INFO : ConfigProcessor : Loading config: C:\Users\tl\Documents\tl-pinball\config\device_config_iomap_coils.yaml
2026-02-15 14:22:53,249 : INFO : ConfigProcessor : Config file cache created: C:\Users\tl\AppData\Local\Temp\86f932e179f318f5dae29f066573dee9.mpf_cache
2026-02-15 14:22:53,353 : INFO : ConfigProcessor : Loading config from cache: C:\Users\tl\AppData\Local\Temp\5e7e3dd8e04e0aa46ea76018297218da.mpf_cache
2026-02-15 14:22:53,354 : INFO : ConfigProcessor : Loading config from cache: C:\Users\tl\AppData\Local\Temp\af6ad0dab2f43bd9cbdac83e0b2786ac.mpf_cache
2026-02-15 14:22:53,356 : INFO : ConfigProcessor : Loading config from cache: C:\Users\tl\AppData\Local\Temp\5e7e3dd8e04e0aa46ea76018297218da.mpf_cache
2026-02-15 14:22:53,357 : INFO : Machine : Mission Pinball Framework Core Engine v0.80.0.dev12
2026-02-15 14:22:53,357 : INFO : Machine : Command line arguments: {'no_load_cache': False, 'create_config_cache': True, 'bcp': True, 'configfile': ['config.yaml'], 'force_assets_load': False, 'platform_integration_test': False, 'jsonlogging': False, 'logfile': 'logs\\2026-02-15-14-22-53-mpf-DESKTOP-HV85DRD.log', 'pause': False, 'production': False, 'text_ui': False, 'loglevel': 15, 'consoleloglevel': 20, 'force_platform': 'virtual', 'syslog_address': None, 'full_logfile_path': 'C:\\Users\\tl\\Documents\\tl-pinball\\logs\\2026-02-15-14-22-53-mpf-DESKTOP-HV85DRD.log'}
2026-02-15 14:22:53,357 : INFO : Machine : MPF path: C:\mpf\Lib\site-packages\mpf
2026-02-15 14:22:53,357 : INFO : Machine : Machine path: C:\Users\tl\Documents\tl-pinball
2026-02-15 14:22:53,357 : INFO : Machine : Platform: win32
2026-02-15 14:22:53,357 : INFO : Machine : Python executable location: C:\mpf\Scripts\python.exe
2026-02-15 14:22:53,357 : INFO : Machine : Python version: 3.12.7 (64-bit)
2026-02-15 14:22:53,359 : INFO : Machine : Initializing MPF...
2026-02-15 14:22:53,465 : INFO : EventManager : Event: ======'machine_var_credits_string'====== Args={'value': 'FREE PLAY', 'prev_value': None, 'change': True}
2026-02-15 14:22:53,515 : INFO : EventManager : Event: ======'machine_var_master_volume'====== Args={'value': 0.55, 'prev_value': None, 'change': True}
2026-02-15 14:22:53,515 : INFO : EventManager : Event: ======'machine_var_player1_score'====== Args={'value': 0, 'prev_value': None, 'change': True}
2026-02-15 14:22:53,515 : INFO : EventManager : Event: ======'machine_var_mpf_version'====== Args={'value': 'Mission Pinball Framework v0.80.0.dev12', 'prev_value': None, 'change': True}
2026-02-15 14:22:53,515 : INFO : EventManager : Event: ======'machine_var_mpf_extended_version'====== Args={'value': 'Mission Pinball Framework v0.80.0.dev12, Config version:6, Show version: 6, BCP version:1.1', 'prev_value': None, 'change': True}
2026-02-15 14:22:53,515 : INFO : EventManager : Event: ======'machine_var_python_version'====== Args={'value': '3.12.7', 'prev_value': None, 'change': True}
2026-02-15 14:22:53,664 : INFO : EventManager : Event: ======'machine_var_platform'====== Args={'value': 'Windows-10-10.0.19044-SP0', 'prev_value': None, 'change': True}
2026-02-15 14:22:53,664 : INFO : EventManager : Event: ======'machine_var_platform_system'====== Args={'value': 'Windows', 'prev_value': None, 'change': True}
2026-02-15 14:22:53,665 : INFO : EventManager : Event: ======'machine_var_platform_release'====== Args={'value': '10', 'prev_value': None, 'change': True}
2026-02-15 14:22:53,665 : INFO : EventManager : Event: ======'machine_var_platform_version'====== Args={'value': '10.0.19044', 'prev_value': None, 'change': True}
2026-02-15 14:22:53,665 : INFO : EventManager : Event: ======'machine_var_platform_machine'====== Args={'value': 'AMD64', 'prev_value': None, 'change': True}
2026-02-15 14:22:53,665 : INFO : EventManager : Event: ======'machine_var_log_file_path'====== Args={'value': 'C:\\Users\\tl\\Documents\\tl-pinball\\logs\\2026-02-15-14-22-53-mpf-DESKTOP-HV85DRD.log', 'prev_value': None, 'change': True}
2026-02-15 14:22:53,665 : INFO : EventManager : Event: ======'init_phase_1'====== Args={}
2026-02-15 14:22:53,696 : INFO : EventManager : Event: ======'drop_target_bank_dt_bank_1_4_up'====== Args={}
2026-02-15 14:22:53,696 : INFO : EventManager : Event: ======'drop_target_bank_dt_bank_5_7_up'====== Args={}
2026-02-15 14:22:53,696 : INFO : EventManager : Event: ======'init_phase_2'====== Args={}
2026-02-15 14:22:53,699 : INFO : EventManager : Event: ======'bcp_connection_attempt'====== Args={'name': 'local_display', 'host': 'localhost', 'port': 5050}
2026-02-15 14:22:53,701 : INFO : BCPClientSocket : Connecting BCP to 'local_display' at localhost:5050...
2026-02-15 14:22:53,711 : INFO : BCPClientSocket : Connected BCP to 'local_display' localhost:5050
2026-02-15 14:22:53,712 : INFO : EventManager : Event: ======'bcp_clients_connected'====== Args={}
2026-02-15 14:22:53,712 : INFO : ball_device.bd_plunger : BCH: Initial count: 0
2026-02-15 14:22:53,712 : INFO : ball_device.bd_plunger : State: idle
2026-02-15 14:22:53,713 : INFO : ball_device.bd_trough : BCH: Initial count: 0
2026-02-15 14:22:53,713 : INFO : ball_device.bd_trough : State: idle
2026-02-15 14:22:53,730 : INFO : EventManager : Event: ======'init_phase_3'====== Args={}
2026-02-15 14:22:53,732 : INFO : EventManager : Event: ======'init_phase_4'====== Args={}
2026-02-15 14:22:53,733 : INFO : BallController : Initial balls found: 0
2026-02-15 14:22:53,734 : INFO : EventManager : Event: ======'machine_var_audits_events_game_ended'====== Args={'value': 10, 'prev_value': None, 'change': True}
2026-02-15 14:22:53,734 : INFO : EventManager : Event: ======'machine_var_audits_events_game_started'====== Args={'value': 57, 'prev_value': None, 'change': True}
2026-02-15 14:22:53,734 : INFO : EventManager : Event: ======'machine_var_audits_missing_switches_s_00_service_esc'====== Args={'value': 11, 'prev_value': None, 'change': True}
2026-02-15 14:22:53,734 : INFO : EventManager : Event: ======'machine_var_audits_missing_switches_s_01_service_up'====== Args={'value': 11, 'prev_value': None, 'change': True}
2026-02-15 14:22:53,734 : INFO : EventManager : Event: ======'machine_var_audits_missing_switches_s_02_service_down'====== Args={'value': 11, 'prev_value': None, 'change': True}
2026-02-15 14:22:53,734 : INFO : EventManager : Event: ======'machine_var_audits_missing_switches_s_03_service_enter'====== Args={'value': 11, 'prev_value': None, 'change': True}
2026-02-15 14:22:53,734 : INFO : EventManager : Event: ======'machine_var_audits_missing_switches_s_08_left_flipper'====== Args={'value': 11, 'prev_value': None, 'change': True}
2026-02-15 14:22:53,734 : INFO : EventManager : Event: ======'machine_var_audits_missing_switches_s_0_service_esc'====== Args={'value': 46, 'prev_value': None, 'change': True}
2026-02-15 14:22:53,734 : INFO : EventManager : Event: ======'machine_var_audits_missing_switches_s_11_start_button'====== Args={'value': 8, 'prev_value': None, 'change': True}
2026-02-15 14:22:53,735 : INFO : EventManager : Event: ======'machine_var_audits_missing_switches_s_12_tilt_bob'====== Args={'value': 3, 'prev_value': None, 'change': True}
2026-02-15 14:22:53,735 : INFO : EventManager : Event: ======'machine_var_audits_missing_switches_s_13_coin_door'====== Args={'value': 3, 'prev_value': None, 'change': True}
2026-02-15 14:22:53,735 : INFO : EventManager : Event: ======'machine_var_audits_missing_switches_s_16_right_flipper'====== Args={'value': 27, 'prev_value': None, 'change': True}
2026-02-15 14:22:53,735 : INFO : EventManager : Event: ======'machine_var_audits_missing_switches_s_17_right_flipper_upper'====== Args={'value': 27, 'prev_value': None, 'change': True}
2026-02-15 14:22:53,735 : INFO : EventManager : Event: ======'machine_var_audits_missing_switches_s_19_cab_arrow_left'====== Args={'value': 3, 'prev_value': None, 'change': True}
2026-02-15 14:22:53,735 : INFO : EventManager : Event: ======'machine_var_audits_missing_switches_s_1_service_up'====== Args={'value': 46, 'prev_value': None, 'change': True}
2026-02-15 14:22:53,735 : INFO : EventManager : Event: ======'machine_var_audits_missing_switches_s_20_cab_arrow_right'====== Args={'value': 3, 'prev_value': None, 'change': True}
2026-02-15 14:22:53,735 : INFO : EventManager : Event: ======'machine_var_audits_missing_switches_s_24_trough_1'====== Args={'value': 7, 'prev_value': None, 'change': True}
2026-02-15 14:22:53,735 : INFO : EventManager : Event: ======'machine_var_audits_missing_switches_s_25_trough_2'====== Args={'value': 7, 'prev_value': None, 'change': True}
2026-02-15 14:22:53,735 : INFO : EventManager : Event: ======'machine_var_audits_missing_switches_s_25_trough_jam'====== Args={'value': 2, 'prev_value': None, 'change': True}
2026-02-15 14:22:53,735 : INFO : EventManager : Event: ======'machine_var_audits_missing_switches_s_26_trough_1'====== Args={'value': 1, 'prev_value': None, 'change': True}
2026-02-15 14:22:53,735 : INFO : EventManager : Event: ======'machine_var_audits_missing_switches_s_26_trough_3'====== Args={'value': 7, 'prev_value': None, 'change': True}
2026-02-15 14:22:53,735 : INFO : EventManager : Event: ======'machine_var_audits_missing_switches_s_27_trough_4'====== Args={'value': 7, 'prev_value': None, 'change': True}
2026-02-15 14:22:53,735 : INFO : EventManager : Event: ======'machine_var_audits_missing_switches_s_28_trough_3'====== Args={'value': 1, 'prev_value': None, 'change': True}
2026-02-15 14:22:53,735 : INFO : EventManager : Event: ======'machine_var_audits_missing_switches_s_28_trough_5'====== Args={'value': 7, 'prev_value': None, 'change': True}
2026-02-15 14:22:53,735 : INFO : EventManager : Event: ======'machine_var_audits_missing_switches_s_29_trough_4'====== Args={'value': 1, 'prev_value': None, 'change': True}
2026-02-15 14:22:53,735 : INFO : EventManager : Event: ======'machine_var_audits_missing_switches_s_29_trough_6'====== Args={'value': 7, 'prev_value': None, 'change': True}
2026-02-15 14:22:53,735 : INFO : EventManager : Event: ======'machine_var_audits_missing_switches_s_2_service_down'====== Args={'value': 46, 'prev_value': None, 'change': True}
2026-02-15 14:22:53,735 : INFO : EventManager : Event: ======'machine_var_audits_missing_switches_s_32_right_inlane'====== Args={'value': 12, 'prev_value': None, 'change': True}
2026-02-15 14:22:53,736 : INFO : EventManager : Event: ======'machine_var_audits_missing_switches_s_33_right_outlane'====== Args={'value': 19, 'prev_value': None, 'change': True}
2026-02-15 14:22:53,736 : INFO : EventManager : Event: ======'machine_var_audits_missing_switches_s_34_right_sling'====== Args={'value': 12, 'prev_value': None, 'change': True}
2026-02-15 14:22:53,736 : INFO : EventManager : Event: ======'machine_var_audits_missing_switches_s_35_left_inlane'====== Args={'value': 12, 'prev_value': None, 'change': True}
2026-02-15 14:22:53,736 : INFO : EventManager : Event: ======'machine_var_audits_missing_switches_s_36_left_outlane'====== Args={'value': 10, 'prev_value': None, 'change': True}
2026-02-15 14:22:53,736 : INFO : EventManager : Event: ======'machine_var_audits_missing_switches_s_37_left_sling'====== Args={'value': 17, 'prev_value': None, 'change': True}
2026-02-15 14:22:53,736 : INFO : EventManager : Event: ======'machine_var_audits_missing_switches_s_38_star_rollover_bottom'====== Args={'value': 54, 'prev_value': None, 'change': True}
2026-02-15 14:22:53,736 : INFO : EventManager : Event: ======'machine_var_audits_missing_switches_s_38_top_lane_a'====== Args={'value': 3, 'prev_value': None, 'change': True}
2026-02-15 14:22:53,736 : INFO : EventManager : Event: ======'machine_var_audits_missing_switches_s_39_star_rollover_top'====== Args={'value': 18, 'prev_value': None, 'change': True}
2026-02-15 14:22:53,736 : INFO : EventManager : Event: ======'machine_var_audits_missing_switches_s_39_top_lane_b'====== Args={'value': 3, 'prev_value': None, 'change': True}
2026-02-15 14:22:53,736 : INFO : EventManager : Event: ======'machine_var_audits_missing_switches_s_3_service_enter'====== Args={'value': 46, 'prev_value': None, 'change': True}
2026-02-15 14:22:53,736 : INFO : EventManager : Event: ======'machine_var_audits_missing_switches_s_40_stand_up_target_5'====== Args={'value': 1, 'prev_value': None, 'change': True}
2026-02-15 14:22:53,736 : INFO : EventManager : Event: ======'machine_var_audits_missing_switches_s_40_top_lane_c'====== Args={'value': 3, 'prev_value': None, 'change': True}
2026-02-15 14:22:53,736 : INFO : EventManager : Event: ======'machine_var_audits_missing_switches_s_41_pop_bumper_1'====== Args={'value': 2, 'prev_value': None, 'change': True}
2026-02-15 14:22:53,736 : INFO : EventManager : Event: ======'machine_var_audits_missing_switches_s_41_stand_up_target_6'====== Args={'value': 12, 'prev_value': None, 'change': True}
2026-02-15 14:22:53,736 : INFO : EventManager : Event: ======'machine_var_audits_missing_switches_s_42_pop_bumper_2'====== Args={'value': 3, 'prev_value': None, 'change': True}
2026-02-15 14:22:53,736 : INFO : EventManager : Event: ======'machine_var_audits_missing_switches_s_42_stand_up_target_1'====== Args={'value': 12, 'prev_value': None, 'change': True}
2026-02-15 14:22:53,736 : INFO : EventManager : Event: ======'machine_var_audits_missing_switches_s_43_stand_up_target_4'====== Args={'value': 12, 'prev_value': None, 'change': True}
2026-02-15 14:22:53,736 : INFO : EventManager : Event: ======'machine_var_audits_missing_switches_s_44_spinner_left'====== Args={'value': 1, 'prev_value': None, 'change': True}
2026-02-15 14:22:53,736 : INFO : EventManager : Event: ======'machine_var_audits_missing_switches_s_44_spinner_right'====== Args={'value': 2, 'prev_value': None, 'change': True}
2026-02-15 14:22:53,737 : INFO : EventManager : Event: ======'machine_var_audits_missing_switches_s_45_spinner_right'====== Args={'value': 3, 'prev_value': None, 'change': True}
2026-02-15 14:22:53,737 : INFO : EventManager : Event: ======'machine_var_audits_missing_switches_s_45_varitarget_poisition_1'====== Args={'value': 3, 'prev_value': None, 'change': True}
2026-02-15 14:22:53,737 : INFO : EventManager : Event: ======'machine_var_audits_missing_switches_s_46_varitarget_poisition_2'====== Args={'value': 3, 'prev_value': None, 'change': True}
2026-02-15 14:22:53,737 : INFO : EventManager : Event: ======'machine_var_audits_missing_switches_s_47_varitarget_poisition_3'====== Args={'value': 3, 'prev_value': None, 'change': True}
2026-02-15 14:22:53,737 : INFO : EventManager : Event: ======'machine_var_audits_missing_switches_s_48_varitarget_poisition_4'====== Args={'value': 3, 'prev_value': None, 'change': True}
2026-02-15 14:22:53,737 : INFO : EventManager : Event: ======'machine_var_audits_missing_switches_s_49_varitarget_poisition_5'====== Args={'value': 3, 'prev_value': None, 'change': True}
2026-02-15 14:22:53,737 : INFO : EventManager : Event: ======'machine_var_audits_missing_switches_s_50_saucer_left'====== Args={'value': 3, 'prev_value': None, 'change': True}
2026-02-15 14:22:53,737 : INFO : EventManager : Event: ======'machine_var_audits_missing_switches_s_51_saucer_right'====== Args={'value': 2, 'prev_value': None, 'change': True}
2026-02-15 14:22:53,737 : INFO : EventManager : Event: ======'machine_var_audits_missing_switches_s_52_star_rollover_top'====== Args={'value': 3, 'prev_value': None, 'change': True}
2026-02-15 14:22:53,737 : INFO : EventManager : Event: ======'machine_var_audits_missing_switches_s_53_star_rollover_bottom'====== Args={'value': 3, 'prev_value': None, 'change': True}
2026-02-15 14:22:53,737 : INFO : EventManager : Event: ======'machine_var_audits_missing_switches_s_54_single_drop_1'====== Args={'value': 3, 'prev_value': None, 'change': True}
2026-02-15 14:22:53,737 : INFO : EventManager : Event: ======'machine_var_audits_missing_switches_s_55_fourbank_drop_1'====== Args={'value': 3, 'prev_value': None, 'change': True}
2026-02-15 14:22:53,737 : INFO : EventManager : Event: ======'machine_var_audits_missing_switches_s_56_fourbank_drop_2'====== Args={'value': 3, 'prev_value': None, 'change': True}
2026-02-15 14:22:53,737 : INFO : EventManager : Event: ======'machine_var_audits_missing_switches_s_56_pop_bumper_right'====== Args={'value': 4, 'prev_value': None, 'change': True}
2026-02-15 14:22:53,737 : INFO : EventManager : Event: ======'machine_var_audits_missing_switches_s_57_fourbank_drop_3'====== Args={'value': 2, 'prev_value': None, 'change': True}
2026-02-15 14:22:53,737 : INFO : EventManager : Event: ======'machine_var_audits_missing_switches_s_57_pop_bumper_center'====== Args={'value': 4, 'prev_value': None, 'change': True}
2026-02-15 14:22:53,737 : INFO : EventManager : Event: ======'machine_var_audits_missing_switches_s_58_fourbank_drop_4'====== Args={'value': 2, 'prev_value': None, 'change': True}
2026-02-15 14:22:53,737 : INFO : EventManager : Event: ======'machine_var_audits_missing_switches_s_58_pop_bumper_left'====== Args={'value': 1, 'prev_value': None, 'change': True}
2026-02-15 14:22:53,737 : INFO : EventManager : Event: ======'machine_var_audits_missing_switches_s_59_saucer_right'====== Args={'value': 30, 'prev_value': None, 'change': True}
2026-02-15 14:22:53,737 : INFO : EventManager : Event: ======'machine_var_audits_missing_switches_s_59_threebank_drop_1'====== Args={'value': 2, 'prev_value': None, 'change': True}
2026-02-15 14:22:53,738 : INFO : EventManager : Event: ======'machine_var_audits_missing_switches_s_60_threebank_drop_2'====== Args={'value': 2, 'prev_value': None, 'change': True}
2026-02-15 14:22:53,738 : INFO : EventManager : Event: ======'machine_var_audits_missing_switches_s_60_top_lane_c'====== Args={'value': 7, 'prev_value': None, 'change': True}
2026-02-15 14:22:53,738 : INFO : EventManager : Event: ======'machine_var_audits_missing_switches_s_61_threebank_drop_3'====== Args={'value': 3, 'prev_value': None, 'change': True}
2026-02-15 14:22:53,738 : INFO : EventManager : Event: ======'machine_var_audits_missing_switches_s_61_top_lane_b'====== Args={'value': 8, 'prev_value': None, 'change': True}
2026-02-15 14:22:53,738 : INFO : EventManager : Event: ======'machine_var_audits_missing_switches_s_62_stand_up_target_1'====== Args={'value': 3, 'prev_value': None, 'change': True}
2026-02-15 14:22:53,738 : INFO : EventManager : Event: ======'machine_var_audits_missing_switches_s_62_top_lane_a'====== Args={'value': 12, 'prev_value': None, 'change': True}
2026-02-15 14:22:53,738 : INFO : EventManager : Event: ======'machine_var_audits_missing_switches_s_63_stand_up_target_2'====== Args={'value': 2, 'prev_value': None, 'change': True}
2026-02-15 14:22:53,738 : INFO : EventManager : Event: ======'machine_var_audits_missing_switches_s_64_stand_up_target_3'====== Args={'value': 2, 'prev_value': None, 'change': True}
2026-02-15 14:22:53,738 : INFO : EventManager : Event: ======'machine_var_audits_missing_switches_s_65_stand_up_target_4'====== Args={'value': 3, 'prev_value': None, 'change': True}
2026-02-15 14:22:53,738 : INFO : EventManager : Event: ======'machine_var_audits_missing_switches_s_65_varitarget_poisition_2'====== Args={'value': 32, 'prev_value': None, 'change': True}
2026-02-15 14:22:53,738 : INFO : EventManager : Event: ======'machine_var_audits_missing_switches_s_66_stand_up_target_5'====== Args={'value': 3, 'prev_value': None, 'change': True}
2026-02-15 14:22:53,738 : INFO : EventManager : Event: ======'machine_var_audits_missing_switches_s_66_varitarget_poisition_3'====== Args={'value': 32, 'prev_value': None, 'change': True}
2026-02-15 14:22:53,738 : INFO : EventManager : Event: ======'machine_var_audits_missing_switches_s_67_stand_up_target_6'====== Args={'value': 3, 'prev_value': None, 'change': True}
2026-02-15 14:22:53,738 : INFO : EventManager : Event: ======'machine_var_audits_missing_switches_s_67_varitarget_poisition_4'====== Args={'value': 32, 'prev_value': None, 'change': True}
2026-02-15 14:22:53,738 : INFO : EventManager : Event: ======'machine_var_audits_missing_switches_s_68_stand_up_target_7'====== Args={'value': 2, 'prev_value': None, 'change': True}
2026-02-15 14:22:53,738 : INFO : EventManager : Event: ======'machine_var_audits_missing_switches_s_68_varitarget_poisition_5'====== Args={'value': 32, 'prev_value': None, 'change': True}
2026-02-15 14:22:53,738 : INFO : EventManager : Event: ======'machine_var_audits_missing_switches_s_69_stand_up_target_8'====== Args={'value': 1, 'prev_value': None, 'change': True}
2026-02-15 14:22:53,738 : INFO : EventManager : Event: ======'machine_var_audits_missing_switches_s_69_varitarget_poisition_6'====== Args={'value': 32, 'prev_value': None, 'change': True}
2026-02-15 14:22:53,739 : INFO : EventManager : Event: ======'machine_var_audits_missing_switches_s_70_stand_up_target_9'====== Args={'value': 3, 'prev_value': None, 'change': True}
2026-02-15 14:22:53,739 : INFO : EventManager : Event: ======'machine_var_audits_missing_switches_s_70_varitarget_poisition_7'====== Args={'value': 15, 'prev_value': None, 'change': True}
2026-02-15 14:22:53,739 : INFO : EventManager : Event: ======'machine_var_audits_missing_switches_s_71_spinner_left'====== Args={'value': 2, 'prev_value': None, 'change': True}
2026-02-15 14:22:53,739 : INFO : EventManager : Event: ======'machine_var_audits_missing_switches_s_71_stand_up_target_10'====== Args={'value': 3, 'prev_value': None, 'change': True}
2026-02-15 14:22:53,739 : INFO : EventManager : Event: ======'machine_var_audits_missing_switches_s_72_stand_up_target_11'====== Args={'value': 3, 'prev_value': None, 'change': True}
2026-02-15 14:22:53,739 : INFO : EventManager : Event: ======'machine_var_audits_missing_switches_s_73_fourbank_drop_1'====== Args={'value': 8, 'prev_value': None, 'change': True}
2026-02-15 14:22:53,739 : INFO : EventManager : Event: ======'machine_var_audits_missing_switches_s_74_fourbank_drop_2'====== Args={'value': 2, 'prev_value': None, 'change': True}
2026-02-15 14:22:53,739 : INFO : EventManager : Event: ======'machine_var_audits_missing_switches_s_75_fourbank_drop_3'====== Args={'value': 16, 'prev_value': None, 'change': True}
2026-02-15 14:22:53,739 : INFO : EventManager : Event: ======'machine_var_audits_missing_switches_s_76_fourbank_drop_4'====== Args={'value': 21, 'prev_value': None, 'change': True}
2026-02-15 14:22:53,739 : INFO : EventManager : Event: ======'machine_var_audits_missing_switches_s_77_threebank_drop_1'====== Args={'value': 15, 'prev_value': None, 'change': True}
2026-02-15 14:22:53,739 : INFO : EventManager : Event: ======'machine_var_audits_missing_switches_s_79_threebank_drop_3'====== Args={'value': 8, 'prev_value': None, 'change': True}
2026-02-15 14:22:53,739 : INFO : EventManager : Event: ======'machine_var_audits_missing_switches_s_80_stand_up_target_2'====== Args={'value': 12, 'prev_value': None, 'change': True}
2026-02-15 14:22:53,739 : INFO : EventManager : Event: ======'machine_var_audits_missing_switches_s_81_saucer_left'====== Args={'value': 44, 'prev_value': None, 'change': True}
2026-02-15 14:22:53,739 : INFO : EventManager : Event: ======'machine_var_audits_missing_switches_s_82_stand_up_target_bank_1'====== Args={'value': 18, 'prev_value': None, 'change': True}
2026-02-15 14:22:53,739 : INFO : EventManager : Event: ======'machine_var_audits_missing_switches_s_83_stand_up_target_bank_2'====== Args={'value': 3, 'prev_value': None, 'change': True}
2026-02-15 14:22:53,739 : INFO : EventManager : Event: ======'machine_var_audits_missing_switches_s_84_stand_up_target_bank_3'====== Args={'value': 17, 'prev_value': None, 'change': True}
2026-02-15 14:22:53,739 : INFO : EventManager : Event: ======'machine_var_audits_missing_switches_s_85_stand_up_target_bank_4'====== Args={'value': 12, 'prev_value': None, 'change': True}
2026-02-15 14:22:53,739 : INFO : EventManager : Event: ======'machine_var_audits_missing_switches_s_86_stand_up_target_bank_5'====== Args={'value': 12, 'prev_value': None, 'change': True}
2026-02-15 14:22:53,739 : INFO : EventManager : Event: ======'machine_var_audits_missing_switches_s_87_stand_up_target_bank_6'====== Args={'value': 18, 'prev_value': None, 'change': True}
2026-02-15 14:22:53,739 : INFO : EventManager : Event: ======'machine_var_audits_missing_switches_s_8_left_flipper'====== Args={'value': 19, 'prev_value': None, 'change': True}
2026-02-15 14:22:53,739 : INFO : EventManager : Event: ======'machine_var_audits_player_score'====== Args={'value': {'average': 0, 'top': [0, 0, 0, 0, 0, 0, 0, 0, 0, 0], 'total': 10}, 'prev_value': None, 'change': True}
2026-02-15 14:22:53,740 : INFO : EventManager : Event: ======'machine_var_audits_switches_s_00_service_esc'====== Args={'value': 0, 'prev_value': None, 'change': True}
2026-02-15 14:22:53,740 : INFO : EventManager : Event: ======'machine_var_audits_switches_s_01_service_up'====== Args={'value': 0, 'prev_value': None, 'change': True}
2026-02-15 14:22:53,740 : INFO : EventManager : Event: ======'machine_var_audits_switches_s_02_service_down'====== Args={'value': 0, 'prev_value': None, 'change': True}
2026-02-15 14:22:53,740 : INFO : EventManager : Event: ======'machine_var_audits_switches_s_03_service_enter'====== Args={'value': 0, 'prev_value': None, 'change': True}
2026-02-15 14:22:53,740 : INFO : EventManager : Event: ======'machine_var_audits_switches_s_08_left_flipper'====== Args={'value': 0, 'prev_value': None, 'change': True}
2026-02-15 14:22:53,740 : INFO : EventManager : Event: ======'machine_var_audits_switches_s_0_service_esc'====== Args={'value': 0, 'prev_value': None, 'change': True}
2026-02-15 14:22:53,740 : INFO : EventManager : Event: ======'machine_var_audits_switches_s_11_start_button'====== Args={'value': 22, 'prev_value': None, 'change': True}
2026-02-15 14:22:53,740 : INFO : EventManager : Event: ======'machine_var_audits_switches_s_12_tilt_bob'====== Args={'value': 0, 'prev_value': None, 'change': True}
2026-02-15 14:22:53,740 : INFO : EventManager : Event: ======'machine_var_audits_switches_s_13_coin_door'====== Args={'value': 0, 'prev_value': None, 'change': True}
2026-02-15 14:22:53,740 : INFO : EventManager : Event: ======'machine_var_audits_switches_s_16_right_flipper'====== Args={'value': 621, 'prev_value': None, 'change': True}
2026-02-15 14:22:53,740 : INFO : EventManager : Event: ======'machine_var_audits_switches_s_17_right_flipper_upper'====== Args={'value': 537, 'prev_value': None, 'change': True}
2026-02-15 14:22:53,740 : INFO : EventManager : Event: ======'machine_var_audits_switches_s_19_cab_arrow_left'====== Args={'value': 0, 'prev_value': None, 'change': True}
2026-02-15 14:22:53,740 : INFO : EventManager : Event: ======'machine_var_audits_switches_s_1_service_up'====== Args={'value': 0, 'prev_value': None, 'change': True}
2026-02-15 14:22:53,740 : INFO : EventManager : Event: ======'machine_var_audits_switches_s_20_cab_arrow_right'====== Args={'value': 0, 'prev_value': None, 'change': True}
2026-02-15 14:22:53,740 : INFO : EventManager : Event: ======'machine_var_audits_switches_s_24_plunger_lane'====== Args={'value': 19, 'prev_value': None, 'change': True}
2026-02-15 14:22:53,740 : INFO : EventManager : Event: ======'machine_var_audits_switches_s_24_trough_1'====== Args={'value': 56, 'prev_value': None, 'change': True}
2026-02-15 14:22:53,740 : INFO : EventManager : Event: ======'machine_var_audits_switches_s_25_trough_2'====== Args={'value': 49, 'prev_value': None, 'change': True}
2026-02-15 14:22:53,740 : INFO : EventManager : Event: ======'machine_var_audits_switches_s_25_trough_jam'====== Args={'value': 3, 'prev_value': None, 'change': True}
2026-02-15 14:22:53,740 : INFO : EventManager : Event: ======'machine_var_audits_switches_s_26_trough_1'====== Args={'value': 21, 'prev_value': None, 'change': True}
2026-02-15 14:22:53,740 : INFO : EventManager : Event: ======'machine_var_audits_switches_s_26_trough_3'====== Args={'value': 46, 'prev_value': None, 'change': True}
2026-02-15 14:22:53,740 : INFO : EventManager : Event: ======'machine_var_audits_switches_s_27_trough_2'====== Args={'value': 19, 'prev_value': None, 'change': True}
2026-02-15 14:22:53,740 : INFO : EventManager : Event: ======'machine_var_audits_switches_s_27_trough_4'====== Args={'value': 38, 'prev_value': None, 'change': True}
2026-02-15 14:22:53,741 : INFO : EventManager : Event: ======'machine_var_audits_switches_s_28_trough_3'====== Args={'value': 2, 'prev_value': None, 'change': True}
2026-02-15 14:22:53,741 : INFO : EventManager : Event: ======'machine_var_audits_switches_s_28_trough_5'====== Args={'value': 40, 'prev_value': None, 'change': True}
2026-02-15 14:22:53,741 : INFO : EventManager : Event: ======'machine_var_audits_switches_s_29_trough_4'====== Args={'value': 2, 'prev_value': None, 'change': True}
2026-02-15 14:22:53,741 : INFO : EventManager : Event: ======'machine_var_audits_switches_s_29_trough_6'====== Args={'value': 58, 'prev_value': None, 'change': True}
2026-02-15 14:22:53,741 : INFO : EventManager : Event: ======'machine_var_audits_switches_s_2_service_down'====== Args={'value': 0, 'prev_value': None, 'change': True}
2026-02-15 14:22:53,741 : INFO : EventManager : Event: ======'machine_var_audits_switches_s_30_trough_jam'====== Args={'value': 87, 'prev_value': None, 'change': True}
2026-02-15 14:22:53,741 : INFO : EventManager : Event: ======'machine_var_audits_switches_s_31_plunger_lane'====== Args={'value': 86, 'prev_value': None, 'change': True}
2026-02-15 14:22:53,741 : INFO : EventManager : Event: ======'machine_var_audits_switches_s_32_right_inlane'====== Args={'value': 13, 'prev_value': None, 'change': True}
2026-02-15 14:22:53,741 : INFO : EventManager : Event: ======'machine_var_audits_switches_s_33_right_outlane'====== Args={'value': 1, 'prev_value': None, 'change': True}
2026-02-15 14:22:53,741 : INFO : EventManager : Event: ======'machine_var_audits_switches_s_34_right_sling'====== Args={'value': 622, 'prev_value': None, 'change': True}
2026-02-15 14:22:53,741 : INFO : EventManager : Event: ======'machine_var_audits_switches_s_35_left_inlane'====== Args={'value': 44, 'prev_value': None, 'change': True}
2026-02-15 14:22:53,741 : INFO : EventManager : Event: ======'machine_var_audits_switches_s_36_left_outlane'====== Args={'value': 257, 'prev_value': None, 'change': True}
2026-02-15 14:22:53,741 : INFO : EventManager : Event: ======'machine_var_audits_switches_s_37_left_sling'====== Args={'value': 94, 'prev_value': None, 'change': True}
2026-02-15 14:22:53,741 : INFO : EventManager : Event: ======'machine_var_audits_switches_s_38_star_rollover_bottom'====== Args={'value': 0, 'prev_value': None, 'change': True}
2026-02-15 14:22:53,741 : INFO : EventManager : Event: ======'machine_var_audits_switches_s_38_top_lane_a'====== Args={'value': 0, 'prev_value': None, 'change': True}
2026-02-15 14:22:53,741 : INFO : EventManager : Event: ======'machine_var_audits_switches_s_39_star_rollover_top'====== Args={'value': 12, 'prev_value': None, 'change': True}
2026-02-15 14:22:53,741 : INFO : EventManager : Event: ======'machine_var_audits_switches_s_39_top_lane_b'====== Args={'value': 0, 'prev_value': None, 'change': True}
2026-02-15 14:22:53,741 : INFO : EventManager : Event: ======'machine_var_audits_switches_s_3_service_enter'====== Args={'value': 0, 'prev_value': None, 'change': True}
2026-02-15 14:22:53,741 : INFO : EventManager : Event: ======'machine_var_audits_switches_s_40_stand_up_target_5'====== Args={'value': 1, 'prev_value': None, 'change': True}
2026-02-15 14:22:53,741 : INFO : EventManager : Event: ======'machine_var_audits_switches_s_40_stand_up_target_7'====== Args={'value': 26, 'prev_value': None, 'change': True}
2026-02-15 14:22:53,741 : INFO : EventManager : Event: ======'machine_var_audits_switches_s_40_top_lane_c'====== Args={'value': 0, 'prev_value': None, 'change': True}
2026-02-15 14:22:53,741 : INFO : EventManager : Event: ======'machine_var_audits_switches_s_41_pop_bumper_1'====== Args={'value': 1, 'prev_value': None, 'change': True}
2026-02-15 14:22:53,742 : INFO : EventManager : Event: ======'machine_var_audits_switches_s_41_stand_up_target_6'====== Args={'value': 0, 'prev_value': None, 'change': True}
2026-02-15 14:22:53,742 : INFO : EventManager : Event: ======'machine_var_audits_switches_s_41_stand_up_target_8'====== Args={'value': 32, 'prev_value': None, 'change': True}
2026-02-15 14:22:53,742 : INFO : EventManager : Event: ======'machine_var_audits_switches_s_42_pop_bumper_2'====== Args={'value': 0, 'prev_value': None, 'change': True}
2026-02-15 14:22:53,742 : INFO : EventManager : Event: ======'machine_var_audits_switches_s_42_stand_up_target_1'====== Args={'value': 0, 'prev_value': None, 'change': True}
2026-02-15 14:22:53,742 : INFO : EventManager : Event: ======'machine_var_audits_switches_s_42_stand_up_target_9'====== Args={'value': 69, 'prev_value': None, 'change': True}
2026-02-15 14:22:53,742 : INFO : EventManager : Event: ======'machine_var_audits_switches_s_43_pop_bumper_3'====== Args={'value': 16, 'prev_value': None, 'change': True}
2026-02-15 14:22:53,742 : INFO : EventManager : Event: ======'machine_var_audits_switches_s_43_stand_up_target_10'====== Args={'value': 40, 'prev_value': None, 'change': True}
2026-02-15 14:22:53,742 : INFO : EventManager : Event: ======'machine_var_audits_switches_s_43_stand_up_target_4'====== Args={'value': 0, 'prev_value': None, 'change': True}
2026-02-15 14:22:53,742 : INFO : EventManager : Event: ======'machine_var_audits_switches_s_44_spinner_left'====== Args={'value': 8, 'prev_value': None, 'change': True}
2026-02-15 14:22:53,742 : INFO : EventManager : Event: ======'machine_var_audits_switches_s_44_spinner_right'====== Args={'value': 179, 'prev_value': None, 'change': True}
2026-02-15 14:22:53,742 : INFO : EventManager : Event: ======'machine_var_audits_switches_s_45_spinner_right'====== Args={'value': 0, 'prev_value': None, 'change': True}
2026-02-15 14:22:53,742 : INFO : EventManager : Event: ======'machine_var_audits_switches_s_45_varitarget_poisition_1'====== Args={'value': 0, 'prev_value': None, 'change': True}
2026-02-15 14:22:53,742 : INFO : EventManager : Event: ======'machine_var_audits_switches_s_46_varitarget_poisition_2'====== Args={'value': 0, 'prev_value': None, 'change': True}
2026-02-15 14:22:53,742 : INFO : EventManager : Event: ======'machine_var_audits_switches_s_47_varitarget_poisition_3'====== Args={'value': 0, 'prev_value': None, 'change': True}
2026-02-15 14:22:53,742 : INFO : EventManager : Event: ======'machine_var_audits_switches_s_48_varitarget_poisition_4'====== Args={'value': 0, 'prev_value': None, 'change': True}
2026-02-15 14:22:53,742 : INFO : EventManager : Event: ======'machine_var_audits_switches_s_49_varitarget_poisition_5'====== Args={'value': 0, 'prev_value': None, 'change': True}
2026-02-15 14:22:53,742 : INFO : EventManager : Event: ======'machine_var_audits_switches_s_50_saucer_left'====== Args={'value': 0, 'prev_value': None, 'change': True}
2026-02-15 14:22:53,742 : INFO : EventManager : Event: ======'machine_var_audits_switches_s_51_saucer_right'====== Args={'value': 2, 'prev_value': None, 'change': True}
2026-02-15 14:22:53,742 : INFO : EventManager : Event: ======'machine_var_audits_switches_s_52_star_rollover_top'====== Args={'value': 0, 'prev_value': None, 'change': True}
2026-02-15 14:22:53,742 : INFO : EventManager : Event: ======'machine_var_audits_switches_s_53_star_rollover_bottom'====== Args={'value': 0, 'prev_value': None, 'change': True}
2026-02-15 14:22:53,742 : INFO : EventManager : Event: ======'machine_var_audits_switches_s_54_single_drop_1'====== Args={'value': 0, 'prev_value': None, 'change': True}
2026-02-15 14:22:53,742 : INFO : EventManager : Event: ======'machine_var_audits_switches_s_55_fourbank_drop_1'====== Args={'value': 0, 'prev_value': None, 'change': True}
2026-02-15 14:22:53,743 : INFO : EventManager : Event: ======'machine_var_audits_switches_s_56_fourbank_drop_2'====== Args={'value': 0, 'prev_value': None, 'change': True}
2026-02-15 14:22:53,743 : INFO : EventManager : Event: ======'machine_var_audits_switches_s_56_pop_bumper_right'====== Args={'value': 57, 'prev_value': None, 'change': True}
2026-02-15 14:22:53,743 : INFO : EventManager : Event: ======'machine_var_audits_switches_s_57_fourbank_drop_3'====== Args={'value': 1, 'prev_value': None, 'change': True}
2026-02-15 14:22:53,743 : INFO : EventManager : Event: ======'machine_var_audits_switches_s_57_pop_bumper_center'====== Args={'value': 158, 'prev_value': None, 'change': True}
2026-02-15 14:22:53,743 : INFO : EventManager : Event: ======'machine_var_audits_switches_s_58_fourbank_drop_4'====== Args={'value': 1, 'prev_value': None, 'change': True}
2026-02-15 14:22:53,743 : INFO : EventManager : Event: ======'machine_var_audits_switches_s_58_pop_bumper_left'====== Args={'value': 98, 'prev_value': None, 'change': True}
2026-02-15 14:22:53,743 : INFO : EventManager : Event: ======'machine_var_audits_switches_s_59_saucer_right'====== Args={'value': 7, 'prev_value': None, 'change': True}
2026-02-15 14:22:53,743 : INFO : EventManager : Event: ======'machine_var_audits_switches_s_59_threebank_drop_1'====== Args={'value': 1, 'prev_value': None, 'change': True}
2026-02-15 14:22:53,743 : INFO : EventManager : Event: ======'machine_var_audits_switches_s_60_threebank_drop_2'====== Args={'value': 1, 'prev_value': None, 'change': True}
2026-02-15 14:22:53,743 : INFO : EventManager : Event: ======'machine_var_audits_switches_s_60_top_lane_c'====== Args={'value': 65, 'prev_value': None, 'change': True}
2026-02-15 14:22:53,743 : INFO : EventManager : Event: ======'machine_var_audits_switches_s_61_threebank_drop_3'====== Args={'value': 0, 'prev_value': None, 'change': True}
2026-02-15 14:22:53,743 : INFO : EventManager : Event: ======'machine_var_audits_switches_s_61_top_lane_b'====== Args={'value': 31, 'prev_value': None, 'change': True}
2026-02-15 14:22:53,743 : INFO : EventManager : Event: ======'machine_var_audits_switches_s_62_stand_up_target_1'====== Args={'value': 0, 'prev_value': None, 'change': True}
2026-02-15 14:22:53,743 : INFO : EventManager : Event: ======'machine_var_audits_switches_s_62_top_lane_a'====== Args={'value': 124, 'prev_value': None, 'change': True}
2026-02-15 14:22:53,743 : INFO : EventManager : Event: ======'machine_var_audits_switches_s_63_stand_up_target_11'====== Args={'value': 43, 'prev_value': None, 'change': True}
2026-02-15 14:22:53,743 : INFO : EventManager : Event: ======'machine_var_audits_switches_s_63_stand_up_target_2'====== Args={'value': 1, 'prev_value': None, 'change': True}
2026-02-15 14:22:53,743 : INFO : EventManager : Event: ======'machine_var_audits_switches_s_63_stand_up_target_3'====== Args={'value': 6, 'prev_value': None, 'change': True}
2026-02-15 14:22:53,743 : INFO : EventManager : Event: ======'machine_var_audits_switches_s_64_stand_up_target_3'====== Args={'value': 1, 'prev_value': None, 'change': True}
2026-02-15 14:22:53,743 : INFO : EventManager : Event: ======'machine_var_audits_switches_s_64_varitarget_poisition_1'====== Args={'value': 872, 'prev_value': None, 'change': True}
2026-02-15 14:22:53,743 : INFO : EventManager : Event: ======'machine_var_audits_switches_s_65_stand_up_target_4'====== Args={'value': 0, 'prev_value': None, 'change': True}
2026-02-15 14:22:53,743 : INFO : EventManager : Event: ======'machine_var_audits_switches_s_65_varitarget_poisition_2'====== Args={'value': 11, 'prev_value': None, 'change': True}
2026-02-15 14:22:53,744 : INFO : EventManager : Event: ======'machine_var_audits_switches_s_66_stand_up_target_5'====== Args={'value': 0, 'prev_value': None, 'change': True}
2026-02-15 14:22:53,744 : INFO : EventManager : Event: ======'machine_var_audits_switches_s_66_varitarget_poisition_3'====== Args={'value': 6, 'prev_value': None, 'change': True}
2026-02-15 14:22:53,744 : INFO : EventManager : Event: ======'machine_var_audits_switches_s_67_stand_up_target_6'====== Args={'value': 0, 'prev_value': None, 'change': True}
2026-02-15 14:22:53,744 : INFO : EventManager : Event: ======'machine_var_audits_switches_s_67_varitarget_poisition_4'====== Args={'value': 11, 'prev_value': None, 'change': True}
2026-02-15 14:22:53,744 : INFO : EventManager : Event: ======'machine_var_audits_switches_s_68_stand_up_target_7'====== Args={'value': 1, 'prev_value': None, 'change': True}
2026-02-15 14:22:53,744 : INFO : EventManager : Event: ======'machine_var_audits_switches_s_68_varitarget_poisition_5'====== Args={'value': 5, 'prev_value': None, 'change': True}
2026-02-15 14:22:53,744 : INFO : EventManager : Event: ======'machine_var_audits_switches_s_69_stand_up_target_8'====== Args={'value': 2, 'prev_value': None, 'change': True}
2026-02-15 14:22:53,744 : INFO : EventManager : Event: ======'machine_var_audits_switches_s_69_varitarget_poisition_6'====== Args={'value': 4, 'prev_value': None, 'change': True}
2026-02-15 14:22:53,744 : INFO : EventManager : Event: ======'machine_var_audits_switches_s_70_stand_up_target_9'====== Args={'value': 0, 'prev_value': None, 'change': True}
2026-02-15 14:22:53,744 : INFO : EventManager : Event: ======'machine_var_audits_switches_s_70_varitarget_poisition_7'====== Args={'value': 66, 'prev_value': None, 'change': True}
2026-02-15 14:22:53,744 : INFO : EventManager : Event: ======'machine_var_audits_switches_s_71_spinner_left'====== Args={'value': 2109, 'prev_value': None, 'change': True}
2026-02-15 14:22:53,744 : INFO : EventManager : Event: ======'machine_var_audits_switches_s_71_stand_up_target_10'====== Args={'value': 0, 'prev_value': None, 'change': True}
2026-02-15 14:22:53,744 : INFO : EventManager : Event: ======'machine_var_audits_switches_s_72_single_drop_1'====== Args={'value': 38, 'prev_value': None, 'change': True}
2026-02-15 14:22:53,744 : INFO : EventManager : Event: ======'machine_var_audits_switches_s_72_stand_up_target_11'====== Args={'value': 0, 'prev_value': None, 'change': True}
2026-02-15 14:22:53,744 : INFO : EventManager : Event: ======'machine_var_audits_switches_s_73_fourbank_drop_1'====== Args={'value': 251, 'prev_value': None, 'change': True}
2026-02-15 14:22:53,744 : INFO : EventManager : Event: ======'machine_var_audits_switches_s_74_fourbank_drop_2'====== Args={'value': 95, 'prev_value': None, 'change': True}
2026-02-15 14:22:53,744 : INFO : EventManager : Event: ======'machine_var_audits_switches_s_75_fourbank_drop_3'====== Args={'value': 99, 'prev_value': None, 'change': True}
2026-02-15 14:22:53,744 : INFO : EventManager : Event: ======'machine_var_audits_switches_s_76_fourbank_drop_4'====== Args={'value': 3, 'prev_value': None, 'change': True}
2026-02-15 14:22:53,744 : INFO : EventManager : Event: ======'machine_var_audits_switches_s_77_threebank_drop_1'====== Args={'value': 93, 'prev_value': None, 'change': True}
2026-02-15 14:22:53,744 : INFO : EventManager : Event: ======'machine_var_audits_switches_s_78_threebank_drop_2'====== Args={'value': 1056, 'prev_value': None, 'change': True}
2026-02-15 14:22:53,744 : INFO : EventManager : Event: ======'machine_var_audits_switches_s_79_threebank_drop_3'====== Args={'value': 307, 'prev_value': None, 'change': True}
2026-02-15 14:22:53,744 : INFO : EventManager : Event: ======'machine_var_audits_switches_s_80_stand_up_target_1'====== Args={'value': 72, 'prev_value': None, 'change': True}
2026-02-15 14:22:53,745 : INFO : EventManager : Event: ======'machine_var_audits_switches_s_80_stand_up_target_2'====== Args={'value': 0, 'prev_value': None, 'change': True}
2026-02-15 14:22:53,745 : INFO : EventManager : Event: ======'machine_var_audits_switches_s_81_saucer_left'====== Args={'value': 13, 'prev_value': None, 'change': True}
2026-02-15 14:22:53,745 : INFO : EventManager : Event: ======'machine_var_audits_switches_s_82_stand_up_target_bank_1'====== Args={'value': 25, 'prev_value': None, 'change': True}
2026-02-15 14:22:53,745 : INFO : EventManager : Event: ======'machine_var_audits_switches_s_83_stand_up_target_bank_2'====== Args={'value': 56, 'prev_value': None, 'change': True}
2026-02-15 14:22:53,745 : INFO : EventManager : Event: ======'machine_var_audits_switches_s_84_stand_up_target_bank_3'====== Args={'value': 41, 'prev_value': None, 'change': True}
2026-02-15 14:22:53,745 : INFO : EventManager : Event: ======'machine_var_audits_switches_s_85_stand_up_target_bank_4'====== Args={'value': 56, 'prev_value': None, 'change': True}
2026-02-15 14:22:53,745 : INFO : EventManager : Event: ======'machine_var_audits_switches_s_86_stand_up_target_bank_5'====== Args={'value': 215, 'prev_value': None, 'change': True}
2026-02-15 14:22:53,745 : INFO : EventManager : Event: ======'machine_var_audits_switches_s_87_stand_up_target_bank_6'====== Args={'value': 142, 'prev_value': None, 'change': True}
2026-02-15 14:22:53,745 : INFO : EventManager : Event: ======'machine_var_audits_switches_s_8_left_flipper'====== Args={'value': 455, 'prev_value': None, 'change': True}
2026-02-15 14:22:53,745 : INFO : EventManager : Event: ======'init_phase_5'====== Args={}
2026-02-15 14:22:53,746 : INFO : EventManager : Event: ======'init_done'====== Args={}
2026-02-15 14:22:53,746 : INFO : EventManager : Event: ======'machine_reset_phase_1'====== Args={}
2026-02-15 14:22:53,754 : INFO : EventManager : Event: ======'machine_reset_phase_2'====== Args={}
2026-02-15 14:22:53,754 : INFO : EventManager : Event: ======'machine_reset_phase_3'====== Args={}
2026-02-15 14:22:53,754 : INFO : drop_target_bank.dt_bank_1_4 : All targets are already up. Will not reset bank.
2026-02-15 14:22:53,754 : INFO : drop_target_bank.dt_bank_5_7 : All targets are already up. Will not reset bank.
2026-02-15 14:22:53,755 : INFO : EventManager : Event: ======'reset_complete'====== Args={}
2026-02-15 14:22:53,755 : INFO : EventManager : Event: ======'mode_attract_will_start'====== Args={}
2026-02-15 14:22:53,755 : INFO : Timer.attract_carousel_timer : Starting Timer.
2026-02-15 14:22:53,755 : INFO : EventManager : Event: ======'timer_attract_carousel_timer_started'====== Args={'ticks': 0, 'ticks_remaining': 1}
2026-02-15 14:22:53,755 : INFO : EventManager : Event: ======'timer_attract_carousel_timer_tick'====== Args={'ticks': 0, 'ticks_remaining': 1}
2026-02-15 14:22:53,756 : INFO : EventManager : Event: ======'mode_attract_starting'====== Args={}
2026-02-15 14:22:53,756 : INFO : Mode.attract : Started. Priority: 10
2026-02-15 14:22:53,756 : INFO : EventManager : Event: ======'modes_active_modes_changed'====== Args={}
2026-02-15 14:22:53,756 : INFO : EventManager : Event: ======'mode_attract_started'====== Args={}
2026-02-15 14:22:53,757 : INFO : EventManager : Event: ======'collecting_balls_complete'====== Args={}
2026-02-15 14:22:53,757 : INFO : EventManager : Event: ======'carousel_item_highlighted'====== Args={'carousel': 'attract', 'direction': None, 'item': 'title'}
2026-02-15 14:22:53,757 : INFO : Machine : Starting the main run loop with active modes: [<Mode.attract>]
2026-02-15 14:22:53,795 : INFO : EventManager : Event: ======'slide_attract_created'====== Args={'_from_bcp': True}
2026-02-15 14:22:53,795 : INFO : EventManager : Event: ======'slide__removed'====== Args={'_from_bcp': True}
2026-02-15 14:22:53,795 : INFO : EventManager : Event: ======'slide_attract_active'====== Args={'original_context': 'attract', 'original_calling_context': 'mode_attract_started', 'priority': 10.0, 'cmd': 'slides_play', '_from_bcp': True}
2026-02-15 14:22:57,406 : INFO : SwitchController : <<<<<<< 's_16_right_flipper' active >>>>>>>
2026-02-15 14:22:57,406 : INFO : EventManager : Event: ======'s_16_right_flipper_active'====== Args={}
2026-02-15 14:22:57,406 : INFO : EventManager : Event: ======'carousel_item_highlighted'====== Args={'carousel': 'attract', 'direction': 'forwards', 'item': 'credits'}
2026-02-15 14:22:57,522 : INFO : SwitchController : <<<<<<< 's_16_right_flipper' inactive >>>>>>>
2026-02-15 14:22:57,622 : INFO : SwitchController : <<<<<<< 's_16_right_flipper' active >>>>>>>
2026-02-15 14:22:57,622 : INFO : EventManager : Event: ======'s_16_right_flipper_active'====== Args={}
2026-02-15 14:22:57,623 : INFO : EventManager : Event: ======'carousel_item_highlighted'====== Args={'carousel': 'attract', 'direction': 'forwards', 'item': 'mpf_logo'}
2026-02-15 14:22:57,755 : INFO : SwitchController : <<<<<<< 's_16_right_flipper' inactive >>>>>>>
2026-02-15 14:22:58,239 : INFO : SwitchController : <<<<<<< 's_16_right_flipper' active >>>>>>>
2026-02-15 14:22:58,239 : INFO : EventManager : Event: ======'s_16_right_flipper_active'====== Args={}
2026-02-15 14:22:58,239 : INFO : EventManager : Event: ======'carousel_item_highlighted'====== Args={'carousel': 'attract', 'direction': 'forwards', 'item': 'title'}
2026-02-15 14:22:58,306 : INFO : SwitchController : <<<<<<< 's_16_right_flipper' inactive >>>>>>>
2026-02-15 14:22:58,422 : INFO : SwitchController : <<<<<<< 's_16_right_flipper' active >>>>>>>
2026-02-15 14:22:58,422 : INFO : EventManager : Event: ======'s_16_right_flipper_active'====== Args={}
2026-02-15 14:22:58,422 : INFO : EventManager : Event: ======'carousel_item_highlighted'====== Args={'carousel': 'attract', 'direction': 'forwards', 'item': 'credits'}
2026-02-15 14:22:58,472 : INFO : SwitchController : <<<<<<< 's_16_right_flipper' inactive >>>>>>>
2026-02-15 14:22:58,589 : INFO : SwitchController : <<<<<<< 's_16_right_flipper' active >>>>>>>
2026-02-15 14:22:58,589 : INFO : EventManager : Event: ======'s_16_right_flipper_active'====== Args={}
2026-02-15 14:22:58,589 : INFO : EventManager : Event: ======'carousel_item_highlighted'====== Args={'carousel': 'attract', 'direction': 'forwards', 'item': 'mpf_logo'}
2026-02-15 14:22:58,672 : INFO : SwitchController : <<<<<<< 's_16_right_flipper' inactive >>>>>>>
2026-02-15 14:22:58,754 : INFO : Timer.attract_carousel_timer : Timer Complete
2026-02-15 14:22:58,754 : INFO : Timer.attract_carousel_timer : Stopping Timer
2026-02-15 14:22:58,754 : INFO : EventManager : Event: ======'timer_attract_carousel_timer_stopped'====== Args={'ticks': 1, 'ticks_remaining': 1}
2026-02-15 14:22:58,754 : INFO : EventManager : Event: ======'timer_attract_carousel_timer_complete'====== Args={'ticks': 1, 'ticks_remaining': 1}
2026-02-15 14:22:58,754 : INFO : EventManager : Event: ======'carousel_item_highlighted'====== Args={'carousel': 'attract', 'direction': 'forwards', 'item': 'title'}
2026-02-15 14:22:58,939 : INFO : SwitchController : <<<<<<< 's_08_left_flipper' active >>>>>>>
2026-02-15 14:22:58,939 : INFO : EventManager : Event: ======'s_08_left_flipper_active'====== Args={}
2026-02-15 14:22:58,939 : INFO : EventManager : Event: ======'carousel_item_highlighted'====== Args={'carousel': 'attract', 'direction': 'backwards', 'item': 'mpf_logo'}
2026-02-15 14:22:59,055 : INFO : SwitchController : <<<<<<< 's_08_left_flipper' inactive >>>>>>>
2026-02-15 14:22:59,172 : INFO : SwitchController : <<<<<<< 's_08_left_flipper' active >>>>>>>
2026-02-15 14:22:59,172 : INFO : EventManager : Event: ======'s_08_left_flipper_active'====== Args={}
2026-02-15 14:22:59,172 : INFO : EventManager : Event: ======'carousel_item_highlighted'====== Args={'carousel': 'attract', 'direction': 'backwards', 'item': 'credits'}
2026-02-15 14:22:59,256 : INFO : SwitchController : <<<<<<< 's_08_left_flipper' inactive >>>>>>>
2026-02-15 14:22:59,339 : INFO : SwitchController : <<<<<<< 's_08_left_flipper' active >>>>>>>
2026-02-15 14:22:59,339 : INFO : EventManager : Event: ======'s_08_left_flipper_active'====== Args={}
2026-02-15 14:22:59,339 : INFO : EventManager : Event: ======'carousel_item_highlighted'====== Args={'carousel': 'attract', 'direction': 'backwards', 'item': 'title'}
2026-02-15 14:22:59,372 : INFO : SwitchController : <<<<<<< 's_08_left_flipper' inactive >>>>>>>
2026-02-15 14:22:59,489 : INFO : SwitchController : <<<<<<< 's_08_left_flipper' active >>>>>>>
2026-02-15 14:22:59,489 : INFO : EventManager : Event: ======'s_08_left_flipper_active'====== Args={}
2026-02-15 14:22:59,489 : INFO : EventManager : Event: ======'carousel_item_highlighted'====== Args={'carousel': 'attract', 'direction': 'backwards', 'item': 'mpf_logo'}
2026-02-15 14:22:59,555 : INFO : SwitchController : <<<<<<< 's_08_left_flipper' inactive >>>>>>>
2026-02-15 14:23:00,289 : INFO : SwitchController : <<<<<<< 's_16_right_flipper' active >>>>>>>
2026-02-15 14:23:00,289 : INFO : EventManager : Event: ======'s_16_right_flipper_active'====== Args={}
2026-02-15 14:23:00,289 : INFO : EventManager : Event: ======'carousel_item_highlighted'====== Args={'carousel': 'attract', 'direction': 'forwards', 'item': 'title'}
2026-02-15 14:23:00,356 : INFO : SwitchController : <<<<<<< 's_16_right_flipper' inactive >>>>>>>
2026-02-15 14:23:00,456 : INFO : SwitchController : <<<<<<< 's_16_right_flipper' active >>>>>>>
2026-02-15 14:23:00,456 : INFO : EventManager : Event: ======'s_16_right_flipper_active'====== Args={}
2026-02-15 14:23:00,456 : INFO : EventManager : Event: ======'carousel_item_highlighted'====== Args={'carousel': 'attract', 'direction': 'forwards', 'item': 'credits'}
2026-02-15 14:23:00,539 : INFO : SwitchController : <<<<<<< 's_16_right_flipper' inactive >>>>>>>
2026-02-15 14:23:00,639 : INFO : SwitchController : <<<<<<< 's_16_right_flipper' active >>>>>>>
2026-02-15 14:23:00,639 : INFO : EventManager : Event: ======'s_16_right_flipper_active'====== Args={}
2026-02-15 14:23:00,639 : INFO : EventManager : Event: ======'carousel_item_highlighted'====== Args={'carousel': 'attract', 'direction': 'forwards', 'item': 'mpf_logo'}
2026-02-15 14:23:00,706 : INFO : SwitchController : <<<<<<< 's_16_right_flipper' inactive >>>>>>>
2026-02-15 14:23:00,805 : INFO : SwitchController : <<<<<<< 's_16_right_flipper' active >>>>>>>
2026-02-15 14:23:00,806 : INFO : EventManager : Event: ======'s_16_right_flipper_active'====== Args={}
2026-02-15 14:23:00,806 : INFO : EventManager : Event: ======'carousel_item_highlighted'====== Args={'carousel': 'attract', 'direction': 'forwards', 'item': 'title'}
2026-02-15 14:23:00,889 : INFO : SwitchController : <<<<<<< 's_16_right_flipper' inactive >>>>>>>
2026-02-15 14:23:00,972 : INFO : SwitchController : <<<<<<< 's_16_right_flipper' active >>>>>>>
2026-02-15 14:23:00,972 : INFO : EventManager : Event: ======'s_16_right_flipper_active'====== Args={}
2026-02-15 14:23:00,972 : INFO : EventManager : Event: ======'carousel_item_highlighted'====== Args={'carousel': 'attract', 'direction': 'forwards', 'item': 'credits'}
2026-02-15 14:23:01,072 : INFO : SwitchController : <<<<<<< 's_16_right_flipper' inactive >>>>>>>
2026-02-15 14:23:01,139 : INFO : SwitchController : <<<<<<< 's_16_right_flipper' active >>>>>>>
2026-02-15 14:23:01,139 : INFO : EventManager : Event: ======'s_16_right_flipper_active'====== Args={}
2026-02-15 14:23:01,139 : INFO : EventManager : Event: ======'carousel_item_highlighted'====== Args={'carousel': 'attract', 'direction': 'forwards', 'item': 'mpf_logo'}
2026-02-15 14:23:01,239 : INFO : SwitchController : <<<<<<< 's_16_right_flipper' inactive >>>>>>>
2026-02-15 14:23:09,172 : INFO : SwitchController : <<<<<<< 's_16_right_flipper' active >>>>>>>
2026-02-15 14:23:09,172 : INFO : EventManager : Event: ======'s_16_right_flipper_active'====== Args={}
2026-02-15 14:23:09,172 : INFO : EventManager : Event: ======'carousel_item_highlighted'====== Args={'carousel': 'attract', 'direction': 'forwards', 'item': 'title'}
2026-02-15 14:23:09,239 : INFO : SwitchController : <<<<<<< 's_16_right_flipper' inactive >>>>>>>
2026-02-15 14:23:09,306 : INFO : SwitchController : <<<<<<< 's_16_right_flipper' active >>>>>>>
2026-02-15 14:23:09,306 : INFO : EventManager : Event: ======'s_16_right_flipper_active'====== Args={}
2026-02-15 14:23:09,306 : INFO : EventManager : Event: ======'carousel_item_highlighted'====== Args={'carousel': 'attract', 'direction': 'forwards', 'item': 'credits'}
2026-02-15 14:23:09,389 : INFO : SwitchController : <<<<<<< 's_16_right_flipper' inactive >>>>>>>
2026-02-15 14:23:09,489 : INFO : SwitchController : <<<<<<< 's_16_right_flipper' active >>>>>>>
2026-02-15 14:23:09,489 : INFO : EventManager : Event: ======'s_16_right_flipper_active'====== Args={}
2026-02-15 14:23:09,489 : INFO : EventManager : Event: ======'carousel_item_highlighted'====== Args={'carousel': 'attract', 'direction': 'forwards', 'item': 'mpf_logo'}
2026-02-15 14:23:09,555 : INFO : SwitchController : <<<<<<< 's_16_right_flipper' inactive >>>>>>>
2026-02-15 14:23:09,672 : INFO : SwitchController : <<<<<<< 's_16_right_flipper' active >>>>>>>
2026-02-15 14:23:09,672 : INFO : EventManager : Event: ======'s_16_right_flipper_active'====== Args={}
2026-02-15 14:23:09,672 : INFO : EventManager : Event: ======'carousel_item_highlighted'====== Args={'carousel': 'attract', 'direction': 'forwards', 'item': 'title'}
2026-02-15 14:23:09,789 : INFO : SwitchController : <<<<<<< 's_16_right_flipper' inactive >>>>>>>
2026-02-15 14:23:10,222 : INFO : SwitchController : <<<<<<< 's_08_left_flipper' active >>>>>>>
2026-02-15 14:23:10,222 : INFO : EventManager : Event: ======'s_08_left_flipper_active'====== Args={}
2026-02-15 14:23:10,222 : INFO : EventManager : Event: ======'carousel_item_highlighted'====== Args={'carousel': 'attract', 'direction': 'backwards', 'item': 'mpf_logo'}
2026-02-15 14:23:10,272 : INFO : SwitchController : <<<<<<< 's_08_left_flipper' inactive >>>>>>>
2026-02-15 14:23:10,372 : INFO : SwitchController : <<<<<<< 's_08_left_flipper' active >>>>>>>
2026-02-15 14:23:10,372 : INFO : EventManager : Event: ======'s_08_left_flipper_active'====== Args={}
2026-02-15 14:23:10,372 : INFO : EventManager : Event: ======'carousel_item_highlighted'====== Args={'carousel': 'attract', 'direction': 'backwards', 'item': 'credits'}
2026-02-15 14:23:10,439 : INFO : SwitchController : <<<<<<< 's_08_left_flipper' inactive >>>>>>>
2026-02-15 14:23:10,555 : INFO : SwitchController : <<<<<<< 's_08_left_flipper' active >>>>>>>
2026-02-15 14:23:10,556 : INFO : EventManager : Event: ======'s_08_left_flipper_active'====== Args={}
2026-02-15 14:23:10,556 : INFO : EventManager : Event: ======'carousel_item_highlighted'====== Args={'carousel': 'attract', 'direction': 'backwards', 'item': 'title'}
2026-02-15 14:23:10,606 : INFO : SwitchController : <<<<<<< 's_08_left_flipper' inactive >>>>>>>
2026-02-15 14:23:10,722 : INFO : SwitchController : <<<<<<< 's_08_left_flipper' active >>>>>>>
2026-02-15 14:23:10,722 : INFO : EventManager : Event: ======'s_08_left_flipper_active'====== Args={}
2026-02-15 14:23:10,722 : INFO : EventManager : Event: ======'carousel_item_highlighted'====== Args={'carousel': 'attract', 'direction': 'backwards', 'item': 'mpf_logo'}
2026-02-15 14:23:10,756 : INFO : SwitchController : <<<<<<< 's_08_left_flipper' inactive >>>>>>>
2026-02-15 14:23:10,889 : INFO : SwitchController : <<<<<<< 's_08_left_flipper' active >>>>>>>
2026-02-15 14:23:10,889 : INFO : EventManager : Event: ======'s_08_left_flipper_active'====== Args={}
2026-02-15 14:23:10,889 : INFO : EventManager : Event: ======'carousel_item_highlighted'====== Args={'carousel': 'attract', 'direction': 'backwards', 'item': 'credits'}
2026-02-15 14:23:10,956 : INFO : SwitchController : <<<<<<< 's_08_left_flipper' inactive >>>>>>>
2026-02-15 14:23:11,256 : INFO : SwitchController : <<<<<<< 's_16_right_flipper' active >>>>>>>
2026-02-15 14:23:11,256 : INFO : EventManager : Event: ======'s_16_right_flipper_active'====== Args={}
2026-02-15 14:23:11,256 : INFO : EventManager : Event: ======'carousel_item_highlighted'====== Args={'carousel': 'attract', 'direction': 'forwards', 'item': 'mpf_logo'}
2026-02-15 14:23:11,322 : INFO : SwitchController : <<<<<<< 's_16_right_flipper' inactive >>>>>>>
2026-02-15 14:23:11,439 : INFO : SwitchController : <<<<<<< 's_16_right_flipper' active >>>>>>>
2026-02-15 14:23:11,439 : INFO : EventManager : Event: ======'s_16_right_flipper_active'====== Args={}
2026-02-15 14:23:11,439 : INFO : EventManager : Event: ======'carousel_item_highlighted'====== Args={'carousel': 'attract', 'direction': 'forwards', 'item': 'title'}
2026-02-15 14:23:11,489 : INFO : SwitchController : <<<<<<< 's_16_right_flipper' inactive >>>>>>>
2026-02-15 14:23:11,639 : INFO : SwitchController : <<<<<<< 's_16_right_flipper' active >>>>>>>
2026-02-15 14:23:11,639 : INFO : EventManager : Event: ======'s_16_right_flipper_active'====== Args={}
2026-02-15 14:23:11,639 : INFO : EventManager : Event: ======'carousel_item_highlighted'====== Args={'carousel': 'attract', 'direction': 'forwards', 'item': 'credits'}
2026-02-15 14:23:11,672 : INFO : SwitchController : <<<<<<< 's_16_right_flipper' inactive >>>>>>>
2026-02-15 14:23:11,822 : INFO : SwitchController : <<<<<<< 's_16_right_flipper' active >>>>>>>
2026-02-15 14:23:11,822 : INFO : EventManager : Event: ======'s_16_right_flipper_active'====== Args={}
2026-02-15 14:23:11,822 : INFO : EventManager : Event: ======'carousel_item_highlighted'====== Args={'carousel': 'attract', 'direction': 'forwards', 'item': 'mpf_logo'}
2026-02-15 14:23:11,872 : INFO : SwitchController : <<<<<<< 's_16_right_flipper' inactive >>>>>>>
2026-02-15 14:23:12,239 : INFO : SwitchController : <<<<<<< 's_08_left_flipper' active >>>>>>>
2026-02-15 14:23:12,239 : INFO : EventManager : Event: ======'s_08_left_flipper_active'====== Args={}
2026-02-15 14:23:12,239 : INFO : EventManager : Event: ======'carousel_item_highlighted'====== Args={'carousel': 'attract', 'direction': 'backwards', 'item': 'credits'}
2026-02-15 14:23:12,305 : INFO : SwitchController : <<<<<<< 's_08_left_flipper' inactive >>>>>>>
2026-02-15 14:23:12,422 : INFO : SwitchController : <<<<<<< 's_08_left_flipper' active >>>>>>>
2026-02-15 14:23:12,422 : INFO : EventManager : Event: ======'s_08_left_flipper_active'====== Args={}
2026-02-15 14:23:12,422 : INFO : EventManager : Event: ======'carousel_item_highlighted'====== Args={'carousel': 'attract', 'direction': 'backwards', 'item': 'title'}
2026-02-15 14:23:12,472 : INFO : SwitchController : <<<<<<< 's_08_left_flipper' inactive >>>>>>>
2026-02-15 14:23:12,572 : INFO : SwitchController : <<<<<<< 's_08_left_flipper' active >>>>>>>
2026-02-15 14:23:12,572 : INFO : EventManager : Event: ======'s_08_left_flipper_active'====== Args={}
2026-02-15 14:23:12,572 : INFO : EventManager : Event: ======'carousel_item_highlighted'====== Args={'carousel': 'attract', 'direction': 'backwards', 'item': 'mpf_logo'}
2026-02-15 14:23:12,655 : INFO : SwitchController : <<<<<<< 's_08_left_flipper' inactive >>>>>>>
2026-02-15 14:23:12,772 : INFO : SwitchController : <<<<<<< 's_08_left_flipper' active >>>>>>>
2026-02-15 14:23:12,772 : INFO : EventManager : Event: ======'s_08_left_flipper_active'====== Args={}
2026-02-15 14:23:12,772 : INFO : EventManager : Event: ======'carousel_item_highlighted'====== Args={'carousel': 'attract', 'direction': 'backwards', 'item': 'credits'}
2026-02-15 14:23:12,856 : INFO : SwitchController : <<<<<<< 's_08_left_flipper' inactive >>>>>>>
2026-02-15 14:23:13,322 : INFO : SwitchController : <<<<<<< 's_08_left_flipper' active >>>>>>>
2026-02-15 14:23:13,322 : INFO : EventManager : Event: ======'s_08_left_flipper_active'====== Args={}
2026-02-15 14:23:13,322 : INFO : EventManager : Event: ======'carousel_item_highlighted'====== Args={'carousel': 'attract', 'direction': 'backwards', 'item': 'title'}
2026-02-15 14:23:13,372 : INFO : SwitchController : <<<<<<< 's_08_left_flipper' inactive >>>>>>>
2026-02-15 14:23:13,456 : INFO : SwitchController : <<<<<<< 's_08_left_flipper' active >>>>>>>
2026-02-15 14:23:13,456 : INFO : EventManager : Event: ======'s_08_left_flipper_active'====== Args={}
2026-02-15 14:23:13,456 : INFO : EventManager : Event: ======'carousel_item_highlighted'====== Args={'carousel': 'attract', 'direction': 'backwards', 'item': 'mpf_logo'}
2026-02-15 14:23:13,539 : INFO : SwitchController : <<<<<<< 's_08_left_flipper' inactive >>>>>>>
2026-02-15 14:23:13,622 : INFO : SwitchController : <<<<<<< 's_08_left_flipper' active >>>>>>>
2026-02-15 14:23:13,622 : INFO : EventManager : Event: ======'s_08_left_flipper_active'====== Args={}
2026-02-15 14:23:13,622 : INFO : EventManager : Event: ======'carousel_item_highlighted'====== Args={'carousel': 'attract', 'direction': 'backwards', 'item': 'credits'}
2026-02-15 14:23:13,672 : INFO : SwitchController : <<<<<<< 's_08_left_flipper' inactive >>>>>>>
2026-02-15 14:23:13,822 : INFO : SwitchController : <<<<<<< 's_08_left_flipper' active >>>>>>>
2026-02-15 14:23:13,822 : INFO : EventManager : Event: ======'s_08_left_flipper_active'====== Args={}
2026-02-15 14:23:13,822 : INFO : EventManager : Event: ======'carousel_item_highlighted'====== Args={'carousel': 'attract', 'direction': 'backwards', 'item': 'title'}
2026-02-15 14:23:13,872 : INFO : SwitchController : <<<<<<< 's_08_left_flipper' inactive >>>>>>>
2026-02-15 14:23:14,039 : INFO : SwitchController : <<<<<<< 's_16_right_flipper' active >>>>>>>
2026-02-15 14:23:14,039 : INFO : EventManager : Event: ======'s_16_right_flipper_active'====== Args={}
2026-02-15 14:23:14,039 : INFO : EventManager : Event: ======'carousel_item_highlighted'====== Args={'carousel': 'attract', 'direction': 'forwards', 'item': 'credits'}
2026-02-15 14:23:14,106 : INFO : SwitchController : <<<<<<< 's_16_right_flipper' inactive >>>>>>>
2026-02-15 14:23:14,222 : INFO : SwitchController : <<<<<<< 's_16_right_flipper' active >>>>>>>
2026-02-15 14:23:14,222 : INFO : EventManager : Event: ======'s_16_right_flipper_active'====== Args={}
2026-02-15 14:23:14,222 : INFO : EventManager : Event: ======'carousel_item_highlighted'====== Args={'carousel': 'attract', 'direction': 'forwards', 'item': 'mpf_logo'}
2026-02-15 14:23:14,272 : INFO : SwitchController : <<<<<<< 's_16_right_flipper' inactive >>>>>>>
2026-02-15 14:23:14,405 : INFO : SwitchController : <<<<<<< 's_16_right_flipper' active >>>>>>>
2026-02-15 14:23:14,406 : INFO : EventManager : Event: ======'s_16_right_flipper_active'====== Args={}
2026-02-15 14:23:14,406 : INFO : EventManager : Event: ======'carousel_item_highlighted'====== Args={'carousel': 'attract', 'direction': 'forwards', 'item': 'title'}
2026-02-15 14:23:14,439 : INFO : SwitchController : <<<<<<< 's_16_right_flipper' inactive >>>>>>>
2026-02-15 14:23:14,555 : INFO : SwitchController : <<<<<<< 's_16_right_flipper' active >>>>>>>
2026-02-15 14:23:14,556 : INFO : EventManager : Event: ======'s_16_right_flipper_active'====== Args={}
2026-02-15 14:23:14,556 : INFO : EventManager : Event: ======'carousel_item_highlighted'====== Args={'carousel': 'attract', 'direction': 'forwards', 'item': 'credits'}
2026-02-15 14:23:14,606 : INFO : SwitchController : <<<<<<< 's_16_right_flipper' inactive >>>>>>>
2026-02-15 14:23:14,739 : INFO : SwitchController : <<<<<<< 's_16_right_flipper' active >>>>>>>
2026-02-15 14:23:14,739 : INFO : EventManager : Event: ======'s_16_right_flipper_active'====== Args={}
2026-02-15 14:23:14,739 : INFO : EventManager : Event: ======'carousel_item_highlighted'====== Args={'carousel': 'attract', 'direction': 'forwards', 'item': 'mpf_logo'}
2026-02-15 14:23:14,789 : INFO : SwitchController : <<<<<<< 's_16_right_flipper' inactive >>>>>>>
2026-02-15 14:23:14,889 : INFO : SwitchController : <<<<<<< 's_16_right_flipper' active >>>>>>>
2026-02-15 14:23:14,889 : INFO : EventManager : Event: ======'s_16_right_flipper_active'====== Args={}
2026-02-15 14:23:14,889 : INFO : EventManager : Event: ======'carousel_item_highlighted'====== Args={'carousel': 'attract', 'direction': 'forwards', 'item': 'title'}
2026-02-15 14:23:14,939 : INFO : SwitchController : <<<<<<< 's_16_right_flipper' inactive >>>>>>>
2026-02-15 14:23:15,072 : INFO : SwitchController : <<<<<<< 's_16_right_flipper' active >>>>>>>
2026-02-15 14:23:15,072 : INFO : EventManager : Event: ======'s_16_right_flipper_active'====== Args={}
2026-02-15 14:23:15,072 : INFO : EventManager : Event: ======'carousel_item_highlighted'====== Args={'carousel': 'attract', 'direction': 'forwards', 'item': 'credits'}
2026-02-15 14:23:15,122 : INFO : SwitchController : <<<<<<< 's_16_right_flipper' inactive >>>>>>>
2026-02-15 14:23:15,239 : INFO : SwitchController : <<<<<<< 's_16_right_flipper' active >>>>>>>
2026-02-15 14:23:15,239 : INFO : EventManager : Event: ======'s_16_right_flipper_active'====== Args={}
2026-02-15 14:23:15,239 : INFO : EventManager : Event: ======'carousel_item_highlighted'====== Args={'carousel': 'attract', 'direction': 'forwards', 'item': 'mpf_logo'}
2026-02-15 14:23:15,289 : INFO : SwitchController : <<<<<<< 's_16_right_flipper' inactive >>>>>>>
2026-02-15 14:23:15,405 : INFO : SwitchController : <<<<<<< 's_16_right_flipper' active >>>>>>>
2026-02-15 14:23:15,406 : INFO : EventManager : Event: ======'s_16_right_flipper_active'====== Args={}
2026-02-15 14:23:15,406 : INFO : EventManager : Event: ======'carousel_item_highlighted'====== Args={'carousel': 'attract', 'direction': 'forwards', 'item': 'title'}
2026-02-15 14:23:15,456 : INFO : SwitchController : <<<<<<< 's_16_right_flipper' inactive >>>>>>>
2026-02-15 14:23:15,572 : INFO : SwitchController : <<<<<<< 's_16_right_flipper' active >>>>>>>
2026-02-15 14:23:15,572 : INFO : EventManager : Event: ======'s_16_right_flipper_active'====== Args={}
2026-02-15 14:23:15,572 : INFO : EventManager : Event: ======'carousel_item_highlighted'====== Args={'carousel': 'attract', 'direction': 'forwards', 'item': 'credits'}
2026-02-15 14:23:15,656 : INFO : SwitchController : <<<<<<< 's_16_right_flipper' inactive >>>>>>>
2026-02-15 14:23:15,772 : INFO : SwitchController : <<<<<<< 's_16_right_flipper' active >>>>>>>
2026-02-15 14:23:15,772 : INFO : EventManager : Event: ======'s_16_right_flipper_active'====== Args={}
2026-02-15 14:23:15,772 : INFO : EventManager : Event: ======'carousel_item_highlighted'====== Args={'carousel': 'attract', 'direction': 'forwards', 'item': 'mpf_logo'}
2026-02-15 14:23:15,856 : INFO : SwitchController : <<<<<<< 's_16_right_flipper' inactive >>>>>>>
2026-02-15 14:24:33,663 : INFO : Machine : Shutting down...
2026-02-15 14:24:33,663 : INFO : EventManager : Event: ======'shutdown'====== Args={}
2026-02-15 14:24:33,666 : INFO : root : MPF run loop ended.
