2026-02-16 09:29:17,305 : INFO : root : Loading config.
2026-02-16 09:29:17,308 : INFO : YamlMultifileConfigLoader : Machine config file #1: config.yaml
2026-02-16 09:29:17,309 : INFO : ConfigProcessor : Loading config from cache: C:\Users\tl\AppData\Local\Temp\86f932e179f318f5dae29f066573dee9.mpf_cache
2026-02-16 09:29:17,398 : INFO : ConfigProcessor : Loading config from cache: C:\Users\tl\AppData\Local\Temp\5e7e3dd8e04e0aa46ea76018297218da.mpf_cache
2026-02-16 09:29:17,399 : INFO : ConfigProcessor : Loading config from cache: C:\Users\tl\AppData\Local\Temp\af6ad0dab2f43bd9cbdac83e0b2786ac.mpf_cache
2026-02-16 09:29:17,400 : INFO : ConfigProcessor : Loading config from cache: C:\Users\tl\AppData\Local\Temp\5e7e3dd8e04e0aa46ea76018297218da.mpf_cache
2026-02-16 09:29:17,400 : INFO : Machine : Mission Pinball Framework Core Engine v0.80.0.dev12
2026-02-16 09:29:17,400 : INFO : Machine : Command line arguments: {'no_load_cache': False, 'create_config_cache': True, 'bcp': True, 'configfile': ['config.yaml'], 'force_assets_load': False, 'platform_integration_test': False, 'jsonlogging': False, 'logfile': 'logs\\2026-02-16-09-29-17-mpf-DESKTOP-HV85DRD.log', 'pause': False, 'production': False, 'text_ui': True, 'loglevel': 15, 'consoleloglevel': 20, 'force_platform': 'virtual', 'syslog_address': None, 'full_logfile_path': 'C:\\Users\\tl\\Documents\\tl-pinball\\logs\\2026-02-16-09-29-17-mpf-DESKTOP-HV85DRD.log'}
2026-02-16 09:29:17,400 : INFO : Machine : MPF path: C:\mpf\Lib\site-packages\mpf
2026-02-16 09:29:17,401 : INFO : Machine : Machine path: C:\Users\tl\Documents\tl-pinball
2026-02-16 09:29:17,401 : INFO : Machine : Platform: win32
2026-02-16 09:29:17,401 : INFO : Machine : Python executable location: C:\mpf\Scripts\python.exe
2026-02-16 09:29:17,401 : INFO : Machine : Python version: 3.12.7 (64-bit)
2026-02-16 09:29:17,402 : INFO : Machine : Initializing MPF...
2026-02-16 09:29:17,631 : INFO : EventManager : Event: ======'machine_var_credits_string'====== Args={'value': 'FREE PLAY', 'prev_value': None, 'change': True}
2026-02-16 09:29:17,653 : INFO : EventManager : Event: ======'machine_var_master_volume'====== Args={'value': 0.55, 'prev_value': None, 'change': True}
2026-02-16 09:29:17,654 : INFO : EventManager : Event: ======'machine_var_player1_score'====== Args={'value': 0, 'prev_value': None, 'change': True}
2026-02-16 09:29:17,654 : INFO : EventManager : Event: ======'machine_var_mpf_version'====== Args={'value': 'Mission Pinball Framework v0.80.0.dev12', 'prev_value': None, 'change': True}
2026-02-16 09:29:17,654 : INFO : EventManager : Event: ======'machine_var_mpf_extended_version'====== Args={'value': 'Mission Pinball Framework v0.80.0.dev12, Config version:6, Show version: 6, BCP version:1.1', 'prev_value': None, 'change': True}
2026-02-16 09:29:17,654 : INFO : EventManager : Event: ======'machine_var_python_version'====== Args={'value': '3.12.7', 'prev_value': None, 'change': True}
2026-02-16 09:29:17,751 : INFO : EventManager : Event: ======'machine_var_platform'====== Args={'value': 'Windows-10-10.0.19044-SP0', 'prev_value': None, 'change': True}
2026-02-16 09:29:17,751 : INFO : EventManager : Event: ======'machine_var_platform_system'====== Args={'value': 'Windows', 'prev_value': None, 'change': True}
2026-02-16 09:29:17,751 : INFO : EventManager : Event: ======'machine_var_platform_release'====== Args={'value': '10', 'prev_value': None, 'change': True}
2026-02-16 09:29:17,751 : INFO : EventManager : Event: ======'machine_var_platform_version'====== Args={'value': '10.0.19044', 'prev_value': None, 'change': True}
2026-02-16 09:29:17,751 : INFO : EventManager : Event: ======'machine_var_platform_machine'====== Args={'value': 'AMD64', 'prev_value': None, 'change': True}
2026-02-16 09:29:17,751 : INFO : EventManager : Event: ======'machine_var_log_file_path'====== Args={'value': 'C:\\Users\\tl\\Documents\\tl-pinball\\logs\\2026-02-16-09-29-17-mpf-DESKTOP-HV85DRD.log', 'prev_value': None, 'change': True}
2026-02-16 09:29:17,751 : INFO : EventManager : Event: ======'init_phase_1'====== Args={}
2026-02-16 09:29:17,777 : INFO : EventManager : Event: ======'drop_target_bank_dt_bank_1_4_up'====== Args={}
2026-02-16 09:29:17,777 : INFO : EventManager : Event: ======'drop_target_bank_dt_bank_5_7_up'====== Args={}
2026-02-16 09:29:17,779 : INFO : EventManager : Event: ======'init_phase_2'====== Args={}
2026-02-16 09:29:17,783 : INFO : EventManager : Event: ======'bcp_connection_attempt'====== Args={'name': 'local_display', 'host': 'localhost', 'port': 5050}
2026-02-16 09:29:17,784 : INFO : BCPClientSocket : Connecting BCP to 'local_display' at localhost:5050...
2026-02-16 09:29:19,570 : INFO : Machine : Starting the main run loop with active modes: []
2026-02-16 09:29:19,570 : WARNING : Machine : Attract mode is not active, game will not be playable. Please check your attract mode configuration.
2026-02-16 09:29:19,570 : INFO : Machine : Shutting down...
2026-02-16 09:29:19,570 : INFO : EventManager : Event: ======'shutdown'====== Args={}
2026-02-16 09:29:20,576 : INFO : root : MPF run loop ended.
