2026-06-29 21:00:22,657 : INFO : root : Loading config.
2026-06-29 21:00:22,682 : INFO : YamlMultifileConfigLoader : Machine config file #1: config.yaml
2026-06-29 21:00:22,682 : INFO : ConfigProcessor : Loading config from cache: C:\Users\tl\AppData\Local\Temp\86f932e179f318f5dae29f066573dee9.mpf_cache
2026-06-29 21:00:22,807 : INFO : ConfigProcessor : Loading config from cache: C:\Users\tl\AppData\Local\Temp\5e7e3dd8e04e0aa46ea76018297218da.mpf_cache
2026-06-29 21:00:22,808 : INFO : ConfigProcessor : Loading config from cache: C:\Users\tl\AppData\Local\Temp\af6ad0dab2f43bd9cbdac83e0b2786ac.mpf_cache
2026-06-29 21:00:22,826 : INFO : ConfigProcessor : Loading config from cache: C:\Users\tl\AppData\Local\Temp\5e7e3dd8e04e0aa46ea76018297218da.mpf_cache
2026-06-29 21:00:22,827 : INFO : ConfigProcessor : Loading config from cache: C:\Users\tl\AppData\Local\Temp\078e3f4c59f1cd1bf0ff8685cc9e7ff5.mpf_cache
2026-06-29 21:00:22,843 : INFO : ConfigProcessor : Loading config from cache: C:\Users\tl\AppData\Local\Temp\279434e09bc5e8b073f441f36778b3c5.mpf_cache
2026-06-29 21:00:22,859 : INFO : ConfigProcessor : Loading config from cache: C:\Users\tl\AppData\Local\Temp\f7ef3217062c4a128670875e2cb05ce9.mpf_cache
2026-06-29 21:00:22,877 : INFO : ConfigProcessor : Loading config from cache: C:\Users\tl\AppData\Local\Temp\3f4b5828320b2882d8f6d86277da0e3c.mpf_cache
2026-06-29 21:00:22,895 : INFO : ConfigProcessor : Loading config from cache: C:\Users\tl\AppData\Local\Temp\e0885cd80287b6cf2bdb3b3b7e551419.mpf_cache
2026-06-29 21:00:22,915 : INFO : ConfigProcessor : Loading config from cache: C:\Users\tl\AppData\Local\Temp\21a3b6af72788c31c1bb21496f7d3280.mpf_cache
2026-06-29 21:00:22,917 : INFO : ConfigProcessor : Loading config from cache: C:\Users\tl\AppData\Local\Temp\5ad868424699ac3c9402d8d89c5742fa.mpf_cache
2026-06-29 21:00:22,939 : INFO : ConfigProcessor : Loading config from cache: C:\Users\tl\AppData\Local\Temp\b41aec6702196d0bd650320fa331266f.mpf_cache
2026-06-29 21:00:22,959 : INFO : ConfigProcessor : Loading config from cache: C:\Users\tl\AppData\Local\Temp\a951eeea2c167365e5a009cce33f51d8.mpf_cache
2026-06-29 21:00:22,961 : INFO : ConfigProcessor : Loading config from cache: C:\Users\tl\AppData\Local\Temp\f020dca9eec5e09763b9289397e6c32f.mpf_cache
2026-06-29 21:00:22,965 : INFO : ConfigProcessor : Loading config from cache: C:\Users\tl\AppData\Local\Temp\edce5a74ebf86ee6330810859c361ede.mpf_cache
2026-06-29 21:00:22,987 : INFO : ConfigProcessor : Loading config from cache: C:\Users\tl\AppData\Local\Temp\7c825e76f3d981841c3099d018a06a8f.mpf_cache
2026-06-29 21:00:22,990 : INFO : ConfigProcessor : Loading config from cache: C:\Users\tl\AppData\Local\Temp\4c1252d1f04cb61ecc91110937cfd225.mpf_cache
2026-06-29 21:00:22,992 : INFO : ConfigProcessor : Loading config from cache: C:\Users\tl\AppData\Local\Temp\8d6d681afe5a7b6e9186321cd98f18ca.mpf_cache
2026-06-29 21:00:22,996 : INFO : ConfigProcessor : Loading config from cache: C:\Users\tl\AppData\Local\Temp\6ca6a8b9cb340c3b8d36233eeb0719a5.mpf_cache
2026-06-29 21:00:22,998 : INFO : ConfigProcessor : Loading config from cache: C:\Users\tl\AppData\Local\Temp\d7f9969d1a13fb8a4ff98949110a3363.mpf_cache
2026-06-29 21:00:23,000 : INFO : ConfigProcessor : Loading config from cache: C:\Users\tl\AppData\Local\Temp\ea483b3190585f1b6f58e5d4b3be4053.mpf_cache
2026-06-29 21:00:23,002 : INFO : ConfigProcessor : Loading config from cache: C:\Users\tl\AppData\Local\Temp\29a24a1f58555604e17f1620fab88485.mpf_cache
2026-06-29 21:00:23,012 : INFO : ConfigProcessor : Loading config from cache: C:\Users\tl\AppData\Local\Temp\9e4f4ac993fe3c13c573513cb70c74c1.mpf_cache
2026-06-29 21:00:23,016 : INFO : ConfigProcessor : Loading config from cache: C:\Users\tl\AppData\Local\Temp\271b31ea91f7fc416a689202738fcb25.mpf_cache
2026-06-29 21:00:23,042 : INFO : ConfigProcessor : Loading config from cache: C:\Users\tl\AppData\Local\Temp\d5113bae71fe9b2600b29bf116525aac.mpf_cache
2026-06-29 21:00:23,066 : INFO : ConfigProcessor : Loading config from cache: C:\Users\tl\AppData\Local\Temp\ae5d383473e063efe671bf30ab478239.mpf_cache
2026-06-29 21:00:23,088 : INFO : ConfigProcessor : Loading config from cache: C:\Users\tl\AppData\Local\Temp\46870b44a1c011c86a746a823adf6b5a.mpf_cache
2026-06-29 21:00:23,109 : INFO : ConfigProcessor : Loading config from cache: C:\Users\tl\AppData\Local\Temp\0cf169c51710e2e034dc49f1aab9dfdd.mpf_cache
2026-06-29 21:00:23,136 : INFO : ConfigProcessor : Loading config from cache: C:\Users\tl\AppData\Local\Temp\7f1f48089af53c0812f6ef7352fae9fc.mpf_cache
2026-06-29 21:00:23,139 : INFO : ConfigProcessor : Loading config from cache: C:\Users\tl\AppData\Local\Temp\a16abf331f3e7de6af87e663850f3d9e.mpf_cache
2026-06-29 21:00:23,142 : INFO : ConfigProcessor : Loading config from cache: C:\Users\tl\AppData\Local\Temp\38e2b0a0c5cbde9df196d324be754e6f.mpf_cache
2026-06-29 21:00:23,164 : INFO : ConfigProcessor : Loading config from cache: C:\Users\tl\AppData\Local\Temp\e80dee9eca7c5982ccbcb422c91db859.mpf_cache
2026-06-29 21:00:23,167 : INFO : ConfigProcessor : Loading config from cache: C:\Users\tl\AppData\Local\Temp\0109be63d67329a8885529bd2a71548c.mpf_cache
2026-06-29 21:00:23,169 : INFO : ConfigProcessor : Loading config from cache: C:\Users\tl\AppData\Local\Temp\61bab561dcce3f0c07355166d6e0f761.mpf_cache
2026-06-29 21:00:23,171 : INFO : ConfigProcessor : Loading config from cache: C:\Users\tl\AppData\Local\Temp\25d2f8081a4f10d84b73dba07eba574c.mpf_cache
2026-06-29 21:00:23,193 : WARNING : ConfigProcessor : Config file in cache changed: C:\Users\tl\Documents\tl-pinball\shows\.\show_backglass_portal.yaml
2026-06-29 21:00:23,193 : INFO : ConfigProcessor : Loading config from file C:\Users\tl\Documents\tl-pinball\shows\.\show_backglass_portal.yaml.
2026-06-29 21:00:23,210 : INFO : ConfigProcessor : Loading config: C:\Users\tl\Documents\tl-pinball\shows\.\show_backglass_portal.yaml
2026-06-29 21:00:23,210 : INFO : ConfigProcessor : Config file cache created: C:\Users\tl\AppData\Local\Temp\5dff49294fdc1400ecd20df1617a2b2f.mpf_cache
2026-06-29 21:00:23,211 : INFO : ConfigProcessor : Loading config from cache: C:\Users\tl\AppData\Local\Temp\eb82598b1fb2ee02b221679b664276f0.mpf_cache
2026-06-29 21:00:23,213 : INFO : ConfigProcessor : Loading config from cache: C:\Users\tl\AppData\Local\Temp\b4fb504f89ca2ed519ed0a0e98e46a04.mpf_cache
2026-06-29 21:00:23,215 : INFO : ConfigProcessor : Loading config from cache: C:\Users\tl\AppData\Local\Temp\a6a2066a35a93afd7c5e023580b97319.mpf_cache
2026-06-29 21:00:23,236 : INFO : ConfigProcessor : Loading config from cache: C:\Users\tl\AppData\Local\Temp\b8c836a76b8f12a6f53828e327bc835b.mpf_cache
2026-06-29 21:00:23,257 : INFO : ConfigProcessor : Loading config from cache: C:\Users\tl\AppData\Local\Temp\a42c9a1e5925ead55e30ef9c3174b8d6.mpf_cache
2026-06-29 21:00:23,259 : INFO : ConfigProcessor : Loading config from cache: C:\Users\tl\AppData\Local\Temp\232eb4bb290f7b6232b4d79d1c841dd5.mpf_cache
2026-06-29 21:00:23,261 : INFO : ConfigProcessor : Loading config from cache: C:\Users\tl\AppData\Local\Temp\a2de7c1b2b3faf18b0affdedaa38907f.mpf_cache
2026-06-29 21:00:23,263 : INFO : ConfigProcessor : Loading config from cache: C:\Users\tl\AppData\Local\Temp\e26965993a19a15abbd54118f3bb1f6b.mpf_cache
2026-06-29 21:00:23,282 : INFO : ConfigProcessor : Loading config from cache: C:\Users\tl\AppData\Local\Temp\1a8067b3018dc540f40ee09fbd30147e.mpf_cache
2026-06-29 21:00:23,303 : INFO : ConfigProcessor : Loading config from cache: C:\Users\tl\AppData\Local\Temp\34d2c1cbec8fdaa1db7761a61cc7c1b6.mpf_cache
2026-06-29 21:00:23,329 : INFO : ConfigProcessor : Loading config from cache: C:\Users\tl\AppData\Local\Temp\4065fa59aedcbd523b942a40672a4db1.mpf_cache
2026-06-29 21:00:23,355 : INFO : ConfigProcessor : Loading config from cache: C:\Users\tl\AppData\Local\Temp\911efd7252939128e304c2322100ac37.mpf_cache
2026-06-29 21:00:23,372 : INFO : ConfigProcessor : Loading config from cache: C:\Users\tl\AppData\Local\Temp\95a50568c399a025ef217996526f3494.mpf_cache
2026-06-29 21:00:23,389 : INFO : ConfigProcessor : Loading config from cache: C:\Users\tl\AppData\Local\Temp\4fa9cf92dccc774be532e383b837572e.mpf_cache
2026-06-29 21:00:23,406 : INFO : ConfigProcessor : Loading config from cache: C:\Users\tl\AppData\Local\Temp\7d6afe43d2cd59003bd26d29f6951346.mpf_cache
2026-06-29 21:00:23,408 : INFO : ConfigProcessor : Loading config from cache: C:\Users\tl\AppData\Local\Temp\3ec53097f46dd8f92da5caf7a9362729.mpf_cache
2026-06-29 21:00:23,430 : INFO : ConfigProcessor : Loading config from cache: C:\Users\tl\AppData\Local\Temp\c36da47bad15180a41187d147cb7917e.mpf_cache
2026-06-29 21:00:23,432 : INFO : ConfigProcessor : Loading config from cache: C:\Users\tl\AppData\Local\Temp\ca9866041621d35ab6358609b63e90d5.mpf_cache
2026-06-29 21:00:23,451 : INFO : ConfigProcessor : Loading config from cache: C:\Users\tl\AppData\Local\Temp\d3b229dc9cb99a8202099f03c2a43090.mpf_cache
2026-06-29 21:00:23,474 : INFO : ConfigProcessor : Loading config from cache: C:\Users\tl\AppData\Local\Temp\81582981e74d3995e366d06d8338d799.mpf_cache
2026-06-29 21:00:23,496 : INFO : ConfigProcessor : Loading config from cache: C:\Users\tl\AppData\Local\Temp\5b34afe52ee194dd00e9309f3b7b7351.mpf_cache
2026-06-29 21:00:23,520 : INFO : ConfigProcessor : Loading config from cache: C:\Users\tl\AppData\Local\Temp\879969db85bf719d2fcb9e04ce9b1f2c.mpf_cache
2026-06-29 21:00:23,543 : INFO : ConfigProcessor : Loading config from cache: C:\Users\tl\AppData\Local\Temp\b4093eb1dd81447678927dbfa4b9c600.mpf_cache
2026-06-29 21:00:23,565 : INFO : ConfigProcessor : Loading config from cache: C:\Users\tl\AppData\Local\Temp\e35a82f552c222d594bf16e07246473c.mpf_cache
2026-06-29 21:00:23,583 : INFO : ConfigProcessor : Loading config from cache: C:\Users\tl\AppData\Local\Temp\a4723462ff8ee54e9440eae8a1a4781c.mpf_cache
2026-06-29 21:00:23,606 : INFO : ConfigProcessor : Loading config from cache: C:\Users\tl\AppData\Local\Temp\33800f163ed2f7721971ef060d638387.mpf_cache
2026-06-29 21:00:23,634 : INFO : ConfigProcessor : Loading config from cache: C:\Users\tl\AppData\Local\Temp\cfac8a12b8c870509d27980bb08852ae.mpf_cache
2026-06-29 21:00:23,657 : INFO : ConfigProcessor : Loading config from cache: C:\Users\tl\AppData\Local\Temp\83c76c71cb0df61411f4c0eb7dea7353.mpf_cache
2026-06-29 21:00:23,709 : INFO : ConfigProcessor : Loading config from cache: C:\Users\tl\AppData\Local\Temp\7db44b334d172168fab831ef3c57ff8b.mpf_cache
2026-06-29 21:00:23,778 : INFO : ConfigProcessor : Loading config from cache: C:\Users\tl\AppData\Local\Temp\0209fa69c7ceb7b65d8e49418413a2d4.mpf_cache
2026-06-29 21:00:23,901 : INFO : ConfigProcessor : Loading config from cache: C:\Users\tl\AppData\Local\Temp\9eec954e3a0a7462dea03c8c17cb64d9.mpf_cache
2026-06-29 21:00:24,049 : INFO : ConfigProcessor : Loading config from cache: C:\Users\tl\AppData\Local\Temp\456118bf1ce6b85e98a4b068670426da.mpf_cache
2026-06-29 21:00:24,141 : INFO : ConfigProcessor : Loading config from cache: C:\Users\tl\AppData\Local\Temp\5d7ea21ac1dbbe8d902c44335cb580f3.mpf_cache
2026-06-29 21:00:24,350 : INFO : ConfigProcessor : Loading config from cache: C:\Users\tl\AppData\Local\Temp\3c338cf0a5e3d861413d7d2f266c3053.mpf_cache
2026-06-29 21:00:24,407 : INFO : ConfigProcessor : Loading config from cache: C:\Users\tl\AppData\Local\Temp\7da579784f035f2b4609b04d18d514d9.mpf_cache
2026-06-29 21:00:24,436 : INFO : ConfigProcessor : Loading config from cache: C:\Users\tl\AppData\Local\Temp\ffa5a16e3925fe77c4aff5ce9d0caddb.mpf_cache
2026-06-29 21:00:24,460 : INFO : ConfigProcessor : Loading config from cache: C:\Users\tl\AppData\Local\Temp\08e4cfee44032ad50b613fdfc1c76afd.mpf_cache
2026-06-29 21:00:24,477 : INFO : ConfigProcessor : Loading config from cache: C:\Users\tl\AppData\Local\Temp\8f542fdb27a9c7af6359517ab8d171a1.mpf_cache
2026-06-29 21:00:24,478 : INFO : ConfigProcessor : Loading config from cache: C:\Users\tl\AppData\Local\Temp\c899bce83960d7b8a909fd30af5ba34c.mpf_cache
2026-06-29 21:00:24,480 : INFO : ConfigProcessor : Loading config from cache: C:\Users\tl\AppData\Local\Temp\e3f8c10279e680757f03e6b0889aa739.mpf_cache
2026-06-29 21:00:24,495 : INFO : ConfigProcessor : Loading config from cache: C:\Users\tl\AppData\Local\Temp\ff087817282734556151e8020b1fd49c.mpf_cache
2026-06-29 21:00:24,512 : INFO : ConfigProcessor : Loading config from cache: C:\Users\tl\AppData\Local\Temp\17b17d6e70b510a409968e15bd8ba63c.mpf_cache
2026-06-29 21:00:24,629 : INFO : ConfigProcessor : Loading config from cache: C:\Users\tl\AppData\Local\Temp\7597473749050946854e5e52d7c2d79a.mpf_cache
2026-06-29 21:00:24,660 : INFO : ConfigProcessor : Loading config from cache: C:\Users\tl\AppData\Local\Temp\31f3b89ebad27aaf6ad1cb7b6e8c1ae3.mpf_cache
2026-06-29 21:00:24,662 : INFO : ConfigProcessor : Loading config from cache: C:\Users\tl\AppData\Local\Temp\5bdc262ac811f8916946a10b325faaed.mpf_cache
2026-06-29 21:00:24,785 : INFO : ConfigProcessor : Loading config from cache: C:\Users\tl\AppData\Local\Temp\4262986a441bb7754780f112bb0e0c56.mpf_cache
2026-06-29 21:00:24,802 : INFO : ConfigProcessor : Loading config from cache: C:\Users\tl\AppData\Local\Temp\d572a2de143bf480090a737668938cb0.mpf_cache
2026-06-29 21:00:24,818 : INFO : ConfigProcessor : Loading config from cache: C:\Users\tl\AppData\Local\Temp\2e7beac76d3bca457a3a521575ba4ead.mpf_cache
2026-06-29 21:00:24,834 : INFO : ConfigProcessor : Loading config from cache: C:\Users\tl\AppData\Local\Temp\7c0931ffc6b13496fd8fae8b9d1b7a08.mpf_cache
2026-06-29 21:00:24,836 : INFO : ConfigProcessor : Loading config from cache: C:\Users\tl\AppData\Local\Temp\62404ae2e9ee2b95d65f52fccac154f0.mpf_cache
2026-06-29 21:00:24,837 : INFO : ConfigProcessor : Loading config from cache: C:\Users\tl\AppData\Local\Temp\d8c27512a4074d58955a247342afc0f0.mpf_cache
2026-06-29 21:00:24,860 : INFO : ConfigProcessor : Loading config from cache: C:\Users\tl\AppData\Local\Temp\537cd9276618929e3a64b374ceb3437f.mpf_cache
2026-06-29 21:00:24,877 : INFO : ConfigProcessor : Loading config from cache: C:\Users\tl\AppData\Local\Temp\cf29873bc64cfbd46b5a5b4c47c95532.mpf_cache
2026-06-29 21:00:24,893 : INFO : ConfigProcessor : Loading config from cache: C:\Users\tl\AppData\Local\Temp\16182b247314d06896cbae33110acd4c.mpf_cache
2026-06-29 21:00:24,912 : INFO : ConfigProcessor : Loading config from cache: C:\Users\tl\AppData\Local\Temp\13826b94a4b36b65ca4171a1d326006f.mpf_cache
2026-06-29 21:00:24,914 : INFO : ConfigProcessor : Loading config from cache: C:\Users\tl\AppData\Local\Temp\34a4b7622c4ff26b43be2fcb96c6a855.mpf_cache
2026-06-29 21:00:24,937 : INFO : ConfigProcessor : Loading config from cache: C:\Users\tl\AppData\Local\Temp\0560061596499ba9c1490154fdcef2ca.mpf_cache
2026-06-29 21:00:24,955 : INFO : ConfigProcessor : Loading config from cache: C:\Users\tl\AppData\Local\Temp\c1896ec26ad05d4cb3e6ad50fd8dc123.mpf_cache
2026-06-29 21:00:24,957 : INFO : ConfigProcessor : Loading config from cache: C:\Users\tl\AppData\Local\Temp\9894a77e77ebcad772e6ab40ada6f893.mpf_cache
2026-06-29 21:00:24,958 : INFO : ConfigProcessor : Loading config from cache: C:\Users\tl\AppData\Local\Temp\33a0313dc768edabc6062a57466c6435.mpf_cache
2026-06-29 21:00:24,960 : INFO : ConfigProcessor : Loading config from cache: C:\Users\tl\AppData\Local\Temp\51d1034df3c2d8154cfea3abae2369be.mpf_cache
2026-06-29 21:00:24,961 : INFO : ConfigProcessor : Loading config from cache: C:\Users\tl\AppData\Local\Temp\2904ce8d8b78981642dc8b63141b390e.mpf_cache
2026-06-29 21:00:25,006 : INFO : ConfigProcessor : Loading config from cache: C:\Users\tl\AppData\Local\Temp\de3c199f73b407edda0c6227f08684dc.mpf_cache
2026-06-29 21:00:25,008 : INFO : ConfigProcessor : Loading config from cache: C:\Users\tl\AppData\Local\Temp\5951b01dcffceee156e3aba13b4691bc.mpf_cache
2026-06-29 21:00:25,010 : INFO : ConfigProcessor : Loading config from cache: C:\Users\tl\AppData\Local\Temp\3ef5173c7a910a36727c66b6285f9c3e.mpf_cache
2026-06-29 21:00:25,011 : INFO : ConfigProcessor : Loading config from cache: C:\Users\tl\AppData\Local\Temp\d5aeeb96f0e3024d102ed6eef227158e.mpf_cache
2026-06-29 21:00:25,013 : INFO : ConfigProcessor : Loading config from cache: C:\Users\tl\AppData\Local\Temp\abac16fdcd8444e81c5d354009d45cba.mpf_cache
2026-06-29 21:00:25,030 : INFO : ConfigProcessor : Loading config from cache: C:\Users\tl\AppData\Local\Temp\1671f2a7e01818367d14934820caa625.mpf_cache
2026-06-29 21:00:25,031 : INFO : ConfigProcessor : Loading config from cache: C:\Users\tl\AppData\Local\Temp\f222a647edf3886b9afe02940fb5218b.mpf_cache
2026-06-29 21:00:25,033 : INFO : ConfigProcessor : Loading config from cache: C:\Users\tl\AppData\Local\Temp\413a5c2ee3ba22f15e31e85070bcc3a0.mpf_cache
2026-06-29 21:00:25,051 : INFO : ConfigProcessor : Loading config from cache: C:\Users\tl\AppData\Local\Temp\8441689a8d32c41acf7df12596aea2a1.mpf_cache
2026-06-29 21:00:25,068 : INFO : ConfigProcessor : Loading config from cache: C:\Users\tl\AppData\Local\Temp\2856cb3dd9823be7f227bcd3e9e74d9c.mpf_cache
2026-06-29 21:00:25,070 : INFO : ConfigProcessor : Loading config from cache: C:\Users\tl\AppData\Local\Temp\7bc597beac49bd83589c0f432d6df3a7.mpf_cache
2026-06-29 21:00:25,086 : INFO : ConfigProcessor : Loading config from cache: C:\Users\tl\AppData\Local\Temp\68aef743ce387ca4b0917854000ab96f.mpf_cache
2026-06-29 21:00:25,088 : INFO : ConfigProcessor : Loading config from cache: C:\Users\tl\AppData\Local\Temp\d8eab45dc417e5712e341a87d617345c.mpf_cache
2026-06-29 21:00:25,089 : INFO : ConfigProcessor : Loading config from cache: C:\Users\tl\AppData\Local\Temp\469f885a0d482cac3db6f093008cfd24.mpf_cache
2026-06-29 21:00:25,105 : INFO : ConfigProcessor : Loading config from cache: C:\Users\tl\AppData\Local\Temp\a268d193aab3d6536668c32d6da9263e.mpf_cache
2026-06-29 21:00:25,106 : INFO : ConfigProcessor : Loading config from cache: C:\Users\tl\AppData\Local\Temp\0ddc24559d577387e7f3127610d528ac.mpf_cache
2026-06-29 21:00:25,122 : INFO : ConfigProcessor : Loading config from cache: C:\Users\tl\AppData\Local\Temp\a63ea6967061a0c2197fb0bb68311879.mpf_cache
2026-06-29 21:00:25,137 : INFO : ConfigProcessor : Loading config from cache: C:\Users\tl\AppData\Local\Temp\43577826f0443b71968b5102aaf30af3.mpf_cache
2026-06-29 21:00:25,139 : INFO : ConfigProcessor : Loading config from cache: C:\Users\tl\AppData\Local\Temp\9c5a8c407413e80747afdb721a5b060d.mpf_cache
2026-06-29 21:00:25,140 : INFO : ConfigProcessor : Loading config from cache: C:\Users\tl\AppData\Local\Temp\af0cbbf8538bda34a0e26f98cdd5aca7.mpf_cache
2026-06-29 21:00:25,141 : INFO : ConfigProcessor : Loading config from cache: C:\Users\tl\AppData\Local\Temp\ce8d78fec460068c5bebc943ce9b6f30.mpf_cache
2026-06-29 21:00:25,143 : INFO : ConfigProcessor : Loading config from cache: C:\Users\tl\AppData\Local\Temp\31f829499efdcff804ebe1944d19d329.mpf_cache
2026-06-29 21:00:25,144 : INFO : ConfigProcessor : Loading config from cache: C:\Users\tl\AppData\Local\Temp\79045076bfba23d531ff144ac6757de4.mpf_cache
2026-06-29 21:00:25,145 : INFO : ConfigProcessor : Loading config from cache: C:\Users\tl\AppData\Local\Temp\b26d36d0781b7ac0f26418f65421592c.mpf_cache
2026-06-29 21:00:25,147 : INFO : ConfigProcessor : Loading config from cache: C:\Users\tl\AppData\Local\Temp\8b6f457abf3cfdd87417ebce16fa6732.mpf_cache
2026-06-29 21:00:25,163 : INFO : ConfigProcessor : Loading config from cache: C:\Users\tl\AppData\Local\Temp\c59e3da9fa5362a5c24ac789898ceb13.mpf_cache
2026-06-29 21:00:25,165 : INFO : ConfigProcessor : Loading config from cache: C:\Users\tl\AppData\Local\Temp\701f2c032cd9e807d4fb3fa2828f9b37.mpf_cache
2026-06-29 21:00:25,166 : INFO : ConfigProcessor : Loading config from cache: C:\Users\tl\AppData\Local\Temp\c801690053c2da5c09f6d10b42ee9917.mpf_cache
2026-06-29 21:00:25,167 : INFO : ConfigProcessor : Loading config from cache: C:\Users\tl\AppData\Local\Temp\2e335ca9623f971cc8240d357e9bde21.mpf_cache
2026-06-29 21:00:25,169 : INFO : ConfigProcessor : Loading config from cache: C:\Users\tl\AppData\Local\Temp\291432155100441a6a6d1cc35a9827e6.mpf_cache
2026-06-29 21:00:25,170 : INFO : ConfigProcessor : Loading config from cache: C:\Users\tl\AppData\Local\Temp\3a13ce866f38c1bdfd88cdf5d8a37b57.mpf_cache
2026-06-29 21:00:25,172 : INFO : ConfigProcessor : Loading config from cache: C:\Users\tl\AppData\Local\Temp\67766e06be15afe44bf4653d2e0643ac.mpf_cache
2026-06-29 21:00:25,174 : INFO : ConfigProcessor : Loading config from cache: C:\Users\tl\AppData\Local\Temp\4d0875bd28a5b9899fb2c6e9ca5fbaa0.mpf_cache
2026-06-29 21:00:25,176 : INFO : ConfigProcessor : Loading config from cache: C:\Users\tl\AppData\Local\Temp\013b41c20fe074e5f42d4da80ff7d4bd.mpf_cache
2026-06-29 21:00:25,178 : INFO : ConfigProcessor : Loading config from cache: C:\Users\tl\AppData\Local\Temp\c0155b29343fe146f8483b349919ea50.mpf_cache
2026-06-29 21:00:25,180 : INFO : Machine : Mission Pinball Framework Core Engine v0.80.0.dev12
2026-06-29 21:00:25,180 : INFO : Machine : Command line arguments: {'no_load_cache': False, 'create_config_cache': True, 'bcp': True, 'configfile': ['config.yaml'], 'force_assets_load': False, 'platform_integration_test': False, 'jsonlogging': False, 'logfile': 'logs\\2026-06-29-21-00-22-mpf-DESKTOP-HV85DRD.log', 'pause': False, 'production': False, 'text_ui': True, 'loglevel': 15, 'consoleloglevel': 20, 'force_platform': None, 'syslog_address': None, 'full_logfile_path': 'C:\\Users\\tl\\Documents\\tl-pinball\\logs\\2026-06-29-21-00-22-mpf-DESKTOP-HV85DRD.log'}
2026-06-29 21:00:25,180 : INFO : Machine : MPF path: C:\mpf\Lib\site-packages\mpf
2026-06-29 21:00:25,180 : INFO : Machine : Machine path: C:\Users\tl\Documents\tl-pinball
2026-06-29 21:00:25,180 : INFO : Machine : Platform: win32
2026-06-29 21:00:25,180 : INFO : Machine : Python executable location: C:\mpf\Scripts\python.exe
2026-06-29 21:00:25,180 : INFO : Machine : Python version: 3.12.7 (64-bit)
2026-06-29 21:00:25,181 : INFO : Machine : Initializing MPF...
2026-06-29 21:00:25,438 : INFO : FAST [NET] : Trying to connect to COM4 at 921600bps
2026-06-29 21:00:25,442 : INFO : FAST [NET] : Connected to COM4 at 921600bps
2026-06-29 21:00:25,553 : INFO : FAST [NET] : Connected to FP-CPU-2000 with firmware v02.26
2026-06-29 21:00:25,585 : INFO : FAST [NET] : Registered I/O Board 0: Model: FP-I/O-0024, Firmware: 01.10, Switches: 24, Drivers: 8
2026-06-29 21:00:25,601 : INFO : FAST [NET] : Registered I/O Board 1: Model: FP-I/O-1616, Firmware: 01.10, Switches: 16, Drivers: 16
2026-06-29 21:00:25,617 : INFO : FAST [NET] : Registered I/O Board 2: Model: FP-I/O-3208, Firmware: 01.10, Switches: 32, Drivers: 8
2026-06-29 21:00:25,633 : INFO : FAST [NET] : Registered I/O Board 3: Model: FP-I/O-1616, Firmware: 01.10, Switches: 16, Drivers: 16
2026-06-29 21:00:25,635 : INFO : FAST [EXP] : Trying to connect to COM5 at 921600bps
2026-06-29 21:00:25,639 : INFO : FAST [EXP] : Connected to COM5 at 921600bps
2026-06-29 21:00:25,761 : INFO : FAST [EXP] : Verifying hardware for EXP "ledcab" (FP-EXP-2000, @48) with ID string "EXP FP-EXP-2000  0.42", board address 48
2026-06-29 21:00:25,777 : INFO : FAST [EXP] : Verifying hardware for EXP "ledcab" (FP-EXP-2000, @48) with ID string "BRK FP-EXP-2000  0.42", board address 480
2026-06-29 21:00:26,779 : ERROR : FAST [EXP] : Timeout waiting for response to BR@48:. Retrying...
2026-06-29 21:00:27,783 : ERROR : FAST [EXP] : Timeout waiting for response to BR@48:. Retrying...
2026-06-29 21:00:27,814 : INFO : FAST [EXP] : Verifying hardware for EXP "ledpf1" (FP-EXP-0081, @84) with ID string "EXP FP-EXP-0081  0.38", board address 84
2026-06-29 21:00:27,829 : INFO : FAST [EXP] : Verifying hardware for EXP "ledpf1" (FP-EXP-0081, @84) with ID string "BRK FP-EXP-0081  0.38", board address 840
2026-06-29 21:00:27,845 : INFO : FAST [EXP] : Verifying hardware for EXP "ledpf1" (FP-EXP-0081, @84) with ID string "BRK FP-EXP-0081  0.38", board address 841
2026-06-29 21:00:28,848 : ERROR : FAST [EXP] : Timeout waiting for response to ID@85:. Retrying...
2026-06-29 21:00:28,863 : INFO : FAST [EXP] : Verifying hardware for EXP "ledpf2" (FP-EXP-0081, @85) with ID string "EXP FP-EXP-0081  0.48", board address 85
2026-06-29 21:00:28,879 : INFO : FAST [EXP] : Verifying hardware for EXP "ledpf2" (FP-EXP-0081, @85) with ID string "BRK FP-EXP-0081  0.48", board address 850
2026-06-29 21:00:28,895 : INFO : FAST [EXP] : Verifying hardware for EXP "ledpf2" (FP-EXP-0081, @85) with ID string "BRK FP-EXP-0081  0.48", board address 851
2026-06-29 21:00:28,911 : INFO : EventManager : Event: ======'machine_var_credits_string'====== Args={'value': 'FREE PLAY', 'prev_value': None, 'change': True}
2026-06-29 21:00:28,933 : INFO : EventManager : Event: ======'machine_var_master_volume'====== Args={'value': 0.5, 'prev_value': None, 'change': True}
2026-06-29 21:00:28,933 : INFO : EventManager : Event: ======'machine_var_player1_score'====== Args={'value': 3604788, 'prev_value': None, 'change': True}
2026-06-29 21:00:28,933 : INFO : EventManager : Event: ======'machine_var_last_game_score'====== Args={'value': 0, 'prev_value': None, 'change': True}
2026-06-29 21:00:28,933 : INFO : EventManager : Event: ======'machine_var_mpf_version'====== Args={'value': 'Mission Pinball Framework v0.80.0.dev12', 'prev_value': None, 'change': True}
2026-06-29 21:00:28,934 : INFO : EventManager : Event: ======'machine_var_mpf_extended_version'====== Args={'value': 'Mission Pinball Framework v0.80.0.dev12, Config version:6, Show version: 6, BCP version:1.1', 'prev_value': None, 'change': True}
2026-06-29 21:00:28,934 : INFO : EventManager : Event: ======'machine_var_python_version'====== Args={'value': '3.12.7', 'prev_value': None, 'change': True}
2026-06-29 21:00:28,960 : INFO : EventManager : Event: ======'machine_var_platform'====== Args={'value': 'Windows-10-10.0.19044-SP0', 'prev_value': None, 'change': True}
2026-06-29 21:00:28,960 : INFO : EventManager : Event: ======'machine_var_platform_system'====== Args={'value': 'Windows', 'prev_value': None, 'change': True}
2026-06-29 21:00:28,960 : INFO : EventManager : Event: ======'machine_var_platform_release'====== Args={'value': '10', 'prev_value': None, 'change': True}
2026-06-29 21:00:28,960 : INFO : EventManager : Event: ======'machine_var_platform_version'====== Args={'value': '10.0.19044', 'prev_value': None, 'change': True}
2026-06-29 21:00:28,960 : INFO : EventManager : Event: ======'machine_var_platform_machine'====== Args={'value': 'AMD64', 'prev_value': None, 'change': True}
2026-06-29 21:00:28,960 : INFO : EventManager : Event: ======'machine_var_log_file_path'====== Args={'value': 'C:\\Users\\tl\\Documents\\tl-pinball\\logs\\2026-06-29-21-00-22-mpf-DESKTOP-HV85DRD.log', 'prev_value': None, 'change': True}
2026-06-29 21:00:28,960 : INFO : EventManager : Event: ======'init_phase_1'====== Args={}
2026-06-29 21:00:29,101 : INFO : EventManager : Event: ======'drop_target_bank_dt_bank_1_4_up'====== Args={}
2026-06-29 21:00:29,101 : INFO : EventManager : Event: ======'drop_target_bank_dt_bank_5_7_up'====== Args={}
2026-06-29 21:00:31,531 : INFO : SwitchController : <<<<<<< 's_24_trough_1' active >>>>>>>
2026-06-29 21:00:31,531 : INFO : SwitchController : <<<<<<< 's_38_star_rollover_bottom' active >>>>>>>
2026-06-29 21:00:31,531 : INFO : SwitchController : <<<<<<< 's_44_spinner_right' active >>>>>>>
2026-06-29 21:00:31,531 : INFO : SwitchController : <<<<<<< 's_71_spinner_left' active >>>>>>>
2026-06-29 21:00:31,615 : INFO : EventManager : Event: ======'init_phase_2'====== Args={}
2026-06-29 21:00:31,615 : INFO : SwitchController : Found active switch: (40, [FAST Platform Interface]) <switch.s_24_trough_1>
2026-06-29 21:00:31,615 : INFO : SwitchController : Found active switch: (54, [FAST Platform Interface]) <switch.s_38_star_rollover_bottom>
2026-06-29 21:00:31,615 : INFO : SwitchController : Found active switch: (60, [FAST Platform Interface]) <switch.s_44_spinner_right>
2026-06-29 21:00:31,615 : INFO : SwitchController : Found active switch: (39, [FAST Platform Interface]) <switch.s_71_spinner_left>
2026-06-29 21:00:31,651 : INFO : EventManager : Event: ======'bcp_connection_attempt'====== Args={'name': 'local_display', 'host': 'localhost', 'port': 5050}
2026-06-29 21:00:31,653 : INFO : BCPClientSocket : Connecting BCP to 'local_display' at localhost:5050...
2026-06-29 21:01:07,542 : INFO : BCPClientSocket : Connected BCP to 'local_display' localhost:5050
2026-06-29 21:01:07,543 : INFO : EventManager : Event: ======'bcp_clients_connected'====== Args={}
2026-06-29 21:01:07,630 : INFO : ball_device.bd_plunger : BCH: Initial count: 0
2026-06-29 21:01:07,631 : INFO : ball_device.bd_plunger : State: idle
2026-06-29 21:01:07,631 : INFO : ball_device.bd_trough : BCH: Initial count: 1
2026-06-29 21:01:07,632 : INFO : ball_device.bd_trough : State: idle
2026-06-29 21:01:07,632 : INFO : ball_device.bd_left_vuk : BCH: Initial count: 0
2026-06-29 21:01:07,633 : INFO : ball_device.bd_left_vuk : State: idle
2026-06-29 21:01:07,634 : INFO : ball_device.bd_right_vuk : BCH: Initial count: 0
2026-06-29 21:01:07,634 : INFO : ball_device.bd_right_vuk : State: idle
2026-06-29 21:01:07,648 : INFO : EventManager : Event: ======'init_phase_3'====== Args={}
2026-06-29 21:02:36,610 : INFO : EventManager : Event: ======'init_phase_4'====== Args={}
2026-06-29 21:02:36,656 : INFO : BallController : Initial balls found: 1
2026-06-29 21:02:36,682 : INFO : EventManager : Event: ======'machine_var_audits_events_game_ended'====== Args={'value': 291, 'prev_value': None, 'change': True}
2026-06-29 21:02:36,682 : INFO : EventManager : Event: ======'machine_var_audits_events_game_started'====== Args={'value': 368, 'prev_value': None, 'change': True}
2026-06-29 21:02:36,683 : INFO : EventManager : Event: ======'machine_var_audits_missing_switches_s_00_service_esc'====== Args={'value': 368, 'prev_value': None, 'change': True}
2026-06-29 21:02:36,683 : INFO : EventManager : Event: ======'machine_var_audits_missing_switches_s_01_service_up'====== Args={'value': 368, 'prev_value': None, 'change': True}
2026-06-29 21:02:36,683 : INFO : EventManager : Event: ======'machine_var_audits_missing_switches_s_02_service_down'====== Args={'value': 368, 'prev_value': None, 'change': True}
2026-06-29 21:02:36,683 : INFO : EventManager : Event: ======'machine_var_audits_missing_switches_s_03_service_enter'====== Args={'value': 368, 'prev_value': None, 'change': True}
2026-06-29 21:02:36,683 : INFO : EventManager : Event: ======'machine_var_audits_missing_switches_s_11_start_button'====== Args={'value': 1, 'prev_value': None, 'change': True}
2026-06-29 21:02:36,683 : INFO : EventManager : Event: ======'machine_var_audits_missing_switches_s_19_cab_arrow_left'====== Args={'value': 17, 'prev_value': None, 'change': True}
2026-06-29 21:02:36,683 : INFO : EventManager : Event: ======'machine_var_audits_missing_switches_s_20_cab_arrow_right'====== Args={'value': 17, 'prev_value': None, 'change': True}
2026-06-29 21:02:36,683 : INFO : EventManager : Event: ======'machine_var_audits_missing_switches_s_32_right_inlane'====== Args={'value': 1, 'prev_value': None, 'change': True}
2026-06-29 21:02:36,683 : INFO : EventManager : Event: ======'machine_var_audits_missing_switches_s_33_right_outlane'====== Args={'value': 3, 'prev_value': None, 'change': True}
2026-06-29 21:02:36,683 : INFO : EventManager : Event: ======'machine_var_audits_missing_switches_s_36_left_outlane'====== Args={'value': 2, 'prev_value': None, 'change': True}
2026-06-29 21:02:36,683 : INFO : EventManager : Event: ======'machine_var_audits_missing_switches_s_38_star_rollover_bottom'====== Args={'value': 368, 'prev_value': None, 'change': True}
2026-06-29 21:02:36,683 : INFO : EventManager : Event: ======'machine_var_audits_missing_switches_s_39_star_rollover_top'====== Args={'value': 84, 'prev_value': None, 'change': True}
2026-06-29 21:02:36,684 : INFO : EventManager : Event: ======'machine_var_audits_missing_switches_s_42_stand_up_target_1'====== Args={'value': 1, 'prev_value': None, 'change': True}
2026-06-29 21:02:36,684 : INFO : EventManager : Event: ======'machine_var_audits_missing_switches_s_44_spinner_right'====== Args={'value': 3, 'prev_value': None, 'change': True}
2026-06-29 21:02:36,684 : INFO : EventManager : Event: ======'machine_var_audits_missing_switches_s_59_saucer_right'====== Args={'value': 1, 'prev_value': None, 'change': True}
2026-06-29 21:02:36,684 : INFO : EventManager : Event: ======'machine_var_audits_missing_switches_s_62_top_lane_a'====== Args={'value': 1, 'prev_value': None, 'change': True}
2026-06-29 21:02:36,684 : INFO : EventManager : Event: ======'machine_var_audits_missing_switches_s_69_varitarget_position_6'====== Args={'value': 1, 'prev_value': None, 'change': True}
2026-06-29 21:02:36,684 : INFO : EventManager : Event: ======'machine_var_audits_missing_switches_s_70_varitarget_position_7'====== Args={'value': 1, 'prev_value': None, 'change': True}
2026-06-29 21:02:36,684 : INFO : EventManager : Event: ======'machine_var_audits_missing_switches_s_75_fourbank_drop_3'====== Args={'value': 1, 'prev_value': None, 'change': True}
2026-06-29 21:02:36,684 : INFO : EventManager : Event: ======'machine_var_audits_missing_switches_s_80_stand_up_target_2'====== Args={'value': 1, 'prev_value': None, 'change': True}
2026-06-29 21:02:36,684 : INFO : EventManager : Event: ======'machine_var_audits_missing_switches_s_81_saucer_left'====== Args={'value': 1, 'prev_value': None, 'change': True}
2026-06-29 21:02:36,684 : INFO : EventManager : Event: ======'machine_var_audits_missing_switches_s_86_stand_up_target_bank_5'====== Args={'value': 1, 'prev_value': None, 'change': True}
2026-06-29 21:02:36,684 : INFO : EventManager : Event: ======'machine_var_audits_player_score'====== Args={'value': {'average': 4361781, 'top': [60018463, 59609688, 42237405, 41485698, 41210934, 40090384, 40050275, 39526306, 39446367, 19792783], 'total': 291}, 'prev_value': None, 'change': True}
2026-06-29 21:02:36,684 : INFO : EventManager : Event: ======'machine_var_audits_shots_resistance_qualify_target_5'====== Args={'value': 39, 'prev_value': None, 'change': True}
2026-06-29 21:02:36,684 : INFO : EventManager : Event: ======'machine_var_audits_shots_resistance_qualify_target_6'====== Args={'value': 49, 'prev_value': None, 'change': True}
2026-06-29 21:02:36,684 : INFO : EventManager : Event: ======'machine_var_audits_shots_resistance_right_inlane_start'====== Args={'value': 10, 'prev_value': None, 'change': True}
2026-06-29 21:02:36,685 : INFO : EventManager : Event: ======'machine_var_audits_shots_resistance_saucer_stage_5'====== Args={'value': 4, 'prev_value': None, 'change': True}
2026-06-29 21:02:36,685 : INFO : EventManager : Event: ======'machine_var_audits_shots_resistance_single_drop_stage_5'====== Args={'value': 4, 'prev_value': None, 'change': True}
2026-06-29 21:02:36,685 : INFO : EventManager : Event: ======'machine_var_audits_shots_resistance_top_lane_stage_2'====== Args={'value': 34, 'prev_value': None, 'change': True}
2026-06-29 21:02:36,685 : INFO : EventManager : Event: ======'machine_var_audits_shots_resistance_top_lane_stage_3'====== Args={'value': 19, 'prev_value': None, 'change': True}
2026-06-29 21:02:36,685 : INFO : EventManager : Event: ======'machine_var_audits_shots_resistance_top_lane_stage_4'====== Args={'value': 14, 'prev_value': None, 'change': True}
2026-06-29 21:02:36,685 : INFO : EventManager : Event: ======'machine_var_audits_shots_shot_dt_1'====== Args={'value': 539, 'prev_value': None, 'change': True}
2026-06-29 21:02:36,685 : INFO : EventManager : Event: ======'machine_var_audits_shots_shot_dt_2'====== Args={'value': 564, 'prev_value': None, 'change': True}
2026-06-29 21:02:36,685 : INFO : EventManager : Event: ======'machine_var_audits_shots_shot_dt_3'====== Args={'value': 577, 'prev_value': None, 'change': True}
2026-06-29 21:02:36,685 : INFO : EventManager : Event: ======'machine_var_audits_shots_shot_dt_4'====== Args={'value': 624, 'prev_value': None, 'change': True}
2026-06-29 21:02:36,685 : INFO : EventManager : Event: ======'machine_var_audits_shots_shot_dt_5'====== Args={'value': 364, 'prev_value': None, 'change': True}
2026-06-29 21:02:36,685 : INFO : EventManager : Event: ======'machine_var_audits_shots_shot_dt_6'====== Args={'value': 361, 'prev_value': None, 'change': True}
2026-06-29 21:02:36,685 : INFO : EventManager : Event: ======'machine_var_audits_shots_shot_dt_7'====== Args={'value': 350, 'prev_value': None, 'change': True}
2026-06-29 21:02:36,685 : INFO : EventManager : Event: ======'machine_var_audits_shots_shot_impossible'====== Args={'value': 219, 'prev_value': None, 'change': True}
2026-06-29 21:02:36,685 : INFO : EventManager : Event: ======'machine_var_audits_shots_shot_rollover_top'====== Args={'value': 107, 'prev_value': None, 'change': True}
2026-06-29 21:02:36,685 : INFO : EventManager : Event: ======'machine_var_audits_shots_shot_slingshot_l'====== Args={'value': 523, 'prev_value': None, 'change': True}
2026-06-29 21:02:36,686 : INFO : EventManager : Event: ======'machine_var_audits_shots_shot_slingshot_r'====== Args={'value': 980, 'prev_value': None, 'change': True}
2026-06-29 21:02:36,686 : INFO : EventManager : Event: ======'machine_var_audits_shots_shot_sut_1'====== Args={'value': 209, 'prev_value': None, 'change': True}
2026-06-29 21:02:36,686 : INFO : EventManager : Event: ======'machine_var_audits_shots_shot_sut_2'====== Args={'value': 495, 'prev_value': None, 'change': True}
2026-06-29 21:02:36,686 : INFO : EventManager : Event: ======'machine_var_audits_shots_shot_sut_3'====== Args={'value': 245, 'prev_value': None, 'change': True}
2026-06-29 21:02:36,686 : INFO : EventManager : Event: ======'machine_var_audits_shots_shot_sut_4'====== Args={'value': 321, 'prev_value': None, 'change': True}
2026-06-29 21:02:36,686 : INFO : EventManager : Event: ======'machine_var_audits_shots_shot_sut_5'====== Args={'value': 488, 'prev_value': None, 'change': True}
2026-06-29 21:02:36,686 : INFO : EventManager : Event: ======'machine_var_audits_shots_shot_sut_6'====== Args={'value': 297, 'prev_value': None, 'change': True}
2026-06-29 21:02:36,686 : INFO : EventManager : Event: ======'machine_var_audits_shots_shot_sut_blue'====== Args={'value': 983, 'prev_value': None, 'change': True}
2026-06-29 21:02:36,686 : INFO : EventManager : Event: ======'machine_var_audits_shots_shot_sut_green'====== Args={'value': 506, 'prev_value': None, 'change': True}
2026-06-29 21:02:36,686 : INFO : EventManager : Event: ======'machine_var_audits_shots_shot_sut_red'====== Args={'value': 566, 'prev_value': None, 'change': True}
2026-06-29 21:02:36,686 : INFO : EventManager : Event: ======'machine_var_audits_shots_spinner_left'====== Args={'value': 3038, 'prev_value': None, 'change': True}
2026-06-29 21:02:36,686 : INFO : EventManager : Event: ======'machine_var_audits_shots_spinner_right'====== Args={'value': 2041, 'prev_value': None, 'change': True}
2026-06-29 21:02:36,686 : INFO : EventManager : Event: ======'machine_var_audits_shots_varitarget_p1'====== Args={'value': 9493, 'prev_value': None, 'change': True}
2026-06-29 21:02:36,686 : INFO : EventManager : Event: ======'machine_var_audits_shots_varitarget_p2'====== Args={'value': 634, 'prev_value': None, 'change': True}
2026-06-29 21:02:36,687 : INFO : EventManager : Event: ======'machine_var_audits_shots_varitarget_p3'====== Args={'value': 356, 'prev_value': None, 'change': True}
2026-06-29 21:02:36,687 : INFO : EventManager : Event: ======'machine_var_audits_shots_varitarget_p4'====== Args={'value': 246, 'prev_value': None, 'change': True}
2026-06-29 21:02:36,687 : INFO : EventManager : Event: ======'machine_var_audits_shots_varitarget_p5'====== Args={'value': 354, 'prev_value': None, 'change': True}
2026-06-29 21:02:36,687 : INFO : EventManager : Event: ======'machine_var_audits_shots_varitarget_p6'====== Args={'value': 474, 'prev_value': None, 'change': True}
2026-06-29 21:02:36,687 : INFO : EventManager : Event: ======'machine_var_audits_shots_varitarget_p7'====== Args={'value': 321, 'prev_value': None, 'change': True}
2026-06-29 21:02:36,687 : INFO : EventManager : Event: ======'machine_var_audits_switches_s_00_service_esc'====== Args={'value': 0, 'prev_value': None, 'change': True}
2026-06-29 21:02:36,687 : INFO : EventManager : Event: ======'machine_var_audits_switches_s_01_service_up'====== Args={'value': 0, 'prev_value': None, 'change': True}
2026-06-29 21:02:36,687 : INFO : EventManager : Event: ======'machine_var_audits_switches_s_02_service_down'====== Args={'value': 0, 'prev_value': None, 'change': True}
2026-06-29 21:02:36,687 : INFO : EventManager : Event: ======'machine_var_audits_switches_s_03_service_enter'====== Args={'value': 0, 'prev_value': None, 'change': True}
2026-06-29 21:02:36,687 : INFO : EventManager : Event: ======'machine_var_audits_switches_s_08_left_flipper'====== Args={'value': 4845, 'prev_value': None, 'change': True}
2026-06-29 21:02:36,687 : INFO : EventManager : Event: ======'machine_var_audits_switches_s_11_start_button'====== Args={'value': 261, 'prev_value': None, 'change': True}
2026-06-29 21:02:36,687 : INFO : EventManager : Event: ======'machine_var_audits_switches_s_16_right_flipper'====== Args={'value': 6717, 'prev_value': None, 'change': True}
2026-06-29 21:02:36,687 : INFO : EventManager : Event: ======'machine_var_audits_switches_s_17_right_flipper_upper'====== Args={'value': 5624, 'prev_value': None, 'change': True}
2026-06-29 21:02:36,687 : INFO : EventManager : Event: ======'machine_var_audits_switches_s_19_cab_arrow_left'====== Args={'value': 20, 'prev_value': None, 'change': True}
2026-06-29 21:02:36,688 : INFO : EventManager : Event: ======'machine_var_audits_switches_s_20_cab_arrow_right'====== Args={'value': 17, 'prev_value': None, 'change': True}
2026-06-29 21:02:36,688 : INFO : EventManager : Event: ======'machine_var_audits_switches_s_24_trough_1'====== Args={'value': 822, 'prev_value': None, 'change': True}
2026-06-29 21:02:36,688 : INFO : EventManager : Event: ======'machine_var_audits_switches_s_25_trough_2'====== Args={'value': 794, 'prev_value': None, 'change': True}
2026-06-29 21:02:36,688 : INFO : EventManager : Event: ======'machine_var_audits_switches_s_26_trough_3'====== Args={'value': 734, 'prev_value': None, 'change': True}
2026-06-29 21:02:36,688 : INFO : EventManager : Event: ======'machine_var_audits_switches_s_27_trough_4'====== Args={'value': 702, 'prev_value': None, 'change': True}
2026-06-29 21:02:36,688 : INFO : EventManager : Event: ======'machine_var_audits_switches_s_28_trough_5'====== Args={'value': 750, 'prev_value': None, 'change': True}
2026-06-29 21:02:36,688 : INFO : EventManager : Event: ======'machine_var_audits_switches_s_29_trough_6'====== Args={'value': 806, 'prev_value': None, 'change': True}
2026-06-29 21:02:36,688 : INFO : EventManager : Event: ======'machine_var_audits_switches_s_30_trough_jam'====== Args={'value': 880, 'prev_value': None, 'change': True}
2026-06-29 21:02:36,688 : INFO : EventManager : Event: ======'machine_var_audits_switches_s_31_plunger_lane'====== Args={'value': 1163, 'prev_value': None, 'change': True}
2026-06-29 21:02:36,688 : INFO : EventManager : Event: ======'machine_var_audits_switches_s_32_right_inlane'====== Args={'value': 321, 'prev_value': None, 'change': True}
2026-06-29 21:02:36,688 : INFO : EventManager : Event: ======'machine_var_audits_switches_s_33_right_outlane'====== Args={'value': 26, 'prev_value': None, 'change': True}
2026-06-29 21:02:36,688 : INFO : EventManager : Event: ======'machine_var_audits_switches_s_34_right_sling'====== Args={'value': 982, 'prev_value': None, 'change': True}
2026-06-29 21:02:36,688 : INFO : EventManager : Event: ======'machine_var_audits_switches_s_35_left_inlane'====== Args={'value': 396, 'prev_value': None, 'change': True}
2026-06-29 21:02:36,688 : INFO : EventManager : Event: ======'machine_var_audits_switches_s_36_left_outlane'====== Args={'value': 214, 'prev_value': None, 'change': True}
2026-06-29 21:02:36,689 : INFO : EventManager : Event: ======'machine_var_audits_switches_s_37_left_sling'====== Args={'value': 525, 'prev_value': None, 'change': True}
2026-06-29 21:02:36,689 : INFO : EventManager : Event: ======'machine_var_audits_switches_s_38_star_rollover_bottom'====== Args={'value': 0, 'prev_value': None, 'change': True}
2026-06-29 21:02:36,689 : INFO : EventManager : Event: ======'machine_var_audits_switches_s_39_star_rollover_top'====== Args={'value': 107, 'prev_value': None, 'change': True}
2026-06-29 21:02:36,689 : INFO : EventManager : Event: ======'machine_var_audits_switches_s_40_stand_up_target_5'====== Args={'value': 430, 'prev_value': None, 'change': True}
2026-06-29 21:02:36,689 : INFO : EventManager : Event: ======'machine_var_audits_switches_s_41_stand_up_target_6'====== Args={'value': 821, 'prev_value': None, 'change': True}
2026-06-29 21:02:36,689 : INFO : EventManager : Event: ======'machine_var_audits_switches_s_42_stand_up_target_1'====== Args={'value': 219, 'prev_value': None, 'change': True}
2026-06-29 21:02:36,689 : INFO : EventManager : Event: ======'machine_var_audits_switches_s_43_stand_up_target_4'====== Args={'value': 655, 'prev_value': None, 'change': True}
2026-06-29 21:02:36,689 : INFO : EventManager : Event: ======'machine_var_audits_switches_s_44_spinner_right'====== Args={'value': 2056, 'prev_value': None, 'change': True}
2026-06-29 21:02:36,689 : INFO : EventManager : Event: ======'machine_var_audits_switches_s_56_pop_bumper_right'====== Args={'value': 998, 'prev_value': None, 'change': True}
2026-06-29 21:02:36,689 : INFO : EventManager : Event: ======'machine_var_audits_switches_s_57_pop_bumper_center'====== Args={'value': 2122, 'prev_value': None, 'change': True}
2026-06-29 21:02:36,689 : INFO : EventManager : Event: ======'machine_var_audits_switches_s_58_pop_bumper_left'====== Args={'value': 3692, 'prev_value': None, 'change': True}
2026-06-29 21:02:36,689 : INFO : EventManager : Event: ======'machine_var_audits_switches_s_59_saucer_right'====== Args={'value': 94, 'prev_value': None, 'change': True}
2026-06-29 21:02:36,689 : INFO : EventManager : Event: ======'machine_var_audits_switches_s_60_top_lane_c'====== Args={'value': 1100, 'prev_value': None, 'change': True}
2026-06-29 21:02:36,689 : INFO : EventManager : Event: ======'machine_var_audits_switches_s_61_top_lane_b'====== Args={'value': 1346, 'prev_value': None, 'change': True}
2026-06-29 21:02:36,690 : INFO : EventManager : Event: ======'machine_var_audits_switches_s_62_top_lane_a'====== Args={'value': 762, 'prev_value': None, 'change': True}
2026-06-29 21:02:36,690 : INFO : EventManager : Event: ======'machine_var_audits_switches_s_63_stand_up_target_3'====== Args={'value': 455, 'prev_value': None, 'change': True}
2026-06-29 21:02:36,690 : INFO : EventManager : Event: ======'machine_var_audits_switches_s_64_varitarget_position_1'====== Args={'value': 9533, 'prev_value': None, 'change': True}
2026-06-29 21:02:36,690 : INFO : EventManager : Event: ======'machine_var_audits_switches_s_65_varitarget_position_2'====== Args={'value': 634, 'prev_value': None, 'change': True}
2026-06-29 21:02:36,690 : INFO : EventManager : Event: ======'machine_var_audits_switches_s_66_varitarget_position_3'====== Args={'value': 356, 'prev_value': None, 'change': True}
2026-06-29 21:02:36,690 : INFO : EventManager : Event: ======'machine_var_audits_switches_s_67_varitarget_position_4'====== Args={'value': 246, 'prev_value': None, 'change': True}
2026-06-29 21:02:36,690 : INFO : EventManager : Event: ======'machine_var_audits_switches_s_68_varitarget_position_5'====== Args={'value': 354, 'prev_value': None, 'change': True}
2026-06-29 21:02:36,690 : INFO : EventManager : Event: ======'machine_var_audits_switches_s_69_varitarget_position_6'====== Args={'value': 474, 'prev_value': None, 'change': True}
2026-06-29 21:02:36,690 : INFO : EventManager : Event: ======'machine_var_audits_switches_s_70_varitarget_position_7'====== Args={'value': 321, 'prev_value': None, 'change': True}
2026-06-29 21:02:36,690 : INFO : EventManager : Event: ======'machine_var_audits_switches_s_71_spinner_left'====== Args={'value': 3043, 'prev_value': None, 'change': True}
2026-06-29 21:02:36,691 : INFO : EventManager : Event: ======'machine_var_audits_switches_s_72_single_drop_1'====== Args={'value': 279, 'prev_value': None, 'change': True}
2026-06-29 21:02:36,691 : INFO : EventManager : Event: ======'machine_var_audits_switches_s_73_fourbank_drop_1'====== Args={'value': 550, 'prev_value': None, 'change': True}
2026-06-29 21:02:36,691 : INFO : EventManager : Event: ======'machine_var_audits_switches_s_74_fourbank_drop_2'====== Args={'value': 576, 'prev_value': None, 'change': True}
2026-06-29 21:02:36,691 : INFO : EventManager : Event: ======'machine_var_audits_switches_s_75_fourbank_drop_3'====== Args={'value': 596, 'prev_value': None, 'change': True}
2026-06-29 21:02:36,691 : INFO : EventManager : Event: ======'machine_var_audits_switches_s_76_fourbank_drop_4'====== Args={'value': 665, 'prev_value': None, 'change': True}
2026-06-29 21:02:36,691 : INFO : EventManager : Event: ======'machine_var_audits_switches_s_77_threebank_drop_1'====== Args={'value': 550, 'prev_value': None, 'change': True}
2026-06-29 21:02:36,691 : INFO : EventManager : Event: ======'machine_var_audits_switches_s_78_threebank_drop_2'====== Args={'value': 383, 'prev_value': None, 'change': True}
2026-06-29 21:02:36,691 : INFO : EventManager : Event: ======'machine_var_audits_switches_s_79_threebank_drop_3'====== Args={'value': 354, 'prev_value': None, 'change': True}
2026-06-29 21:02:36,691 : INFO : EventManager : Event: ======'machine_var_audits_switches_s_80_stand_up_target_2'====== Args={'value': 90, 'prev_value': None, 'change': True}
2026-06-29 21:02:36,692 : INFO : EventManager : Event: ======'machine_var_audits_switches_s_81_saucer_left'====== Args={'value': 295, 'prev_value': None, 'change': True}
2026-06-29 21:02:36,692 : INFO : EventManager : Event: ======'machine_var_audits_switches_s_82_stand_up_target_bank_1'====== Args={'value': 209, 'prev_value': None, 'change': True}
2026-06-29 21:02:36,692 : INFO : EventManager : Event: ======'machine_var_audits_switches_s_83_stand_up_target_bank_2'====== Args={'value': 495, 'prev_value': None, 'change': True}
2026-06-29 21:02:36,692 : INFO : EventManager : Event: ======'machine_var_audits_switches_s_84_stand_up_target_bank_3'====== Args={'value': 245, 'prev_value': None, 'change': True}
2026-06-29 21:02:36,692 : INFO : EventManager : Event: ======'machine_var_audits_switches_s_85_stand_up_target_bank_4'====== Args={'value': 321, 'prev_value': None, 'change': True}
2026-06-29 21:02:36,692 : INFO : EventManager : Event: ======'machine_var_audits_switches_s_86_stand_up_target_bank_5'====== Args={'value': 488, 'prev_value': None, 'change': True}
2026-06-29 21:02:36,692 : INFO : EventManager : Event: ======'machine_var_audits_switches_s_87_stand_up_target_bank_6'====== Args={'value': 297, 'prev_value': None, 'change': True}
2026-06-29 21:02:36,700 : INFO : EventManager : Event: ======'init_phase_5'====== Args={}
2026-06-29 21:02:36,706 : INFO : EventManager : Event: ======'init_done'====== Args={}
2026-06-29 21:02:36,713 : INFO : EventManager : Event: ======'machine_reset_phase_1'====== Args={}
2026-06-29 21:02:36,739 : INFO : EventManager : Event: ======'machine_reset_phase_2'====== Args={}
2026-06-29 21:02:36,746 : INFO : EventManager : Event: ======'machine_reset_phase_3'====== Args={}
2026-06-29 21:02:36,750 : INFO : drop_target_bank.dt_bank_1_4 : All targets are already up. Will not reset bank.
2026-06-29 21:02:36,750 : INFO : drop_target_bank.dt_bank_5_7 : All targets are already up. Will not reset bank.
2026-06-29 21:02:36,752 : INFO : EventManager : Event: ======'reset_complete'====== Args={}
2026-06-29 21:02:36,755 : INFO : EventManager : Event: ======'mode_attract_will_start'====== Args={}
2026-06-29 21:02:36,756 : INFO : Timer.attract_carousel_timer : Starting Timer.
2026-06-29 21:02:36,756 : INFO : EventManager : Event: ======'timer_attract_carousel_timer_started'====== Args={'ticks': 0, 'ticks_remaining': 1}
2026-06-29 21:02:36,756 : INFO : EventManager : Event: ======'timer_attract_carousel_timer_tick'====== Args={'ticks': 0, 'ticks_remaining': 1}
2026-06-29 21:02:36,759 : INFO : EventManager : Event: ======'mode_attract_starting'====== Args={}
2026-06-29 21:02:36,759 : INFO : Mode.attract : Started. Priority: 10
2026-06-29 21:02:36,759 : INFO : EventManager : Event: ======'modes_active_modes_changed'====== Args={}
2026-06-29 21:02:36,759 : INFO : EventManager : Event: ======'mode_attract_started'====== Args={}
2026-06-29 21:02:36,759 : INFO : EventManager : Event: ======'start_mode_attract_scores'====== Args={'priority': 0}
2026-06-29 21:02:36,759 : INFO : EventManager : Event: ======'start_mode_attract_credits'====== Args={'priority': 0}
2026-06-29 21:02:36,760 : INFO : EventManager : Event: ======'mode_attract_scores_will_start'====== Args={'priority': 0}
2026-06-29 21:02:36,761 : INFO : Timer.attract_scores_carousel_timer : Starting Timer.
2026-06-29 21:02:36,761 : INFO : EventManager : Event: ======'timer_attract_scores_carousel_timer_started'====== Args={'ticks': 0, 'ticks_remaining': 1}
2026-06-29 21:02:36,761 : INFO : EventManager : Event: ======'timer_attract_scores_carousel_timer_tick'====== Args={'ticks': 0, 'ticks_remaining': 1}
2026-06-29 21:02:36,761 : INFO : EventManager : Event: ======'mode_attract_scores_starting'====== Args={'priority': 0}
2026-06-29 21:02:36,761 : INFO : EventManager : Event: ======'mode_attract_credits_will_start'====== Args={'priority': 0}
2026-06-29 21:02:36,761 : INFO : Timer.attract_credits_carousel_timer : Starting Timer.
2026-06-29 21:02:36,761 : INFO : EventManager : Event: ======'timer_attract_credits_carousel_timer_started'====== Args={'ticks': 0, 'ticks_remaining': 1}
2026-06-29 21:02:36,761 : INFO : EventManager : Event: ======'timer_attract_credits_carousel_timer_tick'====== Args={'ticks': 0, 'ticks_remaining': 1}
2026-06-29 21:02:36,762 : INFO : EventManager : Event: ======'mode_attract_credits_starting'====== Args={'priority': 0}
2026-06-29 21:02:36,762 : INFO : Mode.attract_credits : Started. Priority: 8
2026-06-29 21:02:36,762 : INFO : EventManager : Event: ======'modes_active_modes_changed'====== Args={}
2026-06-29 21:02:36,762 : INFO : EventManager : Event: ======'mode_attract_credits_started'====== Args={'priority': 0}
2026-06-29 21:02:36,762 : INFO : EventManager : Event: ======'carousel_item_highlighted'====== Args={'carousel': 'attract_credits', 'direction': None, 'item': 'credits_sfx'}
2026-06-29 21:02:36,762 : INFO : Mode.attract_scores : Started. Priority: 9
2026-06-29 21:02:36,762 : INFO : EventManager : Event: ======'modes_active_modes_changed'====== Args={}
2026-06-29 21:02:36,762 : INFO : EventManager : Event: ======'mode_attract_scores_started'====== Args={'priority': 0}
2026-06-29 21:02:36,762 : INFO : EventManager : Event: ======'carousel_item_highlighted'====== Args={'carousel': 'attract_scores', 'direction': None, 'item': 'last_game_score'}
2026-06-29 21:02:36,763 : INFO : EventManager : Event: ======'collecting_balls_complete'====== Args={}
2026-06-29 21:02:36,763 : INFO : EventManager : Event: ======'carousel_item_highlighted'====== Args={'carousel': 'attract', 'direction': None, 'item': 'title'}
2026-06-29 21:02:36,785 : INFO : Machine : Starting the main run loop with active modes: [<Mode.attract>, <Mode.attract_scores>, <Mode.attract_credits>]
2026-06-29 21:02:36,916 : INFO : EventManager : Event: ======'slide_attract_created'====== Args={'_from_bcp': True}
2026-06-29 21:02:36,916 : INFO : EventManager : Event: ======'slide__removed'====== Args={'_from_bcp': True}
2026-06-29 21:02:36,916 : INFO : EventManager : Event: ======'slide_attract_active'====== Args={'original_context': 'attract', 'original_calling_context': 'mode_attract_started', 'priority': 10.0, 'cmd': 'slides_play', '_from_bcp': True}
2026-06-29 21:02:41,747 : INFO : Timer.attract_carousel_timer : Timer Complete
2026-06-29 21:02:41,747 : INFO : Timer.attract_carousel_timer : Stopping Timer
2026-06-29 21:02:41,747 : INFO : EventManager : Event: ======'timer_attract_carousel_timer_stopped'====== Args={'ticks': 1, 'ticks_remaining': 1}
2026-06-29 21:02:41,747 : INFO : EventManager : Event: ======'timer_attract_carousel_timer_complete'====== Args={'ticks': 1, 'ticks_remaining': 1}
2026-06-29 21:02:41,747 : INFO : Timer.attract_credits_carousel_timer : Timer Complete
2026-06-29 21:02:41,747 : INFO : Timer.attract_credits_carousel_timer : Stopping Timer
2026-06-29 21:02:41,747 : INFO : EventManager : Event: ======'timer_attract_credits_carousel_timer_stopped'====== Args={'ticks': 1, 'ticks_remaining': 1}
2026-06-29 21:02:41,747 : INFO : EventManager : Event: ======'timer_attract_credits_carousel_timer_complete'====== Args={'ticks': 1, 'ticks_remaining': 1}
2026-06-29 21:02:41,747 : INFO : Timer.attract_scores_carousel_timer : Timer Complete
2026-06-29 21:02:41,747 : INFO : Timer.attract_scores_carousel_timer : Stopping Timer
2026-06-29 21:02:41,748 : INFO : EventManager : Event: ======'timer_attract_scores_carousel_timer_stopped'====== Args={'ticks': 1, 'ticks_remaining': 1}
2026-06-29 21:02:41,748 : INFO : EventManager : Event: ======'timer_attract_scores_carousel_timer_complete'====== Args={'ticks': 1, 'ticks_remaining': 1}
2026-06-29 21:02:41,748 : INFO : EventManager : Event: ======'carousel_item_highlighted'====== Args={'carousel': 'attract', 'direction': 'forwards', 'item': 'title2'}
2026-06-29 21:02:41,748 : INFO : Timer.attract_carousel_timer : Starting Timer.
2026-06-29 21:02:41,748 : INFO : EventManager : Event: ======'timer_attract_carousel_timer_started'====== Args={'ticks': 0, 'ticks_remaining': 1}
2026-06-29 21:02:41,748 : INFO : EventManager : Event: ======'timer_attract_carousel_timer_tick'====== Args={'ticks': 0, 'ticks_remaining': 1}
2026-06-29 21:02:41,748 : INFO : EventManager : Event: ======'carousel_item_highlighted'====== Args={'carousel': 'attract_credits', 'direction': 'forwards', 'item': 'credits_mpf'}
2026-06-29 21:02:41,748 : INFO : EventManager : Event: ======'carousel_item_highlighted'====== Args={'carousel': 'attract_scores', 'direction': 'forwards', 'item': 'grand_champion'}
2026-06-29 21:02:46,755 : INFO : Timer.attract_carousel_timer : Timer Complete
2026-06-29 21:02:46,755 : INFO : Timer.attract_carousel_timer : Stopping Timer
2026-06-29 21:02:46,755 : INFO : EventManager : Event: ======'timer_attract_carousel_timer_stopped'====== Args={'ticks': 1, 'ticks_remaining': 1}
2026-06-29 21:02:46,755 : INFO : EventManager : Event: ======'timer_attract_carousel_timer_complete'====== Args={'ticks': 1, 'ticks_remaining': 1}
2026-06-29 21:02:46,755 : INFO : EventManager : Event: ======'carousel_item_highlighted'====== Args={'carousel': 'attract', 'direction': 'forwards', 'item': 'title'}
2026-06-29 21:02:46,755 : INFO : Timer.attract_carousel_timer : Starting Timer.
2026-06-29 21:02:46,755 : INFO : EventManager : Event: ======'timer_attract_carousel_timer_started'====== Args={'ticks': 0, 'ticks_remaining': 1}
2026-06-29 21:02:46,755 : INFO : EventManager : Event: ======'timer_attract_carousel_timer_tick'====== Args={'ticks': 0, 'ticks_remaining': 1}
2026-06-29 21:02:50,166 : INFO : EventManager : Event: ======'attract_backglass_main_alien'====== Args={}
2026-06-29 21:02:51,749 : INFO : Timer.attract_carousel_timer : Timer Complete
2026-06-29 21:02:51,749 : INFO : Timer.attract_carousel_timer : Stopping Timer
2026-06-29 21:02:51,749 : INFO : EventManager : Event: ======'timer_attract_carousel_timer_stopped'====== Args={'ticks': 1, 'ticks_remaining': 1}
2026-06-29 21:02:51,749 : INFO : EventManager : Event: ======'timer_attract_carousel_timer_complete'====== Args={'ticks': 1, 'ticks_remaining': 1}
2026-06-29 21:02:51,749 : INFO : EventManager : Event: ======'carousel_item_highlighted'====== Args={'carousel': 'attract', 'direction': 'forwards', 'item': 'title2'}
2026-06-29 21:02:51,750 : INFO : Timer.attract_carousel_timer : Starting Timer.
2026-06-29 21:02:51,750 : INFO : EventManager : Event: ======'timer_attract_carousel_timer_started'====== Args={'ticks': 0, 'ticks_remaining': 1}
2026-06-29 21:02:51,750 : INFO : EventManager : Event: ======'timer_attract_carousel_timer_tick'====== Args={'ticks': 0, 'ticks_remaining': 1}
2026-06-29 21:02:56,759 : INFO : Timer.attract_carousel_timer : Timer Complete
2026-06-29 21:02:56,759 : INFO : Timer.attract_carousel_timer : Stopping Timer
2026-06-29 21:02:56,759 : INFO : EventManager : Event: ======'timer_attract_carousel_timer_stopped'====== Args={'ticks': 1, 'ticks_remaining': 1}
2026-06-29 21:02:56,759 : INFO : EventManager : Event: ======'timer_attract_carousel_timer_complete'====== Args={'ticks': 1, 'ticks_remaining': 1}
2026-06-29 21:02:56,759 : INFO : EventManager : Event: ======'carousel_item_highlighted'====== Args={'carousel': 'attract', 'direction': 'forwards', 'item': 'title'}
2026-06-29 21:02:56,759 : INFO : Timer.attract_carousel_timer : Starting Timer.
2026-06-29 21:02:56,760 : INFO : EventManager : Event: ======'timer_attract_carousel_timer_started'====== Args={'ticks': 0, 'ticks_remaining': 1}
2026-06-29 21:02:56,760 : INFO : EventManager : Event: ======'timer_attract_carousel_timer_tick'====== Args={'ticks': 0, 'ticks_remaining': 1}
2026-06-29 21:02:59,606 : INFO : EventManager : Event: ======'attract_backglass_police_alien'====== Args={}
2026-06-29 21:03:01,756 : INFO : Timer.attract_carousel_timer : Timer Complete
2026-06-29 21:03:01,756 : INFO : Timer.attract_carousel_timer : Stopping Timer
2026-06-29 21:03:01,756 : INFO : EventManager : Event: ======'timer_attract_carousel_timer_stopped'====== Args={'ticks': 1, 'ticks_remaining': 1}
2026-06-29 21:03:01,756 : INFO : EventManager : Event: ======'timer_attract_carousel_timer_complete'====== Args={'ticks': 1, 'ticks_remaining': 1}
2026-06-29 21:03:01,756 : INFO : EventManager : Event: ======'carousel_item_highlighted'====== Args={'carousel': 'attract', 'direction': 'forwards', 'item': 'title2'}
2026-06-29 21:03:01,756 : INFO : Timer.attract_carousel_timer : Starting Timer.
2026-06-29 21:03:01,756 : INFO : EventManager : Event: ======'timer_attract_carousel_timer_started'====== Args={'ticks': 0, 'ticks_remaining': 1}
2026-06-29 21:03:01,756 : INFO : EventManager : Event: ======'timer_attract_carousel_timer_tick'====== Args={'ticks': 0, 'ticks_remaining': 1}
2026-06-29 21:03:06,750 : INFO : Timer.attract_carousel_timer : Timer Complete
2026-06-29 21:03:06,750 : INFO : Timer.attract_carousel_timer : Stopping Timer
2026-06-29 21:03:06,750 : INFO : EventManager : Event: ======'timer_attract_carousel_timer_stopped'====== Args={'ticks': 1, 'ticks_remaining': 1}
2026-06-29 21:03:06,750 : INFO : EventManager : Event: ======'timer_attract_carousel_timer_complete'====== Args={'ticks': 1, 'ticks_remaining': 1}
2026-06-29 21:03:06,750 : INFO : EventManager : Event: ======'carousel_item_highlighted'====== Args={'carousel': 'attract', 'direction': 'forwards', 'item': 'title'}
2026-06-29 21:03:06,750 : INFO : Timer.attract_carousel_timer : Starting Timer.
2026-06-29 21:03:06,750 : INFO : EventManager : Event: ======'timer_attract_carousel_timer_started'====== Args={'ticks': 0, 'ticks_remaining': 1}
2026-06-29 21:03:06,750 : INFO : EventManager : Event: ======'timer_attract_carousel_timer_tick'====== Args={'ticks': 0, 'ticks_remaining': 1}
2026-06-29 21:03:11,753 : INFO : Timer.attract_carousel_timer : Timer Complete
2026-06-29 21:03:11,753 : INFO : Timer.attract_carousel_timer : Stopping Timer
2026-06-29 21:03:11,753 : INFO : EventManager : Event: ======'timer_attract_carousel_timer_stopped'====== Args={'ticks': 1, 'ticks_remaining': 1}
2026-06-29 21:03:11,753 : INFO : EventManager : Event: ======'timer_attract_carousel_timer_complete'====== Args={'ticks': 1, 'ticks_remaining': 1}
2026-06-29 21:03:11,753 : INFO : EventManager : Event: ======'carousel_item_highlighted'====== Args={'carousel': 'attract', 'direction': 'forwards', 'item': 'title2'}
2026-06-29 21:03:11,753 : INFO : Timer.attract_carousel_timer : Starting Timer.
2026-06-29 21:03:11,753 : INFO : EventManager : Event: ======'timer_attract_carousel_timer_started'====== Args={'ticks': 0, 'ticks_remaining': 1}
2026-06-29 21:03:11,753 : INFO : EventManager : Event: ======'timer_attract_carousel_timer_tick'====== Args={'ticks': 0, 'ticks_remaining': 1}
2026-06-29 21:03:16,759 : INFO : Timer.attract_carousel_timer : Timer Complete
2026-06-29 21:03:16,759 : INFO : Timer.attract_carousel_timer : Stopping Timer
2026-06-29 21:03:16,759 : INFO : EventManager : Event: ======'timer_attract_carousel_timer_stopped'====== Args={'ticks': 1, 'ticks_remaining': 1}
2026-06-29 21:03:16,759 : INFO : EventManager : Event: ======'timer_attract_carousel_timer_complete'====== Args={'ticks': 1, 'ticks_remaining': 1}
2026-06-29 21:03:16,759 : INFO : EventManager : Event: ======'carousel_item_highlighted'====== Args={'carousel': 'attract', 'direction': 'forwards', 'item': 'title'}
2026-06-29 21:03:16,759 : INFO : Timer.attract_carousel_timer : Starting Timer.
2026-06-29 21:03:16,759 : INFO : EventManager : Event: ======'timer_attract_carousel_timer_started'====== Args={'ticks': 0, 'ticks_remaining': 1}
2026-06-29 21:03:16,759 : INFO : EventManager : Event: ======'timer_attract_carousel_timer_tick'====== Args={'ticks': 0, 'ticks_remaining': 1}
2026-06-29 21:03:21,747 : INFO : Timer.attract_carousel_timer : Timer Complete
2026-06-29 21:03:21,747 : INFO : Timer.attract_carousel_timer : Stopping Timer
2026-06-29 21:03:21,747 : INFO : EventManager : Event: ======'timer_attract_carousel_timer_stopped'====== Args={'ticks': 1, 'ticks_remaining': 1}
2026-06-29 21:03:21,747 : INFO : EventManager : Event: ======'timer_attract_carousel_timer_complete'====== Args={'ticks': 1, 'ticks_remaining': 1}
2026-06-29 21:03:21,748 : INFO : EventManager : Event: ======'carousel_item_highlighted'====== Args={'carousel': 'attract', 'direction': 'forwards', 'item': 'title2'}
2026-06-29 21:03:21,748 : INFO : Timer.attract_carousel_timer : Starting Timer.
2026-06-29 21:03:21,748 : INFO : EventManager : Event: ======'timer_attract_carousel_timer_started'====== Args={'ticks': 0, 'ticks_remaining': 1}
2026-06-29 21:03:21,748 : INFO : EventManager : Event: ======'timer_attract_carousel_timer_tick'====== Args={'ticks': 0, 'ticks_remaining': 1}
2026-06-29 21:03:23,597 : INFO : EventManager : Event: ======'attract_backglass_watch'====== Args={}
2026-06-29 21:03:26,757 : INFO : Timer.attract_carousel_timer : Timer Complete
2026-06-29 21:03:26,757 : INFO : Timer.attract_carousel_timer : Stopping Timer
2026-06-29 21:03:26,757 : INFO : EventManager : Event: ======'timer_attract_carousel_timer_stopped'====== Args={'ticks': 1, 'ticks_remaining': 1}
2026-06-29 21:03:26,757 : INFO : EventManager : Event: ======'timer_attract_carousel_timer_complete'====== Args={'ticks': 1, 'ticks_remaining': 1}
2026-06-29 21:03:26,757 : INFO : EventManager : Event: ======'carousel_item_highlighted'====== Args={'carousel': 'attract', 'direction': 'forwards', 'item': 'title'}
2026-06-29 21:03:26,757 : INFO : Timer.attract_carousel_timer : Starting Timer.
2026-06-29 21:03:26,757 : INFO : EventManager : Event: ======'timer_attract_carousel_timer_started'====== Args={'ticks': 0, 'ticks_remaining': 1}
2026-06-29 21:03:26,757 : INFO : EventManager : Event: ======'timer_attract_carousel_timer_tick'====== Args={'ticks': 0, 'ticks_remaining': 1}
2026-06-29 21:03:31,129 : INFO : EventManager : Event: ======'attract_backglass_signs'====== Args={}
2026-06-29 21:03:31,748 : INFO : Timer.attract_carousel_timer : Timer Complete
2026-06-29 21:03:31,748 : INFO : Timer.attract_carousel_timer : Stopping Timer
2026-06-29 21:03:31,749 : INFO : EventManager : Event: ======'timer_attract_carousel_timer_stopped'====== Args={'ticks': 1, 'ticks_remaining': 1}
2026-06-29 21:03:31,749 : INFO : EventManager : Event: ======'timer_attract_carousel_timer_complete'====== Args={'ticks': 1, 'ticks_remaining': 1}
2026-06-29 21:03:31,749 : INFO : EventManager : Event: ======'carousel_item_highlighted'====== Args={'carousel': 'attract', 'direction': 'forwards', 'item': 'title2'}
2026-06-29 21:03:31,749 : INFO : Timer.attract_carousel_timer : Starting Timer.
2026-06-29 21:03:31,749 : INFO : EventManager : Event: ======'timer_attract_carousel_timer_started'====== Args={'ticks': 0, 'ticks_remaining': 1}
2026-06-29 21:03:31,750 : INFO : EventManager : Event: ======'timer_attract_carousel_timer_tick'====== Args={'ticks': 0, 'ticks_remaining': 1}
2026-06-29 21:03:36,757 : INFO : Timer.attract_carousel_timer : Timer Complete
2026-06-29 21:03:36,757 : INFO : Timer.attract_carousel_timer : Stopping Timer
2026-06-29 21:03:36,757 : INFO : EventManager : Event: ======'timer_attract_carousel_timer_stopped'====== Args={'ticks': 1, 'ticks_remaining': 1}
2026-06-29 21:03:36,757 : INFO : EventManager : Event: ======'timer_attract_carousel_timer_complete'====== Args={'ticks': 1, 'ticks_remaining': 1}
2026-06-29 21:03:36,757 : INFO : EventManager : Event: ======'carousel_item_highlighted'====== Args={'carousel': 'attract', 'direction': 'forwards', 'item': 'title'}
2026-06-29 21:03:36,757 : INFO : Timer.attract_carousel_timer : Starting Timer.
2026-06-29 21:03:36,757 : INFO : EventManager : Event: ======'timer_attract_carousel_timer_started'====== Args={'ticks': 0, 'ticks_remaining': 1}
2026-06-29 21:03:36,757 : INFO : EventManager : Event: ======'timer_attract_carousel_timer_tick'====== Args={'ticks': 0, 'ticks_remaining': 1}
2026-06-29 21:03:41,759 : INFO : Timer.attract_carousel_timer : Timer Complete
2026-06-29 21:03:41,759 : INFO : Timer.attract_carousel_timer : Stopping Timer
2026-06-29 21:03:41,759 : INFO : EventManager : Event: ======'timer_attract_carousel_timer_stopped'====== Args={'ticks': 1, 'ticks_remaining': 1}
2026-06-29 21:03:41,759 : INFO : EventManager : Event: ======'timer_attract_carousel_timer_complete'====== Args={'ticks': 1, 'ticks_remaining': 1}
2026-06-29 21:03:41,759 : INFO : EventManager : Event: ======'carousel_item_highlighted'====== Args={'carousel': 'attract', 'direction': 'forwards', 'item': 'title2'}
2026-06-29 21:03:41,759 : INFO : Timer.attract_carousel_timer : Starting Timer.
2026-06-29 21:03:41,759 : INFO : EventManager : Event: ======'timer_attract_carousel_timer_started'====== Args={'ticks': 0, 'ticks_remaining': 1}
2026-06-29 21:03:41,759 : INFO : EventManager : Event: ======'timer_attract_carousel_timer_tick'====== Args={'ticks': 0, 'ticks_remaining': 1}
2026-06-29 21:03:44,393 : INFO : EventManager : Event: ======'attract_backglass_guns'====== Args={}
2026-06-29 21:03:46,749 : INFO : Timer.attract_carousel_timer : Timer Complete
2026-06-29 21:03:46,749 : INFO : Timer.attract_carousel_timer : Stopping Timer
2026-06-29 21:03:46,749 : INFO : EventManager : Event: ======'timer_attract_carousel_timer_stopped'====== Args={'ticks': 1, 'ticks_remaining': 1}
2026-06-29 21:03:46,749 : INFO : EventManager : Event: ======'timer_attract_carousel_timer_complete'====== Args={'ticks': 1, 'ticks_remaining': 1}
2026-06-29 21:03:46,750 : INFO : EventManager : Event: ======'carousel_item_highlighted'====== Args={'carousel': 'attract', 'direction': 'forwards', 'item': 'title'}
2026-06-29 21:03:46,750 : INFO : Timer.attract_carousel_timer : Starting Timer.
2026-06-29 21:03:46,750 : INFO : EventManager : Event: ======'timer_attract_carousel_timer_started'====== Args={'ticks': 0, 'ticks_remaining': 1}
2026-06-29 21:03:46,750 : INFO : EventManager : Event: ======'timer_attract_carousel_timer_tick'====== Args={'ticks': 0, 'ticks_remaining': 1}
2026-06-29 21:03:51,747 : INFO : Timer.attract_carousel_timer : Timer Complete
2026-06-29 21:03:51,747 : INFO : Timer.attract_carousel_timer : Stopping Timer
2026-06-29 21:03:51,747 : INFO : EventManager : Event: ======'timer_attract_carousel_timer_stopped'====== Args={'ticks': 1, 'ticks_remaining': 1}
2026-06-29 21:03:51,747 : INFO : EventManager : Event: ======'timer_attract_carousel_timer_complete'====== Args={'ticks': 1, 'ticks_remaining': 1}
2026-06-29 21:03:51,747 : INFO : EventManager : Event: ======'carousel_item_highlighted'====== Args={'carousel': 'attract', 'direction': 'forwards', 'item': 'title2'}
2026-06-29 21:03:51,747 : INFO : Timer.attract_carousel_timer : Starting Timer.
2026-06-29 21:03:51,748 : INFO : EventManager : Event: ======'timer_attract_carousel_timer_started'====== Args={'ticks': 0, 'ticks_remaining': 1}
2026-06-29 21:03:51,748 : INFO : EventManager : Event: ======'timer_attract_carousel_timer_tick'====== Args={'ticks': 0, 'ticks_remaining': 1}
2026-06-29 21:03:53,832 : INFO : EventManager : Event: ======'attract_step_audio_1'====== Args={}
2026-06-29 21:03:53,832 : INFO : EventManager : Event: ======'set_directional_volume_15'====== Args={'priority': 0}
2026-06-29 21:03:53,832 : INFO : EventManager : Event: ======'start_directional_track_1_delay'====== Args={'priority': 0}
2026-06-29 21:03:53,832 : INFO : EventManager : Event: ======'audio_command'====== Args={'priority': 0, 'command': 245}
2026-06-29 21:03:53,833 : INFO : Timer.directional_track_1_delay : Starting Timer.
2026-06-29 21:03:53,833 : INFO : EventManager : Event: ======'timer_directional_track_1_delay_started'====== Args={'ticks': 0, 'ticks_remaining': 1}
2026-06-29 21:03:53,833 : INFO : EventManager : Event: ======'timer_directional_track_1_delay_tick'====== Args={'ticks': 0, 'ticks_remaining': 1}
2026-06-29 21:03:53,926 : INFO : Timer.directional_track_1_delay : Timer Complete
2026-06-29 21:03:53,926 : INFO : Timer.directional_track_1_delay : Stopping Timer
2026-06-29 21:03:53,926 : INFO : EventManager : Event: ======'timer_directional_track_1_delay_stopped'====== Args={'ticks': 1, 'ticks_remaining': 1}
2026-06-29 21:03:53,926 : INFO : EventManager : Event: ======'timer_directional_track_1_delay_complete'====== Args={'ticks': 1, 'ticks_remaining': 1}
2026-06-29 21:03:53,926 : INFO : EventManager : Event: ======'play_directional_attract_audio'====== Args={'priority': 0}
2026-06-29 21:03:53,926 : INFO : EventManager : Event: ======'attract_step_2'====== Args={'priority': 0}
2026-06-29 21:03:53,926 : INFO : EventManager : Event: ======'audio_command'====== Args={'priority': 0, 'command': 1}
2026-06-29 21:03:56,749 : INFO : Timer.attract_carousel_timer : Timer Complete
2026-06-29 21:03:56,749 : INFO : Timer.attract_carousel_timer : Stopping Timer
2026-06-29 21:03:56,749 : INFO : EventManager : Event: ======'timer_attract_carousel_timer_stopped'====== Args={'ticks': 1, 'ticks_remaining': 1}
2026-06-29 21:03:56,749 : INFO : EventManager : Event: ======'timer_attract_carousel_timer_complete'====== Args={'ticks': 1, 'ticks_remaining': 1}
2026-06-29 21:03:56,749 : INFO : EventManager : Event: ======'carousel_item_highlighted'====== Args={'carousel': 'attract', 'direction': 'forwards', 'item': 'title'}
2026-06-29 21:03:56,749 : INFO : Timer.attract_carousel_timer : Starting Timer.
2026-06-29 21:03:56,749 : INFO : EventManager : Event: ======'timer_attract_carousel_timer_started'====== Args={'ticks': 0, 'ticks_remaining': 1}
2026-06-29 21:03:56,749 : INFO : EventManager : Event: ======'timer_attract_carousel_timer_tick'====== Args={'ticks': 0, 'ticks_remaining': 1}
2026-06-29 21:04:01,746 : INFO : Timer.attract_carousel_timer : Timer Complete
2026-06-29 21:04:01,746 : INFO : Timer.attract_carousel_timer : Stopping Timer
2026-06-29 21:04:01,746 : INFO : EventManager : Event: ======'timer_attract_carousel_timer_stopped'====== Args={'ticks': 1, 'ticks_remaining': 1}
2026-06-29 21:04:01,746 : INFO : EventManager : Event: ======'timer_attract_carousel_timer_complete'====== Args={'ticks': 1, 'ticks_remaining': 1}
2026-06-29 21:04:01,746 : INFO : EventManager : Event: ======'carousel_item_highlighted'====== Args={'carousel': 'attract', 'direction': 'forwards', 'item': 'title2'}
2026-06-29 21:04:01,746 : INFO : Timer.attract_carousel_timer : Starting Timer.
2026-06-29 21:04:01,746 : INFO : EventManager : Event: ======'timer_attract_carousel_timer_started'====== Args={'ticks': 0, 'ticks_remaining': 1}
2026-06-29 21:04:01,746 : INFO : EventManager : Event: ======'timer_attract_carousel_timer_tick'====== Args={'ticks': 0, 'ticks_remaining': 1}
2026-06-29 21:04:05,620 : INFO : EventManager : Event: ======'mode_attract_started'====== Args={}
2026-06-29 21:04:05,620 : INFO : EventManager : Event: ======'start_mode_attract_scores'====== Args={'priority': 0}
2026-06-29 21:04:05,620 : INFO : EventManager : Event: ======'start_mode_attract_credits'====== Args={'priority': 0}
2026-06-29 21:04:06,758 : INFO : Timer.attract_carousel_timer : Timer Complete
2026-06-29 21:04:06,758 : INFO : Timer.attract_carousel_timer : Stopping Timer
2026-06-29 21:04:06,758 : INFO : EventManager : Event: ======'timer_attract_carousel_timer_stopped'====== Args={'ticks': 1, 'ticks_remaining': 1}
2026-06-29 21:04:06,758 : INFO : EventManager : Event: ======'timer_attract_carousel_timer_complete'====== Args={'ticks': 1, 'ticks_remaining': 1}
2026-06-29 21:04:06,758 : INFO : EventManager : Event: ======'carousel_item_highlighted'====== Args={'carousel': 'attract', 'direction': 'forwards', 'item': 'title'}
2026-06-29 21:04:06,758 : INFO : Timer.attract_carousel_timer : Starting Timer.
2026-06-29 21:04:06,758 : INFO : EventManager : Event: ======'timer_attract_carousel_timer_started'====== Args={'ticks': 0, 'ticks_remaining': 1}
2026-06-29 21:04:06,758 : INFO : EventManager : Event: ======'timer_attract_carousel_timer_tick'====== Args={'ticks': 0, 'ticks_remaining': 1}
2026-06-29 21:04:11,746 : INFO : Timer.attract_carousel_timer : Timer Complete
2026-06-29 21:04:11,746 : INFO : Timer.attract_carousel_timer : Stopping Timer
2026-06-29 21:04:11,746 : INFO : EventManager : Event: ======'timer_attract_carousel_timer_stopped'====== Args={'ticks': 1, 'ticks_remaining': 1}
2026-06-29 21:04:11,746 : INFO : EventManager : Event: ======'timer_attract_carousel_timer_complete'====== Args={'ticks': 1, 'ticks_remaining': 1}
2026-06-29 21:04:11,746 : INFO : EventManager : Event: ======'carousel_item_highlighted'====== Args={'carousel': 'attract', 'direction': 'forwards', 'item': 'title2'}
2026-06-29 21:04:11,746 : INFO : Timer.attract_carousel_timer : Starting Timer.
2026-06-29 21:04:11,746 : INFO : EventManager : Event: ======'timer_attract_carousel_timer_started'====== Args={'ticks': 0, 'ticks_remaining': 1}
2026-06-29 21:04:11,746 : INFO : EventManager : Event: ======'timer_attract_carousel_timer_tick'====== Args={'ticks': 0, 'ticks_remaining': 1}
2026-06-29 21:04:16,745 : INFO : Timer.attract_carousel_timer : Timer Complete
2026-06-29 21:04:16,745 : INFO : Timer.attract_carousel_timer : Stopping Timer
2026-06-29 21:04:16,745 : INFO : EventManager : Event: ======'timer_attract_carousel_timer_stopped'====== Args={'ticks': 1, 'ticks_remaining': 1}
2026-06-29 21:04:16,745 : INFO : EventManager : Event: ======'timer_attract_carousel_timer_complete'====== Args={'ticks': 1, 'ticks_remaining': 1}
2026-06-29 21:04:16,745 : INFO : EventManager : Event: ======'carousel_item_highlighted'====== Args={'carousel': 'attract', 'direction': 'forwards', 'item': 'title'}
2026-06-29 21:04:16,745 : INFO : Timer.attract_carousel_timer : Starting Timer.
2026-06-29 21:04:16,745 : INFO : EventManager : Event: ======'timer_attract_carousel_timer_started'====== Args={'ticks': 0, 'ticks_remaining': 1}
2026-06-29 21:04:16,746 : INFO : EventManager : Event: ======'timer_attract_carousel_timer_tick'====== Args={'ticks': 0, 'ticks_remaining': 1}
2026-06-29 21:04:19,037 : INFO : EventManager : Event: ======'attract_backglass_main_alien'====== Args={}
2026-06-29 21:04:21,752 : INFO : Timer.attract_carousel_timer : Timer Complete
2026-06-29 21:04:21,752 : INFO : Timer.attract_carousel_timer : Stopping Timer
2026-06-29 21:04:21,752 : INFO : EventManager : Event: ======'timer_attract_carousel_timer_stopped'====== Args={'ticks': 1, 'ticks_remaining': 1}
2026-06-29 21:04:21,752 : INFO : EventManager : Event: ======'timer_attract_carousel_timer_complete'====== Args={'ticks': 1, 'ticks_remaining': 1}
2026-06-29 21:04:21,752 : INFO : EventManager : Event: ======'carousel_item_highlighted'====== Args={'carousel': 'attract', 'direction': 'forwards', 'item': 'title2'}
2026-06-29 21:04:21,752 : INFO : Timer.attract_carousel_timer : Starting Timer.
2026-06-29 21:04:21,753 : INFO : EventManager : Event: ======'timer_attract_carousel_timer_started'====== Args={'ticks': 0, 'ticks_remaining': 1}
2026-06-29 21:04:21,753 : INFO : EventManager : Event: ======'timer_attract_carousel_timer_tick'====== Args={'ticks': 0, 'ticks_remaining': 1}
2026-06-29 21:04:26,749 : INFO : Timer.attract_carousel_timer : Timer Complete
2026-06-29 21:04:26,749 : INFO : Timer.attract_carousel_timer : Stopping Timer
2026-06-29 21:04:26,749 : INFO : EventManager : Event: ======'timer_attract_carousel_timer_stopped'====== Args={'ticks': 1, 'ticks_remaining': 1}
2026-06-29 21:04:26,749 : INFO : EventManager : Event: ======'timer_attract_carousel_timer_complete'====== Args={'ticks': 1, 'ticks_remaining': 1}
2026-06-29 21:04:26,749 : INFO : EventManager : Event: ======'carousel_item_highlighted'====== Args={'carousel': 'attract', 'direction': 'forwards', 'item': 'title'}
2026-06-29 21:04:26,750 : INFO : Timer.attract_carousel_timer : Starting Timer.
2026-06-29 21:04:26,750 : INFO : EventManager : Event: ======'timer_attract_carousel_timer_started'====== Args={'ticks': 0, 'ticks_remaining': 1}
2026-06-29 21:04:26,750 : INFO : EventManager : Event: ======'timer_attract_carousel_timer_tick'====== Args={'ticks': 0, 'ticks_remaining': 1}
2026-06-29 21:04:28,466 : INFO : EventManager : Event: ======'attract_backglass_police_alien'====== Args={}
2026-06-29 21:04:31,750 : INFO : Timer.attract_carousel_timer : Timer Complete
2026-06-29 21:04:31,750 : INFO : Timer.attract_carousel_timer : Stopping Timer
2026-06-29 21:04:31,750 : INFO : EventManager : Event: ======'timer_attract_carousel_timer_stopped'====== Args={'ticks': 1, 'ticks_remaining': 1}
2026-06-29 21:04:31,750 : INFO : EventManager : Event: ======'timer_attract_carousel_timer_complete'====== Args={'ticks': 1, 'ticks_remaining': 1}
2026-06-29 21:04:31,750 : INFO : EventManager : Event: ======'carousel_item_highlighted'====== Args={'carousel': 'attract', 'direction': 'forwards', 'item': 'title2'}
2026-06-29 21:04:31,750 : INFO : Timer.attract_carousel_timer : Starting Timer.
2026-06-29 21:04:31,751 : INFO : EventManager : Event: ======'timer_attract_carousel_timer_started'====== Args={'ticks': 0, 'ticks_remaining': 1}
2026-06-29 21:04:31,751 : INFO : EventManager : Event: ======'timer_attract_carousel_timer_tick'====== Args={'ticks': 0, 'ticks_remaining': 1}
2026-06-29 21:04:36,753 : INFO : Timer.attract_carousel_timer : Timer Complete
2026-06-29 21:04:36,753 : INFO : Timer.attract_carousel_timer : Stopping Timer
2026-06-29 21:04:36,753 : INFO : EventManager : Event: ======'timer_attract_carousel_timer_stopped'====== Args={'ticks': 1, 'ticks_remaining': 1}
2026-06-29 21:04:36,753 : INFO : EventManager : Event: ======'timer_attract_carousel_timer_complete'====== Args={'ticks': 1, 'ticks_remaining': 1}
2026-06-29 21:04:36,753 : INFO : EventManager : Event: ======'carousel_item_highlighted'====== Args={'carousel': 'attract', 'direction': 'forwards', 'item': 'title'}
2026-06-29 21:04:36,754 : INFO : Timer.attract_carousel_timer : Starting Timer.
2026-06-29 21:04:36,754 : INFO : EventManager : Event: ======'timer_attract_carousel_timer_started'====== Args={'ticks': 0, 'ticks_remaining': 1}
2026-06-29 21:04:36,754 : INFO : EventManager : Event: ======'timer_attract_carousel_timer_tick'====== Args={'ticks': 0, 'ticks_remaining': 1}
2026-06-29 21:04:41,757 : INFO : Timer.attract_carousel_timer : Timer Complete
2026-06-29 21:04:41,757 : INFO : Timer.attract_carousel_timer : Stopping Timer
2026-06-29 21:04:41,757 : INFO : EventManager : Event: ======'timer_attract_carousel_timer_stopped'====== Args={'ticks': 1, 'ticks_remaining': 1}
2026-06-29 21:04:41,757 : INFO : EventManager : Event: ======'timer_attract_carousel_timer_complete'====== Args={'ticks': 1, 'ticks_remaining': 1}
2026-06-29 21:04:41,757 : INFO : EventManager : Event: ======'carousel_item_highlighted'====== Args={'carousel': 'attract', 'direction': 'forwards', 'item': 'title2'}
2026-06-29 21:04:41,758 : INFO : Timer.attract_carousel_timer : Starting Timer.
2026-06-29 21:04:41,758 : INFO : EventManager : Event: ======'timer_attract_carousel_timer_started'====== Args={'ticks': 0, 'ticks_remaining': 1}
2026-06-29 21:04:41,758 : INFO : EventManager : Event: ======'timer_attract_carousel_timer_tick'====== Args={'ticks': 0, 'ticks_remaining': 1}
2026-06-29 21:04:46,749 : INFO : Timer.attract_carousel_timer : Timer Complete
2026-06-29 21:04:46,749 : INFO : Timer.attract_carousel_timer : Stopping Timer
2026-06-29 21:04:46,749 : INFO : EventManager : Event: ======'timer_attract_carousel_timer_stopped'====== Args={'ticks': 1, 'ticks_remaining': 1}
2026-06-29 21:04:46,749 : INFO : EventManager : Event: ======'timer_attract_carousel_timer_complete'====== Args={'ticks': 1, 'ticks_remaining': 1}
2026-06-29 21:04:46,749 : INFO : EventManager : Event: ======'carousel_item_highlighted'====== Args={'carousel': 'attract', 'direction': 'forwards', 'item': 'title'}
2026-06-29 21:04:46,749 : INFO : Timer.attract_carousel_timer : Starting Timer.
2026-06-29 21:04:46,749 : INFO : EventManager : Event: ======'timer_attract_carousel_timer_started'====== Args={'ticks': 0, 'ticks_remaining': 1}
2026-06-29 21:04:46,749 : INFO : EventManager : Event: ======'timer_attract_carousel_timer_tick'====== Args={'ticks': 0, 'ticks_remaining': 1}
2026-06-29 21:04:51,753 : INFO : Timer.attract_carousel_timer : Timer Complete
2026-06-29 21:04:51,753 : INFO : Timer.attract_carousel_timer : Stopping Timer
2026-06-29 21:04:51,753 : INFO : EventManager : Event: ======'timer_attract_carousel_timer_stopped'====== Args={'ticks': 1, 'ticks_remaining': 1}
2026-06-29 21:04:51,753 : INFO : EventManager : Event: ======'timer_attract_carousel_timer_complete'====== Args={'ticks': 1, 'ticks_remaining': 1}
2026-06-29 21:04:51,753 : INFO : EventManager : Event: ======'carousel_item_highlighted'====== Args={'carousel': 'attract', 'direction': 'forwards', 'item': 'title2'}
2026-06-29 21:04:51,754 : INFO : Timer.attract_carousel_timer : Starting Timer.
2026-06-29 21:04:51,754 : INFO : EventManager : Event: ======'timer_attract_carousel_timer_started'====== Args={'ticks': 0, 'ticks_remaining': 1}
2026-06-29 21:04:51,754 : INFO : EventManager : Event: ======'timer_attract_carousel_timer_tick'====== Args={'ticks': 0, 'ticks_remaining': 1}
2026-06-29 21:04:52,476 : INFO : EventManager : Event: ======'attract_backglass_watch'====== Args={}
2026-06-29 21:04:56,753 : INFO : Timer.attract_carousel_timer : Timer Complete
2026-06-29 21:04:56,753 : INFO : Timer.attract_carousel_timer : Stopping Timer
2026-06-29 21:04:56,753 : INFO : EventManager : Event: ======'timer_attract_carousel_timer_stopped'====== Args={'ticks': 1, 'ticks_remaining': 1}
2026-06-29 21:04:56,753 : INFO : EventManager : Event: ======'timer_attract_carousel_timer_complete'====== Args={'ticks': 1, 'ticks_remaining': 1}
2026-06-29 21:04:56,753 : INFO : EventManager : Event: ======'carousel_item_highlighted'====== Args={'carousel': 'attract', 'direction': 'forwards', 'item': 'title'}
2026-06-29 21:04:56,753 : INFO : Timer.attract_carousel_timer : Starting Timer.
2026-06-29 21:04:56,753 : INFO : EventManager : Event: ======'timer_attract_carousel_timer_started'====== Args={'ticks': 0, 'ticks_remaining': 1}
2026-06-29 21:04:56,754 : INFO : EventManager : Event: ======'timer_attract_carousel_timer_tick'====== Args={'ticks': 0, 'ticks_remaining': 1}
2026-06-29 21:04:59,995 : INFO : EventManager : Event: ======'attract_backglass_signs'====== Args={}
2026-06-29 21:05:01,760 : INFO : Timer.attract_carousel_timer : Timer Complete
2026-06-29 21:05:01,760 : INFO : Timer.attract_carousel_timer : Stopping Timer
2026-06-29 21:05:01,760 : INFO : EventManager : Event: ======'timer_attract_carousel_timer_stopped'====== Args={'ticks': 1, 'ticks_remaining': 1}
2026-06-29 21:05:01,760 : INFO : EventManager : Event: ======'timer_attract_carousel_timer_complete'====== Args={'ticks': 1, 'ticks_remaining': 1}
2026-06-29 21:05:01,760 : INFO : EventManager : Event: ======'carousel_item_highlighted'====== Args={'carousel': 'attract', 'direction': 'forwards', 'item': 'title2'}
2026-06-29 21:05:01,760 : INFO : Timer.attract_carousel_timer : Starting Timer.
2026-06-29 21:05:01,760 : INFO : EventManager : Event: ======'timer_attract_carousel_timer_started'====== Args={'ticks': 0, 'ticks_remaining': 1}
2026-06-29 21:05:01,760 : INFO : EventManager : Event: ======'timer_attract_carousel_timer_tick'====== Args={'ticks': 0, 'ticks_remaining': 1}
2026-06-29 21:05:06,747 : INFO : Timer.attract_carousel_timer : Timer Complete
2026-06-29 21:05:06,747 : INFO : Timer.attract_carousel_timer : Stopping Timer
2026-06-29 21:05:06,747 : INFO : EventManager : Event: ======'timer_attract_carousel_timer_stopped'====== Args={'ticks': 1, 'ticks_remaining': 1}
2026-06-29 21:05:06,747 : INFO : EventManager : Event: ======'timer_attract_carousel_timer_complete'====== Args={'ticks': 1, 'ticks_remaining': 1}
2026-06-29 21:05:06,747 : INFO : EventManager : Event: ======'carousel_item_highlighted'====== Args={'carousel': 'attract', 'direction': 'forwards', 'item': 'title'}
2026-06-29 21:05:06,747 : INFO : Timer.attract_carousel_timer : Starting Timer.
2026-06-29 21:05:06,747 : INFO : EventManager : Event: ======'timer_attract_carousel_timer_started'====== Args={'ticks': 0, 'ticks_remaining': 1}
2026-06-29 21:05:06,747 : INFO : EventManager : Event: ======'timer_attract_carousel_timer_tick'====== Args={'ticks': 0, 'ticks_remaining': 1}
2026-06-29 21:05:11,755 : INFO : Timer.attract_carousel_timer : Timer Complete
2026-06-29 21:05:11,755 : INFO : Timer.attract_carousel_timer : Stopping Timer
2026-06-29 21:05:11,755 : INFO : EventManager : Event: ======'timer_attract_carousel_timer_stopped'====== Args={'ticks': 1, 'ticks_remaining': 1}
2026-06-29 21:05:11,755 : INFO : EventManager : Event: ======'timer_attract_carousel_timer_complete'====== Args={'ticks': 1, 'ticks_remaining': 1}
2026-06-29 21:05:11,755 : INFO : EventManager : Event: ======'carousel_item_highlighted'====== Args={'carousel': 'attract', 'direction': 'forwards', 'item': 'title2'}
2026-06-29 21:05:11,755 : INFO : Timer.attract_carousel_timer : Starting Timer.
2026-06-29 21:05:11,755 : INFO : EventManager : Event: ======'timer_attract_carousel_timer_started'====== Args={'ticks': 0, 'ticks_remaining': 1}
2026-06-29 21:05:11,755 : INFO : EventManager : Event: ======'timer_attract_carousel_timer_tick'====== Args={'ticks': 0, 'ticks_remaining': 1}
2026-06-29 21:05:13,265 : INFO : EventManager : Event: ======'attract_backglass_guns'====== Args={}
2026-06-29 21:05:16,751 : INFO : Timer.attract_carousel_timer : Timer Complete
2026-06-29 21:05:16,751 : INFO : Timer.attract_carousel_timer : Stopping Timer
2026-06-29 21:05:16,751 : INFO : EventManager : Event: ======'timer_attract_carousel_timer_stopped'====== Args={'ticks': 1, 'ticks_remaining': 1}
2026-06-29 21:05:16,751 : INFO : EventManager : Event: ======'timer_attract_carousel_timer_complete'====== Args={'ticks': 1, 'ticks_remaining': 1}
2026-06-29 21:05:16,751 : INFO : EventManager : Event: ======'carousel_item_highlighted'====== Args={'carousel': 'attract', 'direction': 'forwards', 'item': 'title'}
2026-06-29 21:05:16,751 : INFO : Timer.attract_carousel_timer : Starting Timer.
2026-06-29 21:05:16,751 : INFO : EventManager : Event: ======'timer_attract_carousel_timer_started'====== Args={'ticks': 0, 'ticks_remaining': 1}
2026-06-29 21:05:16,751 : INFO : EventManager : Event: ======'timer_attract_carousel_timer_tick'====== Args={'ticks': 0, 'ticks_remaining': 1}
2026-06-29 21:05:21,757 : INFO : Timer.attract_carousel_timer : Timer Complete
2026-06-29 21:05:21,757 : INFO : Timer.attract_carousel_timer : Stopping Timer
2026-06-29 21:05:21,757 : INFO : EventManager : Event: ======'timer_attract_carousel_timer_stopped'====== Args={'ticks': 1, 'ticks_remaining': 1}
2026-06-29 21:05:21,757 : INFO : EventManager : Event: ======'timer_attract_carousel_timer_complete'====== Args={'ticks': 1, 'ticks_remaining': 1}
2026-06-29 21:05:21,757 : INFO : EventManager : Event: ======'carousel_item_highlighted'====== Args={'carousel': 'attract', 'direction': 'forwards', 'item': 'title2'}
2026-06-29 21:05:21,758 : INFO : Timer.attract_carousel_timer : Starting Timer.
2026-06-29 21:05:21,758 : INFO : EventManager : Event: ======'timer_attract_carousel_timer_started'====== Args={'ticks': 0, 'ticks_remaining': 1}
2026-06-29 21:05:21,758 : INFO : EventManager : Event: ======'timer_attract_carousel_timer_tick'====== Args={'ticks': 0, 'ticks_remaining': 1}
2026-06-29 21:05:22,705 : INFO : EventManager : Event: ======'attract_step_audio_1'====== Args={}
2026-06-29 21:05:22,705 : INFO : EventManager : Event: ======'set_directional_volume_15'====== Args={'priority': 0}
2026-06-29 21:05:22,705 : INFO : EventManager : Event: ======'start_directional_track_1_delay'====== Args={'priority': 0}
2026-06-29 21:05:22,705 : INFO : EventManager : Event: ======'audio_command'====== Args={'priority': 0, 'command': 245}
2026-06-29 21:05:22,706 : INFO : Timer.directional_track_1_delay : Starting Timer.
2026-06-29 21:05:22,706 : INFO : EventManager : Event: ======'timer_directional_track_1_delay_started'====== Args={'ticks': 0, 'ticks_remaining': 1}
2026-06-29 21:05:22,706 : INFO : EventManager : Event: ======'timer_directional_track_1_delay_tick'====== Args={'ticks': 0, 'ticks_remaining': 1}
2026-06-29 21:05:22,800 : INFO : Timer.directional_track_1_delay : Timer Complete
2026-06-29 21:05:22,800 : INFO : Timer.directional_track_1_delay : Stopping Timer
2026-06-29 21:05:22,800 : INFO : EventManager : Event: ======'timer_directional_track_1_delay_stopped'====== Args={'ticks': 1, 'ticks_remaining': 1}
2026-06-29 21:05:22,800 : INFO : EventManager : Event: ======'timer_directional_track_1_delay_complete'====== Args={'ticks': 1, 'ticks_remaining': 1}
2026-06-29 21:05:22,801 : INFO : EventManager : Event: ======'play_directional_attract_audio'====== Args={'priority': 0}
2026-06-29 21:05:22,801 : INFO : EventManager : Event: ======'attract_step_2'====== Args={'priority': 0}
2026-06-29 21:05:22,801 : INFO : EventManager : Event: ======'audio_command'====== Args={'priority': 0, 'command': 1}
2026-06-29 21:05:26,754 : INFO : Timer.attract_carousel_timer : Timer Complete
2026-06-29 21:05:26,754 : INFO : Timer.attract_carousel_timer : Stopping Timer
2026-06-29 21:05:26,754 : INFO : EventManager : Event: ======'timer_attract_carousel_timer_stopped'====== Args={'ticks': 1, 'ticks_remaining': 1}
2026-06-29 21:05:26,754 : INFO : EventManager : Event: ======'timer_attract_carousel_timer_complete'====== Args={'ticks': 1, 'ticks_remaining': 1}
2026-06-29 21:05:26,754 : INFO : EventManager : Event: ======'carousel_item_highlighted'====== Args={'carousel': 'attract', 'direction': 'forwards', 'item': 'title'}
2026-06-29 21:05:26,754 : INFO : Timer.attract_carousel_timer : Starting Timer.
2026-06-29 21:05:26,754 : INFO : EventManager : Event: ======'timer_attract_carousel_timer_started'====== Args={'ticks': 0, 'ticks_remaining': 1}
2026-06-29 21:05:26,755 : INFO : EventManager : Event: ======'timer_attract_carousel_timer_tick'====== Args={'ticks': 0, 'ticks_remaining': 1}
2026-06-29 21:05:31,421 : INFO : Machine : Shutting down...
2026-06-29 21:05:31,421 : INFO : EventManager : Event: ======'shutdown'====== Args={}
2026-06-29 21:05:31,520 : INFO : root : MPF run loop ended.
