2026-03-29 10:06:17,948 : INFO : root : Loading config.
2026-03-29 10:06:17,948 : INFO : YamlMultifileConfigLoader : Machine config file #1: config.yaml
2026-03-29 10:06:17,948 : INFO : ConfigProcessor : Loading config from cache: C:\Users\tl\AppData\Local\Temp\86f932e179f318f5dae29f066573dee9.mpf_cache
2026-03-29 10:06:18,057 : INFO : ConfigProcessor : Loading config from cache: C:\Users\tl\AppData\Local\Temp\5e7e3dd8e04e0aa46ea76018297218da.mpf_cache
2026-03-29 10:06:18,057 : INFO : ConfigProcessor : Loading config from cache: C:\Users\tl\AppData\Local\Temp\af6ad0dab2f43bd9cbdac83e0b2786ac.mpf_cache
2026-03-29 10:06:18,057 : INFO : ConfigProcessor : Loading config from cache: C:\Users\tl\AppData\Local\Temp\5e7e3dd8e04e0aa46ea76018297218da.mpf_cache
2026-03-29 10:06:18,057 : INFO : ConfigProcessor : Loading config from cache: C:\Users\tl\AppData\Local\Temp\078e3f4c59f1cd1bf0ff8685cc9e7ff5.mpf_cache
2026-03-29 10:06:18,057 : INFO : ConfigProcessor : Loading config from cache: C:\Users\tl\AppData\Local\Temp\279434e09bc5e8b073f441f36778b3c5.mpf_cache
2026-03-29 10:06:18,057 : INFO : ConfigProcessor : Loading config from cache: C:\Users\tl\AppData\Local\Temp\f7ef3217062c4a128670875e2cb05ce9.mpf_cache
2026-03-29 10:06:18,057 : INFO : ConfigProcessor : Loading config from cache: C:\Users\tl\AppData\Local\Temp\354636526653009b6f35f36c4dc3e189.mpf_cache
2026-03-29 10:06:18,057 : INFO : ConfigProcessor : Loading config from cache: C:\Users\tl\AppData\Local\Temp\b41aec6702196d0bd650320fa331266f.mpf_cache
2026-03-29 10:06:18,057 : INFO : ConfigProcessor : Loading config from cache: C:\Users\tl\AppData\Local\Temp\a951eeea2c167365e5a009cce33f51d8.mpf_cache
2026-03-29 10:06:18,057 : INFO : ConfigProcessor : Loading config from cache: C:\Users\tl\AppData\Local\Temp\f020dca9eec5e09763b9289397e6c32f.mpf_cache
2026-03-29 10:06:18,057 : INFO : ConfigProcessor : Loading config from cache: C:\Users\tl\AppData\Local\Temp\edce5a74ebf86ee6330810859c361ede.mpf_cache
2026-03-29 10:06:18,057 : INFO : ConfigProcessor : Loading config from cache: C:\Users\tl\AppData\Local\Temp\7c825e76f3d981841c3099d018a06a8f.mpf_cache
2026-03-29 10:06:18,057 : INFO : ConfigProcessor : Loading config from cache: C:\Users\tl\AppData\Local\Temp\4c1252d1f04cb61ecc91110937cfd225.mpf_cache
2026-03-29 10:06:18,057 : INFO : ConfigProcessor : Loading config from cache: C:\Users\tl\AppData\Local\Temp\8d6d681afe5a7b6e9186321cd98f18ca.mpf_cache
2026-03-29 10:06:18,073 : INFO : Machine : Mission Pinball Framework Core Engine v0.80.0.dev12
2026-03-29 10:06:18,073 : INFO : Machine : Command line arguments: {'no_load_cache': False, 'create_config_cache': True, 'bcp': True, 'configfile': ['config.yaml'], 'force_assets_load': False, 'platform_integration_test': False, 'jsonlogging': False, 'logfile': 'logs\\2026-03-29-10-06-17-mpf-DESKTOP-HV85DRD.log', 'pause': False, 'production': False, 'text_ui': False, 'loglevel': 15, 'consoleloglevel': 20, 'force_platform': None, 'syslog_address': None, 'full_logfile_path': 'C:\\Users\\tl\\Documents\\tl-pinball\\logs\\2026-03-29-10-06-17-mpf-DESKTOP-HV85DRD.log'}
2026-03-29 10:06:18,073 : INFO : Machine : MPF path: C:\mpf\Lib\site-packages\mpf
2026-03-29 10:06:18,073 : INFO : Machine : Machine path: C:\Users\tl\Documents\tl-pinball
2026-03-29 10:06:18,073 : INFO : Machine : Platform: win32
2026-03-29 10:06:18,073 : INFO : Machine : Python executable location: C:\mpf\Scripts\python.exe
2026-03-29 10:06:18,073 : INFO : Machine : Python version: 3.12.7 (64-bit)
2026-03-29 10:06:18,073 : INFO : Machine : Initializing MPF...
2026-03-29 10:06:18,167 : INFO : FAST [NET] : Trying to connect to COM4 at 921600bps
2026-03-29 10:06:18,183 : INFO : FAST [NET] : Connected to COM4 at 921600bps
2026-03-29 10:06:18,198 : INFO : FAST [NET] : Connected to FP-CPU-2000 with firmware v02.26
2026-03-29 10:06:18,230 : INFO : FAST [NET] : Registered I/O Board 0: Model: FP-I/O-0024, Firmware: 01.10, Switches: 24, Drivers: 8
2026-03-29 10:06:18,245 : INFO : FAST [NET] : Registered I/O Board 1: Model: FP-I/O-1616, Firmware: 01.10, Switches: 16, Drivers: 16
2026-03-29 10:06:18,261 : INFO : FAST [NET] : Registered I/O Board 2: Model: FP-I/O-3208, Firmware: 01.10, Switches: 32, Drivers: 8
2026-03-29 10:06:18,277 : INFO : FAST [NET] : Registered I/O Board 3: Model: FP-I/O-1616, Firmware: 01.10, Switches: 16, Drivers: 16
2026-03-29 10:06:18,277 : INFO : FAST [EXP] : Trying to connect to COM5 at 921600bps
2026-03-29 10:06:18,277 : INFO : FAST [EXP] : Connected to COM5 at 921600bps
2026-03-29 10:06:18,293 : INFO : FAST [EXP] : Verifying hardware for EXP "ledneuron" (FP-EXP-2000, @48) with ID string "EXP FP-EXP-2000  0.42", board address 48
2026-03-29 10:06:18,308 : INFO : FAST [EXP] : Verifying hardware for EXP "ledneuron" (FP-EXP-2000, @48) with ID string "BRK FP-EXP-2000  0.42", board address 480
2026-03-29 10:06:18,339 : INFO : FAST [EXP] : Verifying hardware for EXP "ledpf1" (FP-EXP-0081, @84) with ID string "EXP FP-EXP-0081  0.38", board address 84
2026-03-29 10:06:18,355 : INFO : FAST [EXP] : Verifying hardware for EXP "ledpf1" (FP-EXP-0081, @84) with ID string "BRK FP-EXP-0081  0.38", board address 840
2026-03-29 10:06:18,371 : INFO : FAST [EXP] : Verifying hardware for EXP "ledpf1" (FP-EXP-0081, @84) with ID string "BRK FP-EXP-0081  0.38", board address 841
2026-03-29 10:06:18,417 : INFO : FAST [EXP] : Verifying hardware for EXP "ledpf2" (FP-EXP-0081, @85) with ID string "EXP FP-EXP-0081  0.48", board address 85
2026-03-29 10:06:18,433 : INFO : FAST [EXP] : Verifying hardware for EXP "ledpf2" (FP-EXP-0081, @85) with ID string "BRK FP-EXP-0081  0.48", board address 850
2026-03-29 10:06:18,448 : INFO : FAST [EXP] : Verifying hardware for EXP "ledpf2" (FP-EXP-0081, @85) with ID string "BRK FP-EXP-0081  0.48", board address 851
2026-03-29 10:06:18,463 : INFO : EventManager : Event: ======'machine_var_credits_string'====== Args={'value': 'FREE PLAY', 'prev_value': None, 'change': True}
2026-03-29 10:06:18,479 : INFO : EventManager : Event: ======'machine_var_last_game_score'====== Args={'value': 2194524, 'prev_value': None, 'change': True}
2026-03-29 10:06:18,479 : INFO : EventManager : Event: ======'machine_var_master_volume'====== Args={'value': 0.5, 'prev_value': None, 'change': True}
2026-03-29 10:06:18,479 : INFO : EventManager : Event: ======'machine_var_player1_score'====== Args={'value': 2194524, 'prev_value': None, 'change': True}
2026-03-29 10:06:18,479 : INFO : EventManager : Event: ======'machine_var_mpf_version'====== Args={'value': 'Mission Pinball Framework v0.80.0.dev12', 'prev_value': None, 'change': True}
2026-03-29 10:06:18,479 : INFO : EventManager : Event: ======'machine_var_mpf_extended_version'====== Args={'value': 'Mission Pinball Framework v0.80.0.dev12, Config version:6, Show version: 6, BCP version:1.1', 'prev_value': None, 'change': True}
2026-03-29 10:06:18,479 : INFO : EventManager : Event: ======'machine_var_python_version'====== Args={'value': '3.12.7', 'prev_value': None, 'change': True}
2026-03-29 10:06:18,511 : INFO : EventManager : Event: ======'machine_var_platform'====== Args={'value': 'Windows-10-10.0.19044-SP0', 'prev_value': None, 'change': True}
2026-03-29 10:06:18,511 : INFO : EventManager : Event: ======'machine_var_platform_system'====== Args={'value': 'Windows', 'prev_value': None, 'change': True}
2026-03-29 10:06:18,511 : INFO : EventManager : Event: ======'machine_var_platform_release'====== Args={'value': '10', 'prev_value': None, 'change': True}
2026-03-29 10:06:18,511 : INFO : EventManager : Event: ======'machine_var_platform_version'====== Args={'value': '10.0.19044', 'prev_value': None, 'change': True}
2026-03-29 10:06:18,511 : INFO : EventManager : Event: ======'machine_var_platform_machine'====== Args={'value': 'AMD64', 'prev_value': None, 'change': True}
2026-03-29 10:06:18,511 : INFO : EventManager : Event: ======'machine_var_log_file_path'====== Args={'value': 'C:\\Users\\tl\\Documents\\tl-pinball\\logs\\2026-03-29-10-06-17-mpf-DESKTOP-HV85DRD.log', 'prev_value': None, 'change': True}
2026-03-29 10:06:18,511 : INFO : EventManager : Event: ======'init_phase_1'====== Args={}
2026-03-29 10:06:18,542 : INFO : EventManager : Event: ======'drop_target_bank_dt_bank_1_4_up'====== Args={}
2026-03-29 10:06:18,542 : INFO : EventManager : Event: ======'drop_target_bank_dt_bank_5_7_up'====== Args={}
2026-03-29 10:06:23,245 : INFO : SwitchController : <<<<<<< 's_44_spinner_right' active >>>>>>>
2026-03-29 10:06:23,245 : INFO : SwitchController : <<<<<<< 's_56_pop_bumper_right' active >>>>>>>
2026-03-29 10:06:23,245 : INFO : SwitchController : <<<<<<< 's_64_varitarget_position_1' active >>>>>>>
2026-03-29 10:06:23,245 : INFO : SwitchController : <<<<<<< 's_69_varitarget_position_6' active >>>>>>>
2026-03-29 10:06:23,245 : INFO : SwitchController : <<<<<<< 's_71_spinner_left' active >>>>>>>
2026-03-29 10:06:23,323 : INFO : EventManager : Event: ======'init_phase_2'====== Args={}
2026-03-29 10:06:23,323 : INFO : SwitchController : Found active switch: (60, [FAST Platform Interface]) <switch.s_44_spinner_right>
2026-03-29 10:06:23,323 : INFO : SwitchController : Found active switch: (24, [FAST Platform Interface]) <switch.s_56_pop_bumper_right>
2026-03-29 10:06:23,323 : INFO : SwitchController : Found active switch: (32, [FAST Platform Interface]) <switch.s_64_varitarget_position_1>
2026-03-29 10:06:23,323 : INFO : SwitchController : Found active switch: (37, [FAST Platform Interface]) <switch.s_69_varitarget_position_6>
2026-03-29 10:06:23,323 : INFO : SwitchController : Found active switch: (39, [FAST Platform Interface]) <switch.s_71_spinner_left>
2026-03-29 10:06:23,323 : ERROR : asyncio : Exception in callback EventManager._queue_task_done(<Task finishe...edpf1-127']")>)
handle: <Handle EventManager._queue_task_done(<Task finishe...edpf1-127']")>)>
Traceback (most recent call last):
  File "C:\Users\tl\AppData\Local\Programs\Python\Python312\Lib\asyncio\events.py", line 88, in _run
    self._context.run(self._callback, *self._args)
  File "C:\mpf\Lib\site-packages\mpf\core\events.py", line 795, in _queue_task_done
    future.result()
  File "C:\mpf\Lib\site-packages\mpf\core\events.py", line 708, in _run_handlers_sequential
    handler.callback(queue=queue, **merged_kwargs)
  File "C:\mpf\Lib\site-packages\mpf\core\mode_controller.py", line 97, in initialize_modes
    item.method(config=mode.config[item.config_section],
  File "C:\mpf\Lib\site-packages\mpf\core\config_player.py", line 150, in process_mode_config
    config = self.validate_config(config)
             ^^^^^^^^^^^^^^^^^^^^^^^^^^^^
  File "C:\mpf\Lib\site-packages\mpf\core\config_player.py", line 113, in validate_config
    validated_config[event] = self.validate_config_entry(settings, event)
                              ^^^^^^^^^^^^^^^^^^^^^^^^^^^^^^^^^^^^^^^^^^^
  File "C:\mpf\Lib\site-packages\mpf\config_players\device_config_player.py", line 56, in validate_config_entry
    raise e
  File "C:\mpf\Lib\site-packages\mpf\config_players\device_config_player.py", line 52, in validate_config_entry
    self._validate_config_item(device, device_settings))
    ^^^^^^^^^^^^^^^^^^^^^^^^^^^^^^^^^^^^^^^^^^^^^^^^^^^
  File "C:\mpf\Lib\site-packages\mpf\config_players\device_config_player.py", line 85, in _validate_config_item
    devices = self._expand_device(device)
              ^^^^^^^^^^^^^^^^^^^^^^^^^^^
  File "C:\mpf\Lib\site-packages\mpf\config_players\device_config_player.py", line 114, in _expand_device
    return self.raise_config_error(
           ^^^^^^^^^^^^^^^^^^^^^^^^
  File "C:\mpf\Lib\site-packages\mpf\core\logging.py", line 175, in raise_config_error
    raise ConfigFileError(msg, error_no, self.log.name if self.log else "", context, self._url_base) \
mpf.exceptions.config_file_error.ConfigFileError: Config File Error in light_player: Failed to load config player mode_attract_started:lights with settings {'ledpf1-127': {'color': <RGBColor (255, 255, 255) (white)>, 'fade': 0, 'priority': 0}} >> Could not find a lights device with name or tag ledpf1-127, from list ['ledpf1-127'] Error Code: CFE-light_player-101 (https://missionpinball.org/latest/logs)
2026-03-29 10:06:23,386 : INFO : Machine : Starting the main run loop with active modes: []
2026-03-29 10:06:23,386 : WARNING : Machine : Attract mode is not active, game will not be playable. Please check your attract mode configuration.
2026-03-29 10:06:23,386 : INFO : Machine : Shutting down...
2026-03-29 10:06:23,386 : INFO : EventManager : Event: ======'shutdown'====== Args={}
2026-03-29 10:06:24,496 : ERROR : Machine : Runtime Exception
Traceback (most recent call last):
  File "C:\mpf\Lib\site-packages\mpf\core\machine.py", line 810, in _run_loop
    raise self._exception['exception']
  File "C:\Users\tl\AppData\Local\Programs\Python\Python312\Lib\asyncio\events.py", line 88, in _run
    self._context.run(self._callback, *self._args)
  File "C:\mpf\Lib\site-packages\mpf\core\events.py", line 795, in _queue_task_done
    future.result()
  File "C:\mpf\Lib\site-packages\mpf\core\events.py", line 708, in _run_handlers_sequential
    handler.callback(queue=queue, **merged_kwargs)
  File "C:\mpf\Lib\site-packages\mpf\core\mode_controller.py", line 97, in initialize_modes
    item.method(config=mode.config[item.config_section],
  File "C:\mpf\Lib\site-packages\mpf\core\config_player.py", line 150, in process_mode_config
    config = self.validate_config(config)
             ^^^^^^^^^^^^^^^^^^^^^^^^^^^^
  File "C:\mpf\Lib\site-packages\mpf\core\config_player.py", line 113, in validate_config
    validated_config[event] = self.validate_config_entry(settings, event)
                              ^^^^^^^^^^^^^^^^^^^^^^^^^^^^^^^^^^^^^^^^^^^
  File "C:\mpf\Lib\site-packages\mpf\config_players\device_config_player.py", line 56, in validate_config_entry
    raise e
  File "C:\mpf\Lib\site-packages\mpf\config_players\device_config_player.py", line 52, in validate_config_entry
    self._validate_config_item(device, device_settings))
    ^^^^^^^^^^^^^^^^^^^^^^^^^^^^^^^^^^^^^^^^^^^^^^^^^^^
  File "C:\mpf\Lib\site-packages\mpf\config_players\device_config_player.py", line 85, in _validate_config_item
    devices = self._expand_device(device)
              ^^^^^^^^^^^^^^^^^^^^^^^^^^^
  File "C:\mpf\Lib\site-packages\mpf\config_players\device_config_player.py", line 114, in _expand_device
    return self.raise_config_error(
           ^^^^^^^^^^^^^^^^^^^^^^^^
  File "C:\mpf\Lib\site-packages\mpf\core\logging.py", line 175, in raise_config_error
    raise ConfigFileError(msg, error_no, self.log.name if self.log else "", context, self._url_base) \
mpf.exceptions.config_file_error.ConfigFileError: Config File Error in light_player: Failed to load config player mode_attract_started:lights with settings {'ledpf1-127': {'color': <RGBColor (255, 255, 255) (white)>, 'fade': 0, 'priority': 0}} >> Could not find a lights device with name or tag ledpf1-127, from list ['ledpf1-127'] Error Code: CFE-light_player-101 (https://missionpinball.org/latest/logs)
2026-03-29 10:06:24,496 : INFO : root : MPF run loop ended.
