2026-03-15 21:41:10,319 : INFO : root : Loading config.
2026-03-15 21:41:10,336 : INFO : YamlMultifileConfigLoader : Machine config file #1: config.yaml
2026-03-15 21:41:10,337 : WARNING : ConfigProcessor : Config file in cache changed: C:\Users\tl\Documents\tl-pinball\config\config.yaml
2026-03-15 21:41:10,337 : INFO : ConfigProcessor : Loading config from file C:\mpf\Lib\site-packages\mpf\mpfconfig.yaml.
2026-03-15 21:41:10,358 : INFO : ConfigProcessor : Loading config: C:\mpf\Lib\site-packages\mpf\mpfconfig.yaml
2026-03-15 21:41:10,358 : INFO : ConfigProcessor : Loading config from file C:\Users\tl\Documents\tl-pinball\config\config.yaml.
2026-03-15 21:41:10,367 : INFO : ConfigProcessor : Loading config: C:\Users\tl\Documents\tl-pinball\config\config.yaml
2026-03-15 21:41:10,377 : INFO : ConfigProcessor : Loading config: C:\Users\tl\Documents\tl-pinball\config\config_hardware.yaml
2026-03-15 21:41:10,386 : INFO : ConfigProcessor : Loading config: C:\Users\tl\Documents\tl-pinball\config\config_ball_devices.yaml
2026-03-15 21:41:10,396 : INFO : ConfigProcessor : Loading config: C:\Users\tl\Documents\tl-pinball\config\device_config_lights_led.yaml
2026-03-15 21:41:10,407 : INFO : ConfigProcessor : Loading config: C:\Users\tl\Documents\tl-pinball\config\device_config_game.yaml
2026-03-15 21:41:10,421 : INFO : ConfigProcessor : Loading config: C:\Users\tl\Documents\tl-pinball\config\device_config_iomap.yaml
2026-03-15 21:41:10,433 : INFO : ConfigProcessor : Loading config: C:\Users\tl\Documents\tl-pinball\config\device_config_iomap_coils.yaml
2026-03-15 21:41:10,444 : INFO : ConfigProcessor : Loading config: C:\Users\tl\Documents\tl-pinball\config\config_testing.yaml
2026-03-15 21:41:10,454 : INFO : ConfigProcessor : Loading config: C:\Users\tl\Documents\tl-pinball\config\config_ball_save.yaml
2026-03-15 21:41:10,457 : INFO : ConfigProcessor : Config file cache created: C:\Users\tl\AppData\Local\Temp\86f932e179f318f5dae29f066573dee9.mpf_cache
2026-03-15 21:41:10,556 : WARNING : ConfigProcessor : Config file in cache changed: C:\Users\tl\Documents\tl-pinball\modes\attract\config\attract.yaml
2026-03-15 21:41:10,556 : INFO : ConfigProcessor : Loading config from file C:\mpf\Lib\site-packages\mpf\modes\attract\config\attract.yaml.
2026-03-15 21:41:10,566 : INFO : ConfigProcessor : Loading config: C:\mpf\Lib\site-packages\mpf\modes\attract\config\attract.yaml
2026-03-15 21:41:10,566 : INFO : ConfigProcessor : Loading config from file C:\Users\tl\Documents\tl-pinball\modes\attract\config\attract.yaml.
2026-03-15 21:41:10,575 : INFO : ConfigProcessor : Loading config: C:\Users\tl\Documents\tl-pinball\modes\attract\config\attract.yaml
2026-03-15 21:41:10,575 : INFO : ConfigProcessor : Config file cache created: C:\Users\tl\AppData\Local\Temp\5e7e3dd8e04e0aa46ea76018297218da.mpf_cache
2026-03-15 21:41:10,576 : INFO : ConfigProcessor : Loading config from cache: C:\Users\tl\AppData\Local\Temp\af6ad0dab2f43bd9cbdac83e0b2786ac.mpf_cache
2026-03-15 21:41:10,590 : INFO : ConfigProcessor : Loading config from cache: C:\Users\tl\AppData\Local\Temp\5e7e3dd8e04e0aa46ea76018297218da.mpf_cache
2026-03-15 21:41:10,604 : WARNING : ConfigProcessor : Config file in cache changed: C:\Users\tl\Documents\tl-pinball\modes\base\config\base.yaml
2026-03-15 21:41:10,604 : INFO : ConfigProcessor : Loading config from file C:\Users\tl\Documents\tl-pinball\modes\base\config\base.yaml.
2026-03-15 21:41:10,612 : INFO : ConfigProcessor : Loading config: C:\Users\tl\Documents\tl-pinball\modes\base\config\base.yaml
2026-03-15 21:41:10,622 : INFO : ConfigProcessor : Loading config: C:\Users\tl\Documents\tl-pinball\modes\base\config\base_points.yaml
2026-03-15 21:41:10,636 : INFO : ConfigProcessor : Loading config: C:\Users\tl\Documents\tl-pinball\modes\base\config\varitarget.yaml
2026-03-15 21:41:10,637 : INFO : ConfigProcessor : Config file cache created: C:\Users\tl\AppData\Local\Temp\f7ef3217062c4a128670875e2cb05ce9.mpf_cache
2026-03-15 21:41:10,638 : INFO : ConfigProcessor : Loading config from file C:\Users\tl\Documents\tl-pinball\modes\spinner_2x_qualify\config\spinner_2x_qualify.yaml.
2026-03-15 21:41:10,648 : INFO : ConfigProcessor : Loading config: C:\Users\tl\Documents\tl-pinball\modes\spinner_2x_qualify\config\spinner_2x_qualify.yaml
2026-03-15 21:41:10,649 : INFO : ConfigProcessor : Config file cache created: C:\Users\tl\AppData\Local\Temp\b41aec6702196d0bd650320fa331266f.mpf_cache
2026-03-15 21:41:10,650 : INFO : ConfigProcessor : Loading config from file C:\Users\tl\Documents\tl-pinball\modes\spinner_2x\config\spinner_2x.yaml.
2026-03-15 21:41:10,657 : INFO : ConfigProcessor : Loading config: C:\Users\tl\Documents\tl-pinball\modes\spinner_2x\config\spinner_2x.yaml
2026-03-15 21:41:10,664 : INFO : ConfigProcessor : Loading config: C:\Users\tl\Documents\tl-pinball\modes\spinner_2x\config\spinner_2x_points.yaml
2026-03-15 21:41:10,665 : INFO : ConfigProcessor : Config file cache created: C:\Users\tl\AppData\Local\Temp\a951eeea2c167365e5a009cce33f51d8.mpf_cache
2026-03-15 21:41:10,666 : INFO : ConfigProcessor : Loading config from file C:\Users\tl\Documents\tl-pinball\modes\super_pops\config\super_pops.yaml.
2026-03-15 21:41:10,678 : INFO : ConfigProcessor : Loading config: C:\Users\tl\Documents\tl-pinball\modes\super_pops\config\super_pops.yaml
2026-03-15 21:41:10,688 : INFO : ConfigProcessor : Loading config: C:\Users\tl\Documents\tl-pinball\modes\super_pops\config\super_pops_points.yaml
2026-03-15 21:41:10,689 : INFO : ConfigProcessor : Config file cache created: C:\Users\tl\AppData\Local\Temp\f020dca9eec5e09763b9289397e6c32f.mpf_cache
2026-03-15 21:41:10,690 : INFO : ConfigProcessor : Loading config from file C:\Users\tl\Documents\tl-pinball\modes\skillshot\config\skillshot.yaml.
2026-03-15 21:41:10,698 : INFO : ConfigProcessor : Loading config: C:\Users\tl\Documents\tl-pinball\modes\skillshot\config\skillshot.yaml
2026-03-15 21:41:10,708 : INFO : ConfigProcessor : Loading config: C:\Users\tl\Documents\tl-pinball\modes\skillshot\config\skillshot_logic.yaml
2026-03-15 21:41:10,719 : INFO : ConfigProcessor : Loading config: C:\Users\tl\Documents\tl-pinball\modes\skillshot\config\skillshot_phase1_switches.yaml
2026-03-15 21:41:10,730 : INFO : ConfigProcessor : Loading config: C:\Users\tl\Documents\tl-pinball\modes\skillshot\config\skillshot_phase3_switches.yaml
2026-03-15 21:41:10,731 : INFO : ConfigProcessor : Config file cache created: C:\Users\tl\AppData\Local\Temp\edce5a74ebf86ee6330810859c361ede.mpf_cache
2026-03-15 21:41:10,732 : INFO : ConfigProcessor : Loading config from file C:\Users\tl\Documents\tl-pinball\modes\stars_mode\config\stars_mode.yaml.
2026-03-15 21:41:10,746 : INFO : ConfigProcessor : Loading config: C:\Users\tl\Documents\tl-pinball\modes\stars_mode\config\stars_mode.yaml
2026-03-15 21:41:10,755 : INFO : ConfigProcessor : Loading config: C:\Users\tl\Documents\tl-pinball\modes\stars_mode\config\stars_mode_points.yaml
2026-03-15 21:41:10,756 : INFO : ConfigProcessor : Config file cache created: C:\Users\tl\AppData\Local\Temp\7c825e76f3d981841c3099d018a06a8f.mpf_cache
2026-03-15 21:41:10,756 : INFO : ConfigProcessor : Loading config from file C:\Users\tl\Documents\tl-pinball\modes\brian_combo\config\brian_combo.yaml.
2026-03-15 21:41:10,766 : INFO : ConfigProcessor : Loading config: C:\Users\tl\Documents\tl-pinball\modes\brian_combo\config\brian_combo.yaml
2026-03-15 21:41:10,767 : INFO : ConfigProcessor : Config file cache created: C:\Users\tl\AppData\Local\Temp\4c1252d1f04cb61ecc91110937cfd225.mpf_cache
2026-03-15 21:41:10,767 : INFO : ConfigProcessor : Loading config from file C:\Users\tl\Documents\tl-pinball\modes\autoplunge\config\autoplunge.yaml.
2026-03-15 21:41:10,776 : INFO : ConfigProcessor : Loading config: C:\Users\tl\Documents\tl-pinball\modes\autoplunge\config\autoplunge.yaml
2026-03-15 21:41:10,777 : INFO : ConfigProcessor : Config file cache created: C:\Users\tl\AppData\Local\Temp\8d6d681afe5a7b6e9186321cd98f18ca.mpf_cache
2026-03-15 21:41:10,778 : INFO : Machine : Mission Pinball Framework Core Engine v0.80.0.dev12
2026-03-15 21:41:10,778 : INFO : Machine : Command line arguments: {'no_load_cache': False, 'create_config_cache': True, 'bcp': True, 'configfile': ['config.yaml'], 'force_assets_load': False, 'platform_integration_test': False, 'jsonlogging': False, 'logfile': 'logs\\2026-03-15-21-41-10-mpf-DESKTOP-HV85DRD.log', 'pause': False, 'production': False, 'text_ui': True, 'loglevel': 15, 'consoleloglevel': 20, 'force_platform': 'virtual', 'syslog_address': None, 'full_logfile_path': 'C:\\Users\\tl\\Documents\\tl-pinball\\logs\\2026-03-15-21-41-10-mpf-DESKTOP-HV85DRD.log'}
2026-03-15 21:41:10,778 : INFO : Machine : MPF path: C:\mpf\Lib\site-packages\mpf
2026-03-15 21:41:10,778 : INFO : Machine : Machine path: C:\Users\tl\Documents\tl-pinball
2026-03-15 21:41:10,778 : INFO : Machine : Platform: win32
2026-03-15 21:41:10,778 : INFO : Machine : Python executable location: C:\mpf\Scripts\python.exe
2026-03-15 21:41:10,778 : INFO : Machine : Python version: 3.12.7 (64-bit)
2026-03-15 21:41:10,780 : INFO : Machine : Initializing MPF...
2026-03-15 21:41:11,182 : INFO : EventManager : Event: ======'machine_var_credits_string'====== Args={'value': 'FREE PLAY', 'prev_value': None, 'change': True}
2026-03-15 21:41:11,214 : INFO : EventManager : Event: ======'machine_var_master_volume'====== Args={'value': 0.55, 'prev_value': None, 'change': True}
2026-03-15 21:41:11,214 : INFO : EventManager : Event: ======'machine_var_player1_score'====== Args={'value': 1875588, 'prev_value': None, 'change': True}
2026-03-15 21:41:11,214 : INFO : EventManager : Event: ======'machine_var_mpf_version'====== Args={'value': 'Mission Pinball Framework v0.80.0.dev12', 'prev_value': None, 'change': True}
2026-03-15 21:41:11,214 : INFO : EventManager : Event: ======'machine_var_mpf_extended_version'====== Args={'value': 'Mission Pinball Framework v0.80.0.dev12, Config version:6, Show version: 6, BCP version:1.1', 'prev_value': None, 'change': True}
2026-03-15 21:41:11,215 : INFO : EventManager : Event: ======'machine_var_python_version'====== Args={'value': '3.12.7', 'prev_value': None, 'change': True}
2026-03-15 21:41:11,315 : INFO : EventManager : Event: ======'machine_var_platform'====== Args={'value': 'Windows-10-10.0.19044-SP0', 'prev_value': None, 'change': True}
2026-03-15 21:41:11,315 : INFO : EventManager : Event: ======'machine_var_platform_system'====== Args={'value': 'Windows', 'prev_value': None, 'change': True}
2026-03-15 21:41:11,315 : INFO : EventManager : Event: ======'machine_var_platform_release'====== Args={'value': '10', 'prev_value': None, 'change': True}
2026-03-15 21:41:11,315 : INFO : EventManager : Event: ======'machine_var_platform_version'====== Args={'value': '10.0.19044', 'prev_value': None, 'change': True}
2026-03-15 21:41:11,315 : INFO : EventManager : Event: ======'machine_var_platform_machine'====== Args={'value': 'AMD64', 'prev_value': None, 'change': True}
2026-03-15 21:41:11,315 : INFO : EventManager : Event: ======'machine_var_log_file_path'====== Args={'value': 'C:\\Users\\tl\\Documents\\tl-pinball\\logs\\2026-03-15-21-41-10-mpf-DESKTOP-HV85DRD.log', 'prev_value': None, 'change': True}
2026-03-15 21:41:11,315 : INFO : EventManager : Event: ======'init_phase_1'====== Args={}
2026-03-15 21:41:11,348 : INFO : EventManager : Event: ======'drop_target_bank_dt_bank_1_4_up'====== Args={}
2026-03-15 21:41:11,348 : INFO : EventManager : Event: ======'drop_target_bank_dt_bank_5_7_up'====== Args={}
2026-03-15 21:41:11,351 : INFO : EventManager : Event: ======'init_phase_2'====== Args={}
2026-03-15 21:41:11,363 : INFO : EventManager : Event: ======'bcp_connection_attempt'====== Args={'name': 'local_display', 'host': 'localhost', 'port': 5050}
2026-03-15 21:41:11,364 : INFO : BCPClientSocket : Connecting BCP to 'local_display' at localhost:5050...
2026-03-15 21:41:19,146 : INFO : BCPClientSocket : Connected BCP to 'local_display' localhost:5050
2026-03-15 21:41:19,146 : INFO : EventManager : Event: ======'bcp_clients_connected'====== Args={}
2026-03-15 21:41:19,275 : INFO : ball_device.bd_plunger : BCH: Initial count: 0
2026-03-15 21:41:19,276 : INFO : ball_device.bd_plunger : State: idle
2026-03-15 21:41:19,276 : INFO : ball_device.bd_trough : BCH: Initial count: 0
2026-03-15 21:41:19,276 : INFO : ball_device.bd_trough : State: idle
2026-03-15 21:41:19,276 : INFO : ball_device.bd_left_vuk : BCH: Initial count: 0
2026-03-15 21:41:19,277 : INFO : ball_device.bd_left_vuk : State: idle
2026-03-15 21:41:19,278 : INFO : ball_device.bd_right_vuk : BCH: Initial count: 0
2026-03-15 21:41:19,278 : INFO : ball_device.bd_right_vuk : State: idle
2026-03-15 21:41:19,307 : INFO : EventManager : Event: ======'init_phase_3'====== Args={}
2026-03-15 21:41:19,308 : INFO : EventManager : Event: ======'init_phase_4'====== Args={}
2026-03-15 21:41:19,309 : INFO : BallController : Initial balls found: 0
2026-03-15 21:41:19,310 : INFO : EventManager : Event: ======'machine_var_audits_events_game_ended'====== Args={'value': 20, 'prev_value': None, 'change': True}
2026-03-15 21:41:19,310 : INFO : EventManager : Event: ======'machine_var_audits_events_game_started'====== Args={'value': 125, 'prev_value': None, 'change': True}
2026-03-15 21:41:19,310 : INFO : EventManager : Event: ======'machine_var_audits_missing_switches_s_00_service_esc'====== Args={'value': 26, 'prev_value': None, 'change': True}
2026-03-15 21:41:19,310 : INFO : EventManager : Event: ======'machine_var_audits_missing_switches_s_01_service_up'====== Args={'value': 79, 'prev_value': None, 'change': True}
2026-03-15 21:41:19,310 : INFO : EventManager : Event: ======'machine_var_audits_missing_switches_s_02_service_down'====== Args={'value': 79, 'prev_value': None, 'change': True}
2026-03-15 21:41:19,310 : INFO : EventManager : Event: ======'machine_var_audits_missing_switches_s_03_service_enter'====== Args={'value': 1, 'prev_value': None, 'change': True}
2026-03-15 21:41:19,310 : INFO : EventManager : Event: ======'machine_var_audits_missing_switches_s_08_left_flipper'====== Args={'value': 41, 'prev_value': None, 'change': True}
2026-03-15 21:41:19,310 : INFO : EventManager : Event: ======'machine_var_audits_missing_switches_s_0_service_esc'====== Args={'value': 46, 'prev_value': None, 'change': True}
2026-03-15 21:41:19,310 : INFO : EventManager : Event: ======'machine_var_audits_missing_switches_s_11_start_button'====== Args={'value': 16, 'prev_value': None, 'change': True}
2026-03-15 21:41:19,310 : INFO : EventManager : Event: ======'machine_var_audits_missing_switches_s_12_tilt_bob'====== Args={'value': 3, 'prev_value': None, 'change': True}
2026-03-15 21:41:19,310 : INFO : EventManager : Event: ======'machine_var_audits_missing_switches_s_13_coin_door'====== Args={'value': 3, 'prev_value': None, 'change': True}
2026-03-15 21:41:19,310 : INFO : EventManager : Event: ======'machine_var_audits_missing_switches_s_16_right_flipper'====== Args={'value': 7, 'prev_value': None, 'change': True}
2026-03-15 21:41:19,310 : INFO : EventManager : Event: ======'machine_var_audits_missing_switches_s_17_right_flipper_upper'====== Args={'value': 62, 'prev_value': None, 'change': True}
2026-03-15 21:41:19,311 : INFO : EventManager : Event: ======'machine_var_audits_missing_switches_s_19_cab_arrow_left'====== Args={'value': 3, 'prev_value': None, 'change': True}
2026-03-15 21:41:19,311 : INFO : EventManager : Event: ======'machine_var_audits_missing_switches_s_1_service_up'====== Args={'value': 46, 'prev_value': None, 'change': True}
2026-03-15 21:41:19,311 : INFO : EventManager : Event: ======'machine_var_audits_missing_switches_s_20_cab_arrow_right'====== Args={'value': 3, 'prev_value': None, 'change': True}
2026-03-15 21:41:19,311 : INFO : EventManager : Event: ======'machine_var_audits_missing_switches_s_24_trough_1'====== Args={'value': 5, 'prev_value': None, 'change': True}
2026-03-15 21:41:19,311 : INFO : EventManager : Event: ======'machine_var_audits_missing_switches_s_25_trough_2'====== Args={'value': 11, 'prev_value': None, 'change': True}
2026-03-15 21:41:19,311 : INFO : EventManager : Event: ======'machine_var_audits_missing_switches_s_25_trough_jam'====== Args={'value': 2, 'prev_value': None, 'change': True}
2026-03-15 21:41:19,311 : INFO : EventManager : Event: ======'machine_var_audits_missing_switches_s_26_trough_1'====== Args={'value': 1, 'prev_value': None, 'change': True}
2026-03-15 21:41:19,311 : INFO : EventManager : Event: ======'machine_var_audits_missing_switches_s_26_trough_3'====== Args={'value': 60, 'prev_value': None, 'change': True}
2026-03-15 21:41:19,311 : INFO : EventManager : Event: ======'machine_var_audits_missing_switches_s_27_trough_4'====== Args={'value': 60, 'prev_value': None, 'change': True}
2026-03-15 21:41:19,311 : INFO : EventManager : Event: ======'machine_var_audits_missing_switches_s_28_trough_3'====== Args={'value': 1, 'prev_value': None, 'change': True}
2026-03-15 21:41:19,311 : INFO : EventManager : Event: ======'machine_var_audits_missing_switches_s_28_trough_5'====== Args={'value': 60, 'prev_value': None, 'change': True}
2026-03-15 21:41:19,311 : INFO : EventManager : Event: ======'machine_var_audits_missing_switches_s_29_trough_4'====== Args={'value': 1, 'prev_value': None, 'change': True}
2026-03-15 21:41:19,311 : INFO : EventManager : Event: ======'machine_var_audits_missing_switches_s_29_trough_6'====== Args={'value': 56, 'prev_value': None, 'change': True}
2026-03-15 21:41:19,311 : INFO : EventManager : Event: ======'machine_var_audits_missing_switches_s_2_service_down'====== Args={'value': 46, 'prev_value': None, 'change': True}
2026-03-15 21:41:19,311 : INFO : EventManager : Event: ======'machine_var_audits_missing_switches_s_30_trough_jam'====== Args={'value': 26, 'prev_value': None, 'change': True}
2026-03-15 21:41:19,312 : INFO : EventManager : Event: ======'machine_var_audits_missing_switches_s_31_plunger_lane'====== Args={'value': 1, 'prev_value': None, 'change': True}
2026-03-15 21:41:19,312 : INFO : EventManager : Event: ======'machine_var_audits_missing_switches_s_32_right_inlane'====== Args={'value': 12, 'prev_value': None, 'change': True}
2026-03-15 21:41:19,312 : INFO : EventManager : Event: ======'machine_var_audits_missing_switches_s_33_right_outlane'====== Args={'value': 87, 'prev_value': None, 'change': True}
2026-03-15 21:41:19,312 : INFO : EventManager : Event: ======'machine_var_audits_missing_switches_s_34_right_sling'====== Args={'value': 1, 'prev_value': None, 'change': True}
2026-03-15 21:41:19,312 : INFO : EventManager : Event: ======'machine_var_audits_missing_switches_s_35_left_inlane'====== Args={'value': 67, 'prev_value': None, 'change': True}
2026-03-15 21:41:19,312 : INFO : EventManager : Event: ======'machine_var_audits_missing_switches_s_36_left_outlane'====== Args={'value': 63, 'prev_value': None, 'change': True}
2026-03-15 21:41:19,312 : INFO : EventManager : Event: ======'machine_var_audits_missing_switches_s_37_left_sling'====== Args={'value': 62, 'prev_value': None, 'change': True}
2026-03-15 21:41:19,312 : INFO : EventManager : Event: ======'machine_var_audits_missing_switches_s_38_star_rollover_bottom'====== Args={'value': 17, 'prev_value': None, 'change': True}
2026-03-15 21:41:19,312 : INFO : EventManager : Event: ======'machine_var_audits_missing_switches_s_38_top_lane_a'====== Args={'value': 3, 'prev_value': None, 'change': True}
2026-03-15 21:41:19,312 : INFO : EventManager : Event: ======'machine_var_audits_missing_switches_s_39_star_rollover_top'====== Args={'value': 17, 'prev_value': None, 'change': True}
2026-03-15 21:41:19,312 : INFO : EventManager : Event: ======'machine_var_audits_missing_switches_s_39_top_lane_b'====== Args={'value': 3, 'prev_value': None, 'change': True}
2026-03-15 21:41:19,313 : INFO : EventManager : Event: ======'machine_var_audits_missing_switches_s_3_service_enter'====== Args={'value': 46, 'prev_value': None, 'change': True}
2026-03-15 21:41:19,313 : INFO : EventManager : Event: ======'machine_var_audits_missing_switches_s_40_stand_up_target_5'====== Args={'value': 1, 'prev_value': None, 'change': True}
2026-03-15 21:41:19,313 : INFO : EventManager : Event: ======'machine_var_audits_missing_switches_s_40_top_lane_c'====== Args={'value': 3, 'prev_value': None, 'change': True}
2026-03-15 21:41:19,313 : INFO : EventManager : Event: ======'machine_var_audits_missing_switches_s_41_pop_bumper_1'====== Args={'value': 2, 'prev_value': None, 'change': True}
2026-03-15 21:41:19,313 : INFO : EventManager : Event: ======'machine_var_audits_missing_switches_s_41_stand_up_target_6'====== Args={'value': 9, 'prev_value': None, 'change': True}
2026-03-15 21:41:19,313 : INFO : EventManager : Event: ======'machine_var_audits_missing_switches_s_42_pop_bumper_2'====== Args={'value': 3, 'prev_value': None, 'change': True}
2026-03-15 21:41:19,313 : INFO : EventManager : Event: ======'machine_var_audits_missing_switches_s_42_stand_up_target_1'====== Args={'value': 17, 'prev_value': None, 'change': True}
2026-03-15 21:41:19,313 : INFO : EventManager : Event: ======'machine_var_audits_missing_switches_s_43_stand_up_target_4'====== Args={'value': 9, 'prev_value': None, 'change': True}
2026-03-15 21:41:19,313 : INFO : EventManager : Event: ======'machine_var_audits_missing_switches_s_44_spinner_left'====== Args={'value': 1, 'prev_value': None, 'change': True}
2026-03-15 21:41:19,313 : INFO : EventManager : Event: ======'machine_var_audits_missing_switches_s_44_spinner_right'====== Args={'value': 1, 'prev_value': None, 'change': True}
2026-03-15 21:41:19,313 : INFO : EventManager : Event: ======'machine_var_audits_missing_switches_s_45_spinner_right'====== Args={'value': 3, 'prev_value': None, 'change': True}
2026-03-15 21:41:19,314 : INFO : EventManager : Event: ======'machine_var_audits_missing_switches_s_45_varitarget_poisition_1'====== Args={'value': 3, 'prev_value': None, 'change': True}
2026-03-15 21:41:19,314 : INFO : EventManager : Event: ======'machine_var_audits_missing_switches_s_46_varitarget_poisition_2'====== Args={'value': 3, 'prev_value': None, 'change': True}
2026-03-15 21:41:19,314 : INFO : EventManager : Event: ======'machine_var_audits_missing_switches_s_47_varitarget_poisition_3'====== Args={'value': 3, 'prev_value': None, 'change': True}
2026-03-15 21:41:19,314 : INFO : EventManager : Event: ======'machine_var_audits_missing_switches_s_48_varitarget_poisition_4'====== Args={'value': 3, 'prev_value': None, 'change': True}
2026-03-15 21:41:19,314 : INFO : EventManager : Event: ======'machine_var_audits_missing_switches_s_49_varitarget_poisition_5'====== Args={'value': 3, 'prev_value': None, 'change': True}
2026-03-15 21:41:19,314 : INFO : EventManager : Event: ======'machine_var_audits_missing_switches_s_50_saucer_left'====== Args={'value': 3, 'prev_value': None, 'change': True}
2026-03-15 21:41:19,314 : INFO : EventManager : Event: ======'machine_var_audits_missing_switches_s_51_saucer_right'====== Args={'value': 2, 'prev_value': None, 'change': True}
2026-03-15 21:41:19,314 : INFO : EventManager : Event: ======'machine_var_audits_missing_switches_s_52_star_rollover_top'====== Args={'value': 3, 'prev_value': None, 'change': True}
2026-03-15 21:41:19,314 : INFO : EventManager : Event: ======'machine_var_audits_missing_switches_s_53_star_rollover_bottom'====== Args={'value': 3, 'prev_value': None, 'change': True}
2026-03-15 21:41:19,314 : INFO : EventManager : Event: ======'machine_var_audits_missing_switches_s_54_single_drop_1'====== Args={'value': 3, 'prev_value': None, 'change': True}
2026-03-15 21:41:19,314 : INFO : EventManager : Event: ======'machine_var_audits_missing_switches_s_55_fourbank_drop_1'====== Args={'value': 3, 'prev_value': None, 'change': True}
2026-03-15 21:41:19,315 : INFO : EventManager : Event: ======'machine_var_audits_missing_switches_s_56_fourbank_drop_2'====== Args={'value': 3, 'prev_value': None, 'change': True}
2026-03-15 21:41:19,315 : INFO : EventManager : Event: ======'machine_var_audits_missing_switches_s_56_pop_bumper_right'====== Args={'value': 17, 'prev_value': None, 'change': True}
2026-03-15 21:41:19,315 : INFO : EventManager : Event: ======'machine_var_audits_missing_switches_s_57_fourbank_drop_3'====== Args={'value': 2, 'prev_value': None, 'change': True}
2026-03-15 21:41:19,315 : INFO : EventManager : Event: ======'machine_var_audits_missing_switches_s_57_pop_bumper_center'====== Args={'value': 5, 'prev_value': None, 'change': True}
2026-03-15 21:41:19,315 : INFO : EventManager : Event: ======'machine_var_audits_missing_switches_s_58_fourbank_drop_4'====== Args={'value': 2, 'prev_value': None, 'change': True}
2026-03-15 21:41:19,315 : INFO : EventManager : Event: ======'machine_var_audits_missing_switches_s_58_pop_bumper_left'====== Args={'value': 9, 'prev_value': None, 'change': True}
2026-03-15 21:41:19,315 : INFO : EventManager : Event: ======'machine_var_audits_missing_switches_s_59_saucer_right'====== Args={'value': 15, 'prev_value': None, 'change': True}
2026-03-15 21:41:19,315 : INFO : EventManager : Event: ======'machine_var_audits_missing_switches_s_59_threebank_drop_1'====== Args={'value': 2, 'prev_value': None, 'change': True}
2026-03-15 21:41:19,315 : INFO : EventManager : Event: ======'machine_var_audits_missing_switches_s_60_threebank_drop_2'====== Args={'value': 2, 'prev_value': None, 'change': True}
2026-03-15 21:41:19,315 : INFO : EventManager : Event: ======'machine_var_audits_missing_switches_s_60_top_lane_c'====== Args={'value': 1, 'prev_value': None, 'change': True}
2026-03-15 21:41:19,315 : INFO : EventManager : Event: ======'machine_var_audits_missing_switches_s_61_threebank_drop_3'====== Args={'value': 3, 'prev_value': None, 'change': True}
2026-03-15 21:41:19,315 : INFO : EventManager : Event: ======'machine_var_audits_missing_switches_s_61_top_lane_b'====== Args={'value': 1, 'prev_value': None, 'change': True}
2026-03-15 21:41:19,315 : INFO : EventManager : Event: ======'machine_var_audits_missing_switches_s_62_stand_up_target_1'====== Args={'value': 3, 'prev_value': None, 'change': True}
2026-03-15 21:41:19,316 : INFO : EventManager : Event: ======'machine_var_audits_missing_switches_s_62_top_lane_a'====== Args={'value': 1, 'prev_value': None, 'change': True}
2026-03-15 21:41:19,316 : INFO : EventManager : Event: ======'machine_var_audits_missing_switches_s_63_stand_up_target_2'====== Args={'value': 2, 'prev_value': None, 'change': True}
2026-03-15 21:41:19,316 : INFO : EventManager : Event: ======'machine_var_audits_missing_switches_s_63_stand_up_target_3'====== Args={'value': 1, 'prev_value': None, 'change': True}
2026-03-15 21:41:19,316 : INFO : EventManager : Event: ======'machine_var_audits_missing_switches_s_64_stand_up_target_3'====== Args={'value': 2, 'prev_value': None, 'change': True}
2026-03-15 21:41:19,316 : INFO : EventManager : Event: ======'machine_var_audits_missing_switches_s_64_varitarget_poisition_1'====== Args={'value': 18, 'prev_value': None, 'change': True}
2026-03-15 21:41:19,316 : INFO : EventManager : Event: ======'machine_var_audits_missing_switches_s_64_varitarget_position_1'====== Args={'value': 19, 'prev_value': None, 'change': True}
2026-03-15 21:41:19,316 : INFO : EventManager : Event: ======'machine_var_audits_missing_switches_s_65_stand_up_target_4'====== Args={'value': 3, 'prev_value': None, 'change': True}
2026-03-15 21:41:19,316 : INFO : EventManager : Event: ======'machine_var_audits_missing_switches_s_65_varitarget_poisition_2'====== Args={'value': 18, 'prev_value': None, 'change': True}
2026-03-15 21:41:19,316 : INFO : EventManager : Event: ======'machine_var_audits_missing_switches_s_65_varitarget_position_2'====== Args={'value': 37, 'prev_value': None, 'change': True}
2026-03-15 21:41:19,316 : INFO : EventManager : Event: ======'machine_var_audits_missing_switches_s_66_stand_up_target_5'====== Args={'value': 3, 'prev_value': None, 'change': True}
2026-03-15 21:41:19,316 : INFO : EventManager : Event: ======'machine_var_audits_missing_switches_s_66_varitarget_poisition_3'====== Args={'value': 18, 'prev_value': None, 'change': True}
2026-03-15 21:41:19,316 : INFO : EventManager : Event: ======'machine_var_audits_missing_switches_s_66_varitarget_position_3'====== Args={'value': 21, 'prev_value': None, 'change': True}
2026-03-15 21:41:19,316 : INFO : EventManager : Event: ======'machine_var_audits_missing_switches_s_67_stand_up_target_6'====== Args={'value': 3, 'prev_value': None, 'change': True}
2026-03-15 21:41:19,316 : INFO : EventManager : Event: ======'machine_var_audits_missing_switches_s_67_varitarget_poisition_4'====== Args={'value': 22, 'prev_value': None, 'change': True}
2026-03-15 21:41:19,317 : INFO : EventManager : Event: ======'machine_var_audits_missing_switches_s_67_varitarget_position_4'====== Args={'value': 1, 'prev_value': None, 'change': True}
2026-03-15 21:41:19,317 : INFO : EventManager : Event: ======'machine_var_audits_missing_switches_s_68_stand_up_target_7'====== Args={'value': 2, 'prev_value': None, 'change': True}
2026-03-15 21:41:19,317 : INFO : EventManager : Event: ======'machine_var_audits_missing_switches_s_68_varitarget_poisition_5'====== Args={'value': 62, 'prev_value': None, 'change': True}
2026-03-15 21:41:19,317 : INFO : EventManager : Event: ======'machine_var_audits_missing_switches_s_68_varitarget_position_5'====== Args={'value': 1, 'prev_value': None, 'change': True}
2026-03-15 21:41:19,317 : INFO : EventManager : Event: ======'machine_var_audits_missing_switches_s_69_stand_up_target_8'====== Args={'value': 1, 'prev_value': None, 'change': True}
2026-03-15 21:41:19,317 : INFO : EventManager : Event: ======'machine_var_audits_missing_switches_s_69_varitarget_poisition_6'====== Args={'value': 62, 'prev_value': None, 'change': True}
2026-03-15 21:41:19,317 : INFO : EventManager : Event: ======'machine_var_audits_missing_switches_s_69_varitarget_position_6'====== Args={'value': 20, 'prev_value': None, 'change': True}
2026-03-15 21:41:19,317 : INFO : EventManager : Event: ======'machine_var_audits_missing_switches_s_70_stand_up_target_9'====== Args={'value': 3, 'prev_value': None, 'change': True}
2026-03-15 21:41:19,317 : INFO : EventManager : Event: ======'machine_var_audits_missing_switches_s_70_varitarget_poisition_7'====== Args={'value': 45, 'prev_value': None, 'change': True}
2026-03-15 21:41:19,317 : INFO : EventManager : Event: ======'machine_var_audits_missing_switches_s_70_varitarget_position_7'====== Args={'value': 1, 'prev_value': None, 'change': True}
2026-03-15 21:41:19,317 : INFO : EventManager : Event: ======'machine_var_audits_missing_switches_s_71_spinner_left'====== Args={'value': 1, 'prev_value': None, 'change': True}
2026-03-15 21:41:19,317 : INFO : EventManager : Event: ======'machine_var_audits_missing_switches_s_71_stand_up_target_10'====== Args={'value': 3, 'prev_value': None, 'change': True}
2026-03-15 21:41:19,317 : INFO : EventManager : Event: ======'machine_var_audits_missing_switches_s_72_single_drop_1'====== Args={'value': 10, 'prev_value': None, 'change': True}
2026-03-15 21:41:19,318 : INFO : EventManager : Event: ======'machine_var_audits_missing_switches_s_72_stand_up_target_11'====== Args={'value': 3, 'prev_value': None, 'change': True}
2026-03-15 21:41:19,318 : INFO : EventManager : Event: ======'machine_var_audits_missing_switches_s_73_fourbank_drop_1'====== Args={'value': 19, 'prev_value': None, 'change': True}
2026-03-15 21:41:19,318 : INFO : EventManager : Event: ======'machine_var_audits_missing_switches_s_74_fourbank_drop_2'====== Args={'value': 19, 'prev_value': None, 'change': True}
2026-03-15 21:41:19,318 : INFO : EventManager : Event: ======'machine_var_audits_missing_switches_s_75_fourbank_drop_3'====== Args={'value': 19, 'prev_value': None, 'change': True}
2026-03-15 21:41:19,318 : INFO : EventManager : Event: ======'machine_var_audits_missing_switches_s_76_fourbank_drop_4'====== Args={'value': 19, 'prev_value': None, 'change': True}
2026-03-15 21:41:19,318 : INFO : EventManager : Event: ======'machine_var_audits_missing_switches_s_77_threebank_drop_1'====== Args={'value': 19, 'prev_value': None, 'change': True}
2026-03-15 21:41:19,318 : INFO : EventManager : Event: ======'machine_var_audits_missing_switches_s_78_threebank_drop_2'====== Args={'value': 9, 'prev_value': None, 'change': True}
2026-03-15 21:41:19,318 : INFO : EventManager : Event: ======'machine_var_audits_missing_switches_s_79_threebank_drop_3'====== Args={'value': 9, 'prev_value': None, 'change': True}
2026-03-15 21:41:19,318 : INFO : EventManager : Event: ======'machine_var_audits_missing_switches_s_80_stand_up_target_2'====== Args={'value': 17, 'prev_value': None, 'change': True}
2026-03-15 21:41:19,318 : INFO : EventManager : Event: ======'machine_var_audits_missing_switches_s_81_saucer_left'====== Args={'value': 15, 'prev_value': None, 'change': True}
2026-03-15 21:41:19,318 : INFO : EventManager : Event: ======'machine_var_audits_missing_switches_s_82_stand_up_target_bank_1'====== Args={'value': 19, 'prev_value': None, 'change': True}
2026-03-15 21:41:19,318 : INFO : EventManager : Event: ======'machine_var_audits_missing_switches_s_83_stand_up_target_bank_2'====== Args={'value': 10, 'prev_value': None, 'change': True}
2026-03-15 21:41:19,318 : INFO : EventManager : Event: ======'machine_var_audits_missing_switches_s_84_stand_up_target_bank_3'====== Args={'value': 19, 'prev_value': None, 'change': True}
2026-03-15 21:41:19,319 : INFO : EventManager : Event: ======'machine_var_audits_missing_switches_s_85_stand_up_target_bank_4'====== Args={'value': 19, 'prev_value': None, 'change': True}
2026-03-15 21:41:19,319 : INFO : EventManager : Event: ======'machine_var_audits_missing_switches_s_86_stand_up_target_bank_5'====== Args={'value': 19, 'prev_value': None, 'change': True}
2026-03-15 21:41:19,319 : INFO : EventManager : Event: ======'machine_var_audits_missing_switches_s_87_stand_up_target_bank_6'====== Args={'value': 19, 'prev_value': None, 'change': True}
2026-03-15 21:41:19,319 : INFO : EventManager : Event: ======'machine_var_audits_missing_switches_s_8_left_flipper'====== Args={'value': 19, 'prev_value': None, 'change': True}
2026-03-15 21:41:19,319 : INFO : EventManager : Event: ======'machine_var_audits_player_score'====== Args={'value': {'average': 1386584, 'top': [15147626, 4304452, 1923298, 1875588, 1790630, 1540000, 1500420, 815000, 220000, 1302], 'total': 21}, 'prev_value': None, 'change': True}
2026-03-15 21:41:19,319 : INFO : EventManager : Event: ======'machine_var_audits_shots_varitarget_p1'====== Args={'value': 13, 'prev_value': None, 'change': True}
2026-03-15 21:41:19,319 : INFO : EventManager : Event: ======'machine_var_audits_shots_varitarget_p3'====== Args={'value': 1, 'prev_value': None, 'change': True}
2026-03-15 21:41:19,319 : INFO : EventManager : Event: ======'machine_var_audits_shots_varitarget_p4'====== Args={'value': 4, 'prev_value': None, 'change': True}
2026-03-15 21:41:19,319 : INFO : EventManager : Event: ======'machine_var_audits_shots_varitarget_p5'====== Args={'value': 5, 'prev_value': None, 'change': True}
2026-03-15 21:41:19,319 : INFO : EventManager : Event: ======'machine_var_audits_shots_varitarget_p6'====== Args={'value': 2, 'prev_value': None, 'change': True}
2026-03-15 21:41:19,319 : INFO : EventManager : Event: ======'machine_var_audits_shots_varitarget_p7'====== Args={'value': 7, 'prev_value': None, 'change': True}
2026-03-15 21:41:19,319 : INFO : EventManager : Event: ======'machine_var_audits_switches_s_00_service_esc'====== Args={'value': 3, 'prev_value': None, 'change': True}
2026-03-15 21:41:19,319 : INFO : EventManager : Event: ======'machine_var_audits_switches_s_01_service_up'====== Args={'value': 0, 'prev_value': None, 'change': True}
2026-03-15 21:41:19,319 : INFO : EventManager : Event: ======'machine_var_audits_switches_s_02_service_down'====== Args={'value': 0, 'prev_value': None, 'change': True}
2026-03-15 21:41:19,320 : INFO : EventManager : Event: ======'machine_var_audits_switches_s_03_service_enter'====== Args={'value': 6, 'prev_value': None, 'change': True}
2026-03-15 21:41:19,320 : INFO : EventManager : Event: ======'machine_var_audits_switches_s_08_left_flipper'====== Args={'value': 49, 'prev_value': None, 'change': True}
2026-03-15 21:41:19,320 : INFO : EventManager : Event: ======'machine_var_audits_switches_s_0_service_esc'====== Args={'value': 0, 'prev_value': None, 'change': True}
2026-03-15 21:41:19,320 : INFO : EventManager : Event: ======'machine_var_audits_switches_s_11_start_button'====== Args={'value': 27, 'prev_value': None, 'change': True}
2026-03-15 21:41:19,320 : INFO : EventManager : Event: ======'machine_var_audits_switches_s_12_tilt_bob'====== Args={'value': 0, 'prev_value': None, 'change': True}
2026-03-15 21:41:19,320 : INFO : EventManager : Event: ======'machine_var_audits_switches_s_13_coin_door'====== Args={'value': 0, 'prev_value': None, 'change': True}
2026-03-15 21:41:19,320 : INFO : EventManager : Event: ======'machine_var_audits_switches_s_16_right_flipper'====== Args={'value': 686, 'prev_value': None, 'change': True}
2026-03-15 21:41:19,321 : INFO : EventManager : Event: ======'machine_var_audits_switches_s_17_right_flipper_upper'====== Args={'value': 538, 'prev_value': None, 'change': True}
2026-03-15 21:41:19,321 : INFO : EventManager : Event: ======'machine_var_audits_switches_s_19_cab_arrow_left'====== Args={'value': 0, 'prev_value': None, 'change': True}
2026-03-15 21:41:19,321 : INFO : EventManager : Event: ======'machine_var_audits_switches_s_1_service_up'====== Args={'value': 0, 'prev_value': None, 'change': True}
2026-03-15 21:41:19,321 : INFO : EventManager : Event: ======'machine_var_audits_switches_s_20_cab_arrow_right'====== Args={'value': 0, 'prev_value': None, 'change': True}
2026-03-15 21:41:19,321 : INFO : EventManager : Event: ======'machine_var_audits_switches_s_24_plunger_lane'====== Args={'value': 19, 'prev_value': None, 'change': True}
2026-03-15 21:41:19,321 : INFO : EventManager : Event: ======'machine_var_audits_switches_s_24_trough_1'====== Args={'value': 117, 'prev_value': None, 'change': True}
2026-03-15 21:41:19,321 : INFO : EventManager : Event: ======'machine_var_audits_switches_s_25_trough_2'====== Args={'value': 66, 'prev_value': None, 'change': True}
2026-03-15 21:41:19,321 : INFO : EventManager : Event: ======'machine_var_audits_switches_s_25_trough_jam'====== Args={'value': 3, 'prev_value': None, 'change': True}
2026-03-15 21:41:19,321 : INFO : EventManager : Event: ======'machine_var_audits_switches_s_26_trough_1'====== Args={'value': 21, 'prev_value': None, 'change': True}
2026-03-15 21:41:19,321 : INFO : EventManager : Event: ======'machine_var_audits_switches_s_26_trough_3'====== Args={'value': 53, 'prev_value': None, 'change': True}
2026-03-15 21:41:19,321 : INFO : EventManager : Event: ======'machine_var_audits_switches_s_27_trough_2'====== Args={'value': 19, 'prev_value': None, 'change': True}
2026-03-15 21:41:19,321 : INFO : EventManager : Event: ======'machine_var_audits_switches_s_27_trough_4'====== Args={'value': 45, 'prev_value': None, 'change': True}
2026-03-15 21:41:19,321 : INFO : EventManager : Event: ======'machine_var_audits_switches_s_28_trough_3'====== Args={'value': 2, 'prev_value': None, 'change': True}
2026-03-15 21:41:19,322 : INFO : EventManager : Event: ======'machine_var_audits_switches_s_28_trough_5'====== Args={'value': 48, 'prev_value': None, 'change': True}
2026-03-15 21:41:19,322 : INFO : EventManager : Event: ======'machine_var_audits_switches_s_29_trough_4'====== Args={'value': 2, 'prev_value': None, 'change': True}
2026-03-15 21:41:19,322 : INFO : EventManager : Event: ======'machine_var_audits_switches_s_29_trough_6'====== Args={'value': 73, 'prev_value': None, 'change': True}
2026-03-15 21:41:19,322 : INFO : EventManager : Event: ======'machine_var_audits_switches_s_2_service_down'====== Args={'value': 0, 'prev_value': None, 'change': True}
2026-03-15 21:41:19,322 : INFO : EventManager : Event: ======'machine_var_audits_switches_s_30_trough_jam'====== Args={'value': 102, 'prev_value': None, 'change': True}
2026-03-15 21:41:19,322 : INFO : EventManager : Event: ======'machine_var_audits_switches_s_31_plunger_lane'====== Args={'value': 214, 'prev_value': None, 'change': True}
2026-03-15 21:41:19,322 : INFO : EventManager : Event: ======'machine_var_audits_switches_s_32_right_inlane'====== Args={'value': 112, 'prev_value': None, 'change': True}
2026-03-15 21:41:19,322 : INFO : EventManager : Event: ======'machine_var_audits_switches_s_33_right_outlane'====== Args={'value': 1, 'prev_value': None, 'change': True}
2026-03-15 21:41:19,322 : INFO : EventManager : Event: ======'machine_var_audits_switches_s_34_right_sling'====== Args={'value': 710, 'prev_value': None, 'change': True}
2026-03-15 21:41:19,322 : INFO : EventManager : Event: ======'machine_var_audits_switches_s_35_left_inlane'====== Args={'value': 46, 'prev_value': None, 'change': True}
2026-03-15 21:41:19,322 : INFO : EventManager : Event: ======'machine_var_audits_switches_s_36_left_outlane'====== Args={'value': 269, 'prev_value': None, 'change': True}
2026-03-15 21:41:19,322 : INFO : EventManager : Event: ======'machine_var_audits_switches_s_37_left_sling'====== Args={'value': 177, 'prev_value': None, 'change': True}
2026-03-15 21:41:19,322 : INFO : EventManager : Event: ======'machine_var_audits_switches_s_38_star_rollover_bottom'====== Args={'value': 13, 'prev_value': None, 'change': True}
2026-03-15 21:41:19,323 : INFO : EventManager : Event: ======'machine_var_audits_switches_s_38_top_lane_a'====== Args={'value': 0, 'prev_value': None, 'change': True}
2026-03-15 21:41:19,323 : INFO : EventManager : Event: ======'machine_var_audits_switches_s_39_star_rollover_top'====== Args={'value': 32, 'prev_value': None, 'change': True}
2026-03-15 21:41:19,323 : INFO : EventManager : Event: ======'machine_var_audits_switches_s_39_top_lane_b'====== Args={'value': 0, 'prev_value': None, 'change': True}
2026-03-15 21:41:19,323 : INFO : EventManager : Event: ======'machine_var_audits_switches_s_3_service_enter'====== Args={'value': 0, 'prev_value': None, 'change': True}
2026-03-15 21:41:19,323 : INFO : EventManager : Event: ======'machine_var_audits_switches_s_40_stand_up_target_5'====== Args={'value': 28, 'prev_value': None, 'change': True}
2026-03-15 21:41:19,323 : INFO : EventManager : Event: ======'machine_var_audits_switches_s_40_stand_up_target_7'====== Args={'value': 26, 'prev_value': None, 'change': True}
2026-03-15 21:41:19,323 : INFO : EventManager : Event: ======'machine_var_audits_switches_s_40_top_lane_c'====== Args={'value': 0, 'prev_value': None, 'change': True}
2026-03-15 21:41:19,323 : INFO : EventManager : Event: ======'machine_var_audits_switches_s_41_pop_bumper_1'====== Args={'value': 1, 'prev_value': None, 'change': True}
2026-03-15 21:41:19,323 : INFO : EventManager : Event: ======'machine_var_audits_switches_s_41_stand_up_target_6'====== Args={'value': 19, 'prev_value': None, 'change': True}
2026-03-15 21:41:19,323 : INFO : EventManager : Event: ======'machine_var_audits_switches_s_41_stand_up_target_8'====== Args={'value': 32, 'prev_value': None, 'change': True}
2026-03-15 21:41:19,323 : INFO : EventManager : Event: ======'machine_var_audits_switches_s_42_pop_bumper_2'====== Args={'value': 0, 'prev_value': None, 'change': True}
2026-03-15 21:41:19,323 : INFO : EventManager : Event: ======'machine_var_audits_switches_s_42_stand_up_target_1'====== Args={'value': 29, 'prev_value': None, 'change': True}
2026-03-15 21:41:19,324 : INFO : EventManager : Event: ======'machine_var_audits_switches_s_42_stand_up_target_9'====== Args={'value': 69, 'prev_value': None, 'change': True}
2026-03-15 21:41:19,324 : INFO : EventManager : Event: ======'machine_var_audits_switches_s_43_pop_bumper_3'====== Args={'value': 16, 'prev_value': None, 'change': True}
2026-03-15 21:41:19,324 : INFO : EventManager : Event: ======'machine_var_audits_switches_s_43_stand_up_target_10'====== Args={'value': 40, 'prev_value': None, 'change': True}
2026-03-15 21:41:19,324 : INFO : EventManager : Event: ======'machine_var_audits_switches_s_43_stand_up_target_4'====== Args={'value': 34, 'prev_value': None, 'change': True}
2026-03-15 21:41:19,324 : INFO : EventManager : Event: ======'machine_var_audits_switches_s_44_spinner_left'====== Args={'value': 8, 'prev_value': None, 'change': True}
2026-03-15 21:41:19,324 : INFO : EventManager : Event: ======'machine_var_audits_switches_s_44_spinner_right'====== Args={'value': 566, 'prev_value': None, 'change': True}
2026-03-15 21:41:19,324 : INFO : EventManager : Event: ======'machine_var_audits_switches_s_45_spinner_right'====== Args={'value': 0, 'prev_value': None, 'change': True}
2026-03-15 21:41:19,324 : INFO : EventManager : Event: ======'machine_var_audits_switches_s_45_varitarget_poisition_1'====== Args={'value': 0, 'prev_value': None, 'change': True}
2026-03-15 21:41:19,324 : INFO : EventManager : Event: ======'machine_var_audits_switches_s_46_varitarget_poisition_2'====== Args={'value': 0, 'prev_value': None, 'change': True}
2026-03-15 21:41:19,324 : INFO : EventManager : Event: ======'machine_var_audits_switches_s_47_varitarget_poisition_3'====== Args={'value': 0, 'prev_value': None, 'change': True}
2026-03-15 21:41:19,324 : INFO : EventManager : Event: ======'machine_var_audits_switches_s_48_varitarget_poisition_4'====== Args={'value': 0, 'prev_value': None, 'change': True}
2026-03-15 21:41:19,324 : INFO : EventManager : Event: ======'machine_var_audits_switches_s_49_varitarget_poisition_5'====== Args={'value': 0, 'prev_value': None, 'change': True}
2026-03-15 21:41:19,325 : INFO : EventManager : Event: ======'machine_var_audits_switches_s_50_saucer_left'====== Args={'value': 0, 'prev_value': None, 'change': True}
2026-03-15 21:41:19,325 : INFO : EventManager : Event: ======'machine_var_audits_switches_s_51_saucer_right'====== Args={'value': 2, 'prev_value': None, 'change': True}
2026-03-15 21:41:19,325 : INFO : EventManager : Event: ======'machine_var_audits_switches_s_52_star_rollover_top'====== Args={'value': 0, 'prev_value': None, 'change': True}
2026-03-15 21:41:19,325 : INFO : EventManager : Event: ======'machine_var_audits_switches_s_53_star_rollover_bottom'====== Args={'value': 0, 'prev_value': None, 'change': True}
2026-03-15 21:41:19,325 : INFO : EventManager : Event: ======'machine_var_audits_switches_s_54_single_drop_1'====== Args={'value': 0, 'prev_value': None, 'change': True}
2026-03-15 21:41:19,325 : INFO : EventManager : Event: ======'machine_var_audits_switches_s_55_fourbank_drop_1'====== Args={'value': 0, 'prev_value': None, 'change': True}
2026-03-15 21:41:19,325 : INFO : EventManager : Event: ======'machine_var_audits_switches_s_56_fourbank_drop_2'====== Args={'value': 0, 'prev_value': None, 'change': True}
2026-03-15 21:41:19,325 : INFO : EventManager : Event: ======'machine_var_audits_switches_s_56_pop_bumper_right'====== Args={'value': 623, 'prev_value': None, 'change': True}
2026-03-15 21:41:19,325 : INFO : EventManager : Event: ======'machine_var_audits_switches_s_57_fourbank_drop_3'====== Args={'value': 1, 'prev_value': None, 'change': True}
2026-03-15 21:41:19,325 : INFO : EventManager : Event: ======'machine_var_audits_switches_s_57_pop_bumper_center'====== Args={'value': 481, 'prev_value': None, 'change': True}
2026-03-15 21:41:19,325 : INFO : EventManager : Event: ======'machine_var_audits_switches_s_58_fourbank_drop_4'====== Args={'value': 1, 'prev_value': None, 'change': True}
2026-03-15 21:41:19,325 : INFO : EventManager : Event: ======'machine_var_audits_switches_s_58_pop_bumper_left'====== Args={'value': 905, 'prev_value': None, 'change': True}
2026-03-15 21:41:19,325 : INFO : EventManager : Event: ======'machine_var_audits_switches_s_59_saucer_right'====== Args={'value': 10, 'prev_value': None, 'change': True}
2026-03-15 21:41:19,326 : INFO : EventManager : Event: ======'machine_var_audits_switches_s_59_threebank_drop_1'====== Args={'value': 1, 'prev_value': None, 'change': True}
2026-03-15 21:41:19,326 : INFO : EventManager : Event: ======'machine_var_audits_switches_s_60_threebank_drop_2'====== Args={'value': 1, 'prev_value': None, 'change': True}
2026-03-15 21:41:19,326 : INFO : EventManager : Event: ======'machine_var_audits_switches_s_60_top_lane_c'====== Args={'value': 167, 'prev_value': None, 'change': True}
2026-03-15 21:41:19,326 : INFO : EventManager : Event: ======'machine_var_audits_switches_s_61_threebank_drop_3'====== Args={'value': 0, 'prev_value': None, 'change': True}
2026-03-15 21:41:19,326 : INFO : EventManager : Event: ======'machine_var_audits_switches_s_61_top_lane_b'====== Args={'value': 94, 'prev_value': None, 'change': True}
2026-03-15 21:41:19,326 : INFO : EventManager : Event: ======'machine_var_audits_switches_s_62_stand_up_target_1'====== Args={'value': 0, 'prev_value': None, 'change': True}
2026-03-15 21:41:19,326 : INFO : EventManager : Event: ======'machine_var_audits_switches_s_62_top_lane_a'====== Args={'value': 204, 'prev_value': None, 'change': True}
2026-03-15 21:41:19,326 : INFO : EventManager : Event: ======'machine_var_audits_switches_s_63_stand_up_target_11'====== Args={'value': 43, 'prev_value': None, 'change': True}
2026-03-15 21:41:19,326 : INFO : EventManager : Event: ======'machine_var_audits_switches_s_63_stand_up_target_2'====== Args={'value': 1, 'prev_value': None, 'change': True}
2026-03-15 21:41:19,326 : INFO : EventManager : Event: ======'machine_var_audits_switches_s_63_stand_up_target_3'====== Args={'value': 21, 'prev_value': None, 'change': True}
2026-03-15 21:41:19,326 : INFO : EventManager : Event: ======'machine_var_audits_switches_s_64_stand_up_target_3'====== Args={'value': 1, 'prev_value': None, 'change': True}
2026-03-15 21:41:19,326 : INFO : EventManager : Event: ======'machine_var_audits_switches_s_64_varitarget_poisition_1'====== Args={'value': 986, 'prev_value': None, 'change': True}
2026-03-15 21:41:19,327 : INFO : EventManager : Event: ======'machine_var_audits_switches_s_64_varitarget_position_1'====== Args={'value': 18, 'prev_value': None, 'change': True}
2026-03-15 21:41:19,327 : INFO : EventManager : Event: ======'machine_var_audits_switches_s_65_stand_up_target_4'====== Args={'value': 0, 'prev_value': None, 'change': True}
2026-03-15 21:41:19,327 : INFO : EventManager : Event: ======'machine_var_audits_switches_s_65_varitarget_poisition_2'====== Args={'value': 16, 'prev_value': None, 'change': True}
2026-03-15 21:41:19,327 : INFO : EventManager : Event: ======'machine_var_audits_switches_s_65_varitarget_position_2'====== Args={'value': 1, 'prev_value': None, 'change': True}
2026-03-15 21:41:19,327 : INFO : EventManager : Event: ======'machine_var_audits_switches_s_66_stand_up_target_5'====== Args={'value': 0, 'prev_value': None, 'change': True}
2026-03-15 21:41:19,327 : INFO : EventManager : Event: ======'machine_var_audits_switches_s_66_varitarget_poisition_3'====== Args={'value': 11, 'prev_value': None, 'change': True}
2026-03-15 21:41:19,327 : INFO : EventManager : Event: ======'machine_var_audits_switches_s_66_varitarget_position_3'====== Args={'value': 3, 'prev_value': None, 'change': True}
2026-03-15 21:41:19,327 : INFO : EventManager : Event: ======'machine_var_audits_switches_s_67_stand_up_target_6'====== Args={'value': 0, 'prev_value': None, 'change': True}
2026-03-15 21:41:19,327 : INFO : EventManager : Event: ======'machine_var_audits_switches_s_67_varitarget_poisition_4'====== Args={'value': 12, 'prev_value': None, 'change': True}
2026-03-15 21:41:19,327 : INFO : EventManager : Event: ======'machine_var_audits_switches_s_67_varitarget_position_4'====== Args={'value': 9, 'prev_value': None, 'change': True}
2026-03-15 21:41:19,327 : INFO : EventManager : Event: ======'machine_var_audits_switches_s_68_stand_up_target_7'====== Args={'value': 1, 'prev_value': None, 'change': True}
2026-03-15 21:41:19,327 : INFO : EventManager : Event: ======'machine_var_audits_switches_s_68_varitarget_poisition_5'====== Args={'value': 5, 'prev_value': None, 'change': True}
2026-03-15 21:41:19,328 : INFO : EventManager : Event: ======'machine_var_audits_switches_s_68_varitarget_position_5'====== Args={'value': 6, 'prev_value': None, 'change': True}
2026-03-15 21:41:19,328 : INFO : EventManager : Event: ======'machine_var_audits_switches_s_69_stand_up_target_8'====== Args={'value': 2, 'prev_value': None, 'change': True}
2026-03-15 21:41:19,328 : INFO : EventManager : Event: ======'machine_var_audits_switches_s_69_varitarget_poisition_6'====== Args={'value': 4, 'prev_value': None, 'change': True}
2026-03-15 21:41:19,328 : INFO : EventManager : Event: ======'machine_var_audits_switches_s_69_varitarget_position_6'====== Args={'value': 4, 'prev_value': None, 'change': True}
2026-03-15 21:41:19,328 : INFO : EventManager : Event: ======'machine_var_audits_switches_s_70_stand_up_target_9'====== Args={'value': 0, 'prev_value': None, 'change': True}
2026-03-15 21:41:19,328 : INFO : EventManager : Event: ======'machine_var_audits_switches_s_70_varitarget_poisition_7'====== Args={'value': 66, 'prev_value': None, 'change': True}
2026-03-15 21:41:19,328 : INFO : EventManager : Event: ======'machine_var_audits_switches_s_70_varitarget_position_7'====== Args={'value': 16, 'prev_value': None, 'change': True}
2026-03-15 21:41:19,328 : INFO : EventManager : Event: ======'machine_var_audits_switches_s_71_spinner_left'====== Args={'value': 2138, 'prev_value': None, 'change': True}
2026-03-15 21:41:19,328 : INFO : EventManager : Event: ======'machine_var_audits_switches_s_71_stand_up_target_10'====== Args={'value': 0, 'prev_value': None, 'change': True}
2026-03-15 21:41:19,328 : INFO : EventManager : Event: ======'machine_var_audits_switches_s_72_single_drop_1'====== Args={'value': 69, 'prev_value': None, 'change': True}
2026-03-15 21:41:19,328 : INFO : EventManager : Event: ======'machine_var_audits_switches_s_72_stand_up_target_11'====== Args={'value': 0, 'prev_value': None, 'change': True}
2026-03-15 21:41:19,328 : INFO : EventManager : Event: ======'machine_var_audits_switches_s_73_fourbank_drop_1'====== Args={'value': 256, 'prev_value': None, 'change': True}
2026-03-15 21:41:19,328 : INFO : EventManager : Event: ======'machine_var_audits_switches_s_74_fourbank_drop_2'====== Args={'value': 110, 'prev_value': None, 'change': True}
2026-03-15 21:41:19,328 : INFO : EventManager : Event: ======'machine_var_audits_switches_s_75_fourbank_drop_3'====== Args={'value': 102, 'prev_value': None, 'change': True}
2026-03-15 21:41:19,328 : INFO : EventManager : Event: ======'machine_var_audits_switches_s_76_fourbank_drop_4'====== Args={'value': 6, 'prev_value': None, 'change': True}
2026-03-15 21:41:19,328 : INFO : EventManager : Event: ======'machine_var_audits_switches_s_77_threebank_drop_1'====== Args={'value': 96, 'prev_value': None, 'change': True}
2026-03-15 21:41:19,328 : INFO : EventManager : Event: ======'machine_var_audits_switches_s_78_threebank_drop_2'====== Args={'value': 2187, 'prev_value': None, 'change': True}
2026-03-15 21:41:19,328 : INFO : EventManager : Event: ======'machine_var_audits_switches_s_79_threebank_drop_3'====== Args={'value': 321, 'prev_value': None, 'change': True}
2026-03-15 21:41:19,328 : INFO : EventManager : Event: ======'machine_var_audits_switches_s_80_stand_up_target_1'====== Args={'value': 72, 'prev_value': None, 'change': True}
2026-03-15 21:41:19,328 : INFO : EventManager : Event: ======'machine_var_audits_switches_s_80_stand_up_target_2'====== Args={'value': 18, 'prev_value': None, 'change': True}
2026-03-15 21:41:19,328 : INFO : EventManager : Event: ======'machine_var_audits_switches_s_81_saucer_left'====== Args={'value': 28, 'prev_value': None, 'change': True}
2026-03-15 21:41:19,328 : INFO : EventManager : Event: ======'machine_var_audits_switches_s_82_stand_up_target_bank_1'====== Args={'value': 27, 'prev_value': None, 'change': True}
2026-03-15 21:41:19,329 : INFO : EventManager : Event: ======'machine_var_audits_switches_s_83_stand_up_target_bank_2'====== Args={'value': 70, 'prev_value': None, 'change': True}
2026-03-15 21:41:19,329 : INFO : EventManager : Event: ======'machine_var_audits_switches_s_84_stand_up_target_bank_3'====== Args={'value': 43, 'prev_value': None, 'change': True}
2026-03-15 21:41:19,329 : INFO : EventManager : Event: ======'machine_var_audits_switches_s_85_stand_up_target_bank_4'====== Args={'value': 58, 'prev_value': None, 'change': True}
2026-03-15 21:41:19,329 : INFO : EventManager : Event: ======'machine_var_audits_switches_s_86_stand_up_target_bank_5'====== Args={'value': 217, 'prev_value': None, 'change': True}
2026-03-15 21:41:19,329 : INFO : EventManager : Event: ======'machine_var_audits_switches_s_87_stand_up_target_bank_6'====== Args={'value': 145, 'prev_value': None, 'change': True}
2026-03-15 21:41:19,329 : INFO : EventManager : Event: ======'machine_var_audits_switches_s_8_left_flipper'====== Args={'value': 455, 'prev_value': None, 'change': True}
2026-03-15 21:41:19,329 : INFO : EventManager : Event: ======'init_phase_5'====== Args={}
2026-03-15 21:41:19,368 : INFO : EventManager : Event: ======'init_done'====== Args={}
2026-03-15 21:41:19,368 : INFO : EventManager : Event: ======'machine_reset_phase_1'====== Args={}
2026-03-15 21:41:19,377 : INFO : EventManager : Event: ======'machine_reset_phase_2'====== Args={}
2026-03-15 21:41:19,377 : INFO : EventManager : Event: ======'machine_reset_phase_3'====== Args={}
2026-03-15 21:41:19,377 : INFO : drop_target_bank.dt_bank_1_4 : All targets are already up. Will not reset bank.
2026-03-15 21:41:19,377 : INFO : drop_target_bank.dt_bank_5_7 : All targets are already up. Will not reset bank.
2026-03-15 21:41:19,377 : INFO : EventManager : Event: ======'reset_complete'====== Args={}
2026-03-15 21:41:19,378 : INFO : EventManager : Event: ======'mode_attract_will_start'====== Args={}
2026-03-15 21:41:19,378 : INFO : Timer.attract_carousel_timer : Starting Timer.
2026-03-15 21:41:19,378 : INFO : EventManager : Event: ======'timer_attract_carousel_timer_started'====== Args={'ticks': 0, 'ticks_remaining': 1}
2026-03-15 21:41:19,378 : INFO : EventManager : Event: ======'timer_attract_carousel_timer_tick'====== Args={'ticks': 0, 'ticks_remaining': 1}
2026-03-15 21:41:19,379 : INFO : EventManager : Event: ======'mode_attract_starting'====== Args={}
2026-03-15 21:41:19,379 : INFO : Mode.attract : Started. Priority: 10
2026-03-15 21:41:19,379 : INFO : EventManager : Event: ======'modes_active_modes_changed'====== Args={}
2026-03-15 21:41:19,379 : INFO : EventManager : Event: ======'mode_attract_started'====== Args={}
2026-03-15 21:41:19,379 : INFO : EventManager : Event: ======'collecting_balls_complete'====== Args={}
2026-03-15 21:41:19,379 : INFO : EventManager : Event: ======'carousel_item_highlighted'====== Args={'carousel': 'attract', 'direction': None, 'item': 'title'}
2026-03-15 21:41:19,389 : INFO : Machine : Starting the main run loop with active modes: [<Mode.attract>]
2026-03-15 21:41:19,481 : INFO : EventManager : Event: ======'slide_attract_created'====== Args={'_from_bcp': True}
2026-03-15 21:41:19,482 : INFO : EventManager : Event: ======'slide__removed'====== Args={'_from_bcp': True}
2026-03-15 21:41:19,483 : INFO : EventManager : Event: ======'slide_attract_active'====== Args={'original_context': 'attract', 'original_calling_context': 'mode_attract_started', 'priority': 10.0, 'cmd': 'slides_play', '_from_bcp': True}
2026-03-15 21:41:24,386 : INFO : Timer.attract_carousel_timer : Timer Complete
2026-03-15 21:41:24,386 : INFO : Timer.attract_carousel_timer : Stopping Timer
2026-03-15 21:41:24,386 : INFO : EventManager : Event: ======'timer_attract_carousel_timer_stopped'====== Args={'ticks': 1, 'ticks_remaining': 1}
2026-03-15 21:41:24,386 : INFO : EventManager : Event: ======'timer_attract_carousel_timer_complete'====== Args={'ticks': 1, 'ticks_remaining': 1}
2026-03-15 21:41:24,386 : INFO : EventManager : Event: ======'carousel_item_highlighted'====== Args={'carousel': 'attract', 'direction': 'forwards', 'item': 'credits'}
2026-03-15 21:41:28,599 : INFO : SwitchController : <<<<<<< 's_16_right_flipper' active >>>>>>>
2026-03-15 21:41:28,599 : INFO : EventManager : Event: ======'s_16_right_flipper_active'====== Args={}
2026-03-15 21:41:28,599 : INFO : EventManager : Event: ======'carousel_item_highlighted'====== Args={'carousel': 'attract', 'direction': 'forwards', 'item': 'mpf_logo'}
2026-03-15 21:41:28,698 : INFO : SwitchController : <<<<<<< 's_16_right_flipper' inactive >>>>>>>
2026-03-15 21:41:28,832 : INFO : SwitchController : <<<<<<< 's_16_right_flipper' active >>>>>>>
2026-03-15 21:41:28,832 : INFO : EventManager : Event: ======'s_16_right_flipper_active'====== Args={}
2026-03-15 21:41:28,833 : INFO : EventManager : Event: ======'carousel_item_highlighted'====== Args={'carousel': 'attract', 'direction': 'forwards', 'item': 'title'}
2026-03-15 21:41:28,982 : INFO : SwitchController : <<<<<<< 's_16_right_flipper' inactive >>>>>>>
2026-03-15 21:41:29,282 : INFO : SwitchController : <<<<<<< 's_16_right_flipper' active >>>>>>>
2026-03-15 21:41:29,282 : INFO : EventManager : Event: ======'s_16_right_flipper_active'====== Args={}
2026-03-15 21:41:29,282 : INFO : EventManager : Event: ======'carousel_item_highlighted'====== Args={'carousel': 'attract', 'direction': 'forwards', 'item': 'credits'}
2026-03-15 21:41:29,382 : INFO : SwitchController : <<<<<<< 's_16_right_flipper' inactive >>>>>>>
2026-03-15 21:41:29,501 : INFO : SwitchController : <<<<<<< 's_16_right_flipper' active >>>>>>>
2026-03-15 21:41:29,501 : INFO : EventManager : Event: ======'s_16_right_flipper_active'====== Args={}
2026-03-15 21:41:29,501 : INFO : EventManager : Event: ======'carousel_item_highlighted'====== Args={'carousel': 'attract', 'direction': 'forwards', 'item': 'mpf_logo'}
2026-03-15 21:41:29,565 : INFO : SwitchController : <<<<<<< 's_16_right_flipper' inactive >>>>>>>
2026-03-15 21:41:29,665 : INFO : SwitchController : <<<<<<< 's_16_right_flipper' active >>>>>>>
2026-03-15 21:41:29,665 : INFO : EventManager : Event: ======'s_16_right_flipper_active'====== Args={}
2026-03-15 21:41:29,666 : INFO : EventManager : Event: ======'carousel_item_highlighted'====== Args={'carousel': 'attract', 'direction': 'forwards', 'item': 'title'}
2026-03-15 21:41:29,732 : INFO : SwitchController : <<<<<<< 's_16_right_flipper' inactive >>>>>>>
2026-03-15 21:41:29,849 : INFO : SwitchController : <<<<<<< 's_16_right_flipper' active >>>>>>>
2026-03-15 21:41:29,849 : INFO : EventManager : Event: ======'s_16_right_flipper_active'====== Args={}
2026-03-15 21:41:29,849 : INFO : EventManager : Event: ======'carousel_item_highlighted'====== Args={'carousel': 'attract', 'direction': 'forwards', 'item': 'credits'}
2026-03-15 21:41:29,916 : INFO : SwitchController : <<<<<<< 's_16_right_flipper' inactive >>>>>>>
2026-03-15 21:41:30,034 : INFO : SwitchController : <<<<<<< 's_16_right_flipper' active >>>>>>>
2026-03-15 21:41:30,034 : INFO : EventManager : Event: ======'s_16_right_flipper_active'====== Args={}
2026-03-15 21:41:30,037 : INFO : EventManager : Event: ======'carousel_item_highlighted'====== Args={'carousel': 'attract', 'direction': 'forwards', 'item': 'mpf_logo'}
2026-03-15 21:41:30,099 : INFO : SwitchController : <<<<<<< 's_16_right_flipper' inactive >>>>>>>
2026-03-15 21:41:30,232 : INFO : SwitchController : <<<<<<< 's_16_right_flipper' active >>>>>>>
2026-03-15 21:41:30,232 : INFO : EventManager : Event: ======'s_16_right_flipper_active'====== Args={}
2026-03-15 21:41:30,232 : INFO : EventManager : Event: ======'carousel_item_highlighted'====== Args={'carousel': 'attract', 'direction': 'forwards', 'item': 'title'}
2026-03-15 21:41:30,299 : INFO : SwitchController : <<<<<<< 's_16_right_flipper' inactive >>>>>>>
2026-03-15 21:41:30,666 : INFO : SwitchController : <<<<<<< 's_16_right_flipper' active >>>>>>>
2026-03-15 21:41:30,666 : INFO : EventManager : Event: ======'s_16_right_flipper_active'====== Args={}
2026-03-15 21:41:30,666 : INFO : EventManager : Event: ======'carousel_item_highlighted'====== Args={'carousel': 'attract', 'direction': 'forwards', 'item': 'credits'}
2026-03-15 21:41:30,782 : INFO : SwitchController : <<<<<<< 's_16_right_flipper' inactive >>>>>>>
2026-03-15 21:41:30,983 : INFO : SwitchController : <<<<<<< 's_16_right_flipper' active >>>>>>>
2026-03-15 21:41:30,983 : INFO : EventManager : Event: ======'s_16_right_flipper_active'====== Args={}
2026-03-15 21:41:30,983 : INFO : EventManager : Event: ======'carousel_item_highlighted'====== Args={'carousel': 'attract', 'direction': 'forwards', 'item': 'mpf_logo'}
2026-03-15 21:41:31,065 : INFO : SwitchController : <<<<<<< 's_16_right_flipper' inactive >>>>>>>
2026-03-15 21:41:31,232 : INFO : SwitchController : <<<<<<< 's_16_right_flipper' active >>>>>>>
2026-03-15 21:41:31,232 : INFO : EventManager : Event: ======'s_16_right_flipper_active'====== Args={}
2026-03-15 21:41:31,232 : INFO : EventManager : Event: ======'carousel_item_highlighted'====== Args={'carousel': 'attract', 'direction': 'forwards', 'item': 'title'}
2026-03-15 21:41:31,366 : INFO : SwitchController : <<<<<<< 's_16_right_flipper' inactive >>>>>>>
2026-03-15 21:41:31,515 : INFO : SwitchController : <<<<<<< 's_16_right_flipper' active >>>>>>>
2026-03-15 21:41:31,515 : INFO : EventManager : Event: ======'s_16_right_flipper_active'====== Args={}
2026-03-15 21:41:31,515 : INFO : EventManager : Event: ======'carousel_item_highlighted'====== Args={'carousel': 'attract', 'direction': 'forwards', 'item': 'credits'}
2026-03-15 21:41:31,616 : INFO : SwitchController : <<<<<<< 's_16_right_flipper' inactive >>>>>>>
2026-03-15 21:41:31,716 : INFO : SwitchController : <<<<<<< 's_16_right_flipper' active >>>>>>>
2026-03-15 21:41:31,716 : INFO : EventManager : Event: ======'s_16_right_flipper_active'====== Args={}
2026-03-15 21:41:31,716 : INFO : EventManager : Event: ======'carousel_item_highlighted'====== Args={'carousel': 'attract', 'direction': 'forwards', 'item': 'mpf_logo'}
2026-03-15 21:41:31,799 : INFO : SwitchController : <<<<<<< 's_16_right_flipper' inactive >>>>>>>
2026-03-15 21:41:31,932 : INFO : SwitchController : <<<<<<< 's_16_right_flipper' active >>>>>>>
2026-03-15 21:41:31,932 : INFO : EventManager : Event: ======'s_16_right_flipper_active'====== Args={}
2026-03-15 21:41:31,932 : INFO : EventManager : Event: ======'carousel_item_highlighted'====== Args={'carousel': 'attract', 'direction': 'forwards', 'item': 'title'}
2026-03-15 21:41:32,034 : INFO : SwitchController : <<<<<<< 's_16_right_flipper' inactive >>>>>>>
2026-03-15 21:41:32,382 : INFO : SwitchController : <<<<<<< 's_16_right_flipper' active >>>>>>>
2026-03-15 21:41:32,382 : INFO : EventManager : Event: ======'s_16_right_flipper_active'====== Args={}
2026-03-15 21:41:32,383 : INFO : EventManager : Event: ======'carousel_item_highlighted'====== Args={'carousel': 'attract', 'direction': 'forwards', 'item': 'credits'}
2026-03-15 21:41:32,466 : INFO : SwitchController : <<<<<<< 's_16_right_flipper' inactive >>>>>>>
2026-03-15 21:41:32,615 : INFO : SwitchController : <<<<<<< 's_16_right_flipper' active >>>>>>>
2026-03-15 21:41:32,616 : INFO : EventManager : Event: ======'s_16_right_flipper_active'====== Args={}
2026-03-15 21:41:32,616 : INFO : EventManager : Event: ======'carousel_item_highlighted'====== Args={'carousel': 'attract', 'direction': 'forwards', 'item': 'mpf_logo'}
2026-03-15 21:41:32,699 : INFO : SwitchController : <<<<<<< 's_16_right_flipper' inactive >>>>>>>
2026-03-15 21:41:32,816 : INFO : SwitchController : <<<<<<< 's_16_right_flipper' active >>>>>>>
2026-03-15 21:41:32,816 : INFO : EventManager : Event: ======'s_16_right_flipper_active'====== Args={}
2026-03-15 21:41:32,816 : INFO : EventManager : Event: ======'carousel_item_highlighted'====== Args={'carousel': 'attract', 'direction': 'forwards', 'item': 'title'}
2026-03-15 21:41:32,899 : INFO : SwitchController : <<<<<<< 's_16_right_flipper' inactive >>>>>>>
2026-03-15 21:41:33,051 : INFO : SwitchController : <<<<<<< 's_08_left_flipper' active >>>>>>>
2026-03-15 21:41:33,051 : INFO : EventManager : Event: ======'s_08_left_flipper_active'====== Args={}
2026-03-15 21:41:33,052 : INFO : EventManager : Event: ======'carousel_item_highlighted'====== Args={'carousel': 'attract', 'direction': 'backwards', 'item': 'mpf_logo'}
2026-03-15 21:41:33,183 : INFO : SwitchController : <<<<<<< 's_08_left_flipper' inactive >>>>>>>
2026-03-15 21:41:33,283 : INFO : SwitchController : <<<<<<< 's_08_left_flipper' active >>>>>>>
2026-03-15 21:41:33,283 : INFO : EventManager : Event: ======'s_08_left_flipper_active'====== Args={}
2026-03-15 21:41:33,283 : INFO : EventManager : Event: ======'carousel_item_highlighted'====== Args={'carousel': 'attract', 'direction': 'backwards', 'item': 'credits'}
2026-03-15 21:41:33,365 : INFO : SwitchController : <<<<<<< 's_08_left_flipper' inactive >>>>>>>
2026-03-15 21:41:33,483 : INFO : SwitchController : <<<<<<< 's_08_left_flipper' active >>>>>>>
2026-03-15 21:41:33,483 : INFO : EventManager : Event: ======'s_08_left_flipper_active'====== Args={}
2026-03-15 21:41:33,483 : INFO : EventManager : Event: ======'carousel_item_highlighted'====== Args={'carousel': 'attract', 'direction': 'backwards', 'item': 'title'}
2026-03-15 21:41:33,566 : INFO : SwitchController : <<<<<<< 's_08_left_flipper' inactive >>>>>>>
2026-03-15 21:41:33,699 : INFO : SwitchController : <<<<<<< 's_08_left_flipper' active >>>>>>>
2026-03-15 21:41:33,699 : INFO : EventManager : Event: ======'s_08_left_flipper_active'====== Args={}
2026-03-15 21:41:33,699 : INFO : EventManager : Event: ======'carousel_item_highlighted'====== Args={'carousel': 'attract', 'direction': 'backwards', 'item': 'mpf_logo'}
2026-03-15 21:41:33,765 : INFO : SwitchController : <<<<<<< 's_08_left_flipper' inactive >>>>>>>
2026-03-15 21:41:33,915 : INFO : SwitchController : <<<<<<< 's_08_left_flipper' active >>>>>>>
2026-03-15 21:41:33,915 : INFO : EventManager : Event: ======'s_08_left_flipper_active'====== Args={}
2026-03-15 21:41:33,916 : INFO : EventManager : Event: ======'carousel_item_highlighted'====== Args={'carousel': 'attract', 'direction': 'backwards', 'item': 'credits'}
2026-03-15 21:41:34,016 : INFO : SwitchController : <<<<<<< 's_08_left_flipper' inactive >>>>>>>
2026-03-15 21:41:34,133 : INFO : SwitchController : <<<<<<< 's_08_left_flipper' active >>>>>>>
2026-03-15 21:41:34,133 : INFO : EventManager : Event: ======'s_08_left_flipper_active'====== Args={}
2026-03-15 21:41:34,133 : INFO : EventManager : Event: ======'carousel_item_highlighted'====== Args={'carousel': 'attract', 'direction': 'backwards', 'item': 'title'}
2026-03-15 21:41:34,215 : INFO : SwitchController : <<<<<<< 's_08_left_flipper' inactive >>>>>>>
2026-03-15 21:41:34,349 : INFO : SwitchController : <<<<<<< 's_08_left_flipper' active >>>>>>>
2026-03-15 21:41:34,349 : INFO : EventManager : Event: ======'s_08_left_flipper_active'====== Args={}
2026-03-15 21:41:34,349 : INFO : EventManager : Event: ======'carousel_item_highlighted'====== Args={'carousel': 'attract', 'direction': 'backwards', 'item': 'mpf_logo'}
2026-03-15 21:41:34,450 : INFO : SwitchController : <<<<<<< 's_08_left_flipper' inactive >>>>>>>
2026-03-15 21:41:34,849 : INFO : SwitchController : <<<<<<< 's_08_left_flipper' active >>>>>>>
2026-03-15 21:41:34,849 : INFO : EventManager : Event: ======'s_08_left_flipper_active'====== Args={}
2026-03-15 21:41:34,849 : INFO : EventManager : Event: ======'carousel_item_highlighted'====== Args={'carousel': 'attract', 'direction': 'backwards', 'item': 'credits'}
2026-03-15 21:41:34,949 : INFO : SwitchController : <<<<<<< 's_08_left_flipper' inactive >>>>>>>
2026-03-15 21:41:35,052 : INFO : SwitchController : <<<<<<< 's_08_left_flipper' active >>>>>>>
2026-03-15 21:41:35,052 : INFO : EventManager : Event: ======'s_08_left_flipper_active'====== Args={}
2026-03-15 21:41:35,055 : INFO : EventManager : Event: ======'carousel_item_highlighted'====== Args={'carousel': 'attract', 'direction': 'backwards', 'item': 'title'}
2026-03-15 21:41:35,149 : INFO : SwitchController : <<<<<<< 's_08_left_flipper' inactive >>>>>>>
2026-03-15 21:41:35,233 : INFO : SwitchController : <<<<<<< 's_08_left_flipper' active >>>>>>>
2026-03-15 21:41:35,233 : INFO : EventManager : Event: ======'s_08_left_flipper_active'====== Args={}
2026-03-15 21:41:35,233 : INFO : EventManager : Event: ======'carousel_item_highlighted'====== Args={'carousel': 'attract', 'direction': 'backwards', 'item': 'mpf_logo'}
2026-03-15 21:41:35,350 : INFO : SwitchController : <<<<<<< 's_08_left_flipper' inactive >>>>>>>
2026-03-15 21:41:36,053 : INFO : SwitchController : <<<<<<< 's_08_left_flipper' active >>>>>>>
2026-03-15 21:41:36,054 : INFO : EventManager : Event: ======'s_08_left_flipper_active'====== Args={}
2026-03-15 21:41:36,054 : INFO : EventManager : Event: ======'carousel_item_highlighted'====== Args={'carousel': 'attract', 'direction': 'backwards', 'item': 'credits'}
2026-03-15 21:41:36,133 : INFO : SwitchController : <<<<<<< 's_08_left_flipper' inactive >>>>>>>
2026-03-15 21:41:36,216 : INFO : SwitchController : <<<<<<< 's_08_left_flipper' active >>>>>>>
2026-03-15 21:41:36,216 : INFO : EventManager : Event: ======'s_08_left_flipper_active'====== Args={}
2026-03-15 21:41:36,217 : INFO : EventManager : Event: ======'carousel_item_highlighted'====== Args={'carousel': 'attract', 'direction': 'backwards', 'item': 'title'}
2026-03-15 21:41:36,283 : INFO : SwitchController : <<<<<<< 's_08_left_flipper' inactive >>>>>>>
2026-03-15 21:41:36,399 : INFO : SwitchController : <<<<<<< 's_08_left_flipper' active >>>>>>>
2026-03-15 21:41:36,399 : INFO : EventManager : Event: ======'s_08_left_flipper_active'====== Args={}
2026-03-15 21:41:36,399 : INFO : EventManager : Event: ======'carousel_item_highlighted'====== Args={'carousel': 'attract', 'direction': 'backwards', 'item': 'mpf_logo'}
2026-03-15 21:41:36,483 : INFO : SwitchController : <<<<<<< 's_08_left_flipper' inactive >>>>>>>
2026-03-15 21:41:36,899 : INFO : SwitchController : <<<<<<< 's_08_left_flipper' active >>>>>>>
2026-03-15 21:41:36,899 : INFO : EventManager : Event: ======'s_08_left_flipper_active'====== Args={}
2026-03-15 21:41:36,899 : INFO : EventManager : Event: ======'carousel_item_highlighted'====== Args={'carousel': 'attract', 'direction': 'backwards', 'item': 'credits'}
2026-03-15 21:41:37,016 : INFO : SwitchController : <<<<<<< 's_08_left_flipper' inactive >>>>>>>
2026-03-15 21:41:37,150 : INFO : SwitchController : <<<<<<< 's_08_left_flipper' active >>>>>>>
2026-03-15 21:41:37,150 : INFO : EventManager : Event: ======'s_08_left_flipper_active'====== Args={}
2026-03-15 21:41:37,150 : INFO : EventManager : Event: ======'carousel_item_highlighted'====== Args={'carousel': 'attract', 'direction': 'backwards', 'item': 'title'}
2026-03-15 21:41:37,266 : INFO : SwitchController : <<<<<<< 's_08_left_flipper' inactive >>>>>>>
2026-03-15 21:41:37,416 : INFO : SwitchController : <<<<<<< 's_08_left_flipper' active >>>>>>>
2026-03-15 21:41:37,416 : INFO : EventManager : Event: ======'s_08_left_flipper_active'====== Args={}
2026-03-15 21:41:37,416 : INFO : EventManager : Event: ======'carousel_item_highlighted'====== Args={'carousel': 'attract', 'direction': 'backwards', 'item': 'mpf_logo'}
2026-03-15 21:41:37,583 : INFO : SwitchController : <<<<<<< 's_08_left_flipper' inactive >>>>>>>
2026-03-15 21:41:38,066 : INFO : SwitchController : <<<<<<< 's_16_right_flipper' active >>>>>>>
2026-03-15 21:41:38,066 : INFO : EventManager : Event: ======'s_16_right_flipper_active'====== Args={}
2026-03-15 21:41:38,066 : INFO : EventManager : Event: ======'carousel_item_highlighted'====== Args={'carousel': 'attract', 'direction': 'forwards', 'item': 'title'}
2026-03-15 21:41:38,150 : INFO : SwitchController : <<<<<<< 's_16_right_flipper' inactive >>>>>>>
2026-03-15 21:41:38,249 : INFO : SwitchController : <<<<<<< 's_16_right_flipper' active >>>>>>>
2026-03-15 21:41:38,249 : INFO : EventManager : Event: ======'s_16_right_flipper_active'====== Args={}
2026-03-15 21:41:38,249 : INFO : EventManager : Event: ======'carousel_item_highlighted'====== Args={'carousel': 'attract', 'direction': 'forwards', 'item': 'credits'}
2026-03-15 21:41:38,299 : INFO : SwitchController : <<<<<<< 's_16_right_flipper' inactive >>>>>>>
2026-03-15 21:41:38,416 : INFO : SwitchController : <<<<<<< 's_16_right_flipper' active >>>>>>>
2026-03-15 21:41:38,416 : INFO : EventManager : Event: ======'s_16_right_flipper_active'====== Args={}
2026-03-15 21:41:38,416 : INFO : EventManager : Event: ======'carousel_item_highlighted'====== Args={'carousel': 'attract', 'direction': 'forwards', 'item': 'mpf_logo'}
2026-03-15 21:41:38,483 : INFO : SwitchController : <<<<<<< 's_16_right_flipper' inactive >>>>>>>
2026-03-15 21:41:38,583 : INFO : SwitchController : <<<<<<< 's_16_right_flipper' active >>>>>>>
2026-03-15 21:41:38,583 : INFO : EventManager : Event: ======'s_16_right_flipper_active'====== Args={}
2026-03-15 21:41:38,583 : INFO : EventManager : Event: ======'carousel_item_highlighted'====== Args={'carousel': 'attract', 'direction': 'forwards', 'item': 'title'}
2026-03-15 21:41:38,617 : INFO : SwitchController : <<<<<<< 's_16_right_flipper' inactive >>>>>>>
2026-03-15 21:41:38,732 : INFO : SwitchController : <<<<<<< 's_16_right_flipper' active >>>>>>>
2026-03-15 21:41:38,733 : INFO : EventManager : Event: ======'s_16_right_flipper_active'====== Args={}
2026-03-15 21:41:38,733 : INFO : EventManager : Event: ======'carousel_item_highlighted'====== Args={'carousel': 'attract', 'direction': 'forwards', 'item': 'credits'}
2026-03-15 21:41:38,799 : INFO : SwitchController : <<<<<<< 's_16_right_flipper' inactive >>>>>>>
2026-03-15 21:41:38,933 : INFO : SwitchController : <<<<<<< 's_16_right_flipper' active >>>>>>>
2026-03-15 21:41:38,933 : INFO : EventManager : Event: ======'s_16_right_flipper_active'====== Args={}
2026-03-15 21:41:38,933 : INFO : EventManager : Event: ======'carousel_item_highlighted'====== Args={'carousel': 'attract', 'direction': 'forwards', 'item': 'mpf_logo'}
2026-03-15 21:41:39,000 : INFO : SwitchController : <<<<<<< 's_16_right_flipper' inactive >>>>>>>
2026-03-15 21:41:39,099 : INFO : SwitchController : <<<<<<< 's_16_right_flipper' active >>>>>>>
2026-03-15 21:41:39,099 : INFO : EventManager : Event: ======'s_16_right_flipper_active'====== Args={}
2026-03-15 21:41:39,100 : INFO : EventManager : Event: ======'carousel_item_highlighted'====== Args={'carousel': 'attract', 'direction': 'forwards', 'item': 'title'}
2026-03-15 21:41:39,199 : INFO : SwitchController : <<<<<<< 's_16_right_flipper' inactive >>>>>>>
2026-03-15 21:41:52,002 : INFO : Machine : Shutting down...
2026-03-15 21:41:52,002 : INFO : EventManager : Event: ======'shutdown'====== Args={}
2026-03-15 21:41:52,009 : INFO : root : MPF run loop ended.
