2026-02-11 09:09:33,599 : INFO : root : Loading config.
2026-02-11 09:09:33,611 : INFO : YamlMultifileConfigLoader : Machine config file #1: config.yaml
2026-02-11 09:09:33,612 : WARNING : ConfigProcessor : Config file in cache changed: C:\Users\tl\Documents\tl-pinball\config\config.yaml
2026-02-11 09:09:33,612 : INFO : ConfigProcessor : Loading config from file C:\mpf\Lib\site-packages\mpf\mpfconfig.yaml.
2026-02-11 09:09:33,612 : DEBUG : YAML File Interface : Loading file: C:\mpf\Lib\site-packages\mpf\mpfconfig.yaml
2026-02-11 09:09:33,637 : INFO : ConfigProcessor : Loading config: C:\mpf\Lib\site-packages\mpf\mpfconfig.yaml
2026-02-11 09:09:33,638 : INFO : ConfigProcessor : Loading config from file C:\Users\tl\Documents\tl-pinball\config\config.yaml.
2026-02-11 09:09:33,638 : DEBUG : YAML File Interface : Loading file: C:\Users\tl\Documents\tl-pinball\config\config.yaml
2026-02-11 09:09:33,640 : INFO : ConfigProcessor : Loading config: C:\Users\tl\Documents\tl-pinball\config\config.yaml
2026-02-11 09:09:33,640 : DEBUG : YAML File Interface : Loading file: C:\Users\tl\Documents\tl-pinball\config\config_ball_devices.yaml
2026-02-11 09:09:33,651 : INFO : ConfigProcessor : Loading config: C:\Users\tl\Documents\tl-pinball\config\config_ball_devices.yaml
2026-02-11 09:09:33,651 : DEBUG : YAML File Interface : Loading file: C:\Users\tl\Documents\tl-pinball\config\device_config_lights_led.yaml
2026-02-11 09:09:33,718 : INFO : ConfigProcessor : Loading config: C:\Users\tl\Documents\tl-pinball\config\device_config_lights_led.yaml
2026-02-11 09:09:33,720 : DEBUG : YAML File Interface : Loading file: C:\Users\tl\Documents\tl-pinball\config\device_config_game.yaml
2026-02-11 09:09:33,734 : INFO : ConfigProcessor : Loading config: C:\Users\tl\Documents\tl-pinball\config\device_config_game.yaml
2026-02-11 09:09:33,737 : DEBUG : YAML File Interface : Loading file: C:\Users\tl\Documents\tl-pinball\config\device_config_iomap.yaml
2026-02-11 09:09:33,742 : INFO : ConfigProcessor : Loading config: C:\Users\tl\Documents\tl-pinball\config\device_config_iomap.yaml
2026-02-11 09:09:33,744 : DEBUG : YAML File Interface : Loading file: C:\Users\tl\Documents\tl-pinball\config\device_config_iomap_coils.yaml
2026-02-11 09:09:33,758 : INFO : ConfigProcessor : Loading config: C:\Users\tl\Documents\tl-pinball\config\device_config_iomap_coils.yaml
2026-02-11 09:09:33,766 : INFO : ConfigProcessor : Config file cache created: C:\Users\tl\AppData\Local\Temp\86f932e179f318f5dae29f066573dee9.mpf_cache
2026-02-11 09:09:33,866 : DEBUG : YamlMultifileConfigLoader : Loading mode attract from C:\mpf\Lib\site-packages\mpf\modes\attract\config\attract.yaml
2026-02-11 09:09:33,866 : DEBUG : YamlMultifileConfigLoader : Loading mode attract from C:\mpf\Lib\site-packages\mpf\modes\attract\config\attract.yaml
2026-02-11 09:09:33,867 : INFO : ConfigProcessor : Loading config from cache: C:\Users\tl\AppData\Local\Temp\5e7e3dd8e04e0aa46ea76018297218da.mpf_cache
2026-02-11 09:09:33,878 : DEBUG : YamlMultifileConfigLoader : Loading mode game from C:\mpf\Lib\site-packages\mpf\modes\game\config\game.yaml
2026-02-11 09:09:33,879 : INFO : ConfigProcessor : Loading config from cache: C:\Users\tl\AppData\Local\Temp\af6ad0dab2f43bd9cbdac83e0b2786ac.mpf_cache
2026-02-11 09:09:33,888 : DEBUG : YamlMultifileConfigLoader : Loading mode attract from C:\mpf\Lib\site-packages\mpf\modes\attract\config\attract.yaml
2026-02-11 09:09:33,889 : DEBUG : YamlMultifileConfigLoader : Loading mode attract from C:\mpf\Lib\site-packages\mpf\modes\attract\config\attract.yaml
2026-02-11 09:09:33,889 : INFO : ConfigProcessor : Loading config from cache: C:\Users\tl\AppData\Local\Temp\5e7e3dd8e04e0aa46ea76018297218da.mpf_cache
2026-02-11 09:09:33,890 : INFO : ConfigProcessor : Loading config from cache: C:\Users\tl\AppData\Local\Temp\8e03a0223b8d1c0ca013681033326f0c.mpf_cache
2026-02-11 09:09:33,901 : INFO : ConfigProcessor : Loading config from cache: C:\Users\tl\AppData\Local\Temp\5087cf1b7abc06e96886e5988e0fc677.mpf_cache
2026-02-11 09:09:33,911 : INFO : ConfigProcessor : Loading config from cache: C:\Users\tl\AppData\Local\Temp\fa471351b89d1f3e25f91fc9913c9796.mpf_cache
2026-02-11 09:09:33,926 : INFO : ConfigProcessor : Loading config from cache: C:\Users\tl\AppData\Local\Temp\5571cab4eb1786965a59407287d5fe45.mpf_cache
2026-02-11 09:09:33,940 : INFO : ConfigProcessor : Loading config from cache: C:\Users\tl\AppData\Local\Temp\271c9b515d768458308058303b47c39a.mpf_cache
2026-02-11 09:09:33,950 : INFO : ConfigProcessor : Loading config from cache: C:\Users\tl\AppData\Local\Temp\cd67e5858d9a4eed8e637ab852052284.mpf_cache
2026-02-11 09:09:33,961 : INFO : ConfigProcessor : Loading config from cache: C:\Users\tl\AppData\Local\Temp\5d4a31ba12353a8d97b779019117e810.mpf_cache
2026-02-11 09:09:33,973 : INFO : Machine : Mission Pinball Framework Core Engine v0.80.0.dev12
2026-02-11 09:09:33,974 : INFO : Machine : Command line arguments: {'no_load_cache': False, 'create_config_cache': True, 'bcp': False, 'configfile': ['config.yaml'], 'force_assets_load': False, 'platform_integration_test': False, 'jsonlogging': False, 'logfile': 'logs\\2026-02-11-09-09-33-mpf-DESKTOP-HV85DRD.log', 'pause': False, 'production': False, 'text_ui': False, 'loglevel': 10, 'consoleloglevel': 20, 'force_platform': None, 'syslog_address': None, 'full_logfile_path': 'C:\\Users\\tl\\Documents\\tl-pinball\\logs\\2026-02-11-09-09-33-mpf-DESKTOP-HV85DRD.log'}
2026-02-11 09:09:33,974 : INFO : Machine : MPF path: C:\mpf\Lib\site-packages\mpf
2026-02-11 09:09:33,974 : INFO : Machine : Machine path: C:\Users\tl\Documents\tl-pinball
2026-02-11 09:09:33,974 : INFO : Machine : Platform: win32
2026-02-11 09:09:33,974 : INFO : Machine : Python executable location: C:\mpf\Scripts\python.exe
2026-02-11 09:09:33,974 : INFO : Machine : Python version: 3.12.7 (64-bit)
2026-02-11 09:09:33,975 : DEBUG : asyncio : Using proactor: IocpProactor
2026-02-11 09:09:33,976 : INFO : Machine : Initializing MPF...
2026-02-11 09:09:34,276 : DEBUG : TextUi : Text UI is disabled. TUI option setting: False, Asciimatics loaded: <class 'asciimatics.scene.Scene'>
2026-02-11 09:09:34,288 : INFO : FAST : Auto-detecting ports for the following connections: ['net', 'exp']
2026-02-11 09:09:34,306 : DEBUG : FAST : Port COM3 is connected to a FAST Neuron Controller.
2026-02-11 09:09:34,306 : DEBUG : FAST : Port COM5 is connected to a FAST Neuron Controller.
2026-02-11 09:09:34,306 : DEBUG : FAST : Port COM4 is connected to a FAST Neuron Controller.
2026-02-11 09:09:34,326 : INFO : FAST : Detected NET on port COM4
2026-02-11 09:09:34,374 : INFO : FAST : Detected EXP on port COM5
2026-02-11 09:09:34,487 : INFO : FAST [NET] : Trying to connect to COM4 at 921600bps
2026-02-11 09:09:34,492 : INFO : FAST [NET] : Connected to COM4 at 921600bps
2026-02-11 09:09:34,502 : INFO : FAST [NET] : Connected to FP-CPU-2000 with firmware v02.26
2026-02-11 09:09:34,534 : ERROR : asyncio : Exception in callback Util.raise_exceptions(<Task finishe...FP-I/O-0804")>) at C:\mpf\Lib\site-packages\mpf\core\utility_functions.py:789
handle: <Handle Util.raise_exceptions(<Task finishe...FP-I/O-0804")>) at C:\mpf\Lib\site-packages\mpf\core\utility_functions.py:789>
Traceback (most recent call last):
  File "C:\Users\tl\AppData\Local\Programs\Python\Python312\Lib\asyncio\events.py", line 88, in _run
    self._context.run(self._callback, *self._args)
  File "C:\mpf\Lib\site-packages\mpf\core\utility_functions.py", line 797, in raise_exceptions
    future.result()
  File "C:\mpf\Lib\site-packages\mpf\platforms\fast\communicators\base.py", line 413, in _socket_reader
    self.parse_incoming_raw_bytes(resp)
  File "C:\mpf\Lib\site-packages\mpf\platforms\fast\communicators\base.py", line 373, in parse_incoming_raw_bytes
    self._dispatch_incoming_msg(msg)
  File "C:\mpf\Lib\site-packages\mpf\platforms\fast\communicators\base.py", line 382, in _dispatch_incoming_msg
    self.message_processors[msg_header](msg[3:])
  File "C:\mpf\Lib\site-packages\mpf\platforms\fast\communicators\net_neuron.py", line 190, in _process_nn
    assert model == model_string_from_config, \
           ^^^^^^^^^^^^^^^^^^^^^^^^^^^^^^^^^
AssertionError: I/O board config error. Board 0 is reporting as model FP-I/O-1616, but the config file says it's model FP-I/O-0804
2026-02-11 09:09:34,600 : INFO : Machine : Starting the main run loop with active modes: []
2026-02-11 09:09:34,600 : ERROR : root : 'attract'
Traceback (most recent call last):
  File "C:\mpf\Lib\site-packages\mpf\commands\game.py", line 229, in __init__
    self.machine.run()
  File "C:\mpf\Lib\site-packages\mpf\core\machine.py", line 703, in run
    if not self.modes['attract'] in self.mode_controller.active_modes:
           ~~~~~~~~~~^^^^^^^^^^^
KeyError: 'attract'
