2026-06-24 09:12:12,997 : INFO : root : Loading config.
2026-06-24 09:12:13,001 : INFO : YamlMultifileConfigLoader : Machine config file #1: config.yaml
2026-06-24 09:12:13,002 : INFO : ConfigProcessor : Loading config from cache: C:\Users\tl\AppData\Local\Temp\86f932e179f318f5dae29f066573dee9.mpf_cache
2026-06-24 09:12:13,023 : WARNING : ConfigProcessor : Config file in cache changed: C:\Users\tl\Documents\tl-pinball\config\config_ball_save.yaml
2026-06-24 09:12:13,023 : INFO : ConfigProcessor : Loading config from file C:\mpf\Lib\site-packages\mpf\mpfconfig.yaml.
2026-06-24 09:12:13,035 : INFO : ConfigProcessor : Loading config: C:\mpf\Lib\site-packages\mpf\mpfconfig.yaml
2026-06-24 09:12:13,035 : INFO : ConfigProcessor : Loading config from file C:\Users\tl\Documents\tl-pinball\config\config.yaml.
2026-06-24 09:12:13,037 : INFO : ConfigProcessor : Loading config: C:\Users\tl\Documents\tl-pinball\config\config.yaml
2026-06-24 09:12:13,038 : INFO : ConfigProcessor : Loading config: C:\Users\tl\Documents\tl-pinball\config\config_hardware.yaml
2026-06-24 09:12:13,040 : INFO : ConfigProcessor : Loading config: C:\Users\tl\Documents\tl-pinball\config\config_ball_devices.yaml
2026-06-24 09:12:13,041 : INFO : ConfigProcessor : Loading config: C:\Users\tl\Documents\tl-pinball\config\config_sounds.yaml
2026-06-24 09:12:13,041 : ERROR : ConfigProcessor : Config section 'sounds' is removed in MPF 0.80 and will be ignored.
2026-06-24 09:12:13,095 : INFO : ConfigProcessor : Loading config: C:\Users\tl\Documents\tl-pinball\config\device_config_lights_led.yaml
2026-06-24 09:12:13,100 : INFO : ConfigProcessor : Loading config: C:\Users\tl\Documents\tl-pinball\config\device_config_game.yaml
2026-06-24 09:12:13,107 : INFO : ConfigProcessor : Loading config: C:\Users\tl\Documents\tl-pinball\config\device_config_iomap.yaml
2026-06-24 09:12:13,113 : INFO : ConfigProcessor : Loading config: C:\Users\tl\Documents\tl-pinball\config\device_config_iomap_coils.yaml
2026-06-24 09:12:13,118 : INFO : ConfigProcessor : Loading config: C:\Users\tl\Documents\tl-pinball\config\config_testing.yaml
2026-06-24 09:12:13,123 : INFO : ConfigProcessor : Loading config: C:\Users\tl\Documents\tl-pinball\config\config_ball_save.yaml
2026-06-24 09:12:13,127 : INFO : ConfigProcessor : Loading config: C:\Users\tl\Documents\tl-pinball\config\seq_shots.yaml
2026-06-24 09:12:13,135 : INFO : ConfigProcessor : Config file cache created: C:\Users\tl\AppData\Local\Temp\86f932e179f318f5dae29f066573dee9.mpf_cache
2026-06-24 09:12:13,234 : INFO : ConfigProcessor : Loading config from cache: C:\Users\tl\AppData\Local\Temp\5e7e3dd8e04e0aa46ea76018297218da.mpf_cache
2026-06-24 09:12:13,235 : INFO : ConfigProcessor : Loading config from cache: C:\Users\tl\AppData\Local\Temp\af6ad0dab2f43bd9cbdac83e0b2786ac.mpf_cache
2026-06-24 09:12:13,235 : INFO : ConfigProcessor : Loading config from cache: C:\Users\tl\AppData\Local\Temp\5e7e3dd8e04e0aa46ea76018297218da.mpf_cache
2026-06-24 09:12:13,236 : INFO : ConfigProcessor : Loading config from cache: C:\Users\tl\AppData\Local\Temp\078e3f4c59f1cd1bf0ff8685cc9e7ff5.mpf_cache
2026-06-24 09:12:13,237 : INFO : ConfigProcessor : Loading config from cache: C:\Users\tl\AppData\Local\Temp\279434e09bc5e8b073f441f36778b3c5.mpf_cache
2026-06-24 09:12:13,237 : INFO : ConfigProcessor : Loading config from cache: C:\Users\tl\AppData\Local\Temp\f7ef3217062c4a128670875e2cb05ce9.mpf_cache
2026-06-24 09:12:13,238 : INFO : ConfigProcessor : Loading config from cache: C:\Users\tl\AppData\Local\Temp\3f4b5828320b2882d8f6d86277da0e3c.mpf_cache
2026-06-24 09:12:13,239 : INFO : ConfigProcessor : Loading config from cache: C:\Users\tl\AppData\Local\Temp\e0885cd80287b6cf2bdb3b3b7e551419.mpf_cache
2026-06-24 09:12:13,240 : INFO : ConfigProcessor : Loading config from cache: C:\Users\tl\AppData\Local\Temp\21a3b6af72788c31c1bb21496f7d3280.mpf_cache
2026-06-24 09:12:13,241 : INFO : ConfigProcessor : Loading config from cache: C:\Users\tl\AppData\Local\Temp\5ad868424699ac3c9402d8d89c5742fa.mpf_cache
2026-06-24 09:12:13,242 : INFO : ConfigProcessor : Loading config from cache: C:\Users\tl\AppData\Local\Temp\b41aec6702196d0bd650320fa331266f.mpf_cache
2026-06-24 09:12:13,243 : INFO : ConfigProcessor : Loading config from cache: C:\Users\tl\AppData\Local\Temp\a951eeea2c167365e5a009cce33f51d8.mpf_cache
2026-06-24 09:12:13,244 : INFO : ConfigProcessor : Loading config from cache: C:\Users\tl\AppData\Local\Temp\f020dca9eec5e09763b9289397e6c32f.mpf_cache
2026-06-24 09:12:13,245 : INFO : ConfigProcessor : Loading config from cache: C:\Users\tl\AppData\Local\Temp\edce5a74ebf86ee6330810859c361ede.mpf_cache
2026-06-24 09:12:13,246 : INFO : ConfigProcessor : Loading config from cache: C:\Users\tl\AppData\Local\Temp\7c825e76f3d981841c3099d018a06a8f.mpf_cache
2026-06-24 09:12:13,246 : INFO : ConfigProcessor : Loading config from cache: C:\Users\tl\AppData\Local\Temp\4c1252d1f04cb61ecc91110937cfd225.mpf_cache
2026-06-24 09:12:13,247 : INFO : ConfigProcessor : Loading config from cache: C:\Users\tl\AppData\Local\Temp\8d6d681afe5a7b6e9186321cd98f18ca.mpf_cache
2026-06-24 09:12:13,248 : INFO : ConfigProcessor : Loading config from cache: C:\Users\tl\AppData\Local\Temp\6ca6a8b9cb340c3b8d36233eeb0719a5.mpf_cache
2026-06-24 09:12:13,249 : INFO : ConfigProcessor : Loading config from cache: C:\Users\tl\AppData\Local\Temp\d7f9969d1a13fb8a4ff98949110a3363.mpf_cache
2026-06-24 09:12:13,250 : INFO : ConfigProcessor : Loading config from cache: C:\Users\tl\AppData\Local\Temp\ea483b3190585f1b6f58e5d4b3be4053.mpf_cache
2026-06-24 09:12:13,250 : INFO : ConfigProcessor : Loading config from cache: C:\Users\tl\AppData\Local\Temp\29a24a1f58555604e17f1620fab88485.mpf_cache
2026-06-24 09:12:13,251 : INFO : ConfigProcessor : Loading config from cache: C:\Users\tl\AppData\Local\Temp\9e4f4ac993fe3c13c573513cb70c74c1.mpf_cache
2026-06-24 09:12:13,251 : INFO : ConfigProcessor : Loading config from cache: C:\Users\tl\AppData\Local\Temp\271b31ea91f7fc416a689202738fcb25.mpf_cache
2026-06-24 09:12:13,254 : INFO : ConfigProcessor : Loading config from cache: C:\Users\tl\AppData\Local\Temp\d5113bae71fe9b2600b29bf116525aac.mpf_cache
2026-06-24 09:12:13,255 : INFO : ConfigProcessor : Loading config from cache: C:\Users\tl\AppData\Local\Temp\ae5d383473e063efe671bf30ab478239.mpf_cache
2026-06-24 09:12:13,268 : INFO : ConfigProcessor : Loading config from cache: C:\Users\tl\AppData\Local\Temp\46870b44a1c011c86a746a823adf6b5a.mpf_cache
2026-06-24 09:12:13,269 : INFO : ConfigProcessor : Loading config from cache: C:\Users\tl\AppData\Local\Temp\0cf169c51710e2e034dc49f1aab9dfdd.mpf_cache
2026-06-24 09:12:13,275 : INFO : ConfigProcessor : Loading config from cache: C:\Users\tl\AppData\Local\Temp\a2de7c1b2b3faf18b0affdedaa38907f.mpf_cache
2026-06-24 09:12:13,275 : INFO : ConfigProcessor : Loading config from cache: C:\Users\tl\AppData\Local\Temp\e26965993a19a15abbd54118f3bb1f6b.mpf_cache
2026-06-24 09:12:13,276 : INFO : ConfigProcessor : Loading config from cache: C:\Users\tl\AppData\Local\Temp\1a8067b3018dc540f40ee09fbd30147e.mpf_cache
2026-06-24 09:12:13,277 : INFO : ConfigProcessor : Loading config from cache: C:\Users\tl\AppData\Local\Temp\34d2c1cbec8fdaa1db7761a61cc7c1b6.mpf_cache
2026-06-24 09:12:13,278 : INFO : ConfigProcessor : Loading config from cache: C:\Users\tl\AppData\Local\Temp\4065fa59aedcbd523b942a40672a4db1.mpf_cache
2026-06-24 09:12:13,282 : INFO : ConfigProcessor : Loading config from cache: C:\Users\tl\AppData\Local\Temp\911efd7252939128e304c2322100ac37.mpf_cache
2026-06-24 09:12:13,283 : INFO : ConfigProcessor : Loading config from cache: C:\Users\tl\AppData\Local\Temp\95a50568c399a025ef217996526f3494.mpf_cache
2026-06-24 09:12:13,284 : INFO : ConfigProcessor : Loading config from cache: C:\Users\tl\AppData\Local\Temp\4fa9cf92dccc774be532e383b837572e.mpf_cache
2026-06-24 09:12:13,284 : INFO : ConfigProcessor : Loading config from cache: C:\Users\tl\AppData\Local\Temp\7d6afe43d2cd59003bd26d29f6951346.mpf_cache
2026-06-24 09:12:13,285 : INFO : ConfigProcessor : Loading config from cache: C:\Users\tl\AppData\Local\Temp\3ec53097f46dd8f92da5caf7a9362729.mpf_cache
2026-06-24 09:12:13,289 : INFO : ConfigProcessor : Loading config from cache: C:\Users\tl\AppData\Local\Temp\c36da47bad15180a41187d147cb7917e.mpf_cache
2026-06-24 09:12:13,289 : INFO : ConfigProcessor : Loading config from cache: C:\Users\tl\AppData\Local\Temp\ca9866041621d35ab6358609b63e90d5.mpf_cache
2026-06-24 09:12:13,290 : INFO : ConfigProcessor : Loading config from cache: C:\Users\tl\AppData\Local\Temp\d3b229dc9cb99a8202099f03c2a43090.mpf_cache
2026-06-24 09:12:13,291 : INFO : ConfigProcessor : Loading config from cache: C:\Users\tl\AppData\Local\Temp\81582981e74d3995e366d06d8338d799.mpf_cache
2026-06-24 09:12:13,296 : INFO : ConfigProcessor : Loading config from cache: C:\Users\tl\AppData\Local\Temp\5b34afe52ee194dd00e9309f3b7b7351.mpf_cache
2026-06-24 09:12:13,304 : INFO : ConfigProcessor : Loading config from cache: C:\Users\tl\AppData\Local\Temp\879969db85bf719d2fcb9e04ce9b1f2c.mpf_cache
2026-06-24 09:12:13,310 : INFO : ConfigProcessor : Loading config from cache: C:\Users\tl\AppData\Local\Temp\b4093eb1dd81447678927dbfa4b9c600.mpf_cache
2026-06-24 09:12:13,316 : INFO : ConfigProcessor : Loading config from cache: C:\Users\tl\AppData\Local\Temp\e35a82f552c222d594bf16e07246473c.mpf_cache
2026-06-24 09:12:13,317 : INFO : ConfigProcessor : Loading config from cache: C:\Users\tl\AppData\Local\Temp\a4723462ff8ee54e9440eae8a1a4781c.mpf_cache
2026-06-24 09:12:13,322 : INFO : ConfigProcessor : Loading config from cache: C:\Users\tl\AppData\Local\Temp\33800f163ed2f7721971ef060d638387.mpf_cache
2026-06-24 09:12:13,335 : INFO : ConfigProcessor : Loading config from cache: C:\Users\tl\AppData\Local\Temp\cfac8a12b8c870509d27980bb08852ae.mpf_cache
2026-06-24 09:12:13,341 : INFO : ConfigProcessor : Loading config from cache: C:\Users\tl\AppData\Local\Temp\83c76c71cb0df61411f4c0eb7dea7353.mpf_cache
2026-06-24 09:12:13,345 : INFO : ConfigProcessor : Loading config from cache: C:\Users\tl\AppData\Local\Temp\7db44b334d172168fab831ef3c57ff8b.mpf_cache
2026-06-24 09:12:13,397 : INFO : ConfigProcessor : Loading config from cache: C:\Users\tl\AppData\Local\Temp\0209fa69c7ceb7b65d8e49418413a2d4.mpf_cache
2026-06-24 09:12:13,496 : INFO : ConfigProcessor : Loading config from cache: C:\Users\tl\AppData\Local\Temp\9eec954e3a0a7462dea03c8c17cb64d9.mpf_cache
2026-06-24 09:12:13,653 : INFO : ConfigProcessor : Loading config from cache: C:\Users\tl\AppData\Local\Temp\456118bf1ce6b85e98a4b068670426da.mpf_cache
2026-06-24 09:12:13,738 : INFO : ConfigProcessor : Loading config from cache: C:\Users\tl\AppData\Local\Temp\5d7ea21ac1dbbe8d902c44335cb580f3.mpf_cache
2026-06-24 09:12:13,934 : INFO : ConfigProcessor : Loading config from cache: C:\Users\tl\AppData\Local\Temp\3c338cf0a5e3d861413d7d2f266c3053.mpf_cache
2026-06-24 09:12:13,976 : INFO : ConfigProcessor : Loading config from cache: C:\Users\tl\AppData\Local\Temp\7da579784f035f2b4609b04d18d514d9.mpf_cache
2026-06-24 09:12:13,990 : INFO : ConfigProcessor : Loading config from cache: C:\Users\tl\AppData\Local\Temp\ffa5a16e3925fe77c4aff5ce9d0caddb.mpf_cache
2026-06-24 09:12:13,996 : INFO : ConfigProcessor : Loading config from cache: C:\Users\tl\AppData\Local\Temp\08e4cfee44032ad50b613fdfc1c76afd.mpf_cache
2026-06-24 09:12:13,997 : INFO : ConfigProcessor : Loading config from cache: C:\Users\tl\AppData\Local\Temp\8f542fdb27a9c7af6359517ab8d171a1.mpf_cache
2026-06-24 09:12:13,997 : INFO : ConfigProcessor : Loading config from cache: C:\Users\tl\AppData\Local\Temp\c899bce83960d7b8a909fd30af5ba34c.mpf_cache
2026-06-24 09:12:13,998 : INFO : ConfigProcessor : Loading config from cache: C:\Users\tl\AppData\Local\Temp\e3f8c10279e680757f03e6b0889aa739.mpf_cache
2026-06-24 09:12:13,999 : INFO : ConfigProcessor : Loading config from cache: C:\Users\tl\AppData\Local\Temp\ff087817282734556151e8020b1fd49c.mpf_cache
2026-06-24 09:12:13,999 : INFO : ConfigProcessor : Loading config from cache: C:\Users\tl\AppData\Local\Temp\17b17d6e70b510a409968e15bd8ba63c.mpf_cache
2026-06-24 09:12:14,095 : INFO : ConfigProcessor : Loading config from cache: C:\Users\tl\AppData\Local\Temp\7597473749050946854e5e52d7c2d79a.mpf_cache
2026-06-24 09:12:14,112 : INFO : ConfigProcessor : Loading config from cache: C:\Users\tl\AppData\Local\Temp\31f3b89ebad27aaf6ad1cb7b6e8c1ae3.mpf_cache
2026-06-24 09:12:14,113 : INFO : ConfigProcessor : Loading config from cache: C:\Users\tl\AppData\Local\Temp\5bdc262ac811f8916946a10b325faaed.mpf_cache
2026-06-24 09:12:14,217 : INFO : ConfigProcessor : Loading config from cache: C:\Users\tl\AppData\Local\Temp\4262986a441bb7754780f112bb0e0c56.mpf_cache
2026-06-24 09:12:14,218 : INFO : ConfigProcessor : Loading config from cache: C:\Users\tl\AppData\Local\Temp\d572a2de143bf480090a737668938cb0.mpf_cache
2026-06-24 09:12:14,219 : INFO : ConfigProcessor : Loading config from cache: C:\Users\tl\AppData\Local\Temp\2e7beac76d3bca457a3a521575ba4ead.mpf_cache
2026-06-24 09:12:14,220 : INFO : ConfigProcessor : Loading config from cache: C:\Users\tl\AppData\Local\Temp\7c0931ffc6b13496fd8fae8b9d1b7a08.mpf_cache
2026-06-24 09:12:14,220 : INFO : ConfigProcessor : Loading config from cache: C:\Users\tl\AppData\Local\Temp\62404ae2e9ee2b95d65f52fccac154f0.mpf_cache
2026-06-24 09:12:14,221 : INFO : ConfigProcessor : Loading config from cache: C:\Users\tl\AppData\Local\Temp\537cd9276618929e3a64b374ceb3437f.mpf_cache
2026-06-24 09:12:14,221 : INFO : ConfigProcessor : Loading config from cache: C:\Users\tl\AppData\Local\Temp\cf29873bc64cfbd46b5a5b4c47c95532.mpf_cache
2026-06-24 09:12:14,222 : INFO : ConfigProcessor : Loading config from cache: C:\Users\tl\AppData\Local\Temp\16182b247314d06896cbae33110acd4c.mpf_cache
2026-06-24 09:12:14,223 : INFO : ConfigProcessor : Loading config from cache: C:\Users\tl\AppData\Local\Temp\13826b94a4b36b65ca4171a1d326006f.mpf_cache
2026-06-24 09:12:14,224 : INFO : ConfigProcessor : Loading config from cache: C:\Users\tl\AppData\Local\Temp\34a4b7622c4ff26b43be2fcb96c6a855.mpf_cache
2026-06-24 09:12:14,225 : INFO : ConfigProcessor : Loading config from cache: C:\Users\tl\AppData\Local\Temp\0560061596499ba9c1490154fdcef2ca.mpf_cache
2026-06-24 09:12:14,226 : INFO : ConfigProcessor : Loading config from cache: C:\Users\tl\AppData\Local\Temp\c1896ec26ad05d4cb3e6ad50fd8dc123.mpf_cache
2026-06-24 09:12:14,226 : INFO : ConfigProcessor : Loading config from cache: C:\Users\tl\AppData\Local\Temp\9894a77e77ebcad772e6ab40ada6f893.mpf_cache
2026-06-24 09:12:14,227 : INFO : ConfigProcessor : Loading config from cache: C:\Users\tl\AppData\Local\Temp\33a0313dc768edabc6062a57466c6435.mpf_cache
2026-06-24 09:12:14,228 : INFO : ConfigProcessor : Loading config from cache: C:\Users\tl\AppData\Local\Temp\51d1034df3c2d8154cfea3abae2369be.mpf_cache
2026-06-24 09:12:14,228 : INFO : ConfigProcessor : Loading config from cache: C:\Users\tl\AppData\Local\Temp\2904ce8d8b78981642dc8b63141b390e.mpf_cache
2026-06-24 09:12:14,229 : INFO : ConfigProcessor : Loading config from cache: C:\Users\tl\AppData\Local\Temp\de3c199f73b407edda0c6227f08684dc.mpf_cache
2026-06-24 09:12:14,230 : INFO : ConfigProcessor : Loading config from cache: C:\Users\tl\AppData\Local\Temp\5951b01dcffceee156e3aba13b4691bc.mpf_cache
2026-06-24 09:12:14,230 : INFO : ConfigProcessor : Loading config from cache: C:\Users\tl\AppData\Local\Temp\3ef5173c7a910a36727c66b6285f9c3e.mpf_cache
2026-06-24 09:12:14,231 : INFO : ConfigProcessor : Loading config from cache: C:\Users\tl\AppData\Local\Temp\1671f2a7e01818367d14934820caa625.mpf_cache
2026-06-24 09:12:14,231 : INFO : ConfigProcessor : Loading config from cache: C:\Users\tl\AppData\Local\Temp\f222a647edf3886b9afe02940fb5218b.mpf_cache
2026-06-24 09:12:14,232 : INFO : ConfigProcessor : Loading config from cache: C:\Users\tl\AppData\Local\Temp\413a5c2ee3ba22f15e31e85070bcc3a0.mpf_cache
2026-06-24 09:12:14,257 : INFO : ConfigProcessor : Loading config from cache: C:\Users\tl\AppData\Local\Temp\8441689a8d32c41acf7df12596aea2a1.mpf_cache
2026-06-24 09:12:14,258 : INFO : ConfigProcessor : Loading config from cache: C:\Users\tl\AppData\Local\Temp\2856cb3dd9823be7f227bcd3e9e74d9c.mpf_cache
2026-06-24 09:12:14,259 : INFO : ConfigProcessor : Loading config from cache: C:\Users\tl\AppData\Local\Temp\7bc597beac49bd83589c0f432d6df3a7.mpf_cache
2026-06-24 09:12:14,259 : INFO : ConfigProcessor : Loading config from cache: C:\Users\tl\AppData\Local\Temp\68aef743ce387ca4b0917854000ab96f.mpf_cache
2026-06-24 09:12:14,261 : INFO : ConfigProcessor : Loading config from cache: C:\Users\tl\AppData\Local\Temp\d8eab45dc417e5712e341a87d617345c.mpf_cache
2026-06-24 09:12:14,261 : INFO : ConfigProcessor : Loading config from cache: C:\Users\tl\AppData\Local\Temp\469f885a0d482cac3db6f093008cfd24.mpf_cache
2026-06-24 09:12:14,262 : INFO : ConfigProcessor : Loading config from cache: C:\Users\tl\AppData\Local\Temp\a268d193aab3d6536668c32d6da9263e.mpf_cache
2026-06-24 09:12:14,262 : INFO : ConfigProcessor : Loading config from cache: C:\Users\tl\AppData\Local\Temp\0ddc24559d577387e7f3127610d528ac.mpf_cache
2026-06-24 09:12:14,263 : INFO : ConfigProcessor : Loading config from cache: C:\Users\tl\AppData\Local\Temp\a63ea6967061a0c2197fb0bb68311879.mpf_cache
2026-06-24 09:12:14,263 : INFO : ConfigProcessor : Loading config from cache: C:\Users\tl\AppData\Local\Temp\43577826f0443b71968b5102aaf30af3.mpf_cache
2026-06-24 09:12:14,264 : INFO : ConfigProcessor : Loading config from cache: C:\Users\tl\AppData\Local\Temp\9c5a8c407413e80747afdb721a5b060d.mpf_cache
2026-06-24 09:12:14,264 : INFO : ConfigProcessor : Loading config from cache: C:\Users\tl\AppData\Local\Temp\af0cbbf8538bda34a0e26f98cdd5aca7.mpf_cache
2026-06-24 09:12:14,265 : INFO : ConfigProcessor : Loading config from cache: C:\Users\tl\AppData\Local\Temp\ce8d78fec460068c5bebc943ce9b6f30.mpf_cache
2026-06-24 09:12:14,265 : INFO : ConfigProcessor : Loading config from cache: C:\Users\tl\AppData\Local\Temp\31f829499efdcff804ebe1944d19d329.mpf_cache
2026-06-24 09:12:14,266 : INFO : ConfigProcessor : Loading config from cache: C:\Users\tl\AppData\Local\Temp\79045076bfba23d531ff144ac6757de4.mpf_cache
2026-06-24 09:12:14,266 : INFO : ConfigProcessor : Loading config from cache: C:\Users\tl\AppData\Local\Temp\b26d36d0781b7ac0f26418f65421592c.mpf_cache
2026-06-24 09:12:14,266 : INFO : ConfigProcessor : Loading config from cache: C:\Users\tl\AppData\Local\Temp\8b6f457abf3cfdd87417ebce16fa6732.mpf_cache
2026-06-24 09:12:14,267 : INFO : ConfigProcessor : Loading config from cache: C:\Users\tl\AppData\Local\Temp\c59e3da9fa5362a5c24ac789898ceb13.mpf_cache
2026-06-24 09:12:14,268 : INFO : ConfigProcessor : Loading config from cache: C:\Users\tl\AppData\Local\Temp\701f2c032cd9e807d4fb3fa2828f9b37.mpf_cache
2026-06-24 09:12:14,268 : INFO : ConfigProcessor : Loading config from cache: C:\Users\tl\AppData\Local\Temp\c801690053c2da5c09f6d10b42ee9917.mpf_cache
2026-06-24 09:12:14,269 : INFO : ConfigProcessor : Loading config from cache: C:\Users\tl\AppData\Local\Temp\2e335ca9623f971cc8240d357e9bde21.mpf_cache
2026-06-24 09:12:14,269 : INFO : ConfigProcessor : Loading config from cache: C:\Users\tl\AppData\Local\Temp\291432155100441a6a6d1cc35a9827e6.mpf_cache
2026-06-24 09:12:14,270 : INFO : ConfigProcessor : Loading config from cache: C:\Users\tl\AppData\Local\Temp\3a13ce866f38c1bdfd88cdf5d8a37b57.mpf_cache
2026-06-24 09:12:14,270 : INFO : ConfigProcessor : Loading config from cache: C:\Users\tl\AppData\Local\Temp\67766e06be15afe44bf4653d2e0643ac.mpf_cache
2026-06-24 09:12:14,270 : INFO : ConfigProcessor : Loading config from cache: C:\Users\tl\AppData\Local\Temp\4d0875bd28a5b9899fb2c6e9ca5fbaa0.mpf_cache
2026-06-24 09:12:14,272 : INFO : ConfigProcessor : Loading config from cache: C:\Users\tl\AppData\Local\Temp\013b41c20fe074e5f42d4da80ff7d4bd.mpf_cache
2026-06-24 09:12:14,272 : INFO : ConfigProcessor : Loading config from cache: C:\Users\tl\AppData\Local\Temp\c0155b29343fe146f8483b349919ea50.mpf_cache
2026-06-24 09:12:14,273 : INFO : Machine : Mission Pinball Framework Core Engine v0.80.0.dev12
2026-06-24 09:12:14,273 : INFO : Machine : Command line arguments: {'no_load_cache': False, 'create_config_cache': True, 'bcp': True, 'configfile': ['config.yaml'], 'force_assets_load': False, 'platform_integration_test': False, 'jsonlogging': False, 'logfile': 'logs\\2026-06-24-09-12-12-mpf-DESKTOP-HV85DRD.log', 'pause': False, 'production': False, 'text_ui': True, 'loglevel': 15, 'consoleloglevel': 20, 'force_platform': None, 'syslog_address': None, 'full_logfile_path': 'C:\\Users\\tl\\Documents\\tl-pinball\\logs\\2026-06-24-09-12-12-mpf-DESKTOP-HV85DRD.log'}
2026-06-24 09:12:14,273 : INFO : Machine : MPF path: C:\mpf\Lib\site-packages\mpf
2026-06-24 09:12:14,273 : INFO : Machine : Machine path: C:\Users\tl\Documents\tl-pinball
2026-06-24 09:12:14,273 : INFO : Machine : Platform: win32
2026-06-24 09:12:14,273 : INFO : Machine : Python executable location: C:\mpf\Scripts\python.exe
2026-06-24 09:12:14,273 : INFO : Machine : Python version: 3.12.7 (64-bit)
2026-06-24 09:12:14,275 : INFO : Machine : Initializing MPF...
2026-06-24 09:12:14,484 : INFO : FAST [NET] : Trying to connect to COM4 at 921600bps
2026-06-24 09:12:14,488 : INFO : FAST [NET] : Connected to COM4 at 921600bps
2026-06-24 09:12:14,591 : INFO : FAST [NET] : Connected to FP-CPU-2000 with firmware v02.26
2026-06-24 09:12:14,622 : INFO : FAST [NET] : Registered I/O Board 0: Model: FP-I/O-0024, Firmware: 01.10, Switches: 24, Drivers: 8
2026-06-24 09:12:14,638 : INFO : FAST [NET] : Registered I/O Board 1: Model: FP-I/O-1616, Firmware: 01.10, Switches: 16, Drivers: 16
2026-06-24 09:12:14,654 : INFO : FAST [NET] : Registered I/O Board 2: Model: FP-I/O-3208, Firmware: 01.10, Switches: 32, Drivers: 8
2026-06-24 09:12:14,670 : INFO : FAST [NET] : Registered I/O Board 3: Model: FP-I/O-1616, Firmware: 01.10, Switches: 16, Drivers: 16
2026-06-24 09:12:14,672 : INFO : FAST [EXP] : Trying to connect to COM5 at 921600bps
2026-06-24 09:12:14,677 : INFO : FAST [EXP] : Connected to COM5 at 921600bps
2026-06-24 09:12:14,796 : INFO : FAST [EXP] : Verifying hardware for EXP "ledcab" (FP-EXP-2000, @48) with ID string "EXP FP-EXP-2000  0.42", board address 48
2026-06-24 09:12:14,812 : INFO : FAST [EXP] : Verifying hardware for EXP "ledcab" (FP-EXP-2000, @48) with ID string "BRK FP-EXP-2000  0.42", board address 480
2026-06-24 09:12:15,803 : ERROR : FAST [EXP] : Timeout waiting for response to BR@48:. Retrying...
2026-06-24 09:12:16,811 : ERROR : FAST [EXP] : Timeout waiting for response to BR@48:. Retrying...
2026-06-24 09:12:16,842 : INFO : FAST [EXP] : Verifying hardware for EXP "ledpf1" (FP-EXP-0081, @84) with ID string "EXP FP-EXP-0081  0.38", board address 84
2026-06-24 09:12:16,858 : INFO : FAST [EXP] : Verifying hardware for EXP "ledpf1" (FP-EXP-0081, @84) with ID string "BRK FP-EXP-0081  0.38", board address 840
2026-06-24 09:12:16,874 : INFO : FAST [EXP] : Verifying hardware for EXP "ledpf1" (FP-EXP-0081, @84) with ID string "BRK FP-EXP-0081  0.38", board address 841
2026-06-24 09:12:16,906 : INFO : FAST [EXP] : Verifying hardware for EXP "ledpf2" (FP-EXP-0081, @85) with ID string "EXP FP-EXP-0081  0.48", board address 85
2026-06-24 09:12:16,922 : INFO : FAST [EXP] : Verifying hardware for EXP "ledpf2" (FP-EXP-0081, @85) with ID string "BRK FP-EXP-0081  0.48", board address 850
2026-06-24 09:12:16,938 : INFO : FAST [EXP] : Verifying hardware for EXP "ledpf2" (FP-EXP-0081, @85) with ID string "BRK FP-EXP-0081  0.48", board address 851
2026-06-24 09:12:16,954 : INFO : EventManager : Event: ======'machine_var_credits_string'====== Args={'value': 'FREE PLAY', 'prev_value': None, 'change': True}
2026-06-24 09:12:16,981 : INFO : EventManager : Event: ======'machine_var_last_game_score'====== Args={'value': 3931432, 'prev_value': None, 'change': True}
2026-06-24 09:12:16,982 : INFO : EventManager : Event: ======'machine_var_master_volume'====== Args={'value': 0.5, 'prev_value': None, 'change': True}
2026-06-24 09:12:16,982 : INFO : EventManager : Event: ======'machine_var_player1_score'====== Args={'value': 3931432, 'prev_value': None, 'change': True}
2026-06-24 09:12:16,982 : INFO : EventManager : Event: ======'machine_var_mpf_version'====== Args={'value': 'Mission Pinball Framework v0.80.0.dev12', 'prev_value': None, 'change': True}
2026-06-24 09:12:16,982 : INFO : EventManager : Event: ======'machine_var_mpf_extended_version'====== Args={'value': 'Mission Pinball Framework v0.80.0.dev12, Config version:6, Show version: 6, BCP version:1.1', 'prev_value': None, 'change': True}
2026-06-24 09:12:16,982 : INFO : EventManager : Event: ======'machine_var_python_version'====== Args={'value': '3.12.7', 'prev_value': None, 'change': True}
2026-06-24 09:12:17,009 : INFO : EventManager : Event: ======'machine_var_platform'====== Args={'value': 'Windows-10-10.0.19044-SP0', 'prev_value': None, 'change': True}
2026-06-24 09:12:17,009 : INFO : EventManager : Event: ======'machine_var_platform_system'====== Args={'value': 'Windows', 'prev_value': None, 'change': True}
2026-06-24 09:12:17,009 : INFO : EventManager : Event: ======'machine_var_platform_release'====== Args={'value': '10', 'prev_value': None, 'change': True}
2026-06-24 09:12:17,009 : INFO : EventManager : Event: ======'machine_var_platform_version'====== Args={'value': '10.0.19044', 'prev_value': None, 'change': True}
2026-06-24 09:12:17,009 : INFO : EventManager : Event: ======'machine_var_platform_machine'====== Args={'value': 'AMD64', 'prev_value': None, 'change': True}
2026-06-24 09:12:17,010 : INFO : EventManager : Event: ======'machine_var_log_file_path'====== Args={'value': 'C:\\Users\\tl\\Documents\\tl-pinball\\logs\\2026-06-24-09-12-12-mpf-DESKTOP-HV85DRD.log', 'prev_value': None, 'change': True}
2026-06-24 09:12:17,010 : INFO : EventManager : Event: ======'init_phase_1'====== Args={}
2026-06-24 09:12:17,155 : INFO : EventManager : Event: ======'drop_target_bank_dt_bank_1_4_up'====== Args={}
2026-06-24 09:12:17,156 : INFO : EventManager : Event: ======'drop_target_bank_dt_bank_5_7_up'====== Args={}
2026-06-24 09:12:19,561 : INFO : SwitchController : <<<<<<< 's_38_star_rollover_bottom' active >>>>>>>
2026-06-24 09:12:19,561 : INFO : SwitchController : <<<<<<< 's_44_spinner_right' active >>>>>>>
2026-06-24 09:12:19,561 : INFO : SwitchController : <<<<<<< 's_59_saucer_right' active >>>>>>>
2026-06-24 09:12:19,561 : INFO : SwitchController : <<<<<<< 's_71_spinner_left' active >>>>>>>
2026-06-24 09:12:19,562 : INFO : SwitchController : <<<<<<< 's_73_fourbank_drop_1' active >>>>>>>
2026-06-24 09:12:19,562 : INFO : SwitchController : <<<<<<< 's_74_fourbank_drop_2' active >>>>>>>
2026-06-24 09:12:19,562 : INFO : SwitchController : <<<<<<< 's_75_fourbank_drop_3' active >>>>>>>
2026-06-24 09:12:19,562 : INFO : SwitchController : <<<<<<< 's_77_threebank_drop_1' active >>>>>>>
2026-06-24 09:12:19,562 : INFO : SwitchController : <<<<<<< 's_78_threebank_drop_2' active >>>>>>>
2026-06-24 09:12:19,562 : INFO : SwitchController : <<<<<<< 's_79_threebank_drop_3' active >>>>>>>
2026-06-24 09:12:19,646 : ERROR : asyncio : Exception in callback EventManager._queue_task_done(<Task finishe... Mode: None")>)
handle: <Handle EventManager._queue_task_done(<Task finishe... Mode: None")>)>
Traceback (most recent call last):
  File "C:\Users\tl\AppData\Local\Programs\Python\Python312\Lib\asyncio\events.py", line 88, in _run
    self._context.run(self._callback, *self._args)
  File "C:\mpf\Lib\site-packages\mpf\core\events.py", line 795, in _queue_task_done
    future.result()
  File "C:\mpf\Lib\site-packages\mpf\core\events.py", line 708, in _run_handlers_sequential
    handler.callback(queue=queue, **merged_kwargs)
  File "C:\mpf\Lib\site-packages\mpf\core\config_player.py", line 93, in _initialize_system_wide
    self._global_keys = self.register_player_events(self.machine.config[self.config_file_section])
                        ^^^^^^^^^^^^^^^^^^^^^^^^^^^^^^^^^^^^^^^^^^^^^^^^^^^^^^^^^^^^^^^^^^^^^^^^^^
  File "C:\mpf\Lib\site-packages\mpf\core\config_player.py", line 292, in register_player_events
    raise ConfigFileError("Section not valid outside of game modes. {} {}:{} Mode: {}".format(
mpf.exceptions.config_file_error.ConfigFileError: Config File Error in variable_player: Section not valid outside of game modes. ConfigPlayer.variable_player/variables ball_started:{'ball_save_used_this_ball': {'action': 'set', 'int': <NativeTemplate 0>, 'priority': 0, 'float': None, 'string': None, 'block': False, 'player': None, 'condition': None}} Mode: None Error Code: CFE-variable_player-1 (https://missionpinball.org/latest/logs)
2026-06-24 09:12:19,648 : INFO : Machine : Starting the main run loop with active modes: []
2026-06-24 09:12:19,649 : WARNING : Machine : Attract mode is not active, game will not be playable. Please check your attract mode configuration.
2026-06-24 09:12:19,655 : INFO : Machine : Shutting down...
2026-06-24 09:12:19,655 : INFO : EventManager : Event: ======'shutdown'====== Args={}
2026-06-24 09:12:20,756 : ERROR : Machine : Runtime Exception
Traceback (most recent call last):
  File "C:\mpf\Lib\site-packages\mpf\core\machine.py", line 810, in _run_loop
    raise self._exception['exception']
  File "C:\Users\tl\AppData\Local\Programs\Python\Python312\Lib\asyncio\events.py", line 88, in _run
    self._context.run(self._callback, *self._args)
  File "C:\mpf\Lib\site-packages\mpf\core\events.py", line 795, in _queue_task_done
    future.result()
  File "C:\mpf\Lib\site-packages\mpf\core\events.py", line 708, in _run_handlers_sequential
    handler.callback(queue=queue, **merged_kwargs)
  File "C:\mpf\Lib\site-packages\mpf\core\config_player.py", line 93, in _initialize_system_wide
    self._global_keys = self.register_player_events(self.machine.config[self.config_file_section])
                        ^^^^^^^^^^^^^^^^^^^^^^^^^^^^^^^^^^^^^^^^^^^^^^^^^^^^^^^^^^^^^^^^^^^^^^^^^^
  File "C:\mpf\Lib\site-packages\mpf\core\config_player.py", line 292, in register_player_events
    raise ConfigFileError("Section not valid outside of game modes. {} {}:{} Mode: {}".format(
mpf.exceptions.config_file_error.ConfigFileError: Config File Error in variable_player: Section not valid outside of game modes. ConfigPlayer.variable_player/variables ball_started:{'ball_save_used_this_ball': {'action': 'set', 'int': <NativeTemplate 0>, 'priority': 0, 'float': None, 'string': None, 'block': False, 'player': None, 'condition': None}} Mode: None Error Code: CFE-variable_player-1 (https://missionpinball.org/latest/logs)
2026-06-24 09:12:20,759 : INFO : root : MPF run loop ended.
