2026-03-26 12:04:05,689 : INFO : root : Loading config.
2026-03-26 12:04:05,694 : INFO : YamlMultifileConfigLoader : Machine config file #1: config.yaml
2026-03-26 12:04:05,694 : INFO : ConfigProcessor : Loading config from cache: C:\Users\tl\AppData\Local\Temp\86f932e179f318f5dae29f066573dee9.mpf_cache
2026-03-26 12:04:05,797 : INFO : ConfigProcessor : Loading config from cache: C:\Users\tl\AppData\Local\Temp\5e7e3dd8e04e0aa46ea76018297218da.mpf_cache
2026-03-26 12:04:05,798 : INFO : ConfigProcessor : Loading config from cache: C:\Users\tl\AppData\Local\Temp\af6ad0dab2f43bd9cbdac83e0b2786ac.mpf_cache
2026-03-26 12:04:05,798 : INFO : ConfigProcessor : Loading config from cache: C:\Users\tl\AppData\Local\Temp\5e7e3dd8e04e0aa46ea76018297218da.mpf_cache
2026-03-26 12:04:05,799 : INFO : ConfigProcessor : Loading config from cache: C:\Users\tl\AppData\Local\Temp\078e3f4c59f1cd1bf0ff8685cc9e7ff5.mpf_cache
2026-03-26 12:04:05,800 : INFO : ConfigProcessor : Loading config from cache: C:\Users\tl\AppData\Local\Temp\279434e09bc5e8b073f441f36778b3c5.mpf_cache
2026-03-26 12:04:05,800 : INFO : ConfigProcessor : Loading config from cache: C:\Users\tl\AppData\Local\Temp\f7ef3217062c4a128670875e2cb05ce9.mpf_cache
2026-03-26 12:04:05,817 : INFO : ConfigProcessor : Loading config from cache: C:\Users\tl\AppData\Local\Temp\354636526653009b6f35f36c4dc3e189.mpf_cache
2026-03-26 12:04:05,818 : INFO : ConfigProcessor : Loading config from cache: C:\Users\tl\AppData\Local\Temp\b41aec6702196d0bd650320fa331266f.mpf_cache
2026-03-26 12:04:05,819 : INFO : ConfigProcessor : Loading config from cache: C:\Users\tl\AppData\Local\Temp\a951eeea2c167365e5a009cce33f51d8.mpf_cache
2026-03-26 12:04:05,820 : INFO : ConfigProcessor : Loading config from cache: C:\Users\tl\AppData\Local\Temp\f020dca9eec5e09763b9289397e6c32f.mpf_cache
2026-03-26 12:04:05,820 : INFO : ConfigProcessor : Loading config from cache: C:\Users\tl\AppData\Local\Temp\edce5a74ebf86ee6330810859c361ede.mpf_cache
2026-03-26 12:04:05,821 : INFO : ConfigProcessor : Loading config from cache: C:\Users\tl\AppData\Local\Temp\7c825e76f3d981841c3099d018a06a8f.mpf_cache
2026-03-26 12:04:05,822 : INFO : ConfigProcessor : Loading config from cache: C:\Users\tl\AppData\Local\Temp\4c1252d1f04cb61ecc91110937cfd225.mpf_cache
2026-03-26 12:04:05,823 : INFO : ConfigProcessor : Loading config from cache: C:\Users\tl\AppData\Local\Temp\8d6d681afe5a7b6e9186321cd98f18ca.mpf_cache
2026-03-26 12:04:05,825 : INFO : Machine : Mission Pinball Framework Core Engine v0.80.0.dev12
2026-03-26 12:04:05,825 : INFO : Machine : Command line arguments: {'no_load_cache': False, 'create_config_cache': True, 'bcp': True, 'configfile': ['config.yaml'], 'force_assets_load': False, 'platform_integration_test': False, 'jsonlogging': False, 'logfile': 'logs\\2026-03-26-12-04-05-mpf-DESKTOP-HV85DRD.log', 'pause': False, 'production': False, 'text_ui': False, 'loglevel': 15, 'consoleloglevel': 20, 'force_platform': None, 'syslog_address': None, 'full_logfile_path': 'C:\\Users\\tl\\Documents\\tl-pinball\\logs\\2026-03-26-12-04-05-mpf-DESKTOP-HV85DRD.log'}
2026-03-26 12:04:05,825 : INFO : Machine : MPF path: C:\mpf\Lib\site-packages\mpf
2026-03-26 12:04:05,825 : INFO : Machine : Machine path: C:\Users\tl\Documents\tl-pinball
2026-03-26 12:04:05,825 : INFO : Machine : Platform: win32
2026-03-26 12:04:05,825 : INFO : Machine : Python executable location: C:\mpf\Scripts\python.exe
2026-03-26 12:04:05,825 : INFO : Machine : Python version: 3.12.7 (64-bit)
2026-03-26 12:04:05,827 : INFO : Machine : Initializing MPF...
2026-03-26 12:04:05,930 : INFO : FAST [NET] : Trying to connect to COM4 at 921600bps
2026-03-26 12:04:05,934 : INFO : FAST [NET] : Connected to COM4 at 921600bps
2026-03-26 12:04:05,948 : INFO : FAST [NET] : Connected to FP-CPU-2000 with firmware v02.26
2026-03-26 12:04:05,980 : INFO : FAST [NET] : Registered I/O Board 0: Model: FP-I/O-0024, Firmware: 01.10, Switches: 24, Drivers: 8
2026-03-26 12:04:05,996 : INFO : FAST [NET] : Registered I/O Board 1: Model: FP-I/O-1616, Firmware: 01.10, Switches: 16, Drivers: 16
2026-03-26 12:04:06,012 : INFO : FAST [NET] : Registered I/O Board 2: Model: FP-I/O-3208, Firmware: 01.10, Switches: 32, Drivers: 8
2026-03-26 12:04:06,027 : INFO : FAST [NET] : Registered I/O Board 3: Model: FP-I/O-1616, Firmware: 01.10, Switches: 16, Drivers: 16
2026-03-26 12:04:06,029 : INFO : FAST [EXP] : Trying to connect to COM5 at 921600bps
2026-03-26 12:04:06,033 : INFO : FAST [EXP] : Connected to COM5 at 921600bps
2026-03-26 12:04:06,043 : INFO : FAST [EXP] : Verifying hardware for EXP "ledneuron" (FP-EXP-2000, @48) with ID string "EXP FP-EXP-2000  0.42", board address 48
2026-03-26 12:04:06,059 : INFO : FAST [EXP] : Verifying hardware for EXP "ledneuron" (FP-EXP-2000, @48) with ID string "BRK FP-EXP-2000  0.42", board address 480
2026-03-26 12:04:06,091 : INFO : FAST [EXP] : Verifying hardware for EXP "ledpf1" (FP-EXP-0081, @84) with ID string "EXP FP-EXP-0081  0.38", board address 84
2026-03-26 12:04:06,106 : INFO : FAST [EXP] : Verifying hardware for EXP "ledpf1" (FP-EXP-0081, @84) with ID string "BRK FP-EXP-0081  0.38", board address 840
2026-03-26 12:04:06,122 : INFO : FAST [EXP] : Verifying hardware for EXP "ledpf1" (FP-EXP-0081, @84) with ID string "BRK FP-EXP-0081  0.38", board address 841
2026-03-26 12:04:06,138 : INFO : EventManager : Event: ======'machine_var_credits_string'====== Args={'value': 'FREE PLAY', 'prev_value': None, 'change': True}
2026-03-26 12:04:06,169 : INFO : EventManager : Event: ======'machine_var_master_volume'====== Args={'value': 0.5, 'prev_value': None, 'change': True}
2026-03-26 12:04:06,169 : INFO : EventManager : Event: ======'machine_var_player1_score'====== Args={'value': 1015084, 'prev_value': None, 'change': True}
2026-03-26 12:04:06,170 : INFO : EventManager : Event: ======'machine_var_last_game_score'====== Args={'value': 0, 'prev_value': None, 'change': True}
2026-03-26 12:04:06,170 : INFO : EventManager : Event: ======'machine_var_mpf_version'====== Args={'value': 'Mission Pinball Framework v0.80.0.dev12', 'prev_value': None, 'change': True}
2026-03-26 12:04:06,170 : INFO : EventManager : Event: ======'machine_var_mpf_extended_version'====== Args={'value': 'Mission Pinball Framework v0.80.0.dev12, Config version:6, Show version: 6, BCP version:1.1', 'prev_value': None, 'change': True}
2026-03-26 12:04:06,170 : INFO : EventManager : Event: ======'machine_var_python_version'====== Args={'value': '3.12.7', 'prev_value': None, 'change': True}
2026-03-26 12:04:06,197 : INFO : EventManager : Event: ======'machine_var_platform'====== Args={'value': 'Windows-10-10.0.19044-SP0', 'prev_value': None, 'change': True}
2026-03-26 12:04:06,197 : INFO : EventManager : Event: ======'machine_var_platform_system'====== Args={'value': 'Windows', 'prev_value': None, 'change': True}
2026-03-26 12:04:06,197 : INFO : EventManager : Event: ======'machine_var_platform_release'====== Args={'value': '10', 'prev_value': None, 'change': True}
2026-03-26 12:04:06,197 : INFO : EventManager : Event: ======'machine_var_platform_version'====== Args={'value': '10.0.19044', 'prev_value': None, 'change': True}
2026-03-26 12:04:06,197 : INFO : EventManager : Event: ======'machine_var_platform_machine'====== Args={'value': 'AMD64', 'prev_value': None, 'change': True}
2026-03-26 12:04:06,197 : INFO : EventManager : Event: ======'machine_var_log_file_path'====== Args={'value': 'C:\\Users\\tl\\Documents\\tl-pinball\\logs\\2026-03-26-12-04-05-mpf-DESKTOP-HV85DRD.log', 'prev_value': None, 'change': True}
2026-03-26 12:04:06,197 : INFO : EventManager : Event: ======'init_phase_1'====== Args={}
2026-03-26 12:04:06,239 : INFO : EventManager : Event: ======'drop_target_bank_dt_bank_1_4_up'====== Args={}
2026-03-26 12:04:06,239 : INFO : EventManager : Event: ======'drop_target_bank_dt_bank_5_7_up'====== Args={}
2026-03-26 12:04:08,811 : INFO : SwitchController : <<<<<<< 's_24_trough_1' active >>>>>>>
2026-03-26 12:04:08,811 : INFO : SwitchController : <<<<<<< 's_64_varitarget_position_1' active >>>>>>>
2026-03-26 12:04:08,811 : INFO : SwitchController : <<<<<<< 's_70_varitarget_position_7' active >>>>>>>
2026-03-26 12:04:08,811 : INFO : SwitchController : <<<<<<< 's_71_spinner_left' active >>>>>>>
2026-03-26 12:04:08,861 : INFO : EventManager : Event: ======'init_phase_2'====== Args={}
2026-03-26 12:04:08,862 : INFO : SwitchController : Found active switch: (40, [FAST Platform Interface]) <switch.s_24_trough_1>
2026-03-26 12:04:08,862 : INFO : SwitchController : Found active switch: (32, [FAST Platform Interface]) <switch.s_64_varitarget_position_1>
2026-03-26 12:04:08,862 : INFO : SwitchController : Found active switch: (38, [FAST Platform Interface]) <switch.s_70_varitarget_position_7>
2026-03-26 12:04:08,862 : INFO : SwitchController : Found active switch: (39, [FAST Platform Interface]) <switch.s_71_spinner_left>
2026-03-26 12:04:08,875 : INFO : EventManager : Event: ======'machine_var_score1_label'====== Args={'value': 'GRAND CHAMPION', 'prev_value': None, 'change': True}
2026-03-26 12:04:08,875 : INFO : EventManager : Event: ======'machine_var_score1_name'====== Args={'value': 'AAA', 'prev_value': None, 'change': True}
2026-03-26 12:04:08,875 : INFO : EventManager : Event: ======'machine_var_score1_value'====== Args={'value': 2531176, 'prev_value': None, 'change': True}
2026-03-26 12:04:08,875 : INFO : EventManager : Event: ======'machine_var_score2_label'====== Args={'value': 'HIGH SCORE 1', 'prev_value': None, 'change': True}
2026-03-26 12:04:08,875 : INFO : EventManager : Event: ======'machine_var_score2_name'====== Args={'value': 'AAA', 'prev_value': None, 'change': True}
2026-03-26 12:04:08,875 : INFO : EventManager : Event: ======'machine_var_score2_value'====== Args={'value': 1638150, 'prev_value': None, 'change': True}
2026-03-26 12:04:08,875 : INFO : EventManager : Event: ======'machine_var_score3_label'====== Args={'value': 'HIGH SCORE 2', 'prev_value': None, 'change': True}
2026-03-26 12:04:08,875 : INFO : EventManager : Event: ======'machine_var_score3_name'====== Args={'value': 'AAA', 'prev_value': None, 'change': True}
2026-03-26 12:04:08,875 : INFO : EventManager : Event: ======'machine_var_score3_value'====== Args={'value': 1578150, 'prev_value': None, 'change': True}
2026-03-26 12:04:08,875 : INFO : EventManager : Event: ======'machine_var_score4_label'====== Args={'value': 'HIGH SCORE 3', 'prev_value': None, 'change': True}
2026-03-26 12:04:08,875 : INFO : EventManager : Event: ======'machine_var_score4_name'====== Args={'value': 'AAA', 'prev_value': None, 'change': True}
2026-03-26 12:04:08,876 : INFO : EventManager : Event: ======'machine_var_score4_value'====== Args={'value': 1550789, 'prev_value': None, 'change': True}
2026-03-26 12:04:08,876 : INFO : EventManager : Event: ======'machine_var_score5_label'====== Args={'value': 'HIGH SCORE 4', 'prev_value': None, 'change': True}
2026-03-26 12:04:08,876 : INFO : EventManager : Event: ======'machine_var_score5_name'====== Args={'value': 'AAA', 'prev_value': None, 'change': True}
2026-03-26 12:04:08,876 : INFO : EventManager : Event: ======'machine_var_score5_value'====== Args={'value': 1547313, 'prev_value': None, 'change': True}
2026-03-26 12:04:08,876 : INFO : EventManager : Event: ======'bcp_connection_attempt'====== Args={'name': 'local_display', 'host': 'localhost', 'port': 5050}
2026-03-26 12:04:08,878 : INFO : BCPClientSocket : Connecting BCP to 'local_display' at localhost:5050...
2026-03-26 12:04:08,886 : INFO : BCPClientSocket : Connected BCP to 'local_display' localhost:5050
2026-03-26 12:04:08,886 : INFO : EventManager : Event: ======'bcp_clients_connected'====== Args={}
2026-03-26 12:04:08,887 : INFO : ball_device.bd_plunger : BCH: Initial count: 0
2026-03-26 12:04:08,887 : INFO : ball_device.bd_plunger : State: idle
2026-03-26 12:04:09,303 : INFO : ball_device.bd_trough : BCH: Initial count: 1
2026-03-26 12:04:09,303 : INFO : ball_device.bd_trough : State: idle
2026-03-26 12:04:09,304 : INFO : ball_device.bd_left_vuk : BCH: Initial count: 0
2026-03-26 12:04:09,304 : INFO : ball_device.bd_left_vuk : State: idle
2026-03-26 12:04:09,305 : INFO : ball_device.bd_right_vuk : BCH: Initial count: 0
2026-03-26 12:04:09,305 : INFO : ball_device.bd_right_vuk : State: idle
2026-03-26 12:04:09,327 : INFO : EventManager : Event: ======'init_phase_3'====== Args={}
2026-03-26 12:04:09,329 : INFO : EventManager : Event: ======'init_phase_4'====== Args={}
2026-03-26 12:04:09,330 : INFO : BallController : Initial balls found: 1
2026-03-26 12:04:09,331 : INFO : EventManager : Event: ======'machine_var_audits_events_game_ended'====== Args={'value': 54, 'prev_value': None, 'change': True}
2026-03-26 12:04:09,331 : INFO : EventManager : Event: ======'machine_var_audits_events_game_started'====== Args={'value': 66, 'prev_value': None, 'change': True}
2026-03-26 12:04:09,331 : INFO : EventManager : Event: ======'machine_var_audits_missing_switches_s_00_service_esc'====== Args={'value': 66, 'prev_value': None, 'change': True}
2026-03-26 12:04:09,331 : INFO : EventManager : Event: ======'machine_var_audits_missing_switches_s_01_service_up'====== Args={'value': 66, 'prev_value': None, 'change': True}
2026-03-26 12:04:09,331 : INFO : EventManager : Event: ======'machine_var_audits_missing_switches_s_02_service_down'====== Args={'value': 66, 'prev_value': None, 'change': True}
2026-03-26 12:04:09,331 : INFO : EventManager : Event: ======'machine_var_audits_missing_switches_s_03_service_enter'====== Args={'value': 66, 'prev_value': None, 'change': True}
2026-03-26 12:04:09,331 : INFO : EventManager : Event: ======'machine_var_audits_missing_switches_s_08_left_flipper'====== Args={'value': 6, 'prev_value': None, 'change': True}
2026-03-26 12:04:09,331 : INFO : EventManager : Event: ======'machine_var_audits_missing_switches_s_11_start_button'====== Args={'value': 7, 'prev_value': None, 'change': True}
2026-03-26 12:04:09,331 : INFO : EventManager : Event: ======'machine_var_audits_missing_switches_s_16_right_flipper'====== Args={'value': 5, 'prev_value': None, 'change': True}
2026-03-26 12:04:09,331 : INFO : EventManager : Event: ======'machine_var_audits_missing_switches_s_17_right_flipper_upper'====== Args={'value': 5, 'prev_value': None, 'change': True}
2026-03-26 12:04:09,331 : INFO : EventManager : Event: ======'machine_var_audits_missing_switches_s_32_right_inlane'====== Args={'value': 6, 'prev_value': None, 'change': True}
2026-03-26 12:04:09,331 : INFO : EventManager : Event: ======'machine_var_audits_missing_switches_s_33_right_outlane'====== Args={'value': 27, 'prev_value': None, 'change': True}
2026-03-26 12:04:09,331 : INFO : EventManager : Event: ======'machine_var_audits_missing_switches_s_34_right_sling'====== Args={'value': 7, 'prev_value': None, 'change': True}
2026-03-26 12:04:09,332 : INFO : EventManager : Event: ======'machine_var_audits_missing_switches_s_35_left_inlane'====== Args={'value': 9, 'prev_value': None, 'change': True}
2026-03-26 12:04:09,332 : INFO : EventManager : Event: ======'machine_var_audits_missing_switches_s_36_left_outlane'====== Args={'value': 1, 'prev_value': None, 'change': True}
2026-03-26 12:04:09,332 : INFO : EventManager : Event: ======'machine_var_audits_missing_switches_s_37_left_sling'====== Args={'value': 6, 'prev_value': None, 'change': True}
2026-03-26 12:04:09,332 : INFO : EventManager : Event: ======'machine_var_audits_missing_switches_s_38_star_rollover_bottom'====== Args={'value': 66, 'prev_value': None, 'change': True}
2026-03-26 12:04:09,332 : INFO : EventManager : Event: ======'machine_var_audits_missing_switches_s_39_star_rollover_top'====== Args={'value': 6, 'prev_value': None, 'change': True}
2026-03-26 12:04:09,332 : INFO : EventManager : Event: ======'machine_var_audits_missing_switches_s_40_stand_up_target_5'====== Args={'value': 6, 'prev_value': None, 'change': True}
2026-03-26 12:04:09,332 : INFO : EventManager : Event: ======'machine_var_audits_missing_switches_s_41_stand_up_target_6'====== Args={'value': 7, 'prev_value': None, 'change': True}
2026-03-26 12:04:09,332 : INFO : EventManager : Event: ======'machine_var_audits_missing_switches_s_42_stand_up_target_1'====== Args={'value': 7, 'prev_value': None, 'change': True}
2026-03-26 12:04:09,332 : INFO : EventManager : Event: ======'machine_var_audits_missing_switches_s_43_stand_up_target_4'====== Args={'value': 1, 'prev_value': None, 'change': True}
2026-03-26 12:04:09,332 : INFO : EventManager : Event: ======'machine_var_audits_missing_switches_s_44_spinner_right'====== Args={'value': 2, 'prev_value': None, 'change': True}
2026-03-26 12:04:09,332 : INFO : EventManager : Event: ======'machine_var_audits_missing_switches_s_56_pop_bumper_right'====== Args={'value': 1, 'prev_value': None, 'change': True}
2026-03-26 12:04:09,332 : INFO : EventManager : Event: ======'machine_var_audits_missing_switches_s_59_saucer_right'====== Args={'value': 13, 'prev_value': None, 'change': True}
2026-03-26 12:04:09,332 : INFO : EventManager : Event: ======'machine_var_audits_missing_switches_s_62_top_lane_a'====== Args={'value': 66, 'prev_value': None, 'change': True}
2026-03-26 12:04:09,332 : INFO : EventManager : Event: ======'machine_var_audits_missing_switches_s_63_stand_up_target_3'====== Args={'value': 2, 'prev_value': None, 'change': True}
2026-03-26 12:04:09,332 : INFO : EventManager : Event: ======'machine_var_audits_missing_switches_s_64_varitarget_position_1'====== Args={'value': 26, 'prev_value': None, 'change': True}
2026-03-26 12:04:09,332 : INFO : EventManager : Event: ======'machine_var_audits_missing_switches_s_65_varitarget_position_2'====== Args={'value': 27, 'prev_value': None, 'change': True}
2026-03-26 12:04:09,332 : INFO : EventManager : Event: ======'machine_var_audits_missing_switches_s_66_varitarget_position_3'====== Args={'value': 26, 'prev_value': None, 'change': True}
2026-03-26 12:04:09,332 : INFO : EventManager : Event: ======'machine_var_audits_missing_switches_s_67_varitarget_position_4'====== Args={'value': 26, 'prev_value': None, 'change': True}
2026-03-26 12:04:09,332 : INFO : EventManager : Event: ======'machine_var_audits_missing_switches_s_68_varitarget_position_5'====== Args={'value': 26, 'prev_value': None, 'change': True}
2026-03-26 12:04:09,333 : INFO : EventManager : Event: ======'machine_var_audits_missing_switches_s_69_varitarget_position_6'====== Args={'value': 26, 'prev_value': None, 'change': True}
2026-03-26 12:04:09,333 : INFO : EventManager : Event: ======'machine_var_audits_missing_switches_s_70_varitarget_position_7'====== Args={'value': 6, 'prev_value': None, 'change': True}
2026-03-26 12:04:09,333 : INFO : EventManager : Event: ======'machine_var_audits_missing_switches_s_71_spinner_left'====== Args={'value': 66, 'prev_value': None, 'change': True}
2026-03-26 12:04:09,333 : INFO : EventManager : Event: ======'machine_var_audits_missing_switches_s_72_single_drop_1'====== Args={'value': 10, 'prev_value': None, 'change': True}
2026-03-26 12:04:09,333 : INFO : EventManager : Event: ======'machine_var_audits_missing_switches_s_73_fourbank_drop_1'====== Args={'value': 1, 'prev_value': None, 'change': True}
2026-03-26 12:04:09,333 : INFO : EventManager : Event: ======'machine_var_audits_missing_switches_s_74_fourbank_drop_2'====== Args={'value': 1, 'prev_value': None, 'change': True}
2026-03-26 12:04:09,333 : INFO : EventManager : Event: ======'machine_var_audits_missing_switches_s_75_fourbank_drop_3'====== Args={'value': 7, 'prev_value': None, 'change': True}
2026-03-26 12:04:09,333 : INFO : EventManager : Event: ======'machine_var_audits_missing_switches_s_76_fourbank_drop_4'====== Args={'value': 6, 'prev_value': None, 'change': True}
2026-03-26 12:04:09,333 : INFO : EventManager : Event: ======'machine_var_audits_missing_switches_s_77_threebank_drop_1'====== Args={'value': 6, 'prev_value': None, 'change': True}
2026-03-26 12:04:09,333 : INFO : EventManager : Event: ======'machine_var_audits_missing_switches_s_78_threebank_drop_2'====== Args={'value': 6, 'prev_value': None, 'change': True}
2026-03-26 12:04:09,333 : INFO : EventManager : Event: ======'machine_var_audits_missing_switches_s_79_threebank_drop_3'====== Args={'value': 7, 'prev_value': None, 'change': True}
2026-03-26 12:04:09,333 : INFO : EventManager : Event: ======'machine_var_audits_missing_switches_s_80_stand_up_target_2'====== Args={'value': 12, 'prev_value': None, 'change': True}
2026-03-26 12:04:09,333 : INFO : EventManager : Event: ======'machine_var_audits_missing_switches_s_81_saucer_left'====== Args={'value': 12, 'prev_value': None, 'change': True}
2026-03-26 12:04:09,333 : INFO : EventManager : Event: ======'machine_var_audits_missing_switches_s_82_stand_up_target_bank_1'====== Args={'value': 7, 'prev_value': None, 'change': True}
2026-03-26 12:04:09,333 : INFO : EventManager : Event: ======'machine_var_audits_missing_switches_s_83_stand_up_target_bank_2'====== Args={'value': 7, 'prev_value': None, 'change': True}
2026-03-26 12:04:09,333 : INFO : EventManager : Event: ======'machine_var_audits_missing_switches_s_84_stand_up_target_bank_3'====== Args={'value': 7, 'prev_value': None, 'change': True}
2026-03-26 12:04:09,333 : INFO : EventManager : Event: ======'machine_var_audits_missing_switches_s_85_stand_up_target_bank_4'====== Args={'value': 7, 'prev_value': None, 'change': True}
2026-03-26 12:04:09,333 : INFO : EventManager : Event: ======'machine_var_audits_missing_switches_s_86_stand_up_target_bank_5'====== Args={'value': 6, 'prev_value': None, 'change': True}
2026-03-26 12:04:09,333 : INFO : EventManager : Event: ======'machine_var_audits_missing_switches_s_87_stand_up_target_bank_6'====== Args={'value': 6, 'prev_value': None, 'change': True}
2026-03-26 12:04:09,333 : INFO : EventManager : Event: ======'machine_var_audits_player_score'====== Args={'value': {'average': 1288280, 'top': [2531176, 1638150, 1578150, 1550789, 1547313, 1533004, 1531764, 1526554, 1521260, 1520781], 'total': 54}, 'prev_value': None, 'change': True}
2026-03-26 12:04:09,333 : INFO : EventManager : Event: ======'machine_var_audits_shots_shot_dt_1'====== Args={'value': 16, 'prev_value': None, 'change': True}
2026-03-26 12:04:09,333 : INFO : EventManager : Event: ======'machine_var_audits_shots_shot_dt_2'====== Args={'value': 21, 'prev_value': None, 'change': True}
2026-03-26 12:04:09,334 : INFO : EventManager : Event: ======'machine_var_audits_shots_shot_dt_3'====== Args={'value': 19, 'prev_value': None, 'change': True}
2026-03-26 12:04:09,334 : INFO : EventManager : Event: ======'machine_var_audits_shots_shot_dt_4'====== Args={'value': 23, 'prev_value': None, 'change': True}
2026-03-26 12:04:09,334 : INFO : EventManager : Event: ======'machine_var_audits_shots_shot_dt_5'====== Args={'value': 21, 'prev_value': None, 'change': True}
2026-03-26 12:04:09,334 : INFO : EventManager : Event: ======'machine_var_audits_shots_shot_dt_6'====== Args={'value': 20, 'prev_value': None, 'change': True}
2026-03-26 12:04:09,334 : INFO : EventManager : Event: ======'machine_var_audits_shots_shot_dt_7'====== Args={'value': 13, 'prev_value': None, 'change': True}
2026-03-26 12:04:09,334 : INFO : EventManager : Event: ======'machine_var_audits_shots_shot_impossible'====== Args={'value': 12, 'prev_value': None, 'change': True}
2026-03-26 12:04:09,334 : INFO : EventManager : Event: ======'machine_var_audits_shots_shot_rollover_top'====== Args={'value': 12, 'prev_value': None, 'change': True}
2026-03-26 12:04:09,334 : INFO : EventManager : Event: ======'machine_var_audits_shots_shot_slingshot_l'====== Args={'value': 52, 'prev_value': None, 'change': True}
2026-03-26 12:04:09,334 : INFO : EventManager : Event: ======'machine_var_audits_shots_shot_slingshot_r'====== Args={'value': 175, 'prev_value': None, 'change': True}
2026-03-26 12:04:09,334 : INFO : EventManager : Event: ======'machine_var_audits_shots_shot_sut_1'====== Args={'value': 21, 'prev_value': None, 'change': True}
2026-03-26 12:04:09,334 : INFO : EventManager : Event: ======'machine_var_audits_shots_shot_sut_2'====== Args={'value': 35, 'prev_value': None, 'change': True}
2026-03-26 12:04:09,334 : INFO : EventManager : Event: ======'machine_var_audits_shots_shot_sut_3'====== Args={'value': 23, 'prev_value': None, 'change': True}
2026-03-26 12:04:09,334 : INFO : EventManager : Event: ======'machine_var_audits_shots_shot_sut_4'====== Args={'value': 29, 'prev_value': None, 'change': True}
2026-03-26 12:04:09,334 : INFO : EventManager : Event: ======'machine_var_audits_shots_shot_sut_5'====== Args={'value': 34, 'prev_value': None, 'change': True}
2026-03-26 12:04:09,334 : INFO : EventManager : Event: ======'machine_var_audits_shots_shot_sut_6'====== Args={'value': 15, 'prev_value': None, 'change': True}
2026-03-26 12:04:09,334 : INFO : EventManager : Event: ======'machine_var_audits_shots_shot_sut_blue'====== Args={'value': 69, 'prev_value': None, 'change': True}
2026-03-26 12:04:09,334 : INFO : EventManager : Event: ======'machine_var_audits_shots_shot_sut_green'====== Args={'value': 36, 'prev_value': None, 'change': True}
2026-03-26 12:04:09,334 : INFO : EventManager : Event: ======'machine_var_audits_shots_shot_sut_red'====== Args={'value': 52, 'prev_value': None, 'change': True}
2026-03-26 12:04:09,334 : INFO : EventManager : Event: ======'machine_var_audits_shots_spinner_right'====== Args={'value': 37, 'prev_value': None, 'change': True}
2026-03-26 12:04:09,334 : INFO : EventManager : Event: ======'machine_var_audits_shots_varitarget_p1'====== Args={'value': 146, 'prev_value': None, 'change': True}
2026-03-26 12:04:09,334 : INFO : EventManager : Event: ======'machine_var_audits_shots_varitarget_p2'====== Args={'value': 2, 'prev_value': None, 'change': True}
2026-03-26 12:04:09,335 : INFO : EventManager : Event: ======'machine_var_audits_shots_varitarget_p3'====== Args={'value': 3, 'prev_value': None, 'change': True}
2026-03-26 12:04:09,335 : INFO : EventManager : Event: ======'machine_var_audits_shots_varitarget_p4'====== Args={'value': 3, 'prev_value': None, 'change': True}
2026-03-26 12:04:09,335 : INFO : EventManager : Event: ======'machine_var_audits_shots_varitarget_p5'====== Args={'value': 9, 'prev_value': None, 'change': True}
2026-03-26 12:04:09,335 : INFO : EventManager : Event: ======'machine_var_audits_shots_varitarget_p6'====== Args={'value': 6, 'prev_value': None, 'change': True}
2026-03-26 12:04:09,335 : INFO : EventManager : Event: ======'machine_var_audits_shots_varitarget_p7'====== Args={'value': 26, 'prev_value': None, 'change': True}
2026-03-26 12:04:09,335 : INFO : EventManager : Event: ======'machine_var_audits_switches_s_00_service_esc'====== Args={'value': 0, 'prev_value': None, 'change': True}
2026-03-26 12:04:09,335 : INFO : EventManager : Event: ======'machine_var_audits_switches_s_01_service_up'====== Args={'value': 0, 'prev_value': None, 'change': True}
2026-03-26 12:04:09,335 : INFO : EventManager : Event: ======'machine_var_audits_switches_s_02_service_down'====== Args={'value': 0, 'prev_value': None, 'change': True}
2026-03-26 12:04:09,335 : INFO : EventManager : Event: ======'machine_var_audits_switches_s_03_service_enter'====== Args={'value': 0, 'prev_value': None, 'change': True}
2026-03-26 12:04:09,335 : INFO : EventManager : Event: ======'machine_var_audits_switches_s_08_left_flipper'====== Args={'value': 681, 'prev_value': None, 'change': True}
2026-03-26 12:04:09,335 : INFO : EventManager : Event: ======'machine_var_audits_switches_s_11_start_button'====== Args={'value': 98, 'prev_value': None, 'change': True}
2026-03-26 12:04:09,335 : INFO : EventManager : Event: ======'machine_var_audits_switches_s_16_right_flipper'====== Args={'value': 931, 'prev_value': None, 'change': True}
2026-03-26 12:04:09,335 : INFO : EventManager : Event: ======'machine_var_audits_switches_s_17_right_flipper_upper'====== Args={'value': 714, 'prev_value': None, 'change': True}
2026-03-26 12:04:09,335 : INFO : EventManager : Event: ======'machine_var_audits_switches_s_24_trough_1'====== Args={'value': 93, 'prev_value': None, 'change': True}
2026-03-26 12:04:09,335 : INFO : EventManager : Event: ======'machine_var_audits_switches_s_25_trough_2'====== Args={'value': 87, 'prev_value': None, 'change': True}
2026-03-26 12:04:09,335 : INFO : EventManager : Event: ======'machine_var_audits_switches_s_26_trough_3'====== Args={'value': 74, 'prev_value': None, 'change': True}
2026-03-26 12:04:09,335 : INFO : EventManager : Event: ======'machine_var_audits_switches_s_27_trough_4'====== Args={'value': 66, 'prev_value': None, 'change': True}
2026-03-26 12:04:09,335 : INFO : EventManager : Event: ======'machine_var_audits_switches_s_28_trough_5'====== Args={'value': 66, 'prev_value': None, 'change': True}
2026-03-26 12:04:09,335 : INFO : EventManager : Event: ======'machine_var_audits_switches_s_29_trough_6'====== Args={'value': 78, 'prev_value': None, 'change': True}
2026-03-26 12:04:09,335 : INFO : EventManager : Event: ======'machine_var_audits_switches_s_30_trough_jam'====== Args={'value': 99, 'prev_value': None, 'change': True}
2026-03-26 12:04:09,335 : INFO : EventManager : Event: ======'machine_var_audits_switches_s_31_plunger_lane'====== Args={'value': 89, 'prev_value': None, 'change': True}
2026-03-26 12:04:09,335 : INFO : EventManager : Event: ======'machine_var_audits_switches_s_32_right_inlane'====== Args={'value': 22, 'prev_value': None, 'change': True}
2026-03-26 12:04:09,336 : INFO : EventManager : Event: ======'machine_var_audits_switches_s_33_right_outlane'====== Args={'value': 1, 'prev_value': None, 'change': True}
2026-03-26 12:04:09,336 : INFO : EventManager : Event: ======'machine_var_audits_switches_s_34_right_sling'====== Args={'value': 175, 'prev_value': None, 'change': True}
2026-03-26 12:04:09,336 : INFO : EventManager : Event: ======'machine_var_audits_switches_s_35_left_inlane'====== Args={'value': 45, 'prev_value': None, 'change': True}
2026-03-26 12:04:09,336 : INFO : EventManager : Event: ======'machine_var_audits_switches_s_36_left_outlane'====== Args={'value': 18, 'prev_value': None, 'change': True}
2026-03-26 12:04:09,336 : INFO : EventManager : Event: ======'machine_var_audits_switches_s_37_left_sling'====== Args={'value': 52, 'prev_value': None, 'change': True}
2026-03-26 12:04:09,336 : INFO : EventManager : Event: ======'machine_var_audits_switches_s_38_star_rollover_bottom'====== Args={'value': 0, 'prev_value': None, 'change': True}
2026-03-26 12:04:09,336 : INFO : EventManager : Event: ======'machine_var_audits_switches_s_39_star_rollover_top'====== Args={'value': 12, 'prev_value': None, 'change': True}
2026-03-26 12:04:09,336 : INFO : EventManager : Event: ======'machine_var_audits_switches_s_40_stand_up_target_5'====== Args={'value': 26, 'prev_value': None, 'change': True}
2026-03-26 12:04:09,336 : INFO : EventManager : Event: ======'machine_var_audits_switches_s_41_stand_up_target_6'====== Args={'value': 21, 'prev_value': None, 'change': True}
2026-03-26 12:04:09,336 : INFO : EventManager : Event: ======'machine_var_audits_switches_s_42_stand_up_target_1'====== Args={'value': 12, 'prev_value': None, 'change': True}
2026-03-26 12:04:09,336 : INFO : EventManager : Event: ======'machine_var_audits_switches_s_43_stand_up_target_4'====== Args={'value': 31, 'prev_value': None, 'change': True}
2026-03-26 12:04:09,336 : INFO : EventManager : Event: ======'machine_var_audits_switches_s_44_spinner_right'====== Args={'value': 38, 'prev_value': None, 'change': True}
2026-03-26 12:04:09,336 : INFO : EventManager : Event: ======'machine_var_audits_switches_s_56_pop_bumper_right'====== Args={'value': 34, 'prev_value': None, 'change': True}
2026-03-26 12:04:09,336 : INFO : EventManager : Event: ======'machine_var_audits_switches_s_57_pop_bumper_center'====== Args={'value': 96, 'prev_value': None, 'change': True}
2026-03-26 12:04:09,336 : INFO : EventManager : Event: ======'machine_var_audits_switches_s_58_pop_bumper_left'====== Args={'value': 140, 'prev_value': None, 'change': True}
2026-03-26 12:04:09,336 : INFO : EventManager : Event: ======'machine_var_audits_switches_s_59_saucer_right'====== Args={'value': 3, 'prev_value': None, 'change': True}
2026-03-26 12:04:09,336 : INFO : EventManager : Event: ======'machine_var_audits_switches_s_60_top_lane_c'====== Args={'value': 40, 'prev_value': None, 'change': True}
2026-03-26 12:04:09,336 : INFO : EventManager : Event: ======'machine_var_audits_switches_s_61_top_lane_b'====== Args={'value': 17, 'prev_value': None, 'change': True}
2026-03-26 12:04:09,336 : INFO : EventManager : Event: ======'machine_var_audits_switches_s_62_top_lane_a'====== Args={'value': 0, 'prev_value': None, 'change': True}
2026-03-26 12:04:09,336 : INFO : EventManager : Event: ======'machine_var_audits_switches_s_63_stand_up_target_3'====== Args={'value': 14, 'prev_value': None, 'change': True}
2026-03-26 12:04:09,336 : INFO : EventManager : Event: ======'machine_var_audits_switches_s_64_varitarget_position_1'====== Args={'value': 146, 'prev_value': None, 'change': True}
2026-03-26 12:04:09,336 : INFO : EventManager : Event: ======'machine_var_audits_switches_s_65_varitarget_position_2'====== Args={'value': 2, 'prev_value': None, 'change': True}
2026-03-26 12:04:09,336 : INFO : EventManager : Event: ======'machine_var_audits_switches_s_66_varitarget_position_3'====== Args={'value': 3, 'prev_value': None, 'change': True}
2026-03-26 12:04:09,337 : INFO : EventManager : Event: ======'machine_var_audits_switches_s_67_varitarget_position_4'====== Args={'value': 3, 'prev_value': None, 'change': True}
2026-03-26 12:04:09,337 : INFO : EventManager : Event: ======'machine_var_audits_switches_s_68_varitarget_position_5'====== Args={'value': 9, 'prev_value': None, 'change': True}
2026-03-26 12:04:09,337 : INFO : EventManager : Event: ======'machine_var_audits_switches_s_69_varitarget_position_6'====== Args={'value': 6, 'prev_value': None, 'change': True}
2026-03-26 12:04:09,337 : INFO : EventManager : Event: ======'machine_var_audits_switches_s_70_varitarget_position_7'====== Args={'value': 26, 'prev_value': None, 'change': True}
2026-03-26 12:04:09,337 : INFO : EventManager : Event: ======'machine_var_audits_switches_s_71_spinner_left'====== Args={'value': 0, 'prev_value': None, 'change': True}
2026-03-26 12:04:09,337 : INFO : EventManager : Event: ======'machine_var_audits_switches_s_72_single_drop_1'====== Args={'value': 21, 'prev_value': None, 'change': True}
2026-03-26 12:04:09,337 : INFO : EventManager : Event: ======'machine_var_audits_switches_s_73_fourbank_drop_1'====== Args={'value': 16, 'prev_value': None, 'change': True}
2026-03-26 12:04:09,337 : INFO : EventManager : Event: ======'machine_var_audits_switches_s_74_fourbank_drop_2'====== Args={'value': 22, 'prev_value': None, 'change': True}
2026-03-26 12:04:09,337 : INFO : EventManager : Event: ======'machine_var_audits_switches_s_75_fourbank_drop_3'====== Args={'value': 21, 'prev_value': None, 'change': True}
2026-03-26 12:04:09,337 : INFO : EventManager : Event: ======'machine_var_audits_switches_s_76_fourbank_drop_4'====== Args={'value': 24, 'prev_value': None, 'change': True}
2026-03-26 12:04:09,337 : INFO : EventManager : Event: ======'machine_var_audits_switches_s_77_threebank_drop_1'====== Args={'value': 33, 'prev_value': None, 'change': True}
2026-03-26 12:04:09,337 : INFO : EventManager : Event: ======'machine_var_audits_switches_s_78_threebank_drop_2'====== Args={'value': 24, 'prev_value': None, 'change': True}
2026-03-26 12:04:09,337 : INFO : EventManager : Event: ======'machine_var_audits_switches_s_79_threebank_drop_3'====== Args={'value': 13, 'prev_value': None, 'change': True}
2026-03-26 12:04:09,337 : INFO : EventManager : Event: ======'machine_var_audits_switches_s_80_stand_up_target_2'====== Args={'value': 3, 'prev_value': None, 'change': True}
2026-03-26 12:04:09,337 : INFO : EventManager : Event: ======'machine_var_audits_switches_s_81_saucer_left'====== Args={'value': 10, 'prev_value': None, 'change': True}
2026-03-26 12:04:09,337 : INFO : EventManager : Event: ======'machine_var_audits_switches_s_82_stand_up_target_bank_1'====== Args={'value': 21, 'prev_value': None, 'change': True}
2026-03-26 12:04:09,337 : INFO : EventManager : Event: ======'machine_var_audits_switches_s_83_stand_up_target_bank_2'====== Args={'value': 35, 'prev_value': None, 'change': True}
2026-03-26 12:04:09,337 : INFO : EventManager : Event: ======'machine_var_audits_switches_s_84_stand_up_target_bank_3'====== Args={'value': 23, 'prev_value': None, 'change': True}
2026-03-26 12:04:09,337 : INFO : EventManager : Event: ======'machine_var_audits_switches_s_85_stand_up_target_bank_4'====== Args={'value': 29, 'prev_value': None, 'change': True}
2026-03-26 12:04:09,337 : INFO : EventManager : Event: ======'machine_var_audits_switches_s_86_stand_up_target_bank_5'====== Args={'value': 34, 'prev_value': None, 'change': True}
2026-03-26 12:04:09,337 : INFO : EventManager : Event: ======'machine_var_audits_switches_s_87_stand_up_target_bank_6'====== Args={'value': 15, 'prev_value': None, 'change': True}
2026-03-26 12:04:09,338 : INFO : EventManager : Event: ======'init_phase_5'====== Args={}
2026-03-26 12:04:09,338 : INFO : EventManager : Event: ======'init_done'====== Args={}
2026-03-26 12:04:09,339 : INFO : EventManager : Event: ======'machine_reset_phase_1'====== Args={}
2026-03-26 12:04:18,598 : INFO : Machine : Starting the main run loop with active modes: []
2026-03-26 12:04:18,598 : WARNING : Machine : Attract mode is not active, game will not be playable. Please check your attract mode configuration.
2026-03-26 12:04:18,599 : INFO : Machine : Shutting down...
2026-03-26 12:04:18,599 : INFO : EventManager : Event: ======'shutdown'====== Args={}
2026-03-26 12:04:19,695 : INFO : root : MPF run loop ended.
