2026-03-26 11:28:09,893 : INFO : root : Loading config.
2026-03-26 11:28:09,897 : INFO : YamlMultifileConfigLoader : Machine config file #1: config.yaml
2026-03-26 11:28:09,897 : INFO : ConfigProcessor : Loading config from cache: C:\Users\tl\AppData\Local\Temp\86f932e179f318f5dae29f066573dee9.mpf_cache
2026-03-26 11:28:09,991 : INFO : ConfigProcessor : Loading config from cache: C:\Users\tl\AppData\Local\Temp\5e7e3dd8e04e0aa46ea76018297218da.mpf_cache
2026-03-26 11:28:09,992 : INFO : ConfigProcessor : Loading config from cache: C:\Users\tl\AppData\Local\Temp\af6ad0dab2f43bd9cbdac83e0b2786ac.mpf_cache
2026-03-26 11:28:09,993 : INFO : ConfigProcessor : Loading config from cache: C:\Users\tl\AppData\Local\Temp\5e7e3dd8e04e0aa46ea76018297218da.mpf_cache
2026-03-26 11:28:09,994 : INFO : ConfigProcessor : Loading config from cache: C:\Users\tl\AppData\Local\Temp\078e3f4c59f1cd1bf0ff8685cc9e7ff5.mpf_cache
2026-03-26 11:28:09,994 : INFO : ConfigProcessor : Loading config from cache: C:\Users\tl\AppData\Local\Temp\279434e09bc5e8b073f441f36778b3c5.mpf_cache
2026-03-26 11:28:09,995 : INFO : ConfigProcessor : Loading config from cache: C:\Users\tl\AppData\Local\Temp\f7ef3217062c4a128670875e2cb05ce9.mpf_cache
2026-03-26 11:28:10,011 : INFO : ConfigProcessor : Loading config from cache: C:\Users\tl\AppData\Local\Temp\354636526653009b6f35f36c4dc3e189.mpf_cache
2026-03-26 11:28:10,012 : INFO : ConfigProcessor : Loading config from cache: C:\Users\tl\AppData\Local\Temp\b41aec6702196d0bd650320fa331266f.mpf_cache
2026-03-26 11:28:10,013 : INFO : ConfigProcessor : Loading config from cache: C:\Users\tl\AppData\Local\Temp\a951eeea2c167365e5a009cce33f51d8.mpf_cache
2026-03-26 11:28:10,014 : INFO : ConfigProcessor : Loading config from cache: C:\Users\tl\AppData\Local\Temp\f020dca9eec5e09763b9289397e6c32f.mpf_cache
2026-03-26 11:28:10,015 : INFO : ConfigProcessor : Loading config from cache: C:\Users\tl\AppData\Local\Temp\edce5a74ebf86ee6330810859c361ede.mpf_cache
2026-03-26 11:28:10,016 : INFO : ConfigProcessor : Loading config from cache: C:\Users\tl\AppData\Local\Temp\7c825e76f3d981841c3099d018a06a8f.mpf_cache
2026-03-26 11:28:10,016 : INFO : ConfigProcessor : Loading config from cache: C:\Users\tl\AppData\Local\Temp\4c1252d1f04cb61ecc91110937cfd225.mpf_cache
2026-03-26 11:28:10,017 : INFO : ConfigProcessor : Loading config from cache: C:\Users\tl\AppData\Local\Temp\8d6d681afe5a7b6e9186321cd98f18ca.mpf_cache
2026-03-26 11:28:10,018 : INFO : Machine : Mission Pinball Framework Core Engine v0.80.0.dev12
2026-03-26 11:28:10,019 : INFO : Machine : Command line arguments: {'no_load_cache': False, 'create_config_cache': True, 'bcp': True, 'configfile': ['config.yaml'], 'force_assets_load': False, 'platform_integration_test': False, 'jsonlogging': False, 'logfile': 'logs\\2026-03-26-11-28-09-mpf-DESKTOP-HV85DRD.log', 'pause': False, 'production': False, 'text_ui': False, 'loglevel': 15, 'consoleloglevel': 20, 'force_platform': None, 'syslog_address': None, 'full_logfile_path': 'C:\\Users\\tl\\Documents\\tl-pinball\\logs\\2026-03-26-11-28-09-mpf-DESKTOP-HV85DRD.log'}
2026-03-26 11:28:10,019 : INFO : Machine : MPF path: C:\mpf\Lib\site-packages\mpf
2026-03-26 11:28:10,019 : INFO : Machine : Machine path: C:\Users\tl\Documents\tl-pinball
2026-03-26 11:28:10,019 : INFO : Machine : Platform: win32
2026-03-26 11:28:10,019 : INFO : Machine : Python executable location: C:\mpf\Scripts\python.exe
2026-03-26 11:28:10,019 : INFO : Machine : Python version: 3.12.7 (64-bit)
2026-03-26 11:28:10,021 : INFO : Machine : Initializing MPF...
2026-03-26 11:28:10,129 : INFO : FAST [NET] : Trying to connect to COM4 at 921600bps
2026-03-26 11:28:10,133 : INFO : FAST [NET] : Connected to COM4 at 921600bps
2026-03-26 11:28:10,138 : INFO : FAST [NET] : Connected to FP-CPU-2000 with firmware v02.26
2026-03-26 11:28:10,169 : INFO : FAST [NET] : Registered I/O Board 0: Model: FP-I/O-0024, Firmware: 01.10, Switches: 24, Drivers: 8
2026-03-26 11:28:10,185 : INFO : FAST [NET] : Registered I/O Board 1: Model: FP-I/O-1616, Firmware: 01.10, Switches: 16, Drivers: 16
2026-03-26 11:28:10,201 : INFO : FAST [NET] : Registered I/O Board 2: Model: FP-I/O-3208, Firmware: 01.10, Switches: 32, Drivers: 8
2026-03-26 11:28:10,217 : INFO : FAST [NET] : Registered I/O Board 3: Model: FP-I/O-1616, Firmware: 01.10, Switches: 16, Drivers: 16
2026-03-26 11:28:10,219 : INFO : FAST [EXP] : Trying to connect to COM5 at 921600bps
2026-03-26 11:28:10,223 : INFO : FAST [EXP] : Connected to COM5 at 921600bps
2026-03-26 11:28:10,233 : INFO : FAST [EXP] : Verifying hardware for EXP "ledneuron" (FP-EXP-2000, @48) with ID string "EXP FP-EXP-2000  0.42", board address 48
2026-03-26 11:28:10,248 : INFO : FAST [EXP] : Verifying hardware for EXP "ledneuron" (FP-EXP-2000, @48) with ID string "BRK FP-EXP-2000  0.42", board address 480
2026-03-26 11:28:10,279 : INFO : FAST [EXP] : Verifying hardware for EXP "ledpf1" (FP-EXP-0081, @84) with ID string "EXP FP-EXP-0081  0.38", board address 84
2026-03-26 11:28:10,295 : INFO : FAST [EXP] : Verifying hardware for EXP "ledpf1" (FP-EXP-0081, @84) with ID string "BRK FP-EXP-0081  0.38", board address 840
2026-03-26 11:28:10,311 : INFO : FAST [EXP] : Verifying hardware for EXP "ledpf1" (FP-EXP-0081, @84) with ID string "BRK FP-EXP-0081  0.38", board address 841
2026-03-26 11:28:10,327 : INFO : EventManager : Event: ======'machine_var_credits_string'====== Args={'value': 'FREE PLAY', 'prev_value': None, 'change': True}
2026-03-26 11:28:10,359 : INFO : EventManager : Event: ======'machine_var_last_game_score'====== Args={'value': 1533004, 'prev_value': None, 'change': True}
2026-03-26 11:28:10,359 : INFO : EventManager : Event: ======'machine_var_master_volume'====== Args={'value': 0.5, 'prev_value': None, 'change': True}
2026-03-26 11:28:10,359 : INFO : EventManager : Event: ======'machine_var_player1_score'====== Args={'value': 1533004, 'prev_value': None, 'change': True}
2026-03-26 11:28:10,359 : INFO : EventManager : Event: ======'machine_var_mpf_version'====== Args={'value': 'Mission Pinball Framework v0.80.0.dev12', 'prev_value': None, 'change': True}
2026-03-26 11:28:10,359 : INFO : EventManager : Event: ======'machine_var_mpf_extended_version'====== Args={'value': 'Mission Pinball Framework v0.80.0.dev12, Config version:6, Show version: 6, BCP version:1.1', 'prev_value': None, 'change': True}
2026-03-26 11:28:10,359 : INFO : EventManager : Event: ======'machine_var_python_version'====== Args={'value': '3.12.7', 'prev_value': None, 'change': True}
2026-03-26 11:28:10,388 : INFO : EventManager : Event: ======'machine_var_platform'====== Args={'value': 'Windows-10-10.0.19044-SP0', 'prev_value': None, 'change': True}
2026-03-26 11:28:10,389 : INFO : EventManager : Event: ======'machine_var_platform_system'====== Args={'value': 'Windows', 'prev_value': None, 'change': True}
2026-03-26 11:28:10,389 : INFO : EventManager : Event: ======'machine_var_platform_release'====== Args={'value': '10', 'prev_value': None, 'change': True}
2026-03-26 11:28:10,389 : INFO : EventManager : Event: ======'machine_var_platform_version'====== Args={'value': '10.0.19044', 'prev_value': None, 'change': True}
2026-03-26 11:28:10,389 : INFO : EventManager : Event: ======'machine_var_platform_machine'====== Args={'value': 'AMD64', 'prev_value': None, 'change': True}
2026-03-26 11:28:10,389 : INFO : EventManager : Event: ======'machine_var_log_file_path'====== Args={'value': 'C:\\Users\\tl\\Documents\\tl-pinball\\logs\\2026-03-26-11-28-09-mpf-DESKTOP-HV85DRD.log', 'prev_value': None, 'change': True}
2026-03-26 11:28:10,389 : INFO : EventManager : Event: ======'init_phase_1'====== Args={}
2026-03-26 11:28:10,432 : INFO : EventManager : Event: ======'drop_target_bank_dt_bank_1_4_up'====== Args={}
2026-03-26 11:28:10,432 : INFO : EventManager : Event: ======'drop_target_bank_dt_bank_5_7_up'====== Args={}
2026-03-26 11:28:13,008 : INFO : SwitchController : <<<<<<< 's_24_trough_1' active >>>>>>>
2026-03-26 11:28:13,008 : INFO : SwitchController : <<<<<<< 's_64_varitarget_position_1' active >>>>>>>
2026-03-26 11:28:13,008 : INFO : SwitchController : <<<<<<< 's_70_varitarget_position_7' active >>>>>>>
2026-03-26 11:28:13,008 : INFO : SwitchController : <<<<<<< 's_71_spinner_left' active >>>>>>>
2026-03-26 11:28:13,008 : INFO : SwitchController : <<<<<<< 's_76_fourbank_drop_4' active >>>>>>>
2026-03-26 11:28:13,008 : INFO : SwitchController : <<<<<<< 's_77_threebank_drop_1' active >>>>>>>
2026-03-26 11:28:13,008 : INFO : SwitchController : <<<<<<< 's_78_threebank_drop_2' active >>>>>>>
2026-03-26 11:28:13,059 : INFO : EventManager : Event: ======'init_phase_2'====== Args={}
2026-03-26 11:28:13,059 : INFO : SwitchController : Found active switch: (40, [FAST Platform Interface]) <switch.s_24_trough_1>
2026-03-26 11:28:13,060 : INFO : SwitchController : Found active switch: (32, [FAST Platform Interface]) <switch.s_64_varitarget_position_1>
2026-03-26 11:28:13,060 : INFO : SwitchController : Found active switch: (38, [FAST Platform Interface]) <switch.s_70_varitarget_position_7>
2026-03-26 11:28:13,060 : INFO : SwitchController : Found active switch: (39, [FAST Platform Interface]) <switch.s_71_spinner_left>
2026-03-26 11:28:13,060 : INFO : SwitchController : Found active switch: (76, [FAST Platform Interface]) <switch.s_76_fourbank_drop_4>
2026-03-26 11:28:13,060 : INFO : SwitchController : Found active switch: (77, [FAST Platform Interface]) <switch.s_77_threebank_drop_1>
2026-03-26 11:28:13,060 : INFO : SwitchController : Found active switch: (78, [FAST Platform Interface]) <switch.s_78_threebank_drop_2>
2026-03-26 11:28:13,081 : INFO : EventManager : Event: ======'machine_var_score1_label'====== Args={'value': 'GRAND CHAMPION', 'prev_value': None, 'change': True}
2026-03-26 11:28:13,082 : INFO : EventManager : Event: ======'machine_var_score1_name'====== Args={'value': 'AAA', 'prev_value': None, 'change': True}
2026-03-26 11:28:13,082 : INFO : EventManager : Event: ======'machine_var_score1_value'====== Args={'value': 2531176, 'prev_value': None, 'change': True}
2026-03-26 11:28:13,082 : INFO : EventManager : Event: ======'machine_var_score2_label'====== Args={'value': 'HIGH SCORE 1', 'prev_value': None, 'change': True}
2026-03-26 11:28:13,082 : INFO : EventManager : Event: ======'machine_var_score2_name'====== Args={'value': 'AAA', 'prev_value': None, 'change': True}
2026-03-26 11:28:13,082 : INFO : EventManager : Event: ======'machine_var_score2_value'====== Args={'value': 1638150, 'prev_value': None, 'change': True}
2026-03-26 11:28:13,082 : INFO : EventManager : Event: ======'machine_var_score3_label'====== Args={'value': 'HIGH SCORE 2', 'prev_value': None, 'change': True}
2026-03-26 11:28:13,082 : INFO : EventManager : Event: ======'machine_var_score3_name'====== Args={'value': 'AAA', 'prev_value': None, 'change': True}
2026-03-26 11:28:13,082 : INFO : EventManager : Event: ======'machine_var_score3_value'====== Args={'value': 1578150, 'prev_value': None, 'change': True}
2026-03-26 11:28:13,082 : INFO : EventManager : Event: ======'machine_var_score4_label'====== Args={'value': 'HIGH SCORE 3', 'prev_value': None, 'change': True}
2026-03-26 11:28:13,082 : INFO : EventManager : Event: ======'machine_var_score4_name'====== Args={'value': 'AAA', 'prev_value': None, 'change': True}
2026-03-26 11:28:13,082 : INFO : EventManager : Event: ======'machine_var_score4_value'====== Args={'value': 1550789, 'prev_value': None, 'change': True}
2026-03-26 11:28:13,082 : INFO : EventManager : Event: ======'machine_var_score5_label'====== Args={'value': 'HIGH SCORE 4', 'prev_value': None, 'change': True}
2026-03-26 11:28:13,082 : INFO : EventManager : Event: ======'machine_var_score5_name'====== Args={'value': 'AAA', 'prev_value': None, 'change': True}
2026-03-26 11:28:13,082 : INFO : EventManager : Event: ======'machine_var_score5_value'====== Args={'value': 1547313, 'prev_value': None, 'change': True}
2026-03-26 11:28:13,083 : INFO : EventManager : Event: ======'bcp_connection_attempt'====== Args={'name': 'local_display', 'host': 'localhost', 'port': 5050}
2026-03-26 11:28:13,084 : INFO : BCPClientSocket : Connecting BCP to 'local_display' at localhost:5050...
2026-03-26 11:28:20,795 : INFO : BCPClientSocket : Connected BCP to 'local_display' localhost:5050
2026-03-26 11:28:20,796 : INFO : EventManager : Event: ======'bcp_clients_connected'====== Args={}
2026-03-26 11:28:20,797 : INFO : ball_device.bd_plunger : BCH: Initial count: 0
2026-03-26 11:28:20,798 : INFO : ball_device.bd_plunger : State: idle
2026-03-26 11:28:20,799 : INFO : ball_device.bd_trough : BCH: Initial count: 1
2026-03-26 11:28:20,799 : INFO : ball_device.bd_trough : State: idle
2026-03-26 11:28:20,800 : INFO : ball_device.bd_left_vuk : BCH: Initial count: 0
2026-03-26 11:28:20,800 : INFO : ball_device.bd_left_vuk : State: idle
2026-03-26 11:28:20,800 : INFO : ball_device.bd_right_vuk : BCH: Initial count: 0
2026-03-26 11:28:20,801 : INFO : ball_device.bd_right_vuk : State: idle
2026-03-26 11:28:20,823 : INFO : EventManager : Event: ======'init_phase_3'====== Args={}
2026-03-26 11:28:20,825 : INFO : EventManager : Event: ======'init_phase_4'====== Args={}
2026-03-26 11:28:20,825 : INFO : EventManager : Event: ======'drop_target_dt_4_down'====== Args={'device': <drop_target.dt_4>}
2026-03-26 11:28:20,826 : INFO : EventManager : Event: ======'drop_target_dt_5_down'====== Args={'device': <drop_target.dt_5>}
2026-03-26 11:28:20,826 : INFO : EventManager : Event: ======'drop_target_dt_6_down'====== Args={'device': <drop_target.dt_6>}
2026-03-26 11:28:20,826 : INFO : BallController : Initial balls found: 1
2026-03-26 11:28:20,828 : INFO : EventManager : Event: ======'machine_var_audits_events_game_ended'====== Args={'value': 51, 'prev_value': None, 'change': True}
2026-03-26 11:28:20,828 : INFO : EventManager : Event: ======'machine_var_audits_events_game_started'====== Args={'value': 60, 'prev_value': None, 'change': True}
2026-03-26 11:28:20,828 : INFO : EventManager : Event: ======'machine_var_audits_missing_switches_s_00_service_esc'====== Args={'value': 60, 'prev_value': None, 'change': True}
2026-03-26 11:28:20,828 : INFO : EventManager : Event: ======'machine_var_audits_missing_switches_s_01_service_up'====== Args={'value': 60, 'prev_value': None, 'change': True}
2026-03-26 11:28:20,828 : INFO : EventManager : Event: ======'machine_var_audits_missing_switches_s_02_service_down'====== Args={'value': 60, 'prev_value': None, 'change': True}
2026-03-26 11:28:20,828 : INFO : EventManager : Event: ======'machine_var_audits_missing_switches_s_03_service_enter'====== Args={'value': 60, 'prev_value': None, 'change': True}
2026-03-26 11:28:20,828 : INFO : EventManager : Event: ======'machine_var_audits_missing_switches_s_11_start_button'====== Args={'value': 1, 'prev_value': None, 'change': True}
2026-03-26 11:28:20,828 : INFO : EventManager : Event: ======'machine_var_audits_missing_switches_s_33_right_outlane'====== Args={'value': 21, 'prev_value': None, 'change': True}
2026-03-26 11:28:20,828 : INFO : EventManager : Event: ======'machine_var_audits_missing_switches_s_34_right_sling'====== Args={'value': 1, 'prev_value': None, 'change': True}
2026-03-26 11:28:20,828 : INFO : EventManager : Event: ======'machine_var_audits_missing_switches_s_35_left_inlane'====== Args={'value': 3, 'prev_value': None, 'change': True}
2026-03-26 11:28:20,829 : INFO : EventManager : Event: ======'machine_var_audits_missing_switches_s_36_left_outlane'====== Args={'value': 3, 'prev_value': None, 'change': True}
2026-03-26 11:28:20,829 : INFO : EventManager : Event: ======'machine_var_audits_missing_switches_s_38_star_rollover_bottom'====== Args={'value': 60, 'prev_value': None, 'change': True}
2026-03-26 11:28:20,829 : INFO : EventManager : Event: ======'machine_var_audits_missing_switches_s_41_stand_up_target_6'====== Args={'value': 1, 'prev_value': None, 'change': True}
2026-03-26 11:28:20,829 : INFO : EventManager : Event: ======'machine_var_audits_missing_switches_s_42_stand_up_target_1'====== Args={'value': 1, 'prev_value': None, 'change': True}
2026-03-26 11:28:20,829 : INFO : EventManager : Event: ======'machine_var_audits_missing_switches_s_43_stand_up_target_4'====== Args={'value': 1, 'prev_value': None, 'change': True}
2026-03-26 11:28:20,829 : INFO : EventManager : Event: ======'machine_var_audits_missing_switches_s_56_pop_bumper_right'====== Args={'value': 1, 'prev_value': None, 'change': True}
2026-03-26 11:28:20,829 : INFO : EventManager : Event: ======'machine_var_audits_missing_switches_s_57_pop_bumper_center'====== Args={'value': 1, 'prev_value': None, 'change': True}
2026-03-26 11:28:20,829 : INFO : EventManager : Event: ======'machine_var_audits_missing_switches_s_59_saucer_right'====== Args={'value': 7, 'prev_value': None, 'change': True}
2026-03-26 11:28:20,829 : INFO : EventManager : Event: ======'machine_var_audits_missing_switches_s_61_top_lane_b'====== Args={'value': 10, 'prev_value': None, 'change': True}
2026-03-26 11:28:20,829 : INFO : EventManager : Event: ======'machine_var_audits_missing_switches_s_62_top_lane_a'====== Args={'value': 60, 'prev_value': None, 'change': True}
2026-03-26 11:28:20,829 : INFO : EventManager : Event: ======'machine_var_audits_missing_switches_s_63_stand_up_target_3'====== Args={'value': 1, 'prev_value': None, 'change': True}
2026-03-26 11:28:20,829 : INFO : EventManager : Event: ======'machine_var_audits_missing_switches_s_64_varitarget_position_1'====== Args={'value': 20, 'prev_value': None, 'change': True}
2026-03-26 11:28:20,829 : INFO : EventManager : Event: ======'machine_var_audits_missing_switches_s_65_varitarget_position_2'====== Args={'value': 21, 'prev_value': None, 'change': True}
2026-03-26 11:28:20,830 : INFO : EventManager : Event: ======'machine_var_audits_missing_switches_s_66_varitarget_position_3'====== Args={'value': 20, 'prev_value': None, 'change': True}
2026-03-26 11:28:20,830 : INFO : EventManager : Event: ======'machine_var_audits_missing_switches_s_67_varitarget_position_4'====== Args={'value': 20, 'prev_value': None, 'change': True}
2026-03-26 11:28:20,830 : INFO : EventManager : Event: ======'machine_var_audits_missing_switches_s_68_varitarget_position_5'====== Args={'value': 20, 'prev_value': None, 'change': True}
2026-03-26 11:28:20,830 : INFO : EventManager : Event: ======'machine_var_audits_missing_switches_s_69_varitarget_position_6'====== Args={'value': 20, 'prev_value': None, 'change': True}
2026-03-26 11:28:20,830 : INFO : EventManager : Event: ======'machine_var_audits_missing_switches_s_71_spinner_left'====== Args={'value': 60, 'prev_value': None, 'change': True}
2026-03-26 11:28:20,830 : INFO : EventManager : Event: ======'machine_var_audits_missing_switches_s_72_single_drop_1'====== Args={'value': 4, 'prev_value': None, 'change': True}
2026-03-26 11:28:20,830 : INFO : EventManager : Event: ======'machine_var_audits_missing_switches_s_73_fourbank_drop_1'====== Args={'value': 1, 'prev_value': None, 'change': True}
2026-03-26 11:28:20,830 : INFO : EventManager : Event: ======'machine_var_audits_missing_switches_s_74_fourbank_drop_2'====== Args={'value': 1, 'prev_value': None, 'change': True}
2026-03-26 11:28:20,830 : INFO : EventManager : Event: ======'machine_var_audits_missing_switches_s_75_fourbank_drop_3'====== Args={'value': 1, 'prev_value': None, 'change': True}
2026-03-26 11:28:20,830 : INFO : EventManager : Event: ======'machine_var_audits_missing_switches_s_79_threebank_drop_3'====== Args={'value': 1, 'prev_value': None, 'change': True}
2026-03-26 11:28:20,831 : INFO : EventManager : Event: ======'machine_var_audits_missing_switches_s_80_stand_up_target_2'====== Args={'value': 6, 'prev_value': None, 'change': True}
2026-03-26 11:28:20,831 : INFO : EventManager : Event: ======'machine_var_audits_missing_switches_s_81_saucer_left'====== Args={'value': 6, 'prev_value': None, 'change': True}
2026-03-26 11:28:20,831 : INFO : EventManager : Event: ======'machine_var_audits_missing_switches_s_82_stand_up_target_bank_1'====== Args={'value': 1, 'prev_value': None, 'change': True}
2026-03-26 11:28:20,831 : INFO : EventManager : Event: ======'machine_var_audits_missing_switches_s_83_stand_up_target_bank_2'====== Args={'value': 1, 'prev_value': None, 'change': True}
2026-03-26 11:28:20,831 : INFO : EventManager : Event: ======'machine_var_audits_missing_switches_s_84_stand_up_target_bank_3'====== Args={'value': 1, 'prev_value': None, 'change': True}
2026-03-26 11:28:20,831 : INFO : EventManager : Event: ======'machine_var_audits_missing_switches_s_85_stand_up_target_bank_4'====== Args={'value': 1, 'prev_value': None, 'change': True}
2026-03-26 11:28:20,831 : INFO : EventManager : Event: ======'machine_var_audits_player_score'====== Args={'value': {'average': 1304539, 'top': [2531176, 1638150, 1578150, 1550789, 1547313, 1533004, 1531764, 1526554, 1521260, 1520781], 'total': 51}, 'prev_value': None, 'change': True}
2026-03-26 11:28:20,831 : INFO : EventManager : Event: ======'machine_var_audits_shots_shot_dt_1'====== Args={'value': 15, 'prev_value': None, 'change': True}
2026-03-26 11:28:20,831 : INFO : EventManager : Event: ======'machine_var_audits_shots_shot_dt_2'====== Args={'value': 20, 'prev_value': None, 'change': True}
2026-03-26 11:28:20,831 : INFO : EventManager : Event: ======'machine_var_audits_shots_shot_dt_3'====== Args={'value': 19, 'prev_value': None, 'change': True}
2026-03-26 11:28:20,831 : INFO : EventManager : Event: ======'machine_var_audits_shots_shot_dt_4'====== Args={'value': 23, 'prev_value': None, 'change': True}
2026-03-26 11:28:20,831 : INFO : EventManager : Event: ======'machine_var_audits_shots_shot_dt_5'====== Args={'value': 21, 'prev_value': None, 'change': True}
2026-03-26 11:28:20,831 : INFO : EventManager : Event: ======'machine_var_audits_shots_shot_dt_6'====== Args={'value': 20, 'prev_value': None, 'change': True}
2026-03-26 11:28:20,831 : INFO : EventManager : Event: ======'machine_var_audits_shots_shot_dt_7'====== Args={'value': 13, 'prev_value': None, 'change': True}
2026-03-26 11:28:20,831 : INFO : EventManager : Event: ======'machine_var_audits_shots_shot_impossible'====== Args={'value': 12, 'prev_value': None, 'change': True}
2026-03-26 11:28:20,831 : INFO : EventManager : Event: ======'machine_var_audits_shots_shot_rollover_top'====== Args={'value': 12, 'prev_value': None, 'change': True}
2026-03-26 11:28:20,831 : INFO : EventManager : Event: ======'machine_var_audits_shots_shot_slingshot_l'====== Args={'value': 52, 'prev_value': None, 'change': True}
2026-03-26 11:28:20,831 : INFO : EventManager : Event: ======'machine_var_audits_shots_shot_slingshot_r'====== Args={'value': 175, 'prev_value': None, 'change': True}
2026-03-26 11:28:20,831 : INFO : EventManager : Event: ======'machine_var_audits_shots_shot_sut_1'====== Args={'value': 21, 'prev_value': None, 'change': True}
2026-03-26 11:28:20,832 : INFO : EventManager : Event: ======'machine_var_audits_shots_shot_sut_2'====== Args={'value': 35, 'prev_value': None, 'change': True}
2026-03-26 11:28:20,832 : INFO : EventManager : Event: ======'machine_var_audits_shots_shot_sut_3'====== Args={'value': 23, 'prev_value': None, 'change': True}
2026-03-26 11:28:20,832 : INFO : EventManager : Event: ======'machine_var_audits_shots_shot_sut_4'====== Args={'value': 29, 'prev_value': None, 'change': True}
2026-03-26 11:28:20,832 : INFO : EventManager : Event: ======'machine_var_audits_shots_shot_sut_5'====== Args={'value': 34, 'prev_value': None, 'change': True}
2026-03-26 11:28:20,832 : INFO : EventManager : Event: ======'machine_var_audits_shots_shot_sut_6'====== Args={'value': 15, 'prev_value': None, 'change': True}
2026-03-26 11:28:20,832 : INFO : EventManager : Event: ======'machine_var_audits_shots_shot_sut_blue'====== Args={'value': 69, 'prev_value': None, 'change': True}
2026-03-26 11:28:20,832 : INFO : EventManager : Event: ======'machine_var_audits_shots_shot_sut_green'====== Args={'value': 36, 'prev_value': None, 'change': True}
2026-03-26 11:28:20,832 : INFO : EventManager : Event: ======'machine_var_audits_shots_shot_sut_red'====== Args={'value': 52, 'prev_value': None, 'change': True}
2026-03-26 11:28:20,832 : INFO : EventManager : Event: ======'machine_var_audits_shots_spinner_right'====== Args={'value': 35, 'prev_value': None, 'change': True}
2026-03-26 11:28:20,832 : INFO : EventManager : Event: ======'machine_var_audits_shots_varitarget_p1'====== Args={'value': 146, 'prev_value': None, 'change': True}
2026-03-26 11:28:20,832 : INFO : EventManager : Event: ======'machine_var_audits_shots_varitarget_p2'====== Args={'value': 2, 'prev_value': None, 'change': True}
2026-03-26 11:28:20,832 : INFO : EventManager : Event: ======'machine_var_audits_shots_varitarget_p3'====== Args={'value': 3, 'prev_value': None, 'change': True}
2026-03-26 11:28:20,832 : INFO : EventManager : Event: ======'machine_var_audits_shots_varitarget_p4'====== Args={'value': 3, 'prev_value': None, 'change': True}
2026-03-26 11:28:20,832 : INFO : EventManager : Event: ======'machine_var_audits_shots_varitarget_p5'====== Args={'value': 9, 'prev_value': None, 'change': True}
2026-03-26 11:28:20,832 : INFO : EventManager : Event: ======'machine_var_audits_shots_varitarget_p6'====== Args={'value': 6, 'prev_value': None, 'change': True}
2026-03-26 11:28:20,832 : INFO : EventManager : Event: ======'machine_var_audits_shots_varitarget_p7'====== Args={'value': 26, 'prev_value': None, 'change': True}
2026-03-26 11:28:20,832 : INFO : EventManager : Event: ======'machine_var_audits_switches_s_00_service_esc'====== Args={'value': 0, 'prev_value': None, 'change': True}
2026-03-26 11:28:20,833 : INFO : EventManager : Event: ======'machine_var_audits_switches_s_01_service_up'====== Args={'value': 0, 'prev_value': None, 'change': True}
2026-03-26 11:28:20,833 : INFO : EventManager : Event: ======'machine_var_audits_switches_s_02_service_down'====== Args={'value': 0, 'prev_value': None, 'change': True}
2026-03-26 11:28:20,833 : INFO : EventManager : Event: ======'machine_var_audits_switches_s_03_service_enter'====== Args={'value': 0, 'prev_value': None, 'change': True}
2026-03-26 11:28:20,833 : INFO : EventManager : Event: ======'machine_var_audits_switches_s_08_left_flipper'====== Args={'value': 681, 'prev_value': None, 'change': True}
2026-03-26 11:28:20,833 : INFO : EventManager : Event: ======'machine_var_audits_switches_s_11_start_button'====== Args={'value': 98, 'prev_value': None, 'change': True}
2026-03-26 11:28:20,833 : INFO : EventManager : Event: ======'machine_var_audits_switches_s_16_right_flipper'====== Args={'value': 930, 'prev_value': None, 'change': True}
2026-03-26 11:28:20,833 : INFO : EventManager : Event: ======'machine_var_audits_switches_s_17_right_flipper_upper'====== Args={'value': 713, 'prev_value': None, 'change': True}
2026-03-26 11:28:20,833 : INFO : EventManager : Event: ======'machine_var_audits_switches_s_24_trough_1'====== Args={'value': 90, 'prev_value': None, 'change': True}
2026-03-26 11:28:20,833 : INFO : EventManager : Event: ======'machine_var_audits_switches_s_25_trough_2'====== Args={'value': 84, 'prev_value': None, 'change': True}
2026-03-26 11:28:20,833 : INFO : EventManager : Event: ======'machine_var_audits_switches_s_26_trough_3'====== Args={'value': 71, 'prev_value': None, 'change': True}
2026-03-26 11:28:20,833 : INFO : EventManager : Event: ======'machine_var_audits_switches_s_27_trough_4'====== Args={'value': 63, 'prev_value': None, 'change': True}
2026-03-26 11:28:20,833 : INFO : EventManager : Event: ======'machine_var_audits_switches_s_28_trough_5'====== Args={'value': 63, 'prev_value': None, 'change': True}
2026-03-26 11:28:20,833 : INFO : EventManager : Event: ======'machine_var_audits_switches_s_29_trough_6'====== Args={'value': 74, 'prev_value': None, 'change': True}
2026-03-26 11:28:20,833 : INFO : EventManager : Event: ======'machine_var_audits_switches_s_30_trough_jam'====== Args={'value': 93, 'prev_value': None, 'change': True}
2026-03-26 11:28:20,833 : INFO : EventManager : Event: ======'machine_var_audits_switches_s_31_plunger_lane'====== Args={'value': 84, 'prev_value': None, 'change': True}
2026-03-26 11:28:20,833 : INFO : EventManager : Event: ======'machine_var_audits_switches_s_32_right_inlane'====== Args={'value': 22, 'prev_value': None, 'change': True}
2026-03-26 11:28:20,833 : INFO : EventManager : Event: ======'machine_var_audits_switches_s_33_right_outlane'====== Args={'value': 1, 'prev_value': None, 'change': True}
2026-03-26 11:28:20,833 : INFO : EventManager : Event: ======'machine_var_audits_switches_s_34_right_sling'====== Args={'value': 175, 'prev_value': None, 'change': True}
2026-03-26 11:28:20,833 : INFO : EventManager : Event: ======'machine_var_audits_switches_s_35_left_inlane'====== Args={'value': 45, 'prev_value': None, 'change': True}
2026-03-26 11:28:20,833 : INFO : EventManager : Event: ======'machine_var_audits_switches_s_36_left_outlane'====== Args={'value': 17, 'prev_value': None, 'change': True}
2026-03-26 11:28:20,833 : INFO : EventManager : Event: ======'machine_var_audits_switches_s_37_left_sling'====== Args={'value': 52, 'prev_value': None, 'change': True}
2026-03-26 11:28:20,834 : INFO : EventManager : Event: ======'machine_var_audits_switches_s_38_star_rollover_bottom'====== Args={'value': 0, 'prev_value': None, 'change': True}
2026-03-26 11:28:20,834 : INFO : EventManager : Event: ======'machine_var_audits_switches_s_39_star_rollover_top'====== Args={'value': 12, 'prev_value': None, 'change': True}
2026-03-26 11:28:20,834 : INFO : EventManager : Event: ======'machine_var_audits_switches_s_40_stand_up_target_5'====== Args={'value': 26, 'prev_value': None, 'change': True}
2026-03-26 11:28:20,834 : INFO : EventManager : Event: ======'machine_var_audits_switches_s_41_stand_up_target_6'====== Args={'value': 21, 'prev_value': None, 'change': True}
2026-03-26 11:28:20,834 : INFO : EventManager : Event: ======'machine_var_audits_switches_s_42_stand_up_target_1'====== Args={'value': 12, 'prev_value': None, 'change': True}
2026-03-26 11:28:20,834 : INFO : EventManager : Event: ======'machine_var_audits_switches_s_43_stand_up_target_4'====== Args={'value': 30, 'prev_value': None, 'change': True}
2026-03-26 11:28:20,834 : INFO : EventManager : Event: ======'machine_var_audits_switches_s_44_spinner_right'====== Args={'value': 36, 'prev_value': None, 'change': True}
2026-03-26 11:28:20,834 : INFO : EventManager : Event: ======'machine_var_audits_switches_s_56_pop_bumper_right'====== Args={'value': 32, 'prev_value': None, 'change': True}
2026-03-26 11:28:20,834 : INFO : EventManager : Event: ======'machine_var_audits_switches_s_57_pop_bumper_center'====== Args={'value': 88, 'prev_value': None, 'change': True}
2026-03-26 11:28:20,834 : INFO : EventManager : Event: ======'machine_var_audits_switches_s_58_pop_bumper_left'====== Args={'value': 133, 'prev_value': None, 'change': True}
2026-03-26 11:28:20,834 : INFO : EventManager : Event: ======'machine_var_audits_switches_s_59_saucer_right'====== Args={'value': 3, 'prev_value': None, 'change': True}
2026-03-26 11:28:20,834 : INFO : EventManager : Event: ======'machine_var_audits_switches_s_60_top_lane_c'====== Args={'value': 33, 'prev_value': None, 'change': True}
2026-03-26 11:28:20,834 : INFO : EventManager : Event: ======'machine_var_audits_switches_s_61_top_lane_b'====== Args={'value': 13, 'prev_value': None, 'change': True}
2026-03-26 11:28:20,834 : INFO : EventManager : Event: ======'machine_var_audits_switches_s_62_top_lane_a'====== Args={'value': 0, 'prev_value': None, 'change': True}
2026-03-26 11:28:20,834 : INFO : EventManager : Event: ======'machine_var_audits_switches_s_63_stand_up_target_3'====== Args={'value': 13, 'prev_value': None, 'change': True}
2026-03-26 11:28:20,834 : INFO : EventManager : Event: ======'machine_var_audits_switches_s_64_varitarget_position_1'====== Args={'value': 146, 'prev_value': None, 'change': True}
2026-03-26 11:28:20,834 : INFO : EventManager : Event: ======'machine_var_audits_switches_s_65_varitarget_position_2'====== Args={'value': 2, 'prev_value': None, 'change': True}
2026-03-26 11:28:20,834 : INFO : EventManager : Event: ======'machine_var_audits_switches_s_66_varitarget_position_3'====== Args={'value': 3, 'prev_value': None, 'change': True}
2026-03-26 11:28:20,834 : INFO : EventManager : Event: ======'machine_var_audits_switches_s_67_varitarget_position_4'====== Args={'value': 3, 'prev_value': None, 'change': True}
2026-03-26 11:28:20,834 : INFO : EventManager : Event: ======'machine_var_audits_switches_s_68_varitarget_position_5'====== Args={'value': 9, 'prev_value': None, 'change': True}
2026-03-26 11:28:20,834 : INFO : EventManager : Event: ======'machine_var_audits_switches_s_69_varitarget_position_6'====== Args={'value': 6, 'prev_value': None, 'change': True}
2026-03-26 11:28:20,834 : INFO : EventManager : Event: ======'machine_var_audits_switches_s_70_varitarget_position_7'====== Args={'value': 26, 'prev_value': None, 'change': True}
2026-03-26 11:28:20,835 : INFO : EventManager : Event: ======'machine_var_audits_switches_s_71_spinner_left'====== Args={'value': 0, 'prev_value': None, 'change': True}
2026-03-26 11:28:20,835 : INFO : EventManager : Event: ======'machine_var_audits_switches_s_72_single_drop_1'====== Args={'value': 21, 'prev_value': None, 'change': True}
2026-03-26 11:28:20,835 : INFO : EventManager : Event: ======'machine_var_audits_switches_s_73_fourbank_drop_1'====== Args={'value': 15, 'prev_value': None, 'change': True}
2026-03-26 11:28:20,835 : INFO : EventManager : Event: ======'machine_var_audits_switches_s_74_fourbank_drop_2'====== Args={'value': 21, 'prev_value': None, 'change': True}
2026-03-26 11:28:20,835 : INFO : EventManager : Event: ======'machine_var_audits_switches_s_75_fourbank_drop_3'====== Args={'value': 21, 'prev_value': None, 'change': True}
2026-03-26 11:28:20,835 : INFO : EventManager : Event: ======'machine_var_audits_switches_s_76_fourbank_drop_4'====== Args={'value': 24, 'prev_value': None, 'change': True}
2026-03-26 11:28:20,835 : INFO : EventManager : Event: ======'machine_var_audits_switches_s_77_threebank_drop_1'====== Args={'value': 33, 'prev_value': None, 'change': True}
2026-03-26 11:28:20,835 : INFO : EventManager : Event: ======'machine_var_audits_switches_s_78_threebank_drop_2'====== Args={'value': 24, 'prev_value': None, 'change': True}
2026-03-26 11:28:20,835 : INFO : EventManager : Event: ======'machine_var_audits_switches_s_79_threebank_drop_3'====== Args={'value': 13, 'prev_value': None, 'change': True}
2026-03-26 11:28:20,835 : INFO : EventManager : Event: ======'machine_var_audits_switches_s_80_stand_up_target_2'====== Args={'value': 3, 'prev_value': None, 'change': True}
2026-03-26 11:28:20,835 : INFO : EventManager : Event: ======'machine_var_audits_switches_s_81_saucer_left'====== Args={'value': 10, 'prev_value': None, 'change': True}
2026-03-26 11:28:20,835 : INFO : EventManager : Event: ======'machine_var_audits_switches_s_82_stand_up_target_bank_1'====== Args={'value': 21, 'prev_value': None, 'change': True}
2026-03-26 11:28:20,835 : INFO : EventManager : Event: ======'machine_var_audits_switches_s_83_stand_up_target_bank_2'====== Args={'value': 35, 'prev_value': None, 'change': True}
2026-03-26 11:28:20,835 : INFO : EventManager : Event: ======'machine_var_audits_switches_s_84_stand_up_target_bank_3'====== Args={'value': 23, 'prev_value': None, 'change': True}
2026-03-26 11:28:20,835 : INFO : EventManager : Event: ======'machine_var_audits_switches_s_85_stand_up_target_bank_4'====== Args={'value': 29, 'prev_value': None, 'change': True}
2026-03-26 11:28:20,835 : INFO : EventManager : Event: ======'machine_var_audits_switches_s_86_stand_up_target_bank_5'====== Args={'value': 34, 'prev_value': None, 'change': True}
2026-03-26 11:28:20,835 : INFO : EventManager : Event: ======'machine_var_audits_switches_s_87_stand_up_target_bank_6'====== Args={'value': 15, 'prev_value': None, 'change': True}
2026-03-26 11:28:20,836 : INFO : EventManager : Event: ======'init_phase_5'====== Args={}
2026-03-26 11:28:20,837 : INFO : EventManager : Event: ======'init_done'====== Args={}
2026-03-26 11:28:20,837 : INFO : EventManager : Event: ======'machine_reset_phase_1'====== Args={}
2026-03-26 11:28:20,848 : INFO : EventManager : Event: ======'machine_reset_phase_2'====== Args={}
2026-03-26 11:28:20,849 : INFO : EventManager : Event: ======'machine_reset_phase_3'====== Args={}
2026-03-26 11:28:20,849 : INFO : drop_target_bank.dt_bank_1_4 : 1 targets are down. Will reset those.
2026-03-26 11:28:20,849 : INFO : coil.c_40_fourbank_drop_reset : Pulsing Driver for 10ms (1.0 pulse_power)
2026-03-26 11:28:20,850 : INFO : drop_target_bank.dt_bank_5_7 : 2 targets are down. Will reset those.
2026-03-26 11:28:20,850 : INFO : EventManager : Event: ======'reset_complete'====== Args={}
2026-03-26 11:28:20,850 : INFO : EventManager : Event: ======'mode_attract_will_start'====== Args={}
2026-03-26 11:28:20,851 : INFO : Timer.attract_carousel_timer : Starting Timer.
2026-03-26 11:28:20,851 : INFO : EventManager : Event: ======'timer_attract_carousel_timer_started'====== Args={'ticks': 0, 'ticks_remaining': 1}
2026-03-26 11:28:20,851 : INFO : EventManager : Event: ======'timer_attract_carousel_timer_tick'====== Args={'ticks': 0, 'ticks_remaining': 1}
2026-03-26 11:28:20,852 : INFO : EventManager : Event: ======'mode_attract_starting'====== Args={}
2026-03-26 11:28:20,852 : INFO : Mode.attract : Started. Priority: 10
2026-03-26 11:28:20,852 : INFO : EventManager : Event: ======'modes_active_modes_changed'====== Args={}
2026-03-26 11:28:20,852 : INFO : EventManager : Event: ======'mode_attract_started'====== Args={}
2026-03-26 11:28:20,852 : INFO : EventManager : Event: ======'start_mode_attract_scores'====== Args={'priority': 0}
2026-03-26 11:28:20,852 : INFO : EventManager : Event: ======'start_mode_attract_credits'====== Args={'priority': 0}
2026-03-26 11:28:20,852 : INFO : EventManager : Event: ======'mode_attract_scores_will_start'====== Args={'priority': 0}
2026-03-26 11:28:20,853 : INFO : Timer.attract_scores_carousel_timer : Starting Timer.
2026-03-26 11:28:20,853 : INFO : EventManager : Event: ======'timer_attract_scores_carousel_timer_started'====== Args={'ticks': 0, 'ticks_remaining': 1}
2026-03-26 11:28:20,853 : INFO : EventManager : Event: ======'timer_attract_scores_carousel_timer_tick'====== Args={'ticks': 0, 'ticks_remaining': 1}
2026-03-26 11:28:20,853 : INFO : EventManager : Event: ======'mode_attract_scores_starting'====== Args={'priority': 0}
2026-03-26 11:28:20,853 : INFO : EventManager : Event: ======'mode_attract_credits_will_start'====== Args={'priority': 0}
2026-03-26 11:28:20,853 : INFO : Timer.attract_credits_carousel_timer : Starting Timer.
2026-03-26 11:28:20,853 : INFO : EventManager : Event: ======'timer_attract_credits_carousel_timer_started'====== Args={'ticks': 0, 'ticks_remaining': 1}
2026-03-26 11:28:20,853 : INFO : EventManager : Event: ======'timer_attract_credits_carousel_timer_tick'====== Args={'ticks': 0, 'ticks_remaining': 1}
2026-03-26 11:28:20,854 : INFO : EventManager : Event: ======'mode_attract_credits_starting'====== Args={'priority': 0}
2026-03-26 11:28:20,854 : INFO : Mode.attract_credits : Started. Priority: 8
2026-03-26 11:28:20,854 : INFO : EventManager : Event: ======'modes_active_modes_changed'====== Args={}
2026-03-26 11:28:20,854 : INFO : EventManager : Event: ======'mode_attract_credits_started'====== Args={'priority': 0}
2026-03-26 11:28:20,854 : INFO : EventManager : Event: ======'carousel_item_highlighted'====== Args={'carousel': 'attract_credits', 'direction': None, 'item': 'credits_sfx'}
2026-03-26 11:28:20,854 : INFO : Mode.attract_scores : Started. Priority: 9
2026-03-26 11:28:20,854 : INFO : EventManager : Event: ======'modes_active_modes_changed'====== Args={}
2026-03-26 11:28:20,854 : INFO : EventManager : Event: ======'mode_attract_scores_started'====== Args={'priority': 0}
2026-03-26 11:28:20,854 : INFO : EventManager : Event: ======'carousel_item_highlighted'====== Args={'carousel': 'attract_scores', 'direction': None, 'item': 'last_game_score'}
2026-03-26 11:28:20,855 : INFO : EventManager : Event: ======'collecting_balls_complete'====== Args={}
2026-03-26 11:28:20,855 : INFO : EventManager : Event: ======'carousel_item_highlighted'====== Args={'carousel': 'attract', 'direction': None, 'item': 'title'}
2026-03-26 11:28:20,856 : INFO : Machine : Starting the main run loop with active modes: [<Mode.attract>, <Mode.attract_scores>, <Mode.attract_credits>]
2026-03-26 11:28:20,873 : INFO : coil.c_32_threebank_drop_reset : Pulsing Driver for 10ms (1.0 pulse_power)
2026-03-26 11:28:20,889 : INFO : coil.c_40_fourbank_drop_reset : Pulsing Driver for 10ms (1.0 pulse_power)
2026-03-26 11:28:20,889 : INFO : SwitchController : <<<<<<< 's_76_fourbank_drop_4' inactive (muted) >>>>>>>
2026-03-26 11:28:20,905 : INFO : coil.c_32_threebank_drop_reset : Pulsing Driver for 10ms (1.0 pulse_power)
2026-03-26 11:28:20,905 : INFO : SwitchController : <<<<<<< 's_78_threebank_drop_2' inactive (muted) >>>>>>>
2026-03-26 11:28:20,905 : INFO : SwitchController : <<<<<<< 's_77_threebank_drop_1' inactive (muted) >>>>>>>
2026-03-26 11:28:20,937 : INFO : coil.c_32_threebank_drop_reset : Pulsing Driver for 10ms (1.0 pulse_power)
2026-03-26 11:28:20,977 : INFO : EventManager : Event: ======'slide_attract_created'====== Args={'_from_bcp': True}
2026-03-26 11:28:20,977 : INFO : EventManager : Event: ======'slide__removed'====== Args={'_from_bcp': True}
2026-03-26 11:28:20,978 : INFO : EventManager : Event: ======'slide_attract_active'====== Args={'original_context': 'attract', 'original_calling_context': 'mode_attract_started', 'priority': 10.0, 'cmd': 'slides_play', '_from_bcp': True}
2026-03-26 11:28:21,333 : INFO : EventManager : Event: ======'drop_target_dt_6_up'====== Args={'device': <drop_target.dt_6>}
2026-03-26 11:28:21,333 : INFO : EventManager : Event: ======'drop_target_dt_5_up'====== Args={'device': <drop_target.dt_5>}
2026-03-26 11:28:21,333 : INFO : EventManager : Event: ======'drop_target_dt_4_up'====== Args={'device': <drop_target.dt_4>}
2026-03-26 11:28:22,937 : INFO : SwitchController : <<<<<<< 's_11_start_button' active >>>>>>>
2026-03-26 11:28:23,095 : INFO : SwitchController : <<<<<<< 's_11_start_button' inactive >>>>>>>
2026-03-26 11:28:23,095 : INFO : EventManager : Event: ======'request_to_start_game'====== Args={}
2026-03-26 11:28:23,095 : INFO : EventManager : Event: ======'game_start'====== Args={'buttons': [], 'hold_time': 0.15599999999994907}
2026-03-26 11:28:23,096 : INFO : EventManager : Event: ======'mode_game_will_start'====== Args={'buttons': [], 'hold_time': 0.15599999999994907}
2026-03-26 11:28:23,096 : INFO : EventManager : Event: ======'mode_game_starting'====== Args={'buttons': [], 'hold_time': 0.15599999999994907}
2026-03-26 11:28:23,097 : INFO : EventManager : Event: ======'mode_attract_will_stop'====== Args={}
2026-03-26 11:28:23,097 : INFO : EventManager : Event: ======'mode_attract_stopping'====== Args={}
2026-03-26 11:28:23,097 : INFO : EventManager : Event: ======'stop_mode_attract_scores'====== Args={'priority': 0}
2026-03-26 11:28:23,097 : INFO : EventManager : Event: ======'stop_mode_attract_credits'====== Args={'priority': 0}
2026-03-26 11:28:23,097 : INFO : EventManager : Event: ======'mode_attract_scores_will_stop'====== Args={}
2026-03-26 11:28:23,097 : INFO : EventManager : Event: ======'mode_attract_scores_stopping'====== Args={}
2026-03-26 11:28:23,097 : INFO : EventManager : Event: ======'mode_attract_credits_will_stop'====== Args={}
2026-03-26 11:28:23,097 : INFO : EventManager : Event: ======'mode_attract_credits_stopping'====== Args={}
2026-03-26 11:28:23,097 : INFO : Mode.attract : Stopped.
2026-03-26 11:28:23,097 : INFO : EventManager : Event: ======'modes_active_modes_changed'====== Args={}
2026-03-26 11:28:23,097 : INFO : EventManager : Event: ======'mode_attract_stopped'====== Args={}
2026-03-26 11:28:23,098 : INFO : EventManager : Event: ======'clear'====== Args={'key': 'attract'}
2026-03-26 11:28:23,098 : INFO : Timer.attract_carousel_timer : Stopping Timer
2026-03-26 11:28:23,098 : INFO : EventManager : Event: ======'timer_attract_carousel_timer_stopped'====== Args={'ticks': 0, 'ticks_remaining': 1}
2026-03-26 11:28:23,098 : INFO : Mode.attract_credits : Stopped.
2026-03-26 11:28:23,098 : INFO : EventManager : Event: ======'modes_active_modes_changed'====== Args={}
2026-03-26 11:28:23,098 : INFO : EventManager : Event: ======'mode_attract_credits_stopped'====== Args={}
2026-03-26 11:28:23,098 : INFO : EventManager : Event: ======'clear'====== Args={'key': 'attract_credits'}
2026-03-26 11:28:23,098 : INFO : Timer.attract_credits_carousel_timer : Stopping Timer
2026-03-26 11:28:23,098 : INFO : EventManager : Event: ======'timer_attract_credits_carousel_timer_stopped'====== Args={'ticks': 0, 'ticks_remaining': 1}
2026-03-26 11:28:23,098 : INFO : Mode.attract_scores : Stopped.
2026-03-26 11:28:23,098 : INFO : EventManager : Event: ======'modes_active_modes_changed'====== Args={}
2026-03-26 11:28:23,098 : INFO : EventManager : Event: ======'mode_attract_scores_stopped'====== Args={}
2026-03-26 11:28:23,098 : INFO : EventManager : Event: ======'clear'====== Args={'key': 'attract_scores'}
2026-03-26 11:28:23,098 : INFO : Timer.attract_scores_carousel_timer : Stopping Timer
2026-03-26 11:28:23,099 : INFO : EventManager : Event: ======'timer_attract_scores_carousel_timer_stopped'====== Args={'ticks': 0, 'ticks_remaining': 1}
2026-03-26 11:28:23,099 : INFO : Mode.game : Started. Priority: 20
2026-03-26 11:28:23,099 : INFO : EventManager : Event: ======'modes_active_modes_changed'====== Args={}
2026-03-26 11:28:23,099 : INFO : EventManager : Event: ======'mode_game_started'====== Args={'buttons': [], 'hold_time': 0.15599999999994907}
2026-03-26 11:28:23,100 : INFO : EventManager : Event: ======'game_will_start'====== Args={}
2026-03-26 11:28:23,100 : INFO : EventManager : Event: ======'game_starting'====== Args={'game': <Mode.game>}
2026-03-26 11:28:23,101 : INFO : EventManager : Unordered handler for class <Auditor> on event game_ended with priority 1. Handlers: [RegisteredHandler(callback=<bound method Auditor.disable of <Auditor>>, priority=1, kwargs={}, key=UUID('ca3a161b-a51f-4d46-b5cd-90c7eaed75ee'), condition=None, blocking_facility=None), RegisteredHandler(callback=<bound method Auditor._save_audits of <Auditor>>, priority=1, kwargs={}, key=UUID('98faa277-869f-41eb-9fde-493db284113b'), condition=None, blocking_facility=None)]. The order of those handlers is not defined and they will be executed in random order. This might lead to race conditions and potential bugs.
2026-03-26 11:28:23,101 : INFO : EventManager : Event: ======'player_add_request'====== Args={}
2026-03-26 11:28:23,102 : INFO : EventManager : Event: ======'player_will_add'====== Args={'number': 1}
2026-03-26 11:28:23,102 : INFO : EventManager : Event: ======'player_adding'====== Args={'player': <Player 1>, 'number': 1}
2026-03-26 11:28:23,102 : INFO : EventManager : Event: ======'player_added'====== Args={'player': <Player 1>, 'num': 1}
2026-03-26 11:28:23,102 : INFO : Mode.game : Player added successfully. Total players: 1
2026-03-26 11:28:23,102 : INFO : EventManager : Event: ======'player_index'====== Args={'value': 0, 'prev_value': 0, 'change': 0, 'player_num': 1}
2026-03-26 11:28:23,102 : INFO : EventManager : Event: ======'player_number'====== Args={'value': 1, 'prev_value': 1, 'change': 0, 'player_num': 1}
2026-03-26 11:28:23,102 : INFO : EventManager : Event: ======'player_score'====== Args={'value': 0, 'prev_value': 0, 'change': 0, 'player_num': 1}
2026-03-26 11:28:23,103 : INFO : EventManager : Event: ======'game_started'====== Args={}
2026-03-26 11:28:23,104 : INFO : EventManager : Event: ======'player_turn_will_start'====== Args={'player': <Player 1>, 'number': 1}
2026-03-26 11:28:23,110 : INFO : EventManager : Event: ======'player_turn_starting'====== Args={'player': <Player 1>, 'number': 1}
2026-03-26 11:28:23,111 : INFO : EventManager : Event: ======'player_ball'====== Args={'value': 1, 'prev_value': 0, 'change': 1, 'player_num': 1}
2026-03-26 11:28:23,111 : INFO : EventManager : Event: ======'player_turn_started'====== Args={'player': <Player 1>, 'number': 1}
2026-03-26 11:28:23,112 : INFO : EventManager : Event: ======'ball_will_start'====== Args={'player': 1, 'ball': 1, 'balls_remaining': 0, 'is_extra_ball': False}
2026-03-26 11:28:23,113 : INFO : EventManager : Event: ======'ball_starting'====== Args={'player': 1, 'ball': 1, 'balls_remaining': 0, 'is_extra_ball': False}
2026-03-26 11:28:23,113 : INFO : EventManager : Event: ======'mode_skillshot_will_start'====== Args={'queue': <QueuedEvent>, 'player': 1, 'ball': 1, 'balls_remaining': 0, 'is_extra_ball': False}
2026-03-26 11:28:23,121 : INFO : EventManager : Event: ======'mode_skillshot_starting'====== Args={'queue': <QueuedEvent>, 'player': 1, 'ball': 1, 'balls_remaining': 0, 'is_extra_ball': False}
2026-03-26 11:28:23,121 : INFO : EventManager : Event: ======'mode_base_will_start'====== Args={'queue': <QueuedEvent>, 'player': 1, 'ball': 1, 'balls_remaining': 0, 'is_extra_ball': False}
2026-03-26 11:28:23,122 : INFO : EventManager : Event: ======'player_shot_varitarget_p1_enabled'====== Args={'value': True, 'prev_value': 0, 'change': 1, 'player_num': 1}
2026-03-26 11:28:23,122 : INFO : EventManager : Event: ======'player_shot_varitarget_p2_enabled'====== Args={'value': True, 'prev_value': 0, 'change': 1, 'player_num': 1}
2026-03-26 11:28:23,122 : INFO : EventManager : Event: ======'player_shot_varitarget_p3_enabled'====== Args={'value': True, 'prev_value': 0, 'change': 1, 'player_num': 1}
2026-03-26 11:28:23,143 : INFO : EventManager : Event: ======'player_shot_varitarget_p4_enabled'====== Args={'value': True, 'prev_value': 0, 'change': 1, 'player_num': 1}
2026-03-26 11:28:23,143 : INFO : EventManager : Event: ======'player_shot_varitarget_p5_enabled'====== Args={'value': True, 'prev_value': 0, 'change': 1, 'player_num': 1}
2026-03-26 11:28:23,143 : INFO : EventManager : Event: ======'player_shot_varitarget_p6_enabled'====== Args={'value': True, 'prev_value': 0, 'change': 1, 'player_num': 1}
2026-03-26 11:28:23,144 : INFO : EventManager : Event: ======'player_shot_varitarget_p7_enabled'====== Args={'value': True, 'prev_value': 0, 'change': 1, 'player_num': 1}
2026-03-26 11:28:23,144 : INFO : EventManager : Event: ======'player_shot_shot_impossible_enabled'====== Args={'value': True, 'prev_value': 0, 'change': 1, 'player_num': 1}
2026-03-26 11:28:23,144 : INFO : EventManager : Event: ======'player_shot_shot_dt_1_enabled'====== Args={'value': True, 'prev_value': 0, 'change': 1, 'player_num': 1}
2026-03-26 11:28:23,144 : INFO : EventManager : Event: ======'player_shot_shot_dt_2_enabled'====== Args={'value': True, 'prev_value': 0, 'change': 1, 'player_num': 1}
2026-03-26 11:28:23,145 : INFO : EventManager : Event: ======'player_shot_shot_dt_3_enabled'====== Args={'value': True, 'prev_value': 0, 'change': 1, 'player_num': 1}
2026-03-26 11:28:23,145 : INFO : EventManager : Event: ======'player_shot_shot_dt_4_enabled'====== Args={'value': True, 'prev_value': 0, 'change': 1, 'player_num': 1}
2026-03-26 11:28:23,145 : INFO : EventManager : Event: ======'player_shot_shot_dt_5_enabled'====== Args={'value': True, 'prev_value': 0, 'change': 1, 'player_num': 1}
2026-03-26 11:28:23,145 : INFO : EventManager : Event: ======'player_shot_shot_dt_6_enabled'====== Args={'value': True, 'prev_value': 0, 'change': 1, 'player_num': 1}
2026-03-26 11:28:23,145 : INFO : EventManager : Event: ======'player_shot_shot_dt_7_enabled'====== Args={'value': True, 'prev_value': 0, 'change': 1, 'player_num': 1}
2026-03-26 11:28:23,146 : INFO : EventManager : Event: ======'player_shot_shot_sut_1_enabled'====== Args={'value': True, 'prev_value': 0, 'change': 1, 'player_num': 1}
2026-03-26 11:28:23,146 : INFO : EventManager : Event: ======'player_shot_shot_sut_2_enabled'====== Args={'value': True, 'prev_value': 0, 'change': 1, 'player_num': 1}
2026-03-26 11:28:23,146 : INFO : EventManager : Event: ======'player_shot_shot_sut_3_enabled'====== Args={'value': True, 'prev_value': 0, 'change': 1, 'player_num': 1}
2026-03-26 11:28:23,146 : INFO : EventManager : Event: ======'player_shot_shot_sut_4_enabled'====== Args={'value': True, 'prev_value': 0, 'change': 1, 'player_num': 1}
2026-03-26 11:28:23,147 : INFO : EventManager : Event: ======'player_shot_shot_sut_5_enabled'====== Args={'value': True, 'prev_value': 0, 'change': 1, 'player_num': 1}
2026-03-26 11:28:23,147 : INFO : EventManager : Event: ======'player_shot_shot_sut_6_enabled'====== Args={'value': True, 'prev_value': 0, 'change': 1, 'player_num': 1}
2026-03-26 11:28:23,147 : INFO : EventManager : Event: ======'player_shot_shot_sut_green_enabled'====== Args={'value': True, 'prev_value': 0, 'change': 1, 'player_num': 1}
2026-03-26 11:28:23,147 : INFO : EventManager : Event: ======'player_shot_shot_sut_blue_enabled'====== Args={'value': True, 'prev_value': 0, 'change': 1, 'player_num': 1}
2026-03-26 11:28:23,148 : INFO : EventManager : Event: ======'player_shot_shot_sut_red_enabled'====== Args={'value': True, 'prev_value': 0, 'change': 1, 'player_num': 1}
2026-03-26 11:28:23,148 : INFO : EventManager : Event: ======'player_shot_shot_slingshot_l_enabled'====== Args={'value': True, 'prev_value': 0, 'change': 1, 'player_num': 1}
2026-03-26 11:28:23,148 : INFO : EventManager : Event: ======'player_shot_shot_slingshot_r_enabled'====== Args={'value': True, 'prev_value': 0, 'change': 1, 'player_num': 1}
2026-03-26 11:28:23,148 : INFO : EventManager : Event: ======'player_shot_shot_rollover_bottom_enabled'====== Args={'value': True, 'prev_value': 0, 'change': 1, 'player_num': 1}
2026-03-26 11:28:23,149 : INFO : EventManager : Event: ======'player_shot_shot_rollover_top_enabled'====== Args={'value': True, 'prev_value': 0, 'change': 1, 'player_num': 1}
2026-03-26 11:28:23,149 : INFO : EventManager : Event: ======'player_shot_spinner_left_enabled'====== Args={'value': True, 'prev_value': 0, 'change': 1, 'player_num': 1}
2026-03-26 11:28:23,149 : INFO : EventManager : Event: ======'player_shot_spinner_right_enabled'====== Args={'value': True, 'prev_value': 0, 'change': 1, 'player_num': 1}
2026-03-26 11:28:23,149 : INFO : EventManager : Event: ======'varitarget_positions_complete'====== Args={'state': 'unlit'}
2026-03-26 11:28:23,149 : INFO : EventManager : Event: ======'varitarget_positions_unlit_complete'====== Args={}
2026-03-26 11:28:23,150 : INFO : EventManager : Event: ======'player_base_varitarget_reset_timer_tick'====== Args={'value': 0, 'prev_value': 0, 'change': 0, 'player_num': 1}
2026-03-26 11:28:23,150 : INFO : EventManager : Event: ======'player_base_varitarget_hit_settle_tick'====== Args={'value': 3, 'prev_value': 0, 'change': 3, 'player_num': 1}
2026-03-26 11:28:23,154 : INFO : EventManager : Event: ======'mode_base_starting'====== Args={'queue': <QueuedEvent>, 'player': 1, 'ball': 1, 'balls_remaining': 0, 'is_extra_ball': False}
2026-03-26 11:28:23,154 : INFO : drop_target_bank.dt_bank_1_4 : All targets are already up. Will not reset bank.
2026-03-26 11:28:23,154 : INFO : drop_target_bank.dt_bank_5_7 : All targets are already up. Will not reset bank.
2026-03-26 11:28:23,155 : INFO : Mode.base : Started. Priority: 100
2026-03-26 11:28:23,155 : INFO : EventManager : Event: ======'modes_active_modes_changed'====== Args={}
2026-03-26 11:28:23,155 : INFO : EventManager : Event: ======'mode_base_started'====== Args={'queue': <QueuedEvent>, 'player': 1, 'ball': 1, 'balls_remaining': 0, 'is_extra_ball': False}
2026-03-26 11:28:23,155 : INFO : EventManager : Event: ======'mode_super_pops_will_start'====== Args={'queue': <QueuedEvent>, 'player': 1, 'ball': 1, 'balls_remaining': 0, 'is_extra_ball': False}
2026-03-26 11:28:23,156 : INFO : EventManager : Event: ======'player_super_pops_super_pops_mult_timer_tick'====== Args={'value': 0, 'prev_value': 0, 'change': 0, 'player_num': 1}
2026-03-26 11:28:23,157 : INFO : EventManager : Unordered handler for class <Auditor> on event game_ended with priority 1. Handlers: [RegisteredHandler(callback=<bound method Auditor.disable of <Auditor>>, priority=1, kwargs={}, key=UUID('ca3a161b-a51f-4d46-b5cd-90c7eaed75ee'), condition=None, blocking_facility=None), RegisteredHandler(callback=<bound method Auditor._save_audits of <Auditor>>, priority=1, kwargs={}, key=UUID('98faa277-869f-41eb-9fde-493db284113b'), condition=None, blocking_facility=None)]. The order of those handlers is not defined and they will be executed in random order. This might lead to race conditions and potential bugs.
2026-03-26 11:28:23,160 : INFO : EventManager : Event: ======'mode_super_pops_starting'====== Args={'queue': <QueuedEvent>, 'player': 1, 'ball': 1, 'balls_remaining': 0, 'is_extra_ball': False}
2026-03-26 11:28:23,160 : INFO : EventManager : Event: ======'mode_spinner_2x_qualify_will_start'====== Args={'queue': <QueuedEvent>, 'player': 1, 'ball': 1, 'balls_remaining': 0, 'is_extra_ball': False}
2026-03-26 11:28:23,161 : INFO : EventManager : Event: ======'mode_spinner_2x_qualify_starting'====== Args={'queue': <QueuedEvent>, 'player': 1, 'ball': 1, 'balls_remaining': 0, 'is_extra_ball': False}
2026-03-26 11:28:23,161 : INFO : EventManager : Event: ======'varitarget_yaml_loaded'====== Args={'priority': 0}
2026-03-26 11:28:23,161 : INFO : EventManager : Event: ======'player_pf_multiplier'====== Args={'value': 1, 'prev_value': 0, 'change': 1, 'player_num': 1, 'source': 'base'}
2026-03-26 11:28:23,162 : INFO : EventManager : Event: ======'player_varitarget_position'====== Args={'value': 1, 'prev_value': 0, 'change': 1, 'player_num': 1, 'source': 'base'}
2026-03-26 11:28:23,162 : INFO : EventManager : Event: ======'player_varitarget_reset_attempts'====== Args={'value': 0, 'prev_value': 0, 'change': 0, 'player_num': 1, 'source': 'base'}
2026-03-26 11:28:23,162 : INFO : EventManager : Event: ======'player_varitarget_stable_position'====== Args={'value': 1, 'prev_value': 0, 'change': 1, 'player_num': 1, 'source': 'base'}
2026-03-26 11:28:23,162 : INFO : EventManager : Event: ======'player_varitarget_hit_active'====== Args={'value': 0, 'prev_value': 0, 'change': 0, 'player_num': 1, 'source': 'base'}
2026-03-26 11:28:23,162 : INFO : EventManager : Event: ======'player_varitarget_hit_start_pos'====== Args={'value': 1, 'prev_value': 0, 'change': 1, 'player_num': 1, 'source': 'base'}
2026-03-26 11:28:23,162 : INFO : EventManager : Event: ======'player_varitarget_hit_max_pos'====== Args={'value': 1, 'prev_value': 0, 'change': 1, 'player_num': 1, 'source': 'base'}
2026-03-26 11:28:23,162 : INFO : EventManager : Event: ======'player_varitarget_hit_moved'====== Args={'value': 0, 'prev_value': 0, 'change': 0, 'player_num': 1, 'source': 'base'}
2026-03-26 11:28:23,162 : INFO : Mode.spinner_2x_qualify : Started. Priority: 150
2026-03-26 11:28:23,163 : INFO : EventManager : Event: ======'modes_active_modes_changed'====== Args={}
2026-03-26 11:28:23,163 : INFO : EventManager : Event: ======'mode_spinner_2x_qualify_started'====== Args={'queue': <QueuedEvent>, 'player': 1, 'ball': 1, 'balls_remaining': 0, 'is_extra_ball': False}
2026-03-26 11:28:23,163 : INFO : EventManager : Event: ======'spinner_2x_stop'====== Args={'priority': 0}
2026-03-26 11:28:23,163 : INFO : EventManager : Event: ======'player_top_lane_a_lit'====== Args={'value': 0, 'prev_value': 0, 'change': 0, 'player_num': 1, 'source': 'spinner_2x_qualify'}
2026-03-26 11:28:23,163 : INFO : EventManager : Event: ======'player_top_lane_b_lit'====== Args={'value': 0, 'prev_value': 0, 'change': 0, 'player_num': 1, 'source': 'spinner_2x_qualify'}
2026-03-26 11:28:23,163 : INFO : EventManager : Event: ======'player_top_lane_c_lit'====== Args={'value': 0, 'prev_value': 0, 'change': 0, 'player_num': 1, 'source': 'spinner_2x_qualify'}
2026-03-26 11:28:23,163 : INFO : Mode.skillshot : Started. Priority: 200
2026-03-26 11:28:23,163 : INFO : EventManager : Event: ======'modes_active_modes_changed'====== Args={}
2026-03-26 11:28:23,163 : INFO : EventManager : Event: ======'mode_skillshot_started'====== Args={'queue': <QueuedEvent>, 'player': 1, 'ball': 1, 'balls_remaining': 0, 'is_extra_ball': False}
2026-03-26 11:28:23,164 : INFO : EventManager : Event: ======'player_skillshot_left_plunger'====== Args={'value': 0, 'prev_value': 0, 'change': 0, 'player_num': 1, 'source': 'skillshot'}
2026-03-26 11:28:23,164 : INFO : EventManager : Event: ======'player_skillshot_first_switch_seen'====== Args={'value': 0, 'prev_value': 0, 'change': 0, 'player_num': 1, 'source': 'skillshot'}
2026-03-26 11:28:23,164 : INFO : EventManager : Event: ======'player_skillshot_phase1_success'====== Args={'value': 0, 'prev_value': 0, 'change': 0, 'player_num': 1, 'source': 'skillshot'}
2026-03-26 11:28:23,164 : INFO : EventManager : Event: ======'player_skillshot_phase2_success'====== Args={'value': 0, 'prev_value': 0, 'change': 0, 'player_num': 1, 'source': 'skillshot'}
2026-03-26 11:28:23,164 : INFO : EventManager : Event: ======'player_skillshot_waiting_phase3'====== Args={'value': 0, 'prev_value': 0, 'change': 0, 'player_num': 1, 'source': 'skillshot'}
2026-03-26 11:28:23,164 : INFO : EventManager : Event: ======'player_skillshot_award'====== Args={'value': 500000, 'prev_value': 0, 'change': 500000, 'player_num': 1, 'source': 'skillshot'}
2026-03-26 11:28:23,164 : INFO : EventManager : Event: ======'balls_in_play'====== Args={'balls': 1}
2026-03-26 11:28:23,164 : INFO : EventManager : Event: ======'ball_started'====== Args={'player': 1, 'ball': 1, 'balls_remaining': 0, 'is_extra_ball': False}
2026-03-26 11:28:23,165 : INFO : EventManager : Event: ======'mode_stars_mode_will_start'====== Args={'player': 1, 'ball': 1, 'balls_remaining': 0, 'is_extra_ball': False}
2026-03-26 11:28:23,166 : INFO : EventManager : Event: ======'player_stars_mode_stars_s80_hold_tick'====== Args={'value': 0, 'prev_value': 0, 'change': 0, 'player_num': 1}
2026-03-26 11:28:23,166 : INFO : EventManager : Event: ======'player_stars_mode_stars_10x_timer_tick'====== Args={'value': 0, 'prev_value': 0, 'change': 0, 'player_num': 1}
2026-03-26 11:28:23,170 : INFO : EventManager : Event: ======'mode_stars_mode_starting'====== Args={'player': 1, 'ball': 1, 'balls_remaining': 0, 'is_extra_ball': False}
2026-03-26 11:28:23,170 : INFO : EventManager : Event: ======'mode_autoplunge_will_start'====== Args={'player': 1, 'ball': 1, 'balls_remaining': 0, 'is_extra_ball': False}
2026-03-26 11:28:23,170 : INFO : EventManager : Event: ======'player_autoplunge_t_auto_plunge_tick'====== Args={'value': 10, 'prev_value': 0, 'change': 10, 'player_num': 1}
2026-03-26 11:28:23,171 : INFO : EventManager : Event: ======'mode_autoplunge_starting'====== Args={'player': 1, 'ball': 1, 'balls_remaining': 0, 'is_extra_ball': False}
2026-03-26 11:28:23,171 : INFO : EventManager : Event: ======'mode_brian_combo_will_start'====== Args={'player': 1, 'ball': 1, 'balls_remaining': 0, 'is_extra_ball': False}
2026-03-26 11:28:23,172 : INFO : EventManager : Event: ======'mode_brian_combo_starting'====== Args={'player': 1, 'ball': 1, 'balls_remaining': 0, 'is_extra_ball': False}
2026-03-26 11:28:23,173 : INFO : Mode.brian_combo : Started. Priority: 120
2026-03-26 11:28:23,173 : INFO : EventManager : Event: ======'modes_active_modes_changed'====== Args={}
2026-03-26 11:28:23,173 : INFO : EventManager : Event: ======'mode_brian_combo_started'====== Args={'player': 1, 'ball': 1, 'balls_remaining': 0, 'is_extra_ball': False}
2026-03-26 11:28:23,173 : INFO : EventManager : Event: ======'player_brian_combo_step'====== Args={'value': 0, 'prev_value': 0, 'change': 0, 'player_num': 1, 'source': 'brian_combo'}
2026-03-26 11:28:23,173 : INFO : Mode.autoplunge : Started. Priority: 200
2026-03-26 11:28:23,173 : INFO : EventManager : Event: ======'modes_active_modes_changed'====== Args={}
2026-03-26 11:28:23,173 : INFO : EventManager : Event: ======'mode_autoplunge_started'====== Args={'player': 1, 'ball': 1, 'balls_remaining': 0, 'is_extra_ball': False}
2026-03-26 11:28:23,173 : INFO : Mode.stars_mode : Started. Priority: 220
2026-03-26 11:28:23,173 : INFO : EventManager : Event: ======'modes_active_modes_changed'====== Args={}
2026-03-26 11:28:23,173 : INFO : EventManager : Event: ======'mode_stars_mode_started'====== Args={'player': 1, 'ball': 1, 'balls_remaining': 0, 'is_extra_ball': False}
2026-03-26 11:28:23,173 : INFO : EventManager : Event: ======'player_stars_t40'====== Args={'value': 0, 'prev_value': 0, 'change': 0, 'player_num': 1, 'source': 'stars_mode'}
2026-03-26 11:28:23,174 : INFO : EventManager : Event: ======'player_stars_t41'====== Args={'value': 0, 'prev_value': 0, 'change': 0, 'player_num': 1, 'source': 'stars_mode'}
2026-03-26 11:28:23,174 : INFO : EventManager : Event: ======'player_stars_t42'====== Args={'value': 0, 'prev_value': 0, 'change': 0, 'player_num': 1, 'source': 'stars_mode'}
2026-03-26 11:28:23,174 : INFO : EventManager : Event: ======'player_stars_t43'====== Args={'value': 0, 'prev_value': 0, 'change': 0, 'player_num': 1, 'source': 'stars_mode'}
2026-03-26 11:28:23,174 : INFO : EventManager : Event: ======'player_stars_t63'====== Args={'value': 0, 'prev_value': 0, 'change': 0, 'player_num': 1, 'source': 'stars_mode'}
2026-03-26 11:28:23,174 : INFO : EventManager : Event: ======'player_stars_s80_on'====== Args={'value': 0, 'prev_value': 0, 'change': 0, 'player_num': 1, 'source': 'stars_mode'}
2026-03-26 11:28:23,174 : INFO : EventManager : Event: ======'player_stars_s80_qualified'====== Args={'value': 0, 'prev_value': 0, 'change': 0, 'player_num': 1, 'source': 'stars_mode'}
2026-03-26 11:28:23,174 : INFO : EventManager : Event: ======'player_stars_targets_lit_count'====== Args={'value': 0, 'prev_value': 0, 'change': 0, 'player_num': 1, 'source': 'stars_mode'}
2026-03-26 11:28:23,174 : INFO : EventManager : Event: ======'player_stars_10x_active'====== Args={'value': 0, 'prev_value': 0, 'change': 0, 'player_num': 1, 'source': 'stars_mode'}
2026-03-26 11:28:23,174 : INFO : EventManager : Event: ======'logicblock_super_pops_phase1_counter_updated'====== Args={'value': 0, 'enabled': False}
2026-03-26 11:28:23,174 : INFO : EventManager : Event: ======'logicblock_super_pops_phase2_counter_updated'====== Args={'value': 0, 'enabled': False}
2026-03-26 11:28:23,174 : INFO : EventManager : Event: ======'logicblock_super_pops_phase3_counter_updated'====== Args={'value': 0, 'enabled': False}
2026-03-26 11:28:23,174 : INFO : EventManager : Event: ======'logicblock_super_pops_mega_counter_updated'====== Args={'value': 0, 'enabled': False}
2026-03-26 11:28:23,175 : INFO : Mode.super_pops : Started. Priority: 210
2026-03-26 11:28:23,175 : INFO : EventManager : Event: ======'modes_active_modes_changed'====== Args={}
2026-03-26 11:28:23,175 : INFO : EventManager : Event: ======'mode_super_pops_started'====== Args={'queue': <QueuedEvent>, 'player': 1, 'ball': 1, 'balls_remaining': 0, 'is_extra_ball': False}
2026-03-26 11:28:23,175 : INFO : EventManager : Event: ======'logicblock_super_pops_phase1_counter_updated'====== Args={'value': 0, 'enabled': True}
2026-03-26 11:28:23,175 : INFO : EventManager : Event: ======'logicblock_super_pops_phase1_counter_updated'====== Args={'value': 0, 'enabled': True}
2026-03-26 11:28:23,175 : INFO : EventManager : Event: ======'player_score'====== Args={'value': 1000000, 'prev_value': 0, 'change': 1000000, 'player_num': 1, 'source': 'super_pops'}
2026-03-26 11:28:23,175 : INFO : EventManager : Event: ======'player_super_pops_multiplier'====== Args={'value': 1, 'prev_value': 0, 'change': 1, 'player_num': 1, 'source': 'super_pops'}
2026-03-26 11:28:23,176 : INFO : EventManager : Event: ======'single_player_ball_started'====== Args={}
2026-03-26 11:28:23,176 : INFO : EventManager : Event: ======'ball_start_target'====== Args={'target': 'playfield'}
2026-03-26 11:28:23,177 : INFO : ball_device.bd_plunger : Setting up player-controlled eject. Balls: 1, Target: <playfield.playfield>, player_controlled_eject_event: None
2026-03-26 11:28:23,177 : INFO : EventManager : Event: ======'balldevice_balls_available'====== Args={}
2026-03-26 11:28:23,180 : INFO : ball_device.bd_trough : State: waiting_for_target_ready
2026-03-26 11:28:23,180 : INFO : EventManager : Event: ======'balldevice_bd_trough_ball_eject_attempt'====== Args={'balls': 1, 'target': <ball_device.bd_plunger>, 'source': <ball_device.bd_trough>, 'mechanical_eject': True, 'num_attempts': 0}
2026-03-26 11:28:23,180 : INFO : ball_device.bd_plunger : State: waiting_for_ball
2026-03-26 11:28:23,181 : INFO : ball_device.bd_trough : State: ejecting
2026-03-26 11:28:23,181 : INFO : ball_device.bd_trough : Ejecting ball to <ball_device.bd_plunger>
2026-03-26 11:28:23,181 : INFO : EventManager : Event: ======'balldevice_bd_trough_ejecting_ball'====== Args={'balls': 1, 'target': <ball_device.bd_plunger>, 'source': <ball_device.bd_trough>, 'mechanical_eject': True, 'num_attempts': 0}
2026-03-26 11:28:23,182 : INFO : ball_device.bd_trough : Wait for ball to leave device
2026-03-26 11:28:23,183 : INFO : coil.c_02_trough_eject : Pulsing Driver for 15ms (1.0 pulse_power)
2026-03-26 11:28:23,223 : INFO : SwitchController : <<<<<<< 's_24_trough_1' inactive >>>>>>>
2026-03-26 11:28:23,223 : INFO : SwitchController : <<<<<<< 's_30_trough_jam' active >>>>>>>
2026-03-26 11:28:23,223 : INFO : EventManager : Event: ======'machine_var_audits_switches_s_30_trough_jam'====== Args={'value': 94, 'prev_value': 93, 'change': 1}
2026-03-26 11:28:23,224 : INFO : ball_device.bd_trough : State: ball_left
2026-03-26 11:28:23,224 : INFO : ball_device.bd_trough : Ball left
2026-03-26 11:28:23,224 : INFO : ball_device.bd_trough : Wait for confirm with timeout 10.0
2026-03-26 11:28:23,238 : INFO : SwitchController : <<<<<<< 's_30_trough_jam' inactive >>>>>>>
2026-03-26 11:28:23,441 : INFO : EventManager : Event: ======'slide_base_slide_created'====== Args={'_from_bcp': True}
2026-03-26 11:28:23,442 : INFO : EventManager : Event: ======'slide_attract_inactive'====== Args={'is_removing': True, '_from_bcp': True}
2026-03-26 11:28:23,442 : INFO : EventManager : Event: ======'slide_base_slide_active'====== Args={'original_context': 'base', 'original_calling_context': 'mode_base_started', 'priority': 100.0, 'queue': '<QueuedEvent>', 'player': 1.0, 'ball': 1.0, 'balls_remaining': 0.0, 'is_extra_ball': False, 'cmd': 'slides_play', '_from_bcp': True}
2026-03-26 11:28:23,461 : INFO : EventManager : Event: ======'slide_attract_removed'====== Args={'_from_bcp': True}
2026-03-26 11:28:23,919 : INFO : SwitchController : <<<<<<< 's_31_plunger_lane' active >>>>>>>
2026-03-26 11:28:23,919 : INFO : EventManager : Event: ======'s_31_plunger_lane_active'====== Args={}
2026-03-26 11:28:23,919 : INFO : EventManager : Event: ======'machine_var_audits_switches_s_31_plunger_lane'====== Args={'value': 85, 'prev_value': 84, 'change': 1}
2026-03-26 11:28:23,920 : INFO : Timer.t_auto_plunge : Starting Timer.
2026-03-26 11:28:23,920 : INFO : EventManager : Event: ======'timer_t_auto_plunge_started'====== Args={'ticks': 10, 'ticks_remaining': 10}
2026-03-26 11:28:23,920 : INFO : EventManager : Event: ======'timer_t_auto_plunge_tick'====== Args={'ticks': 10, 'ticks_remaining': 10}
2026-03-26 11:28:24,413 : INFO : ball_device.bd_plunger : Received ball from <ball_device.bd_trough>
2026-03-26 11:28:24,413 : INFO : EventManager : Event: ======'balldevice_bd_plunger_ball_enter'====== Args={'new_balls': 1, 'unclaimed_balls': 0, 'new_available_balls': 0, 'device': <ball_device.bd_plunger>}
2026-03-26 11:28:24,414 : INFO : EventManager : Event: ======'balldevice_bd_plunger_ball_entered'====== Args={'new_balls': 0, 'device': <ball_device.bd_plunger>}
2026-03-26 11:28:24,414 : INFO : EventManager : Event: ======'balldevice_bd_plunger_ball_count_changed'====== Args={'balls': 1}
2026-03-26 11:28:24,414 : INFO : ball_device.bd_trough : Got eject confirm
2026-03-26 11:28:24,414 : INFO : ball_device.bd_trough : Eject successful
2026-03-26 11:28:24,414 : INFO : EventManager : Event: ======'balldevice_bd_trough_ball_eject_success'====== Args={'balls': 1, 'target': <ball_device.bd_plunger>}
2026-03-26 11:28:24,414 : INFO : ball_device.bd_plunger : State: waiting_for_target_ready
2026-03-26 11:28:24,415 : INFO : EventManager : Event: ======'balldevice_bd_plunger_ball_eject_attempt'====== Args={'balls': 1, 'target': <playfield.playfield>, 'source': <ball_device.bd_plunger>, 'mechanical_eject': True, 'num_attempts': 0}
2026-03-26 11:28:24,415 : INFO : EventManager : Event: ======'balldevice_bd_trough_ball_count_changed'====== Args={'balls': 0}
2026-03-26 11:28:24,415 : INFO : ball_device.bd_trough : State: idle
2026-03-26 11:28:24,415 : INFO : ball_device.bd_plunger : State: ejecting
2026-03-26 11:28:24,415 : INFO : ball_device.bd_plunger : Ejecting ball to <playfield.playfield>
2026-03-26 11:28:24,415 : INFO : EventManager : Event: ======'balldevice_bd_plunger_ejecting_ball'====== Args={'balls': 1, 'target': <playfield.playfield>, 'source': <ball_device.bd_plunger>, 'mechanical_eject': True, 'num_attempts': 0}
2026-03-26 11:28:24,416 : INFO : ball_device.bd_plunger : Wait for ball to leave device
2026-03-26 11:28:24,920 : INFO : EventManager : Event: ======'player_autoplunge_t_auto_plunge_tick'====== Args={'value': 9, 'prev_value': 10, 'change': -1, 'player_num': 1}
2026-03-26 11:28:24,920 : INFO : EventManager : Event: ======'timer_t_auto_plunge_tick'====== Args={'ticks': 9, 'ticks_remaining': 9}
2026-03-26 11:28:25,921 : INFO : EventManager : Event: ======'player_autoplunge_t_auto_plunge_tick'====== Args={'value': 8, 'prev_value': 9, 'change': -1, 'player_num': 1}
2026-03-26 11:28:25,921 : INFO : EventManager : Event: ======'timer_t_auto_plunge_tick'====== Args={'ticks': 8, 'ticks_remaining': 8}
2026-03-26 11:28:26,920 : INFO : EventManager : Event: ======'player_autoplunge_t_auto_plunge_tick'====== Args={'value': 7, 'prev_value': 8, 'change': -1, 'player_num': 1}
2026-03-26 11:28:26,920 : INFO : EventManager : Event: ======'timer_t_auto_plunge_tick'====== Args={'ticks': 7, 'ticks_remaining': 7}
2026-03-26 11:28:27,917 : INFO : EventManager : Event: ======'player_autoplunge_t_auto_plunge_tick'====== Args={'value': 6, 'prev_value': 7, 'change': -1, 'player_num': 1}
2026-03-26 11:28:27,917 : INFO : EventManager : Event: ======'timer_t_auto_plunge_tick'====== Args={'ticks': 6, 'ticks_remaining': 6}
2026-03-26 11:28:28,918 : INFO : EventManager : Event: ======'player_autoplunge_t_auto_plunge_tick'====== Args={'value': 5, 'prev_value': 6, 'change': -1, 'player_num': 1}
2026-03-26 11:28:28,918 : INFO : EventManager : Event: ======'timer_t_auto_plunge_tick'====== Args={'ticks': 5, 'ticks_remaining': 5}
2026-03-26 11:28:29,916 : INFO : EventManager : Event: ======'player_autoplunge_t_auto_plunge_tick'====== Args={'value': 4, 'prev_value': 5, 'change': -1, 'player_num': 1}
2026-03-26 11:28:29,916 : INFO : EventManager : Event: ======'timer_t_auto_plunge_tick'====== Args={'ticks': 4, 'ticks_remaining': 4}
2026-03-26 11:28:30,727 : INFO : SwitchController : <<<<<<< 's_16_right_flipper' active >>>>>>>
2026-03-26 11:28:30,727 : INFO : EventManager : Event: ======'machine_var_audits_switches_s_16_right_flipper'====== Args={'value': 931, 'prev_value': 930, 'change': 1}
2026-03-26 11:28:30,742 : INFO : SwitchController : <<<<<<< 's_17_right_flipper_upper' active >>>>>>>
2026-03-26 11:28:30,742 : INFO : EventManager : Event: ======'machine_var_audits_switches_s_17_right_flipper_upper'====== Args={'value': 714, 'prev_value': 713, 'change': 1}
2026-03-26 11:28:30,901 : INFO : SwitchController : <<<<<<< 's_17_right_flipper_upper' inactive >>>>>>>
2026-03-26 11:28:30,901 : INFO : SwitchController : <<<<<<< 's_16_right_flipper' inactive >>>>>>>
2026-03-26 11:28:30,917 : INFO : EventManager : Event: ======'player_autoplunge_t_auto_plunge_tick'====== Args={'value': 3, 'prev_value': 4, 'change': -1, 'player_num': 1}
2026-03-26 11:28:30,917 : INFO : EventManager : Event: ======'timer_t_auto_plunge_tick'====== Args={'ticks': 3, 'ticks_remaining': 3}
2026-03-26 11:28:31,914 : INFO : EventManager : Event: ======'player_autoplunge_t_auto_plunge_tick'====== Args={'value': 2, 'prev_value': 3, 'change': -1, 'player_num': 1}
2026-03-26 11:28:31,914 : INFO : EventManager : Event: ======'timer_t_auto_plunge_tick'====== Args={'ticks': 2, 'ticks_remaining': 2}
2026-03-26 11:28:32,913 : INFO : EventManager : Event: ======'player_autoplunge_t_auto_plunge_tick'====== Args={'value': 1, 'prev_value': 2, 'change': -1, 'player_num': 1}
2026-03-26 11:28:32,913 : INFO : EventManager : Event: ======'timer_t_auto_plunge_tick'====== Args={'ticks': 1, 'ticks_remaining': 1}
2026-03-26 11:28:33,914 : INFO : EventManager : Event: ======'player_autoplunge_t_auto_plunge_tick'====== Args={'value': 0, 'prev_value': 1, 'change': -1, 'player_num': 1}
2026-03-26 11:28:33,914 : INFO : Timer.t_auto_plunge : Timer Complete
2026-03-26 11:28:33,914 : INFO : Timer.t_auto_plunge : Stopping Timer
2026-03-26 11:28:33,914 : INFO : EventManager : Event: ======'timer_t_auto_plunge_stopped'====== Args={'ticks': 0, 'ticks_remaining': 1}
2026-03-26 11:28:33,914 : INFO : EventManager : Event: ======'timer_t_auto_plunge_complete'====== Args={'ticks': 0, 'ticks_remaining': 1}
2026-03-26 11:28:33,915 : INFO : coil.c_01_plunger : Pulsing Driver for 11ms (1.0 pulse_power)
2026-03-26 11:28:33,946 : INFO : SwitchController : <<<<<<< 's_31_plunger_lane' inactive >>>>>>>
2026-03-26 11:28:33,946 : INFO : EventManager : Event: ======'s_31_plunger_lane_inactive'====== Args={}
2026-03-26 11:28:33,946 : INFO : EventManager : Event: ======'skillshot_plunger_left'====== Args={'priority': 0}
2026-03-26 11:28:33,946 : INFO : Timer.t_auto_plunge : Stopping Timer
2026-03-26 11:28:33,947 : INFO : EventManager : Event: ======'timer_t_auto_plunge_stopped'====== Args={'ticks': 0, 'ticks_remaining': 1}
2026-03-26 11:28:33,947 : INFO : EventManager : Event: ======'ball_save_request'====== Args={'priority': 0}
2026-03-26 11:28:33,947 : INFO : EventManager : Event: ======'player_skillshot_left_plunger'====== Args={'value': 1, 'prev_value': 0, 'change': 1, 'player_num': 1, 'source': 'skillshot'}
2026-03-26 11:28:33,947 : INFO : EventManager : Event: ======'ball_save_bs_default_timer_start'====== Args={}
2026-03-26 11:28:33,947 : INFO : EventManager : Event: ======'ball_save_bs_default_enabled'====== Args={}
2026-03-26 11:28:33,948 : INFO : ball_device.bd_plunger : State: ball_left
2026-03-26 11:28:33,948 : INFO : ball_device.bd_plunger : Ball left
2026-03-26 11:28:33,948 : INFO : ball_device.bd_plunger : Wait for confirm with timeout 4.0
2026-03-26 11:28:34,757 : INFO : SwitchController : <<<<<<< 's_60_top_lane_c' active >>>>>>>
2026-03-26 11:28:34,757 : INFO : EventManager : Event: ======'s_60_top_lane_c_active'====== Args={}
2026-03-26 11:28:34,757 : INFO : EventManager : Event: ======'sw_top_lanes'====== Args={}
2026-03-26 11:28:34,757 : INFO : EventManager : Event: ======'machine_var_audits_switches_s_60_top_lane_c'====== Args={'value': 34, 'prev_value': 33, 'change': 1}
2026-03-26 11:28:34,758 : INFO : EventManager : Event: ======'skillshot_first_fail'====== Args={'priority': 0}
2026-03-26 11:28:34,758 : INFO : EventManager : Event: ======'skillshot_complete'====== Args={'priority': 0}
2026-03-26 11:28:34,758 : INFO : EventManager : Event: ======'top_lane_c_turn_on'====== Args={'priority': 0}
2026-03-26 11:28:34,758 : INFO : EventManager : Event: ======'player_skillshot_first_switch_seen'====== Args={'value': 1, 'prev_value': 0, 'change': 1, 'player_num': 1, 'source': 'skillshot'}
2026-03-26 11:28:34,758 : INFO : EventManager : Event: ======'mode_skillshot_will_stop'====== Args={}
2026-03-26 11:28:34,759 : INFO : EventManager : Event: ======'mode_skillshot_stopping'====== Args={}
2026-03-26 11:28:34,759 : INFO : EventManager : Event: ======'top_lanes_check'====== Args={'priority': 0}
2026-03-26 11:28:34,759 : INFO : EventManager : Event: ======'player_top_lane_c_lit'====== Args={'value': 1, 'prev_value': 0, 'change': 1, 'player_num': 1, 'source': 'spinner_2x_qualify'}
2026-03-26 11:28:34,759 : INFO : EventManager : Event: ======'spinner_2x_stop'====== Args={'priority': 0}
2026-03-26 11:28:34,759 : INFO : EventManager : Event: ======'player_score'====== Args={'value': 1005000, 'prev_value': 1000000, 'change': 5000, 'player_num': 1, 'source': 'base'}
2026-03-26 11:28:34,759 : INFO : Mode.skillshot : Stopped.
2026-03-26 11:28:34,759 : INFO : EventManager : Event: ======'modes_active_modes_changed'====== Args={}
2026-03-26 11:28:34,760 : INFO : EventManager : Event: ======'mode_skillshot_stopped'====== Args={}
2026-03-26 11:28:34,760 : INFO : EventManager : Event: ======'clear'====== Args={'key': 'skillshot'}
2026-03-26 11:28:34,836 : INFO : SwitchController : <<<<<<< 's_60_top_lane_c' inactive >>>>>>>
2026-03-26 11:28:36,598 : INFO : SwitchController : <<<<<<< 's_58_pop_bumper_left' active >>>>>>>
2026-03-26 11:28:36,598 : INFO : EventManager : Event: ======'s_58_pop_bumper_left_active'====== Args={}
2026-03-26 11:28:36,598 : INFO : EventManager : Event: ======'sw_pops'====== Args={}
2026-03-26 11:28:36,598 : INFO : EventManager : Event: ======'playfield_active'====== Args={'source': 'ac_pop_1'}
2026-03-26 11:28:36,598 : INFO : EventManager : Event: ======'machine_var_audits_switches_s_58_pop_bumper_left'====== Args={'value': 134, 'prev_value': 133, 'change': 1}
2026-03-26 11:28:36,599 : INFO : EventManager : Event: ======'logicblock_super_pops_phase1_counter_updated'====== Args={'value': 1, 'enabled': True}
2026-03-26 11:28:36,599 : INFO : EventManager : Event: ======'counter_super_pops_phase1_counter_hit'====== Args={'count': 1, 'hits': 1, 'remaining': 4}
2026-03-26 11:28:36,599 : INFO : EventManager : Event: ======'logicblock_super_pops_phase1_counter_hit'====== Args={'count': 1, 'hits': 1, 'remaining': 4}
2026-03-26 11:28:36,599 : INFO : EventManager : Event: ======'player_score'====== Args={'value': 1005042, 'prev_value': 1005000, 'change': 42, 'player_num': 1, 'source': 'base'}
2026-03-26 11:28:36,605 : INFO : ball_device.bd_plunger : Got eject confirm
2026-03-26 11:28:36,605 : INFO : ball_device.bd_plunger : Eject successful
2026-03-26 11:28:36,605 : INFO : EventManager : Event: ======'balldevice_bd_plunger_ball_eject_success'====== Args={'balls': 1, 'target': <playfield.playfield>}
2026-03-26 11:28:36,606 : INFO : SwitchController : <<<<<<< 's_58_pop_bumper_left' inactive >>>>>>>
2026-03-26 11:28:36,606 : INFO : EventManager : Event: ======'balldevice_playfield_ball_enter'====== Args={'new_balls': 1, 'unclaimed_balls': 1, 'device': <playfield.playfield>}
2026-03-26 11:28:36,606 : INFO : EventManager : Event: ======'playfield_ball_count_change'====== Args={'balls': 1, 'change': 1}
2026-03-26 11:28:36,606 : INFO : EventManager : Event: ======'balldevice_bd_plunger_ball_count_changed'====== Args={'balls': 0}
2026-03-26 11:28:36,607 : INFO : ball_device.bd_plunger : State: idle
2026-03-26 11:28:37,091 : INFO : SwitchController : <<<<<<< 's_57_pop_bumper_center' active >>>>>>>
2026-03-26 11:28:37,091 : INFO : EventManager : Event: ======'s_57_pop_bumper_center_active'====== Args={}
2026-03-26 11:28:37,091 : INFO : EventManager : Event: ======'sw_pops'====== Args={}
2026-03-26 11:28:37,091 : INFO : EventManager : Event: ======'machine_var_audits_switches_s_57_pop_bumper_center'====== Args={'value': 89, 'prev_value': 88, 'change': 1}
2026-03-26 11:28:37,092 : INFO : EventManager : Event: ======'logicblock_super_pops_phase1_counter_updated'====== Args={'value': 2, 'enabled': True}
2026-03-26 11:28:37,092 : INFO : EventManager : Event: ======'counter_super_pops_phase1_counter_hit'====== Args={'count': 2, 'hits': 2, 'remaining': 3}
2026-03-26 11:28:37,092 : INFO : EventManager : Event: ======'logicblock_super_pops_phase1_counter_hit'====== Args={'count': 2, 'hits': 2, 'remaining': 3}
2026-03-26 11:28:37,092 : INFO : EventManager : Event: ======'player_score'====== Args={'value': 1005084, 'prev_value': 1005042, 'change': 42, 'player_num': 1, 'source': 'base'}
2026-03-26 11:28:37,107 : INFO : SwitchController : <<<<<<< 's_57_pop_bumper_center' inactive >>>>>>>
2026-03-26 11:28:37,170 : INFO : SwitchController : <<<<<<< 's_58_pop_bumper_left' active >>>>>>>
2026-03-26 11:28:37,170 : INFO : EventManager : Event: ======'s_58_pop_bumper_left_active'====== Args={}
2026-03-26 11:28:37,170 : INFO : EventManager : Event: ======'sw_pops'====== Args={}
2026-03-26 11:28:37,170 : INFO : EventManager : Event: ======'machine_var_audits_switches_s_58_pop_bumper_left'====== Args={'value': 135, 'prev_value': 134, 'change': 1}
2026-03-26 11:28:37,171 : INFO : EventManager : Event: ======'logicblock_super_pops_phase1_counter_updated'====== Args={'value': 3, 'enabled': True}
2026-03-26 11:28:37,171 : INFO : EventManager : Event: ======'counter_super_pops_phase1_counter_hit'====== Args={'count': 3, 'hits': 3, 'remaining': 2}
2026-03-26 11:28:37,171 : INFO : EventManager : Event: ======'logicblock_super_pops_phase1_counter_hit'====== Args={'count': 3, 'hits': 3, 'remaining': 2}
2026-03-26 11:28:37,171 : INFO : EventManager : Event: ======'player_score'====== Args={'value': 1005126, 'prev_value': 1005084, 'change': 42, 'player_num': 1, 'source': 'base'}
2026-03-26 11:28:37,172 : INFO : SwitchController : <<<<<<< 's_58_pop_bumper_left' inactive >>>>>>>
2026-03-26 11:28:37,186 : INFO : SwitchController : <<<<<<< 's_44_spinner_right' active >>>>>>>
2026-03-26 11:28:37,186 : INFO : EventManager : Event: ======'s_44_spinner_right_active'====== Args={}
2026-03-26 11:28:37,186 : INFO : EventManager : Event: ======'sw_spinners'====== Args={}
2026-03-26 11:28:37,186 : INFO : EventManager : Event: ======'machine_var_audits_switches_s_44_spinner_right'====== Args={'value': 37, 'prev_value': 36, 'change': 1}
2026-03-26 11:28:37,187 : INFO : EventManager : Event: ======'player_shot_spinner_right'====== Args={'value': 1, 'prev_value': 0, 'change': 1, 'player_num': 1}
2026-03-26 11:28:37,187 : INFO : EventManager : Event: ======'machine_var_audits_shots_spinner_right'====== Args={'value': 36, 'prev_value': 35, 'change': 1}
2026-03-26 11:28:37,187 : INFO : EventManager : Event: ======'spinner_right_hit'====== Args={'profile': 'default', 'state': 'unlit', 'advancing': True}
2026-03-26 11:28:37,187 : INFO : EventManager : Event: ======'spinner_right_default_hit'====== Args={'profile': 'default', 'state': 'unlit', 'advancing': True}
2026-03-26 11:28:37,187 : INFO : EventManager : Event: ======'spinner_right_default_unlit_hit'====== Args={'profile': 'default', 'state': 'unlit', 'advancing': True}
2026-03-26 11:28:37,187 : INFO : EventManager : Event: ======'spinner_right_unlit_hit'====== Args={'profile': 'default', 'state': 'unlit', 'advancing': True}
2026-03-26 11:28:37,188 : INFO : EventManager : Event: ======'player_score'====== Args={'value': 1015126, 'prev_value': 1005126, 'change': 10000, 'player_num': 1, 'source': 'base'}
2026-03-26 11:28:37,202 : INFO : SwitchController : <<<<<<< 's_44_spinner_right' inactive >>>>>>>
2026-03-26 11:28:38,932 : INFO : EventManager : Event: ======'ball_save_bs_default_hurry_up'====== Args={}
2026-03-26 11:28:38,932 : INFO : EventManager : Event: ======'ball_save_bs_default_grace_period'====== Args={}
2026-03-26 11:28:38,932 : INFO : EventManager : Event: ======'ball_save_bs_default_disabled'====== Args={}
2026-03-26 11:29:09,398 : INFO : Machine : Shutting down...
2026-03-26 11:29:09,398 : INFO : EventManager : Event: ======'shutdown'====== Args={}
2026-03-26 11:29:09,399 : INFO : EventManager : Event: ======'mode_game_will_stop'====== Args={}
2026-03-26 11:29:09,399 : INFO : EventManager : Event: ======'mode_game_stopping'====== Args={}
2026-03-26 11:29:09,400 : INFO : EventManager : Event: ======'mode_spinner_2x_qualify_will_stop'====== Args={}
2026-03-26 11:29:09,400 : INFO : EventManager : Event: ======'mode_spinner_2x_qualify_stopping'====== Args={}
2026-03-26 11:29:09,400 : INFO : EventManager : Event: ======'mode_stars_mode_will_stop'====== Args={}
2026-03-26 11:29:09,400 : INFO : EventManager : Event: ======'mode_stars_mode_stopping'====== Args={}
2026-03-26 11:29:09,400 : INFO : EventManager : Event: ======'mode_base_will_stop'====== Args={}
2026-03-26 11:29:09,400 : INFO : EventManager : Event: ======'mode_base_stopping'====== Args={}
2026-03-26 11:29:09,400 : INFO : EventManager : Event: ======'mode_brian_combo_will_stop'====== Args={}
2026-03-26 11:29:09,400 : INFO : EventManager : Event: ======'mode_brian_combo_stopping'====== Args={}
2026-03-26 11:29:09,400 : INFO : EventManager : Event: ======'mode_autoplunge_will_stop'====== Args={}
2026-03-26 11:29:09,401 : INFO : EventManager : Event: ======'mode_autoplunge_stopping'====== Args={}
2026-03-26 11:29:09,401 : INFO : EventManager : Event: ======'mode_super_pops_will_stop'====== Args={}
2026-03-26 11:29:09,401 : INFO : EventManager : Event: ======'mode_super_pops_stopping'====== Args={}
2026-03-26 11:29:09,401 : INFO : Mode.super_pops : Stopped.
2026-03-26 11:29:09,401 : INFO : EventManager : Event: ======'modes_active_modes_changed'====== Args={}
2026-03-26 11:29:09,401 : INFO : EventManager : Event: ======'mode_super_pops_stopped'====== Args={}
2026-03-26 11:29:09,401 : INFO : EventManager : Event: ======'clear'====== Args={'key': 'super_pops'}
2026-03-26 11:29:09,402 : INFO : Timer.super_pops_mult_timer : Stopping Timer
2026-03-26 11:29:09,402 : INFO : EventManager : Event: ======'timer_super_pops_mult_timer_stopped'====== Args={'ticks': 0, 'ticks_remaining': 0}
2026-03-26 11:29:09,402 : INFO : Mode.autoplunge : Stopped.
2026-03-26 11:29:09,402 : INFO : EventManager : Event: ======'modes_active_modes_changed'====== Args={}
2026-03-26 11:29:09,402 : INFO : EventManager : Event: ======'mode_autoplunge_stopped'====== Args={}
2026-03-26 11:29:09,402 : INFO : EventManager : Event: ======'clear'====== Args={'key': 'autoplunge'}
2026-03-26 11:29:09,402 : INFO : Timer.t_auto_plunge : Stopping Timer
2026-03-26 11:29:09,402 : INFO : EventManager : Event: ======'timer_t_auto_plunge_stopped'====== Args={'ticks': 0, 'ticks_remaining': 1}
2026-03-26 11:29:09,402 : INFO : Mode.brian_combo : Stopped.
2026-03-26 11:29:09,402 : INFO : EventManager : Event: ======'modes_active_modes_changed'====== Args={}
2026-03-26 11:29:09,402 : INFO : EventManager : Event: ======'mode_brian_combo_stopped'====== Args={}
2026-03-26 11:29:09,402 : INFO : EventManager : Event: ======'clear'====== Args={'key': 'brian_combo'}
2026-03-26 11:29:09,402 : INFO : Mode.stars_mode : Stopped.
2026-03-26 11:29:09,402 : INFO : EventManager : Event: ======'modes_active_modes_changed'====== Args={}
2026-03-26 11:29:09,402 : INFO : EventManager : Event: ======'mode_stars_mode_stopped'====== Args={}
2026-03-26 11:29:09,402 : INFO : EventManager : Event: ======'clear'====== Args={'key': 'stars_mode'}
2026-03-26 11:29:09,403 : INFO : Timer.stars_10x_timer : Stopping Timer
2026-03-26 11:29:09,403 : INFO : EventManager : Event: ======'timer_stars_10x_timer_stopped'====== Args={'ticks': 0, 'ticks_remaining': 0}
2026-03-26 11:29:09,403 : INFO : Timer.stars_s80_hold : Stopping Timer
2026-03-26 11:29:09,403 : INFO : EventManager : Event: ======'timer_stars_s80_hold_stopped'====== Args={'ticks': 0, 'ticks_remaining': 0}
2026-03-26 11:29:09,403 : INFO : Mode.spinner_2x_qualify : Stopped.
2026-03-26 11:29:09,403 : INFO : EventManager : Event: ======'modes_active_modes_changed'====== Args={}
2026-03-26 11:29:09,403 : INFO : EventManager : Event: ======'mode_spinner_2x_qualify_stopped'====== Args={}
2026-03-26 11:29:09,403 : INFO : EventManager : Event: ======'clear'====== Args={'key': 'spinner_2x_qualify'}
2026-03-26 11:29:09,403 : INFO : Timer.varitarget_reset_timer : Stopping Timer
2026-03-26 11:29:09,404 : INFO : EventManager : Event: ======'timer_varitarget_reset_timer_stopped'====== Args={'ticks': 0, 'ticks_remaining': 0}
2026-03-26 11:29:09,404 : INFO : Timer.varitarget_hit_settle : Stopping Timer
2026-03-26 11:29:09,404 : INFO : EventManager : Event: ======'timer_varitarget_hit_settle_stopped'====== Args={'ticks': 3, 'ticks_remaining': 0}
2026-03-26 11:29:09,404 : INFO : Mode.base : Stopped.
2026-03-26 11:29:09,404 : INFO : EventManager : Event: ======'modes_active_modes_changed'====== Args={}
2026-03-26 11:29:09,404 : INFO : EventManager : Event: ======'mode_base_stopped'====== Args={}
2026-03-26 11:29:09,404 : INFO : EventManager : Event: ======'clear'====== Args={'key': 'base'}
2026-03-26 11:29:09,405 : INFO : Timer.varitarget_reset_timer : Stopping Timer
2026-03-26 11:29:09,405 : INFO : EventManager : Event: ======'timer_varitarget_reset_timer_stopped'====== Args={'ticks': 0, 'ticks_remaining': 0}
2026-03-26 11:29:09,406 : INFO : Timer.varitarget_hit_settle : Stopping Timer
2026-03-26 11:29:09,406 : INFO : EventManager : Event: ======'timer_varitarget_hit_settle_stopped'====== Args={'ticks': 3, 'ticks_remaining': 0}
2026-03-26 11:29:09,406 : INFO : Mode.game : Stopped.
2026-03-26 11:29:09,406 : INFO : EventManager : Event: ======'modes_active_modes_changed'====== Args={}
2026-03-26 11:29:09,406 : INFO : EventManager : Event: ======'mode_game_stopped'====== Args={}
2026-03-26 11:29:09,407 : INFO : EventManager : Event: ======'clear'====== Args={'key': 'game'}
2026-03-26 11:29:09,518 : INFO : root : MPF run loop ended.
