2026-03-17 12:58:42,123 : INFO : root : Loading config.
2026-03-17 12:58:42,126 : INFO : YamlMultifileConfigLoader : Machine config file #1: config.yaml
2026-03-17 12:58:42,127 : INFO : ConfigProcessor : Loading config from cache: C:\Users\tl\AppData\Local\Temp\86f932e179f318f5dae29f066573dee9.mpf_cache
2026-03-17 12:58:42,212 : INFO : ConfigProcessor : Loading config from cache: C:\Users\tl\AppData\Local\Temp\5e7e3dd8e04e0aa46ea76018297218da.mpf_cache
2026-03-17 12:58:42,213 : INFO : ConfigProcessor : Loading config from cache: C:\Users\tl\AppData\Local\Temp\af6ad0dab2f43bd9cbdac83e0b2786ac.mpf_cache
2026-03-17 12:58:42,214 : INFO : ConfigProcessor : Loading config from cache: C:\Users\tl\AppData\Local\Temp\5e7e3dd8e04e0aa46ea76018297218da.mpf_cache
2026-03-17 12:58:42,214 : INFO : ConfigProcessor : Loading config from cache: C:\Users\tl\AppData\Local\Temp\f7ef3217062c4a128670875e2cb05ce9.mpf_cache
2026-03-17 12:58:42,215 : INFO : ConfigProcessor : Loading config from cache: C:\Users\tl\AppData\Local\Temp\b41aec6702196d0bd650320fa331266f.mpf_cache
2026-03-17 12:58:42,216 : INFO : ConfigProcessor : Loading config from cache: C:\Users\tl\AppData\Local\Temp\a951eeea2c167365e5a009cce33f51d8.mpf_cache
2026-03-17 12:58:42,216 : INFO : ConfigProcessor : Loading config from cache: C:\Users\tl\AppData\Local\Temp\f020dca9eec5e09763b9289397e6c32f.mpf_cache
2026-03-17 12:58:42,217 : INFO : ConfigProcessor : Loading config from cache: C:\Users\tl\AppData\Local\Temp\edce5a74ebf86ee6330810859c361ede.mpf_cache
2026-03-17 12:58:42,218 : INFO : ConfigProcessor : Loading config from cache: C:\Users\tl\AppData\Local\Temp\7c825e76f3d981841c3099d018a06a8f.mpf_cache
2026-03-17 12:58:42,219 : INFO : ConfigProcessor : Loading config from cache: C:\Users\tl\AppData\Local\Temp\4c1252d1f04cb61ecc91110937cfd225.mpf_cache
2026-03-17 12:58:42,219 : INFO : ConfigProcessor : Loading config from cache: C:\Users\tl\AppData\Local\Temp\8d6d681afe5a7b6e9186321cd98f18ca.mpf_cache
2026-03-17 12:58:42,221 : INFO : Machine : Mission Pinball Framework Core Engine v0.80.0.dev12
2026-03-17 12:58:42,221 : INFO : Machine : Command line arguments: {'no_load_cache': False, 'create_config_cache': True, 'bcp': True, 'configfile': ['config.yaml'], 'force_assets_load': False, 'platform_integration_test': False, 'jsonlogging': False, 'logfile': 'logs\\2026-03-17-12-58-42-mpf-DESKTOP-HV85DRD.log', 'pause': False, 'production': False, 'text_ui': True, 'loglevel': 15, 'consoleloglevel': 20, 'force_platform': 'virtual', 'syslog_address': None, 'full_logfile_path': 'C:\\Users\\tl\\Documents\\tl-pinball\\logs\\2026-03-17-12-58-42-mpf-DESKTOP-HV85DRD.log'}
2026-03-17 12:58:42,221 : INFO : Machine : MPF path: C:\mpf\Lib\site-packages\mpf
2026-03-17 12:58:42,221 : INFO : Machine : Machine path: C:\Users\tl\Documents\tl-pinball
2026-03-17 12:58:42,221 : INFO : Machine : Platform: win32
2026-03-17 12:58:42,221 : INFO : Machine : Python executable location: C:\mpf\Scripts\python.exe
2026-03-17 12:58:42,221 : INFO : Machine : Python version: 3.12.7 (64-bit)
2026-03-17 12:58:42,223 : INFO : Machine : Initializing MPF...
2026-03-17 12:58:42,449 : INFO : EventManager : Event: ======'machine_var_credits_string'====== Args={'value': 'FREE PLAY', 'prev_value': None, 'change': True}
2026-03-17 12:58:42,472 : INFO : EventManager : Event: ======'machine_var_master_volume'====== Args={'value': 0.55, 'prev_value': None, 'change': True}
2026-03-17 12:58:42,472 : INFO : EventManager : Event: ======'machine_var_player1_score'====== Args={'value': 4501428, 'prev_value': None, 'change': True}
2026-03-17 12:58:42,472 : INFO : EventManager : Event: ======'machine_var_mpf_version'====== Args={'value': 'Mission Pinball Framework v0.80.0.dev12', 'prev_value': None, 'change': True}
2026-03-17 12:58:42,472 : INFO : EventManager : Event: ======'machine_var_mpf_extended_version'====== Args={'value': 'Mission Pinball Framework v0.80.0.dev12, Config version:6, Show version: 6, BCP version:1.1', 'prev_value': None, 'change': True}
2026-03-17 12:58:42,472 : INFO : EventManager : Event: ======'machine_var_python_version'====== Args={'value': '3.12.7', 'prev_value': None, 'change': True}
2026-03-17 12:58:42,496 : INFO : EventManager : Event: ======'machine_var_platform'====== Args={'value': 'Windows-10-10.0.19044-SP0', 'prev_value': None, 'change': True}
2026-03-17 12:58:42,496 : INFO : EventManager : Event: ======'machine_var_platform_system'====== Args={'value': 'Windows', 'prev_value': None, 'change': True}
2026-03-17 12:58:42,496 : INFO : EventManager : Event: ======'machine_var_platform_release'====== Args={'value': '10', 'prev_value': None, 'change': True}
2026-03-17 12:58:42,496 : INFO : EventManager : Event: ======'machine_var_platform_version'====== Args={'value': '10.0.19044', 'prev_value': None, 'change': True}
2026-03-17 12:58:42,496 : INFO : EventManager : Event: ======'machine_var_platform_machine'====== Args={'value': 'AMD64', 'prev_value': None, 'change': True}
2026-03-17 12:58:42,496 : INFO : EventManager : Event: ======'machine_var_log_file_path'====== Args={'value': 'C:\\Users\\tl\\Documents\\tl-pinball\\logs\\2026-03-17-12-58-42-mpf-DESKTOP-HV85DRD.log', 'prev_value': None, 'change': True}
2026-03-17 12:58:42,496 : INFO : EventManager : Event: ======'init_phase_1'====== Args={}
2026-03-17 12:58:42,528 : INFO : EventManager : Event: ======'drop_target_bank_dt_bank_1_4_up'====== Args={}
2026-03-17 12:58:42,528 : INFO : EventManager : Event: ======'drop_target_bank_dt_bank_5_7_up'====== Args={}
2026-03-17 12:58:42,532 : INFO : EventManager : Event: ======'init_phase_2'====== Args={}
2026-03-17 12:58:42,543 : INFO : EventManager : Event: ======'bcp_connection_attempt'====== Args={'name': 'local_display', 'host': 'localhost', 'port': 5050}
2026-03-17 12:58:42,544 : INFO : BCPClientSocket : Connecting BCP to 'local_display' at localhost:5050...
2026-03-17 12:58:46,114 : INFO : BCPClientSocket : Connected BCP to 'local_display' localhost:5050
2026-03-17 12:58:46,114 : INFO : EventManager : Event: ======'bcp_clients_connected'====== Args={}
2026-03-17 12:58:46,250 : INFO : ball_device.bd_plunger : BCH: Initial count: 0
2026-03-17 12:58:46,251 : INFO : ball_device.bd_plunger : State: idle
2026-03-17 12:58:46,251 : INFO : ball_device.bd_trough : BCH: Initial count: 0
2026-03-17 12:58:46,251 : INFO : ball_device.bd_trough : State: idle
2026-03-17 12:58:46,251 : INFO : ball_device.bd_left_vuk : BCH: Initial count: 0
2026-03-17 12:58:46,251 : INFO : ball_device.bd_left_vuk : State: idle
2026-03-17 12:58:46,252 : INFO : ball_device.bd_right_vuk : BCH: Initial count: 0
2026-03-17 12:58:46,252 : INFO : ball_device.bd_right_vuk : State: idle
2026-03-17 12:58:46,286 : INFO : EventManager : Event: ======'init_phase_3'====== Args={}
2026-03-17 12:58:46,328 : INFO : EventManager : Event: ======'init_phase_4'====== Args={}
2026-03-17 12:58:46,329 : INFO : BallController : Initial balls found: 0
2026-03-17 12:58:46,329 : INFO : EventManager : Event: ======'machine_var_audits_events_game_ended'====== Args={'value': 23, 'prev_value': None, 'change': True}
2026-03-17 12:58:46,330 : INFO : EventManager : Event: ======'machine_var_audits_events_game_started'====== Args={'value': 132, 'prev_value': None, 'change': True}
2026-03-17 12:58:46,330 : INFO : EventManager : Event: ======'machine_var_audits_missing_switches_s_00_service_esc'====== Args={'value': 33, 'prev_value': None, 'change': True}
2026-03-17 12:58:46,330 : INFO : EventManager : Event: ======'machine_var_audits_missing_switches_s_01_service_up'====== Args={'value': 86, 'prev_value': None, 'change': True}
2026-03-17 12:58:46,330 : INFO : EventManager : Event: ======'machine_var_audits_missing_switches_s_02_service_down'====== Args={'value': 86, 'prev_value': None, 'change': True}
2026-03-17 12:58:46,330 : INFO : EventManager : Event: ======'machine_var_audits_missing_switches_s_03_service_enter'====== Args={'value': 2, 'prev_value': None, 'change': True}
2026-03-17 12:58:46,330 : INFO : EventManager : Event: ======'machine_var_audits_missing_switches_s_08_left_flipper'====== Args={'value': 48, 'prev_value': None, 'change': True}
2026-03-17 12:58:46,330 : INFO : EventManager : Event: ======'machine_var_audits_missing_switches_s_0_service_esc'====== Args={'value': 46, 'prev_value': None, 'change': True}
2026-03-17 12:58:46,330 : INFO : EventManager : Event: ======'machine_var_audits_missing_switches_s_11_start_button'====== Args={'value': 1, 'prev_value': None, 'change': True}
2026-03-17 12:58:46,330 : INFO : EventManager : Event: ======'machine_var_audits_missing_switches_s_12_tilt_bob'====== Args={'value': 3, 'prev_value': None, 'change': True}
2026-03-17 12:58:46,330 : INFO : EventManager : Event: ======'machine_var_audits_missing_switches_s_13_coin_door'====== Args={'value': 3, 'prev_value': None, 'change': True}
2026-03-17 12:58:46,330 : INFO : EventManager : Event: ======'machine_var_audits_missing_switches_s_16_right_flipper'====== Args={'value': 1, 'prev_value': None, 'change': True}
2026-03-17 12:58:46,330 : INFO : EventManager : Event: ======'machine_var_audits_missing_switches_s_17_right_flipper_upper'====== Args={'value': 69, 'prev_value': None, 'change': True}
2026-03-17 12:58:46,330 : INFO : EventManager : Event: ======'machine_var_audits_missing_switches_s_19_cab_arrow_left'====== Args={'value': 3, 'prev_value': None, 'change': True}
2026-03-17 12:58:46,331 : INFO : EventManager : Event: ======'machine_var_audits_missing_switches_s_1_service_up'====== Args={'value': 46, 'prev_value': None, 'change': True}
2026-03-17 12:58:46,331 : INFO : EventManager : Event: ======'machine_var_audits_missing_switches_s_20_cab_arrow_right'====== Args={'value': 3, 'prev_value': None, 'change': True}
2026-03-17 12:58:46,331 : INFO : EventManager : Event: ======'machine_var_audits_missing_switches_s_24_trough_1'====== Args={'value': 1, 'prev_value': None, 'change': True}
2026-03-17 12:58:46,331 : INFO : EventManager : Event: ======'machine_var_audits_missing_switches_s_25_trough_2'====== Args={'value': 18, 'prev_value': None, 'change': True}
2026-03-17 12:58:46,331 : INFO : EventManager : Event: ======'machine_var_audits_missing_switches_s_25_trough_jam'====== Args={'value': 2, 'prev_value': None, 'change': True}
2026-03-17 12:58:46,331 : INFO : EventManager : Event: ======'machine_var_audits_missing_switches_s_26_trough_1'====== Args={'value': 1, 'prev_value': None, 'change': True}
2026-03-17 12:58:46,331 : INFO : EventManager : Event: ======'machine_var_audits_missing_switches_s_26_trough_3'====== Args={'value': 67, 'prev_value': None, 'change': True}
2026-03-17 12:58:46,331 : INFO : EventManager : Event: ======'machine_var_audits_missing_switches_s_27_trough_4'====== Args={'value': 67, 'prev_value': None, 'change': True}
2026-03-17 12:58:46,331 : INFO : EventManager : Event: ======'machine_var_audits_missing_switches_s_28_trough_3'====== Args={'value': 1, 'prev_value': None, 'change': True}
2026-03-17 12:58:46,331 : INFO : EventManager : Event: ======'machine_var_audits_missing_switches_s_28_trough_5'====== Args={'value': 67, 'prev_value': None, 'change': True}
2026-03-17 12:58:46,331 : INFO : EventManager : Event: ======'machine_var_audits_missing_switches_s_29_trough_4'====== Args={'value': 1, 'prev_value': None, 'change': True}
2026-03-17 12:58:46,331 : INFO : EventManager : Event: ======'machine_var_audits_missing_switches_s_29_trough_6'====== Args={'value': 63, 'prev_value': None, 'change': True}
2026-03-17 12:58:46,331 : INFO : EventManager : Event: ======'machine_var_audits_missing_switches_s_2_service_down'====== Args={'value': 46, 'prev_value': None, 'change': True}
2026-03-17 12:58:46,331 : INFO : EventManager : Event: ======'machine_var_audits_missing_switches_s_30_trough_jam'====== Args={'value': 33, 'prev_value': None, 'change': True}
2026-03-17 12:58:46,331 : INFO : EventManager : Event: ======'machine_var_audits_missing_switches_s_31_plunger_lane'====== Args={'value': 1, 'prev_value': None, 'change': True}
2026-03-17 12:58:46,331 : INFO : EventManager : Event: ======'machine_var_audits_missing_switches_s_32_right_inlane'====== Args={'value': 19, 'prev_value': None, 'change': True}
2026-03-17 12:58:46,332 : INFO : EventManager : Event: ======'machine_var_audits_missing_switches_s_33_right_outlane'====== Args={'value': 94, 'prev_value': None, 'change': True}
2026-03-17 12:58:46,332 : INFO : EventManager : Event: ======'machine_var_audits_missing_switches_s_34_right_sling'====== Args={'value': 1, 'prev_value': None, 'change': True}
2026-03-17 12:58:46,332 : INFO : EventManager : Event: ======'machine_var_audits_missing_switches_s_35_left_inlane'====== Args={'value': 74, 'prev_value': None, 'change': True}
2026-03-17 12:58:46,332 : INFO : EventManager : Event: ======'machine_var_audits_missing_switches_s_36_left_outlane'====== Args={'value': 70, 'prev_value': None, 'change': True}
2026-03-17 12:58:46,332 : INFO : EventManager : Event: ======'machine_var_audits_missing_switches_s_37_left_sling'====== Args={'value': 69, 'prev_value': None, 'change': True}
2026-03-17 12:58:46,332 : INFO : EventManager : Event: ======'machine_var_audits_missing_switches_s_38_star_rollover_bottom'====== Args={'value': 24, 'prev_value': None, 'change': True}
2026-03-17 12:58:46,332 : INFO : EventManager : Event: ======'machine_var_audits_missing_switches_s_38_top_lane_a'====== Args={'value': 3, 'prev_value': None, 'change': True}
2026-03-17 12:58:46,332 : INFO : EventManager : Event: ======'machine_var_audits_missing_switches_s_39_star_rollover_top'====== Args={'value': 6, 'prev_value': None, 'change': True}
2026-03-17 12:58:46,332 : INFO : EventManager : Event: ======'machine_var_audits_missing_switches_s_39_top_lane_b'====== Args={'value': 3, 'prev_value': None, 'change': True}
2026-03-17 12:58:46,332 : INFO : EventManager : Event: ======'machine_var_audits_missing_switches_s_3_service_enter'====== Args={'value': 46, 'prev_value': None, 'change': True}
2026-03-17 12:58:46,332 : INFO : EventManager : Event: ======'machine_var_audits_missing_switches_s_40_stand_up_target_5'====== Args={'value': 4, 'prev_value': None, 'change': True}
2026-03-17 12:58:46,332 : INFO : EventManager : Event: ======'machine_var_audits_missing_switches_s_40_top_lane_c'====== Args={'value': 3, 'prev_value': None, 'change': True}
2026-03-17 12:58:46,332 : INFO : EventManager : Event: ======'machine_var_audits_missing_switches_s_41_pop_bumper_1'====== Args={'value': 2, 'prev_value': None, 'change': True}
2026-03-17 12:58:46,332 : INFO : EventManager : Event: ======'machine_var_audits_missing_switches_s_41_stand_up_target_6'====== Args={'value': 16, 'prev_value': None, 'change': True}
2026-03-17 12:58:46,332 : INFO : EventManager : Event: ======'machine_var_audits_missing_switches_s_42_pop_bumper_2'====== Args={'value': 3, 'prev_value': None, 'change': True}
2026-03-17 12:58:46,333 : INFO : EventManager : Event: ======'machine_var_audits_missing_switches_s_42_stand_up_target_1'====== Args={'value': 24, 'prev_value': None, 'change': True}
2026-03-17 12:58:46,333 : INFO : EventManager : Event: ======'machine_var_audits_missing_switches_s_43_stand_up_target_4'====== Args={'value': 6, 'prev_value': None, 'change': True}
2026-03-17 12:58:46,333 : INFO : EventManager : Event: ======'machine_var_audits_missing_switches_s_44_spinner_left'====== Args={'value': 1, 'prev_value': None, 'change': True}
2026-03-17 12:58:46,333 : INFO : EventManager : Event: ======'machine_var_audits_missing_switches_s_44_spinner_right'====== Args={'value': 8, 'prev_value': None, 'change': True}
2026-03-17 12:58:46,333 : INFO : EventManager : Event: ======'machine_var_audits_missing_switches_s_45_spinner_right'====== Args={'value': 3, 'prev_value': None, 'change': True}
2026-03-17 12:58:46,333 : INFO : EventManager : Event: ======'machine_var_audits_missing_switches_s_45_varitarget_poisition_1'====== Args={'value': 3, 'prev_value': None, 'change': True}
2026-03-17 12:58:46,333 : INFO : EventManager : Event: ======'machine_var_audits_missing_switches_s_46_varitarget_poisition_2'====== Args={'value': 3, 'prev_value': None, 'change': True}
2026-03-17 12:58:46,333 : INFO : EventManager : Event: ======'machine_var_audits_missing_switches_s_47_varitarget_poisition_3'====== Args={'value': 3, 'prev_value': None, 'change': True}
2026-03-17 12:58:46,333 : INFO : EventManager : Event: ======'machine_var_audits_missing_switches_s_48_varitarget_poisition_4'====== Args={'value': 3, 'prev_value': None, 'change': True}
2026-03-17 12:58:46,333 : INFO : EventManager : Event: ======'machine_var_audits_missing_switches_s_49_varitarget_poisition_5'====== Args={'value': 3, 'prev_value': None, 'change': True}
2026-03-17 12:58:46,333 : INFO : EventManager : Event: ======'machine_var_audits_missing_switches_s_50_saucer_left'====== Args={'value': 3, 'prev_value': None, 'change': True}
2026-03-17 12:58:46,333 : INFO : EventManager : Event: ======'machine_var_audits_missing_switches_s_51_saucer_right'====== Args={'value': 2, 'prev_value': None, 'change': True}
2026-03-17 12:58:46,333 : INFO : EventManager : Event: ======'machine_var_audits_missing_switches_s_52_star_rollover_top'====== Args={'value': 3, 'prev_value': None, 'change': True}
2026-03-17 12:58:46,333 : INFO : EventManager : Event: ======'machine_var_audits_missing_switches_s_53_star_rollover_bottom'====== Args={'value': 3, 'prev_value': None, 'change': True}
2026-03-17 12:58:46,334 : INFO : EventManager : Event: ======'machine_var_audits_missing_switches_s_54_single_drop_1'====== Args={'value': 3, 'prev_value': None, 'change': True}
2026-03-17 12:58:46,334 : INFO : EventManager : Event: ======'machine_var_audits_missing_switches_s_55_fourbank_drop_1'====== Args={'value': 3, 'prev_value': None, 'change': True}
2026-03-17 12:58:46,334 : INFO : EventManager : Event: ======'machine_var_audits_missing_switches_s_56_fourbank_drop_2'====== Args={'value': 3, 'prev_value': None, 'change': True}
2026-03-17 12:58:46,334 : INFO : EventManager : Event: ======'machine_var_audits_missing_switches_s_56_pop_bumper_right'====== Args={'value': 24, 'prev_value': None, 'change': True}
2026-03-17 12:58:46,334 : INFO : EventManager : Event: ======'machine_var_audits_missing_switches_s_57_fourbank_drop_3'====== Args={'value': 2, 'prev_value': None, 'change': True}
2026-03-17 12:58:46,334 : INFO : EventManager : Event: ======'machine_var_audits_missing_switches_s_57_pop_bumper_center'====== Args={'value': 12, 'prev_value': None, 'change': True}
2026-03-17 12:58:46,334 : INFO : EventManager : Event: ======'machine_var_audits_missing_switches_s_58_fourbank_drop_4'====== Args={'value': 2, 'prev_value': None, 'change': True}
2026-03-17 12:58:46,334 : INFO : EventManager : Event: ======'machine_var_audits_missing_switches_s_58_pop_bumper_left'====== Args={'value': 16, 'prev_value': None, 'change': True}
2026-03-17 12:58:46,334 : INFO : EventManager : Event: ======'machine_var_audits_missing_switches_s_59_saucer_right'====== Args={'value': 22, 'prev_value': None, 'change': True}
2026-03-17 12:58:46,334 : INFO : EventManager : Event: ======'machine_var_audits_missing_switches_s_59_threebank_drop_1'====== Args={'value': 2, 'prev_value': None, 'change': True}
2026-03-17 12:58:46,334 : INFO : EventManager : Event: ======'machine_var_audits_missing_switches_s_60_threebank_drop_2'====== Args={'value': 2, 'prev_value': None, 'change': True}
2026-03-17 12:58:46,334 : INFO : EventManager : Event: ======'machine_var_audits_missing_switches_s_60_top_lane_c'====== Args={'value': 8, 'prev_value': None, 'change': True}
2026-03-17 12:58:46,334 : INFO : EventManager : Event: ======'machine_var_audits_missing_switches_s_61_threebank_drop_3'====== Args={'value': 3, 'prev_value': None, 'change': True}
2026-03-17 12:58:46,335 : INFO : EventManager : Event: ======'machine_var_audits_missing_switches_s_61_top_lane_b'====== Args={'value': 8, 'prev_value': None, 'change': True}
2026-03-17 12:58:46,335 : INFO : EventManager : Event: ======'machine_var_audits_missing_switches_s_62_stand_up_target_1'====== Args={'value': 3, 'prev_value': None, 'change': True}
2026-03-17 12:58:46,335 : INFO : EventManager : Event: ======'machine_var_audits_missing_switches_s_62_top_lane_a'====== Args={'value': 8, 'prev_value': None, 'change': True}
2026-03-17 12:58:46,335 : INFO : EventManager : Event: ======'machine_var_audits_missing_switches_s_63_stand_up_target_2'====== Args={'value': 2, 'prev_value': None, 'change': True}
2026-03-17 12:58:46,335 : INFO : EventManager : Event: ======'machine_var_audits_missing_switches_s_63_stand_up_target_3'====== Args={'value': 8, 'prev_value': None, 'change': True}
2026-03-17 12:58:46,335 : INFO : EventManager : Event: ======'machine_var_audits_missing_switches_s_64_stand_up_target_3'====== Args={'value': 2, 'prev_value': None, 'change': True}
2026-03-17 12:58:46,335 : INFO : EventManager : Event: ======'machine_var_audits_missing_switches_s_64_varitarget_poisition_1'====== Args={'value': 18, 'prev_value': None, 'change': True}
2026-03-17 12:58:46,335 : INFO : EventManager : Event: ======'machine_var_audits_missing_switches_s_64_varitarget_position_1'====== Args={'value': 26, 'prev_value': None, 'change': True}
2026-03-17 12:58:46,335 : INFO : EventManager : Event: ======'machine_var_audits_missing_switches_s_65_stand_up_target_4'====== Args={'value': 3, 'prev_value': None, 'change': True}
2026-03-17 12:58:46,336 : INFO : EventManager : Event: ======'machine_var_audits_missing_switches_s_65_varitarget_poisition_2'====== Args={'value': 18, 'prev_value': None, 'change': True}
2026-03-17 12:58:46,336 : INFO : EventManager : Event: ======'machine_var_audits_missing_switches_s_65_varitarget_position_2'====== Args={'value': 44, 'prev_value': None, 'change': True}
2026-03-17 12:58:46,336 : INFO : EventManager : Event: ======'machine_var_audits_missing_switches_s_66_stand_up_target_5'====== Args={'value': 3, 'prev_value': None, 'change': True}
2026-03-17 12:58:46,336 : INFO : EventManager : Event: ======'machine_var_audits_missing_switches_s_66_varitarget_poisition_3'====== Args={'value': 18, 'prev_value': None, 'change': True}
2026-03-17 12:58:46,336 : INFO : EventManager : Event: ======'machine_var_audits_missing_switches_s_66_varitarget_position_3'====== Args={'value': 28, 'prev_value': None, 'change': True}
2026-03-17 12:58:46,336 : INFO : EventManager : Event: ======'machine_var_audits_missing_switches_s_67_stand_up_target_6'====== Args={'value': 3, 'prev_value': None, 'change': True}
2026-03-17 12:58:46,336 : INFO : EventManager : Event: ======'machine_var_audits_missing_switches_s_67_varitarget_poisition_4'====== Args={'value': 22, 'prev_value': None, 'change': True}
2026-03-17 12:58:46,336 : INFO : EventManager : Event: ======'machine_var_audits_missing_switches_s_67_varitarget_position_4'====== Args={'value': 8, 'prev_value': None, 'change': True}
2026-03-17 12:58:46,336 : INFO : EventManager : Event: ======'machine_var_audits_missing_switches_s_68_stand_up_target_7'====== Args={'value': 2, 'prev_value': None, 'change': True}
2026-03-17 12:58:46,336 : INFO : EventManager : Event: ======'machine_var_audits_missing_switches_s_68_varitarget_poisition_5'====== Args={'value': 62, 'prev_value': None, 'change': True}
2026-03-17 12:58:46,336 : INFO : EventManager : Event: ======'machine_var_audits_missing_switches_s_68_varitarget_position_5'====== Args={'value': 8, 'prev_value': None, 'change': True}
2026-03-17 12:58:46,337 : INFO : EventManager : Event: ======'machine_var_audits_missing_switches_s_69_stand_up_target_8'====== Args={'value': 1, 'prev_value': None, 'change': True}
2026-03-17 12:58:46,337 : INFO : EventManager : Event: ======'machine_var_audits_missing_switches_s_69_varitarget_poisition_6'====== Args={'value': 62, 'prev_value': None, 'change': True}
2026-03-17 12:58:46,337 : INFO : EventManager : Event: ======'machine_var_audits_missing_switches_s_69_varitarget_position_6'====== Args={'value': 27, 'prev_value': None, 'change': True}
2026-03-17 12:58:46,337 : INFO : EventManager : Event: ======'machine_var_audits_missing_switches_s_70_stand_up_target_9'====== Args={'value': 3, 'prev_value': None, 'change': True}
2026-03-17 12:58:46,337 : INFO : EventManager : Event: ======'machine_var_audits_missing_switches_s_70_varitarget_poisition_7'====== Args={'value': 45, 'prev_value': None, 'change': True}
2026-03-17 12:58:46,337 : INFO : EventManager : Event: ======'machine_var_audits_missing_switches_s_70_varitarget_position_7'====== Args={'value': 8, 'prev_value': None, 'change': True}
2026-03-17 12:58:46,337 : INFO : EventManager : Event: ======'machine_var_audits_missing_switches_s_71_spinner_left'====== Args={'value': 8, 'prev_value': None, 'change': True}
2026-03-17 12:58:46,337 : INFO : EventManager : Event: ======'machine_var_audits_missing_switches_s_71_stand_up_target_10'====== Args={'value': 3, 'prev_value': None, 'change': True}
2026-03-17 12:58:46,338 : INFO : EventManager : Event: ======'machine_var_audits_missing_switches_s_72_single_drop_1'====== Args={'value': 17, 'prev_value': None, 'change': True}
2026-03-17 12:58:46,338 : INFO : EventManager : Event: ======'machine_var_audits_missing_switches_s_72_stand_up_target_11'====== Args={'value': 3, 'prev_value': None, 'change': True}
2026-03-17 12:58:46,338 : INFO : EventManager : Event: ======'machine_var_audits_missing_switches_s_73_fourbank_drop_1'====== Args={'value': 26, 'prev_value': None, 'change': True}
2026-03-17 12:58:46,338 : INFO : EventManager : Event: ======'machine_var_audits_missing_switches_s_74_fourbank_drop_2'====== Args={'value': 26, 'prev_value': None, 'change': True}
2026-03-17 12:58:46,338 : INFO : EventManager : Event: ======'machine_var_audits_missing_switches_s_75_fourbank_drop_3'====== Args={'value': 26, 'prev_value': None, 'change': True}
2026-03-17 12:58:46,338 : INFO : EventManager : Event: ======'machine_var_audits_missing_switches_s_76_fourbank_drop_4'====== Args={'value': 26, 'prev_value': None, 'change': True}
2026-03-17 12:58:46,338 : INFO : EventManager : Event: ======'machine_var_audits_missing_switches_s_77_threebank_drop_1'====== Args={'value': 26, 'prev_value': None, 'change': True}
2026-03-17 12:58:46,338 : INFO : EventManager : Event: ======'machine_var_audits_missing_switches_s_78_threebank_drop_2'====== Args={'value': 16, 'prev_value': None, 'change': True}
2026-03-17 12:58:46,338 : INFO : EventManager : Event: ======'machine_var_audits_missing_switches_s_79_threebank_drop_3'====== Args={'value': 16, 'prev_value': None, 'change': True}
2026-03-17 12:58:46,338 : INFO : EventManager : Event: ======'machine_var_audits_missing_switches_s_80_stand_up_target_2'====== Args={'value': 24, 'prev_value': None, 'change': True}
2026-03-17 12:58:46,338 : INFO : EventManager : Event: ======'machine_var_audits_missing_switches_s_81_saucer_left'====== Args={'value': 22, 'prev_value': None, 'change': True}
2026-03-17 12:58:46,339 : INFO : EventManager : Event: ======'machine_var_audits_missing_switches_s_82_stand_up_target_bank_1'====== Args={'value': 26, 'prev_value': None, 'change': True}
2026-03-17 12:58:46,339 : INFO : EventManager : Event: ======'machine_var_audits_missing_switches_s_83_stand_up_target_bank_2'====== Args={'value': 17, 'prev_value': None, 'change': True}
2026-03-17 12:58:46,339 : INFO : EventManager : Event: ======'machine_var_audits_missing_switches_s_84_stand_up_target_bank_3'====== Args={'value': 26, 'prev_value': None, 'change': True}
2026-03-17 12:58:46,339 : INFO : EventManager : Event: ======'machine_var_audits_missing_switches_s_85_stand_up_target_bank_4'====== Args={'value': 26, 'prev_value': None, 'change': True}
2026-03-17 12:58:46,339 : INFO : EventManager : Event: ======'machine_var_audits_missing_switches_s_86_stand_up_target_bank_5'====== Args={'value': 26, 'prev_value': None, 'change': True}
2026-03-17 12:58:46,339 : INFO : EventManager : Event: ======'machine_var_audits_missing_switches_s_87_stand_up_target_bank_6'====== Args={'value': 26, 'prev_value': None, 'change': True}
2026-03-17 12:58:46,339 : INFO : EventManager : Event: ======'machine_var_audits_missing_switches_s_8_left_flipper'====== Args={'value': 19, 'prev_value': None, 'change': True}
2026-03-17 12:58:46,339 : INFO : EventManager : Event: ======'machine_var_audits_player_score'====== Args={'value': {'average': 1514207, 'top': [15147626, 4501428, 4304452, 1923298, 1875588, 1790630, 1540000, 1500420, 1500378, 1220924], 'total': 24}, 'prev_value': None, 'change': True}
2026-03-17 12:58:46,339 : INFO : EventManager : Event: ======'machine_var_audits_shots_varitarget_p1'====== Args={'value': 13, 'prev_value': None, 'change': True}
2026-03-17 12:58:46,339 : INFO : EventManager : Event: ======'machine_var_audits_shots_varitarget_p3'====== Args={'value': 1, 'prev_value': None, 'change': True}
2026-03-17 12:58:46,339 : INFO : EventManager : Event: ======'machine_var_audits_shots_varitarget_p4'====== Args={'value': 4, 'prev_value': None, 'change': True}
2026-03-17 12:58:46,340 : INFO : EventManager : Event: ======'machine_var_audits_shots_varitarget_p5'====== Args={'value': 5, 'prev_value': None, 'change': True}
2026-03-17 12:58:46,340 : INFO : EventManager : Event: ======'machine_var_audits_shots_varitarget_p6'====== Args={'value': 2, 'prev_value': None, 'change': True}
2026-03-17 12:58:46,340 : INFO : EventManager : Event: ======'machine_var_audits_shots_varitarget_p7'====== Args={'value': 7, 'prev_value': None, 'change': True}
2026-03-17 12:58:46,340 : INFO : EventManager : Event: ======'machine_var_audits_switches_s_00_service_esc'====== Args={'value': 3, 'prev_value': None, 'change': True}
2026-03-17 12:58:46,340 : INFO : EventManager : Event: ======'machine_var_audits_switches_s_01_service_up'====== Args={'value': 0, 'prev_value': None, 'change': True}
2026-03-17 12:58:46,340 : INFO : EventManager : Event: ======'machine_var_audits_switches_s_02_service_down'====== Args={'value': 0, 'prev_value': None, 'change': True}
2026-03-17 12:58:46,340 : INFO : EventManager : Event: ======'machine_var_audits_switches_s_03_service_enter'====== Args={'value': 8, 'prev_value': None, 'change': True}
2026-03-17 12:58:46,340 : INFO : EventManager : Event: ======'machine_var_audits_switches_s_08_left_flipper'====== Args={'value': 49, 'prev_value': None, 'change': True}
2026-03-17 12:58:46,340 : INFO : EventManager : Event: ======'machine_var_audits_switches_s_0_service_esc'====== Args={'value': 0, 'prev_value': None, 'change': True}
2026-03-17 12:58:46,340 : INFO : EventManager : Event: ======'machine_var_audits_switches_s_11_start_button'====== Args={'value': 27, 'prev_value': None, 'change': True}
2026-03-17 12:58:46,340 : INFO : EventManager : Event: ======'machine_var_audits_switches_s_12_tilt_bob'====== Args={'value': 0, 'prev_value': None, 'change': True}
2026-03-17 12:58:46,341 : INFO : EventManager : Event: ======'machine_var_audits_switches_s_13_coin_door'====== Args={'value': 0, 'prev_value': None, 'change': True}
2026-03-17 12:58:46,341 : INFO : EventManager : Event: ======'machine_var_audits_switches_s_16_right_flipper'====== Args={'value': 686, 'prev_value': None, 'change': True}
2026-03-17 12:58:46,341 : INFO : EventManager : Event: ======'machine_var_audits_switches_s_17_right_flipper_upper'====== Args={'value': 538, 'prev_value': None, 'change': True}
2026-03-17 12:58:46,341 : INFO : EventManager : Event: ======'machine_var_audits_switches_s_19_cab_arrow_left'====== Args={'value': 0, 'prev_value': None, 'change': True}
2026-03-17 12:58:46,341 : INFO : EventManager : Event: ======'machine_var_audits_switches_s_1_service_up'====== Args={'value': 0, 'prev_value': None, 'change': True}
2026-03-17 12:58:46,341 : INFO : EventManager : Event: ======'machine_var_audits_switches_s_20_cab_arrow_right'====== Args={'value': 0, 'prev_value': None, 'change': True}
2026-03-17 12:58:46,341 : INFO : EventManager : Event: ======'machine_var_audits_switches_s_24_plunger_lane'====== Args={'value': 19, 'prev_value': None, 'change': True}
2026-03-17 12:58:46,341 : INFO : EventManager : Event: ======'machine_var_audits_switches_s_24_trough_1'====== Args={'value': 124, 'prev_value': None, 'change': True}
2026-03-17 12:58:46,341 : INFO : EventManager : Event: ======'machine_var_audits_switches_s_25_trough_2'====== Args={'value': 66, 'prev_value': None, 'change': True}
2026-03-17 12:58:46,341 : INFO : EventManager : Event: ======'machine_var_audits_switches_s_25_trough_jam'====== Args={'value': 3, 'prev_value': None, 'change': True}
2026-03-17 12:58:46,341 : INFO : EventManager : Event: ======'machine_var_audits_switches_s_26_trough_1'====== Args={'value': 21, 'prev_value': None, 'change': True}
2026-03-17 12:58:46,341 : INFO : EventManager : Event: ======'machine_var_audits_switches_s_26_trough_3'====== Args={'value': 53, 'prev_value': None, 'change': True}
2026-03-17 12:58:46,341 : INFO : EventManager : Event: ======'machine_var_audits_switches_s_27_trough_2'====== Args={'value': 19, 'prev_value': None, 'change': True}
2026-03-17 12:58:46,342 : INFO : EventManager : Event: ======'machine_var_audits_switches_s_27_trough_4'====== Args={'value': 45, 'prev_value': None, 'change': True}
2026-03-17 12:58:46,342 : INFO : EventManager : Event: ======'machine_var_audits_switches_s_28_trough_3'====== Args={'value': 2, 'prev_value': None, 'change': True}
2026-03-17 12:58:46,342 : INFO : EventManager : Event: ======'machine_var_audits_switches_s_28_trough_5'====== Args={'value': 48, 'prev_value': None, 'change': True}
2026-03-17 12:58:46,342 : INFO : EventManager : Event: ======'machine_var_audits_switches_s_29_trough_4'====== Args={'value': 2, 'prev_value': None, 'change': True}
2026-03-17 12:58:46,342 : INFO : EventManager : Event: ======'machine_var_audits_switches_s_29_trough_6'====== Args={'value': 73, 'prev_value': None, 'change': True}
2026-03-17 12:58:46,342 : INFO : EventManager : Event: ======'machine_var_audits_switches_s_2_service_down'====== Args={'value': 0, 'prev_value': None, 'change': True}
2026-03-17 12:58:46,342 : INFO : EventManager : Event: ======'machine_var_audits_switches_s_30_trough_jam'====== Args={'value': 102, 'prev_value': None, 'change': True}
2026-03-17 12:58:46,342 : INFO : EventManager : Event: ======'machine_var_audits_switches_s_31_plunger_lane'====== Args={'value': 226, 'prev_value': None, 'change': True}
2026-03-17 12:58:46,342 : INFO : EventManager : Event: ======'machine_var_audits_switches_s_32_right_inlane'====== Args={'value': 112, 'prev_value': None, 'change': True}
2026-03-17 12:58:46,342 : INFO : EventManager : Event: ======'machine_var_audits_switches_s_33_right_outlane'====== Args={'value': 1, 'prev_value': None, 'change': True}
2026-03-17 12:58:46,342 : INFO : EventManager : Event: ======'machine_var_audits_switches_s_34_right_sling'====== Args={'value': 753, 'prev_value': None, 'change': True}
2026-03-17 12:58:46,342 : INFO : EventManager : Event: ======'machine_var_audits_switches_s_35_left_inlane'====== Args={'value': 46, 'prev_value': None, 'change': True}
2026-03-17 12:58:46,342 : INFO : EventManager : Event: ======'machine_var_audits_switches_s_36_left_outlane'====== Args={'value': 269, 'prev_value': None, 'change': True}
2026-03-17 12:58:46,343 : INFO : EventManager : Event: ======'machine_var_audits_switches_s_37_left_sling'====== Args={'value': 177, 'prev_value': None, 'change': True}
2026-03-17 12:58:46,343 : INFO : EventManager : Event: ======'machine_var_audits_switches_s_38_star_rollover_bottom'====== Args={'value': 13, 'prev_value': None, 'change': True}
2026-03-17 12:58:46,343 : INFO : EventManager : Event: ======'machine_var_audits_switches_s_38_top_lane_a'====== Args={'value': 0, 'prev_value': None, 'change': True}
2026-03-17 12:58:46,343 : INFO : EventManager : Event: ======'machine_var_audits_switches_s_39_star_rollover_top'====== Args={'value': 48, 'prev_value': None, 'change': True}
2026-03-17 12:58:46,343 : INFO : EventManager : Event: ======'machine_var_audits_switches_s_39_top_lane_b'====== Args={'value': 0, 'prev_value': None, 'change': True}
2026-03-17 12:58:46,343 : INFO : EventManager : Event: ======'machine_var_audits_switches_s_3_service_enter'====== Args={'value': 0, 'prev_value': None, 'change': True}
2026-03-17 12:58:46,343 : INFO : EventManager : Event: ======'machine_var_audits_switches_s_40_stand_up_target_5'====== Args={'value': 37, 'prev_value': None, 'change': True}
2026-03-17 12:58:46,343 : INFO : EventManager : Event: ======'machine_var_audits_switches_s_40_stand_up_target_7'====== Args={'value': 26, 'prev_value': None, 'change': True}
2026-03-17 12:58:46,343 : INFO : EventManager : Event: ======'machine_var_audits_switches_s_40_top_lane_c'====== Args={'value': 0, 'prev_value': None, 'change': True}
2026-03-17 12:58:46,343 : INFO : EventManager : Event: ======'machine_var_audits_switches_s_41_pop_bumper_1'====== Args={'value': 1, 'prev_value': None, 'change': True}
2026-03-17 12:58:46,343 : INFO : EventManager : Event: ======'machine_var_audits_switches_s_41_stand_up_target_6'====== Args={'value': 19, 'prev_value': None, 'change': True}
2026-03-17 12:58:46,343 : INFO : EventManager : Event: ======'machine_var_audits_switches_s_41_stand_up_target_8'====== Args={'value': 32, 'prev_value': None, 'change': True}
2026-03-17 12:58:46,344 : INFO : EventManager : Event: ======'machine_var_audits_switches_s_42_pop_bumper_2'====== Args={'value': 0, 'prev_value': None, 'change': True}
2026-03-17 12:58:46,344 : INFO : EventManager : Event: ======'machine_var_audits_switches_s_42_stand_up_target_1'====== Args={'value': 29, 'prev_value': None, 'change': True}
2026-03-17 12:58:46,344 : INFO : EventManager : Event: ======'machine_var_audits_switches_s_42_stand_up_target_9'====== Args={'value': 69, 'prev_value': None, 'change': True}
2026-03-17 12:58:46,344 : INFO : EventManager : Event: ======'machine_var_audits_switches_s_43_pop_bumper_3'====== Args={'value': 16, 'prev_value': None, 'change': True}
2026-03-17 12:58:46,344 : INFO : EventManager : Event: ======'machine_var_audits_switches_s_43_stand_up_target_10'====== Args={'value': 40, 'prev_value': None, 'change': True}
2026-03-17 12:58:46,344 : INFO : EventManager : Event: ======'machine_var_audits_switches_s_43_stand_up_target_4'====== Args={'value': 56, 'prev_value': None, 'change': True}
2026-03-17 12:58:46,344 : INFO : EventManager : Event: ======'machine_var_audits_switches_s_44_spinner_left'====== Args={'value': 8, 'prev_value': None, 'change': True}
2026-03-17 12:58:46,344 : INFO : EventManager : Event: ======'machine_var_audits_switches_s_44_spinner_right'====== Args={'value': 566, 'prev_value': None, 'change': True}
2026-03-17 12:58:46,344 : INFO : EventManager : Event: ======'machine_var_audits_switches_s_45_spinner_right'====== Args={'value': 0, 'prev_value': None, 'change': True}
2026-03-17 12:58:46,344 : INFO : EventManager : Event: ======'machine_var_audits_switches_s_45_varitarget_poisition_1'====== Args={'value': 0, 'prev_value': None, 'change': True}
2026-03-17 12:58:46,344 : INFO : EventManager : Event: ======'machine_var_audits_switches_s_46_varitarget_poisition_2'====== Args={'value': 0, 'prev_value': None, 'change': True}
2026-03-17 12:58:46,344 : INFO : EventManager : Event: ======'machine_var_audits_switches_s_47_varitarget_poisition_3'====== Args={'value': 0, 'prev_value': None, 'change': True}
2026-03-17 12:58:46,344 : INFO : EventManager : Event: ======'machine_var_audits_switches_s_48_varitarget_poisition_4'====== Args={'value': 0, 'prev_value': None, 'change': True}
2026-03-17 12:58:46,345 : INFO : EventManager : Event: ======'machine_var_audits_switches_s_49_varitarget_poisition_5'====== Args={'value': 0, 'prev_value': None, 'change': True}
2026-03-17 12:58:46,345 : INFO : EventManager : Event: ======'machine_var_audits_switches_s_50_saucer_left'====== Args={'value': 0, 'prev_value': None, 'change': True}
2026-03-17 12:58:46,345 : INFO : EventManager : Event: ======'machine_var_audits_switches_s_51_saucer_right'====== Args={'value': 2, 'prev_value': None, 'change': True}
2026-03-17 12:58:46,345 : INFO : EventManager : Event: ======'machine_var_audits_switches_s_52_star_rollover_top'====== Args={'value': 0, 'prev_value': None, 'change': True}
2026-03-17 12:58:46,345 : INFO : EventManager : Event: ======'machine_var_audits_switches_s_53_star_rollover_bottom'====== Args={'value': 0, 'prev_value': None, 'change': True}
2026-03-17 12:58:46,345 : INFO : EventManager : Event: ======'machine_var_audits_switches_s_54_single_drop_1'====== Args={'value': 0, 'prev_value': None, 'change': True}
2026-03-17 12:58:46,345 : INFO : EventManager : Event: ======'machine_var_audits_switches_s_55_fourbank_drop_1'====== Args={'value': 0, 'prev_value': None, 'change': True}
2026-03-17 12:58:46,345 : INFO : EventManager : Event: ======'machine_var_audits_switches_s_56_fourbank_drop_2'====== Args={'value': 0, 'prev_value': None, 'change': True}
2026-03-17 12:58:46,345 : INFO : EventManager : Event: ======'machine_var_audits_switches_s_56_pop_bumper_right'====== Args={'value': 623, 'prev_value': None, 'change': True}
2026-03-17 12:58:46,345 : INFO : EventManager : Event: ======'machine_var_audits_switches_s_57_fourbank_drop_3'====== Args={'value': 1, 'prev_value': None, 'change': True}
2026-03-17 12:58:46,345 : INFO : EventManager : Event: ======'machine_var_audits_switches_s_57_pop_bumper_center'====== Args={'value': 481, 'prev_value': None, 'change': True}
2026-03-17 12:58:46,346 : INFO : EventManager : Event: ======'machine_var_audits_switches_s_58_fourbank_drop_4'====== Args={'value': 1, 'prev_value': None, 'change': True}
2026-03-17 12:58:46,346 : INFO : EventManager : Event: ======'machine_var_audits_switches_s_58_pop_bumper_left'====== Args={'value': 905, 'prev_value': None, 'change': True}
2026-03-17 12:58:46,346 : INFO : EventManager : Event: ======'machine_var_audits_switches_s_59_saucer_right'====== Args={'value': 10, 'prev_value': None, 'change': True}
2026-03-17 12:58:46,346 : INFO : EventManager : Event: ======'machine_var_audits_switches_s_59_threebank_drop_1'====== Args={'value': 1, 'prev_value': None, 'change': True}
2026-03-17 12:58:46,346 : INFO : EventManager : Event: ======'machine_var_audits_switches_s_60_threebank_drop_2'====== Args={'value': 1, 'prev_value': None, 'change': True}
2026-03-17 12:58:46,346 : INFO : EventManager : Event: ======'machine_var_audits_switches_s_60_top_lane_c'====== Args={'value': 167, 'prev_value': None, 'change': True}
2026-03-17 12:58:46,346 : INFO : EventManager : Event: ======'machine_var_audits_switches_s_61_threebank_drop_3'====== Args={'value': 0, 'prev_value': None, 'change': True}
2026-03-17 12:58:46,346 : INFO : EventManager : Event: ======'machine_var_audits_switches_s_61_top_lane_b'====== Args={'value': 94, 'prev_value': None, 'change': True}
2026-03-17 12:58:46,346 : INFO : EventManager : Event: ======'machine_var_audits_switches_s_62_stand_up_target_1'====== Args={'value': 0, 'prev_value': None, 'change': True}
2026-03-17 12:58:46,346 : INFO : EventManager : Event: ======'machine_var_audits_switches_s_62_top_lane_a'====== Args={'value': 204, 'prev_value': None, 'change': True}
2026-03-17 12:58:46,346 : INFO : EventManager : Event: ======'machine_var_audits_switches_s_63_stand_up_target_11'====== Args={'value': 43, 'prev_value': None, 'change': True}
2026-03-17 12:58:46,346 : INFO : EventManager : Event: ======'machine_var_audits_switches_s_63_stand_up_target_2'====== Args={'value': 1, 'prev_value': None, 'change': True}
2026-03-17 12:58:46,347 : INFO : EventManager : Event: ======'machine_var_audits_switches_s_63_stand_up_target_3'====== Args={'value': 21, 'prev_value': None, 'change': True}
2026-03-17 12:58:46,347 : INFO : EventManager : Event: ======'machine_var_audits_switches_s_64_stand_up_target_3'====== Args={'value': 1, 'prev_value': None, 'change': True}
2026-03-17 12:58:46,347 : INFO : EventManager : Event: ======'machine_var_audits_switches_s_64_varitarget_poisition_1'====== Args={'value': 986, 'prev_value': None, 'change': True}
2026-03-17 12:58:46,347 : INFO : EventManager : Event: ======'machine_var_audits_switches_s_64_varitarget_position_1'====== Args={'value': 18, 'prev_value': None, 'change': True}
2026-03-17 12:58:46,347 : INFO : EventManager : Event: ======'machine_var_audits_switches_s_65_stand_up_target_4'====== Args={'value': 0, 'prev_value': None, 'change': True}
2026-03-17 12:58:46,347 : INFO : EventManager : Event: ======'machine_var_audits_switches_s_65_varitarget_poisition_2'====== Args={'value': 16, 'prev_value': None, 'change': True}
2026-03-17 12:58:46,347 : INFO : EventManager : Event: ======'machine_var_audits_switches_s_65_varitarget_position_2'====== Args={'value': 1, 'prev_value': None, 'change': True}
2026-03-17 12:58:46,347 : INFO : EventManager : Event: ======'machine_var_audits_switches_s_66_stand_up_target_5'====== Args={'value': 0, 'prev_value': None, 'change': True}
2026-03-17 12:58:46,347 : INFO : EventManager : Event: ======'machine_var_audits_switches_s_66_varitarget_poisition_3'====== Args={'value': 11, 'prev_value': None, 'change': True}
2026-03-17 12:58:46,347 : INFO : EventManager : Event: ======'machine_var_audits_switches_s_66_varitarget_position_3'====== Args={'value': 3, 'prev_value': None, 'change': True}
2026-03-17 12:58:46,347 : INFO : EventManager : Event: ======'machine_var_audits_switches_s_67_stand_up_target_6'====== Args={'value': 0, 'prev_value': None, 'change': True}
2026-03-17 12:58:46,347 : INFO : EventManager : Event: ======'machine_var_audits_switches_s_67_varitarget_poisition_4'====== Args={'value': 12, 'prev_value': None, 'change': True}
2026-03-17 12:58:46,348 : INFO : EventManager : Event: ======'machine_var_audits_switches_s_67_varitarget_position_4'====== Args={'value': 9, 'prev_value': None, 'change': True}
2026-03-17 12:58:46,348 : INFO : EventManager : Event: ======'machine_var_audits_switches_s_68_stand_up_target_7'====== Args={'value': 1, 'prev_value': None, 'change': True}
2026-03-17 12:58:46,348 : INFO : EventManager : Event: ======'machine_var_audits_switches_s_68_varitarget_poisition_5'====== Args={'value': 5, 'prev_value': None, 'change': True}
2026-03-17 12:58:46,348 : INFO : EventManager : Event: ======'machine_var_audits_switches_s_68_varitarget_position_5'====== Args={'value': 6, 'prev_value': None, 'change': True}
2026-03-17 12:58:46,348 : INFO : EventManager : Event: ======'machine_var_audits_switches_s_69_stand_up_target_8'====== Args={'value': 2, 'prev_value': None, 'change': True}
2026-03-17 12:58:46,348 : INFO : EventManager : Event: ======'machine_var_audits_switches_s_69_varitarget_poisition_6'====== Args={'value': 4, 'prev_value': None, 'change': True}
2026-03-17 12:58:46,348 : INFO : EventManager : Event: ======'machine_var_audits_switches_s_69_varitarget_position_6'====== Args={'value': 4, 'prev_value': None, 'change': True}
2026-03-17 12:58:46,348 : INFO : EventManager : Event: ======'machine_var_audits_switches_s_70_stand_up_target_9'====== Args={'value': 0, 'prev_value': None, 'change': True}
2026-03-17 12:58:46,348 : INFO : EventManager : Event: ======'machine_var_audits_switches_s_70_varitarget_poisition_7'====== Args={'value': 66, 'prev_value': None, 'change': True}
2026-03-17 12:58:46,348 : INFO : EventManager : Event: ======'machine_var_audits_switches_s_70_varitarget_position_7'====== Args={'value': 16, 'prev_value': None, 'change': True}
2026-03-17 12:58:46,348 : INFO : EventManager : Event: ======'machine_var_audits_switches_s_71_spinner_left'====== Args={'value': 2138, 'prev_value': None, 'change': True}
2026-03-17 12:58:46,349 : INFO : EventManager : Event: ======'machine_var_audits_switches_s_71_stand_up_target_10'====== Args={'value': 0, 'prev_value': None, 'change': True}
2026-03-17 12:58:46,349 : INFO : EventManager : Event: ======'machine_var_audits_switches_s_72_single_drop_1'====== Args={'value': 69, 'prev_value': None, 'change': True}
2026-03-17 12:58:46,349 : INFO : EventManager : Event: ======'machine_var_audits_switches_s_72_stand_up_target_11'====== Args={'value': 0, 'prev_value': None, 'change': True}
2026-03-17 12:58:46,349 : INFO : EventManager : Event: ======'machine_var_audits_switches_s_73_fourbank_drop_1'====== Args={'value': 256, 'prev_value': None, 'change': True}
2026-03-17 12:58:46,349 : INFO : EventManager : Event: ======'machine_var_audits_switches_s_74_fourbank_drop_2'====== Args={'value': 110, 'prev_value': None, 'change': True}
2026-03-17 12:58:46,349 : INFO : EventManager : Event: ======'machine_var_audits_switches_s_75_fourbank_drop_3'====== Args={'value': 102, 'prev_value': None, 'change': True}
2026-03-17 12:58:46,349 : INFO : EventManager : Event: ======'machine_var_audits_switches_s_76_fourbank_drop_4'====== Args={'value': 6, 'prev_value': None, 'change': True}
2026-03-17 12:58:46,349 : INFO : EventManager : Event: ======'machine_var_audits_switches_s_77_threebank_drop_1'====== Args={'value': 96, 'prev_value': None, 'change': True}
2026-03-17 12:58:46,349 : INFO : EventManager : Event: ======'machine_var_audits_switches_s_78_threebank_drop_2'====== Args={'value': 2187, 'prev_value': None, 'change': True}
2026-03-17 12:58:46,349 : INFO : EventManager : Event: ======'machine_var_audits_switches_s_79_threebank_drop_3'====== Args={'value': 321, 'prev_value': None, 'change': True}
2026-03-17 12:58:46,349 : INFO : EventManager : Event: ======'machine_var_audits_switches_s_80_stand_up_target_1'====== Args={'value': 72, 'prev_value': None, 'change': True}
2026-03-17 12:58:46,350 : INFO : EventManager : Event: ======'machine_var_audits_switches_s_80_stand_up_target_2'====== Args={'value': 18, 'prev_value': None, 'change': True}
2026-03-17 12:58:46,350 : INFO : EventManager : Event: ======'machine_var_audits_switches_s_81_saucer_left'====== Args={'value': 28, 'prev_value': None, 'change': True}
2026-03-17 12:58:46,350 : INFO : EventManager : Event: ======'machine_var_audits_switches_s_82_stand_up_target_bank_1'====== Args={'value': 27, 'prev_value': None, 'change': True}
2026-03-17 12:58:46,350 : INFO : EventManager : Event: ======'machine_var_audits_switches_s_83_stand_up_target_bank_2'====== Args={'value': 70, 'prev_value': None, 'change': True}
2026-03-17 12:58:46,350 : INFO : EventManager : Event: ======'machine_var_audits_switches_s_84_stand_up_target_bank_3'====== Args={'value': 43, 'prev_value': None, 'change': True}
2026-03-17 12:58:46,350 : INFO : EventManager : Event: ======'machine_var_audits_switches_s_85_stand_up_target_bank_4'====== Args={'value': 58, 'prev_value': None, 'change': True}
2026-03-17 12:58:46,350 : INFO : EventManager : Event: ======'machine_var_audits_switches_s_86_stand_up_target_bank_5'====== Args={'value': 217, 'prev_value': None, 'change': True}
2026-03-17 12:58:46,351 : INFO : EventManager : Event: ======'machine_var_audits_switches_s_87_stand_up_target_bank_6'====== Args={'value': 145, 'prev_value': None, 'change': True}
2026-03-17 12:58:46,351 : INFO : EventManager : Event: ======'machine_var_audits_switches_s_8_left_flipper'====== Args={'value': 455, 'prev_value': None, 'change': True}
2026-03-17 12:58:46,351 : INFO : EventManager : Event: ======'init_phase_5'====== Args={}
2026-03-17 12:58:46,356 : INFO : EventManager : Event: ======'init_done'====== Args={}
2026-03-17 12:58:46,357 : INFO : EventManager : Event: ======'machine_reset_phase_1'====== Args={}
2026-03-17 12:58:46,367 : INFO : EventManager : Event: ======'machine_reset_phase_2'====== Args={}
2026-03-17 12:58:46,367 : INFO : EventManager : Event: ======'machine_reset_phase_3'====== Args={}
2026-03-17 12:58:46,367 : INFO : drop_target_bank.dt_bank_1_4 : All targets are already up. Will not reset bank.
2026-03-17 12:58:46,367 : INFO : drop_target_bank.dt_bank_5_7 : All targets are already up. Will not reset bank.
2026-03-17 12:58:46,367 : INFO : EventManager : Event: ======'reset_complete'====== Args={}
2026-03-17 12:58:46,368 : INFO : EventManager : Event: ======'mode_attract_will_start'====== Args={}
2026-03-17 12:58:46,368 : INFO : Timer.attract_carousel_timer : Starting Timer.
2026-03-17 12:58:46,368 : INFO : EventManager : Event: ======'timer_attract_carousel_timer_started'====== Args={'ticks': 0, 'ticks_remaining': 1}
2026-03-17 12:58:46,368 : INFO : EventManager : Event: ======'timer_attract_carousel_timer_tick'====== Args={'ticks': 0, 'ticks_remaining': 1}
2026-03-17 12:58:46,369 : INFO : EventManager : Event: ======'mode_attract_starting'====== Args={}
2026-03-17 12:58:46,369 : INFO : Mode.attract : Started. Priority: 10
2026-03-17 12:58:46,369 : INFO : EventManager : Event: ======'modes_active_modes_changed'====== Args={}
2026-03-17 12:58:46,369 : INFO : EventManager : Event: ======'mode_attract_started'====== Args={}
2026-03-17 12:58:46,369 : INFO : EventManager : Event: ======'collecting_balls_complete'====== Args={}
2026-03-17 12:58:46,369 : INFO : EventManager : Event: ======'carousel_item_highlighted'====== Args={'carousel': 'attract', 'direction': None, 'item': 'title'}
2026-03-17 12:58:46,376 : INFO : Machine : Starting the main run loop with active modes: [<Mode.attract>]
2026-03-17 12:58:46,480 : INFO : EventManager : Event: ======'slide_attract_created'====== Args={'_from_bcp': True}
2026-03-17 12:58:46,480 : INFO : EventManager : Event: ======'slide__removed'====== Args={'_from_bcp': True}
2026-03-17 12:58:46,481 : INFO : EventManager : Event: ======'slide_attract_active'====== Args={'original_context': 'attract', 'original_calling_context': 'mode_attract_started', 'priority': 10.0, 'cmd': 'slides_play', '_from_bcp': True}
2026-03-17 12:58:50,355 : INFO : SwitchController : <<<<<<< 's_16_right_flipper' active >>>>>>>
2026-03-17 12:58:50,355 : INFO : EventManager : Event: ======'s_16_right_flipper_active'====== Args={}
2026-03-17 12:58:50,355 : INFO : EventManager : Event: ======'carousel_item_highlighted'====== Args={'carousel': 'attract', 'direction': 'forwards', 'item': 'title2'}
2026-03-17 12:58:50,437 : INFO : SwitchController : <<<<<<< 's_16_right_flipper' inactive >>>>>>>
2026-03-17 12:58:51,392 : INFO : Timer.attract_carousel_timer : Timer Complete
2026-03-17 12:58:51,392 : INFO : Timer.attract_carousel_timer : Stopping Timer
2026-03-17 12:58:51,392 : INFO : EventManager : Event: ======'timer_attract_carousel_timer_stopped'====== Args={'ticks': 1, 'ticks_remaining': 1}
2026-03-17 12:58:51,392 : INFO : EventManager : Event: ======'timer_attract_carousel_timer_complete'====== Args={'ticks': 1, 'ticks_remaining': 1}
2026-03-17 12:58:51,392 : INFO : EventManager : Event: ======'carousel_item_highlighted'====== Args={'carousel': 'attract', 'direction': 'forwards', 'item': 'mpf_logo'}
2026-03-17 12:58:53,905 : INFO : SwitchController : <<<<<<< 's_16_right_flipper' active >>>>>>>
2026-03-17 12:58:53,906 : INFO : EventManager : Event: ======'s_16_right_flipper_active'====== Args={}
2026-03-17 12:58:53,906 : INFO : EventManager : Event: ======'carousel_item_highlighted'====== Args={'carousel': 'attract', 'direction': 'forwards', 'item': 'title'}
2026-03-17 12:58:54,055 : INFO : SwitchController : <<<<<<< 's_16_right_flipper' inactive >>>>>>>
2026-03-17 12:58:54,454 : INFO : SwitchController : <<<<<<< 's_16_right_flipper' active >>>>>>>
2026-03-17 12:58:54,454 : INFO : EventManager : Event: ======'s_16_right_flipper_active'====== Args={}
2026-03-17 12:58:54,454 : INFO : EventManager : Event: ======'carousel_item_highlighted'====== Args={'carousel': 'attract', 'direction': 'forwards', 'item': 'title2'}
2026-03-17 12:58:54,589 : INFO : SwitchController : <<<<<<< 's_16_right_flipper' inactive >>>>>>>
2026-03-17 12:58:54,856 : INFO : SwitchController : <<<<<<< 's_16_right_flipper' active >>>>>>>
2026-03-17 12:58:54,856 : INFO : EventManager : Event: ======'s_16_right_flipper_active'====== Args={}
2026-03-17 12:58:54,856 : INFO : EventManager : Event: ======'carousel_item_highlighted'====== Args={'carousel': 'attract', 'direction': 'forwards', 'item': 'mpf_logo'}
2026-03-17 12:58:54,955 : INFO : SwitchController : <<<<<<< 's_16_right_flipper' inactive >>>>>>>
2026-03-17 12:58:56,291 : INFO : SwitchController : <<<<<<< 's_16_right_flipper' active >>>>>>>
2026-03-17 12:58:56,291 : INFO : EventManager : Event: ======'s_16_right_flipper_active'====== Args={}
2026-03-17 12:58:56,294 : INFO : EventManager : Event: ======'carousel_item_highlighted'====== Args={'carousel': 'attract', 'direction': 'forwards', 'item': 'title'}
2026-03-17 12:58:56,405 : INFO : SwitchController : <<<<<<< 's_16_right_flipper' inactive >>>>>>>
2026-03-17 12:58:56,687 : INFO : SwitchController : <<<<<<< 's_16_right_flipper' active >>>>>>>
2026-03-17 12:58:56,688 : INFO : EventManager : Event: ======'s_16_right_flipper_active'====== Args={}
2026-03-17 12:58:56,688 : INFO : EventManager : Event: ======'carousel_item_highlighted'====== Args={'carousel': 'attract', 'direction': 'forwards', 'item': 'title2'}
2026-03-17 12:58:56,805 : INFO : SwitchController : <<<<<<< 's_16_right_flipper' inactive >>>>>>>
2026-03-17 12:58:59,021 : INFO : SwitchController : <<<<<<< 's_08_left_flipper' active >>>>>>>
2026-03-17 12:58:59,021 : INFO : EventManager : Event: ======'s_08_left_flipper_active'====== Args={}
2026-03-17 12:58:59,021 : INFO : EventManager : Event: ======'carousel_item_highlighted'====== Args={'carousel': 'attract', 'direction': 'backwards', 'item': 'title'}
2026-03-17 12:58:59,121 : INFO : SwitchController : <<<<<<< 's_08_left_flipper' inactive >>>>>>>
2026-03-17 12:58:59,771 : INFO : SwitchController : <<<<<<< 's_08_left_flipper' active >>>>>>>
2026-03-17 12:58:59,771 : INFO : EventManager : Event: ======'s_08_left_flipper_active'====== Args={}
2026-03-17 12:58:59,771 : INFO : EventManager : Event: ======'carousel_item_highlighted'====== Args={'carousel': 'attract', 'direction': 'backwards', 'item': 'mpf_logo'}
2026-03-17 12:58:59,888 : INFO : SwitchController : <<<<<<< 's_08_left_flipper' inactive >>>>>>>
2026-03-17 12:59:00,837 : INFO : SwitchController : <<<<<<< 's_16_right_flipper' active >>>>>>>
2026-03-17 12:59:00,837 : INFO : EventManager : Event: ======'s_16_right_flipper_active'====== Args={}
2026-03-17 12:59:00,838 : INFO : EventManager : Event: ======'carousel_item_highlighted'====== Args={'carousel': 'attract', 'direction': 'forwards', 'item': 'title'}
2026-03-17 12:59:00,971 : INFO : SwitchController : <<<<<<< 's_16_right_flipper' inactive >>>>>>>
2026-03-17 12:59:02,221 : INFO : SwitchController : <<<<<<< 's_08_left_flipper' active >>>>>>>
2026-03-17 12:59:02,221 : INFO : EventManager : Event: ======'s_08_left_flipper_active'====== Args={}
2026-03-17 12:59:02,221 : INFO : EventManager : Event: ======'carousel_item_highlighted'====== Args={'carousel': 'attract', 'direction': 'backwards', 'item': 'mpf_logo'}
2026-03-17 12:59:02,307 : INFO : SwitchController : <<<<<<< 's_08_left_flipper' inactive >>>>>>>
2026-03-17 12:59:03,105 : INFO : SwitchController : <<<<<<< 's_16_right_flipper' active >>>>>>>
2026-03-17 12:59:03,106 : INFO : EventManager : Event: ======'s_16_right_flipper_active'====== Args={}
2026-03-17 12:59:03,106 : INFO : EventManager : Event: ======'carousel_item_highlighted'====== Args={'carousel': 'attract', 'direction': 'forwards', 'item': 'title'}
2026-03-17 12:59:03,237 : INFO : SwitchController : <<<<<<< 's_16_right_flipper' inactive >>>>>>>
2026-03-17 13:00:19,022 : INFO : SwitchController : <<<<<<< 's_16_right_flipper' active >>>>>>>
2026-03-17 13:00:19,022 : INFO : EventManager : Event: ======'s_16_right_flipper_active'====== Args={}
2026-03-17 13:00:19,022 : INFO : EventManager : Event: ======'carousel_item_highlighted'====== Args={'carousel': 'attract', 'direction': 'forwards', 'item': 'title2'}
2026-03-17 13:00:19,172 : INFO : SwitchController : <<<<<<< 's_16_right_flipper' inactive >>>>>>>
2026-03-17 13:00:20,354 : INFO : SwitchController : <<<<<<< 's_08_left_flipper' active >>>>>>>
2026-03-17 13:00:20,354 : INFO : EventManager : Event: ======'s_08_left_flipper_active'====== Args={}
2026-03-17 13:00:20,355 : INFO : EventManager : Event: ======'carousel_item_highlighted'====== Args={'carousel': 'attract', 'direction': 'backwards', 'item': 'title'}
2026-03-17 13:00:20,471 : INFO : SwitchController : <<<<<<< 's_08_left_flipper' inactive >>>>>>>
2026-03-17 13:00:20,971 : INFO : SwitchController : <<<<<<< 's_16_right_flipper' active >>>>>>>
2026-03-17 13:00:20,971 : INFO : EventManager : Event: ======'s_16_right_flipper_active'====== Args={}
2026-03-17 13:00:20,971 : INFO : EventManager : Event: ======'carousel_item_highlighted'====== Args={'carousel': 'attract', 'direction': 'forwards', 'item': 'title2'}
2026-03-17 13:00:21,121 : INFO : SwitchController : <<<<<<< 's_16_right_flipper' inactive >>>>>>>
2026-03-17 13:00:21,854 : INFO : SwitchController : <<<<<<< 's_16_right_flipper' active >>>>>>>
2026-03-17 13:00:21,854 : INFO : EventManager : Event: ======'s_16_right_flipper_active'====== Args={}
2026-03-17 13:00:21,855 : INFO : EventManager : Event: ======'carousel_item_highlighted'====== Args={'carousel': 'attract', 'direction': 'forwards', 'item': 'mpf_logo'}
2026-03-17 13:00:22,006 : INFO : SwitchController : <<<<<<< 's_16_right_flipper' inactive >>>>>>>
2026-03-17 13:00:25,621 : INFO : SwitchController : <<<<<<< 's_16_right_flipper' active >>>>>>>
2026-03-17 13:00:25,622 : INFO : EventManager : Event: ======'s_16_right_flipper_active'====== Args={}
2026-03-17 13:00:25,622 : INFO : EventManager : Event: ======'carousel_item_highlighted'====== Args={'carousel': 'attract', 'direction': 'forwards', 'item': 'title'}
2026-03-17 13:00:25,771 : INFO : SwitchController : <<<<<<< 's_16_right_flipper' inactive >>>>>>>
2026-03-17 13:00:26,672 : INFO : SwitchController : <<<<<<< 's_16_right_flipper' active >>>>>>>
2026-03-17 13:00:26,672 : INFO : EventManager : Event: ======'s_16_right_flipper_active'====== Args={}
2026-03-17 13:00:26,672 : INFO : EventManager : Event: ======'carousel_item_highlighted'====== Args={'carousel': 'attract', 'direction': 'forwards', 'item': 'title2'}
2026-03-17 13:00:26,806 : INFO : SwitchController : <<<<<<< 's_16_right_flipper' inactive >>>>>>>
2026-03-17 13:00:27,605 : INFO : SwitchController : <<<<<<< 's_08_left_flipper' active >>>>>>>
2026-03-17 13:00:27,605 : INFO : EventManager : Event: ======'s_08_left_flipper_active'====== Args={}
2026-03-17 13:00:27,605 : INFO : EventManager : Event: ======'carousel_item_highlighted'====== Args={'carousel': 'attract', 'direction': 'backwards', 'item': 'title'}
2026-03-17 13:00:27,755 : INFO : SwitchController : <<<<<<< 's_08_left_flipper' inactive >>>>>>>
2026-03-17 13:00:28,621 : INFO : SwitchController : <<<<<<< 's_16_right_flipper' active >>>>>>>
2026-03-17 13:00:28,622 : INFO : EventManager : Event: ======'s_16_right_flipper_active'====== Args={}
2026-03-17 13:00:28,622 : INFO : EventManager : Event: ======'carousel_item_highlighted'====== Args={'carousel': 'attract', 'direction': 'forwards', 'item': 'title2'}
2026-03-17 13:00:28,788 : INFO : SwitchController : <<<<<<< 's_16_right_flipper' inactive >>>>>>>
2026-03-17 13:00:29,722 : INFO : SwitchController : <<<<<<< 's_08_left_flipper' active >>>>>>>
2026-03-17 13:00:29,722 : INFO : EventManager : Event: ======'s_08_left_flipper_active'====== Args={}
2026-03-17 13:00:29,722 : INFO : EventManager : Event: ======'carousel_item_highlighted'====== Args={'carousel': 'attract', 'direction': 'backwards', 'item': 'title'}
2026-03-17 13:00:29,839 : INFO : SwitchController : <<<<<<< 's_08_left_flipper' inactive >>>>>>>
2026-03-17 13:00:30,805 : INFO : SwitchController : <<<<<<< 's_16_right_flipper' active >>>>>>>
2026-03-17 13:00:30,806 : INFO : EventManager : Event: ======'s_16_right_flipper_active'====== Args={}
2026-03-17 13:00:30,806 : INFO : EventManager : Event: ======'carousel_item_highlighted'====== Args={'carousel': 'attract', 'direction': 'forwards', 'item': 'title2'}
2026-03-17 13:00:30,937 : INFO : SwitchController : <<<<<<< 's_16_right_flipper' inactive >>>>>>>
2026-03-17 13:00:34,089 : INFO : SwitchController : <<<<<<< 's_08_left_flipper' active >>>>>>>
2026-03-17 13:00:34,089 : INFO : EventManager : Event: ======'s_08_left_flipper_active'====== Args={}
2026-03-17 13:00:34,089 : INFO : EventManager : Event: ======'carousel_item_highlighted'====== Args={'carousel': 'attract', 'direction': 'backwards', 'item': 'title'}
2026-03-17 13:00:34,221 : INFO : SwitchController : <<<<<<< 's_08_left_flipper' inactive >>>>>>>
2026-03-17 13:00:35,256 : INFO : SwitchController : <<<<<<< 's_16_right_flipper' active >>>>>>>
2026-03-17 13:00:35,256 : INFO : EventManager : Event: ======'s_16_right_flipper_active'====== Args={}
2026-03-17 13:00:35,256 : INFO : EventManager : Event: ======'carousel_item_highlighted'====== Args={'carousel': 'attract', 'direction': 'forwards', 'item': 'title2'}
2026-03-17 13:00:35,371 : INFO : SwitchController : <<<<<<< 's_16_right_flipper' inactive >>>>>>>
2026-03-17 13:00:35,839 : INFO : SwitchController : <<<<<<< 's_08_left_flipper' active >>>>>>>
2026-03-17 13:00:35,839 : INFO : EventManager : Event: ======'s_08_left_flipper_active'====== Args={}
2026-03-17 13:00:35,839 : INFO : EventManager : Event: ======'carousel_item_highlighted'====== Args={'carousel': 'attract', 'direction': 'backwards', 'item': 'title'}
2026-03-17 13:00:35,972 : INFO : SwitchController : <<<<<<< 's_08_left_flipper' inactive >>>>>>>
2026-03-17 13:00:36,338 : INFO : SwitchController : <<<<<<< 's_16_right_flipper' active >>>>>>>
2026-03-17 13:00:36,339 : INFO : EventManager : Event: ======'s_16_right_flipper_active'====== Args={}
2026-03-17 13:00:36,339 : INFO : EventManager : Event: ======'carousel_item_highlighted'====== Args={'carousel': 'attract', 'direction': 'forwards', 'item': 'title2'}
2026-03-17 13:00:36,455 : INFO : SwitchController : <<<<<<< 's_16_right_flipper' inactive >>>>>>>
2026-03-17 13:00:36,754 : INFO : SwitchController : <<<<<<< 's_08_left_flipper' active >>>>>>>
2026-03-17 13:00:36,754 : INFO : EventManager : Event: ======'s_08_left_flipper_active'====== Args={}
2026-03-17 13:00:36,755 : INFO : EventManager : Event: ======'carousel_item_highlighted'====== Args={'carousel': 'attract', 'direction': 'backwards', 'item': 'title'}
2026-03-17 13:00:36,889 : INFO : SwitchController : <<<<<<< 's_08_left_flipper' inactive >>>>>>>
2026-03-17 13:00:37,206 : INFO : SwitchController : <<<<<<< 's_16_right_flipper' active >>>>>>>
2026-03-17 13:00:37,206 : INFO : EventManager : Event: ======'s_16_right_flipper_active'====== Args={}
2026-03-17 13:00:37,206 : INFO : EventManager : Event: ======'carousel_item_highlighted'====== Args={'carousel': 'attract', 'direction': 'forwards', 'item': 'title2'}
2026-03-17 13:00:37,324 : INFO : SwitchController : <<<<<<< 's_16_right_flipper' inactive >>>>>>>
2026-03-17 13:00:38,406 : INFO : SwitchController : <<<<<<< 's_08_left_flipper' active >>>>>>>
2026-03-17 13:00:38,406 : INFO : EventManager : Event: ======'s_08_left_flipper_active'====== Args={}
2026-03-17 13:00:38,406 : INFO : EventManager : Event: ======'carousel_item_highlighted'====== Args={'carousel': 'attract', 'direction': 'backwards', 'item': 'title'}
2026-03-17 13:00:38,538 : INFO : SwitchController : <<<<<<< 's_08_left_flipper' inactive >>>>>>>
2026-03-17 13:00:42,055 : INFO : SwitchController : <<<<<<< 's_16_right_flipper' active >>>>>>>
2026-03-17 13:00:42,055 : INFO : EventManager : Event: ======'s_16_right_flipper_active'====== Args={}
2026-03-17 13:00:42,055 : INFO : EventManager : Event: ======'carousel_item_highlighted'====== Args={'carousel': 'attract', 'direction': 'forwards', 'item': 'title2'}
2026-03-17 13:00:42,155 : INFO : SwitchController : <<<<<<< 's_16_right_flipper' inactive >>>>>>>
2026-03-17 13:00:42,471 : INFO : SwitchController : <<<<<<< 's_16_right_flipper' active >>>>>>>
2026-03-17 13:00:42,472 : INFO : EventManager : Event: ======'s_16_right_flipper_active'====== Args={}
2026-03-17 13:00:42,472 : INFO : EventManager : Event: ======'carousel_item_highlighted'====== Args={'carousel': 'attract', 'direction': 'forwards', 'item': 'mpf_logo'}
2026-03-17 13:00:42,555 : INFO : SwitchController : <<<<<<< 's_16_right_flipper' inactive >>>>>>>
2026-03-17 13:00:43,021 : INFO : SwitchController : <<<<<<< 's_16_right_flipper' active >>>>>>>
2026-03-17 13:00:43,021 : INFO : EventManager : Event: ======'s_16_right_flipper_active'====== Args={}
2026-03-17 13:00:43,021 : INFO : EventManager : Event: ======'carousel_item_highlighted'====== Args={'carousel': 'attract', 'direction': 'forwards', 'item': 'title'}
2026-03-17 13:00:43,105 : INFO : SwitchController : <<<<<<< 's_16_right_flipper' inactive >>>>>>>
2026-03-17 13:00:43,789 : INFO : SwitchController : <<<<<<< 's_16_right_flipper' active >>>>>>>
2026-03-17 13:00:43,789 : INFO : EventManager : Event: ======'s_16_right_flipper_active'====== Args={}
2026-03-17 13:00:43,789 : INFO : EventManager : Event: ======'carousel_item_highlighted'====== Args={'carousel': 'attract', 'direction': 'forwards', 'item': 'title2'}
2026-03-17 13:00:43,921 : INFO : SwitchController : <<<<<<< 's_16_right_flipper' inactive >>>>>>>
2026-03-17 13:00:44,089 : INFO : SwitchController : <<<<<<< 's_16_right_flipper' active >>>>>>>
2026-03-17 13:00:44,089 : INFO : EventManager : Event: ======'s_16_right_flipper_active'====== Args={}
2026-03-17 13:00:44,089 : INFO : EventManager : Event: ======'carousel_item_highlighted'====== Args={'carousel': 'attract', 'direction': 'forwards', 'item': 'mpf_logo'}
2026-03-17 13:00:44,188 : INFO : SwitchController : <<<<<<< 's_16_right_flipper' inactive >>>>>>>
2026-03-17 13:00:44,706 : INFO : SwitchController : <<<<<<< 's_16_right_flipper' active >>>>>>>
2026-03-17 13:00:44,706 : INFO : EventManager : Event: ======'s_16_right_flipper_active'====== Args={}
2026-03-17 13:00:44,706 : INFO : EventManager : Event: ======'carousel_item_highlighted'====== Args={'carousel': 'attract', 'direction': 'forwards', 'item': 'title'}
2026-03-17 13:00:44,821 : INFO : SwitchController : <<<<<<< 's_16_right_flipper' inactive >>>>>>>
2026-03-17 20:46:59,519 : INFO : Machine : Shutting down...
2026-03-17 20:46:59,519 : INFO : EventManager : Event: ======'shutdown'====== Args={}
2026-03-17 20:46:59,529 : INFO : root : MPF run loop ended.
