2026-02-14 19:14:24,791 : INFO : root : Loading config.
2026-02-14 19:14:24,806 : INFO : YamlMultifileConfigLoader : Machine config file #1: config.yaml
2026-02-14 19:14:24,806 : WARNING : ConfigProcessor : Config file in cache changed: C:\Users\tl\Documents\tl-pinball\config\config.yaml
2026-02-14 19:14:24,806 : INFO : ConfigProcessor : Loading config from file C:\mpf\Lib\site-packages\mpf\mpfconfig.yaml.
2026-02-14 19:14:24,806 : INFO : ConfigProcessor : Loading config: C:\mpf\Lib\site-packages\mpf\mpfconfig.yaml
2026-02-14 19:14:24,806 : INFO : ConfigProcessor : Loading config from file C:\Users\tl\Documents\tl-pinball\config\config.yaml.
2026-02-14 19:14:24,822 : INFO : ConfigProcessor : Loading config: C:\Users\tl\Documents\tl-pinball\config\config.yaml
2026-02-14 19:14:24,838 : INFO : ConfigProcessor : Loading config: C:\Users\tl\Documents\tl-pinball\config\config_ball_devices.yaml
2026-02-14 19:14:24,838 : INFO : ConfigProcessor : Loading config: C:\Users\tl\Documents\tl-pinball\config\device_config_lights_led.yaml
2026-02-14 19:14:24,838 : INFO : ConfigProcessor : Loading config: C:\Users\tl\Documents\tl-pinball\config\device_config_game.yaml
2026-02-14 19:14:24,838 : INFO : ConfigProcessor : Loading config: C:\Users\tl\Documents\tl-pinball\config\device_config_iomap.yaml
2026-02-14 19:14:24,838 : INFO : ConfigProcessor : Loading config: C:\Users\tl\Documents\tl-pinball\config\device_config_iomap_coils.yaml
2026-02-14 19:14:24,838 : INFO : ConfigProcessor : Config file cache created: C:\Users\tl\AppData\Local\Temp\86f932e179f318f5dae29f066573dee9.mpf_cache
2026-02-14 19:14:24,931 : INFO : ConfigProcessor : Loading config from cache: C:\Users\tl\AppData\Local\Temp\5e7e3dd8e04e0aa46ea76018297218da.mpf_cache
2026-02-14 19:14:24,931 : INFO : ConfigProcessor : Loading config from cache: C:\Users\tl\AppData\Local\Temp\af6ad0dab2f43bd9cbdac83e0b2786ac.mpf_cache
2026-02-14 19:14:24,931 : INFO : ConfigProcessor : Loading config from cache: C:\Users\tl\AppData\Local\Temp\5e7e3dd8e04e0aa46ea76018297218da.mpf_cache
2026-02-14 19:14:24,931 : INFO : ConfigProcessor : Loading config from cache: C:\Users\tl\AppData\Local\Temp\5d4a31ba12353a8d97b779019117e810.mpf_cache
2026-02-14 19:14:24,931 : INFO : Machine : Mission Pinball Framework Core Engine v0.80.0.dev12
2026-02-14 19:14:24,931 : INFO : Machine : Command line arguments: {'no_load_cache': False, 'create_config_cache': True, 'bcp': False, 'configfile': ['config.yaml'], 'force_assets_load': False, 'platform_integration_test': False, 'jsonlogging': False, 'logfile': 'logs\\2026-02-14-19-14-24-mpf-DESKTOP-HV85DRD.log', 'pause': False, 'production': False, 'text_ui': False, 'loglevel': 15, 'consoleloglevel': 20, 'force_platform': None, 'syslog_address': None, 'full_logfile_path': 'C:\\Users\\tl\\Documents\\tl-pinball\\logs\\2026-02-14-19-14-24-mpf-DESKTOP-HV85DRD.log'}
2026-02-14 19:14:24,931 : INFO : Machine : MPF path: C:\mpf\Lib\site-packages\mpf
2026-02-14 19:14:24,931 : INFO : Machine : Machine path: C:\Users\tl\Documents\tl-pinball
2026-02-14 19:14:24,931 : INFO : Machine : Platform: win32
2026-02-14 19:14:24,931 : INFO : Machine : Python executable location: C:\mpf\Scripts\python.exe
2026-02-14 19:14:24,931 : INFO : Machine : Python version: 3.12.7 (64-bit)
2026-02-14 19:14:24,931 : INFO : Machine : Initializing MPF...
2026-02-14 19:14:25,041 : INFO : FAST [NET] : Trying to connect to COM4 at 921600bps
2026-02-14 19:14:25,041 : INFO : FAST [NET] : Connected to COM4 at 921600bps
2026-02-14 19:14:25,072 : INFO : FAST [NET] : Connected to FP-CPU-2000 with firmware v02.26
2026-02-14 19:14:25,118 : INFO : FAST [NET] : Registered I/O Board 0: Model: FP-I/O-0804, Firmware: 01.10, Switches: 8, Drivers: 4
2026-02-14 19:14:25,134 : INFO : FAST [NET] : Registered I/O Board 1: Model: FP-I/O-1616, Firmware: 01.10, Switches: 16, Drivers: 16
2026-02-14 19:14:25,150 : INFO : FAST [NET] : Registered I/O Board 2: Model: FP-I/O-3208, Firmware: 01.10, Switches: 32, Drivers: 8
2026-02-14 19:14:25,165 : INFO : FAST [NET] : Registered I/O Board 3: Model: FP-I/O-1616, Firmware: 01.10, Switches: 16, Drivers: 16
2026-02-14 19:14:25,167 : INFO : FAST [EXP] : Trying to connect to COM5 at 921600bps
2026-02-14 19:14:25,172 : INFO : FAST [EXP] : Connected to COM5 at 921600bps
2026-02-14 19:14:25,181 : INFO : FAST [EXP] : Verifying hardware for EXP "ledneuron" (FP-EXP-2000, @48) with ID string "EXP FP-EXP-2000  0.42", board address 48
2026-02-14 19:14:25,197 : INFO : FAST [EXP] : Verifying hardware for EXP "ledneuron" (FP-EXP-2000, @48) with ID string "BRK FP-EXP-2000  0.42", board address 480
2026-02-14 19:14:25,229 : INFO : FAST [EXP] : Verifying hardware for EXP "ledpf1" (FP-EXP-0081, @84) with ID string "EXP FP-EXP-0081  0.38", board address 84
2026-02-14 19:14:25,244 : INFO : FAST [EXP] : Verifying hardware for EXP "ledpf1" (FP-EXP-0081, @84) with ID string "BRK FP-EXP-0081  0.38", board address 840
2026-02-14 19:14:25,260 : INFO : FAST [EXP] : Verifying hardware for EXP "ledpf1" (FP-EXP-0081, @84) with ID string "BRK FP-EXP-0081  0.38", board address 841
2026-02-14 19:14:25,275 : INFO : EventManager : Event: ======'machine_var_credits_string'====== Args={'value': 'FREE PLAY', 'prev_value': None, 'change': True}
2026-02-14 19:14:25,298 : INFO : EventManager : Event: ======'machine_var_master_volume'====== Args={'value': 0.55, 'prev_value': None, 'change': True}
2026-02-14 19:14:25,298 : INFO : EventManager : Event: ======'machine_var_player1_score'====== Args={'value': 0, 'prev_value': None, 'change': True}
2026-02-14 19:14:25,298 : INFO : EventManager : Event: ======'machine_var_mpf_version'====== Args={'value': 'Mission Pinball Framework v0.80.0.dev12', 'prev_value': None, 'change': True}
2026-02-14 19:14:25,298 : INFO : EventManager : Event: ======'machine_var_mpf_extended_version'====== Args={'value': 'Mission Pinball Framework v0.80.0.dev12, Config version:6, Show version: 6, BCP version:1.1', 'prev_value': None, 'change': True}
2026-02-14 19:14:25,299 : INFO : EventManager : Event: ======'machine_var_python_version'====== Args={'value': '3.12.7', 'prev_value': None, 'change': True}
2026-02-14 19:14:25,384 : INFO : EventManager : Event: ======'machine_var_platform'====== Args={'value': 'Windows-10-10.0.19044-SP0', 'prev_value': None, 'change': True}
2026-02-14 19:14:25,384 : INFO : EventManager : Event: ======'machine_var_platform_system'====== Args={'value': 'Windows', 'prev_value': None, 'change': True}
2026-02-14 19:14:25,384 : INFO : EventManager : Event: ======'machine_var_platform_release'====== Args={'value': '10', 'prev_value': None, 'change': True}
2026-02-14 19:14:25,384 : INFO : EventManager : Event: ======'machine_var_platform_version'====== Args={'value': '10.0.19044', 'prev_value': None, 'change': True}
2026-02-14 19:14:25,384 : INFO : EventManager : Event: ======'machine_var_platform_machine'====== Args={'value': 'AMD64', 'prev_value': None, 'change': True}
2026-02-14 19:14:25,384 : INFO : EventManager : Event: ======'machine_var_log_file_path'====== Args={'value': 'C:\\Users\\tl\\Documents\\tl-pinball\\logs\\2026-02-14-19-14-24-mpf-DESKTOP-HV85DRD.log', 'prev_value': None, 'change': True}
2026-02-14 19:14:25,384 : INFO : EventManager : Event: ======'init_phase_1'====== Args={}
2026-02-14 19:14:27,993 : INFO : EventManager : Event: ======'init_phase_2'====== Args={}
2026-02-14 19:14:27,993 : INFO : ball_device.bd_plunger : BCH: Initial count: 0
2026-02-14 19:14:27,993 : INFO : ball_device.bd_plunger : State: idle
2026-02-14 19:14:27,993 : INFO : ball_device.bd_trough : BCH: Initial count: 0
2026-02-14 19:14:27,993 : INFO : ball_device.bd_trough : State: idle
2026-02-14 19:14:28,009 : INFO : EventManager : Event: ======'init_phase_3'====== Args={}
2026-02-14 19:14:28,009 : INFO : EventManager : Event: ======'init_phase_4'====== Args={}
2026-02-14 19:14:28,009 : INFO : BallController : Initial balls found: 0
2026-02-14 19:14:28,009 : INFO : EventManager : Event: ======'machine_var_audits_events_game_ended'====== Args={'value': 9, 'prev_value': None, 'change': True}
2026-02-14 19:14:28,009 : INFO : EventManager : Event: ======'machine_var_audits_events_game_started'====== Args={'value': 45, 'prev_value': None, 'change': True}
2026-02-14 19:14:28,009 : INFO : EventManager : Event: ======'machine_var_audits_missing_switches_s_0_service_esc'====== Args={'value': 45, 'prev_value': None, 'change': True}
2026-02-14 19:14:28,009 : INFO : EventManager : Event: ======'machine_var_audits_missing_switches_s_11_start_button'====== Args={'value': 4, 'prev_value': None, 'change': True}
2026-02-14 19:14:28,009 : INFO : EventManager : Event: ======'machine_var_audits_missing_switches_s_12_tilt_bob'====== Args={'value': 3, 'prev_value': None, 'change': True}
2026-02-14 19:14:28,009 : INFO : EventManager : Event: ======'machine_var_audits_missing_switches_s_13_coin_door'====== Args={'value': 3, 'prev_value': None, 'change': True}
2026-02-14 19:14:28,009 : INFO : EventManager : Event: ======'machine_var_audits_missing_switches_s_16_right_flipper'====== Args={'value': 15, 'prev_value': None, 'change': True}
2026-02-14 19:14:28,009 : INFO : EventManager : Event: ======'machine_var_audits_missing_switches_s_17_right_flipper_upper'====== Args={'value': 15, 'prev_value': None, 'change': True}
2026-02-14 19:14:28,009 : INFO : EventManager : Event: ======'machine_var_audits_missing_switches_s_19_cab_arrow_left'====== Args={'value': 3, 'prev_value': None, 'change': True}
2026-02-14 19:14:28,009 : INFO : EventManager : Event: ======'machine_var_audits_missing_switches_s_1_service_up'====== Args={'value': 45, 'prev_value': None, 'change': True}
2026-02-14 19:14:28,009 : INFO : EventManager : Event: ======'machine_var_audits_missing_switches_s_20_cab_arrow_right'====== Args={'value': 3, 'prev_value': None, 'change': True}
2026-02-14 19:14:28,009 : INFO : EventManager : Event: ======'machine_var_audits_missing_switches_s_24_trough_1'====== Args={'value': 1, 'prev_value': None, 'change': True}
2026-02-14 19:14:28,009 : INFO : EventManager : Event: ======'machine_var_audits_missing_switches_s_25_trough_2'====== Args={'value': 1, 'prev_value': None, 'change': True}
2026-02-14 19:14:28,009 : INFO : EventManager : Event: ======'machine_var_audits_missing_switches_s_25_trough_jam'====== Args={'value': 2, 'prev_value': None, 'change': True}
2026-02-14 19:14:28,009 : INFO : EventManager : Event: ======'machine_var_audits_missing_switches_s_26_trough_1'====== Args={'value': 1, 'prev_value': None, 'change': True}
2026-02-14 19:14:28,009 : INFO : EventManager : Event: ======'machine_var_audits_missing_switches_s_26_trough_3'====== Args={'value': 1, 'prev_value': None, 'change': True}
2026-02-14 19:14:28,009 : INFO : EventManager : Event: ======'machine_var_audits_missing_switches_s_27_trough_4'====== Args={'value': 1, 'prev_value': None, 'change': True}
2026-02-14 19:14:28,009 : INFO : EventManager : Event: ======'machine_var_audits_missing_switches_s_28_trough_3'====== Args={'value': 1, 'prev_value': None, 'change': True}
2026-02-14 19:14:28,009 : INFO : EventManager : Event: ======'machine_var_audits_missing_switches_s_28_trough_5'====== Args={'value': 1, 'prev_value': None, 'change': True}
2026-02-14 19:14:28,009 : INFO : EventManager : Event: ======'machine_var_audits_missing_switches_s_29_trough_4'====== Args={'value': 1, 'prev_value': None, 'change': True}
2026-02-14 19:14:28,009 : INFO : EventManager : Event: ======'machine_var_audits_missing_switches_s_29_trough_6'====== Args={'value': 1, 'prev_value': None, 'change': True}
2026-02-14 19:14:28,009 : INFO : EventManager : Event: ======'machine_var_audits_missing_switches_s_2_service_down'====== Args={'value': 45, 'prev_value': None, 'change': True}
2026-02-14 19:14:28,009 : INFO : EventManager : Event: ======'machine_var_audits_missing_switches_s_33_right_outlane'====== Args={'value': 7, 'prev_value': None, 'change': True}
2026-02-14 19:14:28,009 : INFO : EventManager : Event: ======'machine_var_audits_missing_switches_s_36_left_outlane'====== Args={'value': 5, 'prev_value': None, 'change': True}
2026-02-14 19:14:28,009 : INFO : EventManager : Event: ======'machine_var_audits_missing_switches_s_37_left_sling'====== Args={'value': 5, 'prev_value': None, 'change': True}
2026-02-14 19:14:28,009 : INFO : EventManager : Event: ======'machine_var_audits_missing_switches_s_38_star_rollover_bottom'====== Args={'value': 42, 'prev_value': None, 'change': True}
2026-02-14 19:14:28,009 : INFO : EventManager : Event: ======'machine_var_audits_missing_switches_s_38_top_lane_a'====== Args={'value': 3, 'prev_value': None, 'change': True}
2026-02-14 19:14:28,009 : INFO : EventManager : Event: ======'machine_var_audits_missing_switches_s_39_star_rollover_top'====== Args={'value': 6, 'prev_value': None, 'change': True}
2026-02-14 19:14:28,009 : INFO : EventManager : Event: ======'machine_var_audits_missing_switches_s_39_top_lane_b'====== Args={'value': 3, 'prev_value': None, 'change': True}
2026-02-14 19:14:28,009 : INFO : EventManager : Event: ======'machine_var_audits_missing_switches_s_3_service_enter'====== Args={'value': 45, 'prev_value': None, 'change': True}
2026-02-14 19:14:28,009 : INFO : EventManager : Event: ======'machine_var_audits_missing_switches_s_40_top_lane_c'====== Args={'value': 3, 'prev_value': None, 'change': True}
2026-02-14 19:14:28,009 : INFO : EventManager : Event: ======'machine_var_audits_missing_switches_s_41_pop_bumper_1'====== Args={'value': 2, 'prev_value': None, 'change': True}
2026-02-14 19:14:28,009 : INFO : EventManager : Event: ======'machine_var_audits_missing_switches_s_42_pop_bumper_2'====== Args={'value': 3, 'prev_value': None, 'change': True}
2026-02-14 19:14:28,009 : INFO : EventManager : Event: ======'machine_var_audits_missing_switches_s_44_spinner_left'====== Args={'value': 1, 'prev_value': None, 'change': True}
2026-02-14 19:14:28,009 : INFO : EventManager : Event: ======'machine_var_audits_missing_switches_s_44_spinner_right'====== Args={'value': 1, 'prev_value': None, 'change': True}
2026-02-14 19:14:28,009 : INFO : EventManager : Event: ======'machine_var_audits_missing_switches_s_45_spinner_right'====== Args={'value': 3, 'prev_value': None, 'change': True}
2026-02-14 19:14:28,009 : INFO : EventManager : Event: ======'machine_var_audits_missing_switches_s_45_varitarget_poisition_1'====== Args={'value': 3, 'prev_value': None, 'change': True}
2026-02-14 19:14:28,009 : INFO : EventManager : Event: ======'machine_var_audits_missing_switches_s_46_varitarget_poisition_2'====== Args={'value': 3, 'prev_value': None, 'change': True}
2026-02-14 19:14:28,009 : INFO : EventManager : Event: ======'machine_var_audits_missing_switches_s_47_varitarget_poisition_3'====== Args={'value': 3, 'prev_value': None, 'change': True}
2026-02-14 19:14:28,009 : INFO : EventManager : Event: ======'machine_var_audits_missing_switches_s_48_varitarget_poisition_4'====== Args={'value': 3, 'prev_value': None, 'change': True}
2026-02-14 19:14:28,009 : INFO : EventManager : Event: ======'machine_var_audits_missing_switches_s_49_varitarget_poisition_5'====== Args={'value': 3, 'prev_value': None, 'change': True}
2026-02-14 19:14:28,009 : INFO : EventManager : Event: ======'machine_var_audits_missing_switches_s_50_saucer_left'====== Args={'value': 3, 'prev_value': None, 'change': True}
2026-02-14 19:14:28,009 : INFO : EventManager : Event: ======'machine_var_audits_missing_switches_s_51_saucer_right'====== Args={'value': 2, 'prev_value': None, 'change': True}
2026-02-14 19:14:28,009 : INFO : EventManager : Event: ======'machine_var_audits_missing_switches_s_52_star_rollover_top'====== Args={'value': 3, 'prev_value': None, 'change': True}
2026-02-14 19:14:28,009 : INFO : EventManager : Event: ======'machine_var_audits_missing_switches_s_53_star_rollover_bottom'====== Args={'value': 3, 'prev_value': None, 'change': True}
2026-02-14 19:14:28,009 : INFO : EventManager : Event: ======'machine_var_audits_missing_switches_s_54_single_drop_1'====== Args={'value': 3, 'prev_value': None, 'change': True}
2026-02-14 19:14:28,009 : INFO : EventManager : Event: ======'machine_var_audits_missing_switches_s_55_fourbank_drop_1'====== Args={'value': 3, 'prev_value': None, 'change': True}
2026-02-14 19:14:28,009 : INFO : EventManager : Event: ======'machine_var_audits_missing_switches_s_56_fourbank_drop_2'====== Args={'value': 3, 'prev_value': None, 'change': True}
2026-02-14 19:14:28,009 : INFO : EventManager : Event: ======'machine_var_audits_missing_switches_s_57_fourbank_drop_3'====== Args={'value': 2, 'prev_value': None, 'change': True}
2026-02-14 19:14:28,009 : INFO : EventManager : Event: ======'machine_var_audits_missing_switches_s_58_fourbank_drop_4'====== Args={'value': 2, 'prev_value': None, 'change': True}
2026-02-14 19:14:28,009 : INFO : EventManager : Event: ======'machine_var_audits_missing_switches_s_58_pop_bumper_left'====== Args={'value': 1, 'prev_value': None, 'change': True}
2026-02-14 19:14:28,009 : INFO : EventManager : Event: ======'machine_var_audits_missing_switches_s_59_saucer_right'====== Args={'value': 18, 'prev_value': None, 'change': True}
2026-02-14 19:14:28,009 : INFO : EventManager : Event: ======'machine_var_audits_missing_switches_s_59_threebank_drop_1'====== Args={'value': 2, 'prev_value': None, 'change': True}
2026-02-14 19:14:28,009 : INFO : EventManager : Event: ======'machine_var_audits_missing_switches_s_60_threebank_drop_2'====== Args={'value': 2, 'prev_value': None, 'change': True}
2026-02-14 19:14:28,009 : INFO : EventManager : Event: ======'machine_var_audits_missing_switches_s_61_threebank_drop_3'====== Args={'value': 3, 'prev_value': None, 'change': True}
2026-02-14 19:14:28,009 : INFO : EventManager : Event: ======'machine_var_audits_missing_switches_s_61_top_lane_b'====== Args={'value': 1, 'prev_value': None, 'change': True}
2026-02-14 19:14:28,009 : INFO : EventManager : Event: ======'machine_var_audits_missing_switches_s_62_stand_up_target_1'====== Args={'value': 3, 'prev_value': None, 'change': True}
2026-02-14 19:14:28,009 : INFO : EventManager : Event: ======'machine_var_audits_missing_switches_s_63_stand_up_target_2'====== Args={'value': 2, 'prev_value': None, 'change': True}
2026-02-14 19:14:28,009 : INFO : EventManager : Event: ======'machine_var_audits_missing_switches_s_64_stand_up_target_3'====== Args={'value': 2, 'prev_value': None, 'change': True}
2026-02-14 19:14:28,009 : INFO : EventManager : Event: ======'machine_var_audits_missing_switches_s_65_stand_up_target_4'====== Args={'value': 3, 'prev_value': None, 'change': True}
2026-02-14 19:14:28,009 : INFO : EventManager : Event: ======'machine_var_audits_missing_switches_s_65_varitarget_poisition_2'====== Args={'value': 20, 'prev_value': None, 'change': True}
2026-02-14 19:14:28,009 : INFO : EventManager : Event: ======'machine_var_audits_missing_switches_s_66_stand_up_target_5'====== Args={'value': 3, 'prev_value': None, 'change': True}
2026-02-14 19:14:28,009 : INFO : EventManager : Event: ======'machine_var_audits_missing_switches_s_66_varitarget_poisition_3'====== Args={'value': 20, 'prev_value': None, 'change': True}
2026-02-14 19:14:28,009 : INFO : EventManager : Event: ======'machine_var_audits_missing_switches_s_67_stand_up_target_6'====== Args={'value': 3, 'prev_value': None, 'change': True}
2026-02-14 19:14:28,009 : INFO : EventManager : Event: ======'machine_var_audits_missing_switches_s_67_varitarget_poisition_4'====== Args={'value': 20, 'prev_value': None, 'change': True}
2026-02-14 19:14:28,009 : INFO : EventManager : Event: ======'machine_var_audits_missing_switches_s_68_stand_up_target_7'====== Args={'value': 2, 'prev_value': None, 'change': True}
2026-02-14 19:14:28,009 : INFO : EventManager : Event: ======'machine_var_audits_missing_switches_s_68_varitarget_poisition_5'====== Args={'value': 20, 'prev_value': None, 'change': True}
2026-02-14 19:14:28,009 : INFO : EventManager : Event: ======'machine_var_audits_missing_switches_s_69_stand_up_target_8'====== Args={'value': 1, 'prev_value': None, 'change': True}
2026-02-14 19:14:28,009 : INFO : EventManager : Event: ======'machine_var_audits_missing_switches_s_69_varitarget_poisition_6'====== Args={'value': 20, 'prev_value': None, 'change': True}
2026-02-14 19:14:28,009 : INFO : EventManager : Event: ======'machine_var_audits_missing_switches_s_70_stand_up_target_9'====== Args={'value': 3, 'prev_value': None, 'change': True}
2026-02-14 19:14:28,009 : INFO : EventManager : Event: ======'machine_var_audits_missing_switches_s_70_varitarget_poisition_7'====== Args={'value': 3, 'prev_value': None, 'change': True}
2026-02-14 19:14:28,009 : INFO : EventManager : Event: ======'machine_var_audits_missing_switches_s_71_spinner_left'====== Args={'value': 42, 'prev_value': None, 'change': True}
2026-02-14 19:14:28,009 : INFO : EventManager : Event: ======'machine_var_audits_missing_switches_s_71_stand_up_target_10'====== Args={'value': 3, 'prev_value': None, 'change': True}
2026-02-14 19:14:28,009 : INFO : EventManager : Event: ======'machine_var_audits_missing_switches_s_72_single_drop_1'====== Args={'value': 1, 'prev_value': None, 'change': True}
2026-02-14 19:14:28,009 : INFO : EventManager : Event: ======'machine_var_audits_missing_switches_s_72_stand_up_target_11'====== Args={'value': 3, 'prev_value': None, 'change': True}
2026-02-14 19:14:28,009 : INFO : EventManager : Event: ======'machine_var_audits_missing_switches_s_73_fourbank_drop_1'====== Args={'value': 3, 'prev_value': None, 'change': True}
2026-02-14 19:14:28,009 : INFO : EventManager : Event: ======'machine_var_audits_missing_switches_s_75_fourbank_drop_3'====== Args={'value': 4, 'prev_value': None, 'change': True}
2026-02-14 19:14:28,009 : INFO : EventManager : Event: ======'machine_var_audits_missing_switches_s_76_fourbank_drop_4'====== Args={'value': 9, 'prev_value': None, 'change': True}
2026-02-14 19:14:28,009 : INFO : EventManager : Event: ======'machine_var_audits_missing_switches_s_77_threebank_drop_1'====== Args={'value': 3, 'prev_value': None, 'change': True}
2026-02-14 19:14:28,009 : INFO : EventManager : Event: ======'machine_var_audits_missing_switches_s_81_saucer_left'====== Args={'value': 32, 'prev_value': None, 'change': True}
2026-02-14 19:14:28,009 : INFO : EventManager : Event: ======'machine_var_audits_missing_switches_s_82_stand_up_target_bank_1'====== Args={'value': 6, 'prev_value': None, 'change': True}
2026-02-14 19:14:28,009 : INFO : EventManager : Event: ======'machine_var_audits_missing_switches_s_83_stand_up_target_bank_2'====== Args={'value': 6, 'prev_value': None, 'change': True}
2026-02-14 19:14:28,009 : INFO : EventManager : Event: ======'machine_var_audits_missing_switches_s_84_stand_up_target_bank_3'====== Args={'value': 5, 'prev_value': None, 'change': True}
2026-02-14 19:14:28,009 : INFO : EventManager : Event: ======'machine_var_audits_missing_switches_s_87_stand_up_target_bank_6'====== Args={'value': 6, 'prev_value': None, 'change': True}
2026-02-14 19:14:28,009 : INFO : EventManager : Event: ======'machine_var_audits_missing_switches_s_8_left_flipper'====== Args={'value': 18, 'prev_value': None, 'change': True}
2026-02-14 19:14:28,009 : INFO : EventManager : Event: ======'machine_var_audits_player_score'====== Args={'value': {'average': 0, 'top': [0, 0, 0, 0, 0, 0, 0, 0, 0], 'total': 9}, 'prev_value': None, 'change': True}
2026-02-14 19:14:28,009 : INFO : EventManager : Event: ======'machine_var_audits_switches_s_0_service_esc'====== Args={'value': 0, 'prev_value': None, 'change': True}
2026-02-14 19:14:28,009 : INFO : EventManager : Event: ======'machine_var_audits_switches_s_11_start_button'====== Args={'value': 22, 'prev_value': None, 'change': True}
2026-02-14 19:14:28,009 : INFO : EventManager : Event: ======'machine_var_audits_switches_s_12_tilt_bob'====== Args={'value': 0, 'prev_value': None, 'change': True}
2026-02-14 19:14:28,009 : INFO : EventManager : Event: ======'machine_var_audits_switches_s_13_coin_door'====== Args={'value': 0, 'prev_value': None, 'change': True}
2026-02-14 19:14:28,009 : INFO : EventManager : Event: ======'machine_var_audits_switches_s_16_right_flipper'====== Args={'value': 621, 'prev_value': None, 'change': True}
2026-02-14 19:14:28,009 : INFO : EventManager : Event: ======'machine_var_audits_switches_s_17_right_flipper_upper'====== Args={'value': 537, 'prev_value': None, 'change': True}
2026-02-14 19:14:28,009 : INFO : EventManager : Event: ======'machine_var_audits_switches_s_19_cab_arrow_left'====== Args={'value': 0, 'prev_value': None, 'change': True}
2026-02-14 19:14:28,009 : INFO : EventManager : Event: ======'machine_var_audits_switches_s_1_service_up'====== Args={'value': 0, 'prev_value': None, 'change': True}
2026-02-14 19:14:28,009 : INFO : EventManager : Event: ======'machine_var_audits_switches_s_20_cab_arrow_right'====== Args={'value': 0, 'prev_value': None, 'change': True}
2026-02-14 19:14:28,009 : INFO : EventManager : Event: ======'machine_var_audits_switches_s_24_plunger_lane'====== Args={'value': 19, 'prev_value': None, 'change': True}
2026-02-14 19:14:28,009 : INFO : EventManager : Event: ======'machine_var_audits_switches_s_24_trough_1'====== Args={'value': 48, 'prev_value': None, 'change': True}
2026-02-14 19:14:28,009 : INFO : EventManager : Event: ======'machine_var_audits_switches_s_25_trough_2'====== Args={'value': 43, 'prev_value': None, 'change': True}
2026-02-14 19:14:28,009 : INFO : EventManager : Event: ======'machine_var_audits_switches_s_25_trough_jam'====== Args={'value': 3, 'prev_value': None, 'change': True}
2026-02-14 19:14:28,009 : INFO : EventManager : Event: ======'machine_var_audits_switches_s_26_trough_1'====== Args={'value': 21, 'prev_value': None, 'change': True}
2026-02-14 19:14:28,009 : INFO : EventManager : Event: ======'machine_var_audits_switches_s_26_trough_3'====== Args={'value': 42, 'prev_value': None, 'change': True}
2026-02-14 19:14:28,009 : INFO : EventManager : Event: ======'machine_var_audits_switches_s_27_trough_2'====== Args={'value': 19, 'prev_value': None, 'change': True}
2026-02-14 19:14:28,009 : INFO : EventManager : Event: ======'machine_var_audits_switches_s_27_trough_4'====== Args={'value': 34, 'prev_value': None, 'change': True}
2026-02-14 19:14:28,009 : INFO : EventManager : Event: ======'machine_var_audits_switches_s_28_trough_3'====== Args={'value': 2, 'prev_value': None, 'change': True}
2026-02-14 19:14:28,009 : INFO : EventManager : Event: ======'machine_var_audits_switches_s_28_trough_5'====== Args={'value': 36, 'prev_value': None, 'change': True}
2026-02-14 19:14:28,009 : INFO : EventManager : Event: ======'machine_var_audits_switches_s_29_trough_4'====== Args={'value': 2, 'prev_value': None, 'change': True}
2026-02-14 19:14:28,009 : INFO : EventManager : Event: ======'machine_var_audits_switches_s_29_trough_6'====== Args={'value': 53, 'prev_value': None, 'change': True}
2026-02-14 19:14:28,009 : INFO : EventManager : Event: ======'machine_var_audits_switches_s_2_service_down'====== Args={'value': 0, 'prev_value': None, 'change': True}
2026-02-14 19:14:28,009 : INFO : EventManager : Event: ======'machine_var_audits_switches_s_30_trough_jam'====== Args={'value': 73, 'prev_value': None, 'change': True}
2026-02-14 19:14:28,009 : INFO : EventManager : Event: ======'machine_var_audits_switches_s_31_plunger_lane'====== Args={'value': 72, 'prev_value': None, 'change': True}
2026-02-14 19:14:28,009 : INFO : EventManager : Event: ======'machine_var_audits_switches_s_32_right_inlane'====== Args={'value': 13, 'prev_value': None, 'change': True}
2026-02-14 19:14:28,009 : INFO : EventManager : Event: ======'machine_var_audits_switches_s_33_right_outlane'====== Args={'value': 1, 'prev_value': None, 'change': True}
2026-02-14 19:14:28,009 : INFO : EventManager : Event: ======'machine_var_audits_switches_s_34_right_sling'====== Args={'value': 622, 'prev_value': None, 'change': True}
2026-02-14 19:14:28,009 : INFO : EventManager : Event: ======'machine_var_audits_switches_s_35_left_inlane'====== Args={'value': 44, 'prev_value': None, 'change': True}
2026-02-14 19:14:28,009 : INFO : EventManager : Event: ======'machine_var_audits_switches_s_36_left_outlane'====== Args={'value': 204, 'prev_value': None, 'change': True}
2026-02-14 19:14:28,009 : INFO : EventManager : Event: ======'machine_var_audits_switches_s_37_left_sling'====== Args={'value': 94, 'prev_value': None, 'change': True}
2026-02-14 19:14:28,009 : INFO : EventManager : Event: ======'machine_var_audits_switches_s_38_star_rollover_bottom'====== Args={'value': 0, 'prev_value': None, 'change': True}
2026-02-14 19:14:28,009 : INFO : EventManager : Event: ======'machine_var_audits_switches_s_38_top_lane_a'====== Args={'value': 0, 'prev_value': None, 'change': True}
2026-02-14 19:14:28,009 : INFO : EventManager : Event: ======'machine_var_audits_switches_s_39_star_rollover_top'====== Args={'value': 12, 'prev_value': None, 'change': True}
2026-02-14 19:14:28,009 : INFO : EventManager : Event: ======'machine_var_audits_switches_s_39_top_lane_b'====== Args={'value': 0, 'prev_value': None, 'change': True}
2026-02-14 19:14:28,009 : INFO : EventManager : Event: ======'machine_var_audits_switches_s_3_service_enter'====== Args={'value': 0, 'prev_value': None, 'change': True}
2026-02-14 19:14:28,009 : INFO : EventManager : Event: ======'machine_var_audits_switches_s_40_stand_up_target_7'====== Args={'value': 26, 'prev_value': None, 'change': True}
2026-02-14 19:14:28,009 : INFO : EventManager : Event: ======'machine_var_audits_switches_s_40_top_lane_c'====== Args={'value': 0, 'prev_value': None, 'change': True}
2026-02-14 19:14:28,009 : INFO : EventManager : Event: ======'machine_var_audits_switches_s_41_pop_bumper_1'====== Args={'value': 1, 'prev_value': None, 'change': True}
2026-02-14 19:14:28,009 : INFO : EventManager : Event: ======'machine_var_audits_switches_s_41_stand_up_target_8'====== Args={'value': 32, 'prev_value': None, 'change': True}
2026-02-14 19:14:28,009 : INFO : EventManager : Event: ======'machine_var_audits_switches_s_42_pop_bumper_2'====== Args={'value': 0, 'prev_value': None, 'change': True}
2026-02-14 19:14:28,009 : INFO : EventManager : Event: ======'machine_var_audits_switches_s_42_stand_up_target_9'====== Args={'value': 69, 'prev_value': None, 'change': True}
2026-02-14 19:14:28,009 : INFO : EventManager : Event: ======'machine_var_audits_switches_s_43_pop_bumper_3'====== Args={'value': 16, 'prev_value': None, 'change': True}
2026-02-14 19:14:28,009 : INFO : EventManager : Event: ======'machine_var_audits_switches_s_43_stand_up_target_10'====== Args={'value': 40, 'prev_value': None, 'change': True}
2026-02-14 19:14:28,009 : INFO : EventManager : Event: ======'machine_var_audits_switches_s_44_spinner_left'====== Args={'value': 8, 'prev_value': None, 'change': True}
2026-02-14 19:14:28,009 : INFO : EventManager : Event: ======'machine_var_audits_switches_s_44_spinner_right'====== Args={'value': 169, 'prev_value': None, 'change': True}
2026-02-14 19:14:28,009 : INFO : EventManager : Event: ======'machine_var_audits_switches_s_45_spinner_right'====== Args={'value': 0, 'prev_value': None, 'change': True}
2026-02-14 19:14:28,009 : INFO : EventManager : Event: ======'machine_var_audits_switches_s_45_varitarget_poisition_1'====== Args={'value': 0, 'prev_value': None, 'change': True}
2026-02-14 19:14:28,009 : INFO : EventManager : Event: ======'machine_var_audits_switches_s_46_varitarget_poisition_2'====== Args={'value': 0, 'prev_value': None, 'change': True}
2026-02-14 19:14:28,009 : INFO : EventManager : Event: ======'machine_var_audits_switches_s_47_varitarget_poisition_3'====== Args={'value': 0, 'prev_value': None, 'change': True}
2026-02-14 19:14:28,009 : INFO : EventManager : Event: ======'machine_var_audits_switches_s_48_varitarget_poisition_4'====== Args={'value': 0, 'prev_value': None, 'change': True}
2026-02-14 19:14:28,009 : INFO : EventManager : Event: ======'machine_var_audits_switches_s_49_varitarget_poisition_5'====== Args={'value': 0, 'prev_value': None, 'change': True}
2026-02-14 19:14:28,009 : INFO : EventManager : Event: ======'machine_var_audits_switches_s_50_saucer_left'====== Args={'value': 0, 'prev_value': None, 'change': True}
2026-02-14 19:14:28,009 : INFO : EventManager : Event: ======'machine_var_audits_switches_s_51_saucer_right'====== Args={'value': 2, 'prev_value': None, 'change': True}
2026-02-14 19:14:28,009 : INFO : EventManager : Event: ======'machine_var_audits_switches_s_52_star_rollover_top'====== Args={'value': 0, 'prev_value': None, 'change': True}
2026-02-14 19:14:28,009 : INFO : EventManager : Event: ======'machine_var_audits_switches_s_53_star_rollover_bottom'====== Args={'value': 0, 'prev_value': None, 'change': True}
2026-02-14 19:14:28,009 : INFO : EventManager : Event: ======'machine_var_audits_switches_s_54_single_drop_1'====== Args={'value': 0, 'prev_value': None, 'change': True}
2026-02-14 19:14:28,009 : INFO : EventManager : Event: ======'machine_var_audits_switches_s_55_fourbank_drop_1'====== Args={'value': 0, 'prev_value': None, 'change': True}
2026-02-14 19:14:28,009 : INFO : EventManager : Event: ======'machine_var_audits_switches_s_56_fourbank_drop_2'====== Args={'value': 0, 'prev_value': None, 'change': True}
2026-02-14 19:14:28,009 : INFO : EventManager : Event: ======'machine_var_audits_switches_s_56_pop_bumper_right'====== Args={'value': 52, 'prev_value': None, 'change': True}
2026-02-14 19:14:28,009 : INFO : EventManager : Event: ======'machine_var_audits_switches_s_57_fourbank_drop_3'====== Args={'value': 1, 'prev_value': None, 'change': True}
2026-02-14 19:14:28,009 : INFO : EventManager : Event: ======'machine_var_audits_switches_s_57_pop_bumper_center'====== Args={'value': 150, 'prev_value': None, 'change': True}
2026-02-14 19:14:28,009 : INFO : EventManager : Event: ======'machine_var_audits_switches_s_58_fourbank_drop_4'====== Args={'value': 1, 'prev_value': None, 'change': True}
2026-02-14 19:14:28,009 : INFO : EventManager : Event: ======'machine_var_audits_switches_s_58_pop_bumper_left'====== Args={'value': 79, 'prev_value': None, 'change': True}
2026-02-14 19:14:28,009 : INFO : EventManager : Event: ======'machine_var_audits_switches_s_59_saucer_right'====== Args={'value': 7, 'prev_value': None, 'change': True}
2026-02-14 19:14:28,009 : INFO : EventManager : Event: ======'machine_var_audits_switches_s_59_threebank_drop_1'====== Args={'value': 1, 'prev_value': None, 'change': True}
2026-02-14 19:14:28,009 : INFO : EventManager : Event: ======'machine_var_audits_switches_s_60_threebank_drop_2'====== Args={'value': 1, 'prev_value': None, 'change': True}
2026-02-14 19:14:28,009 : INFO : EventManager : Event: ======'machine_var_audits_switches_s_60_top_lane_c'====== Args={'value': 54, 'prev_value': None, 'change': True}
2026-02-14 19:14:28,009 : INFO : EventManager : Event: ======'machine_var_audits_switches_s_61_threebank_drop_3'====== Args={'value': 0, 'prev_value': None, 'change': True}
2026-02-14 19:14:28,025 : INFO : EventManager : Event: ======'machine_var_audits_switches_s_61_top_lane_b'====== Args={'value': 28, 'prev_value': None, 'change': True}
2026-02-14 19:14:28,025 : INFO : EventManager : Event: ======'machine_var_audits_switches_s_62_stand_up_target_1'====== Args={'value': 0, 'prev_value': None, 'change': True}
2026-02-14 19:14:28,025 : INFO : EventManager : Event: ======'machine_var_audits_switches_s_62_top_lane_a'====== Args={'value': 124, 'prev_value': None, 'change': True}
2026-02-14 19:14:28,025 : INFO : EventManager : Event: ======'machine_var_audits_switches_s_63_stand_up_target_11'====== Args={'value': 43, 'prev_value': None, 'change': True}
2026-02-14 19:14:28,025 : INFO : EventManager : Event: ======'machine_var_audits_switches_s_63_stand_up_target_2'====== Args={'value': 1, 'prev_value': None, 'change': True}
2026-02-14 19:14:28,025 : INFO : EventManager : Event: ======'machine_var_audits_switches_s_64_stand_up_target_3'====== Args={'value': 1, 'prev_value': None, 'change': True}
2026-02-14 19:14:28,025 : INFO : EventManager : Event: ======'machine_var_audits_switches_s_64_varitarget_poisition_1'====== Args={'value': 733, 'prev_value': None, 'change': True}
2026-02-14 19:14:28,025 : INFO : EventManager : Event: ======'machine_var_audits_switches_s_65_stand_up_target_4'====== Args={'value': 0, 'prev_value': None, 'change': True}
2026-02-14 19:14:28,025 : INFO : EventManager : Event: ======'machine_var_audits_switches_s_65_varitarget_poisition_2'====== Args={'value': 11, 'prev_value': None, 'change': True}
2026-02-14 19:14:28,025 : INFO : EventManager : Event: ======'machine_var_audits_switches_s_66_stand_up_target_5'====== Args={'value': 0, 'prev_value': None, 'change': True}
2026-02-14 19:14:28,025 : INFO : EventManager : Event: ======'machine_var_audits_switches_s_66_varitarget_poisition_3'====== Args={'value': 6, 'prev_value': None, 'change': True}
2026-02-14 19:14:28,025 : INFO : EventManager : Event: ======'machine_var_audits_switches_s_67_stand_up_target_6'====== Args={'value': 0, 'prev_value': None, 'change': True}
2026-02-14 19:14:28,025 : INFO : EventManager : Event: ======'machine_var_audits_switches_s_67_varitarget_poisition_4'====== Args={'value': 11, 'prev_value': None, 'change': True}
2026-02-14 19:14:28,025 : INFO : EventManager : Event: ======'machine_var_audits_switches_s_68_stand_up_target_7'====== Args={'value': 1, 'prev_value': None, 'change': True}
2026-02-14 19:14:28,025 : INFO : EventManager : Event: ======'machine_var_audits_switches_s_68_varitarget_poisition_5'====== Args={'value': 5, 'prev_value': None, 'change': True}
2026-02-14 19:14:28,025 : INFO : EventManager : Event: ======'machine_var_audits_switches_s_69_stand_up_target_8'====== Args={'value': 2, 'prev_value': None, 'change': True}
2026-02-14 19:14:28,025 : INFO : EventManager : Event: ======'machine_var_audits_switches_s_69_varitarget_poisition_6'====== Args={'value': 4, 'prev_value': None, 'change': True}
2026-02-14 19:14:28,025 : INFO : EventManager : Event: ======'machine_var_audits_switches_s_70_stand_up_target_9'====== Args={'value': 0, 'prev_value': None, 'change': True}
2026-02-14 19:14:28,026 : INFO : EventManager : Event: ======'machine_var_audits_switches_s_70_varitarget_poisition_7'====== Args={'value': 66, 'prev_value': None, 'change': True}
2026-02-14 19:14:28,026 : INFO : EventManager : Event: ======'machine_var_audits_switches_s_71_spinner_left'====== Args={'value': 0, 'prev_value': None, 'change': True}
2026-02-14 19:14:28,026 : INFO : EventManager : Event: ======'machine_var_audits_switches_s_71_stand_up_target_10'====== Args={'value': 0, 'prev_value': None, 'change': True}
2026-02-14 19:14:28,026 : INFO : EventManager : Event: ======'machine_var_audits_switches_s_72_single_drop_1'====== Args={'value': 29, 'prev_value': None, 'change': True}
2026-02-14 19:14:28,026 : INFO : EventManager : Event: ======'machine_var_audits_switches_s_72_stand_up_target_11'====== Args={'value': 0, 'prev_value': None, 'change': True}
2026-02-14 19:14:28,026 : INFO : EventManager : Event: ======'machine_var_audits_switches_s_73_fourbank_drop_1'====== Args={'value': 250, 'prev_value': None, 'change': True}
2026-02-14 19:14:28,026 : INFO : EventManager : Event: ======'machine_var_audits_switches_s_74_fourbank_drop_2'====== Args={'value': 77, 'prev_value': None, 'change': True}
2026-02-14 19:14:28,026 : INFO : EventManager : Event: ======'machine_var_audits_switches_s_75_fourbank_drop_3'====== Args={'value': 99, 'prev_value': None, 'change': True}
2026-02-14 19:14:28,026 : INFO : EventManager : Event: ======'machine_var_audits_switches_s_76_fourbank_drop_4'====== Args={'value': 3, 'prev_value': None, 'change': True}
2026-02-14 19:14:28,026 : INFO : EventManager : Event: ======'machine_var_audits_switches_s_77_threebank_drop_1'====== Args={'value': 93, 'prev_value': None, 'change': True}
2026-02-14 19:14:28,026 : INFO : EventManager : Event: ======'machine_var_audits_switches_s_78_threebank_drop_2'====== Args={'value': 186, 'prev_value': None, 'change': True}
2026-02-14 19:14:28,026 : INFO : EventManager : Event: ======'machine_var_audits_switches_s_79_threebank_drop_3'====== Args={'value': 306, 'prev_value': None, 'change': True}
2026-02-14 19:14:28,026 : INFO : EventManager : Event: ======'machine_var_audits_switches_s_80_stand_up_target_1'====== Args={'value': 72, 'prev_value': None, 'change': True}
2026-02-14 19:14:28,026 : INFO : EventManager : Event: ======'machine_var_audits_switches_s_81_saucer_left'====== Args={'value': 13, 'prev_value': None, 'change': True}
2026-02-14 19:14:28,026 : INFO : EventManager : Event: ======'machine_var_audits_switches_s_82_stand_up_target_bank_1'====== Args={'value': 25, 'prev_value': None, 'change': True}
2026-02-14 19:14:28,026 : INFO : EventManager : Event: ======'machine_var_audits_switches_s_83_stand_up_target_bank_2'====== Args={'value': 54, 'prev_value': None, 'change': True}
2026-02-14 19:14:28,026 : INFO : EventManager : Event: ======'machine_var_audits_switches_s_84_stand_up_target_bank_3'====== Args={'value': 41, 'prev_value': None, 'change': True}
2026-02-14 19:14:28,026 : INFO : EventManager : Event: ======'machine_var_audits_switches_s_85_stand_up_target_bank_4'====== Args={'value': 56, 'prev_value': None, 'change': True}
2026-02-14 19:14:28,026 : INFO : EventManager : Event: ======'machine_var_audits_switches_s_86_stand_up_target_bank_5'====== Args={'value': 215, 'prev_value': None, 'change': True}
2026-02-14 19:14:28,026 : INFO : EventManager : Event: ======'machine_var_audits_switches_s_87_stand_up_target_bank_6'====== Args={'value': 142, 'prev_value': None, 'change': True}
2026-02-14 19:14:28,026 : INFO : EventManager : Event: ======'machine_var_audits_switches_s_8_left_flipper'====== Args={'value': 455, 'prev_value': None, 'change': True}
2026-02-14 19:14:28,027 : INFO : EventManager : Event: ======'machine_var_audits_switches_s_80_stand_up_target_2'====== Args={'value': 0, 'prev_value': None, 'change': True}
2026-02-14 19:14:28,027 : INFO : EventManager : Event: ======'machine_var_audits_switches_s_63_stand_up_target_3'====== Args={'value': 0, 'prev_value': None, 'change': True}
2026-02-14 19:14:28,027 : INFO : EventManager : Event: ======'machine_var_audits_switches_s_42_stand_up_target_1'====== Args={'value': 0, 'prev_value': None, 'change': True}
2026-02-14 19:14:28,027 : INFO : EventManager : Event: ======'machine_var_audits_switches_s_41_stand_up_target_6'====== Args={'value': 0, 'prev_value': None, 'change': True}
2026-02-14 19:14:28,027 : INFO : EventManager : Event: ======'machine_var_audits_switches_s_43_stand_up_target_4'====== Args={'value': 0, 'prev_value': None, 'change': True}
2026-02-14 19:14:28,027 : INFO : EventManager : Event: ======'machine_var_audits_switches_s_40_stand_up_target_5'====== Args={'value': 0, 'prev_value': None, 'change': True}
2026-02-14 19:14:28,027 : INFO : EventManager : Event: ======'init_phase_5'====== Args={}
2026-02-14 19:14:28,028 : INFO : EventManager : Event: ======'init_done'====== Args={}
2026-02-14 19:14:28,028 : INFO : EventManager : Event: ======'machine_reset_phase_1'====== Args={}
2026-02-14 19:14:28,029 : INFO : EventManager : Event: ======'machine_reset_phase_2'====== Args={}
2026-02-14 19:14:28,029 : INFO : EventManager : Event: ======'machine_reset_phase_3'====== Args={}
2026-02-14 19:14:28,030 : INFO : EventManager : Event: ======'reset_complete'====== Args={}
2026-02-14 19:14:28,030 : INFO : EventManager : Event: ======'mode_attract_will_start'====== Args={}
2026-02-14 19:14:28,030 : INFO : Timer.attract_carousel_timer : Starting Timer.
2026-02-14 19:14:28,030 : INFO : EventManager : Event: ======'timer_attract_carousel_timer_started'====== Args={'ticks': 0, 'ticks_remaining': 1}
2026-02-14 19:14:28,030 : INFO : EventManager : Event: ======'timer_attract_carousel_timer_tick'====== Args={'ticks': 0, 'ticks_remaining': 1}
2026-02-14 19:14:28,031 : INFO : EventManager : Event: ======'mode_attract_starting'====== Args={}
2026-02-14 19:14:28,031 : INFO : Mode.attract : Started. Priority: 10
2026-02-14 19:14:28,031 : INFO : EventManager : Event: ======'modes_active_modes_changed'====== Args={}
2026-02-14 19:14:28,031 : INFO : EventManager : Event: ======'mode_attract_started'====== Args={}
2026-02-14 19:14:28,031 : INFO : EventManager : Event: ======'collecting_balls_complete'====== Args={}
2026-02-14 19:14:28,031 : INFO : EventManager : Event: ======'carousel_item_highlighted'====== Args={'carousel': 'attract', 'direction': None, 'item': 'title'}
2026-02-14 19:14:28,032 : INFO : Machine : Starting the main run loop with active modes: [<Mode.attract>]
2026-02-14 19:14:33,009 : INFO : Timer.attract_carousel_timer : Timer Complete
2026-02-14 19:14:33,009 : INFO : Timer.attract_carousel_timer : Stopping Timer
2026-02-14 19:14:33,009 : INFO : EventManager : Event: ======'timer_attract_carousel_timer_stopped'====== Args={'ticks': 1, 'ticks_remaining': 1}
2026-02-14 19:14:33,009 : INFO : EventManager : Event: ======'timer_attract_carousel_timer_complete'====== Args={'ticks': 1, 'ticks_remaining': 1}
2026-02-14 19:14:33,009 : INFO : EventManager : Event: ======'carousel_item_highlighted'====== Args={'carousel': 'attract', 'direction': 'forwards', 'item': 'credits'}
2026-02-14 19:15:02,728 : INFO : SwitchController : <<<<<<< 's_36_left_outlane' active >>>>>>>
2026-02-14 19:15:02,869 : INFO : SwitchController : <<<<<<< 's_36_left_outlane' inactive >>>>>>>
2026-02-14 19:15:02,994 : INFO : SwitchController : <<<<<<< 's_36_left_outlane' active >>>>>>>
2026-02-14 19:15:03,087 : INFO : SwitchController : <<<<<<< 's_36_left_outlane' inactive >>>>>>>
2026-02-14 19:15:03,181 : INFO : SwitchController : <<<<<<< 's_36_left_outlane' active >>>>>>>
2026-02-14 19:15:03,213 : INFO : SwitchController : <<<<<<< 's_36_left_outlane' inactive >>>>>>>
2026-02-14 19:15:03,588 : INFO : SwitchController : <<<<<<< 's_36_left_outlane' active >>>>>>>
2026-02-14 19:15:03,666 : INFO : SwitchController : <<<<<<< 's_36_left_outlane' inactive >>>>>>>
2026-02-14 19:15:03,807 : INFO : SwitchController : <<<<<<< 's_36_left_outlane' active >>>>>>>
2026-02-14 19:15:03,838 : INFO : SwitchController : <<<<<<< 's_36_left_outlane' inactive >>>>>>>
2026-02-14 19:15:03,838 : INFO : SwitchController : <<<<<<< 's_36_left_outlane' active >>>>>>>
2026-02-14 19:15:03,854 : INFO : SwitchController : <<<<<<< 's_36_left_outlane' inactive >>>>>>>
2026-02-14 19:15:03,994 : INFO : SwitchController : <<<<<<< 's_36_left_outlane' active >>>>>>>
2026-02-14 19:15:04,009 : INFO : SwitchController : <<<<<<< 's_36_left_outlane' inactive >>>>>>>
2026-02-14 19:15:04,009 : INFO : SwitchController : <<<<<<< 's_36_left_outlane' active >>>>>>>
2026-02-14 19:15:04,025 : INFO : SwitchController : <<<<<<< 's_36_left_outlane' inactive >>>>>>>
2026-02-14 19:15:04,041 : INFO : SwitchController : <<<<<<< 's_36_left_outlane' active >>>>>>>
2026-02-14 19:15:04,041 : INFO : SwitchController : <<<<<<< 's_36_left_outlane' inactive >>>>>>>
2026-02-14 19:15:04,181 : INFO : SwitchController : <<<<<<< 's_36_left_outlane' active >>>>>>>
2026-02-14 19:15:04,212 : INFO : SwitchController : <<<<<<< 's_36_left_outlane' inactive >>>>>>>
2026-02-14 19:15:04,416 : INFO : SwitchController : <<<<<<< 's_36_left_outlane' active >>>>>>>
2026-02-14 19:15:04,431 : INFO : SwitchController : <<<<<<< 's_36_left_outlane' inactive >>>>>>>
2026-02-14 19:15:04,431 : INFO : SwitchController : <<<<<<< 's_36_left_outlane' active >>>>>>>
2026-02-14 19:15:04,478 : INFO : SwitchController : <<<<<<< 's_36_left_outlane' inactive >>>>>>>
2026-02-14 19:15:04,494 : INFO : SwitchController : <<<<<<< 's_36_left_outlane' active >>>>>>>
2026-02-14 19:15:04,494 : INFO : SwitchController : <<<<<<< 's_36_left_outlane' inactive >>>>>>>
2026-02-14 19:15:04,587 : INFO : SwitchController : <<<<<<< 's_36_left_outlane' active >>>>>>>
2026-02-14 19:15:04,618 : INFO : SwitchController : <<<<<<< 's_36_left_outlane' inactive >>>>>>>
2026-02-14 19:15:07,228 : INFO : Machine : Shutting down...
2026-02-14 19:15:07,228 : INFO : EventManager : Event: ======'shutdown'====== Args={}
2026-02-14 19:15:07,322 : INFO : root : MPF run loop ended.
