2026-02-15 15:10:17,960 : INFO : root : Loading config.
2026-02-15 15:10:17,963 : INFO : YamlMultifileConfigLoader : Machine config file #1: config.yaml
2026-02-15 15:10:17,964 : INFO : ConfigProcessor : Loading config from cache: C:\Users\tl\AppData\Local\Temp\86f932e179f318f5dae29f066573dee9.mpf_cache
2026-02-15 15:10:18,049 : INFO : ConfigProcessor : Loading config from cache: C:\Users\tl\AppData\Local\Temp\5e7e3dd8e04e0aa46ea76018297218da.mpf_cache
2026-02-15 15:10:18,050 : INFO : ConfigProcessor : Loading config from cache: C:\Users\tl\AppData\Local\Temp\af6ad0dab2f43bd9cbdac83e0b2786ac.mpf_cache
2026-02-15 15:10:18,051 : INFO : ConfigProcessor : Loading config from cache: C:\Users\tl\AppData\Local\Temp\5e7e3dd8e04e0aa46ea76018297218da.mpf_cache
2026-02-15 15:10:18,052 : INFO : Machine : Mission Pinball Framework Core Engine v0.80.0.dev12
2026-02-15 15:10:18,052 : INFO : Machine : Command line arguments: {'no_load_cache': False, 'create_config_cache': True, 'bcp': True, 'configfile': ['config.yaml'], 'force_assets_load': False, 'platform_integration_test': False, 'jsonlogging': False, 'logfile': 'logs\\2026-02-15-15-10-17-mpf-DESKTOP-HV85DRD.log', 'pause': False, 'production': False, 'text_ui': True, 'loglevel': 15, 'consoleloglevel': 20, 'force_platform': None, 'syslog_address': None, 'full_logfile_path': 'C:\\Users\\tl\\Documents\\tl-pinball\\logs\\2026-02-15-15-10-17-mpf-DESKTOP-HV85DRD.log'}
2026-02-15 15:10:18,052 : INFO : Machine : MPF path: C:\mpf\Lib\site-packages\mpf
2026-02-15 15:10:18,052 : INFO : Machine : Machine path: C:\Users\tl\Documents\tl-pinball
2026-02-15 15:10:18,052 : INFO : Machine : Platform: win32
2026-02-15 15:10:18,052 : INFO : Machine : Python executable location: C:\mpf\Scripts\python.exe
2026-02-15 15:10:18,052 : INFO : Machine : Python version: 3.12.7 (64-bit)
2026-02-15 15:10:18,054 : INFO : Machine : Initializing MPF...
2026-02-15 15:10:18,333 : INFO : FAST [NET] : Trying to connect to COM4 at 921600bps
2026-02-15 15:10:18,338 : INFO : FAST [NET] : Connected to COM4 at 921600bps
2026-02-15 15:10:18,354 : INFO : FAST [NET] : Connected to FP-CPU-2000 with firmware v02.26
2026-02-15 15:10:18,386 : INFO : FAST [NET] : Registered I/O Board 0: Model: FP-I/O-0804, Firmware: 01.10, Switches: 8, Drivers: 4
2026-02-15 15:10:18,402 : INFO : FAST [NET] : Registered I/O Board 1: Model: FP-I/O-1616, Firmware: 01.10, Switches: 16, Drivers: 16
2026-02-15 15:10:18,418 : INFO : FAST [NET] : Registered I/O Board 2: Model: FP-I/O-3208, Firmware: 01.10, Switches: 32, Drivers: 8
2026-02-15 15:10:18,434 : INFO : FAST [NET] : Registered I/O Board 3: Model: FP-I/O-1616, Firmware: 01.10, Switches: 16, Drivers: 16
2026-02-15 15:10:18,436 : INFO : FAST [EXP] : Trying to connect to COM5 at 921600bps
2026-02-15 15:10:18,440 : INFO : FAST [EXP] : Connected to COM5 at 921600bps
2026-02-15 15:10:18,450 : INFO : FAST [EXP] : Verifying hardware for EXP "ledneuron" (FP-EXP-2000, @48) with ID string "EXP FP-EXP-2000  0.42", board address 48
2026-02-15 15:10:18,466 : INFO : FAST [EXP] : Verifying hardware for EXP "ledneuron" (FP-EXP-2000, @48) with ID string "BRK FP-EXP-2000  0.42", board address 480
2026-02-15 15:10:18,498 : INFO : FAST [EXP] : Verifying hardware for EXP "ledpf1" (FP-EXP-0081, @84) with ID string "EXP FP-EXP-0081  0.38", board address 84
2026-02-15 15:10:18,514 : INFO : FAST [EXP] : Verifying hardware for EXP "ledpf1" (FP-EXP-0081, @84) with ID string "BRK FP-EXP-0081  0.38", board address 840
2026-02-15 15:10:18,530 : INFO : FAST [EXP] : Verifying hardware for EXP "ledpf1" (FP-EXP-0081, @84) with ID string "BRK FP-EXP-0081  0.38", board address 841
2026-02-15 15:10:18,546 : INFO : EventManager : Event: ======'machine_var_credits_string'====== Args={'value': 'FREE PLAY', 'prev_value': None, 'change': True}
2026-02-15 15:10:18,577 : INFO : EventManager : Event: ======'machine_var_master_volume'====== Args={'value': 0.55, 'prev_value': None, 'change': True}
2026-02-15 15:10:18,577 : INFO : EventManager : Event: ======'machine_var_player1_score'====== Args={'value': 0, 'prev_value': None, 'change': True}
2026-02-15 15:10:18,577 : INFO : EventManager : Event: ======'machine_var_mpf_version'====== Args={'value': 'Mission Pinball Framework v0.80.0.dev12', 'prev_value': None, 'change': True}
2026-02-15 15:10:18,578 : INFO : EventManager : Event: ======'machine_var_mpf_extended_version'====== Args={'value': 'Mission Pinball Framework v0.80.0.dev12, Config version:6, Show version: 6, BCP version:1.1', 'prev_value': None, 'change': True}
2026-02-15 15:10:18,578 : INFO : EventManager : Event: ======'machine_var_python_version'====== Args={'value': '3.12.7', 'prev_value': None, 'change': True}
2026-02-15 15:10:18,681 : INFO : EventManager : Event: ======'machine_var_platform'====== Args={'value': 'Windows-10-10.0.19044-SP0', 'prev_value': None, 'change': True}
2026-02-15 15:10:18,681 : INFO : EventManager : Event: ======'machine_var_platform_system'====== Args={'value': 'Windows', 'prev_value': None, 'change': True}
2026-02-15 15:10:18,681 : INFO : EventManager : Event: ======'machine_var_platform_release'====== Args={'value': '10', 'prev_value': None, 'change': True}
2026-02-15 15:10:18,681 : INFO : EventManager : Event: ======'machine_var_platform_version'====== Args={'value': '10.0.19044', 'prev_value': None, 'change': True}
2026-02-15 15:10:18,681 : INFO : EventManager : Event: ======'machine_var_platform_machine'====== Args={'value': 'AMD64', 'prev_value': None, 'change': True}
2026-02-15 15:10:18,681 : INFO : EventManager : Event: ======'machine_var_log_file_path'====== Args={'value': 'C:\\Users\\tl\\Documents\\tl-pinball\\logs\\2026-02-15-15-10-17-mpf-DESKTOP-HV85DRD.log', 'prev_value': None, 'change': True}
2026-02-15 15:10:18,682 : INFO : EventManager : Event: ======'init_phase_1'====== Args={}
2026-02-15 15:10:18,716 : INFO : EventManager : Event: ======'drop_target_bank_dt_bank_1_4_up'====== Args={}
2026-02-15 15:10:18,717 : INFO : EventManager : Event: ======'drop_target_bank_dt_bank_5_7_up'====== Args={}
2026-02-15 15:10:21,320 : INFO : SwitchController : <<<<<<< 's_71_spinner_left' active >>>>>>>
2026-02-15 15:10:21,368 : INFO : EventManager : Event: ======'init_phase_2'====== Args={}
2026-02-15 15:10:21,368 : INFO : SwitchController : Found active switch: (23, [FAST Platform Interface]) <switch.s_71_spinner_left>
2026-02-15 15:10:21,372 : INFO : EventManager : Event: ======'bcp_connection_attempt'====== Args={'name': 'local_display', 'host': 'localhost', 'port': 5050}
2026-02-15 15:10:21,374 : INFO : BCPClientSocket : Connecting BCP to 'local_display' at localhost:5050...
2026-02-15 15:10:28,076 : INFO : BCPClientSocket : Connected BCP to 'local_display' localhost:5050
2026-02-15 15:10:28,077 : INFO : EventManager : Event: ======'bcp_clients_connected'====== Args={}
2026-02-15 15:10:28,249 : INFO : ball_device.bd_plunger : BCH: Initial count: 0
2026-02-15 15:10:28,289 : INFO : ball_device.bd_plunger : State: idle
2026-02-15 15:10:28,290 : INFO : ball_device.bd_trough : BCH: Initial count: 0
2026-02-15 15:10:28,290 : INFO : ball_device.bd_trough : State: idle
2026-02-15 15:10:28,317 : INFO : EventManager : Event: ======'init_phase_3'====== Args={}
2026-02-15 15:10:28,319 : INFO : EventManager : Event: ======'init_phase_4'====== Args={}
2026-02-15 15:10:28,320 : INFO : BallController : Initial balls found: 0
2026-02-15 15:10:28,321 : INFO : EventManager : Event: ======'machine_var_audits_events_game_ended'====== Args={'value': 10, 'prev_value': None, 'change': True}
2026-02-15 15:10:28,321 : INFO : EventManager : Event: ======'machine_var_audits_events_game_started'====== Args={'value': 60, 'prev_value': None, 'change': True}
2026-02-15 15:10:28,321 : INFO : EventManager : Event: ======'machine_var_audits_missing_switches_s_00_service_esc'====== Args={'value': 14, 'prev_value': None, 'change': True}
2026-02-15 15:10:28,321 : INFO : EventManager : Event: ======'machine_var_audits_missing_switches_s_01_service_up'====== Args={'value': 14, 'prev_value': None, 'change': True}
2026-02-15 15:10:28,321 : INFO : EventManager : Event: ======'machine_var_audits_missing_switches_s_02_service_down'====== Args={'value': 14, 'prev_value': None, 'change': True}
2026-02-15 15:10:28,321 : INFO : EventManager : Event: ======'machine_var_audits_missing_switches_s_03_service_enter'====== Args={'value': 14, 'prev_value': None, 'change': True}
2026-02-15 15:10:28,321 : INFO : EventManager : Event: ======'machine_var_audits_missing_switches_s_08_left_flipper'====== Args={'value': 1, 'prev_value': None, 'change': True}
2026-02-15 15:10:28,321 : INFO : EventManager : Event: ======'machine_var_audits_missing_switches_s_0_service_esc'====== Args={'value': 46, 'prev_value': None, 'change': True}
2026-02-15 15:10:28,321 : INFO : EventManager : Event: ======'machine_var_audits_missing_switches_s_12_tilt_bob'====== Args={'value': 3, 'prev_value': None, 'change': True}
2026-02-15 15:10:28,322 : INFO : EventManager : Event: ======'machine_var_audits_missing_switches_s_13_coin_door'====== Args={'value': 3, 'prev_value': None, 'change': True}
2026-02-15 15:10:28,322 : INFO : EventManager : Event: ======'machine_var_audits_missing_switches_s_16_right_flipper'====== Args={'value': 1, 'prev_value': None, 'change': True}
2026-02-15 15:10:28,322 : INFO : EventManager : Event: ======'machine_var_audits_missing_switches_s_17_right_flipper_upper'====== Args={'value': 30, 'prev_value': None, 'change': True}
2026-02-15 15:10:28,322 : INFO : EventManager : Event: ======'machine_var_audits_missing_switches_s_19_cab_arrow_left'====== Args={'value': 3, 'prev_value': None, 'change': True}
2026-02-15 15:10:28,322 : INFO : EventManager : Event: ======'machine_var_audits_missing_switches_s_1_service_up'====== Args={'value': 46, 'prev_value': None, 'change': True}
2026-02-15 15:10:28,322 : INFO : EventManager : Event: ======'machine_var_audits_missing_switches_s_20_cab_arrow_right'====== Args={'value': 3, 'prev_value': None, 'change': True}
2026-02-15 15:10:28,322 : INFO : EventManager : Event: ======'machine_var_audits_missing_switches_s_24_trough_1'====== Args={'value': 10, 'prev_value': None, 'change': True}
2026-02-15 15:10:28,322 : INFO : EventManager : Event: ======'machine_var_audits_missing_switches_s_25_trough_2'====== Args={'value': 10, 'prev_value': None, 'change': True}
2026-02-15 15:10:28,322 : INFO : EventManager : Event: ======'machine_var_audits_missing_switches_s_25_trough_jam'====== Args={'value': 2, 'prev_value': None, 'change': True}
2026-02-15 15:10:28,322 : INFO : EventManager : Event: ======'machine_var_audits_missing_switches_s_26_trough_1'====== Args={'value': 1, 'prev_value': None, 'change': True}
2026-02-15 15:10:28,323 : INFO : EventManager : Event: ======'machine_var_audits_missing_switches_s_26_trough_3'====== Args={'value': 10, 'prev_value': None, 'change': True}
2026-02-15 15:10:28,323 : INFO : EventManager : Event: ======'machine_var_audits_missing_switches_s_27_trough_4'====== Args={'value': 10, 'prev_value': None, 'change': True}
2026-02-15 15:10:28,323 : INFO : EventManager : Event: ======'machine_var_audits_missing_switches_s_28_trough_3'====== Args={'value': 1, 'prev_value': None, 'change': True}
2026-02-15 15:10:28,323 : INFO : EventManager : Event: ======'machine_var_audits_missing_switches_s_28_trough_5'====== Args={'value': 10, 'prev_value': None, 'change': True}
2026-02-15 15:10:28,323 : INFO : EventManager : Event: ======'machine_var_audits_missing_switches_s_29_trough_4'====== Args={'value': 1, 'prev_value': None, 'change': True}
2026-02-15 15:10:28,323 : INFO : EventManager : Event: ======'machine_var_audits_missing_switches_s_29_trough_6'====== Args={'value': 10, 'prev_value': None, 'change': True}
2026-02-15 15:10:28,323 : INFO : EventManager : Event: ======'machine_var_audits_missing_switches_s_2_service_down'====== Args={'value': 46, 'prev_value': None, 'change': True}
2026-02-15 15:10:28,323 : INFO : EventManager : Event: ======'machine_var_audits_missing_switches_s_32_right_inlane'====== Args={'value': 15, 'prev_value': None, 'change': True}
2026-02-15 15:10:28,323 : INFO : EventManager : Event: ======'machine_var_audits_missing_switches_s_33_right_outlane'====== Args={'value': 22, 'prev_value': None, 'change': True}
2026-02-15 15:10:28,323 : INFO : EventManager : Event: ======'machine_var_audits_missing_switches_s_34_right_sling'====== Args={'value': 15, 'prev_value': None, 'change': True}
2026-02-15 15:10:28,323 : INFO : EventManager : Event: ======'machine_var_audits_missing_switches_s_35_left_inlane'====== Args={'value': 2, 'prev_value': None, 'change': True}
2026-02-15 15:10:28,323 : INFO : EventManager : Event: ======'machine_var_audits_missing_switches_s_36_left_outlane'====== Args={'value': 13, 'prev_value': None, 'change': True}
2026-02-15 15:10:28,324 : INFO : EventManager : Event: ======'machine_var_audits_missing_switches_s_37_left_sling'====== Args={'value': 2, 'prev_value': None, 'change': True}
2026-02-15 15:10:28,324 : INFO : EventManager : Event: ======'machine_var_audits_missing_switches_s_38_star_rollover_bottom'====== Args={'value': 57, 'prev_value': None, 'change': True}
2026-02-15 15:10:28,324 : INFO : EventManager : Event: ======'machine_var_audits_missing_switches_s_38_top_lane_a'====== Args={'value': 3, 'prev_value': None, 'change': True}
2026-02-15 15:10:28,324 : INFO : EventManager : Event: ======'machine_var_audits_missing_switches_s_39_star_rollover_top'====== Args={'value': 2, 'prev_value': None, 'change': True}
2026-02-15 15:10:28,324 : INFO : EventManager : Event: ======'machine_var_audits_missing_switches_s_39_top_lane_b'====== Args={'value': 3, 'prev_value': None, 'change': True}
2026-02-15 15:10:28,324 : INFO : EventManager : Event: ======'machine_var_audits_missing_switches_s_3_service_enter'====== Args={'value': 46, 'prev_value': None, 'change': True}
2026-02-15 15:10:28,324 : INFO : EventManager : Event: ======'machine_var_audits_missing_switches_s_40_stand_up_target_5'====== Args={'value': 4, 'prev_value': None, 'change': True}
2026-02-15 15:10:28,324 : INFO : EventManager : Event: ======'machine_var_audits_missing_switches_s_40_top_lane_c'====== Args={'value': 3, 'prev_value': None, 'change': True}
2026-02-15 15:10:28,324 : INFO : EventManager : Event: ======'machine_var_audits_missing_switches_s_41_pop_bumper_1'====== Args={'value': 2, 'prev_value': None, 'change': True}
2026-02-15 15:10:28,324 : INFO : EventManager : Event: ======'machine_var_audits_missing_switches_s_41_stand_up_target_6'====== Args={'value': 15, 'prev_value': None, 'change': True}
2026-02-15 15:10:28,324 : INFO : EventManager : Event: ======'machine_var_audits_missing_switches_s_42_pop_bumper_2'====== Args={'value': 3, 'prev_value': None, 'change': True}
2026-02-15 15:10:28,324 : INFO : EventManager : Event: ======'machine_var_audits_missing_switches_s_42_stand_up_target_1'====== Args={'value': 15, 'prev_value': None, 'change': True}
2026-02-15 15:10:28,324 : INFO : EventManager : Event: ======'machine_var_audits_missing_switches_s_43_stand_up_target_4'====== Args={'value': 15, 'prev_value': None, 'change': True}
2026-02-15 15:10:28,324 : INFO : EventManager : Event: ======'machine_var_audits_missing_switches_s_44_spinner_left'====== Args={'value': 1, 'prev_value': None, 'change': True}
2026-02-15 15:10:28,325 : INFO : EventManager : Event: ======'machine_var_audits_missing_switches_s_44_spinner_right'====== Args={'value': 1, 'prev_value': None, 'change': True}
2026-02-15 15:10:28,325 : INFO : EventManager : Event: ======'machine_var_audits_missing_switches_s_45_spinner_right'====== Args={'value': 3, 'prev_value': None, 'change': True}
2026-02-15 15:10:28,325 : INFO : EventManager : Event: ======'machine_var_audits_missing_switches_s_45_varitarget_poisition_1'====== Args={'value': 3, 'prev_value': None, 'change': True}
2026-02-15 15:10:28,325 : INFO : EventManager : Event: ======'machine_var_audits_missing_switches_s_46_varitarget_poisition_2'====== Args={'value': 3, 'prev_value': None, 'change': True}
2026-02-15 15:10:28,325 : INFO : EventManager : Event: ======'machine_var_audits_missing_switches_s_47_varitarget_poisition_3'====== Args={'value': 3, 'prev_value': None, 'change': True}
2026-02-15 15:10:28,325 : INFO : EventManager : Event: ======'machine_var_audits_missing_switches_s_48_varitarget_poisition_4'====== Args={'value': 3, 'prev_value': None, 'change': True}
2026-02-15 15:10:28,325 : INFO : EventManager : Event: ======'machine_var_audits_missing_switches_s_49_varitarget_poisition_5'====== Args={'value': 3, 'prev_value': None, 'change': True}
2026-02-15 15:10:28,325 : INFO : EventManager : Event: ======'machine_var_audits_missing_switches_s_50_saucer_left'====== Args={'value': 3, 'prev_value': None, 'change': True}
2026-02-15 15:10:28,325 : INFO : EventManager : Event: ======'machine_var_audits_missing_switches_s_51_saucer_right'====== Args={'value': 2, 'prev_value': None, 'change': True}
2026-02-15 15:10:28,325 : INFO : EventManager : Event: ======'machine_var_audits_missing_switches_s_52_star_rollover_top'====== Args={'value': 3, 'prev_value': None, 'change': True}
2026-02-15 15:10:28,325 : INFO : EventManager : Event: ======'machine_var_audits_missing_switches_s_53_star_rollover_bottom'====== Args={'value': 3, 'prev_value': None, 'change': True}
2026-02-15 15:10:28,325 : INFO : EventManager : Event: ======'machine_var_audits_missing_switches_s_54_single_drop_1'====== Args={'value': 3, 'prev_value': None, 'change': True}
2026-02-15 15:10:28,325 : INFO : EventManager : Event: ======'machine_var_audits_missing_switches_s_55_fourbank_drop_1'====== Args={'value': 3, 'prev_value': None, 'change': True}
2026-02-15 15:10:28,325 : INFO : EventManager : Event: ======'machine_var_audits_missing_switches_s_56_fourbank_drop_2'====== Args={'value': 3, 'prev_value': None, 'change': True}
2026-02-15 15:10:28,325 : INFO : EventManager : Event: ======'machine_var_audits_missing_switches_s_56_pop_bumper_right'====== Args={'value': 1, 'prev_value': None, 'change': True}
2026-02-15 15:10:28,326 : INFO : EventManager : Event: ======'machine_var_audits_missing_switches_s_57_fourbank_drop_3'====== Args={'value': 2, 'prev_value': None, 'change': True}
2026-02-15 15:10:28,326 : INFO : EventManager : Event: ======'machine_var_audits_missing_switches_s_57_pop_bumper_center'====== Args={'value': 1, 'prev_value': None, 'change': True}
2026-02-15 15:10:28,326 : INFO : EventManager : Event: ======'machine_var_audits_missing_switches_s_58_fourbank_drop_4'====== Args={'value': 2, 'prev_value': None, 'change': True}
2026-02-15 15:10:28,326 : INFO : EventManager : Event: ======'machine_var_audits_missing_switches_s_58_pop_bumper_left'====== Args={'value': 1, 'prev_value': None, 'change': True}
2026-02-15 15:10:28,326 : INFO : EventManager : Event: ======'machine_var_audits_missing_switches_s_59_saucer_right'====== Args={'value': 33, 'prev_value': None, 'change': True}
2026-02-15 15:10:28,326 : INFO : EventManager : Event: ======'machine_var_audits_missing_switches_s_59_threebank_drop_1'====== Args={'value': 2, 'prev_value': None, 'change': True}
2026-02-15 15:10:28,326 : INFO : EventManager : Event: ======'machine_var_audits_missing_switches_s_60_threebank_drop_2'====== Args={'value': 2, 'prev_value': None, 'change': True}
2026-02-15 15:10:28,326 : INFO : EventManager : Event: ======'machine_var_audits_missing_switches_s_60_top_lane_c'====== Args={'value': 2, 'prev_value': None, 'change': True}
2026-02-15 15:10:28,326 : INFO : EventManager : Event: ======'machine_var_audits_missing_switches_s_61_threebank_drop_3'====== Args={'value': 3, 'prev_value': None, 'change': True}
2026-02-15 15:10:28,326 : INFO : EventManager : Event: ======'machine_var_audits_missing_switches_s_61_top_lane_b'====== Args={'value': 11, 'prev_value': None, 'change': True}
2026-02-15 15:10:28,326 : INFO : EventManager : Event: ======'machine_var_audits_missing_switches_s_62_stand_up_target_1'====== Args={'value': 3, 'prev_value': None, 'change': True}
2026-02-15 15:10:28,326 : INFO : EventManager : Event: ======'machine_var_audits_missing_switches_s_62_top_lane_a'====== Args={'value': 15, 'prev_value': None, 'change': True}
2026-02-15 15:10:28,326 : INFO : EventManager : Event: ======'machine_var_audits_missing_switches_s_63_stand_up_target_2'====== Args={'value': 2, 'prev_value': None, 'change': True}
2026-02-15 15:10:28,326 : INFO : EventManager : Event: ======'machine_var_audits_missing_switches_s_64_stand_up_target_3'====== Args={'value': 2, 'prev_value': None, 'change': True}
2026-02-15 15:10:28,327 : INFO : EventManager : Event: ======'machine_var_audits_missing_switches_s_65_stand_up_target_4'====== Args={'value': 3, 'prev_value': None, 'change': True}
2026-02-15 15:10:28,327 : INFO : EventManager : Event: ======'machine_var_audits_missing_switches_s_65_varitarget_poisition_2'====== Args={'value': 35, 'prev_value': None, 'change': True}
2026-02-15 15:10:28,327 : INFO : EventManager : Event: ======'machine_var_audits_missing_switches_s_66_stand_up_target_5'====== Args={'value': 3, 'prev_value': None, 'change': True}
2026-02-15 15:10:28,327 : INFO : EventManager : Event: ======'machine_var_audits_missing_switches_s_66_varitarget_poisition_3'====== Args={'value': 35, 'prev_value': None, 'change': True}
2026-02-15 15:10:28,327 : INFO : EventManager : Event: ======'machine_var_audits_missing_switches_s_67_stand_up_target_6'====== Args={'value': 3, 'prev_value': None, 'change': True}
2026-02-15 15:10:28,327 : INFO : EventManager : Event: ======'machine_var_audits_missing_switches_s_67_varitarget_poisition_4'====== Args={'value': 35, 'prev_value': None, 'change': True}
2026-02-15 15:10:28,327 : INFO : EventManager : Event: ======'machine_var_audits_missing_switches_s_68_stand_up_target_7'====== Args={'value': 2, 'prev_value': None, 'change': True}
2026-02-15 15:10:28,327 : INFO : EventManager : Event: ======'machine_var_audits_missing_switches_s_68_varitarget_poisition_5'====== Args={'value': 35, 'prev_value': None, 'change': True}
2026-02-15 15:10:28,327 : INFO : EventManager : Event: ======'machine_var_audits_missing_switches_s_69_stand_up_target_8'====== Args={'value': 1, 'prev_value': None, 'change': True}
2026-02-15 15:10:28,327 : INFO : EventManager : Event: ======'machine_var_audits_missing_switches_s_69_varitarget_poisition_6'====== Args={'value': 35, 'prev_value': None, 'change': True}
2026-02-15 15:10:28,327 : INFO : EventManager : Event: ======'machine_var_audits_missing_switches_s_70_stand_up_target_9'====== Args={'value': 3, 'prev_value': None, 'change': True}
2026-02-15 15:10:28,327 : INFO : EventManager : Event: ======'machine_var_audits_missing_switches_s_70_varitarget_poisition_7'====== Args={'value': 18, 'prev_value': None, 'change': True}
2026-02-15 15:10:28,327 : INFO : EventManager : Event: ======'machine_var_audits_missing_switches_s_71_spinner_left'====== Args={'value': 5, 'prev_value': None, 'change': True}
2026-02-15 15:10:28,327 : INFO : EventManager : Event: ======'machine_var_audits_missing_switches_s_71_stand_up_target_10'====== Args={'value': 3, 'prev_value': None, 'change': True}
2026-02-15 15:10:28,328 : INFO : EventManager : Event: ======'machine_var_audits_missing_switches_s_72_single_drop_1'====== Args={'value': 1, 'prev_value': None, 'change': True}
2026-02-15 15:10:28,328 : INFO : EventManager : Event: ======'machine_var_audits_missing_switches_s_72_stand_up_target_11'====== Args={'value': 3, 'prev_value': None, 'change': True}
2026-02-15 15:10:28,328 : INFO : EventManager : Event: ======'machine_var_audits_missing_switches_s_73_fourbank_drop_1'====== Args={'value': 2, 'prev_value': None, 'change': True}
2026-02-15 15:10:28,328 : INFO : EventManager : Event: ======'machine_var_audits_missing_switches_s_74_fourbank_drop_2'====== Args={'value': 2, 'prev_value': None, 'change': True}
2026-02-15 15:10:28,328 : INFO : EventManager : Event: ======'machine_var_audits_missing_switches_s_75_fourbank_drop_3'====== Args={'value': 19, 'prev_value': None, 'change': True}
2026-02-15 15:10:28,328 : INFO : EventManager : Event: ======'machine_var_audits_missing_switches_s_76_fourbank_drop_4'====== Args={'value': 24, 'prev_value': None, 'change': True}
2026-02-15 15:10:28,328 : INFO : EventManager : Event: ======'machine_var_audits_missing_switches_s_77_threebank_drop_1'====== Args={'value': 18, 'prev_value': None, 'change': True}
2026-02-15 15:10:28,328 : INFO : EventManager : Event: ======'machine_var_audits_missing_switches_s_78_threebank_drop_2'====== Args={'value': 2, 'prev_value': None, 'change': True}
2026-02-15 15:10:28,329 : INFO : EventManager : Event: ======'machine_var_audits_missing_switches_s_79_threebank_drop_3'====== Args={'value': 11, 'prev_value': None, 'change': True}
2026-02-15 15:10:28,329 : INFO : EventManager : Event: ======'machine_var_audits_missing_switches_s_80_stand_up_target_2'====== Args={'value': 15, 'prev_value': None, 'change': True}
2026-02-15 15:10:28,329 : INFO : EventManager : Event: ======'machine_var_audits_missing_switches_s_81_saucer_left'====== Args={'value': 47, 'prev_value': None, 'change': True}
2026-02-15 15:10:28,329 : INFO : EventManager : Event: ======'machine_var_audits_missing_switches_s_82_stand_up_target_bank_1'====== Args={'value': 21, 'prev_value': None, 'change': True}
2026-02-15 15:10:28,329 : INFO : EventManager : Event: ======'machine_var_audits_missing_switches_s_83_stand_up_target_bank_2'====== Args={'value': 6, 'prev_value': None, 'change': True}
2026-02-15 15:10:28,329 : INFO : EventManager : Event: ======'machine_var_audits_missing_switches_s_84_stand_up_target_bank_3'====== Args={'value': 20, 'prev_value': None, 'change': True}
2026-02-15 15:10:28,329 : INFO : EventManager : Event: ======'machine_var_audits_missing_switches_s_85_stand_up_target_bank_4'====== Args={'value': 15, 'prev_value': None, 'change': True}
2026-02-15 15:10:28,329 : INFO : EventManager : Event: ======'machine_var_audits_missing_switches_s_86_stand_up_target_bank_5'====== Args={'value': 15, 'prev_value': None, 'change': True}
2026-02-15 15:10:28,329 : INFO : EventManager : Event: ======'machine_var_audits_missing_switches_s_87_stand_up_target_bank_6'====== Args={'value': 21, 'prev_value': None, 'change': True}
2026-02-15 15:10:28,329 : INFO : EventManager : Event: ======'machine_var_audits_missing_switches_s_8_left_flipper'====== Args={'value': 19, 'prev_value': None, 'change': True}
2026-02-15 15:10:28,329 : INFO : EventManager : Event: ======'machine_var_audits_player_score'====== Args={'value': {'average': 0, 'top': [0, 0, 0, 0, 0, 0, 0, 0, 0, 0], 'total': 10}, 'prev_value': None, 'change': True}
2026-02-15 15:10:28,329 : INFO : EventManager : Event: ======'machine_var_audits_switches_s_00_service_esc'====== Args={'value': 0, 'prev_value': None, 'change': True}
2026-02-15 15:10:28,329 : INFO : EventManager : Event: ======'machine_var_audits_switches_s_01_service_up'====== Args={'value': 0, 'prev_value': None, 'change': True}
2026-02-15 15:10:28,330 : INFO : EventManager : Event: ======'machine_var_audits_switches_s_02_service_down'====== Args={'value': 0, 'prev_value': None, 'change': True}
2026-02-15 15:10:28,330 : INFO : EventManager : Event: ======'machine_var_audits_switches_s_03_service_enter'====== Args={'value': 0, 'prev_value': None, 'change': True}
2026-02-15 15:10:28,330 : INFO : EventManager : Event: ======'machine_var_audits_switches_s_08_left_flipper'====== Args={'value': 35, 'prev_value': None, 'change': True}
2026-02-15 15:10:28,330 : INFO : EventManager : Event: ======'machine_var_audits_switches_s_0_service_esc'====== Args={'value': 0, 'prev_value': None, 'change': True}
2026-02-15 15:10:28,330 : INFO : EventManager : Event: ======'machine_var_audits_switches_s_11_start_button'====== Args={'value': 23, 'prev_value': None, 'change': True}
2026-02-15 15:10:28,330 : INFO : EventManager : Event: ======'machine_var_audits_switches_s_12_tilt_bob'====== Args={'value': 0, 'prev_value': None, 'change': True}
2026-02-15 15:10:28,330 : INFO : EventManager : Event: ======'machine_var_audits_switches_s_13_coin_door'====== Args={'value': 0, 'prev_value': None, 'change': True}
2026-02-15 15:10:28,330 : INFO : EventManager : Event: ======'machine_var_audits_switches_s_16_right_flipper'====== Args={'value': 641, 'prev_value': None, 'change': True}
2026-02-15 15:10:28,330 : INFO : EventManager : Event: ======'machine_var_audits_switches_s_17_right_flipper_upper'====== Args={'value': 537, 'prev_value': None, 'change': True}
2026-02-15 15:10:28,330 : INFO : EventManager : Event: ======'machine_var_audits_switches_s_19_cab_arrow_left'====== Args={'value': 0, 'prev_value': None, 'change': True}
2026-02-15 15:10:28,330 : INFO : EventManager : Event: ======'machine_var_audits_switches_s_1_service_up'====== Args={'value': 0, 'prev_value': None, 'change': True}
2026-02-15 15:10:28,330 : INFO : EventManager : Event: ======'machine_var_audits_switches_s_20_cab_arrow_right'====== Args={'value': 0, 'prev_value': None, 'change': True}
2026-02-15 15:10:28,330 : INFO : EventManager : Event: ======'machine_var_audits_switches_s_24_plunger_lane'====== Args={'value': 19, 'prev_value': None, 'change': True}
2026-02-15 15:10:28,331 : INFO : EventManager : Event: ======'machine_var_audits_switches_s_24_trough_1'====== Args={'value': 56, 'prev_value': None, 'change': True}
2026-02-15 15:10:28,331 : INFO : EventManager : Event: ======'machine_var_audits_switches_s_25_trough_2'====== Args={'value': 49, 'prev_value': None, 'change': True}
2026-02-15 15:10:28,331 : INFO : EventManager : Event: ======'machine_var_audits_switches_s_25_trough_jam'====== Args={'value': 3, 'prev_value': None, 'change': True}
2026-02-15 15:10:28,331 : INFO : EventManager : Event: ======'machine_var_audits_switches_s_26_trough_1'====== Args={'value': 21, 'prev_value': None, 'change': True}
2026-02-15 15:10:28,331 : INFO : EventManager : Event: ======'machine_var_audits_switches_s_26_trough_3'====== Args={'value': 46, 'prev_value': None, 'change': True}
2026-02-15 15:10:28,331 : INFO : EventManager : Event: ======'machine_var_audits_switches_s_27_trough_2'====== Args={'value': 19, 'prev_value': None, 'change': True}
2026-02-15 15:10:28,331 : INFO : EventManager : Event: ======'machine_var_audits_switches_s_27_trough_4'====== Args={'value': 38, 'prev_value': None, 'change': True}
2026-02-15 15:10:28,331 : INFO : EventManager : Event: ======'machine_var_audits_switches_s_28_trough_3'====== Args={'value': 2, 'prev_value': None, 'change': True}
2026-02-15 15:10:28,331 : INFO : EventManager : Event: ======'machine_var_audits_switches_s_28_trough_5'====== Args={'value': 40, 'prev_value': None, 'change': True}
2026-02-15 15:10:28,331 : INFO : EventManager : Event: ======'machine_var_audits_switches_s_29_trough_4'====== Args={'value': 2, 'prev_value': None, 'change': True}
2026-02-15 15:10:28,331 : INFO : EventManager : Event: ======'machine_var_audits_switches_s_29_trough_6'====== Args={'value': 58, 'prev_value': None, 'change': True}
2026-02-15 15:10:28,331 : INFO : EventManager : Event: ======'machine_var_audits_switches_s_2_service_down'====== Args={'value': 0, 'prev_value': None, 'change': True}
2026-02-15 15:10:28,331 : INFO : EventManager : Event: ======'machine_var_audits_switches_s_30_trough_jam'====== Args={'value': 90, 'prev_value': None, 'change': True}
2026-02-15 15:10:28,332 : INFO : EventManager : Event: ======'machine_var_audits_switches_s_31_plunger_lane'====== Args={'value': 90, 'prev_value': None, 'change': True}
2026-02-15 15:10:28,332 : INFO : EventManager : Event: ======'machine_var_audits_switches_s_32_right_inlane'====== Args={'value': 13, 'prev_value': None, 'change': True}
2026-02-15 15:10:28,332 : INFO : EventManager : Event: ======'machine_var_audits_switches_s_33_right_outlane'====== Args={'value': 1, 'prev_value': None, 'change': True}
2026-02-15 15:10:28,332 : INFO : EventManager : Event: ======'machine_var_audits_switches_s_34_right_sling'====== Args={'value': 622, 'prev_value': None, 'change': True}
2026-02-15 15:10:28,332 : INFO : EventManager : Event: ======'machine_var_audits_switches_s_35_left_inlane'====== Args={'value': 46, 'prev_value': None, 'change': True}
2026-02-15 15:10:28,332 : INFO : EventManager : Event: ======'machine_var_audits_switches_s_36_left_outlane'====== Args={'value': 257, 'prev_value': None, 'change': True}
2026-02-15 15:10:28,332 : INFO : EventManager : Event: ======'machine_var_audits_switches_s_37_left_sling'====== Args={'value': 158, 'prev_value': None, 'change': True}
2026-02-15 15:10:28,332 : INFO : EventManager : Event: ======'machine_var_audits_switches_s_38_star_rollover_bottom'====== Args={'value': 0, 'prev_value': None, 'change': True}
2026-02-15 15:10:28,332 : INFO : EventManager : Event: ======'machine_var_audits_switches_s_38_top_lane_a'====== Args={'value': 0, 'prev_value': None, 'change': True}
2026-02-15 15:10:28,332 : INFO : EventManager : Event: ======'machine_var_audits_switches_s_39_star_rollover_top'====== Args={'value': 13, 'prev_value': None, 'change': True}
2026-02-15 15:10:28,332 : INFO : EventManager : Event: ======'machine_var_audits_switches_s_39_top_lane_b'====== Args={'value': 0, 'prev_value': None, 'change': True}
2026-02-15 15:10:28,332 : INFO : EventManager : Event: ======'machine_var_audits_switches_s_3_service_enter'====== Args={'value': 0, 'prev_value': None, 'change': True}
2026-02-15 15:10:28,332 : INFO : EventManager : Event: ======'machine_var_audits_switches_s_40_stand_up_target_5'====== Args={'value': 1, 'prev_value': None, 'change': True}
2026-02-15 15:10:28,333 : INFO : EventManager : Event: ======'machine_var_audits_switches_s_40_stand_up_target_7'====== Args={'value': 26, 'prev_value': None, 'change': True}
2026-02-15 15:10:28,333 : INFO : EventManager : Event: ======'machine_var_audits_switches_s_40_top_lane_c'====== Args={'value': 0, 'prev_value': None, 'change': True}
2026-02-15 15:10:28,333 : INFO : EventManager : Event: ======'machine_var_audits_switches_s_41_pop_bumper_1'====== Args={'value': 1, 'prev_value': None, 'change': True}
2026-02-15 15:10:28,333 : INFO : EventManager : Event: ======'machine_var_audits_switches_s_41_stand_up_target_6'====== Args={'value': 0, 'prev_value': None, 'change': True}
2026-02-15 15:10:28,333 : INFO : EventManager : Event: ======'machine_var_audits_switches_s_41_stand_up_target_8'====== Args={'value': 32, 'prev_value': None, 'change': True}
2026-02-15 15:10:28,333 : INFO : EventManager : Event: ======'machine_var_audits_switches_s_42_pop_bumper_2'====== Args={'value': 0, 'prev_value': None, 'change': True}
2026-02-15 15:10:28,333 : INFO : EventManager : Event: ======'machine_var_audits_switches_s_42_stand_up_target_1'====== Args={'value': 0, 'prev_value': None, 'change': True}
2026-02-15 15:10:28,333 : INFO : EventManager : Event: ======'machine_var_audits_switches_s_42_stand_up_target_9'====== Args={'value': 69, 'prev_value': None, 'change': True}
2026-02-15 15:10:28,333 : INFO : EventManager : Event: ======'machine_var_audits_switches_s_43_pop_bumper_3'====== Args={'value': 16, 'prev_value': None, 'change': True}
2026-02-15 15:10:28,333 : INFO : EventManager : Event: ======'machine_var_audits_switches_s_43_stand_up_target_10'====== Args={'value': 40, 'prev_value': None, 'change': True}
2026-02-15 15:10:28,333 : INFO : EventManager : Event: ======'machine_var_audits_switches_s_43_stand_up_target_4'====== Args={'value': 0, 'prev_value': None, 'change': True}
2026-02-15 15:10:28,333 : INFO : EventManager : Event: ======'machine_var_audits_switches_s_44_spinner_left'====== Args={'value': 8, 'prev_value': None, 'change': True}
2026-02-15 15:10:28,333 : INFO : EventManager : Event: ======'machine_var_audits_switches_s_44_spinner_right'====== Args={'value': 182, 'prev_value': None, 'change': True}
2026-02-15 15:10:28,334 : INFO : EventManager : Event: ======'machine_var_audits_switches_s_45_spinner_right'====== Args={'value': 0, 'prev_value': None, 'change': True}
2026-02-15 15:10:28,334 : INFO : EventManager : Event: ======'machine_var_audits_switches_s_45_varitarget_poisition_1'====== Args={'value': 0, 'prev_value': None, 'change': True}
2026-02-15 15:10:28,334 : INFO : EventManager : Event: ======'machine_var_audits_switches_s_46_varitarget_poisition_2'====== Args={'value': 0, 'prev_value': None, 'change': True}
2026-02-15 15:10:28,334 : INFO : EventManager : Event: ======'machine_var_audits_switches_s_47_varitarget_poisition_3'====== Args={'value': 0, 'prev_value': None, 'change': True}
2026-02-15 15:10:28,334 : INFO : EventManager : Event: ======'machine_var_audits_switches_s_48_varitarget_poisition_4'====== Args={'value': 0, 'prev_value': None, 'change': True}
2026-02-15 15:10:28,334 : INFO : EventManager : Event: ======'machine_var_audits_switches_s_49_varitarget_poisition_5'====== Args={'value': 0, 'prev_value': None, 'change': True}
2026-02-15 15:10:28,334 : INFO : EventManager : Event: ======'machine_var_audits_switches_s_50_saucer_left'====== Args={'value': 0, 'prev_value': None, 'change': True}
2026-02-15 15:10:28,334 : INFO : EventManager : Event: ======'machine_var_audits_switches_s_51_saucer_right'====== Args={'value': 2, 'prev_value': None, 'change': True}
2026-02-15 15:10:28,334 : INFO : EventManager : Event: ======'machine_var_audits_switches_s_52_star_rollover_top'====== Args={'value': 0, 'prev_value': None, 'change': True}
2026-02-15 15:10:28,334 : INFO : EventManager : Event: ======'machine_var_audits_switches_s_53_star_rollover_bottom'====== Args={'value': 0, 'prev_value': None, 'change': True}
2026-02-15 15:10:28,334 : INFO : EventManager : Event: ======'machine_var_audits_switches_s_54_single_drop_1'====== Args={'value': 0, 'prev_value': None, 'change': True}
2026-02-15 15:10:28,334 : INFO : EventManager : Event: ======'machine_var_audits_switches_s_55_fourbank_drop_1'====== Args={'value': 0, 'prev_value': None, 'change': True}
2026-02-15 15:10:28,334 : INFO : EventManager : Event: ======'machine_var_audits_switches_s_56_fourbank_drop_2'====== Args={'value': 0, 'prev_value': None, 'change': True}
2026-02-15 15:10:28,335 : INFO : EventManager : Event: ======'machine_var_audits_switches_s_56_pop_bumper_right'====== Args={'value': 58, 'prev_value': None, 'change': True}
2026-02-15 15:10:28,335 : INFO : EventManager : Event: ======'machine_var_audits_switches_s_57_fourbank_drop_3'====== Args={'value': 1, 'prev_value': None, 'change': True}
2026-02-15 15:10:28,335 : INFO : EventManager : Event: ======'machine_var_audits_switches_s_57_pop_bumper_center'====== Args={'value': 161, 'prev_value': None, 'change': True}
2026-02-15 15:10:28,335 : INFO : EventManager : Event: ======'machine_var_audits_switches_s_58_fourbank_drop_4'====== Args={'value': 1, 'prev_value': None, 'change': True}
2026-02-15 15:10:28,335 : INFO : EventManager : Event: ======'machine_var_audits_switches_s_58_pop_bumper_left'====== Args={'value': 101, 'prev_value': None, 'change': True}
2026-02-15 15:10:28,335 : INFO : EventManager : Event: ======'machine_var_audits_switches_s_59_saucer_right'====== Args={'value': 7, 'prev_value': None, 'change': True}
2026-02-15 15:10:28,335 : INFO : EventManager : Event: ======'machine_var_audits_switches_s_59_threebank_drop_1'====== Args={'value': 1, 'prev_value': None, 'change': True}
2026-02-15 15:10:28,335 : INFO : EventManager : Event: ======'machine_var_audits_switches_s_60_threebank_drop_2'====== Args={'value': 1, 'prev_value': None, 'change': True}
2026-02-15 15:10:28,335 : INFO : EventManager : Event: ======'machine_var_audits_switches_s_60_top_lane_c'====== Args={'value': 66, 'prev_value': None, 'change': True}
2026-02-15 15:10:28,335 : INFO : EventManager : Event: ======'machine_var_audits_switches_s_61_threebank_drop_3'====== Args={'value': 0, 'prev_value': None, 'change': True}
2026-02-15 15:10:28,335 : INFO : EventManager : Event: ======'machine_var_audits_switches_s_61_top_lane_b'====== Args={'value': 31, 'prev_value': None, 'change': True}
2026-02-15 15:10:28,335 : INFO : EventManager : Event: ======'machine_var_audits_switches_s_62_stand_up_target_1'====== Args={'value': 0, 'prev_value': None, 'change': True}
2026-02-15 15:10:28,336 : INFO : EventManager : Event: ======'machine_var_audits_switches_s_62_top_lane_a'====== Args={'value': 124, 'prev_value': None, 'change': True}
2026-02-15 15:10:28,336 : INFO : EventManager : Event: ======'machine_var_audits_switches_s_63_stand_up_target_11'====== Args={'value': 43, 'prev_value': None, 'change': True}
2026-02-15 15:10:28,336 : INFO : EventManager : Event: ======'machine_var_audits_switches_s_63_stand_up_target_2'====== Args={'value': 1, 'prev_value': None, 'change': True}
2026-02-15 15:10:28,336 : INFO : EventManager : Event: ======'machine_var_audits_switches_s_63_stand_up_target_3'====== Args={'value': 8, 'prev_value': None, 'change': True}
2026-02-15 15:10:28,336 : INFO : EventManager : Event: ======'machine_var_audits_switches_s_64_stand_up_target_3'====== Args={'value': 1, 'prev_value': None, 'change': True}
2026-02-15 15:10:28,336 : INFO : EventManager : Event: ======'machine_var_audits_switches_s_64_varitarget_poisition_1'====== Args={'value': 903, 'prev_value': None, 'change': True}
2026-02-15 15:10:28,336 : INFO : EventManager : Event: ======'machine_var_audits_switches_s_65_stand_up_target_4'====== Args={'value': 0, 'prev_value': None, 'change': True}
2026-02-15 15:10:28,336 : INFO : EventManager : Event: ======'machine_var_audits_switches_s_65_varitarget_poisition_2'====== Args={'value': 11, 'prev_value': None, 'change': True}
2026-02-15 15:10:28,336 : INFO : EventManager : Event: ======'machine_var_audits_switches_s_66_stand_up_target_5'====== Args={'value': 0, 'prev_value': None, 'change': True}
2026-02-15 15:10:28,336 : INFO : EventManager : Event: ======'machine_var_audits_switches_s_66_varitarget_poisition_3'====== Args={'value': 6, 'prev_value': None, 'change': True}
2026-02-15 15:10:28,336 : INFO : EventManager : Event: ======'machine_var_audits_switches_s_67_stand_up_target_6'====== Args={'value': 0, 'prev_value': None, 'change': True}
2026-02-15 15:10:28,336 : INFO : EventManager : Event: ======'machine_var_audits_switches_s_67_varitarget_poisition_4'====== Args={'value': 11, 'prev_value': None, 'change': True}
2026-02-15 15:10:28,337 : INFO : EventManager : Event: ======'machine_var_audits_switches_s_68_stand_up_target_7'====== Args={'value': 1, 'prev_value': None, 'change': True}
2026-02-15 15:10:28,337 : INFO : EventManager : Event: ======'machine_var_audits_switches_s_68_varitarget_poisition_5'====== Args={'value': 5, 'prev_value': None, 'change': True}
2026-02-15 15:10:28,337 : INFO : EventManager : Event: ======'machine_var_audits_switches_s_69_stand_up_target_8'====== Args={'value': 2, 'prev_value': None, 'change': True}
2026-02-15 15:10:28,337 : INFO : EventManager : Event: ======'machine_var_audits_switches_s_69_varitarget_poisition_6'====== Args={'value': 4, 'prev_value': None, 'change': True}
2026-02-15 15:10:28,337 : INFO : EventManager : Event: ======'machine_var_audits_switches_s_70_stand_up_target_9'====== Args={'value': 0, 'prev_value': None, 'change': True}
2026-02-15 15:10:28,337 : INFO : EventManager : Event: ======'machine_var_audits_switches_s_70_varitarget_poisition_7'====== Args={'value': 66, 'prev_value': None, 'change': True}
2026-02-15 15:10:28,337 : INFO : EventManager : Event: ======'machine_var_audits_switches_s_71_spinner_left'====== Args={'value': 2109, 'prev_value': None, 'change': True}
2026-02-15 15:10:28,337 : INFO : EventManager : Event: ======'machine_var_audits_switches_s_71_stand_up_target_10'====== Args={'value': 0, 'prev_value': None, 'change': True}
2026-02-15 15:10:28,337 : INFO : EventManager : Event: ======'machine_var_audits_switches_s_72_single_drop_1'====== Args={'value': 40, 'prev_value': None, 'change': True}
2026-02-15 15:10:28,337 : INFO : EventManager : Event: ======'machine_var_audits_switches_s_72_stand_up_target_11'====== Args={'value': 0, 'prev_value': None, 'change': True}
2026-02-15 15:10:28,337 : INFO : EventManager : Event: ======'machine_var_audits_switches_s_73_fourbank_drop_1'====== Args={'value': 253, 'prev_value': None, 'change': True}
2026-02-15 15:10:28,337 : INFO : EventManager : Event: ======'machine_var_audits_switches_s_74_fourbank_drop_2'====== Args={'value': 96, 'prev_value': None, 'change': True}
2026-02-15 15:10:28,338 : INFO : EventManager : Event: ======'machine_var_audits_switches_s_75_fourbank_drop_3'====== Args={'value': 99, 'prev_value': None, 'change': True}
2026-02-15 15:10:28,338 : INFO : EventManager : Event: ======'machine_var_audits_switches_s_76_fourbank_drop_4'====== Args={'value': 3, 'prev_value': None, 'change': True}
2026-02-15 15:10:28,338 : INFO : EventManager : Event: ======'machine_var_audits_switches_s_77_threebank_drop_1'====== Args={'value': 93, 'prev_value': None, 'change': True}
2026-02-15 15:10:28,338 : INFO : EventManager : Event: ======'machine_var_audits_switches_s_78_threebank_drop_2'====== Args={'value': 1275, 'prev_value': None, 'change': True}
2026-02-15 15:10:28,338 : INFO : EventManager : Event: ======'machine_var_audits_switches_s_79_threebank_drop_3'====== Args={'value': 307, 'prev_value': None, 'change': True}
2026-02-15 15:10:28,338 : INFO : EventManager : Event: ======'machine_var_audits_switches_s_80_stand_up_target_1'====== Args={'value': 72, 'prev_value': None, 'change': True}
2026-02-15 15:10:28,338 : INFO : EventManager : Event: ======'machine_var_audits_switches_s_80_stand_up_target_2'====== Args={'value': 0, 'prev_value': None, 'change': True}
2026-02-15 15:10:28,338 : INFO : EventManager : Event: ======'machine_var_audits_switches_s_81_saucer_left'====== Args={'value': 13, 'prev_value': None, 'change': True}
2026-02-15 15:10:28,339 : INFO : EventManager : Event: ======'machine_var_audits_switches_s_82_stand_up_target_bank_1'====== Args={'value': 25, 'prev_value': None, 'change': True}
2026-02-15 15:10:28,339 : INFO : EventManager : Event: ======'machine_var_audits_switches_s_83_stand_up_target_bank_2'====== Args={'value': 56, 'prev_value': None, 'change': True}
2026-02-15 15:10:28,339 : INFO : EventManager : Event: ======'machine_var_audits_switches_s_84_stand_up_target_bank_3'====== Args={'value': 41, 'prev_value': None, 'change': True}
2026-02-15 15:10:28,339 : INFO : EventManager : Event: ======'machine_var_audits_switches_s_85_stand_up_target_bank_4'====== Args={'value': 56, 'prev_value': None, 'change': True}
2026-02-15 15:10:28,339 : INFO : EventManager : Event: ======'machine_var_audits_switches_s_86_stand_up_target_bank_5'====== Args={'value': 215, 'prev_value': None, 'change': True}
2026-02-15 15:10:28,339 : INFO : EventManager : Event: ======'machine_var_audits_switches_s_87_stand_up_target_bank_6'====== Args={'value': 142, 'prev_value': None, 'change': True}
2026-02-15 15:10:28,339 : INFO : EventManager : Event: ======'machine_var_audits_switches_s_8_left_flipper'====== Args={'value': 455, 'prev_value': None, 'change': True}
2026-02-15 15:10:28,340 : INFO : EventManager : Event: ======'init_phase_5'====== Args={}
2026-02-15 15:10:28,347 : INFO : EventManager : Event: ======'init_done'====== Args={}
2026-02-15 15:10:28,347 : INFO : EventManager : Event: ======'machine_reset_phase_1'====== Args={}
2026-02-15 15:10:28,354 : INFO : EventManager : Event: ======'machine_reset_phase_2'====== Args={}
2026-02-15 15:10:28,355 : INFO : EventManager : Event: ======'machine_reset_phase_3'====== Args={}
2026-02-15 15:10:28,356 : INFO : drop_target_bank.dt_bank_1_4 : All targets are already up. Will not reset bank.
2026-02-15 15:10:28,356 : INFO : drop_target_bank.dt_bank_5_7 : All targets are already up. Will not reset bank.
2026-02-15 15:10:28,356 : INFO : EventManager : Event: ======'reset_complete'====== Args={}
2026-02-15 15:10:28,356 : INFO : EventManager : Event: ======'mode_attract_will_start'====== Args={}
2026-02-15 15:10:28,357 : INFO : Timer.attract_carousel_timer : Starting Timer.
2026-02-15 15:10:28,357 : INFO : EventManager : Event: ======'timer_attract_carousel_timer_started'====== Args={'ticks': 0, 'ticks_remaining': 1}
2026-02-15 15:10:28,357 : INFO : EventManager : Event: ======'timer_attract_carousel_timer_tick'====== Args={'ticks': 0, 'ticks_remaining': 1}
2026-02-15 15:10:28,357 : INFO : EventManager : Event: ======'mode_attract_starting'====== Args={}
2026-02-15 15:10:28,357 : INFO : Mode.attract : Started. Priority: 10
2026-02-15 15:10:28,358 : INFO : EventManager : Event: ======'modes_active_modes_changed'====== Args={}
2026-02-15 15:10:28,358 : INFO : EventManager : Event: ======'mode_attract_started'====== Args={}
2026-02-15 15:10:28,358 : INFO : EventManager : Event: ======'collecting_balls_complete'====== Args={}
2026-02-15 15:10:28,358 : INFO : EventManager : Event: ======'carousel_item_highlighted'====== Args={'carousel': 'attract', 'direction': None, 'item': 'title'}
2026-02-15 15:10:28,366 : INFO : Machine : Starting the main run loop with active modes: [<Mode.attract>]
2026-02-15 15:10:28,392 : INFO : EventManager : Event: ======'slide_attract_created'====== Args={'_from_bcp': True}
2026-02-15 15:10:28,393 : INFO : EventManager : Event: ======'slide__removed'====== Args={'_from_bcp': True}
2026-02-15 15:10:28,393 : INFO : EventManager : Event: ======'slide_attract_active'====== Args={'original_context': 'attract', 'original_calling_context': 'mode_attract_started', 'priority': 10.0, 'cmd': 'slides_play', '_from_bcp': True}
2026-02-15 15:10:33,370 : INFO : Timer.attract_carousel_timer : Timer Complete
2026-02-15 15:10:33,370 : INFO : Timer.attract_carousel_timer : Stopping Timer
2026-02-15 15:10:33,370 : INFO : EventManager : Event: ======'timer_attract_carousel_timer_stopped'====== Args={'ticks': 1, 'ticks_remaining': 1}
2026-02-15 15:10:33,370 : INFO : EventManager : Event: ======'timer_attract_carousel_timer_complete'====== Args={'ticks': 1, 'ticks_remaining': 1}
2026-02-15 15:10:33,370 : INFO : EventManager : Event: ======'carousel_item_highlighted'====== Args={'carousel': 'attract', 'direction': 'forwards', 'item': 'credits'}
2026-02-15 15:10:35,306 : INFO : SwitchController : <<<<<<< 's_16_right_flipper' active >>>>>>>
2026-02-15 15:10:35,306 : INFO : EventManager : Event: ======'s_16_right_flipper_active'====== Args={}
2026-02-15 15:10:35,307 : INFO : EventManager : Event: ======'carousel_item_highlighted'====== Args={'carousel': 'attract', 'direction': 'forwards', 'item': 'mpf_logo'}
2026-02-15 15:10:35,422 : INFO : SwitchController : <<<<<<< 's_16_right_flipper' inactive >>>>>>>
2026-02-15 15:10:35,539 : INFO : SwitchController : <<<<<<< 's_08_left_flipper' active >>>>>>>
2026-02-15 15:10:35,539 : INFO : EventManager : Event: ======'s_08_left_flipper_active'====== Args={}
2026-02-15 15:10:35,539 : INFO : EventManager : Event: ======'carousel_item_highlighted'====== Args={'carousel': 'attract', 'direction': 'backwards', 'item': 'credits'}
2026-02-15 15:10:35,655 : INFO : SwitchController : <<<<<<< 's_08_left_flipper' inactive >>>>>>>
2026-02-15 15:10:35,789 : INFO : SwitchController : <<<<<<< 's_16_right_flipper' active >>>>>>>
2026-02-15 15:10:35,789 : INFO : EventManager : Event: ======'s_16_right_flipper_active'====== Args={}
2026-02-15 15:10:35,789 : INFO : EventManager : Event: ======'carousel_item_highlighted'====== Args={'carousel': 'attract', 'direction': 'forwards', 'item': 'mpf_logo'}
2026-02-15 15:10:35,939 : INFO : SwitchController : <<<<<<< 's_16_right_flipper' inactive >>>>>>>
2026-02-15 15:10:36,022 : INFO : SwitchController : <<<<<<< 's_08_left_flipper' active >>>>>>>
2026-02-15 15:10:36,022 : INFO : EventManager : Event: ======'s_08_left_flipper_active'====== Args={}
2026-02-15 15:10:36,022 : INFO : EventManager : Event: ======'carousel_item_highlighted'====== Args={'carousel': 'attract', 'direction': 'backwards', 'item': 'credits'}
2026-02-15 15:10:36,139 : INFO : SwitchController : <<<<<<< 's_08_left_flipper' inactive >>>>>>>
2026-02-15 15:10:36,239 : INFO : SwitchController : <<<<<<< 's_16_right_flipper' active >>>>>>>
2026-02-15 15:10:36,239 : INFO : EventManager : Event: ======'s_16_right_flipper_active'====== Args={}
2026-02-15 15:10:36,239 : INFO : EventManager : Event: ======'carousel_item_highlighted'====== Args={'carousel': 'attract', 'direction': 'forwards', 'item': 'mpf_logo'}
2026-02-15 15:10:36,389 : INFO : SwitchController : <<<<<<< 's_08_left_flipper' active >>>>>>>
2026-02-15 15:10:36,389 : INFO : EventManager : Event: ======'s_08_left_flipper_active'====== Args={}
2026-02-15 15:10:36,389 : INFO : EventManager : Event: ======'flipper_cancel'====== Args={'triggering_group': 1, 'triggering_switch': 's_08_left_flipper'}
2026-02-15 15:10:36,389 : INFO : EventManager : Event: ======'carousel_item_highlighted'====== Args={'carousel': 'attract', 'direction': 'backwards', 'item': 'credits'}
2026-02-15 15:10:36,439 : INFO : SwitchController : <<<<<<< 's_16_right_flipper' inactive >>>>>>>
2026-02-15 15:10:36,439 : INFO : EventManager : Event: ======'both_flippers_one'====== Args={'triggering_group': 2, 'triggering_switch': 's_16_right_flipper'}
2026-02-15 15:10:36,539 : INFO : SwitchController : <<<<<<< 's_08_left_flipper' inactive >>>>>>>
2026-02-15 15:10:36,539 : INFO : EventManager : Event: ======'both_flippers_inactive'====== Args={'triggering_group': 1, 'triggering_switch': 's_08_left_flipper'}
2026-02-15 15:10:37,789 : INFO : SwitchController : <<<<<<< 's_11_start_button' active >>>>>>>
2026-02-15 15:10:37,905 : INFO : SwitchController : <<<<<<< 's_11_start_button' inactive >>>>>>>
2026-02-15 15:10:37,905 : INFO : EventManager : Event: ======'request_to_start_game'====== Args={}
2026-02-15 15:10:37,906 : INFO : BallController : Known balls: 0
2026-02-15 15:10:37,906 : INFO : BallController : bd_plunger contains 0 balls. Tags []
2026-02-15 15:10:37,906 : INFO : BallController : bd_trough contains 0 balls. Tags ['trough', 'home', 'drain']
2026-02-15 15:10:37,906 : INFO : BallController : playfield contains 0 balls. Tags ['default']
2026-02-15 15:10:37,906 : WARNING : BallController : BallController denies game start. Not enough balls. 0 found. 1 required
2026-02-15 15:10:37,906 : INFO : BallController : Triggering ball search.
2026-02-15 15:10:41,746 : INFO : SwitchController : <<<<<<< 's_29_trough_6' active >>>>>>>
2026-02-15 15:10:41,764 : INFO : SwitchController : <<<<<<< 's_29_trough_6' inactive >>>>>>>
2026-02-15 15:10:41,967 : INFO : SwitchController : <<<<<<< 's_28_trough_5' active >>>>>>>
2026-02-15 15:10:42,143 : INFO : SwitchController : <<<<<<< 's_28_trough_5' inactive >>>>>>>
2026-02-15 15:10:42,160 : INFO : SwitchController : <<<<<<< 's_27_trough_4' active >>>>>>>
2026-02-15 15:10:42,301 : INFO : SwitchController : <<<<<<< 's_27_trough_4' inactive >>>>>>>
2026-02-15 15:10:42,317 : INFO : SwitchController : <<<<<<< 's_26_trough_3' active >>>>>>>
2026-02-15 15:10:42,427 : INFO : SwitchController : <<<<<<< 's_26_trough_3' inactive >>>>>>>
2026-02-15 15:10:42,427 : INFO : SwitchController : <<<<<<< 's_25_trough_2' active >>>>>>>
2026-02-15 15:10:42,521 : INFO : SwitchController : <<<<<<< 's_25_trough_2' inactive >>>>>>>
2026-02-15 15:10:42,540 : INFO : SwitchController : <<<<<<< 's_24_trough_1' active >>>>>>>
2026-02-15 15:10:43,029 : INFO : EventManager : Event: ======'balldevice_bd_trough_ball_count_changed'====== Args={'balls': 1}
2026-02-15 15:10:43,029 : INFO : ball_device.bd_trough : Received unexpected ball
2026-02-15 15:10:43,029 : INFO : EventManager : Event: ======'balldevice_captured_from_playfield'====== Args={'balls': 1}
2026-02-15 15:10:43,029 : INFO : EventManager : Event: ======'sw_playfield_active'====== Args={'balls': 1}
2026-02-15 15:10:43,029 : INFO : EventManager : Event: ======'playfield_active'====== Args={'source': None}
2026-02-15 15:10:43,030 : INFO : EventManager : Event: ======'unexpected_ball_on_playfield'====== Args={}
2026-02-15 15:10:43,030 : INFO : EventManager : Event: ======'playfield_ball_count_change'====== Args={'balls': -1, 'change': -1}
2026-02-15 15:10:43,030 : INFO : EventManager : Event: ======'balldevice_playfield_ball_enter'====== Args={'new_balls': 1, 'unclaimed_balls': 1, 'device': <playfield.playfield>}
2026-02-15 15:10:43,030 : INFO : EventManager : Event: ======'playfield_ball_count_change'====== Args={'balls': 0, 'change': 1}
2026-02-15 15:10:43,030 : INFO : BallController : Found a new ball which was captured from playfield. Known balls: 1
2026-02-15 15:10:43,030 : INFO : EventManager : Event: ======'found_new_ball'====== Args={}
2026-02-15 15:10:43,030 : INFO : EventManager : Event: ======'balldevice_bd_trough_ball_enter'====== Args={'new_balls': 1, 'unclaimed_balls': 1, 'new_available_balls': 1, 'device': <ball_device.bd_trough>}
2026-02-15 15:10:43,030 : INFO : EventManager : Event: ======'ball_drain'====== Args={'device': <ball_device.bd_trough>, 'balls': 1}
2026-02-15 15:10:43,031 : INFO : EventManager : Event: ======'balldevice_balls_available'====== Args={}
2026-02-15 15:10:43,031 : INFO : EventManager : Event: ======'balldevice_bd_trough_ball_entered'====== Args={'new_balls': 1, 'device': <ball_device.bd_trough>}
2026-02-15 15:10:44,389 : INFO : SwitchController : <<<<<<< 's_11_start_button' active >>>>>>>
2026-02-15 15:10:44,522 : INFO : SwitchController : <<<<<<< 's_11_start_button' inactive >>>>>>>
2026-02-15 15:10:44,522 : INFO : EventManager : Event: ======'request_to_start_game'====== Args={}
2026-02-15 15:10:44,523 : INFO : EventManager : Event: ======'game_start'====== Args={'buttons': [], 'hold_time': 0.125}
2026-02-15 15:10:44,523 : INFO : EventManager : Event: ======'mode_game_will_start'====== Args={'buttons': [], 'hold_time': 0.125}
2026-02-15 15:10:44,523 : INFO : EventManager : Event: ======'mode_game_starting'====== Args={'buttons': [], 'hold_time': 0.125}
2026-02-15 15:10:44,523 : INFO : EventManager : Event: ======'mode_attract_will_stop'====== Args={}
2026-02-15 15:10:44,523 : INFO : EventManager : Event: ======'mode_attract_stopping'====== Args={}
2026-02-15 15:10:44,523 : INFO : Mode.attract : Stopped.
2026-02-15 15:10:44,523 : INFO : EventManager : Event: ======'modes_active_modes_changed'====== Args={}
2026-02-15 15:10:44,524 : INFO : EventManager : Event: ======'mode_attract_stopped'====== Args={}
2026-02-15 15:10:44,524 : INFO : EventManager : Event: ======'clear'====== Args={'key': 'attract'}
2026-02-15 15:10:44,524 : INFO : Timer.attract_carousel_timer : Stopping Timer
2026-02-15 15:10:44,524 : INFO : EventManager : Event: ======'timer_attract_carousel_timer_stopped'====== Args={'ticks': 1, 'ticks_remaining': 1}
2026-02-15 15:10:44,524 : INFO : Mode.game : Started. Priority: 20
2026-02-15 15:10:44,524 : INFO : EventManager : Event: ======'modes_active_modes_changed'====== Args={}
2026-02-15 15:10:44,524 : INFO : EventManager : Event: ======'mode_game_started'====== Args={'buttons': [], 'hold_time': 0.125}
2026-02-15 15:10:44,528 : INFO : EventManager : Event: ======'game_will_start'====== Args={}
2026-02-15 15:10:44,528 : INFO : EventManager : Event: ======'game_starting'====== Args={'game': <Mode.game>}
2026-02-15 15:10:44,529 : INFO : EventManager : Unordered handler for class <Auditor> on event game_ended with priority 1. Handlers: [RegisteredHandler(callback=<bound method Auditor.disable of <Auditor>>, priority=1, kwargs={}, key=UUID('951c2b9b-ed2a-4364-b1a8-4ad7dc2074c0'), condition=None, blocking_facility=None), RegisteredHandler(callback=<bound method Auditor._save_audits of <Auditor>>, priority=1, kwargs={}, key=UUID('438cdeab-06f8-4e04-90bf-a4494c9f14af'), condition=None, blocking_facility=None)]. The order of those handlers is not defined and they will be executed in random order. This might lead to race conditions and potential bugs.
2026-02-15 15:10:44,529 : INFO : EventManager : Event: ======'player_add_request'====== Args={}
2026-02-15 15:10:44,530 : INFO : EventManager : Event: ======'player_will_add'====== Args={'number': 1}
2026-02-15 15:10:44,530 : INFO : EventManager : Event: ======'player_adding'====== Args={'player': <Player 1>, 'number': 1}
2026-02-15 15:10:44,530 : INFO : EventManager : Event: ======'player_added'====== Args={'player': <Player 1>, 'num': 1}
2026-02-15 15:10:44,530 : INFO : Mode.game : Player added successfully. Total players: 1
2026-02-15 15:10:44,530 : INFO : EventManager : Event: ======'player_index'====== Args={'value': 0, 'prev_value': 0, 'change': 0, 'player_num': 1}
2026-02-15 15:10:44,530 : INFO : EventManager : Event: ======'player_number'====== Args={'value': 1, 'prev_value': 1, 'change': 0, 'player_num': 1}
2026-02-15 15:10:44,530 : INFO : EventManager : Event: ======'player_score'====== Args={'value': 0, 'prev_value': 0, 'change': 0, 'player_num': 1}
2026-02-15 15:10:44,531 : INFO : EventManager : Event: ======'game_started'====== Args={}
2026-02-15 15:10:44,536 : INFO : EventManager : Event: ======'player_turn_will_start'====== Args={'player': <Player 1>, 'number': 1}
2026-02-15 15:10:44,544 : INFO : EventManager : Event: ======'player_turn_starting'====== Args={'player': <Player 1>, 'number': 1}
2026-02-15 15:10:44,545 : INFO : EventManager : Event: ======'player_ball'====== Args={'value': 1, 'prev_value': 0, 'change': 1, 'player_num': 1}
2026-02-15 15:10:44,545 : INFO : EventManager : Event: ======'player_turn_started'====== Args={'player': <Player 1>, 'number': 1}
2026-02-15 15:10:44,546 : INFO : EventManager : Event: ======'ball_will_start'====== Args={'player': 1, 'ball': 1, 'balls_remaining': 2, 'is_extra_ball': False}
2026-02-15 15:10:44,548 : INFO : EventManager : Event: ======'ball_starting'====== Args={'player': 1, 'ball': 1, 'balls_remaining': 2, 'is_extra_ball': False}
2026-02-15 15:10:44,548 : INFO : drop_target_bank.dt_bank_1_4 : All targets are already up. Will not reset bank.
2026-02-15 15:10:44,548 : INFO : drop_target_bank.dt_bank_5_7 : All targets are already up. Will not reset bank.
2026-02-15 15:10:44,549 : INFO : EventManager : Event: ======'balls_in_play'====== Args={'balls': 1}
2026-02-15 15:10:44,549 : INFO : EventManager : Event: ======'ball_started'====== Args={'player': 1, 'ball': 1, 'balls_remaining': 2, 'is_extra_ball': False}
2026-02-15 15:10:44,550 : INFO : EventManager : Event: ======'single_player_ball_started'====== Args={}
2026-02-15 15:10:44,550 : INFO : EventManager : Event: ======'ball_start_target'====== Args={'target': 'playfield'}
2026-02-15 15:10:44,551 : INFO : ball_device.bd_trough : Setting up player-controlled eject. Balls: 1, Target: <playfield.playfield>, player_controlled_eject_event: None
2026-02-15 15:10:44,551 : INFO : ball_device.bd_trough : Adding 1 ball(s) to the eject_queue with target <playfield.playfield>.
2026-02-15 15:10:44,551 : INFO : EventManager : Event: ======'balldevice_balls_available'====== Args={}
2026-02-15 15:10:44,551 : INFO : ball_device.bd_trough : State: waiting_for_target_ready
2026-02-15 15:10:44,551 : INFO : EventManager : Event: ======'balldevice_bd_trough_ball_eject_attempt'====== Args={'balls': 1, 'target': <ball_device.bd_plunger>, 'source': <ball_device.bd_trough>, 'mechanical_eject': False, 'num_attempts': 0}
2026-02-15 15:10:44,552 : INFO : ball_device.bd_plunger : State: waiting_for_ball
2026-02-15 15:10:44,552 : INFO : ball_device.bd_trough : State: ejecting
2026-02-15 15:10:44,552 : INFO : ball_device.bd_trough : Ejecting ball to <ball_device.bd_plunger>
2026-02-15 15:10:44,552 : INFO : EventManager : Event: ======'balldevice_bd_trough_ejecting_ball'====== Args={'balls': 1, 'target': <ball_device.bd_plunger>, 'source': <ball_device.bd_trough>, 'mechanical_eject': False, 'num_attempts': 0}
2026-02-15 15:10:44,553 : INFO : ball_device.bd_trough : Wait for ball to leave device
2026-02-15 15:10:44,553 : INFO : coil.c_02_trough_eject : Pulsing Driver for 30ms (1.0 pulse_power)
2026-02-15 15:10:44,591 : INFO : SwitchController : <<<<<<< 's_24_trough_1' inactive >>>>>>>
2026-02-15 15:10:44,591 : INFO : SwitchController : <<<<<<< 's_30_trough_jam' active >>>>>>>
2026-02-15 15:10:44,591 : INFO : EventManager : Event: ======'machine_var_audits_switches_s_30_trough_jam'====== Args={'value': 91, 'prev_value': 90, 'change': 1}
2026-02-15 15:10:44,592 : INFO : SwitchController : <<<<<<< 's_30_trough_jam' inactive >>>>>>>
2026-02-15 15:10:44,595 : INFO : ball_device.bd_trough : State: ball_left
2026-02-15 15:10:44,596 : INFO : ball_device.bd_trough : Ball left
2026-02-15 15:10:44,596 : INFO : ball_device.bd_trough : Wait for confirm with timeout 10.0
2026-02-15 15:10:47,433 : INFO : SwitchController : <<<<<<< 's_31_plunger_lane' active >>>>>>>
2026-02-15 15:10:47,433 : INFO : EventManager : Event: ======'machine_var_audits_switches_s_31_plunger_lane'====== Args={'value': 91, 'prev_value': 90, 'change': 1}
2026-02-15 15:10:47,937 : INFO : ball_device.bd_plunger : Received ball from <ball_device.bd_trough>
2026-02-15 15:10:47,937 : INFO : EventManager : Event: ======'balldevice_bd_plunger_ball_enter'====== Args={'new_balls': 1, 'unclaimed_balls': 0, 'new_available_balls': 0, 'device': <ball_device.bd_plunger>}
2026-02-15 15:10:47,938 : INFO : EventManager : Event: ======'balldevice_bd_plunger_ball_entered'====== Args={'new_balls': 0, 'device': <ball_device.bd_plunger>}
2026-02-15 15:10:47,938 : INFO : EventManager : Event: ======'balldevice_bd_plunger_ball_count_changed'====== Args={'balls': 1}
2026-02-15 15:10:47,938 : INFO : ball_device.bd_trough : Got eject confirm
2026-02-15 15:10:47,938 : INFO : ball_device.bd_trough : Eject successful
2026-02-15 15:10:47,938 : INFO : EventManager : Event: ======'balldevice_bd_trough_ball_eject_success'====== Args={'balls': 1, 'target': <ball_device.bd_plunger>}
2026-02-15 15:10:47,938 : INFO : ball_device.bd_plunger : State: waiting_for_target_ready
2026-02-15 15:10:47,939 : INFO : EventManager : Event: ======'balldevice_bd_plunger_ball_eject_attempt'====== Args={'balls': 1, 'target': <playfield.playfield>, 'source': <ball_device.bd_plunger>, 'mechanical_eject': False, 'num_attempts': 0}
2026-02-15 15:10:47,939 : INFO : EventManager : Event: ======'balldevice_bd_trough_ball_count_changed'====== Args={'balls': 0}
2026-02-15 15:10:47,939 : INFO : ball_device.bd_trough : State: idle
2026-02-15 15:10:47,939 : INFO : ball_device.bd_plunger : State: ejecting
2026-02-15 15:10:47,939 : INFO : ball_device.bd_plunger : Ejecting ball to <playfield.playfield>
2026-02-15 15:10:47,939 : INFO : EventManager : Event: ======'balldevice_bd_plunger_ejecting_ball'====== Args={'balls': 1, 'target': <playfield.playfield>, 'source': <ball_device.bd_plunger>, 'mechanical_eject': False, 'num_attempts': 0}
2026-02-15 15:10:47,940 : INFO : ball_device.bd_plunger : Wait for ball to leave device
2026-02-15 15:10:47,940 : INFO : coil.c_01_plunger : Pulsing Driver for 10ms (1.0 pulse_power)
2026-02-15 15:10:47,969 : INFO : SwitchController : <<<<<<< 's_31_plunger_lane' inactive >>>>>>>
2026-02-15 15:10:47,973 : INFO : ball_device.bd_plunger : State: ball_left
2026-02-15 15:10:47,973 : INFO : ball_device.bd_plunger : Ball left
2026-02-15 15:10:47,973 : INFO : ball_device.bd_plunger : Wait for confirm with timeout 10.0
2026-02-15 15:10:49,061 : INFO : SwitchController : <<<<<<< 's_63_stand_up_target_3' active >>>>>>>
2026-02-15 15:10:49,061 : INFO : EventManager : Event: ======'machine_var_audits_switches_s_63_stand_up_target_3'====== Args={'value': 9, 'prev_value': 8, 'change': 1}
2026-02-15 15:10:49,061 : INFO : SwitchController : <<<<<<< 's_63_stand_up_target_3' inactive >>>>>>>
2026-02-15 15:10:57,949 : INFO : ball_device.bd_plunger : State: failed_confirm
2026-02-15 15:10:57,949 : INFO : ball_device.bd_plunger : Got timeout (10.0s) before confirm from <playfield.playfield>
2026-02-15 15:10:58,045 : INFO : ball_device.bd_plunger : Confirming eject because target is playfield and ball did not return.
2026-02-15 15:10:58,045 : INFO : ball_device.bd_plunger : Eject successful
2026-02-15 15:10:58,045 : INFO : EventManager : Event: ======'balldevice_bd_plunger_ball_eject_success'====== Args={'balls': 1, 'target': <playfield.playfield>}
2026-02-15 15:10:58,045 : INFO : EventManager : Event: ======'balldevice_playfield_ball_enter'====== Args={'new_balls': 1, 'unclaimed_balls': 1, 'device': <playfield.playfield>}
2026-02-15 15:10:58,045 : INFO : EventManager : Event: ======'playfield_ball_count_change'====== Args={'balls': 1, 'change': 1}
2026-02-15 15:10:58,046 : INFO : EventManager : Event: ======'balldevice_bd_plunger_ball_count_changed'====== Args={'balls': 0}
2026-02-15 15:10:58,046 : INFO : ball_device.bd_plunger : State: idle
2026-02-15 15:11:04,842 : INFO : SwitchController : <<<<<<< 's_72_single_drop_1' active >>>>>>>
2026-02-15 15:11:04,842 : INFO : EventManager : Event: ======'drop_target_dt_single_down'====== Args={'device': <drop_target.dt_single>}
2026-02-15 15:11:04,842 : INFO : EventManager : Event: ======'machine_var_audits_switches_s_72_single_drop_1'====== Args={'value': 41, 'prev_value': 40, 'change': 1}
2026-02-15 15:11:09,434 : INFO : SwitchController : <<<<<<< 's_36_left_outlane' active >>>>>>>
2026-02-15 15:11:09,434 : INFO : EventManager : Event: ======'machine_var_audits_switches_s_36_left_outlane'====== Args={'value': 258, 'prev_value': 257, 'change': 1}
2026-02-15 15:11:09,434 : INFO : SwitchController : <<<<<<< 's_36_left_outlane' inactive >>>>>>>
2026-02-15 15:11:09,450 : INFO : SwitchController : <<<<<<< 's_36_left_outlane' active >>>>>>>
2026-02-15 15:11:09,450 : INFO : EventManager : Event: ======'machine_var_audits_switches_s_36_left_outlane'====== Args={'value': 259, 'prev_value': 258, 'change': 1}
2026-02-15 15:11:09,450 : INFO : SwitchController : <<<<<<< 's_36_left_outlane' inactive >>>>>>>
2026-02-15 15:11:09,450 : INFO : SwitchController : <<<<<<< 's_36_left_outlane' active >>>>>>>
2026-02-15 15:11:09,450 : INFO : EventManager : Event: ======'machine_var_audits_switches_s_36_left_outlane'====== Args={'value': 260, 'prev_value': 259, 'change': 1}
2026-02-15 15:11:09,544 : INFO : SwitchController : <<<<<<< 's_36_left_outlane' inactive >>>>>>>
2026-02-15 15:11:09,544 : INFO : SwitchController : <<<<<<< 's_36_left_outlane' active >>>>>>>
2026-02-15 15:11:09,544 : INFO : EventManager : Event: ======'machine_var_audits_switches_s_36_left_outlane'====== Args={'value': 261, 'prev_value': 260, 'change': 1}
2026-02-15 15:11:09,560 : INFO : SwitchController : <<<<<<< 's_36_left_outlane' inactive >>>>>>>
2026-02-15 15:11:13,408 : INFO : SwitchController : <<<<<<< 's_29_trough_6' active >>>>>>>
2026-02-15 15:11:13,408 : INFO : EventManager : Event: ======'machine_var_audits_switches_s_29_trough_6'====== Args={'value': 59, 'prev_value': 58, 'change': 1}
2026-02-15 15:11:13,424 : INFO : SwitchController : <<<<<<< 's_29_trough_6' inactive >>>>>>>
2026-02-15 15:11:13,520 : INFO : SwitchController : <<<<<<< 's_28_trough_5' active >>>>>>>
2026-02-15 15:11:13,520 : INFO : EventManager : Event: ======'machine_var_audits_switches_s_28_trough_5'====== Args={'value': 41, 'prev_value': 40, 'change': 1}
2026-02-15 15:11:13,632 : INFO : SwitchController : <<<<<<< 's_28_trough_5' inactive >>>>>>>
2026-02-15 15:11:13,662 : INFO : SwitchController : <<<<<<< 's_27_trough_4' active >>>>>>>
2026-02-15 15:11:13,662 : INFO : EventManager : Event: ======'machine_var_audits_switches_s_27_trough_4'====== Args={'value': 39, 'prev_value': 38, 'change': 1}
2026-02-15 15:11:13,774 : INFO : SwitchController : <<<<<<< 's_27_trough_4' inactive >>>>>>>
2026-02-15 15:11:13,793 : INFO : SwitchController : <<<<<<< 's_26_trough_3' active >>>>>>>
2026-02-15 15:11:13,793 : INFO : EventManager : Event: ======'machine_var_audits_switches_s_26_trough_3'====== Args={'value': 47, 'prev_value': 46, 'change': 1}
2026-02-15 15:11:13,918 : INFO : SwitchController : <<<<<<< 's_26_trough_3' inactive >>>>>>>
2026-02-15 15:11:13,937 : INFO : SwitchController : <<<<<<< 's_25_trough_2' active >>>>>>>
2026-02-15 15:11:13,937 : INFO : EventManager : Event: ======'machine_var_audits_switches_s_25_trough_2'====== Args={'value': 50, 'prev_value': 49, 'change': 1}
2026-02-15 15:11:14,044 : INFO : SwitchController : <<<<<<< 's_25_trough_2' inactive >>>>>>>
2026-02-15 15:11:14,044 : INFO : SwitchController : <<<<<<< 's_24_trough_1' active >>>>>>>
2026-02-15 15:11:14,044 : INFO : EventManager : Event: ======'machine_var_audits_switches_s_24_trough_1'====== Args={'value': 57, 'prev_value': 56, 'change': 1}
2026-02-15 15:11:14,552 : INFO : EventManager : Event: ======'balldevice_bd_trough_ball_count_changed'====== Args={'balls': 1}
2026-02-15 15:11:14,552 : INFO : ball_device.bd_trough : Received unexpected ball
2026-02-15 15:11:14,552 : INFO : EventManager : Event: ======'balldevice_captured_from_playfield'====== Args={'balls': 1}
2026-02-15 15:11:14,552 : INFO : EventManager : Event: ======'sw_playfield_active'====== Args={'balls': 1}
2026-02-15 15:11:14,553 : INFO : EventManager : Event: ======'playfield_ball_count_change'====== Args={'balls': 0, 'change': -1}
2026-02-15 15:11:14,553 : INFO : EventManager : Event: ======'balldevice_bd_trough_ball_enter'====== Args={'new_balls': 1, 'unclaimed_balls': 1, 'new_available_balls': 1, 'device': <ball_device.bd_trough>}
2026-02-15 15:11:14,553 : INFO : EventManager : Event: ======'ball_drain'====== Args={'device': <ball_device.bd_trough>, 'balls': 1}
2026-02-15 15:11:14,553 : INFO : EventManager : Event: ======'ball_will_end'====== Args={}
2026-02-15 15:11:14,554 : INFO : EventManager : Event: ======'balldevice_balls_available'====== Args={}
2026-02-15 15:11:14,554 : INFO : EventManager : Event: ======'balldevice_bd_trough_ball_entered'====== Args={'new_balls': 1, 'device': <ball_device.bd_trough>}
2026-02-15 15:11:14,554 : INFO : EventManager : Event: ======'ball_ending'====== Args={}
2026-02-15 15:11:14,555 : INFO : EventManager : Event: ======'ball_ended'====== Args={}
2026-02-15 15:11:14,556 : INFO : EventManager : Event: ======'player_turn_will_end'====== Args={'player': <Player 1>, 'number': 1}
2026-02-15 15:11:14,558 : INFO : EventManager : Event: ======'player_turn_ending'====== Args={'player': <Player 1>, 'number': 1}
2026-02-15 15:11:14,558 : INFO : EventManager : Event: ======'player_turn_ended'====== Args={'player': <Player 1>, 'number': 1}
2026-02-15 15:11:14,559 : INFO : EventManager : Event: ======'player_turn_will_start'====== Args={'player': <Player 1>, 'number': 1}
2026-02-15 15:11:14,559 : INFO : EventManager : Event: ======'player_turn_starting'====== Args={'player': <Player 1>, 'number': 1}
2026-02-15 15:11:14,559 : INFO : EventManager : Event: ======'player_ball'====== Args={'value': 2, 'prev_value': 1, 'change': 1, 'player_num': 1}
2026-02-15 15:11:14,559 : INFO : EventManager : Event: ======'player_turn_started'====== Args={'player': <Player 1>, 'number': 1}
2026-02-15 15:11:14,560 : INFO : EventManager : Event: ======'ball_will_start'====== Args={'player': 1, 'ball': 2, 'balls_remaining': 1, 'is_extra_ball': False}
2026-02-15 15:11:14,562 : INFO : EventManager : Event: ======'ball_starting'====== Args={'player': 1, 'ball': 2, 'balls_remaining': 1, 'is_extra_ball': False}
2026-02-15 15:11:14,563 : INFO : drop_target_bank.dt_bank_1_4 : All targets are already up. Will not reset bank.
2026-02-15 15:11:14,563 : INFO : drop_target_bank.dt_bank_5_7 : All targets are already up. Will not reset bank.
2026-02-15 15:11:14,563 : INFO : coil.c_31_single_drop_1_reset : Pulsing Driver for 20ms (1.0 pulse_power)
2026-02-15 15:11:14,563 : INFO : EventManager : Event: ======'balls_in_play'====== Args={'balls': 1}
2026-02-15 15:11:14,563 : INFO : EventManager : Event: ======'ball_started'====== Args={'player': 1, 'ball': 2, 'balls_remaining': 1, 'is_extra_ball': False}
2026-02-15 15:11:14,564 : INFO : EventManager : Event: ======'single_player_ball_started'====== Args={}
2026-02-15 15:11:14,564 : INFO : EventManager : Event: ======'ball_start_target'====== Args={'target': 'playfield'}
2026-02-15 15:11:14,565 : INFO : ball_device.bd_trough : Setting up player-controlled eject. Balls: 1, Target: <playfield.playfield>, player_controlled_eject_event: None
2026-02-15 15:11:14,565 : INFO : ball_device.bd_trough : Adding 1 ball(s) to the eject_queue with target <playfield.playfield>.
2026-02-15 15:11:14,565 : INFO : EventManager : Event: ======'balldevice_balls_available'====== Args={}
2026-02-15 15:11:14,566 : INFO : ball_device.bd_trough : State: waiting_for_target_ready
2026-02-15 15:11:14,566 : INFO : EventManager : Event: ======'balldevice_bd_trough_ball_eject_attempt'====== Args={'balls': 1, 'target': <ball_device.bd_plunger>, 'source': <ball_device.bd_trough>, 'mechanical_eject': False, 'num_attempts': 0}
2026-02-15 15:11:14,566 : INFO : ball_device.bd_plunger : State: waiting_for_ball
2026-02-15 15:11:14,566 : INFO : ball_device.bd_trough : State: ejecting
2026-02-15 15:11:14,566 : INFO : ball_device.bd_trough : Ejecting ball to <ball_device.bd_plunger>
2026-02-15 15:11:14,566 : INFO : EventManager : Event: ======'balldevice_bd_trough_ejecting_ball'====== Args={'balls': 1, 'target': <ball_device.bd_plunger>, 'source': <ball_device.bd_trough>, 'mechanical_eject': False, 'num_attempts': 0}
2026-02-15 15:11:14,567 : INFO : ball_device.bd_trough : Wait for ball to leave device
2026-02-15 15:11:14,582 : INFO : coil.c_02_trough_eject : Pulsing Driver for 30ms (1.0 pulse_power)
2026-02-15 15:11:14,597 : INFO : SwitchController : <<<<<<< 's_72_single_drop_1' inactive (muted) >>>>>>>
2026-02-15 15:11:14,616 : INFO : SwitchController : <<<<<<< 's_24_trough_1' inactive >>>>>>>
2026-02-15 15:11:14,616 : INFO : SwitchController : <<<<<<< 's_30_trough_jam' active >>>>>>>
2026-02-15 15:11:14,616 : INFO : EventManager : Event: ======'machine_var_audits_switches_s_30_trough_jam'====== Args={'value': 92, 'prev_value': 91, 'change': 1}
2026-02-15 15:11:14,621 : INFO : SwitchController : <<<<<<< 's_30_trough_jam' inactive >>>>>>>
2026-02-15 15:11:14,625 : INFO : ball_device.bd_trough : State: ball_left
2026-02-15 15:11:14,625 : INFO : ball_device.bd_trough : Ball left
2026-02-15 15:11:14,625 : INFO : ball_device.bd_trough : Wait for confirm with timeout 10.0
2026-02-15 15:11:14,625 : INFO : SwitchController : <<<<<<< 's_64_varitarget_poisition_1' active >>>>>>>
2026-02-15 15:11:14,625 : INFO : EventManager : Event: ======'machine_var_audits_switches_s_64_varitarget_poisition_1'====== Args={'value': 904, 'prev_value': 903, 'change': 1}
2026-02-15 15:11:14,644 : INFO : SwitchController : <<<<<<< 's_64_varitarget_poisition_1' inactive >>>>>>>
2026-02-15 15:11:14,820 : INFO : SwitchController : <<<<<<< 's_31_plunger_lane' active >>>>>>>
2026-02-15 15:11:14,820 : INFO : EventManager : Event: ======'machine_var_audits_switches_s_31_plunger_lane'====== Args={'value': 92, 'prev_value': 91, 'change': 1}
2026-02-15 15:11:14,820 : INFO : SwitchController : <<<<<<< 's_31_plunger_lane' inactive >>>>>>>
2026-02-15 15:11:14,916 : INFO : SwitchController : <<<<<<< 's_31_plunger_lane' active >>>>>>>
2026-02-15 15:11:14,916 : INFO : EventManager : Event: ======'machine_var_audits_switches_s_31_plunger_lane'====== Args={'value': 93, 'prev_value': 92, 'change': 1}
2026-02-15 15:11:14,947 : INFO : SwitchController : <<<<<<< 's_31_plunger_lane' inactive >>>>>>>
2026-02-15 15:11:15,057 : INFO : EventManager : Event: ======'drop_target_dt_single_up'====== Args={'device': <drop_target.dt_single>}
2026-02-15 15:11:16,153 : INFO : SwitchController : <<<<<<< 's_31_plunger_lane' active >>>>>>>
2026-02-15 15:11:16,153 : INFO : EventManager : Event: ======'machine_var_audits_switches_s_31_plunger_lane'====== Args={'value': 94, 'prev_value': 93, 'change': 1}
2026-02-15 15:11:16,656 : INFO : ball_device.bd_plunger : Received ball from <ball_device.bd_trough>
2026-02-15 15:11:16,656 : INFO : EventManager : Event: ======'balldevice_bd_plunger_ball_enter'====== Args={'new_balls': 1, 'unclaimed_balls': 0, 'new_available_balls': 0, 'device': <ball_device.bd_plunger>}
2026-02-15 15:11:16,657 : INFO : EventManager : Event: ======'balldevice_bd_plunger_ball_entered'====== Args={'new_balls': 0, 'device': <ball_device.bd_plunger>}
2026-02-15 15:11:16,657 : INFO : EventManager : Event: ======'balldevice_bd_plunger_ball_count_changed'====== Args={'balls': 1}
2026-02-15 15:11:16,657 : INFO : ball_device.bd_trough : Got eject confirm
2026-02-15 15:11:16,657 : INFO : ball_device.bd_trough : Eject successful
2026-02-15 15:11:16,657 : INFO : EventManager : Event: ======'balldevice_bd_trough_ball_eject_success'====== Args={'balls': 1, 'target': <ball_device.bd_plunger>}
2026-02-15 15:11:16,657 : INFO : ball_device.bd_plunger : State: waiting_for_target_ready
2026-02-15 15:11:16,657 : INFO : EventManager : Event: ======'balldevice_bd_plunger_ball_eject_attempt'====== Args={'balls': 1, 'target': <playfield.playfield>, 'source': <ball_device.bd_plunger>, 'mechanical_eject': False, 'num_attempts': 0}
2026-02-15 15:11:16,658 : INFO : EventManager : Event: ======'balldevice_bd_trough_ball_count_changed'====== Args={'balls': 0}
2026-02-15 15:11:16,658 : INFO : ball_device.bd_trough : State: idle
2026-02-15 15:11:16,658 : INFO : ball_device.bd_plunger : State: ejecting
2026-02-15 15:11:16,658 : INFO : ball_device.bd_plunger : Ejecting ball to <playfield.playfield>
2026-02-15 15:11:16,658 : INFO : EventManager : Event: ======'balldevice_bd_plunger_ejecting_ball'====== Args={'balls': 1, 'target': <playfield.playfield>, 'source': <ball_device.bd_plunger>, 'mechanical_eject': False, 'num_attempts': 0}
2026-02-15 15:11:16,659 : INFO : ball_device.bd_plunger : Wait for ball to leave device
2026-02-15 15:11:16,659 : INFO : coil.c_01_plunger : Pulsing Driver for 10ms (1.0 pulse_power)
2026-02-15 15:11:16,687 : INFO : SwitchController : <<<<<<< 's_31_plunger_lane' inactive >>>>>>>
2026-02-15 15:11:16,691 : INFO : ball_device.bd_plunger : State: ball_left
2026-02-15 15:11:16,691 : INFO : ball_device.bd_plunger : Ball left
2026-02-15 15:11:16,691 : INFO : ball_device.bd_plunger : Wait for confirm with timeout 10.0
2026-02-15 15:11:17,536 : INFO : SwitchController : <<<<<<< 's_60_top_lane_c' active >>>>>>>
2026-02-15 15:11:17,536 : INFO : EventManager : Event: ======'machine_var_audits_switches_s_60_top_lane_c'====== Args={'value': 67, 'prev_value': 66, 'change': 1}
2026-02-15 15:11:17,536 : INFO : SwitchController : <<<<<<< 's_60_top_lane_c' inactive >>>>>>>
2026-02-15 15:11:17,584 : INFO : SwitchController : <<<<<<< 's_60_top_lane_c' active >>>>>>>
2026-02-15 15:11:17,584 : INFO : EventManager : Event: ======'machine_var_audits_switches_s_60_top_lane_c'====== Args={'value': 68, 'prev_value': 67, 'change': 1}
2026-02-15 15:11:17,600 : INFO : SwitchController : <<<<<<< 's_60_top_lane_c' inactive >>>>>>>
2026-02-15 15:11:17,632 : INFO : SwitchController : <<<<<<< 's_60_top_lane_c' active >>>>>>>
2026-02-15 15:11:17,632 : INFO : EventManager : Event: ======'machine_var_audits_switches_s_60_top_lane_c'====== Args={'value': 69, 'prev_value': 68, 'change': 1}
2026-02-15 15:11:17,647 : INFO : SwitchController : <<<<<<< 's_60_top_lane_c' inactive >>>>>>>
2026-02-15 15:11:26,668 : INFO : ball_device.bd_plunger : State: failed_confirm
2026-02-15 15:11:26,668 : INFO : ball_device.bd_plunger : Got timeout (10.0s) before confirm from <playfield.playfield>
2026-02-15 15:11:26,763 : INFO : ball_device.bd_plunger : Confirming eject because target is playfield and ball did not return.
2026-02-15 15:11:26,763 : INFO : ball_device.bd_plunger : Eject successful
2026-02-15 15:11:26,763 : INFO : EventManager : Event: ======'balldevice_bd_plunger_ball_eject_success'====== Args={'balls': 1, 'target': <playfield.playfield>}
2026-02-15 15:11:26,763 : INFO : EventManager : Event: ======'balldevice_playfield_ball_enter'====== Args={'new_balls': 1, 'unclaimed_balls': 1, 'device': <playfield.playfield>}
2026-02-15 15:11:26,763 : INFO : EventManager : Event: ======'playfield_ball_count_change'====== Args={'balls': 1, 'change': 1}
2026-02-15 15:11:26,764 : INFO : EventManager : Event: ======'balldevice_bd_plunger_ball_count_changed'====== Args={'balls': 0}
2026-02-15 15:11:26,764 : INFO : ball_device.bd_plunger : State: idle
2026-02-15 15:15:55,738 : INFO : Machine : Shutting down...
2026-02-15 15:15:55,738 : INFO : EventManager : Event: ======'shutdown'====== Args={}
2026-02-15 15:15:55,744 : INFO : EventManager : Event: ======'mode_game_will_stop'====== Args={}
2026-02-15 15:15:55,744 : INFO : EventManager : Event: ======'mode_game_stopping'====== Args={}
2026-02-15 15:15:55,744 : INFO : Mode.game : Stopped.
2026-02-15 15:15:55,744 : INFO : EventManager : Event: ======'modes_active_modes_changed'====== Args={}
2026-02-15 15:15:55,744 : INFO : EventManager : Event: ======'mode_game_stopped'====== Args={}
2026-02-15 15:15:55,744 : INFO : EventManager : Event: ======'clear'====== Args={'key': 'game'}
2026-02-15 15:15:55,827 : INFO : root : MPF run loop ended.
