2026-06-11 22:18:53,057 : INFO : root : Loading config.
2026-06-11 22:18:53,062 : INFO : YamlMultifileConfigLoader : Machine config file #1: config.yaml
2026-06-11 22:18:53,062 : INFO : ConfigProcessor : Loading config from cache: C:\Users\tl\AppData\Local\Temp\86f932e179f318f5dae29f066573dee9.mpf_cache
2026-06-11 22:18:53,172 : INFO : ConfigProcessor : Loading config from cache: C:\Users\tl\AppData\Local\Temp\5e7e3dd8e04e0aa46ea76018297218da.mpf_cache
2026-06-11 22:18:53,173 : INFO : ConfigProcessor : Loading config from cache: C:\Users\tl\AppData\Local\Temp\af6ad0dab2f43bd9cbdac83e0b2786ac.mpf_cache
2026-06-11 22:18:53,174 : INFO : ConfigProcessor : Loading config from cache: C:\Users\tl\AppData\Local\Temp\5e7e3dd8e04e0aa46ea76018297218da.mpf_cache
2026-06-11 22:18:53,175 : INFO : ConfigProcessor : Loading config from cache: C:\Users\tl\AppData\Local\Temp\078e3f4c59f1cd1bf0ff8685cc9e7ff5.mpf_cache
2026-06-11 22:18:53,175 : INFO : ConfigProcessor : Loading config from cache: C:\Users\tl\AppData\Local\Temp\279434e09bc5e8b073f441f36778b3c5.mpf_cache
2026-06-11 22:18:53,176 : INFO : ConfigProcessor : Loading config from cache: C:\Users\tl\AppData\Local\Temp\f7ef3217062c4a128670875e2cb05ce9.mpf_cache
2026-06-11 22:18:53,177 : INFO : ConfigProcessor : Loading config from cache: C:\Users\tl\AppData\Local\Temp\e0885cd80287b6cf2bdb3b3b7e551419.mpf_cache
2026-06-11 22:18:53,194 : INFO : ConfigProcessor : Loading config from cache: C:\Users\tl\AppData\Local\Temp\21a3b6af72788c31c1bb21496f7d3280.mpf_cache
2026-06-11 22:18:53,195 : INFO : ConfigProcessor : Loading config from cache: C:\Users\tl\AppData\Local\Temp\5ad868424699ac3c9402d8d89c5742fa.mpf_cache
2026-06-11 22:18:53,197 : INFO : ConfigProcessor : Loading config from cache: C:\Users\tl\AppData\Local\Temp\354636526653009b6f35f36c4dc3e189.mpf_cache
2026-06-11 22:18:53,198 : INFO : ConfigProcessor : Loading config from cache: C:\Users\tl\AppData\Local\Temp\b41aec6702196d0bd650320fa331266f.mpf_cache
2026-06-11 22:18:53,199 : INFO : ConfigProcessor : Loading config from cache: C:\Users\tl\AppData\Local\Temp\a951eeea2c167365e5a009cce33f51d8.mpf_cache
2026-06-11 22:18:53,200 : INFO : ConfigProcessor : Loading config from cache: C:\Users\tl\AppData\Local\Temp\f020dca9eec5e09763b9289397e6c32f.mpf_cache
2026-06-11 22:18:53,200 : INFO : ConfigProcessor : Loading config from cache: C:\Users\tl\AppData\Local\Temp\edce5a74ebf86ee6330810859c361ede.mpf_cache
2026-06-11 22:18:53,201 : INFO : ConfigProcessor : Loading config from cache: C:\Users\tl\AppData\Local\Temp\7c825e76f3d981841c3099d018a06a8f.mpf_cache
2026-06-11 22:18:53,202 : INFO : ConfigProcessor : Loading config from cache: C:\Users\tl\AppData\Local\Temp\4c1252d1f04cb61ecc91110937cfd225.mpf_cache
2026-06-11 22:18:53,203 : INFO : ConfigProcessor : Loading config from cache: C:\Users\tl\AppData\Local\Temp\8d6d681afe5a7b6e9186321cd98f18ca.mpf_cache
2026-06-11 22:18:53,204 : INFO : ConfigProcessor : Loading config from cache: C:\Users\tl\AppData\Local\Temp\271b31ea91f7fc416a689202738fcb25.mpf_cache
2026-06-11 22:18:53,206 : INFO : ConfigProcessor : Loading config from cache: C:\Users\tl\AppData\Local\Temp\d5113bae71fe9b2600b29bf116525aac.mpf_cache
2026-06-11 22:18:53,206 : INFO : ConfigProcessor : Loading config from cache: C:\Users\tl\AppData\Local\Temp\ae5d383473e063efe671bf30ab478239.mpf_cache
2026-06-11 22:18:53,207 : INFO : ConfigProcessor : Loading config from cache: C:\Users\tl\AppData\Local\Temp\46870b44a1c011c86a746a823adf6b5a.mpf_cache
2026-06-11 22:18:53,208 : INFO : ConfigProcessor : Loading config from cache: C:\Users\tl\AppData\Local\Temp\0cf169c51710e2e034dc49f1aab9dfdd.mpf_cache
2026-06-11 22:18:53,215 : INFO : ConfigProcessor : Loading config from cache: C:\Users\tl\AppData\Local\Temp\1a8067b3018dc540f40ee09fbd30147e.mpf_cache
2026-06-11 22:18:53,216 : INFO : ConfigProcessor : Loading config from cache: C:\Users\tl\AppData\Local\Temp\34d2c1cbec8fdaa1db7761a61cc7c1b6.mpf_cache
2026-06-11 22:18:53,217 : INFO : ConfigProcessor : Loading config from cache: C:\Users\tl\AppData\Local\Temp\95a50568c399a025ef217996526f3494.mpf_cache
2026-06-11 22:18:53,218 : INFO : ConfigProcessor : Loading config from cache: C:\Users\tl\AppData\Local\Temp\4fa9cf92dccc774be532e383b837572e.mpf_cache
2026-06-11 22:18:53,219 : INFO : ConfigProcessor : Loading config from cache: C:\Users\tl\AppData\Local\Temp\7d6afe43d2cd59003bd26d29f6951346.mpf_cache
2026-06-11 22:18:53,219 : INFO : ConfigProcessor : Loading config from cache: C:\Users\tl\AppData\Local\Temp\c36da47bad15180a41187d147cb7917e.mpf_cache
2026-06-11 22:18:53,220 : INFO : ConfigProcessor : Loading config from cache: C:\Users\tl\AppData\Local\Temp\ca9866041621d35ab6358609b63e90d5.mpf_cache
2026-06-11 22:18:53,220 : INFO : ConfigProcessor : Loading config from cache: C:\Users\tl\AppData\Local\Temp\d3b229dc9cb99a8202099f03c2a43090.mpf_cache
2026-06-11 22:18:53,221 : INFO : ConfigProcessor : Loading config from cache: C:\Users\tl\AppData\Local\Temp\08e4cfee44032ad50b613fdfc1c76afd.mpf_cache
2026-06-11 22:18:53,222 : INFO : ConfigProcessor : Loading config from cache: C:\Users\tl\AppData\Local\Temp\8f542fdb27a9c7af6359517ab8d171a1.mpf_cache
2026-06-11 22:18:53,222 : INFO : ConfigProcessor : Loading config from cache: C:\Users\tl\AppData\Local\Temp\e3f8c10279e680757f03e6b0889aa739.mpf_cache
2026-06-11 22:18:53,223 : INFO : ConfigProcessor : Loading config from cache: C:\Users\tl\AppData\Local\Temp\ff087817282734556151e8020b1fd49c.mpf_cache
2026-06-11 22:18:53,224 : INFO : ConfigProcessor : Loading config from cache: C:\Users\tl\AppData\Local\Temp\17b17d6e70b510a409968e15bd8ba63c.mpf_cache
2026-06-11 22:18:53,317 : INFO : ConfigProcessor : Loading config from cache: C:\Users\tl\AppData\Local\Temp\4262986a441bb7754780f112bb0e0c56.mpf_cache
2026-06-11 22:18:53,318 : INFO : ConfigProcessor : Loading config from cache: C:\Users\tl\AppData\Local\Temp\d572a2de143bf480090a737668938cb0.mpf_cache
2026-06-11 22:18:53,319 : INFO : ConfigProcessor : Loading config from cache: C:\Users\tl\AppData\Local\Temp\2e7beac76d3bca457a3a521575ba4ead.mpf_cache
2026-06-11 22:18:53,320 : INFO : ConfigProcessor : Loading config from cache: C:\Users\tl\AppData\Local\Temp\7c0931ffc6b13496fd8fae8b9d1b7a08.mpf_cache
2026-06-11 22:18:53,320 : INFO : ConfigProcessor : Loading config from cache: C:\Users\tl\AppData\Local\Temp\62404ae2e9ee2b95d65f52fccac154f0.mpf_cache
2026-06-11 22:18:53,321 : INFO : ConfigProcessor : Loading config from cache: C:\Users\tl\AppData\Local\Temp\537cd9276618929e3a64b374ceb3437f.mpf_cache
2026-06-11 22:18:53,322 : INFO : ConfigProcessor : Loading config from cache: C:\Users\tl\AppData\Local\Temp\cf29873bc64cfbd46b5a5b4c47c95532.mpf_cache
2026-06-11 22:18:53,322 : INFO : ConfigProcessor : Loading config from cache: C:\Users\tl\AppData\Local\Temp\16182b247314d06896cbae33110acd4c.mpf_cache
2026-06-11 22:18:53,324 : INFO : ConfigProcessor : Loading config from cache: C:\Users\tl\AppData\Local\Temp\13826b94a4b36b65ca4171a1d326006f.mpf_cache
2026-06-11 22:18:53,324 : INFO : ConfigProcessor : Loading config from cache: C:\Users\tl\AppData\Local\Temp\34a4b7622c4ff26b43be2fcb96c6a855.mpf_cache
2026-06-11 22:18:53,325 : INFO : ConfigProcessor : Loading config from cache: C:\Users\tl\AppData\Local\Temp\0560061596499ba9c1490154fdcef2ca.mpf_cache
2026-06-11 22:18:53,325 : INFO : ConfigProcessor : Loading config from cache: C:\Users\tl\AppData\Local\Temp\33a0313dc768edabc6062a57466c6435.mpf_cache
2026-06-11 22:18:53,326 : INFO : ConfigProcessor : Loading config from cache: C:\Users\tl\AppData\Local\Temp\51d1034df3c2d8154cfea3abae2369be.mpf_cache
2026-06-11 22:18:53,326 : INFO : ConfigProcessor : Loading config from cache: C:\Users\tl\AppData\Local\Temp\2904ce8d8b78981642dc8b63141b390e.mpf_cache
2026-06-11 22:18:53,327 : INFO : ConfigProcessor : Loading config from cache: C:\Users\tl\AppData\Local\Temp\3ef5173c7a910a36727c66b6285f9c3e.mpf_cache
2026-06-11 22:18:53,328 : INFO : ConfigProcessor : Loading config from cache: C:\Users\tl\AppData\Local\Temp\1671f2a7e01818367d14934820caa625.mpf_cache
2026-06-11 22:18:53,328 : INFO : ConfigProcessor : Loading config from cache: C:\Users\tl\AppData\Local\Temp\f222a647edf3886b9afe02940fb5218b.mpf_cache
2026-06-11 22:18:53,329 : INFO : ConfigProcessor : Loading config from cache: C:\Users\tl\AppData\Local\Temp\2856cb3dd9823be7f227bcd3e9e74d9c.mpf_cache
2026-06-11 22:18:53,329 : INFO : ConfigProcessor : Loading config from cache: C:\Users\tl\AppData\Local\Temp\7bc597beac49bd83589c0f432d6df3a7.mpf_cache
2026-06-11 22:18:53,331 : INFO : Machine : Mission Pinball Framework Core Engine v0.80.0.dev12
2026-06-11 22:18:53,331 : INFO : Machine : Command line arguments: {'no_load_cache': False, 'create_config_cache': True, 'bcp': True, 'configfile': ['config.yaml'], 'force_assets_load': False, 'platform_integration_test': False, 'jsonlogging': False, 'logfile': 'logs\\2026-06-11-22-18-53-mpf-DESKTOP-HV85DRD.log', 'pause': False, 'production': False, 'text_ui': False, 'loglevel': 15, 'consoleloglevel': 20, 'force_platform': None, 'syslog_address': None, 'full_logfile_path': 'C:\\Users\\tl\\Documents\\tl-pinball\\logs\\2026-06-11-22-18-53-mpf-DESKTOP-HV85DRD.log'}
2026-06-11 22:18:53,331 : INFO : Machine : MPF path: C:\mpf\Lib\site-packages\mpf
2026-06-11 22:18:53,331 : INFO : Machine : Machine path: C:\Users\tl\Documents\tl-pinball
2026-06-11 22:18:53,331 : INFO : Machine : Platform: win32
2026-06-11 22:18:53,331 : INFO : Machine : Python executable location: C:\mpf\Scripts\python.exe
2026-06-11 22:18:53,331 : INFO : Machine : Python version: 3.12.7 (64-bit)
2026-06-11 22:18:53,334 : INFO : Machine : Initializing MPF...
2026-06-11 22:18:53,442 : INFO : FAST [NET] : Trying to connect to COM4 at 921600bps
2026-06-11 22:18:53,446 : INFO : FAST [NET] : Connected to COM4 at 921600bps
2026-06-11 22:18:53,463 : INFO : FAST [NET] : Connected to FP-CPU-2000 with firmware v02.26
2026-06-11 22:18:53,495 : INFO : FAST [NET] : Registered I/O Board 0: Model: FP-I/O-0024, Firmware: 01.10, Switches: 24, Drivers: 8
2026-06-11 22:18:53,510 : INFO : FAST [NET] : Registered I/O Board 1: Model: FP-I/O-1616, Firmware: 01.10, Switches: 16, Drivers: 16
2026-06-11 22:18:53,526 : INFO : FAST [NET] : Registered I/O Board 2: Model: FP-I/O-3208, Firmware: 01.10, Switches: 32, Drivers: 8
2026-06-11 22:18:53,542 : INFO : FAST [NET] : Registered I/O Board 3: Model: FP-I/O-1616, Firmware: 01.10, Switches: 16, Drivers: 16
2026-06-11 22:18:53,544 : INFO : FAST [EXP] : Trying to connect to COM5 at 921600bps
2026-06-11 22:18:53,549 : INFO : FAST [EXP] : Connected to COM5 at 921600bps
2026-06-11 22:18:53,558 : INFO : FAST [EXP] : Verifying hardware for EXP "ledneuron" (FP-EXP-2000, @48) with ID string "EXP FP-EXP-2000  0.42", board address 48
2026-06-11 22:18:53,574 : INFO : FAST [EXP] : Verifying hardware for EXP "ledneuron" (FP-EXP-2000, @48) with ID string "BRK FP-EXP-2000  0.42", board address 480
2026-06-11 22:18:53,606 : INFO : FAST [EXP] : Verifying hardware for EXP "ledpf1" (FP-EXP-0081, @84) with ID string "EXP FP-EXP-0081  0.38", board address 84
2026-06-11 22:18:53,621 : INFO : FAST [EXP] : Verifying hardware for EXP "ledpf1" (FP-EXP-0081, @84) with ID string "BRK FP-EXP-0081  0.38", board address 840
2026-06-11 22:18:53,637 : INFO : FAST [EXP] : Verifying hardware for EXP "ledpf1" (FP-EXP-0081, @84) with ID string "BRK FP-EXP-0081  0.38", board address 841
2026-06-11 22:18:53,669 : INFO : FAST [EXP] : Verifying hardware for EXP "ledpf2" (FP-EXP-0081, @85) with ID string "EXP FP-EXP-0081  0.48", board address 85
2026-06-11 22:18:53,685 : INFO : FAST [EXP] : Verifying hardware for EXP "ledpf2" (FP-EXP-0081, @85) with ID string "BRK FP-EXP-0081  0.48", board address 850
2026-06-11 22:18:53,701 : INFO : FAST [EXP] : Verifying hardware for EXP "ledpf2" (FP-EXP-0081, @85) with ID string "BRK FP-EXP-0081  0.48", board address 851
2026-06-11 22:18:53,718 : INFO : EventManager : Event: ======'machine_var_credits_string'====== Args={'value': 'FREE PLAY', 'prev_value': None, 'change': True}
2026-06-11 22:18:53,745 : INFO : EventManager : Event: ======'machine_var_master_volume'====== Args={'value': 0.5, 'prev_value': None, 'change': True}
2026-06-11 22:18:53,746 : INFO : EventManager : Event: ======'machine_var_player1_score'====== Args={'value': 1511006, 'prev_value': None, 'change': True}
2026-06-11 22:18:53,746 : INFO : EventManager : Event: ======'machine_var_last_game_score'====== Args={'value': 0, 'prev_value': None, 'change': True}
2026-06-11 22:18:53,746 : INFO : EventManager : Event: ======'machine_var_mpf_version'====== Args={'value': 'Mission Pinball Framework v0.80.0.dev12', 'prev_value': None, 'change': True}
2026-06-11 22:18:53,746 : INFO : EventManager : Event: ======'machine_var_mpf_extended_version'====== Args={'value': 'Mission Pinball Framework v0.80.0.dev12, Config version:6, Show version: 6, BCP version:1.1', 'prev_value': None, 'change': True}
2026-06-11 22:18:53,746 : INFO : EventManager : Event: ======'machine_var_python_version'====== Args={'value': '3.12.7', 'prev_value': None, 'change': True}
2026-06-11 22:18:53,776 : INFO : EventManager : Event: ======'machine_var_platform'====== Args={'value': 'Windows-10-10.0.19044-SP0', 'prev_value': None, 'change': True}
2026-06-11 22:18:53,776 : INFO : EventManager : Event: ======'machine_var_platform_system'====== Args={'value': 'Windows', 'prev_value': None, 'change': True}
2026-06-11 22:18:53,776 : INFO : EventManager : Event: ======'machine_var_platform_release'====== Args={'value': '10', 'prev_value': None, 'change': True}
2026-06-11 22:18:53,776 : INFO : EventManager : Event: ======'machine_var_platform_version'====== Args={'value': '10.0.19044', 'prev_value': None, 'change': True}
2026-06-11 22:18:53,776 : INFO : EventManager : Event: ======'machine_var_platform_machine'====== Args={'value': 'AMD64', 'prev_value': None, 'change': True}
2026-06-11 22:18:53,776 : INFO : EventManager : Event: ======'machine_var_log_file_path'====== Args={'value': 'C:\\Users\\tl\\Documents\\tl-pinball\\logs\\2026-06-11-22-18-53-mpf-DESKTOP-HV85DRD.log', 'prev_value': None, 'change': True}
2026-06-11 22:18:53,776 : INFO : EventManager : Event: ======'init_phase_1'====== Args={}
2026-06-11 22:18:53,926 : INFO : EventManager : Event: ======'drop_target_bank_dt_bank_1_4_up'====== Args={}
2026-06-11 22:18:53,927 : INFO : EventManager : Event: ======'drop_target_bank_dt_bank_5_7_up'====== Args={}
2026-06-11 22:18:56,518 : INFO : SwitchController : <<<<<<< 's_24_trough_1' active >>>>>>>
2026-06-11 22:18:56,518 : INFO : SwitchController : <<<<<<< 's_34_right_sling' active >>>>>>>
2026-06-11 22:18:56,518 : INFO : SwitchController : <<<<<<< 's_44_spinner_right' active >>>>>>>
2026-06-11 22:18:56,518 : INFO : SwitchController : <<<<<<< 's_71_spinner_left' active >>>>>>>
2026-06-11 22:18:56,518 : INFO : SwitchController : <<<<<<< 's_74_fourbank_drop_2' active >>>>>>>
2026-06-11 22:18:56,518 : INFO : SwitchController : <<<<<<< 's_75_fourbank_drop_3' active >>>>>>>
2026-06-11 22:18:56,518 : INFO : SwitchController : <<<<<<< 's_76_fourbank_drop_4' active >>>>>>>
2026-06-11 22:18:56,518 : INFO : SwitchController : <<<<<<< 's_77_threebank_drop_1' active >>>>>>>
2026-06-11 22:18:56,518 : INFO : SwitchController : <<<<<<< 's_78_threebank_drop_2' active >>>>>>>
2026-06-11 22:18:56,601 : INFO : EventManager : Event: ======'init_phase_2'====== Args={}
2026-06-11 22:18:56,602 : INFO : SwitchController : Found active switch: (40, [FAST Platform Interface]) <switch.s_24_trough_1>
2026-06-11 22:18:56,602 : INFO : SwitchController : Found active switch: (50, [FAST Platform Interface]) <switch.s_34_right_sling>
2026-06-11 22:18:56,602 : INFO : SwitchController : Found active switch: (60, [FAST Platform Interface]) <switch.s_44_spinner_right>
2026-06-11 22:18:56,602 : INFO : SwitchController : Found active switch: (39, [FAST Platform Interface]) <switch.s_71_spinner_left>
2026-06-11 22:18:56,602 : INFO : SwitchController : Found active switch: (74, [FAST Platform Interface]) <switch.s_74_fourbank_drop_2>
2026-06-11 22:18:56,602 : INFO : SwitchController : Found active switch: (75, [FAST Platform Interface]) <switch.s_75_fourbank_drop_3>
2026-06-11 22:18:56,602 : INFO : SwitchController : Found active switch: (76, [FAST Platform Interface]) <switch.s_76_fourbank_drop_4>
2026-06-11 22:18:56,602 : INFO : SwitchController : Found active switch: (77, [FAST Platform Interface]) <switch.s_77_threebank_drop_1>
2026-06-11 22:18:56,602 : INFO : SwitchController : Found active switch: (78, [FAST Platform Interface]) <switch.s_78_threebank_drop_2>
2026-06-11 22:18:56,612 : ERROR : asyncio : Exception in callback EventManager._queue_task_done(<Task finishe...alification')>)
handle: <Handle EventManager._queue_task_done(<Task finishe...alification')>)>
Traceback (most recent call last):
  File "C:\Users\tl\AppData\Local\Programs\Python\Python312\Lib\asyncio\events.py", line 88, in _run
    self._context.run(self._callback, *self._args)
  File "C:\mpf\Lib\site-packages\mpf\core\events.py", line 795, in _queue_task_done
    future.result()
  File "C:\mpf\Lib\site-packages\mpf\core\events.py", line 708, in _run_handlers_sequential
    handler.callback(queue=queue, **merged_kwargs)
  File "C:\mpf\Lib\site-packages\mpf\core\mode_controller.py", line 97, in initialize_modes
    item.method(config=mode.config[item.config_section],
  File "C:\mpf\Lib\site-packages\mpf\core\config_player.py", line 150, in process_mode_config
    config = self.validate_config(config)
             ^^^^^^^^^^^^^^^^^^^^^^^^^^^^
  File "C:\mpf\Lib\site-packages\mpf\core\config_player.py", line 113, in validate_config
    validated_config[event] = self.validate_config_entry(settings, event)
                              ^^^^^^^^^^^^^^^^^^^^^^^^^^^^^^^^^^^^^^^^^^^
  File "C:\mpf\Lib\site-packages\mpf\config_players\event_player.py", line 88, in validate_config_entry
    var = self._parse_and_validate_conditional(event, name)
          ^^^^^^^^^^^^^^^^^^^^^^^^^^^^^^^^^^^^^^^^^^^^^^^^^
  File "C:\mpf\Lib\site-packages\mpf\core\config_player.py", line 119, in _parse_and_validate_conditional
    var_conditional_event = self.machine.placeholder_manager.parse_conditional_template(key)
                            ^^^^^^^^^^^^^^^^^^^^^^^^^^^^^^^^^^^^^^^^^^^^^^^^^^^^^^^^^^^^^^^^
  File "C:\mpf\Lib\site-packages\mpf\core\placeholder_manager.py", line 873, in parse_conditional_template
    raise AssertionError("Invalid template string {}".format(template))
AssertionError: Invalid template string right_inlane_countdown_timer_expired resistance_qualification_failed resistance_waiting_for_qualification
2026-06-11 22:18:56,664 : INFO : Machine : Starting the main run loop with active modes: []
2026-06-11 22:18:56,664 : WARNING : Machine : Attract mode is not active, game will not be playable. Please check your attract mode configuration.
2026-06-11 22:18:56,667 : INFO : Machine : Shutting down...
2026-06-11 22:18:56,667 : INFO : EventManager : Event: ======'shutdown'====== Args={}
2026-06-11 22:18:57,762 : ERROR : Machine : Runtime Exception
Traceback (most recent call last):
  File "C:\mpf\Lib\site-packages\mpf\core\machine.py", line 810, in _run_loop
    raise self._exception['exception']
  File "C:\Users\tl\AppData\Local\Programs\Python\Python312\Lib\asyncio\events.py", line 88, in _run
    self._context.run(self._callback, *self._args)
  File "C:\mpf\Lib\site-packages\mpf\core\events.py", line 795, in _queue_task_done
    future.result()
  File "C:\mpf\Lib\site-packages\mpf\core\events.py", line 708, in _run_handlers_sequential
    handler.callback(queue=queue, **merged_kwargs)
  File "C:\mpf\Lib\site-packages\mpf\core\mode_controller.py", line 97, in initialize_modes
    item.method(config=mode.config[item.config_section],
  File "C:\mpf\Lib\site-packages\mpf\core\config_player.py", line 150, in process_mode_config
    config = self.validate_config(config)
             ^^^^^^^^^^^^^^^^^^^^^^^^^^^^
  File "C:\mpf\Lib\site-packages\mpf\core\config_player.py", line 113, in validate_config
    validated_config[event] = self.validate_config_entry(settings, event)
                              ^^^^^^^^^^^^^^^^^^^^^^^^^^^^^^^^^^^^^^^^^^^
  File "C:\mpf\Lib\site-packages\mpf\config_players\event_player.py", line 88, in validate_config_entry
    var = self._parse_and_validate_conditional(event, name)
          ^^^^^^^^^^^^^^^^^^^^^^^^^^^^^^^^^^^^^^^^^^^^^^^^^
  File "C:\mpf\Lib\site-packages\mpf\core\config_player.py", line 119, in _parse_and_validate_conditional
    var_conditional_event = self.machine.placeholder_manager.parse_conditional_template(key)
                            ^^^^^^^^^^^^^^^^^^^^^^^^^^^^^^^^^^^^^^^^^^^^^^^^^^^^^^^^^^^^^^^^
  File "C:\mpf\Lib\site-packages\mpf\core\placeholder_manager.py", line 873, in parse_conditional_template
    raise AssertionError("Invalid template string {}".format(template))
AssertionError: Invalid template string right_inlane_countdown_timer_expired resistance_qualification_failed resistance_waiting_for_qualification
2026-06-11 22:18:57,765 : INFO : root : MPF run loop ended.
